<?xml version="1.0" encoding="UTF-8"?>
<testsuite xmlns:xsi="http://www.w3.org/2001/XMLSchema-instance" xsi:noNamespaceSchemaLocation="https://maven.apache.org/surefire/maven-surefire-plugin/xsd/surefire-test-report.xsd" name="pro.abacus.javatutor.repository.JavaQuestionRepositoryTest" time="180.268" tests="6" errors="6" skipped="0" failures="0">
  <properties>
    <property name="sun.desktop" value="windows"/>
    <property name="awt.toolkit" value="sun.awt.windows.WToolkit"/>
    <property name="file.encoding.pkg" value="sun.io"/>
    <property name="java.specification.version" value="1.8"/>
    <property name="sun.cpu.isalist" value="amd64"/>
    <property name="sun.jnu.encoding" value="Cp1252"/>
    <property name="java.class.path" value="E:\java\repos\JavaTutorAPI\javatutor\target\test-classes;E:\java\repos\JavaTutorAPI\javatutor\target\classes;C:\Users\Maryna Savchenko\.m2\repository\org\springframework\boot\spring-boot-starter-web\2.0.2.RELEASE\spring-boot-starter-web-2.0.2.RELEASE.jar;C:\Users\Maryna Savchenko\.m2\repository\org\springframework\boot\spring-boot-starter\2.0.2.RELEASE\spring-boot-starter-2.0.2.RELEASE.jar;C:\Users\Maryna Savchenko\.m2\repository\javax\annotation\javax.annotation-api\1.3.2\javax.annotation-api-1.3.2.jar;C:\Users\Maryna Savchenko\.m2\repository\org\yaml\snakeyaml\1.19\snakeyaml-1.19.jar;C:\Users\Maryna Savchenko\.m2\repository\org\springframework\boot\spring-boot-starter-json\2.0.2.RELEASE\spring-boot-starter-json-2.0.2.RELEASE.jar;C:\Users\Maryna Savchenko\.m2\repository\com\fasterxml\jackson\core\jackson-databind\2.9.5\jackson-databind-2.9.5.jar;C:\Users\Maryna Savchenko\.m2\repository\com\fasterxml\jackson\core\jackson-annotations\2.9.0\jackson-annotations-2.9.0.jar;C:\Users\Maryna Savchenko\.m2\repository\com\fasterxml\jackson\core\jackson-core\2.9.5\jackson-core-2.9.5.jar;C:\Users\Maryna Savchenko\.m2\repository\com\fasterxml\jackson\datatype\jackson-datatype-jdk8\2.9.5\jackson-datatype-jdk8-2.9.5.jar;C:\Users\Maryna Savchenko\.m2\repository\com\fasterxml\jackson\datatype\jackson-datatype-jsr310\2.9.5\jackson-datatype-jsr310-2.9.5.jar;C:\Users\Maryna Savchenko\.m2\repository\com\fasterxml\jackson\module\jackson-module-parameter-names\2.9.5\jackson-module-parameter-names-2.9.5.jar;C:\Users\Maryna Savchenko\.m2\repository\org\springframework\boot\spring-boot-starter-tomcat\2.0.2.RELEASE\spring-boot-starter-tomcat-2.0.2.RELEASE.jar;C:\Users\Maryna Savchenko\.m2\repository\org\apache\tomcat\embed\tomcat-embed-websocket\8.5.31\tomcat-embed-websocket-8.5.31.jar;C:\Users\Maryna Savchenko\.m2\repository\org\hibernate\validator\hibernate-validator\6.0.9.Final\hibernate-validator-6.0.9.Final.jar;C:\Users\Maryna Savchenko\.m2\repository\javax\validation\validation-api\2.0.1.Final\validation-api-2.0.1.Final.jar;C:\Users\Maryna Savchenko\.m2\repository\org\jboss\logging\jboss-logging\3.3.2.Final\jboss-logging-3.3.2.Final.jar;C:\Users\Maryna Savchenko\.m2\repository\com\fasterxml\classmate\1.3.4\classmate-1.3.4.jar;C:\Users\Maryna Savchenko\.m2\repository\org\springframework\spring-web\5.0.6.RELEASE\spring-web-5.0.6.RELEASE.jar;C:\Users\Maryna Savchenko\.m2\repository\org\springframework\spring-beans\5.0.6.RELEASE\spring-beans-5.0.6.RELEASE.jar;C:\Users\Maryna Savchenko\.m2\repository\org\springframework\spring-webmvc\5.0.6.RELEASE\spring-webmvc-5.0.6.RELEASE.jar;C:\Users\Maryna Savchenko\.m2\repository\org\springframework\spring-context\5.0.6.RELEASE\spring-context-5.0.6.RELEASE.jar;C:\Users\Maryna Savchenko\.m2\repository\org\springframework\spring-expression\5.0.6.RELEASE\spring-expression-5.0.6.RELEASE.jar;C:\Users\Maryna Savchenko\.m2\repository\org\slf4j\jcl-over-slf4j\1.7.25\jcl-over-slf4j-1.7.25.jar;C:\Users\Maryna Savchenko\.m2\repository\org\slf4j\slf4j-api\1.7.25\slf4j-api-1.7.25.jar;C:\Users\Maryna Savchenko\.m2\repository\org\slf4j\jul-to-slf4j\1.7.25\jul-to-slf4j-1.7.25.jar;C:\Users\Maryna Savchenko\.m2\repository\org\slf4j\slf4j-log4j12\1.7.25\slf4j-log4j12-1.7.25.jar;C:\Users\Maryna Savchenko\.m2\repository\log4j\log4j\1.2.17\log4j-1.2.17.jar;C:\Users\Maryna Savchenko\.m2\repository\org\springframework\boot\spring-boot-starter-data-mongodb\2.0.2.RELEASE\spring-boot-starter-data-mongodb-2.0.2.RELEASE.jar;C:\Users\Maryna Savchenko\.m2\repository\org\mongodb\mongodb-driver\3.6.0\mongodb-driver-3.6.0.jar;C:\Users\Maryna Savchenko\.m2\repository\org\mongodb\bson\3.6.0\bson-3.6.0.jar;C:\Users\Maryna Savchenko\.m2\repository\org\mongodb\mongodb-driver-core\3.6.0\mongodb-driver-core-3.6.0.jar;C:\Users\Maryna Savchenko\.m2\repository\org\springframework\data\spring-data-mongodb\2.0.7.RELEASE\spring-data-mongodb-2.0.7.RELEASE.jar;C:\Users\Maryna Savchenko\.m2\repository\org\springframework\spring-tx\5.0.6.RELEASE\spring-tx-5.0.6.RELEASE.jar;C:\Users\Maryna Savchenko\.m2\repository\org\springframework\data\spring-data-commons\2.0.7.RELEASE\spring-data-commons-2.0.7.RELEASE.jar;C:\Users\Maryna Savchenko\.m2\repository\org\springframework\boot\spring-boot-starter-actuator\2.0.2.RELEASE\spring-boot-starter-actuator-2.0.2.RELEASE.jar;C:\Users\Maryna Savchenko\.m2\repository\org\springframework\boot\spring-boot-actuator-autoconfigure\2.0.2.RELEASE\spring-boot-actuator-autoconfigure-2.0.2.RELEASE.jar;C:\Users\Maryna Savchenko\.m2\repository\org\springframework\boot\spring-boot-actuator\2.0.2.RELEASE\spring-boot-actuator-2.0.2.RELEASE.jar;C:\Users\Maryna Savchenko\.m2\repository\io\micrometer\micrometer-core\1.0.4\micrometer-core-1.0.4.jar;C:\Users\Maryna Savchenko\.m2\repository\org\hdrhistogram\HdrHistogram\2.1.10\HdrHistogram-2.1.10.jar;C:\Users\Maryna Savchenko\.m2\repository\org\latencyutils\LatencyUtils\2.0.3\LatencyUtils-2.0.3.jar;C:\Users\Maryna Savchenko\.m2\repository\org\springframework\boot\spring-boot-starter-security\2.0.2.RELEASE\spring-boot-starter-security-2.0.2.RELEASE.jar;C:\Users\Maryna Savchenko\.m2\repository\org\springframework\spring-aop\5.0.6.RELEASE\spring-aop-5.0.6.RELEASE.jar;C:\Users\Maryna Savchenko\.m2\repository\org\springframework\security\spring-security-config\5.0.5.RELEASE\spring-security-config-5.0.5.RELEASE.jar;C:\Users\Maryna Savchenko\.m2\repository\org\springframework\security\spring-security-web\5.0.5.RELEASE\spring-security-web-5.0.5.RELEASE.jar;C:\Users\Maryna Savchenko\.m2\repository\org\springframework\security\spring-security-test\5.0.5.RELEASE\spring-security-test-5.0.5.RELEASE.jar;C:\Users\Maryna Savchenko\.m2\repository\org\springframework\security\spring-security-core\5.0.5.RELEASE\spring-security-core-5.0.5.RELEASE.jar;C:\Users\Maryna Savchenko\.m2\repository\org\springframework\spring-core\5.0.6.RELEASE\spring-core-5.0.6.RELEASE.jar;C:\Users\Maryna Savchenko\.m2\repository\org\springframework\spring-jcl\5.0.6.RELEASE\spring-jcl-5.0.6.RELEASE.jar;C:\Users\Maryna Savchenko\.m2\repository\org\springframework\spring-test\5.0.6.RELEASE\spring-test-5.0.6.RELEASE.jar;C:\Users\Maryna Savchenko\.m2\repository\org\springframework\boot\spring-boot-devtools\2.0.2.RELEASE\spring-boot-devtools-2.0.2.RELEASE.jar;C:\Users\Maryna Savchenko\.m2\repository\org\springframework\boot\spring-boot\2.0.2.RELEASE\spring-boot-2.0.2.RELEASE.jar;C:\Users\Maryna Savchenko\.m2\repository\org\springframework\boot\spring-boot-autoconfigure\2.0.2.RELEASE\spring-boot-autoconfigure-2.0.2.RELEASE.jar;C:\Users\Maryna Savchenko\.m2\repository\org\springframework\boot\spring-boot-starter-test\2.0.2.RELEASE\spring-boot-starter-test-2.0.2.RELEASE.jar;C:\Users\Maryna Savchenko\.m2\repository\org\springframework\boot\spring-boot-test\2.0.2.RELEASE\spring-boot-test-2.0.2.RELEASE.jar;C:\Users\Maryna Savchenko\.m2\repository\org\springframework\boot\spring-boot-test-autoconfigure\2.0.2.RELEASE\spring-boot-test-autoconfigure-2.0.2.RELEASE.jar;C:\Users\Maryna Savchenko\.m2\repository\com\jayway\jsonpath\json-path\2.4.0\json-path-2.4.0.jar;C:\Users\Maryna Savchenko\.m2\repository\net\minidev\json-smart\2.3\json-smart-2.3.jar;C:\Users\Maryna Savchenko\.m2\repository\net\minidev\accessors-smart\1.2\accessors-smart-1.2.jar;C:\Users\Maryna Savchenko\.m2\repository\org\ow2\asm\asm\5.0.4\asm-5.0.4.jar;C:\Users\Maryna Savchenko\.m2\repository\org\assertj\assertj-core\3.9.1\assertj-core-3.9.1.jar;C:\Users\Maryna Savchenko\.m2\repository\org\mockito\mockito-core\2.15.0\mockito-core-2.15.0.jar;C:\Users\Maryna Savchenko\.m2\repository\net\bytebuddy\byte-buddy\1.7.11\byte-buddy-1.7.11.jar;C:\Users\Maryna Savchenko\.m2\repository\net\bytebuddy\byte-buddy-agent\1.7.11\byte-buddy-agent-1.7.11.jar;C:\Users\Maryna Savchenko\.m2\repository\org\objenesis\objenesis\2.6\objenesis-2.6.jar;C:\Users\Maryna Savchenko\.m2\repository\org\hamcrest\hamcrest-core\1.3\hamcrest-core-1.3.jar;C:\Users\Maryna Savchenko\.m2\repository\org\hamcrest\hamcrest-library\1.3\hamcrest-library-1.3.jar;C:\Users\Maryna Savchenko\.m2\repository\org\skyscreamer\jsonassert\1.5.0\jsonassert-1.5.0.jar;C:\Users\Maryna Savchenko\.m2\repository\com\vaadin\external\google\android-json\0.0.20131108.vaadin1\android-json-0.0.20131108.vaadin1.jar;C:\Users\Maryna Savchenko\.m2\repository\org\xmlunit\xmlunit-core\2.5.1\xmlunit-core-2.5.1.jar;C:\Users\Maryna Savchenko\.m2\repository\pl\pragmatists\JUnitParams\1.1.1\JUnitParams-1.1.1.jar;C:\Users\Maryna Savchenko\.m2\repository\org\apache\tomcat\embed\tomcat-embed-jasper\8.5.31\tomcat-embed-jasper-8.5.31.jar;C:\Users\Maryna Savchenko\.m2\repository\org\apache\tomcat\embed\tomcat-embed-core\8.5.31\tomcat-embed-core-8.5.31.jar;C:\Users\Maryna Savchenko\.m2\repository\org\apache\tomcat\tomcat-annotations-api\8.5.31\tomcat-annotations-api-8.5.31.jar;C:\Users\Maryna Savchenko\.m2\repository\org\apache\tomcat\embed\tomcat-embed-el\8.5.31\tomcat-embed-el-8.5.31.jar;C:\Users\Maryna Savchenko\.m2\repository\org\eclipse\jdt\ecj\3.12.3\ecj-3.12.3.jar;C:\Users\Maryna Savchenko\.m2\repository\junit\junit\4.12\junit-4.12.jar;C:\Users\Maryna Savchenko\.m2\repository\org\projectlombok\lombok\1.16.20\lombok-1.16.20.jar;C:\Users\Maryna Savchenko\.m2\repository\org\projectlombok\lombok-maven-plugin\1.16.20.0\lombok-maven-plugin-1.16.20.0.jar;C:\Users\Maryna Savchenko\.m2\repository\org\apache\commons\commons-lang3\3.7\commons-lang3-3.7.jar;C:\Users\Maryna Savchenko\.m2\repository\org\sonatype\plexus\plexus-build-api\0.0.7\plexus-build-api-0.0.7.jar;C:\Users\Maryna Savchenko\.m2\repository\org\codehaus\plexus\plexus-utils\1.5.8\plexus-utils-1.5.8.jar;"/>
    <property name="java.vm.vendor" value="Oracle Corporation"/>
    <property name="sun.arch.data.model" value="64"/>
    <property name="user.variant" value=""/>
    <property name="java.vendor.url" value="http://java.oracle.com/"/>
    <property name="user.timezone" value=""/>
    <property name="user.country.format" value="UA"/>
    <property name="java.vm.specification.version" value="1.8"/>
    <property name="os.name" value="Windows 10"/>
    <property name="user.country" value="US"/>
    <property name="sun.java.launcher" value="SUN_STANDARD"/>
    <property name="sun.boot.library.path" value="C:\Program Files\Java\jdk1.8.0_131\jre\bin"/>
    <property name="sun.java.command" value="C:\Users\MARYNA~1\AppData\Local\Temp\surefire1244754544745437156\surefirebooter7935569149334272143.jar C:\Users\Maryna Savchenko\AppData\Local\Temp\surefire1244754544745437156 2018-10-11T10-37-06_854-jvmRun1 surefire6084229711424990350tmp surefire_01445494788152468973tmp"/>
    <property name="surefire.test.class.path" value="E:\java\repos\JavaTutorAPI\javatutor\target\test-classes;E:\java\repos\JavaTutorAPI\javatutor\target\classes;C:\Users\Maryna Savchenko\.m2\repository\org\springframework\boot\spring-boot-starter-web\2.0.2.RELEASE\spring-boot-starter-web-2.0.2.RELEASE.jar;C:\Users\Maryna Savchenko\.m2\repository\org\springframework\boot\spring-boot-starter\2.0.2.RELEASE\spring-boot-starter-2.0.2.RELEASE.jar;C:\Users\Maryna Savchenko\.m2\repository\javax\annotation\javax.annotation-api\1.3.2\javax.annotation-api-1.3.2.jar;C:\Users\Maryna Savchenko\.m2\repository\org\yaml\snakeyaml\1.19\snakeyaml-1.19.jar;C:\Users\Maryna Savchenko\.m2\repository\org\springframework\boot\spring-boot-starter-json\2.0.2.RELEASE\spring-boot-starter-json-2.0.2.RELEASE.jar;C:\Users\Maryna Savchenko\.m2\repository\com\fasterxml\jackson\core\jackson-databind\2.9.5\jackson-databind-2.9.5.jar;C:\Users\Maryna Savchenko\.m2\repository\com\fasterxml\jackson\core\jackson-annotations\2.9.0\jackson-annotations-2.9.0.jar;C:\Users\Maryna Savchenko\.m2\repository\com\fasterxml\jackson\core\jackson-core\2.9.5\jackson-core-2.9.5.jar;C:\Users\Maryna Savchenko\.m2\repository\com\fasterxml\jackson\datatype\jackson-datatype-jdk8\2.9.5\jackson-datatype-jdk8-2.9.5.jar;C:\Users\Maryna Savchenko\.m2\repository\com\fasterxml\jackson\datatype\jackson-datatype-jsr310\2.9.5\jackson-datatype-jsr310-2.9.5.jar;C:\Users\Maryna Savchenko\.m2\repository\com\fasterxml\jackson\module\jackson-module-parameter-names\2.9.5\jackson-module-parameter-names-2.9.5.jar;C:\Users\Maryna Savchenko\.m2\repository\org\springframework\boot\spring-boot-starter-tomcat\2.0.2.RELEASE\spring-boot-starter-tomcat-2.0.2.RELEASE.jar;C:\Users\Maryna Savchenko\.m2\repository\org\apache\tomcat\embed\tomcat-embed-websocket\8.5.31\tomcat-embed-websocket-8.5.31.jar;C:\Users\Maryna Savchenko\.m2\repository\org\hibernate\validator\hibernate-validator\6.0.9.Final\hibernate-validator-6.0.9.Final.jar;C:\Users\Maryna Savchenko\.m2\repository\javax\validation\validation-api\2.0.1.Final\validation-api-2.0.1.Final.jar;C:\Users\Maryna Savchenko\.m2\repository\org\jboss\logging\jboss-logging\3.3.2.Final\jboss-logging-3.3.2.Final.jar;C:\Users\Maryna Savchenko\.m2\repository\com\fasterxml\classmate\1.3.4\classmate-1.3.4.jar;C:\Users\Maryna Savchenko\.m2\repository\org\springframework\spring-web\5.0.6.RELEASE\spring-web-5.0.6.RELEASE.jar;C:\Users\Maryna Savchenko\.m2\repository\org\springframework\spring-beans\5.0.6.RELEASE\spring-beans-5.0.6.RELEASE.jar;C:\Users\Maryna Savchenko\.m2\repository\org\springframework\spring-webmvc\5.0.6.RELEASE\spring-webmvc-5.0.6.RELEASE.jar;C:\Users\Maryna Savchenko\.m2\repository\org\springframework\spring-context\5.0.6.RELEASE\spring-context-5.0.6.RELEASE.jar;C:\Users\Maryna Savchenko\.m2\repository\org\springframework\spring-expression\5.0.6.RELEASE\spring-expression-5.0.6.RELEASE.jar;C:\Users\Maryna Savchenko\.m2\repository\org\slf4j\jcl-over-slf4j\1.7.25\jcl-over-slf4j-1.7.25.jar;C:\Users\Maryna Savchenko\.m2\repository\org\slf4j\slf4j-api\1.7.25\slf4j-api-1.7.25.jar;C:\Users\Maryna Savchenko\.m2\repository\org\slf4j\jul-to-slf4j\1.7.25\jul-to-slf4j-1.7.25.jar;C:\Users\Maryna Savchenko\.m2\repository\org\slf4j\slf4j-log4j12\1.7.25\slf4j-log4j12-1.7.25.jar;C:\Users\Maryna Savchenko\.m2\repository\log4j\log4j\1.2.17\log4j-1.2.17.jar;C:\Users\Maryna Savchenko\.m2\repository\org\springframework\boot\spring-boot-starter-data-mongodb\2.0.2.RELEASE\spring-boot-starter-data-mongodb-2.0.2.RELEASE.jar;C:\Users\Maryna Savchenko\.m2\repository\org\mongodb\mongodb-driver\3.6.0\mongodb-driver-3.6.0.jar;C:\Users\Maryna Savchenko\.m2\repository\org\mongodb\bson\3.6.0\bson-3.6.0.jar;C:\Users\Maryna Savchenko\.m2\repository\org\mongodb\mongodb-driver-core\3.6.0\mongodb-driver-core-3.6.0.jar;C:\Users\Maryna Savchenko\.m2\repository\org\springframework\data\spring-data-mongodb\2.0.7.RELEASE\spring-data-mongodb-2.0.7.RELEASE.jar;C:\Users\Maryna Savchenko\.m2\repository\org\springframework\spring-tx\5.0.6.RELEASE\spring-tx-5.0.6.RELEASE.jar;C:\Users\Maryna Savchenko\.m2\repository\org\springframework\data\spring-data-commons\2.0.7.RELEASE\spring-data-commons-2.0.7.RELEASE.jar;C:\Users\Maryna Savchenko\.m2\repository\org\springframework\boot\spring-boot-starter-actuator\2.0.2.RELEASE\spring-boot-starter-actuator-2.0.2.RELEASE.jar;C:\Users\Maryna Savchenko\.m2\repository\org\springframework\boot\spring-boot-actuator-autoconfigure\2.0.2.RELEASE\spring-boot-actuator-autoconfigure-2.0.2.RELEASE.jar;C:\Users\Maryna Savchenko\.m2\repository\org\springframework\boot\spring-boot-actuator\2.0.2.RELEASE\spring-boot-actuator-2.0.2.RELEASE.jar;C:\Users\Maryna Savchenko\.m2\repository\io\micrometer\micrometer-core\1.0.4\micrometer-core-1.0.4.jar;C:\Users\Maryna Savchenko\.m2\repository\org\hdrhistogram\HdrHistogram\2.1.10\HdrHistogram-2.1.10.jar;C:\Users\Maryna Savchenko\.m2\repository\org\latencyutils\LatencyUtils\2.0.3\LatencyUtils-2.0.3.jar;C:\Users\Maryna Savchenko\.m2\repository\org\springframework\boot\spring-boot-starter-security\2.0.2.RELEASE\spring-boot-starter-security-2.0.2.RELEASE.jar;C:\Users\Maryna Savchenko\.m2\repository\org\springframework\spring-aop\5.0.6.RELEASE\spring-aop-5.0.6.RELEASE.jar;C:\Users\Maryna Savchenko\.m2\repository\org\springframework\security\spring-security-config\5.0.5.RELEASE\spring-security-config-5.0.5.RELEASE.jar;C:\Users\Maryna Savchenko\.m2\repository\org\springframework\security\spring-security-web\5.0.5.RELEASE\spring-security-web-5.0.5.RELEASE.jar;C:\Users\Maryna Savchenko\.m2\repository\org\springframework\security\spring-security-test\5.0.5.RELEASE\spring-security-test-5.0.5.RELEASE.jar;C:\Users\Maryna Savchenko\.m2\repository\org\springframework\security\spring-security-core\5.0.5.RELEASE\spring-security-core-5.0.5.RELEASE.jar;C:\Users\Maryna Savchenko\.m2\repository\org\springframework\spring-core\5.0.6.RELEASE\spring-core-5.0.6.RELEASE.jar;C:\Users\Maryna Savchenko\.m2\repository\org\springframework\spring-jcl\5.0.6.RELEASE\spring-jcl-5.0.6.RELEASE.jar;C:\Users\Maryna Savchenko\.m2\repository\org\springframework\spring-test\5.0.6.RELEASE\spring-test-5.0.6.RELEASE.jar;C:\Users\Maryna Savchenko\.m2\repository\org\springframework\boot\spring-boot-devtools\2.0.2.RELEASE\spring-boot-devtools-2.0.2.RELEASE.jar;C:\Users\Maryna Savchenko\.m2\repository\org\springframework\boot\spring-boot\2.0.2.RELEASE\spring-boot-2.0.2.RELEASE.jar;C:\Users\Maryna Savchenko\.m2\repository\org\springframework\boot\spring-boot-autoconfigure\2.0.2.RELEASE\spring-boot-autoconfigure-2.0.2.RELEASE.jar;C:\Users\Maryna Savchenko\.m2\repository\org\springframework\boot\spring-boot-starter-test\2.0.2.RELEASE\spring-boot-starter-test-2.0.2.RELEASE.jar;C:\Users\Maryna Savchenko\.m2\repository\org\springframework\boot\spring-boot-test\2.0.2.RELEASE\spring-boot-test-2.0.2.RELEASE.jar;C:\Users\Maryna Savchenko\.m2\repository\org\springframework\boot\spring-boot-test-autoconfigure\2.0.2.RELEASE\spring-boot-test-autoconfigure-2.0.2.RELEASE.jar;C:\Users\Maryna Savchenko\.m2\repository\com\jayway\jsonpath\json-path\2.4.0\json-path-2.4.0.jar;C:\Users\Maryna Savchenko\.m2\repository\net\minidev\json-smart\2.3\json-smart-2.3.jar;C:\Users\Maryna Savchenko\.m2\repository\net\minidev\accessors-smart\1.2\accessors-smart-1.2.jar;C:\Users\Maryna Savchenko\.m2\repository\org\ow2\asm\asm\5.0.4\asm-5.0.4.jar;C:\Users\Maryna Savchenko\.m2\repository\org\assertj\assertj-core\3.9.1\assertj-core-3.9.1.jar;C:\Users\Maryna Savchenko\.m2\repository\org\mockito\mockito-core\2.15.0\mockito-core-2.15.0.jar;C:\Users\Maryna Savchenko\.m2\repository\net\bytebuddy\byte-buddy\1.7.11\byte-buddy-1.7.11.jar;C:\Users\Maryna Savchenko\.m2\repository\net\bytebuddy\byte-buddy-agent\1.7.11\byte-buddy-agent-1.7.11.jar;C:\Users\Maryna Savchenko\.m2\repository\org\objenesis\objenesis\2.6\objenesis-2.6.jar;C:\Users\Maryna Savchenko\.m2\repository\org\hamcrest\hamcrest-core\1.3\hamcrest-core-1.3.jar;C:\Users\Maryna Savchenko\.m2\repository\org\hamcrest\hamcrest-library\1.3\hamcrest-library-1.3.jar;C:\Users\Maryna Savchenko\.m2\repository\org\skyscreamer\jsonassert\1.5.0\jsonassert-1.5.0.jar;C:\Users\Maryna Savchenko\.m2\repository\com\vaadin\external\google\android-json\0.0.20131108.vaadin1\android-json-0.0.20131108.vaadin1.jar;C:\Users\Maryna Savchenko\.m2\repository\org\xmlunit\xmlunit-core\2.5.1\xmlunit-core-2.5.1.jar;C:\Users\Maryna Savchenko\.m2\repository\pl\pragmatists\JUnitParams\1.1.1\JUnitParams-1.1.1.jar;C:\Users\Maryna Savchenko\.m2\repository\org\apache\tomcat\embed\tomcat-embed-jasper\8.5.31\tomcat-embed-jasper-8.5.31.jar;C:\Users\Maryna Savchenko\.m2\repository\org\apache\tomcat\embed\tomcat-embed-core\8.5.31\tomcat-embed-core-8.5.31.jar;C:\Users\Maryna Savchenko\.m2\repository\org\apache\tomcat\tomcat-annotations-api\8.5.31\tomcat-annotations-api-8.5.31.jar;C:\Users\Maryna Savchenko\.m2\repository\org\apache\tomcat\embed\tomcat-embed-el\8.5.31\tomcat-embed-el-8.5.31.jar;C:\Users\Maryna Savchenko\.m2\repository\org\eclipse\jdt\ecj\3.12.3\ecj-3.12.3.jar;C:\Users\Maryna Savchenko\.m2\repository\junit\junit\4.12\junit-4.12.jar;C:\Users\Maryna Savchenko\.m2\repository\org\projectlombok\lombok\1.16.20\lombok-1.16.20.jar;C:\Users\Maryna Savchenko\.m2\repository\org\projectlombok\lombok-maven-plugin\1.16.20.0\lombok-maven-plugin-1.16.20.0.jar;C:\Users\Maryna Savchenko\.m2\repository\org\apache\commons\commons-lang3\3.7\commons-lang3-3.7.jar;C:\Users\Maryna Savchenko\.m2\repository\org\sonatype\plexus\plexus-build-api\0.0.7\plexus-build-api-0.0.7.jar;C:\Users\Maryna Savchenko\.m2\repository\org\codehaus\plexus\plexus-utils\1.5.8\plexus-utils-1.5.8.jar;"/>
    <property name="sun.cpu.endian" value="little"/>
    <property name="user.home" value="C:\Users\Maryna Savchenko"/>
    <property name="user.language" value="en"/>
    <property name="java.specification.vendor" value="Oracle Corporation"/>
    <property name="java.home" value="C:\Program Files\Java\jdk1.8.0_131\jre"/>
    <property name="basedir" value="E:\java\repos\JavaTutorAPI\javatutor"/>
    <property name="file.separator" value="\"/>
    <property name="line.separator" value="&#10;"/>
    <property name="java.vm.specification.vendor" value="Oracle Corporation"/>
    <property name="java.specification.name" value="Java Platform API Specification"/>
    <property name="java.awt.graphicsenv" value="sun.awt.Win32GraphicsEnvironment"/>
    <property name="surefire.real.class.path" value="C:\Users\MARYNA~1\AppData\Local\Temp\surefire1244754544745437156\surefirebooter7935569149334272143.jar"/>
    <property name="sun.boot.class.path" value="C:\Program Files\Java\jdk1.8.0_131\jre\lib\resources.jar;C:\Program Files\Java\jdk1.8.0_131\jre\lib\rt.jar;C:\Program Files\Java\jdk1.8.0_131\jre\lib\sunrsasign.jar;C:\Program Files\Java\jdk1.8.0_131\jre\lib\jsse.jar;C:\Program Files\Java\jdk1.8.0_131\jre\lib\jce.jar;C:\Program Files\Java\jdk1.8.0_131\jre\lib\charsets.jar;C:\Program Files\Java\jdk1.8.0_131\jre\lib\jfr.jar;C:\Program Files\Java\jdk1.8.0_131\jre\classes"/>
    <property name="user.script" value=""/>
    <property name="sun.management.compiler" value="HotSpot 64-Bit Tiered Compilers"/>
    <property name="java.runtime.version" value="1.8.0_131-b11"/>
    <property name="user.name" value="Maryna Savchenko"/>
    <property name="path.separator" value=";"/>
    <property name="os.version" value="10.0"/>
    <property name="java.endorsed.dirs" value="C:\Program Files\Java\jdk1.8.0_131\jre\lib\endorsed"/>
    <property name="java.runtime.name" value="Java(TM) SE Runtime Environment"/>
    <property name="file.encoding" value="Cp1252"/>
    <property name="java.vm.name" value="Java HotSpot(TM) 64-Bit Server VM"/>
    <property name="localRepository" value="C:\Users\Maryna Savchenko\.m2\repository"/>
    <property name="java.vendor.url.bug" value="http://bugreport.sun.com/bugreport/"/>
    <property name="java.io.tmpdir" value="C:\Users\MARYNA~1\AppData\Local\Temp\"/>
    <property name="java.version" value="1.8.0_131"/>
    <property name="user.dir" value="E:\java\repos\JavaTutorAPI\javatutor"/>
    <property name="os.arch" value="amd64"/>
    <property name="java.vm.specification.name" value="Java Virtual Machine Specification"/>
    <property name="java.awt.printerjob" value="sun.awt.windows.WPrinterJob"/>
    <property name="user.language.format" value="uk"/>
    <property name="sun.os.patch.level" value=""/>
    <property name="java.library.path" value="C:\Program Files\Java\jdk1.8.0_131\jre\bin;C:\WINDOWS\Sun\Java\bin;C:\WINDOWS\system32;C:\WINDOWS;C:\Users\Maryna Savchenko\bin;C:\Program Files\Git\mingw64\bin;C:\Program Files\Git\usr\local\bin;C:\Program Files\Git\usr\bin;C:\Program Files\Git\usr\bin;C:\Program Files\Git\mingw64\bin;C:\Program Files\Git\usr\bin;C:\Users\Maryna Savchenko\bin;C:\Program Files\Docker\Docker\Resources\bin;C:\ProgramData\Oracle\Java\javapath;C:\Program Files (x86)\Intel\TXE Components\TCS;C:\Program Files\Intel\TXE Components\TCS;C:\WINDOWS\system32;C:\WINDOWS;C:\WINDOWS\System32\Wbem;C:\WINDOWS\System32\WindowsPowerShell\v1.0;C:\Program Files\Intel\TXE Components\DAL;C:\Program Files (x86)\Intel\TXE Components\DAL;C:\Program Files\Intel\TXE Components\IPT;C:\Program Files (x86)\Intel\TXE Components\IPT;E:\java\apache-maven-3.5.0-bin\apache-maven-3.5.0\bin;C:\Program Files\Git\cmd;C:\Program Files\Java\jdk1.8.0_131\bin;C:\Program Files\MySQL\MySQL Utilities 1.6;C:\Program Files (x86)\bin;C:\Program Files (x86)\sbt\bin;C:\Program Files (x86)\Yarn\bin;C:\ProgramData\chocolatey\bin;C:\Program Files\nodejs;C:\Users\Maryna Savchenko\AppData\Local\Microsoft\WindowsApps;E:\java\spark-2.2.0-bin-hadoop2.7\bin;C:\Program Files\Java\jdk1.8.0_131\bin;C:\Program Files (x86)\sbt\bin;C:\winutils\bin;C:\Program Files\Docker Toolbox;C:\Users\Maryna Savchenko\AppData\Local\Yarn\bin;C:\Users\Maryna Savchenko\AppData\Roaming\npm;C:\Program Files\Git\usr\bin\vendor_perl;C:\Program Files\Git\usr\bin\core_perl;."/>
    <property name="java.vm.info" value="mixed mode"/>
    <property name="java.vendor" value="Oracle Corporation"/>
    <property name="java.vm.version" value="25.131-b11"/>
    <property name="java.ext.dirs" value="C:\Program Files\Java\jdk1.8.0_131\jre\lib\ext;C:\WINDOWS\Sun\Java\lib\ext"/>
    <property name="sun.io.unicode.encoding" value="UnicodeLittle"/>
    <property name="java.class.version" value="52.0"/>
  </properties>
  <testcase name="shouldLookUpQuestionsByAccount" classname="pro.abacus.javatutor.repository.JavaQuestionRepositoryTest" time="60.02">
    <error message="Timed out after 30000 ms while waiting to connect. Client view of cluster state is {type=UNKNOWN, servers=[{address=localhost:27017, type=UNKNOWN, state=CONNECTING, exception={com.mongodb.MongoSocketOpenException: Exception opening socket}, caused by {java.net.ConnectException: Connection refused: connect}}]; nested exception is com.mongodb.MongoTimeoutException: Timed out after 30000 ms while waiting to connect. Client view of cluster state is {type=UNKNOWN, servers=[{address=localhost:27017, type=UNKNOWN, state=CONNECTING, exception={com.mongodb.MongoSocketOpenException: Exception opening socket}, caused by {java.net.ConnectException: Connection refused: connect}}]" type="org.springframework.dao.DataAccessResourceFailureException">org.springframework.dao.DataAccessResourceFailureException: Timed out after 30000 ms while waiting to connect. Client view of cluster state is {type=UNKNOWN, servers=[{address=localhost:27017, type=UNKNOWN, state=CONNECTING, exception={com.mongodb.MongoSocketOpenException: Exception opening socket}, caused by {java.net.ConnectException: Connection refused: connect}}]; nested exception is com.mongodb.MongoTimeoutException: Timed out after 30000 ms while waiting to connect. Client view of cluster state is {type=UNKNOWN, servers=[{address=localhost:27017, type=UNKNOWN, state=CONNECTING, exception={com.mongodb.MongoSocketOpenException: Exception opening socket}, caused by {java.net.ConnectException: Connection refused: connect}}]
	at pro.abacus.javatutor.repository.JavaQuestionRepositoryTest.shouldLookUpQuestionsByAccount(JavaQuestionRepositoryTest.java:73)
Caused by: com.mongodb.MongoTimeoutException: Timed out after 30000 ms while waiting to connect. Client view of cluster state is {type=UNKNOWN, servers=[{address=localhost:27017, type=UNKNOWN, state=CONNECTING, exception={com.mongodb.MongoSocketOpenException: Exception opening socket}, caused by {java.net.ConnectException: Connection refused: connect}}]
	at pro.abacus.javatutor.repository.JavaQuestionRepositoryTest.shouldLookUpQuestionsByAccount(JavaQuestionRepositoryTest.java:73)
</error>
    <system-out><![CDATA[10:39:17,114 DEBUG org.springframework.test.context.junit4.SpringJUnit4ClassRunner:139 - SpringJUnit4ClassRunner constructor called with [class pro.abacus.javatutor.repository.JavaQuestionRepositoryTest]
10:39:17,114 DEBUG org.springframework.test.context.junit4.SpringJUnit4ClassRunner:139 - SpringJUnit4ClassRunner constructor called with [class pro.abacus.javatutor.repository.JavaQuestionRepositoryTest]
10:39:17,115 DEBUG org.springframework.test.context.BootstrapUtils:97 - Instantiating CacheAwareContextLoaderDelegate from class [org.springframework.test.context.cache.DefaultCacheAwareContextLoaderDelegate]
10:39:17,115 DEBUG org.springframework.test.context.BootstrapUtils:97 - Instantiating CacheAwareContextLoaderDelegate from class [org.springframework.test.context.cache.DefaultCacheAwareContextLoaderDelegate]
10:39:17,116 DEBUG org.springframework.test.context.BootstrapUtils:80 - Instantiating BootstrapContext using constructor [public org.springframework.test.context.support.DefaultBootstrapContext(java.lang.Class,org.springframework.test.context.CacheAwareContextLoaderDelegate)]
10:39:17,116 DEBUG org.springframework.test.context.BootstrapUtils:80 - Instantiating BootstrapContext using constructor [public org.springframework.test.context.support.DefaultBootstrapContext(java.lang.Class,org.springframework.test.context.CacheAwareContextLoaderDelegate)]
10:39:17,117 DEBUG org.springframework.test.context.BootstrapUtils:133 - Instantiating TestContextBootstrapper for test class [pro.abacus.javatutor.repository.JavaQuestionRepositoryTest] from class [org.springframework.boot.test.context.SpringBootTestContextBootstrapper]
10:39:17,117 DEBUG org.springframework.test.context.BootstrapUtils:133 - Instantiating TestContextBootstrapper for test class [pro.abacus.javatutor.repository.JavaQuestionRepositoryTest] from class [org.springframework.boot.test.context.SpringBootTestContextBootstrapper]
10:39:17,119 TRACE org.springframework.boot.test.context.SpringBootTestContextBootstrapper:488 - Resolving ContextLoader for context configuration attributes [ContextConfigurationAttributes@371cd2fc declaringClass = 'pro.abacus.javatutor.repository.JavaQuestionRepositoryTest', classes = '{}', locations = '{}', inheritLocations = false, initializers = '{}', inheritInitializers = true, name = [null], contextLoaderClass = 'org.springframework.test.context.ContextLoader']
10:39:17,119 TRACE org.springframework.boot.test.context.SpringBootTestContextBootstrapper:488 - Resolving ContextLoader for context configuration attributes [ContextConfigurationAttributes@371cd2fc declaringClass = 'pro.abacus.javatutor.repository.JavaQuestionRepositoryTest', classes = '{}', locations = '{}', inheritLocations = false, initializers = '{}', inheritInitializers = true, name = [null], contextLoaderClass = 'org.springframework.test.context.ContextLoader']
10:39:17,119 TRACE org.springframework.boot.test.context.SpringBootTestContextBootstrapper:454 - Using ContextLoader class [org.springframework.boot.test.context.SpringBootContextLoader] for test class [pro.abacus.javatutor.repository.JavaQuestionRepositoryTest]
10:39:17,119 TRACE org.springframework.boot.test.context.SpringBootTestContextBootstrapper:454 - Using ContextLoader class [org.springframework.boot.test.context.SpringBootContextLoader] for test class [pro.abacus.javatutor.repository.JavaQuestionRepositoryTest]
10:39:17,120  INFO org.springframework.boot.test.context.SpringBootTestContextBootstrapper:308 - Neither @ContextConfiguration nor @ContextHierarchy found for test class [pro.abacus.javatutor.repository.JavaQuestionRepositoryTest], using SpringBootContextLoader
10:39:17,120  INFO org.springframework.boot.test.context.SpringBootTestContextBootstrapper:308 - Neither @ContextConfiguration nor @ContextHierarchy found for test class [pro.abacus.javatutor.repository.JavaQuestionRepositoryTest], using SpringBootContextLoader
10:39:17,122 TRACE org.springframework.boot.test.context.SpringBootTestContextBootstrapper:488 - Resolving ContextLoader for context configuration attributes [ContextConfigurationAttributes@371cd2fc declaringClass = 'pro.abacus.javatutor.repository.JavaQuestionRepositoryTest', classes = '{}', locations = '{}', inheritLocations = false, initializers = '{}', inheritInitializers = true, name = [null], contextLoaderClass = 'org.springframework.test.context.ContextLoader']
10:39:17,122 TRACE org.springframework.boot.test.context.SpringBootTestContextBootstrapper:488 - Resolving ContextLoader for context configuration attributes [ContextConfigurationAttributes@371cd2fc declaringClass = 'pro.abacus.javatutor.repository.JavaQuestionRepositoryTest', classes = '{}', locations = '{}', inheritLocations = false, initializers = '{}', inheritInitializers = true, name = [null], contextLoaderClass = 'org.springframework.test.context.ContextLoader']
10:39:17,123 TRACE org.springframework.boot.test.context.SpringBootTestContextBootstrapper:454 - Using ContextLoader class [org.springframework.boot.test.context.SpringBootContextLoader] for test class [pro.abacus.javatutor.repository.JavaQuestionRepositoryTest]
10:39:17,123 TRACE org.springframework.boot.test.context.SpringBootTestContextBootstrapper:454 - Using ContextLoader class [org.springframework.boot.test.context.SpringBootContextLoader] for test class [pro.abacus.javatutor.repository.JavaQuestionRepositoryTest]
10:39:17,124 TRACE org.springframework.boot.test.context.SpringBootTestContextBootstrapper:355 - Processing locations and classes for context configuration attributes [ContextConfigurationAttributes@371cd2fc declaringClass = 'pro.abacus.javatutor.repository.JavaQuestionRepositoryTest', classes = '{}', locations = '{}', inheritLocations = false, initializers = '{}', inheritInitializers = true, name = [null], contextLoaderClass = 'org.springframework.test.context.ContextLoader']
10:39:17,124 TRACE org.springframework.boot.test.context.SpringBootTestContextBootstrapper:355 - Processing locations and classes for context configuration attributes [ContextConfigurationAttributes@371cd2fc declaringClass = 'pro.abacus.javatutor.repository.JavaQuestionRepositoryTest', classes = '{}', locations = '{}', inheritLocations = false, initializers = '{}', inheritInitializers = true, name = [null], contextLoaderClass = 'org.springframework.test.context.ContextLoader']
10:39:17,125 DEBUG org.springframework.test.context.support.AbstractContextLoader:258 - Did not detect default resource location for test class [pro.abacus.javatutor.repository.JavaQuestionRepositoryTest]: class path resource [pro/abacus/javatutor/repository/JavaQuestionRepositoryTest-context.xml] does not exist
10:39:17,125 DEBUG org.springframework.test.context.support.AbstractContextLoader:258 - Did not detect default resource location for test class [pro.abacus.javatutor.repository.JavaQuestionRepositoryTest]: class path resource [pro/abacus/javatutor/repository/JavaQuestionRepositoryTest-context.xml] does not exist
10:39:17,126 DEBUG org.springframework.test.context.support.AbstractContextLoader:258 - Did not detect default resource location for test class [pro.abacus.javatutor.repository.JavaQuestionRepositoryTest]: class path resource [pro/abacus/javatutor/repository/JavaQuestionRepositoryTestContext.groovy] does not exist
10:39:17,126 DEBUG org.springframework.test.context.support.AbstractContextLoader:258 - Did not detect default resource location for test class [pro.abacus.javatutor.repository.JavaQuestionRepositoryTest]: class path resource [pro/abacus/javatutor/repository/JavaQuestionRepositoryTestContext.groovy] does not exist
10:39:17,127  INFO org.springframework.test.context.support.AbstractContextLoader:264 - Could not detect default resource locations for test class [pro.abacus.javatutor.repository.JavaQuestionRepositoryTest]: no resource found for suffixes {-context.xml, Context.groovy}.
10:39:17,127  INFO org.springframework.test.context.support.AbstractContextLoader:264 - Could not detect default resource locations for test class [pro.abacus.javatutor.repository.JavaQuestionRepositoryTest]: no resource found for suffixes {-context.xml, Context.groovy}.
10:39:17,128  INFO org.springframework.test.context.support.AnnotationConfigContextLoaderUtils:83 - Could not detect default configuration classes for test class [pro.abacus.javatutor.repository.JavaQuestionRepositoryTest]: JavaQuestionRepositoryTest does not declare any static, non-private, non-final, nested classes annotated with @Configuration.
10:39:17,128  INFO org.springframework.test.context.support.AnnotationConfigContextLoaderUtils:83 - Could not detect default configuration classes for test class [pro.abacus.javatutor.repository.JavaQuestionRepositoryTest]: JavaQuestionRepositoryTest does not declare any static, non-private, non-final, nested classes annotated with @Configuration.
10:39:17,128 TRACE org.springframework.core.io.support.SpringFactoriesLoader:97 - Loaded [org.springframework.test.context.ContextCustomizerFactory] names: [org.springframework.test.context.web.socket.MockServerContainerContextCustomizerFactory, org.springframework.boot.test.context.ImportsContextCustomizerFactory, org.springframework.boot.test.context.filter.ExcludeFilterContextCustomizerFactory, org.springframework.boot.test.json.DuplicateJsonObjectContextCustomizerFactory, org.springframework.boot.test.mock.mockito.MockitoContextCustomizerFactory, org.springframework.boot.test.web.client.TestRestTemplateContextCustomizerFactory, org.springframework.boot.test.web.reactive.server.WebTestClientContextCustomizerFactory, org.springframework.boot.test.autoconfigure.OverrideAutoConfigurationContextCustomizerFactory, org.springframework.boot.test.autoconfigure.filter.TypeExcludeFiltersContextCustomizerFactory, org.springframework.boot.test.autoconfigure.properties.PropertyMappingContextCustomizerFactory, org.springframework.boot.test.autoconfigure.web.servlet.WebDriverContextCustomizerFactory]
10:39:17,128 TRACE org.springframework.core.io.support.SpringFactoriesLoader:97 - Loaded [org.springframework.test.context.ContextCustomizerFactory] names: [org.springframework.test.context.web.socket.MockServerContainerContextCustomizerFactory, org.springframework.boot.test.context.ImportsContextCustomizerFactory, org.springframework.boot.test.context.filter.ExcludeFilterContextCustomizerFactory, org.springframework.boot.test.json.DuplicateJsonObjectContextCustomizerFactory, org.springframework.boot.test.mock.mockito.MockitoContextCustomizerFactory, org.springframework.boot.test.web.client.TestRestTemplateContextCustomizerFactory, org.springframework.boot.test.web.reactive.server.WebTestClientContextCustomizerFactory, org.springframework.boot.test.autoconfigure.OverrideAutoConfigurationContextCustomizerFactory, org.springframework.boot.test.autoconfigure.filter.TypeExcludeFiltersContextCustomizerFactory, org.springframework.boot.test.autoconfigure.properties.PropertyMappingContextCustomizerFactory, org.springframework.boot.test.autoconfigure.web.servlet.WebDriverContextCustomizerFactory]
10:39:17,140 TRACE org.springframework.test.context.support.ApplicationContextInitializerUtils:73 - Processing context initializers for configuration attributes [ContextConfigurationAttributes@371cd2fc declaringClass = 'pro.abacus.javatutor.repository.JavaQuestionRepositoryTest', classes = '{}', locations = '{}', inheritLocations = false, initializers = '{}', inheritInitializers = true, name = [null], contextLoaderClass = 'org.springframework.test.context.ContextLoader']
10:39:17,140 TRACE org.springframework.test.context.support.ApplicationContextInitializerUtils:73 - Processing context initializers for configuration attributes [ContextConfigurationAttributes@371cd2fc declaringClass = 'pro.abacus.javatutor.repository.JavaQuestionRepositoryTest', classes = '{}', locations = '{}', inheritLocations = false, initializers = '{}', inheritInitializers = true, name = [null], contextLoaderClass = 'org.springframework.test.context.ContextLoader']
10:39:17,142 DEBUG org.springframework.test.context.support.ActiveProfilesUtils:79 - Could not find an 'annotation declaring class' for annotation type [org.springframework.test.context.ActiveProfiles] and class [pro.abacus.javatutor.repository.JavaQuestionRepositoryTest]
10:39:17,142 DEBUG org.springframework.test.context.support.ActiveProfilesUtils:79 - Could not find an 'annotation declaring class' for annotation type [org.springframework.test.context.ActiveProfiles] and class [pro.abacus.javatutor.repository.JavaQuestionRepositoryTest]
10:39:17,143 DEBUG org.springframework.core.env.StandardEnvironment:109 - Adding PropertySource 'systemProperties' with lowest search precedence
10:39:17,143 DEBUG org.springframework.core.env.StandardEnvironment:109 - Adding PropertySource 'systemProperties' with lowest search precedence
10:39:17,143 DEBUG org.springframework.core.env.StandardEnvironment:109 - Adding PropertySource 'systemEnvironment' with lowest search precedence
10:39:17,143 DEBUG org.springframework.core.env.StandardEnvironment:109 - Adding PropertySource 'systemEnvironment' with lowest search precedence
10:39:17,144 DEBUG org.springframework.core.env.StandardEnvironment:125 - Initialized StandardEnvironment with PropertySources [MapPropertySource@187885955 {name='systemProperties', properties={java.runtime.name=Java(TM) SE Runtime Environment, sun.boot.library.path=C:\Program Files\Java\jdk1.8.0_131\jre\bin, java.vm.version=25.131-b11, user.country.format=UA, java.vm.vendor=Oracle Corporation, java.vendor.url=http://java.oracle.com/, path.separator=;, java.vm.name=Java HotSpot(TM) 64-Bit Server VM, file.encoding.pkg=sun.io, user.country=US, user.script=, sun.java.launcher=SUN_STANDARD, sun.os.patch.level=, PID=5372, java.vm.specification.name=Java Virtual Machine Specification, user.dir=E:\java\repos\JavaTutorAPI\javatutor, java.runtime.version=1.8.0_131-b11, basedir=E:\java\repos\JavaTutorAPI\javatutor, java.awt.graphicsenv=sun.awt.Win32GraphicsEnvironment, java.endorsed.dirs=C:\Program Files\Java\jdk1.8.0_131\jre\lib\endorsed, os.arch=amd64, surefire.real.class.path=C:\Users\MARYNA~1\AppData\Local\Temp\surefire1244754544745437156\surefirebooter7935569149334272143.jar, java.io.tmpdir=C:\Users\MARYNA~1\AppData\Local\Temp\, line.separator=
, java.vm.specification.vendor=Oracle Corporation, user.variant=, os.name=Windows 10, sun.jnu.encoding=Cp1252, spring.beaninfo.ignore=true, java.library.path=C:\Program Files\Java\jdk1.8.0_131\jre\bin;C:\WINDOWS\Sun\Java\bin;C:\WINDOWS\system32;C:\WINDOWS;C:\Users\Maryna Savchenko\bin;C:\Program Files\Git\mingw64\bin;C:\Program Files\Git\usr\local\bin;C:\Program Files\Git\usr\bin;C:\Program Files\Git\usr\bin;C:\Program Files\Git\mingw64\bin;C:\Program Files\Git\usr\bin;C:\Users\Maryna Savchenko\bin;C:\Program Files\Docker\Docker\Resources\bin;C:\ProgramData\Oracle\Java\javapath;C:\Program Files (x86)\Intel\TXE Components\TCS;C:\Program Files\Intel\TXE Components\TCS;C:\WINDOWS\system32;C:\WINDOWS;C:\WINDOWS\System32\Wbem;C:\WINDOWS\System32\WindowsPowerShell\v1.0;C:\Program Files\Intel\TXE Components\DAL;C:\Program Files (x86)\Intel\TXE Components\DAL;C:\Program Files\Intel\TXE Components\IPT;C:\Program Files (x86)\Intel\TXE Components\IPT;E:\java\apache-maven-3.5.0-bin\apache-maven-3.5.0\bin;C:\Program Files\Git\cmd;C:\Program Files\Java\jdk1.8.0_131\bin;C:\Program Files\MySQL\MySQL Utilities 1.6;C:\Program Files (x86)\bin;C:\Program Files (x86)\sbt\bin;C:\Program Files (x86)\Yarn\bin;C:\ProgramData\chocolatey\bin;C:\Program Files\nodejs;C:\Users\Maryna Savchenko\AppData\Local\Microsoft\WindowsApps;E:\java\spark-2.2.0-bin-hadoop2.7\bin;C:\Program Files\Java\jdk1.8.0_131\bin;C:\Program Files (x86)\sbt\bin;C:\winutils\bin;C:\Program Files\Docker Toolbox;C:\Users\Maryna Savchenko\AppData\Local\Yarn\bin;C:\Users\Maryna Savchenko\AppData\Roaming\npm;C:\Program Files\Git\usr\bin\vendor_perl;C:\Program Files\Git\usr\bin\core_perl;., surefire.test.class.path=E:\java\repos\JavaTutorAPI\javatutor\target\test-classes;E:\java\repos\JavaTutorAPI\javatutor\target\classes;C:\Users\Maryna Savchenko\.m2\repository\org\springframework\boot\spring-boot-starter-web\2.0.2.RELEASE\spring-boot-starter-web-2.0.2.RELEASE.jar;C:\Users\Maryna Savchenko\.m2\repository\org\springframework\boot\spring-boot-starter\2.0.2.RELEASE\spring-boot-starter-2.0.2.RELEASE.jar;C:\Users\Maryna Savchenko\.m2\repository\javax\annotation\javax.annotation-api\1.3.2\javax.annotation-api-1.3.2.jar;C:\Users\Maryna Savchenko\.m2\repository\org\yaml\snakeyaml\1.19\snakeyaml-1.19.jar;C:\Users\Maryna Savchenko\.m2\repository\org\springframework\boot\spring-boot-starter-json\2.0.2.RELEASE\spring-boot-starter-json-2.0.2.RELEASE.jar;C:\Users\Maryna Savchenko\.m2\repository\com\fasterxml\jackson\core\jackson-databind\2.9.5\jackson-databind-2.9.5.jar;C:\Users\Maryna Savchenko\.m2\repository\com\fasterxml\jackson\core\jackson-annotations\2.9.0\jackson-annotations-2.9.0.jar;C:\Users\Maryna Savchenko\.m2\repository\com\fasterxml\jackson\core\jackson-core\2.9.5\jackson-core-2.9.5.jar;C:\Users\Maryna Savchenko\.m2\repository\com\fasterxml\jackson\datatype\jackson-datatype-jdk8\2.9.5\jackson-datatype-jdk8-2.9.5.jar;C:\Users\Maryna Savchenko\.m2\repository\com\fasterxml\jackson\datatype\jackson-datatype-jsr310\2.9.5\jackson-datatype-jsr310-2.9.5.jar;C:\Users\Maryna Savchenko\.m2\repository\com\fasterxml\jackson\module\jackson-module-parameter-names\2.9.5\jackson-module-parameter-names-2.9.5.jar;C:\Users\Maryna Savchenko\.m2\repository\org\springframework\boot\spring-boot-starter-tomcat\2.0.2.RELEASE\spring-boot-starter-tomcat-2.0.2.RELEASE.jar;C:\Users\Maryna Savchenko\.m2\repository\org\apache\tomcat\embed\tomcat-embed-websocket\8.5.31\tomcat-embed-websocket-8.5.31.jar;C:\Users\Maryna Savchenko\.m2\repository\org\hibernate\validator\hibernate-validator\6.0.9.Final\hibernate-validator-6.0.9.Final.jar;C:\Users\Maryna Savchenko\.m2\repository\javax\validation\validation-api\2.0.1.Final\validation-api-2.0.1.Final.jar;C:\Users\Maryna Savchenko\.m2\repository\org\jboss\logging\jboss-logging\3.3.2.Final\jboss-logging-3.3.2.Final.jar;C:\Users\Maryna Savchenko\.m2\repository\com\fasterxml\classmate\1.3.4\classmate-1.3.4.jar;C:\Users\Maryna Savchenko\.m2\repository\org\springframework\spring-web\5.0.6.RELEASE\spring-web-5.0.6.RELEASE.jar;C:\Users\Maryna Savchenko\.m2\repository\org\springframework\spring-beans\5.0.6.RELEASE\spring-beans-5.0.6.RELEASE.jar;C:\Users\Maryna Savchenko\.m2\repository\org\springframework\spring-webmvc\5.0.6.RELEASE\spring-webmvc-5.0.6.RELEASE.jar;C:\Users\Maryna Savchenko\.m2\repository\org\springframework\spring-context\5.0.6.RELEASE\spring-context-5.0.6.RELEASE.jar;C:\Users\Maryna Savchenko\.m2\repository\org\springframework\spring-expression\5.0.6.RELEASE\spring-expression-5.0.6.RELEASE.jar;C:\Users\Maryna Savchenko\.m2\repository\org\slf4j\jcl-over-slf4j\1.7.25\jcl-over-slf4j-1.7.25.jar;C:\Users\Maryna Savchenko\.m2\repository\org\slf4j\slf4j-api\1.7.25\slf4j-api-1.7.25.jar;C:\Users\Maryna Savchenko\.m2\repository\org\slf4j\jul-to-slf4j\1.7.25\jul-to-slf4j-1.7.25.jar;C:\Users\Maryna Savchenko\.m2\repository\org\slf4j\slf4j-log4j12\1.7.25\slf4j-log4j12-1.7.25.jar;C:\Users\Maryna Savchenko\.m2\repository\log4j\log4j\1.2.17\log4j-1.2.17.jar;C:\Users\Maryna Savchenko\.m2\repository\org\springframework\boot\spring-boot-starter-data-mongodb\2.0.2.RELEASE\spring-boot-starter-data-mongodb-2.0.2.RELEASE.jar;C:\Users\Maryna Savchenko\.m2\repository\org\mongodb\mongodb-driver\3.6.0\mongodb-driver-3.6.0.jar;C:\Users\Maryna Savchenko\.m2\repository\org\mongodb\bson\3.6.0\bson-3.6.0.jar;C:\Users\Maryna Savchenko\.m2\repository\org\mongodb\mongodb-driver-core\3.6.0\mongodb-driver-core-3.6.0.jar;C:\Users\Maryna Savchenko\.m2\repository\org\springframework\data\spring-data-mongodb\2.0.7.RELEASE\spring-data-mongodb-2.0.7.RELEASE.jar;C:\Users\Maryna Savchenko\.m2\repository\org\springframework\spring-tx\5.0.6.RELEASE\spring-tx-5.0.6.RELEASE.jar;C:\Users\Maryna Savchenko\.m2\repository\org\springframework\data\spring-data-commons\2.0.7.RELEASE\spring-data-commons-2.0.7.RELEASE.jar;C:\Users\Maryna Savchenko\.m2\repository\org\springframework\boot\spring-boot-starter-actuator\2.0.2.RELEASE\spring-boot-starter-actuator-2.0.2.RELEASE.jar;C:\Users\Maryna Savchenko\.m2\repository\org\springframework\boot\spring-boot-actuator-autoconfigure\2.0.2.RELEASE\spring-boot-actuator-autoconfigure-2.0.2.RELEASE.jar;C:\Users\Maryna Savchenko\.m2\repository\org\springframework\boot\spring-boot-actuator\2.0.2.RELEASE\spring-boot-actuator-2.0.2.RELEASE.jar;C:\Users\Maryna Savchenko\.m2\repository\io\micrometer\micrometer-core\1.0.4\micrometer-core-1.0.4.jar;C:\Users\Maryna Savchenko\.m2\repository\org\hdrhistogram\HdrHistogram\2.1.10\HdrHistogram-2.1.10.jar;C:\Users\Maryna Savchenko\.m2\repository\org\latencyutils\LatencyUtils\2.0.3\LatencyUtils-2.0.3.jar;C:\Users\Maryna Savchenko\.m2\repository\org\springframework\boot\spring-boot-starter-security\2.0.2.RELEASE\spring-boot-starter-security-2.0.2.RELEASE.jar;C:\Users\Maryna Savchenko\.m2\repository\org\springframework\spring-aop\5.0.6.RELEASE\spring-aop-5.0.6.RELEASE.jar;C:\Users\Maryna Savchenko\.m2\repository\org\springframework\security\spring-security-config\5.0.5.RELEASE\spring-security-config-5.0.5.RELEASE.jar;C:\Users\Maryna Savchenko\.m2\repository\org\springframework\security\spring-security-web\5.0.5.RELEASE\spring-security-web-5.0.5.RELEASE.jar;C:\Users\Maryna Savchenko\.m2\repository\org\springframework\security\spring-security-test\5.0.5.RELEASE\spring-security-test-5.0.5.RELEASE.jar;C:\Users\Maryna Savchenko\.m2\repository\org\springframework\security\spring-security-core\5.0.5.RELEASE\spring-security-core-5.0.5.RELEASE.jar;C:\Users\Maryna Savchenko\.m2\repository\org\springframework\spring-core\5.0.6.RELEASE\spring-core-5.0.6.RELEASE.jar;C:\Users\Maryna Savchenko\.m2\repository\org\springframework\spring-jcl\5.0.6.RELEASE\spring-jcl-5.0.6.RELEASE.jar;C:\Users\Maryna Savchenko\.m2\repository\org\springframework\spring-test\5.0.6.RELEASE\spring-test-5.0.6.RELEASE.jar;C:\Users\Maryna Savchenko\.m2\repository\org\springframework\boot\spring-boot-devtools\2.0.2.RELEASE\spring-boot-devtools-2.0.2.RELEASE.jar;C:\Users\Maryna Savchenko\.m2\repository\org\springframework\boot\spring-boot\2.0.2.RELEASE\spring-boot-2.0.2.RELEASE.jar;C:\Users\Maryna Savchenko\.m2\repository\org\springframework\boot\spring-boot-autoconfigure\2.0.2.RELEASE\spring-boot-autoconfigure-2.0.2.RELEASE.jar;C:\Users\Maryna Savchenko\.m2\repository\org\springframework\boot\spring-boot-starter-test\2.0.2.RELEASE\spring-boot-starter-test-2.0.2.RELEASE.jar;C:\Users\Maryna Savchenko\.m2\repository\org\springframework\boot\spring-boot-test\2.0.2.RELEASE\spring-boot-test-2.0.2.RELEASE.jar;C:\Users\Maryna Savchenko\.m2\repository\org\springframework\boot\spring-boot-test-autoconfigure\2.0.2.RELEASE\spring-boot-test-autoconfigure-2.0.2.RELEASE.jar;C:\Users\Maryna Savchenko\.m2\repository\com\jayway\jsonpath\json-path\2.4.0\json-path-2.4.0.jar;C:\Users\Maryna Savchenko\.m2\repository\net\minidev\json-smart\2.3\json-smart-2.3.jar;C:\Users\Maryna Savchenko\.m2\repository\net\minidev\accessors-smart\1.2\accessors-smart-1.2.jar;C:\Users\Maryna Savchenko\.m2\repository\org\ow2\asm\asm\5.0.4\asm-5.0.4.jar;C:\Users\Maryna Savchenko\.m2\repository\org\assertj\assertj-core\3.9.1\assertj-core-3.9.1.jar;C:\Users\Maryna Savchenko\.m2\repository\org\mockito\mockito-core\2.15.0\mockito-core-2.15.0.jar;C:\Users\Maryna Savchenko\.m2\repository\net\bytebuddy\byte-buddy\1.7.11\byte-buddy-1.7.11.jar;C:\Users\Maryna Savchenko\.m2\repository\net\bytebuddy\byte-buddy-agent\1.7.11\byte-buddy-agent-1.7.11.jar;C:\Users\Maryna Savchenko\.m2\repository\org\objenesis\objenesis\2.6\objenesis-2.6.jar;C:\Users\Maryna Savchenko\.m2\repository\org\hamcrest\hamcrest-core\1.3\hamcrest-core-1.3.jar;C:\Users\Maryna Savchenko\.m2\repository\org\hamcrest\hamcrest-library\1.3\hamcrest-library-1.3.jar;C:\Users\Maryna Savchenko\.m2\repository\org\skyscreamer\jsonassert\1.5.0\jsonassert-1.5.0.jar;C:\Users\Maryna Savchenko\.m2\repository\com\vaadin\external\google\android-json\0.0.20131108.vaadin1\android-json-0.0.20131108.vaadin1.jar;C:\Users\Maryna Savchenko\.m2\repository\org\xmlunit\xmlunit-core\2.5.1\xmlunit-core-2.5.1.jar;C:\Users\Maryna Savchenko\.m2\repository\pl\pragmatists\JUnitParams\1.1.1\JUnitParams-1.1.1.jar;C:\Users\Maryna Savchenko\.m2\repository\org\apache\tomcat\embed\tomcat-embed-jasper\8.5.31\tomcat-embed-jasper-8.5.31.jar;C:\Users\Maryna Savchenko\.m2\repository\org\apache\tomcat\embed\tomcat-embed-core\8.5.31\tomcat-embed-core-8.5.31.jar;C:\Users\Maryna Savchenko\.m2\repository\org\apache\tomcat\tomcat-annotations-api\8.5.31\tomcat-annotations-api-8.5.31.jar;C:\Users\Maryna Savchenko\.m2\repository\org\apache\tomcat\embed\tomcat-embed-el\8.5.31\tomcat-embed-el-8.5.31.jar;C:\Users\Maryna Savchenko\.m2\repository\org\eclipse\jdt\ecj\3.12.3\ecj-3.12.3.jar;C:\Users\Maryna Savchenko\.m2\repository\junit\junit\4.12\junit-4.12.jar;C:\Users\Maryna Savchenko\.m2\repository\org\projectlombok\lombok\1.16.20\lombok-1.16.20.jar;C:\Users\Maryna Savchenko\.m2\repository\org\projectlombok\lombok-maven-plugin\1.16.20.0\lombok-maven-plugin-1.16.20.0.jar;C:\Users\Maryna Savchenko\.m2\repository\org\apache\commons\commons-lang3\3.7\commons-lang3-3.7.jar;C:\Users\Maryna Savchenko\.m2\repository\org\sonatype\plexus\plexus-build-api\0.0.7\plexus-build-api-0.0.7.jar;C:\Users\Maryna Savchenko\.m2\repository\org\codehaus\plexus\plexus-utils\1.5.8\plexus-utils-1.5.8.jar;, java.specification.name=Java Platform API Specification, java.class.version=52.0, sun.management.compiler=HotSpot 64-Bit Tiered Compilers, os.version=10.0, user.home=C:\Users\Maryna Savchenko, user.timezone=Europe/Belgrade, java.awt.printerjob=sun.awt.windows.WPrinterJob, file.encoding=Cp1252, java.specification.version=1.8, java.class.path=E:\java\repos\JavaTutorAPI\javatutor\target\test-classes;E:\java\repos\JavaTutorAPI\javatutor\target\classes;C:\Users\Maryna Savchenko\.m2\repository\org\springframework\boot\spring-boot-starter-web\2.0.2.RELEASE\spring-boot-starter-web-2.0.2.RELEASE.jar;C:\Users\Maryna Savchenko\.m2\repository\org\springframework\boot\spring-boot-starter\2.0.2.RELEASE\spring-boot-starter-2.0.2.RELEASE.jar;C:\Users\Maryna Savchenko\.m2\repository\javax\annotation\javax.annotation-api\1.3.2\javax.annotation-api-1.3.2.jar;C:\Users\Maryna Savchenko\.m2\repository\org\yaml\snakeyaml\1.19\snakeyaml-1.19.jar;C:\Users\Maryna Savchenko\.m2\repository\org\springframework\boot\spring-boot-starter-json\2.0.2.RELEASE\spring-boot-starter-json-2.0.2.RELEASE.jar;C:\Users\Maryna Savchenko\.m2\repository\com\fasterxml\jackson\core\jackson-databind\2.9.5\jackson-databind-2.9.5.jar;C:\Users\Maryna Savchenko\.m2\repository\com\fasterxml\jackson\core\jackson-annotations\2.9.0\jackson-annotations-2.9.0.jar;C:\Users\Maryna Savchenko\.m2\repository\com\fasterxml\jackson\core\jackson-core\2.9.5\jackson-core-2.9.5.jar;C:\Users\Maryna Savchenko\.m2\repository\com\fasterxml\jackson\datatype\jackson-datatype-jdk8\2.9.5\jackson-datatype-jdk8-2.9.5.jar;C:\Users\Maryna Savchenko\.m2\repository\com\fasterxml\jackson\datatype\jackson-datatype-jsr310\2.9.5\jackson-datatype-jsr310-2.9.5.jar;C:\Users\Maryna Savchenko\.m2\repository\com\fasterxml\jackson\module\jackson-module-parameter-names\2.9.5\jackson-module-parameter-names-2.9.5.jar;C:\Users\Maryna Savchenko\.m2\repository\org\springframework\boot\spring-boot-starter-tomcat\2.0.2.RELEASE\spring-boot-starter-tomcat-2.0.2.RELEASE.jar;C:\Users\Maryna Savchenko\.m2\repository\org\apache\tomcat\embed\tomcat-embed-websocket\8.5.31\tomcat-embed-websocket-8.5.31.jar;C:\Users\Maryna Savchenko\.m2\repository\org\hibernate\validator\hibernate-validator\6.0.9.Final\hibernate-validator-6.0.9.Final.jar;C:\Users\Maryna Savchenko\.m2\repository\javax\validation\validation-api\2.0.1.Final\validation-api-2.0.1.Final.jar;C:\Users\Maryna Savchenko\.m2\repository\org\jboss\logging\jboss-logging\3.3.2.Final\jboss-logging-3.3.2.Final.jar;C:\Users\Maryna Savchenko\.m2\repository\com\fasterxml\classmate\1.3.4\classmate-1.3.4.jar;C:\Users\Maryna Savchenko\.m2\repository\org\springframework\spring-web\5.0.6.RELEASE\spring-web-5.0.6.RELEASE.jar;C:\Users\Maryna Savchenko\.m2\repository\org\springframework\spring-beans\5.0.6.RELEASE\spring-beans-5.0.6.RELEASE.jar;C:\Users\Maryna Savchenko\.m2\repository\org\springframework\spring-webmvc\5.0.6.RELEASE\spring-webmvc-5.0.6.RELEASE.jar;C:\Users\Maryna Savchenko\.m2\repository\org\springframework\spring-context\5.0.6.RELEASE\spring-context-5.0.6.RELEASE.jar;C:\Users\Maryna Savchenko\.m2\repository\org\springframework\spring-expression\5.0.6.RELEASE\spring-expression-5.0.6.RELEASE.jar;C:\Users\Maryna Savchenko\.m2\repository\org\slf4j\jcl-over-slf4j\1.7.25\jcl-over-slf4j-1.7.25.jar;C:\Users\Maryna Savchenko\.m2\repository\org\slf4j\slf4j-api\1.7.25\slf4j-api-1.7.25.jar;C:\Users\Maryna Savchenko\.m2\repository\org\slf4j\jul-to-slf4j\1.7.25\jul-to-slf4j-1.7.25.jar;C:\Users\Maryna Savchenko\.m2\repository\org\slf4j\slf4j-log4j12\1.7.25\slf4j-log4j12-1.7.25.jar;C:\Users\Maryna Savchenko\.m2\repository\log4j\log4j\1.2.17\log4j-1.2.17.jar;C:\Users\Maryna Savchenko\.m2\repository\org\springframework\boot\spring-boot-starter-data-mongodb\2.0.2.RELEASE\spring-boot-starter-data-mongodb-2.0.2.RELEASE.jar;C:\Users\Maryna Savchenko\.m2\repository\org\mongodb\mongodb-driver\3.6.0\mongodb-driver-3.6.0.jar;C:\Users\Maryna Savchenko\.m2\repository\org\mongodb\bson\3.6.0\bson-3.6.0.jar;C:\Users\Maryna Savchenko\.m2\repository\org\mongodb\mongodb-driver-core\3.6.0\mongodb-driver-core-3.6.0.jar;C:\Users\Maryna Savchenko\.m2\repository\org\springframework\data\spring-data-mongodb\2.0.7.RELEASE\spring-data-mongodb-2.0.7.RELEASE.jar;C:\Users\Maryna Savchenko\.m2\repository\org\springframework\spring-tx\5.0.6.RELEASE\spring-tx-5.0.6.RELEASE.jar;C:\Users\Maryna Savchenko\.m2\repository\org\springframework\data\spring-data-commons\2.0.7.RELEASE\spring-data-commons-2.0.7.RELEASE.jar;C:\Users\Maryna Savchenko\.m2\repository\org\springframework\boot\spring-boot-starter-actuator\2.0.2.RELEASE\spring-boot-starter-actuator-2.0.2.RELEASE.jar;C:\Users\Maryna Savchenko\.m2\repository\org\springframework\boot\spring-boot-actuator-autoconfigure\2.0.2.RELEASE\spring-boot-actuator-autoconfigure-2.0.2.RELEASE.jar;C:\Users\Maryna Savchenko\.m2\repository\org\springframework\boot\spring-boot-actuator\2.0.2.RELEASE\spring-boot-actuator-2.0.2.RELEASE.jar;C:\Users\Maryna Savchenko\.m2\repository\io\micrometer\micrometer-core\1.0.4\micrometer-core-1.0.4.jar;C:\Users\Maryna Savchenko\.m2\repository\org\hdrhistogram\HdrHistogram\2.1.10\HdrHistogram-2.1.10.jar;C:\Users\Maryna Savchenko\.m2\repository\org\latencyutils\LatencyUtils\2.0.3\LatencyUtils-2.0.3.jar;C:\Users\Maryna Savchenko\.m2\repository\org\springframework\boot\spring-boot-starter-security\2.0.2.RELEASE\spring-boot-starter-security-2.0.2.RELEASE.jar;C:\Users\Maryna Savchenko\.m2\repository\org\springframework\spring-aop\5.0.6.RELEASE\spring-aop-5.0.6.RELEASE.jar;C:\Users\Maryna Savchenko\.m2\repository\org\springframework\security\spring-security-config\5.0.5.RELEASE\spring-security-config-5.0.5.RELEASE.jar;C:\Users\Maryna Savchenko\.m2\repository\org\springframework\security\spring-security-web\5.0.5.RELEASE\spring-security-web-5.0.5.RELEASE.jar;C:\Users\Maryna Savchenko\.m2\repository\org\springframework\security\spring-security-test\5.0.5.RELEASE\spring-security-test-5.0.5.RELEASE.jar;C:\Users\Maryna Savchenko\.m2\repository\org\springframework\security\spring-security-core\5.0.5.RELEASE\spring-security-core-5.0.5.RELEASE.jar;C:\Users\Maryna Savchenko\.m2\repository\org\springframework\spring-core\5.0.6.RELEASE\spring-core-5.0.6.RELEASE.jar;C:\Users\Maryna Savchenko\.m2\repository\org\springframework\spring-jcl\5.0.6.RELEASE\spring-jcl-5.0.6.RELEASE.jar;C:\Users\Maryna Savchenko\.m2\repository\org\springframework\spring-test\5.0.6.RELEASE\spring-test-5.0.6.RELEASE.jar;C:\Users\Maryna Savchenko\.m2\repository\org\springframework\boot\spring-boot-devtools\2.0.2.RELEASE\spring-boot-devtools-2.0.2.RELEASE.jar;C:\Users\Maryna Savchenko\.m2\repository\org\springframework\boot\spring-boot\2.0.2.RELEASE\spring-boot-2.0.2.RELEASE.jar;C:\Users\Maryna Savchenko\.m2\repository\org\springframework\boot\spring-boot-autoconfigure\2.0.2.RELEASE\spring-boot-autoconfigure-2.0.2.RELEASE.jar;C:\Users\Maryna Savchenko\.m2\repository\org\springframework\boot\spring-boot-starter-test\2.0.2.RELEASE\spring-boot-starter-test-2.0.2.RELEASE.jar;C:\Users\Maryna Savchenko\.m2\repository\org\springframework\boot\spring-boot-test\2.0.2.RELEASE\spring-boot-test-2.0.2.RELEASE.jar;C:\Users\Maryna Savchenko\.m2\repository\org\springframework\boot\spring-boot-test-autoconfigure\2.0.2.RELEASE\spring-boot-test-autoconfigure-2.0.2.RELEASE.jar;C:\Users\Maryna Savchenko\.m2\repository\com\jayway\jsonpath\json-path\2.4.0\json-path-2.4.0.jar;C:\Users\Maryna Savchenko\.m2\repository\net\minidev\json-smart\2.3\json-smart-2.3.jar;C:\Users\Maryna Savchenko\.m2\repository\net\minidev\accessors-smart\1.2\accessors-smart-1.2.jar;C:\Users\Maryna Savchenko\.m2\repository\org\ow2\asm\asm\5.0.4\asm-5.0.4.jar;C:\Users\Maryna Savchenko\.m2\repository\org\assertj\assertj-core\3.9.1\assertj-core-3.9.1.jar;C:\Users\Maryna Savchenko\.m2\repository\org\mockito\mockito-core\2.15.0\mockito-core-2.15.0.jar;C:\Users\Maryna Savchenko\.m2\repository\net\bytebuddy\byte-buddy\1.7.11\byte-buddy-1.7.11.jar;C:\Users\Maryna Savchenko\.m2\repository\net\bytebuddy\byte-buddy-agent\1.7.11\byte-buddy-agent-1.7.11.jar;C:\Users\Maryna Savchenko\.m2\repository\org\objenesis\objenesis\2.6\objenesis-2.6.jar;C:\Users\Maryna Savchenko\.m2\repository\org\hamcrest\hamcrest-core\1.3\hamcrest-core-1.3.jar;C:\Users\Maryna Savchenko\.m2\repository\org\hamcrest\hamcrest-library\1.3\hamcrest-library-1.3.jar;C:\Users\Maryna Savchenko\.m2\repository\org\skyscreamer\jsonassert\1.5.0\jsonassert-1.5.0.jar;C:\Users\Maryna Savchenko\.m2\repository\com\vaadin\external\google\android-json\0.0.20131108.vaadin1\android-json-0.0.20131108.vaadin1.jar;C:\Users\Maryna Savchenko\.m2\repository\org\xmlunit\xmlunit-core\2.5.1\xmlunit-core-2.5.1.jar;C:\Users\Maryna Savchenko\.m2\repository\pl\pragmatists\JUnitParams\1.1.1\JUnitParams-1.1.1.jar;C:\Users\Maryna Savchenko\.m2\repository\org\apache\tomcat\embed\tomcat-embed-jasper\8.5.31\tomcat-embed-jasper-8.5.31.jar;C:\Users\Maryna Savchenko\.m2\repository\org\apache\tomcat\embed\tomcat-embed-core\8.5.31\tomcat-embed-core-8.5.31.jar;C:\Users\Maryna Savchenko\.m2\repository\org\apache\tomcat\tomcat-annotations-api\8.5.31\tomcat-annotations-api-8.5.31.jar;C:\Users\Maryna Savchenko\.m2\repository\org\apache\tomcat\embed\tomcat-embed-el\8.5.31\tomcat-embed-el-8.5.31.jar;C:\Users\Maryna Savchenko\.m2\repository\org\eclipse\jdt\ecj\3.12.3\ecj-3.12.3.jar;C:\Users\Maryna Savchenko\.m2\repository\junit\junit\4.12\junit-4.12.jar;C:\Users\Maryna Savchenko\.m2\repository\org\projectlombok\lombok\1.16.20\lombok-1.16.20.jar;C:\Users\Maryna Savchenko\.m2\repository\org\projectlombok\lombok-maven-plugin\1.16.20.0\lombok-maven-plugin-1.16.20.0.jar;C:\Users\Maryna Savchenko\.m2\repository\org\apache\commons\commons-lang3\3.7\commons-lang3-3.7.jar;C:\Users\Maryna Savchenko\.m2\repository\org\sonatype\plexus\plexus-build-api\0.0.7\plexus-build-api-0.0.7.jar;C:\Users\Maryna Savchenko\.m2\repository\org\codehaus\plexus\plexus-utils\1.5.8\plexus-utils-1.5.8.jar;, user.name=Maryna Savchenko, java.vm.specification.version=1.8, sun.java.command=C:\Users\MARYNA~1\AppData\Local\Temp\surefire1244754544745437156\surefirebooter7935569149334272143.jar C:\Users\Maryna Savchenko\AppData\Local\Temp\surefire1244754544745437156 2018-10-11T10-37-06_854-jvmRun1 surefire6084229711424990350tmp surefire_01445494788152468973tmp, java.home=C:\Program Files\Java\jdk1.8.0_131\jre, sun.arch.data.model=64, user.language=en, java.specification.vendor=Oracle Corporation, user.language.format=uk, awt.toolkit=sun.awt.windows.WToolkit, java.vm.info=mixed mode, java.version=1.8.0_131, java.ext.dirs=C:\Program Files\Java\jdk1.8.0_131\jre\lib\ext;C:\WINDOWS\Sun\Java\lib\ext, sun.boot.class.path=C:\Program Files\Java\jdk1.8.0_131\jre\lib\resources.jar;C:\Program Files\Java\jdk1.8.0_131\jre\lib\rt.jar;C:\Program Files\Java\jdk1.8.0_131\jre\lib\sunrsasign.jar;C:\Program Files\Java\jdk1.8.0_131\jre\lib\jsse.jar;C:\Program Files\Java\jdk1.8.0_131\jre\lib\jce.jar;C:\Program Files\Java\jdk1.8.0_131\jre\lib\charsets.jar;C:\Program Files\Java\jdk1.8.0_131\jre\lib\jfr.jar;C:\Program Files\Java\jdk1.8.0_131\jre\classes, java.awt.headless=true, java.vendor=Oracle Corporation, localRepository=C:\Users\Maryna Savchenko\.m2\repository, file.separator=\, java.vendor.url.bug=http://bugreport.sun.com/bugreport/, sun.io.unicode.encoding=UnicodeLittle, sun.cpu.endian=little, sun.desktop=windows, sun.cpu.isalist=amd64}}, SystemEnvironmentPropertySource@1010068549 {name='systemEnvironment', properties={PATH=C:\Users\Maryna Savchenko\bin;C:\Program Files\Git\mingw64\bin;C:\Program Files\Git\usr\local\bin;C:\Program Files\Git\usr\bin;C:\Program Files\Git\usr\bin;C:\Program Files\Git\mingw64\bin;C:\Program Files\Git\usr\bin;C:\Users\Maryna Savchenko\bin;C:\Program Files\Docker\Docker\Resources\bin;C:\ProgramData\Oracle\Java\javapath;C:\Program Files (x86)\Intel\TXE Components\TCS;C:\Program Files\Intel\TXE Components\TCS;C:\WINDOWS\system32;C:\WINDOWS;C:\WINDOWS\System32\Wbem;C:\WINDOWS\System32\WindowsPowerShell\v1.0;C:\Program Files\Intel\TXE Components\DAL;C:\Program Files (x86)\Intel\TXE Components\DAL;C:\Program Files\Intel\TXE Components\IPT;C:\Program Files (x86)\Intel\TXE Components\IPT;E:\java\apache-maven-3.5.0-bin\apache-maven-3.5.0\bin;C:\Program Files\Git\cmd;C:\Program Files\Java\jdk1.8.0_131\bin;C:\Program Files\MySQL\MySQL Utilities 1.6;C:\Program Files (x86)\bin;C:\Program Files (x86)\sbt\bin;C:\Program Files (x86)\Yarn\bin;C:\ProgramData\chocolatey\bin;C:\Program Files\nodejs;C:\Users\Maryna Savchenko\AppData\Local\Microsoft\WindowsApps;E:\java\spark-2.2.0-bin-hadoop2.7\bin;C:\Program Files\Java\jdk1.8.0_131\bin;C:\Program Files (x86)\sbt\bin;C:\winutils\bin;C:\Program Files\Docker Toolbox;C:\Users\Maryna Savchenko\AppData\Local\Yarn\bin;C:\Users\Maryna Savchenko\AppData\Roaming\npm;C:\Program Files\Git\usr\bin\vendor_perl;C:\Program Files\Git\usr\bin\core_perl, USERDOMAIN_ROAMINGPROFILE=BigBrother, PKG_CONFIG_PATH=C:\Program Files\Git\mingw64\lib\pkgconfig;C:\Program Files\Git\mingw64\share\pkgconfig, MSYSTEM_PREFIX=C:/Program Files/Git/mingw64, PROCESSOR_LEVEL=6, SYSTEMDRIVE=C:, CONFIG_SITE=C:/Program Files/Git/mingw64/etc/config.site, FP_NO_HOST_CHECK=NO, POSTGIS_GDAL_ENABLED_DRIVERS=GTiff PNG JPEG GIF XYZ DTED USGSDEM AAIGrid, SESSIONNAME=Console, ALLUSERSPROFILE=C:\ProgramData, GDAL_DATA=C:\Program Files\PostgreSQL\9.6\gdal-data, PROCESSOR_ARCHITECTURE=AMD64, MSYSTEM_CHOST=x86_64-w64-mingw32, =E:=E:\java\repos\JavaTutorAPI\javatutor, ORIGINAL_TEMP=C:/Users/MARYNA~1/AppData/Local/Temp, PROGRAMFILES=C:\Program Files, POSTGIS_ENABLE_OUTDB_RASTERS=1, PSMODULEPATH=C:\WINDOWS\system32\WindowsPowerShell\v1.0\Modules\, PROGRAMDATA=C:\ProgramData, CHOCOLATEYLASTPATHUPDATE=?? ??? 24 11:36:27 2018, USERNAME=Maryna Savchenko, PWD=E:/java/repos/JavaTutorAPI/javatutor, INFOPATH=C:\Program Files\Git\usr\local\info;C:\Program Files\Git\usr\share\info;C:\Program Files\Git\usr\info;C:\Program Files\Git\share\info, FPS_BROWSER_USER_PROFILE_STRING=Default, ONEDRIVE=C:\Users\Maryna Savchenko\OneDrive, PATHEXT=.COM;.EXE;.BAT;.CMD;.VBS;.VBE;.JS;.JSE;.WSF;.WSH;.MSC, SHELL=C:\Program Files\Git\usr\bin\bash.exe, ORIGINAL_TMP=C:/Users/MARYNA~1/AppData/Local/Temp, OLDPWD=E:/java/repos/JavaTutorAPI/javatutor, TMPDIR=C:\Users\MARYNA~1\AppData\Local\Temp, WINDIR=C:\WINDOWS, SSH_ASKPASS=C:/Program Files/Git/mingw64/libexec/git-core/git-gui--askpass, HOMEPATH=\Users\Maryna Savchenko, PROCESSOR_IDENTIFIER=Intel64 Family 6 Model 76 Stepping 3, GenuineIntel, HADOOP_HOME=C:\winutils, M2_HOME=E:\java\apache-maven-3.5.0-bin\apache-maven-3.5.0, PUBLIC=C:\Users\Public, MINGW_CHOST=x86_64-w64-mingw32, =::=::\, EXEPATH=C:\Program Files\Git, SHLVL=1, LOCALAPPDATA=C:\Users\Maryna Savchenko\AppData\Local, ORIGINAL_PATH=C:\Program Files\Git\mingw64\bin;C:\Program Files\Git\usr\bin;C:\Users\Maryna Savchenko\bin;C:\Program Files\Docker\Docker\Resources\bin;C:\ProgramData\Oracle\Java\javapath;C:\Program Files (x86)\Intel\TXE Components\TCS;C:\Program Files\Intel\TXE Components\TCS;C:\WINDOWS\system32;C:\WINDOWS;C:\WINDOWS\System32\Wbem;C:\WINDOWS\System32\WindowsPowerShell\v1.0;C:\Program Files\Intel\TXE Components\DAL;C:\Program Files (x86)\Intel\TXE Components\DAL;C:\Program Files\Intel\TXE Components\IPT;C:\Program Files (x86)\Intel\TXE Components\IPT;E:\java\apache-maven-3.5.0-bin\apache-maven-3.5.0\bin;C:\Program Files\Git\cmd;C:\Program Files\Java\jdk1.8.0_131\bin;C:\Program Files\MySQL\MySQL Utilities 1.6;C:\Program Files (x86)\bin;C:\Program Files (x86)\sbt\bin;C:\Program Files (x86)\Yarn\bin;C:\ProgramData\chocolatey\bin;C:\Program Files\nodejs;C:\Users\Maryna Savchenko\AppData\Local\Microsoft\WindowsApps;E:\java\spark-2.2.0-bin-hadoop2.7\bin;C:\Program Files\Java\jdk1.8.0_131\bin;C:\Program Files (x86)\sbt\bin;C:\winutils\bin;C:\Program Files\Docker Toolbox;C:\Users\Maryna Savchenko\AppData\Local\Yarn\bin;C:\Users\Maryna Savchenko\AppData\Roaming\npm, MANPATH=C:\Program Files\Git\mingw64\share\man;C:\Program Files\Git\usr\local\man;C:\Program Files\Git\usr\share\man;C:\Program Files\Git\usr\man;C:\Program Files\Git\share\man, COMMONPROGRAMFILES(X86)=C:\Program Files (x86)\Common Files, MINGW_PACKAGE_PREFIX=mingw-w64-x86_64, USERDOMAIN=BigBrother, FPS_BROWSER_APP_PROFILE_STRING=Internet Explorer, LOGONSERVER=\\BIGBROTHER, JAVA_HOME=C:/Program Files/Java/jdk1.8.0_131, PLINK_PROTOCOL=ssh, PROMPT=$P$G, PROGRAMFILES(X86)=C:\Program Files (x86), TERM=xterm, LANG=en_US.UTF-8, MINGW_PREFIX=C:/Program Files/Git/mingw64, DISPLAY=needs-to-be-defined, MSYSTEM=MINGW64, APPDATA=C:\Users\Maryna Savchenko\AppData\Roaming, SPARK_HOME=E:\java\spark-2.2.0-bin-hadoop2.7, PROGRAMW6432=C:\Program Files, SYSTEMROOT=C:\WINDOWS, CHOCOLATEYINSTALL=C:\ProgramData\chocolatey, MAVEN_CMD_LINE_ARGS= test, SCALA_HOME=C:\Program Files (x86)\sbt, VBOX_MSI_INSTALL_PATH=C:\Program Files\Oracle\VirtualBox\, OS=Windows_NT, COMMONPROGRAMW6432=C:\Program Files\Common Files, COMPUTERNAME=BIGBROTHER, COMMONPROGRAMFILES=C:\Program Files\Common Files, COMSPEC=C:\WINDOWS\system32\cmd.exe, SBT_HOME=C:\Program Files (x86)\sbt\, MAVEN_PROJECTBASEDIR=E:/java/repos/JavaTutorAPI/javatutor, PROCESSOR_REVISION=4c03, ACLOCAL_PATH=C:\Program Files\Git\mingw64\share\aclocal;C:\Program Files\Git\usr\share\aclocal, MSYSTEM_CARCH=x86_64, PRINTER=Foxit Reader PDF Printer, TEMP=C:\Users\MARYNA~1\AppData\Local\Temp, HOSTNAME=BigBrother, HOMEDRIVE=C:, USERPROFILE=C:\Users\Maryna Savchenko, TMP=C:\Users\MARYNA~1\AppData\Local\Temp, NUMBER_OF_PROCESSORS=4, DOCKER_TOOLBOX_INSTALL_PATH=C:\Program Files\Docker Toolbox, HOME=C:\Users\Maryna Savchenko}}]
10:39:17,144 DEBUG org.springframework.core.env.StandardEnvironment:125 - Initialized StandardEnvironment with PropertySources [MapPropertySource@187885955 {name='systemProperties', properties={java.runtime.name=Java(TM) SE Runtime Environment, sun.boot.library.path=C:\Program Files\Java\jdk1.8.0_131\jre\bin, java.vm.version=25.131-b11, user.country.format=UA, java.vm.vendor=Oracle Corporation, java.vendor.url=http://java.oracle.com/, path.separator=;, java.vm.name=Java HotSpot(TM) 64-Bit Server VM, file.encoding.pkg=sun.io, user.country=US, user.script=, sun.java.launcher=SUN_STANDARD, sun.os.patch.level=, PID=5372, java.vm.specification.name=Java Virtual Machine Specification, user.dir=E:\java\repos\JavaTutorAPI\javatutor, java.runtime.version=1.8.0_131-b11, basedir=E:\java\repos\JavaTutorAPI\javatutor, java.awt.graphicsenv=sun.awt.Win32GraphicsEnvironment, java.endorsed.dirs=C:\Program Files\Java\jdk1.8.0_131\jre\lib\endorsed, os.arch=amd64, surefire.real.class.path=C:\Users\MARYNA~1\AppData\Local\Temp\surefire1244754544745437156\surefirebooter7935569149334272143.jar, java.io.tmpdir=C:\Users\MARYNA~1\AppData\Local\Temp\, line.separator=
, java.vm.specification.vendor=Oracle Corporation, user.variant=, os.name=Windows 10, sun.jnu.encoding=Cp1252, spring.beaninfo.ignore=true, java.library.path=C:\Program Files\Java\jdk1.8.0_131\jre\bin;C:\WINDOWS\Sun\Java\bin;C:\WINDOWS\system32;C:\WINDOWS;C:\Users\Maryna Savchenko\bin;C:\Program Files\Git\mingw64\bin;C:\Program Files\Git\usr\local\bin;C:\Program Files\Git\usr\bin;C:\Program Files\Git\usr\bin;C:\Program Files\Git\mingw64\bin;C:\Program Files\Git\usr\bin;C:\Users\Maryna Savchenko\bin;C:\Program Files\Docker\Docker\Resources\bin;C:\ProgramData\Oracle\Java\javapath;C:\Program Files (x86)\Intel\TXE Components\TCS;C:\Program Files\Intel\TXE Components\TCS;C:\WINDOWS\system32;C:\WINDOWS;C:\WINDOWS\System32\Wbem;C:\WINDOWS\System32\WindowsPowerShell\v1.0;C:\Program Files\Intel\TXE Components\DAL;C:\Program Files (x86)\Intel\TXE Components\DAL;C:\Program Files\Intel\TXE Components\IPT;C:\Program Files (x86)\Intel\TXE Components\IPT;E:\java\apache-maven-3.5.0-bin\apache-maven-3.5.0\bin;C:\Program Files\Git\cmd;C:\Program Files\Java\jdk1.8.0_131\bin;C:\Program Files\MySQL\MySQL Utilities 1.6;C:\Program Files (x86)\bin;C:\Program Files (x86)\sbt\bin;C:\Program Files (x86)\Yarn\bin;C:\ProgramData\chocolatey\bin;C:\Program Files\nodejs;C:\Users\Maryna Savchenko\AppData\Local\Microsoft\WindowsApps;E:\java\spark-2.2.0-bin-hadoop2.7\bin;C:\Program Files\Java\jdk1.8.0_131\bin;C:\Program Files (x86)\sbt\bin;C:\winutils\bin;C:\Program Files\Docker Toolbox;C:\Users\Maryna Savchenko\AppData\Local\Yarn\bin;C:\Users\Maryna Savchenko\AppData\Roaming\npm;C:\Program Files\Git\usr\bin\vendor_perl;C:\Program Files\Git\usr\bin\core_perl;., surefire.test.class.path=E:\java\repos\JavaTutorAPI\javatutor\target\test-classes;E:\java\repos\JavaTutorAPI\javatutor\target\classes;C:\Users\Maryna Savchenko\.m2\repository\org\springframework\boot\spring-boot-starter-web\2.0.2.RELEASE\spring-boot-starter-web-2.0.2.RELEASE.jar;C:\Users\Maryna Savchenko\.m2\repository\org\springframework\boot\spring-boot-starter\2.0.2.RELEASE\spring-boot-starter-2.0.2.RELEASE.jar;C:\Users\Maryna Savchenko\.m2\repository\javax\annotation\javax.annotation-api\1.3.2\javax.annotation-api-1.3.2.jar;C:\Users\Maryna Savchenko\.m2\repository\org\yaml\snakeyaml\1.19\snakeyaml-1.19.jar;C:\Users\Maryna Savchenko\.m2\repository\org\springframework\boot\spring-boot-starter-json\2.0.2.RELEASE\spring-boot-starter-json-2.0.2.RELEASE.jar;C:\Users\Maryna Savchenko\.m2\repository\com\fasterxml\jackson\core\jackson-databind\2.9.5\jackson-databind-2.9.5.jar;C:\Users\Maryna Savchenko\.m2\repository\com\fasterxml\jackson\core\jackson-annotations\2.9.0\jackson-annotations-2.9.0.jar;C:\Users\Maryna Savchenko\.m2\repository\com\fasterxml\jackson\core\jackson-core\2.9.5\jackson-core-2.9.5.jar;C:\Users\Maryna Savchenko\.m2\repository\com\fasterxml\jackson\datatype\jackson-datatype-jdk8\2.9.5\jackson-datatype-jdk8-2.9.5.jar;C:\Users\Maryna Savchenko\.m2\repository\com\fasterxml\jackson\datatype\jackson-datatype-jsr310\2.9.5\jackson-datatype-jsr310-2.9.5.jar;C:\Users\Maryna Savchenko\.m2\repository\com\fasterxml\jackson\module\jackson-module-parameter-names\2.9.5\jackson-module-parameter-names-2.9.5.jar;C:\Users\Maryna Savchenko\.m2\repository\org\springframework\boot\spring-boot-starter-tomcat\2.0.2.RELEASE\spring-boot-starter-tomcat-2.0.2.RELEASE.jar;C:\Users\Maryna Savchenko\.m2\repository\org\apache\tomcat\embed\tomcat-embed-websocket\8.5.31\tomcat-embed-websocket-8.5.31.jar;C:\Users\Maryna Savchenko\.m2\repository\org\hibernate\validator\hibernate-validator\6.0.9.Final\hibernate-validator-6.0.9.Final.jar;C:\Users\Maryna Savchenko\.m2\repository\javax\validation\validation-api\2.0.1.Final\validation-api-2.0.1.Final.jar;C:\Users\Maryna Savchenko\.m2\repository\org\jboss\logging\jboss-logging\3.3.2.Final\jboss-logging-3.3.2.Final.jar;C:\Users\Maryna Savchenko\.m2\repository\com\fasterxml\classmate\1.3.4\classmate-1.3.4.jar;C:\Users\Maryna Savchenko\.m2\repository\org\springframework\spring-web\5.0.6.RELEASE\spring-web-5.0.6.RELEASE.jar;C:\Users\Maryna Savchenko\.m2\repository\org\springframework\spring-beans\5.0.6.RELEASE\spring-beans-5.0.6.RELEASE.jar;C:\Users\Maryna Savchenko\.m2\repository\org\springframework\spring-webmvc\5.0.6.RELEASE\spring-webmvc-5.0.6.RELEASE.jar;C:\Users\Maryna Savchenko\.m2\repository\org\springframework\spring-context\5.0.6.RELEASE\spring-context-5.0.6.RELEASE.jar;C:\Users\Maryna Savchenko\.m2\repository\org\springframework\spring-expression\5.0.6.RELEASE\spring-expression-5.0.6.RELEASE.jar;C:\Users\Maryna Savchenko\.m2\repository\org\slf4j\jcl-over-slf4j\1.7.25\jcl-over-slf4j-1.7.25.jar;C:\Users\Maryna Savchenko\.m2\repository\org\slf4j\slf4j-api\1.7.25\slf4j-api-1.7.25.jar;C:\Users\Maryna Savchenko\.m2\repository\org\slf4j\jul-to-slf4j\1.7.25\jul-to-slf4j-1.7.25.jar;C:\Users\Maryna Savchenko\.m2\repository\org\slf4j\slf4j-log4j12\1.7.25\slf4j-log4j12-1.7.25.jar;C:\Users\Maryna Savchenko\.m2\repository\log4j\log4j\1.2.17\log4j-1.2.17.jar;C:\Users\Maryna Savchenko\.m2\repository\org\springframework\boot\spring-boot-starter-data-mongodb\2.0.2.RELEASE\spring-boot-starter-data-mongodb-2.0.2.RELEASE.jar;C:\Users\Maryna Savchenko\.m2\repository\org\mongodb\mongodb-driver\3.6.0\mongodb-driver-3.6.0.jar;C:\Users\Maryna Savchenko\.m2\repository\org\mongodb\bson\3.6.0\bson-3.6.0.jar;C:\Users\Maryna Savchenko\.m2\repository\org\mongodb\mongodb-driver-core\3.6.0\mongodb-driver-core-3.6.0.jar;C:\Users\Maryna Savchenko\.m2\repository\org\springframework\data\spring-data-mongodb\2.0.7.RELEASE\spring-data-mongodb-2.0.7.RELEASE.jar;C:\Users\Maryna Savchenko\.m2\repository\org\springframework\spring-tx\5.0.6.RELEASE\spring-tx-5.0.6.RELEASE.jar;C:\Users\Maryna Savchenko\.m2\repository\org\springframework\data\spring-data-commons\2.0.7.RELEASE\spring-data-commons-2.0.7.RELEASE.jar;C:\Users\Maryna Savchenko\.m2\repository\org\springframework\boot\spring-boot-starter-actuator\2.0.2.RELEASE\spring-boot-starter-actuator-2.0.2.RELEASE.jar;C:\Users\Maryna Savchenko\.m2\repository\org\springframework\boot\spring-boot-actuator-autoconfigure\2.0.2.RELEASE\spring-boot-actuator-autoconfigure-2.0.2.RELEASE.jar;C:\Users\Maryna Savchenko\.m2\repository\org\springframework\boot\spring-boot-actuator\2.0.2.RELEASE\spring-boot-actuator-2.0.2.RELEASE.jar;C:\Users\Maryna Savchenko\.m2\repository\io\micrometer\micrometer-core\1.0.4\micrometer-core-1.0.4.jar;C:\Users\Maryna Savchenko\.m2\repository\org\hdrhistogram\HdrHistogram\2.1.10\HdrHistogram-2.1.10.jar;C:\Users\Maryna Savchenko\.m2\repository\org\latencyutils\LatencyUtils\2.0.3\LatencyUtils-2.0.3.jar;C:\Users\Maryna Savchenko\.m2\repository\org\springframework\boot\spring-boot-starter-security\2.0.2.RELEASE\spring-boot-starter-security-2.0.2.RELEASE.jar;C:\Users\Maryna Savchenko\.m2\repository\org\springframework\spring-aop\5.0.6.RELEASE\spring-aop-5.0.6.RELEASE.jar;C:\Users\Maryna Savchenko\.m2\repository\org\springframework\security\spring-security-config\5.0.5.RELEASE\spring-security-config-5.0.5.RELEASE.jar;C:\Users\Maryna Savchenko\.m2\repository\org\springframework\security\spring-security-web\5.0.5.RELEASE\spring-security-web-5.0.5.RELEASE.jar;C:\Users\Maryna Savchenko\.m2\repository\org\springframework\security\spring-security-test\5.0.5.RELEASE\spring-security-test-5.0.5.RELEASE.jar;C:\Users\Maryna Savchenko\.m2\repository\org\springframework\security\spring-security-core\5.0.5.RELEASE\spring-security-core-5.0.5.RELEASE.jar;C:\Users\Maryna Savchenko\.m2\repository\org\springframework\spring-core\5.0.6.RELEASE\spring-core-5.0.6.RELEASE.jar;C:\Users\Maryna Savchenko\.m2\repository\org\springframework\spring-jcl\5.0.6.RELEASE\spring-jcl-5.0.6.RELEASE.jar;C:\Users\Maryna Savchenko\.m2\repository\org\springframework\spring-test\5.0.6.RELEASE\spring-test-5.0.6.RELEASE.jar;C:\Users\Maryna Savchenko\.m2\repository\org\springframework\boot\spring-boot-devtools\2.0.2.RELEASE\spring-boot-devtools-2.0.2.RELEASE.jar;C:\Users\Maryna Savchenko\.m2\repository\org\springframework\boot\spring-boot\2.0.2.RELEASE\spring-boot-2.0.2.RELEASE.jar;C:\Users\Maryna Savchenko\.m2\repository\org\springframework\boot\spring-boot-autoconfigure\2.0.2.RELEASE\spring-boot-autoconfigure-2.0.2.RELEASE.jar;C:\Users\Maryna Savchenko\.m2\repository\org\springframework\boot\spring-boot-starter-test\2.0.2.RELEASE\spring-boot-starter-test-2.0.2.RELEASE.jar;C:\Users\Maryna Savchenko\.m2\repository\org\springframework\boot\spring-boot-test\2.0.2.RELEASE\spring-boot-test-2.0.2.RELEASE.jar;C:\Users\Maryna Savchenko\.m2\repository\org\springframework\boot\spring-boot-test-autoconfigure\2.0.2.RELEASE\spring-boot-test-autoconfigure-2.0.2.RELEASE.jar;C:\Users\Maryna Savchenko\.m2\repository\com\jayway\jsonpath\json-path\2.4.0\json-path-2.4.0.jar;C:\Users\Maryna Savchenko\.m2\repository\net\minidev\json-smart\2.3\json-smart-2.3.jar;C:\Users\Maryna Savchenko\.m2\repository\net\minidev\accessors-smart\1.2\accessors-smart-1.2.jar;C:\Users\Maryna Savchenko\.m2\repository\org\ow2\asm\asm\5.0.4\asm-5.0.4.jar;C:\Users\Maryna Savchenko\.m2\repository\org\assertj\assertj-core\3.9.1\assertj-core-3.9.1.jar;C:\Users\Maryna Savchenko\.m2\repository\org\mockito\mockito-core\2.15.0\mockito-core-2.15.0.jar;C:\Users\Maryna Savchenko\.m2\repository\net\bytebuddy\byte-buddy\1.7.11\byte-buddy-1.7.11.jar;C:\Users\Maryna Savchenko\.m2\repository\net\bytebuddy\byte-buddy-agent\1.7.11\byte-buddy-agent-1.7.11.jar;C:\Users\Maryna Savchenko\.m2\repository\org\objenesis\objenesis\2.6\objenesis-2.6.jar;C:\Users\Maryna Savchenko\.m2\repository\org\hamcrest\hamcrest-core\1.3\hamcrest-core-1.3.jar;C:\Users\Maryna Savchenko\.m2\repository\org\hamcrest\hamcrest-library\1.3\hamcrest-library-1.3.jar;C:\Users\Maryna Savchenko\.m2\repository\org\skyscreamer\jsonassert\1.5.0\jsonassert-1.5.0.jar;C:\Users\Maryna Savchenko\.m2\repository\com\vaadin\external\google\android-json\0.0.20131108.vaadin1\android-json-0.0.20131108.vaadin1.jar;C:\Users\Maryna Savchenko\.m2\repository\org\xmlunit\xmlunit-core\2.5.1\xmlunit-core-2.5.1.jar;C:\Users\Maryna Savchenko\.m2\repository\pl\pragmatists\JUnitParams\1.1.1\JUnitParams-1.1.1.jar;C:\Users\Maryna Savchenko\.m2\repository\org\apache\tomcat\embed\tomcat-embed-jasper\8.5.31\tomcat-embed-jasper-8.5.31.jar;C:\Users\Maryna Savchenko\.m2\repository\org\apache\tomcat\embed\tomcat-embed-core\8.5.31\tomcat-embed-core-8.5.31.jar;C:\Users\Maryna Savchenko\.m2\repository\org\apache\tomcat\tomcat-annotations-api\8.5.31\tomcat-annotations-api-8.5.31.jar;C:\Users\Maryna Savchenko\.m2\repository\org\apache\tomcat\embed\tomcat-embed-el\8.5.31\tomcat-embed-el-8.5.31.jar;C:\Users\Maryna Savchenko\.m2\repository\org\eclipse\jdt\ecj\3.12.3\ecj-3.12.3.jar;C:\Users\Maryna Savchenko\.m2\repository\junit\junit\4.12\junit-4.12.jar;C:\Users\Maryna Savchenko\.m2\repository\org\projectlombok\lombok\1.16.20\lombok-1.16.20.jar;C:\Users\Maryna Savchenko\.m2\repository\org\projectlombok\lombok-maven-plugin\1.16.20.0\lombok-maven-plugin-1.16.20.0.jar;C:\Users\Maryna Savchenko\.m2\repository\org\apache\commons\commons-lang3\3.7\commons-lang3-3.7.jar;C:\Users\Maryna Savchenko\.m2\repository\org\sonatype\plexus\plexus-build-api\0.0.7\plexus-build-api-0.0.7.jar;C:\Users\Maryna Savchenko\.m2\repository\org\codehaus\plexus\plexus-utils\1.5.8\plexus-utils-1.5.8.jar;, java.specification.name=Java Platform API Specification, java.class.version=52.0, sun.management.compiler=HotSpot 64-Bit Tiered Compilers, os.version=10.0, user.home=C:\Users\Maryna Savchenko, user.timezone=Europe/Belgrade, java.awt.printerjob=sun.awt.windows.WPrinterJob, file.encoding=Cp1252, java.specification.version=1.8, java.class.path=E:\java\repos\JavaTutorAPI\javatutor\target\test-classes;E:\java\repos\JavaTutorAPI\javatutor\target\classes;C:\Users\Maryna Savchenko\.m2\repository\org\springframework\boot\spring-boot-starter-web\2.0.2.RELEASE\spring-boot-starter-web-2.0.2.RELEASE.jar;C:\Users\Maryna Savchenko\.m2\repository\org\springframework\boot\spring-boot-starter\2.0.2.RELEASE\spring-boot-starter-2.0.2.RELEASE.jar;C:\Users\Maryna Savchenko\.m2\repository\javax\annotation\javax.annotation-api\1.3.2\javax.annotation-api-1.3.2.jar;C:\Users\Maryna Savchenko\.m2\repository\org\yaml\snakeyaml\1.19\snakeyaml-1.19.jar;C:\Users\Maryna Savchenko\.m2\repository\org\springframework\boot\spring-boot-starter-json\2.0.2.RELEASE\spring-boot-starter-json-2.0.2.RELEASE.jar;C:\Users\Maryna Savchenko\.m2\repository\com\fasterxml\jackson\core\jackson-databind\2.9.5\jackson-databind-2.9.5.jar;C:\Users\Maryna Savchenko\.m2\repository\com\fasterxml\jackson\core\jackson-annotations\2.9.0\jackson-annotations-2.9.0.jar;C:\Users\Maryna Savchenko\.m2\repository\com\fasterxml\jackson\core\jackson-core\2.9.5\jackson-core-2.9.5.jar;C:\Users\Maryna Savchenko\.m2\repository\com\fasterxml\jackson\datatype\jackson-datatype-jdk8\2.9.5\jackson-datatype-jdk8-2.9.5.jar;C:\Users\Maryna Savchenko\.m2\repository\com\fasterxml\jackson\datatype\jackson-datatype-jsr310\2.9.5\jackson-datatype-jsr310-2.9.5.jar;C:\Users\Maryna Savchenko\.m2\repository\com\fasterxml\jackson\module\jackson-module-parameter-names\2.9.5\jackson-module-parameter-names-2.9.5.jar;C:\Users\Maryna Savchenko\.m2\repository\org\springframework\boot\spring-boot-starter-tomcat\2.0.2.RELEASE\spring-boot-starter-tomcat-2.0.2.RELEASE.jar;C:\Users\Maryna Savchenko\.m2\repository\org\apache\tomcat\embed\tomcat-embed-websocket\8.5.31\tomcat-embed-websocket-8.5.31.jar;C:\Users\Maryna Savchenko\.m2\repository\org\hibernate\validator\hibernate-validator\6.0.9.Final\hibernate-validator-6.0.9.Final.jar;C:\Users\Maryna Savchenko\.m2\repository\javax\validation\validation-api\2.0.1.Final\validation-api-2.0.1.Final.jar;C:\Users\Maryna Savchenko\.m2\repository\org\jboss\logging\jboss-logging\3.3.2.Final\jboss-logging-3.3.2.Final.jar;C:\Users\Maryna Savchenko\.m2\repository\com\fasterxml\classmate\1.3.4\classmate-1.3.4.jar;C:\Users\Maryna Savchenko\.m2\repository\org\springframework\spring-web\5.0.6.RELEASE\spring-web-5.0.6.RELEASE.jar;C:\Users\Maryna Savchenko\.m2\repository\org\springframework\spring-beans\5.0.6.RELEASE\spring-beans-5.0.6.RELEASE.jar;C:\Users\Maryna Savchenko\.m2\repository\org\springframework\spring-webmvc\5.0.6.RELEASE\spring-webmvc-5.0.6.RELEASE.jar;C:\Users\Maryna Savchenko\.m2\repository\org\springframework\spring-context\5.0.6.RELEASE\spring-context-5.0.6.RELEASE.jar;C:\Users\Maryna Savchenko\.m2\repository\org\springframework\spring-expression\5.0.6.RELEASE\spring-expression-5.0.6.RELEASE.jar;C:\Users\Maryna Savchenko\.m2\repository\org\slf4j\jcl-over-slf4j\1.7.25\jcl-over-slf4j-1.7.25.jar;C:\Users\Maryna Savchenko\.m2\repository\org\slf4j\slf4j-api\1.7.25\slf4j-api-1.7.25.jar;C:\Users\Maryna Savchenko\.m2\repository\org\slf4j\jul-to-slf4j\1.7.25\jul-to-slf4j-1.7.25.jar;C:\Users\Maryna Savchenko\.m2\repository\org\slf4j\slf4j-log4j12\1.7.25\slf4j-log4j12-1.7.25.jar;C:\Users\Maryna Savchenko\.m2\repository\log4j\log4j\1.2.17\log4j-1.2.17.jar;C:\Users\Maryna Savchenko\.m2\repository\org\springframework\boot\spring-boot-starter-data-mongodb\2.0.2.RELEASE\spring-boot-starter-data-mongodb-2.0.2.RELEASE.jar;C:\Users\Maryna Savchenko\.m2\repository\org\mongodb\mongodb-driver\3.6.0\mongodb-driver-3.6.0.jar;C:\Users\Maryna Savchenko\.m2\repository\org\mongodb\bson\3.6.0\bson-3.6.0.jar;C:\Users\Maryna Savchenko\.m2\repository\org\mongodb\mongodb-driver-core\3.6.0\mongodb-driver-core-3.6.0.jar;C:\Users\Maryna Savchenko\.m2\repository\org\springframework\data\spring-data-mongodb\2.0.7.RELEASE\spring-data-mongodb-2.0.7.RELEASE.jar;C:\Users\Maryna Savchenko\.m2\repository\org\springframework\spring-tx\5.0.6.RELEASE\spring-tx-5.0.6.RELEASE.jar;C:\Users\Maryna Savchenko\.m2\repository\org\springframework\data\spring-data-commons\2.0.7.RELEASE\spring-data-commons-2.0.7.RELEASE.jar;C:\Users\Maryna Savchenko\.m2\repository\org\springframework\boot\spring-boot-starter-actuator\2.0.2.RELEASE\spring-boot-starter-actuator-2.0.2.RELEASE.jar;C:\Users\Maryna Savchenko\.m2\repository\org\springframework\boot\spring-boot-actuator-autoconfigure\2.0.2.RELEASE\spring-boot-actuator-autoconfigure-2.0.2.RELEASE.jar;C:\Users\Maryna Savchenko\.m2\repository\org\springframework\boot\spring-boot-actuator\2.0.2.RELEASE\spring-boot-actuator-2.0.2.RELEASE.jar;C:\Users\Maryna Savchenko\.m2\repository\io\micrometer\micrometer-core\1.0.4\micrometer-core-1.0.4.jar;C:\Users\Maryna Savchenko\.m2\repository\org\hdrhistogram\HdrHistogram\2.1.10\HdrHistogram-2.1.10.jar;C:\Users\Maryna Savchenko\.m2\repository\org\latencyutils\LatencyUtils\2.0.3\LatencyUtils-2.0.3.jar;C:\Users\Maryna Savchenko\.m2\repository\org\springframework\boot\spring-boot-starter-security\2.0.2.RELEASE\spring-boot-starter-security-2.0.2.RELEASE.jar;C:\Users\Maryna Savchenko\.m2\repository\org\springframework\spring-aop\5.0.6.RELEASE\spring-aop-5.0.6.RELEASE.jar;C:\Users\Maryna Savchenko\.m2\repository\org\springframework\security\spring-security-config\5.0.5.RELEASE\spring-security-config-5.0.5.RELEASE.jar;C:\Users\Maryna Savchenko\.m2\repository\org\springframework\security\spring-security-web\5.0.5.RELEASE\spring-security-web-5.0.5.RELEASE.jar;C:\Users\Maryna Savchenko\.m2\repository\org\springframework\security\spring-security-test\5.0.5.RELEASE\spring-security-test-5.0.5.RELEASE.jar;C:\Users\Maryna Savchenko\.m2\repository\org\springframework\security\spring-security-core\5.0.5.RELEASE\spring-security-core-5.0.5.RELEASE.jar;C:\Users\Maryna Savchenko\.m2\repository\org\springframework\spring-core\5.0.6.RELEASE\spring-core-5.0.6.RELEASE.jar;C:\Users\Maryna Savchenko\.m2\repository\org\springframework\spring-jcl\5.0.6.RELEASE\spring-jcl-5.0.6.RELEASE.jar;C:\Users\Maryna Savchenko\.m2\repository\org\springframework\spring-test\5.0.6.RELEASE\spring-test-5.0.6.RELEASE.jar;C:\Users\Maryna Savchenko\.m2\repository\org\springframework\boot\spring-boot-devtools\2.0.2.RELEASE\spring-boot-devtools-2.0.2.RELEASE.jar;C:\Users\Maryna Savchenko\.m2\repository\org\springframework\boot\spring-boot\2.0.2.RELEASE\spring-boot-2.0.2.RELEASE.jar;C:\Users\Maryna Savchenko\.m2\repository\org\springframework\boot\spring-boot-autoconfigure\2.0.2.RELEASE\spring-boot-autoconfigure-2.0.2.RELEASE.jar;C:\Users\Maryna Savchenko\.m2\repository\org\springframework\boot\spring-boot-starter-test\2.0.2.RELEASE\spring-boot-starter-test-2.0.2.RELEASE.jar;C:\Users\Maryna Savchenko\.m2\repository\org\springframework\boot\spring-boot-test\2.0.2.RELEASE\spring-boot-test-2.0.2.RELEASE.jar;C:\Users\Maryna Savchenko\.m2\repository\org\springframework\boot\spring-boot-test-autoconfigure\2.0.2.RELEASE\spring-boot-test-autoconfigure-2.0.2.RELEASE.jar;C:\Users\Maryna Savchenko\.m2\repository\com\jayway\jsonpath\json-path\2.4.0\json-path-2.4.0.jar;C:\Users\Maryna Savchenko\.m2\repository\net\minidev\json-smart\2.3\json-smart-2.3.jar;C:\Users\Maryna Savchenko\.m2\repository\net\minidev\accessors-smart\1.2\accessors-smart-1.2.jar;C:\Users\Maryna Savchenko\.m2\repository\org\ow2\asm\asm\5.0.4\asm-5.0.4.jar;C:\Users\Maryna Savchenko\.m2\repository\org\assertj\assertj-core\3.9.1\assertj-core-3.9.1.jar;C:\Users\Maryna Savchenko\.m2\repository\org\mockito\mockito-core\2.15.0\mockito-core-2.15.0.jar;C:\Users\Maryna Savchenko\.m2\repository\net\bytebuddy\byte-buddy\1.7.11\byte-buddy-1.7.11.jar;C:\Users\Maryna Savchenko\.m2\repository\net\bytebuddy\byte-buddy-agent\1.7.11\byte-buddy-agent-1.7.11.jar;C:\Users\Maryna Savchenko\.m2\repository\org\objenesis\objenesis\2.6\objenesis-2.6.jar;C:\Users\Maryna Savchenko\.m2\repository\org\hamcrest\hamcrest-core\1.3\hamcrest-core-1.3.jar;C:\Users\Maryna Savchenko\.m2\repository\org\hamcrest\hamcrest-library\1.3\hamcrest-library-1.3.jar;C:\Users\Maryna Savchenko\.m2\repository\org\skyscreamer\jsonassert\1.5.0\jsonassert-1.5.0.jar;C:\Users\Maryna Savchenko\.m2\repository\com\vaadin\external\google\android-json\0.0.20131108.vaadin1\android-json-0.0.20131108.vaadin1.jar;C:\Users\Maryna Savchenko\.m2\repository\org\xmlunit\xmlunit-core\2.5.1\xmlunit-core-2.5.1.jar;C:\Users\Maryna Savchenko\.m2\repository\pl\pragmatists\JUnitParams\1.1.1\JUnitParams-1.1.1.jar;C:\Users\Maryna Savchenko\.m2\repository\org\apache\tomcat\embed\tomcat-embed-jasper\8.5.31\tomcat-embed-jasper-8.5.31.jar;C:\Users\Maryna Savchenko\.m2\repository\org\apache\tomcat\embed\tomcat-embed-core\8.5.31\tomcat-embed-core-8.5.31.jar;C:\Users\Maryna Savchenko\.m2\repository\org\apache\tomcat\tomcat-annotations-api\8.5.31\tomcat-annotations-api-8.5.31.jar;C:\Users\Maryna Savchenko\.m2\repository\org\apache\tomcat\embed\tomcat-embed-el\8.5.31\tomcat-embed-el-8.5.31.jar;C:\Users\Maryna Savchenko\.m2\repository\org\eclipse\jdt\ecj\3.12.3\ecj-3.12.3.jar;C:\Users\Maryna Savchenko\.m2\repository\junit\junit\4.12\junit-4.12.jar;C:\Users\Maryna Savchenko\.m2\repository\org\projectlombok\lombok\1.16.20\lombok-1.16.20.jar;C:\Users\Maryna Savchenko\.m2\repository\org\projectlombok\lombok-maven-plugin\1.16.20.0\lombok-maven-plugin-1.16.20.0.jar;C:\Users\Maryna Savchenko\.m2\repository\org\apache\commons\commons-lang3\3.7\commons-lang3-3.7.jar;C:\Users\Maryna Savchenko\.m2\repository\org\sonatype\plexus\plexus-build-api\0.0.7\plexus-build-api-0.0.7.jar;C:\Users\Maryna Savchenko\.m2\repository\org\codehaus\plexus\plexus-utils\1.5.8\plexus-utils-1.5.8.jar;, user.name=Maryna Savchenko, java.vm.specification.version=1.8, sun.java.command=C:\Users\MARYNA~1\AppData\Local\Temp\surefire1244754544745437156\surefirebooter7935569149334272143.jar C:\Users\Maryna Savchenko\AppData\Local\Temp\surefire1244754544745437156 2018-10-11T10-37-06_854-jvmRun1 surefire6084229711424990350tmp surefire_01445494788152468973tmp, java.home=C:\Program Files\Java\jdk1.8.0_131\jre, sun.arch.data.model=64, user.language=en, java.specification.vendor=Oracle Corporation, user.language.format=uk, awt.toolkit=sun.awt.windows.WToolkit, java.vm.info=mixed mode, java.version=1.8.0_131, java.ext.dirs=C:\Program Files\Java\jdk1.8.0_131\jre\lib\ext;C:\WINDOWS\Sun\Java\lib\ext, sun.boot.class.path=C:\Program Files\Java\jdk1.8.0_131\jre\lib\resources.jar;C:\Program Files\Java\jdk1.8.0_131\jre\lib\rt.jar;C:\Program Files\Java\jdk1.8.0_131\jre\lib\sunrsasign.jar;C:\Program Files\Java\jdk1.8.0_131\jre\lib\jsse.jar;C:\Program Files\Java\jdk1.8.0_131\jre\lib\jce.jar;C:\Program Files\Java\jdk1.8.0_131\jre\lib\charsets.jar;C:\Program Files\Java\jdk1.8.0_131\jre\lib\jfr.jar;C:\Program Files\Java\jdk1.8.0_131\jre\classes, java.awt.headless=true, java.vendor=Oracle Corporation, localRepository=C:\Users\Maryna Savchenko\.m2\repository, file.separator=\, java.vendor.url.bug=http://bugreport.sun.com/bugreport/, sun.io.unicode.encoding=UnicodeLittle, sun.cpu.endian=little, sun.desktop=windows, sun.cpu.isalist=amd64}}, SystemEnvironmentPropertySource@1010068549 {name='systemEnvironment', properties={PATH=C:\Users\Maryna Savchenko\bin;C:\Program Files\Git\mingw64\bin;C:\Program Files\Git\usr\local\bin;C:\Program Files\Git\usr\bin;C:\Program Files\Git\usr\bin;C:\Program Files\Git\mingw64\bin;C:\Program Files\Git\usr\bin;C:\Users\Maryna Savchenko\bin;C:\Program Files\Docker\Docker\Resources\bin;C:\ProgramData\Oracle\Java\javapath;C:\Program Files (x86)\Intel\TXE Components\TCS;C:\Program Files\Intel\TXE Components\TCS;C:\WINDOWS\system32;C:\WINDOWS;C:\WINDOWS\System32\Wbem;C:\WINDOWS\System32\WindowsPowerShell\v1.0;C:\Program Files\Intel\TXE Components\DAL;C:\Program Files (x86)\Intel\TXE Components\DAL;C:\Program Files\Intel\TXE Components\IPT;C:\Program Files (x86)\Intel\TXE Components\IPT;E:\java\apache-maven-3.5.0-bin\apache-maven-3.5.0\bin;C:\Program Files\Git\cmd;C:\Program Files\Java\jdk1.8.0_131\bin;C:\Program Files\MySQL\MySQL Utilities 1.6;C:\Program Files (x86)\bin;C:\Program Files (x86)\sbt\bin;C:\Program Files (x86)\Yarn\bin;C:\ProgramData\chocolatey\bin;C:\Program Files\nodejs;C:\Users\Maryna Savchenko\AppData\Local\Microsoft\WindowsApps;E:\java\spark-2.2.0-bin-hadoop2.7\bin;C:\Program Files\Java\jdk1.8.0_131\bin;C:\Program Files (x86)\sbt\bin;C:\winutils\bin;C:\Program Files\Docker Toolbox;C:\Users\Maryna Savchenko\AppData\Local\Yarn\bin;C:\Users\Maryna Savchenko\AppData\Roaming\npm;C:\Program Files\Git\usr\bin\vendor_perl;C:\Program Files\Git\usr\bin\core_perl, USERDOMAIN_ROAMINGPROFILE=BigBrother, PKG_CONFIG_PATH=C:\Program Files\Git\mingw64\lib\pkgconfig;C:\Program Files\Git\mingw64\share\pkgconfig, MSYSTEM_PREFIX=C:/Program Files/Git/mingw64, PROCESSOR_LEVEL=6, SYSTEMDRIVE=C:, CONFIG_SITE=C:/Program Files/Git/mingw64/etc/config.site, FP_NO_HOST_CHECK=NO, POSTGIS_GDAL_ENABLED_DRIVERS=GTiff PNG JPEG GIF XYZ DTED USGSDEM AAIGrid, SESSIONNAME=Console, ALLUSERSPROFILE=C:\ProgramData, GDAL_DATA=C:\Program Files\PostgreSQL\9.6\gdal-data, PROCESSOR_ARCHITECTURE=AMD64, MSYSTEM_CHOST=x86_64-w64-mingw32, =E:=E:\java\repos\JavaTutorAPI\javatutor, ORIGINAL_TEMP=C:/Users/MARYNA~1/AppData/Local/Temp, PROGRAMFILES=C:\Program Files, POSTGIS_ENABLE_OUTDB_RASTERS=1, PSMODULEPATH=C:\WINDOWS\system32\WindowsPowerShell\v1.0\Modules\, PROGRAMDATA=C:\ProgramData, CHOCOLATEYLASTPATHUPDATE=?? ??? 24 11:36:27 2018, USERNAME=Maryna Savchenko, PWD=E:/java/repos/JavaTutorAPI/javatutor, INFOPATH=C:\Program Files\Git\usr\local\info;C:\Program Files\Git\usr\share\info;C:\Program Files\Git\usr\info;C:\Program Files\Git\share\info, FPS_BROWSER_USER_PROFILE_STRING=Default, ONEDRIVE=C:\Users\Maryna Savchenko\OneDrive, PATHEXT=.COM;.EXE;.BAT;.CMD;.VBS;.VBE;.JS;.JSE;.WSF;.WSH;.MSC, SHELL=C:\Program Files\Git\usr\bin\bash.exe, ORIGINAL_TMP=C:/Users/MARYNA~1/AppData/Local/Temp, OLDPWD=E:/java/repos/JavaTutorAPI/javatutor, TMPDIR=C:\Users\MARYNA~1\AppData\Local\Temp, WINDIR=C:\WINDOWS, SSH_ASKPASS=C:/Program Files/Git/mingw64/libexec/git-core/git-gui--askpass, HOMEPATH=\Users\Maryna Savchenko, PROCESSOR_IDENTIFIER=Intel64 Family 6 Model 76 Stepping 3, GenuineIntel, HADOOP_HOME=C:\winutils, M2_HOME=E:\java\apache-maven-3.5.0-bin\apache-maven-3.5.0, PUBLIC=C:\Users\Public, MINGW_CHOST=x86_64-w64-mingw32, =::=::\, EXEPATH=C:\Program Files\Git, SHLVL=1, LOCALAPPDATA=C:\Users\Maryna Savchenko\AppData\Local, ORIGINAL_PATH=C:\Program Files\Git\mingw64\bin;C:\Program Files\Git\usr\bin;C:\Users\Maryna Savchenko\bin;C:\Program Files\Docker\Docker\Resources\bin;C:\ProgramData\Oracle\Java\javapath;C:\Program Files (x86)\Intel\TXE Components\TCS;C:\Program Files\Intel\TXE Components\TCS;C:\WINDOWS\system32;C:\WINDOWS;C:\WINDOWS\System32\Wbem;C:\WINDOWS\System32\WindowsPowerShell\v1.0;C:\Program Files\Intel\TXE Components\DAL;C:\Program Files (x86)\Intel\TXE Components\DAL;C:\Program Files\Intel\TXE Components\IPT;C:\Program Files (x86)\Intel\TXE Components\IPT;E:\java\apache-maven-3.5.0-bin\apache-maven-3.5.0\bin;C:\Program Files\Git\cmd;C:\Program Files\Java\jdk1.8.0_131\bin;C:\Program Files\MySQL\MySQL Utilities 1.6;C:\Program Files (x86)\bin;C:\Program Files (x86)\sbt\bin;C:\Program Files (x86)\Yarn\bin;C:\ProgramData\chocolatey\bin;C:\Program Files\nodejs;C:\Users\Maryna Savchenko\AppData\Local\Microsoft\WindowsApps;E:\java\spark-2.2.0-bin-hadoop2.7\bin;C:\Program Files\Java\jdk1.8.0_131\bin;C:\Program Files (x86)\sbt\bin;C:\winutils\bin;C:\Program Files\Docker Toolbox;C:\Users\Maryna Savchenko\AppData\Local\Yarn\bin;C:\Users\Maryna Savchenko\AppData\Roaming\npm, MANPATH=C:\Program Files\Git\mingw64\share\man;C:\Program Files\Git\usr\local\man;C:\Program Files\Git\usr\share\man;C:\Program Files\Git\usr\man;C:\Program Files\Git\share\man, COMMONPROGRAMFILES(X86)=C:\Program Files (x86)\Common Files, MINGW_PACKAGE_PREFIX=mingw-w64-x86_64, USERDOMAIN=BigBrother, FPS_BROWSER_APP_PROFILE_STRING=Internet Explorer, LOGONSERVER=\\BIGBROTHER, JAVA_HOME=C:/Program Files/Java/jdk1.8.0_131, PLINK_PROTOCOL=ssh, PROMPT=$P$G, PROGRAMFILES(X86)=C:\Program Files (x86), TERM=xterm, LANG=en_US.UTF-8, MINGW_PREFIX=C:/Program Files/Git/mingw64, DISPLAY=needs-to-be-defined, MSYSTEM=MINGW64, APPDATA=C:\Users\Maryna Savchenko\AppData\Roaming, SPARK_HOME=E:\java\spark-2.2.0-bin-hadoop2.7, PROGRAMW6432=C:\Program Files, SYSTEMROOT=C:\WINDOWS, CHOCOLATEYINSTALL=C:\ProgramData\chocolatey, MAVEN_CMD_LINE_ARGS= test, SCALA_HOME=C:\Program Files (x86)\sbt, VBOX_MSI_INSTALL_PATH=C:\Program Files\Oracle\VirtualBox\, OS=Windows_NT, COMMONPROGRAMW6432=C:\Program Files\Common Files, COMPUTERNAME=BIGBROTHER, COMMONPROGRAMFILES=C:\Program Files\Common Files, COMSPEC=C:\WINDOWS\system32\cmd.exe, SBT_HOME=C:\Program Files (x86)\sbt\, MAVEN_PROJECTBASEDIR=E:/java/repos/JavaTutorAPI/javatutor, PROCESSOR_REVISION=4c03, ACLOCAL_PATH=C:\Program Files\Git\mingw64\share\aclocal;C:\Program Files\Git\usr\share\aclocal, MSYSTEM_CARCH=x86_64, PRINTER=Foxit Reader PDF Printer, TEMP=C:\Users\MARYNA~1\AppData\Local\Temp, HOSTNAME=BigBrother, HOMEDRIVE=C:, USERPROFILE=C:\Users\Maryna Savchenko, TMP=C:\Users\MARYNA~1\AppData\Local\Temp, NUMBER_OF_PROCESSORS=4, DOCKER_TOOLBOX_INSTALL_PATH=C:\Program Files\Docker Toolbox, HOME=C:\Users\Maryna Savchenko}}]
10:39:17,149  INFO org.springframework.boot.test.context.SpringBootTestContextBootstrapper:244 - Found @SpringBootConfiguration pro.abacus.javatutor.JavaTutorApplication for test class pro.abacus.javatutor.repository.JavaQuestionRepositoryTest
10:39:17,149  INFO org.springframework.boot.test.context.SpringBootTestContextBootstrapper:244 - Found @SpringBootConfiguration pro.abacus.javatutor.JavaTutorApplication for test class pro.abacus.javatutor.repository.JavaQuestionRepositoryTest
10:39:17,151 DEBUG org.springframework.boot.test.context.SpringBootTestContextBootstrapper:125 - @TestExecutionListeners is not present for class [pro.abacus.javatutor.repository.JavaQuestionRepositoryTest]: using defaults.
10:39:17,151 DEBUG org.springframework.boot.test.context.SpringBootTestContextBootstrapper:125 - @TestExecutionListeners is not present for class [pro.abacus.javatutor.repository.JavaQuestionRepositoryTest]: using defaults.
10:39:17,151  INFO org.springframework.boot.test.context.SpringBootTestContextBootstrapper:248 - Loaded default TestExecutionListener class names from location [META-INF/spring.factories]: [org.springframework.security.test.context.support.WithSecurityContextTestExecutionListener, org.springframework.security.test.context.support.ReactorContextTestExecutionListener, org.springframework.test.context.web.ServletTestExecutionListener, org.springframework.test.context.support.DirtiesContextBeforeModesTestExecutionListener, org.springframework.test.context.support.DependencyInjectionTestExecutionListener, org.springframework.test.context.support.DirtiesContextTestExecutionListener, org.springframework.test.context.transaction.TransactionalTestExecutionListener, org.springframework.test.context.jdbc.SqlScriptsTestExecutionListener, org.springframework.boot.test.mock.mockito.MockitoTestExecutionListener, org.springframework.boot.test.mock.mockito.ResetMocksTestExecutionListener, org.springframework.boot.test.autoconfigure.restdocs.RestDocsTestExecutionListener, org.springframework.boot.test.autoconfigure.web.client.MockRestServiceServerResetTestExecutionListener, org.springframework.boot.test.autoconfigure.web.servlet.MockMvcPrintOnlyOnFailureTestExecutionListener, org.springframework.boot.test.autoconfigure.web.servlet.WebDriverTestExecutionListener]
10:39:17,151  INFO org.springframework.boot.test.context.SpringBootTestContextBootstrapper:248 - Loaded default TestExecutionListener class names from location [META-INF/spring.factories]: [org.springframework.security.test.context.support.WithSecurityContextTestExecutionListener, org.springframework.security.test.context.support.ReactorContextTestExecutionListener, org.springframework.test.context.web.ServletTestExecutionListener, org.springframework.test.context.support.DirtiesContextBeforeModesTestExecutionListener, org.springframework.test.context.support.DependencyInjectionTestExecutionListener, org.springframework.test.context.support.DirtiesContextTestExecutionListener, org.springframework.test.context.transaction.TransactionalTestExecutionListener, org.springframework.test.context.jdbc.SqlScriptsTestExecutionListener, org.springframework.boot.test.mock.mockito.MockitoTestExecutionListener, org.springframework.boot.test.mock.mockito.ResetMocksTestExecutionListener, org.springframework.boot.test.autoconfigure.restdocs.RestDocsTestExecutionListener, org.springframework.boot.test.autoconfigure.web.client.MockRestServiceServerResetTestExecutionListener, org.springframework.boot.test.autoconfigure.web.servlet.MockMvcPrintOnlyOnFailureTestExecutionListener, org.springframework.boot.test.autoconfigure.web.servlet.WebDriverTestExecutionListener]
10:39:17,153 TRACE org.springframework.core.io.support.SpringFactoriesLoader:97 - Loaded [org.springframework.boot.test.context.DefaultTestExecutionListenersPostProcessor] names: [org.springframework.boot.test.autoconfigure.SpringBootDependencyInjectionTestExecutionListener$PostProcessor]
10:39:17,153 TRACE org.springframework.core.io.support.SpringFactoriesLoader:97 - Loaded [org.springframework.boot.test.context.DefaultTestExecutionListenersPostProcessor] names: [org.springframework.boot.test.autoconfigure.SpringBootDependencyInjectionTestExecutionListener$PostProcessor]
10:39:17,158  INFO org.springframework.boot.test.context.SpringBootTestContextBootstrapper:177 - Using TestExecutionListeners: [org.springframework.test.context.web.ServletTestExecutionListener@16df9bde, org.springframework.test.context.support.DirtiesContextBeforeModesTestExecutionListener@478530cb, org.springframework.boot.test.mock.mockito.MockitoTestExecutionListener@5be7b749, org.springframework.boot.test.autoconfigure.SpringBootDependencyInjectionTestExecutionListener@44aeae34, org.springframework.test.context.support.DirtiesContextTestExecutionListener@2ec5cc14, org.springframework.test.context.transaction.TransactionalTestExecutionListener@40a8a26f, org.springframework.test.context.jdbc.SqlScriptsTestExecutionListener@269308cc, org.springframework.security.test.context.support.WithSecurityContextTestExecutionListener@177ddd24, org.springframework.security.test.context.support.ReactorContextTestExecutionListener@17d816b3, org.springframework.boot.test.mock.mockito.ResetMocksTestExecutionListener@126675fd, org.springframework.boot.test.autoconfigure.restdocs.RestDocsTestExecutionListener@2c0dca15, org.springframework.boot.test.autoconfigure.web.client.MockRestServiceServerResetTestExecutionListener@5560b64d, org.springframework.boot.test.autoconfigure.web.servlet.MockMvcPrintOnlyOnFailureTestExecutionListener@2da5fdc, org.springframework.boot.test.autoconfigure.web.servlet.WebDriverTestExecutionListener@23321be7]
10:39:17,158  INFO org.springframework.boot.test.context.SpringBootTestContextBootstrapper:177 - Using TestExecutionListeners: [org.springframework.test.context.web.ServletTestExecutionListener@16df9bde, org.springframework.test.context.support.DirtiesContextBeforeModesTestExecutionListener@478530cb, org.springframework.boot.test.mock.mockito.MockitoTestExecutionListener@5be7b749, org.springframework.boot.test.autoconfigure.SpringBootDependencyInjectionTestExecutionListener@44aeae34, org.springframework.test.context.support.DirtiesContextTestExecutionListener@2ec5cc14, org.springframework.test.context.transaction.TransactionalTestExecutionListener@40a8a26f, org.springframework.test.context.jdbc.SqlScriptsTestExecutionListener@269308cc, org.springframework.security.test.context.support.WithSecurityContextTestExecutionListener@177ddd24, org.springframework.security.test.context.support.ReactorContextTestExecutionListener@17d816b3, org.springframework.boot.test.mock.mockito.ResetMocksTestExecutionListener@126675fd, org.springframework.boot.test.autoconfigure.restdocs.RestDocsTestExecutionListener@2c0dca15, org.springframework.boot.test.autoconfigure.web.client.MockRestServiceServerResetTestExecutionListener@5560b64d, org.springframework.boot.test.autoconfigure.web.servlet.MockMvcPrintOnlyOnFailureTestExecutionListener@2da5fdc, org.springframework.boot.test.autoconfigure.web.servlet.WebDriverTestExecutionListener@23321be7]
10:39:17,158 TRACE org.springframework.test.context.TestContextManager:166 - Registering TestExecutionListener: org.springframework.test.context.web.ServletTestExecutionListener@16df9bde
10:39:17,158 TRACE org.springframework.test.context.TestContextManager:166 - Registering TestExecutionListener: org.springframework.test.context.web.ServletTestExecutionListener@16df9bde
10:39:17,159 TRACE org.springframework.test.context.TestContextManager:166 - Registering TestExecutionListener: org.springframework.test.context.support.DirtiesContextBeforeModesTestExecutionListener@478530cb
10:39:17,159 TRACE org.springframework.test.context.TestContextManager:166 - Registering TestExecutionListener: org.springframework.test.context.support.DirtiesContextBeforeModesTestExecutionListener@478530cb
10:39:17,159 TRACE org.springframework.test.context.TestContextManager:166 - Registering TestExecutionListener: org.springframework.boot.test.mock.mockito.MockitoTestExecutionListener@5be7b749
10:39:17,159 TRACE org.springframework.test.context.TestContextManager:166 - Registering TestExecutionListener: org.springframework.boot.test.mock.mockito.MockitoTestExecutionListener@5be7b749
10:39:17,159 TRACE org.springframework.test.context.TestContextManager:166 - Registering TestExecutionListener: org.springframework.boot.test.autoconfigure.SpringBootDependencyInjectionTestExecutionListener@44aeae34
10:39:17,159 TRACE org.springframework.test.context.TestContextManager:166 - Registering TestExecutionListener: org.springframework.boot.test.autoconfigure.SpringBootDependencyInjectionTestExecutionListener@44aeae34
10:39:17,160 TRACE org.springframework.test.context.TestContextManager:166 - Registering TestExecutionListener: org.springframework.test.context.support.DirtiesContextTestExecutionListener@2ec5cc14
10:39:17,160 TRACE org.springframework.test.context.TestContextManager:166 - Registering TestExecutionListener: org.springframework.test.context.support.DirtiesContextTestExecutionListener@2ec5cc14
10:39:17,160 TRACE org.springframework.test.context.TestContextManager:166 - Registering TestExecutionListener: org.springframework.test.context.transaction.TransactionalTestExecutionListener@40a8a26f
10:39:17,160 TRACE org.springframework.test.context.TestContextManager:166 - Registering TestExecutionListener: org.springframework.test.context.transaction.TransactionalTestExecutionListener@40a8a26f
10:39:17,160 TRACE org.springframework.test.context.TestContextManager:166 - Registering TestExecutionListener: org.springframework.test.context.jdbc.SqlScriptsTestExecutionListener@269308cc
10:39:17,160 TRACE org.springframework.test.context.TestContextManager:166 - Registering TestExecutionListener: org.springframework.test.context.jdbc.SqlScriptsTestExecutionListener@269308cc
10:39:17,161 TRACE org.springframework.test.context.TestContextManager:166 - Registering TestExecutionListener: org.springframework.security.test.context.support.WithSecurityContextTestExecutionListener@177ddd24
10:39:17,161 TRACE org.springframework.test.context.TestContextManager:166 - Registering TestExecutionListener: org.springframework.security.test.context.support.WithSecurityContextTestExecutionListener@177ddd24
10:39:17,161 TRACE org.springframework.test.context.TestContextManager:166 - Registering TestExecutionListener: org.springframework.security.test.context.support.ReactorContextTestExecutionListener@17d816b3
10:39:17,161 TRACE org.springframework.test.context.TestContextManager:166 - Registering TestExecutionListener: org.springframework.security.test.context.support.ReactorContextTestExecutionListener@17d816b3
10:39:17,161 TRACE org.springframework.test.context.TestContextManager:166 - Registering TestExecutionListener: org.springframework.boot.test.mock.mockito.ResetMocksTestExecutionListener@126675fd
10:39:17,161 TRACE org.springframework.test.context.TestContextManager:166 - Registering TestExecutionListener: org.springframework.boot.test.mock.mockito.ResetMocksTestExecutionListener@126675fd
10:39:17,162 TRACE org.springframework.test.context.TestContextManager:166 - Registering TestExecutionListener: org.springframework.boot.test.autoconfigure.restdocs.RestDocsTestExecutionListener@2c0dca15
10:39:17,162 TRACE org.springframework.test.context.TestContextManager:166 - Registering TestExecutionListener: org.springframework.boot.test.autoconfigure.restdocs.RestDocsTestExecutionListener@2c0dca15
10:39:17,162 TRACE org.springframework.test.context.TestContextManager:166 - Registering TestExecutionListener: org.springframework.boot.test.autoconfigure.web.client.MockRestServiceServerResetTestExecutionListener@5560b64d
10:39:17,162 TRACE org.springframework.test.context.TestContextManager:166 - Registering TestExecutionListener: org.springframework.boot.test.autoconfigure.web.client.MockRestServiceServerResetTestExecutionListener@5560b64d
10:39:17,162 TRACE org.springframework.test.context.TestContextManager:166 - Registering TestExecutionListener: org.springframework.boot.test.autoconfigure.web.servlet.MockMvcPrintOnlyOnFailureTestExecutionListener@2da5fdc
10:39:17,162 TRACE org.springframework.test.context.TestContextManager:166 - Registering TestExecutionListener: org.springframework.boot.test.autoconfigure.web.servlet.MockMvcPrintOnlyOnFailureTestExecutionListener@2da5fdc
10:39:17,162 TRACE org.springframework.test.context.TestContextManager:166 - Registering TestExecutionListener: org.springframework.boot.test.autoconfigure.web.servlet.WebDriverTestExecutionListener@23321be7
10:39:17,162 TRACE org.springframework.test.context.TestContextManager:166 - Registering TestExecutionListener: org.springframework.boot.test.autoconfigure.web.servlet.WebDriverTestExecutionListener@23321be7
10:39:17,163 DEBUG org.springframework.test.annotation.ProfileValueUtils:70 - Retrieved @ProfileValueSourceConfiguration [null] for test class [pro.abacus.javatutor.repository.JavaQuestionRepositoryTest]
10:39:17,163 DEBUG org.springframework.test.annotation.ProfileValueUtils:70 - Retrieved @ProfileValueSourceConfiguration [null] for test class [pro.abacus.javatutor.repository.JavaQuestionRepositoryTest]
10:39:17,163 DEBUG org.springframework.test.annotation.ProfileValueUtils:83 - Retrieved ProfileValueSource type [class org.springframework.test.annotation.SystemProfileValueSource] for class [pro.abacus.javatutor.repository.JavaQuestionRepositoryTest]
10:39:17,163 DEBUG org.springframework.test.annotation.ProfileValueUtils:83 - Retrieved ProfileValueSource type [class org.springframework.test.annotation.SystemProfileValueSource] for class [pro.abacus.javatutor.repository.JavaQuestionRepositoryTest]
10:39:17,164 DEBUG org.springframework.test.annotation.ProfileValueUtils:70 - Retrieved @ProfileValueSourceConfiguration [null] for test class [pro.abacus.javatutor.repository.JavaQuestionRepositoryTest]
10:39:17,164 DEBUG org.springframework.test.annotation.ProfileValueUtils:70 - Retrieved @ProfileValueSourceConfiguration [null] for test class [pro.abacus.javatutor.repository.JavaQuestionRepositoryTest]
10:39:17,165 DEBUG org.springframework.test.annotation.ProfileValueUtils:83 - Retrieved ProfileValueSource type [class org.springframework.test.annotation.SystemProfileValueSource] for class [pro.abacus.javatutor.repository.JavaQuestionRepositoryTest]
10:39:17,165 DEBUG org.springframework.test.annotation.ProfileValueUtils:83 - Retrieved ProfileValueSource type [class org.springframework.test.annotation.SystemProfileValueSource] for class [pro.abacus.javatutor.repository.JavaQuestionRepositoryTest]
10:39:17,165 DEBUG org.springframework.test.annotation.ProfileValueUtils:70 - Retrieved @ProfileValueSourceConfiguration [null] for test class [pro.abacus.javatutor.repository.JavaQuestionRepositoryTest]
10:39:17,165 DEBUG org.springframework.test.annotation.ProfileValueUtils:70 - Retrieved @ProfileValueSourceConfiguration [null] for test class [pro.abacus.javatutor.repository.JavaQuestionRepositoryTest]
10:39:17,165 DEBUG org.springframework.test.annotation.ProfileValueUtils:83 - Retrieved ProfileValueSource type [class org.springframework.test.annotation.SystemProfileValueSource] for class [pro.abacus.javatutor.repository.JavaQuestionRepositoryTest]
10:39:17,165 DEBUG org.springframework.test.annotation.ProfileValueUtils:83 - Retrieved ProfileValueSource type [class org.springframework.test.annotation.SystemProfileValueSource] for class [pro.abacus.javatutor.repository.JavaQuestionRepositoryTest]
10:39:17,166 TRACE org.springframework.test.context.TestContextManager:209 - beforeTestClass(): class [pro.abacus.javatutor.repository.JavaQuestionRepositoryTest]
10:39:17,166 TRACE org.springframework.test.context.TestContextManager:209 - beforeTestClass(): class [pro.abacus.javatutor.repository.JavaQuestionRepositoryTest]
10:39:17,167 DEBUG org.springframework.test.context.support.AbstractDirtiesContextTestExecutionListener:142 - Before test class: context [DefaultTestContext@61ad30f6 testClass = JavaQuestionRepositoryTest, testInstance = [null], testMethod = [null], testException = [null], mergedContextConfiguration = [MergedContextConfiguration@312f3050 testClass = JavaQuestionRepositoryTest, locations = '{}', classes = '{class pro.abacus.javatutor.JavaTutorApplication}', contextInitializerClasses = '[]', activeProfiles = '{}', propertySourceLocations = '{}', propertySourceProperties = '{org.springframework.boot.test.context.SpringBootTestContextBootstrapper=true}', contextCustomizers = set[[ImportsContextCustomizer@615bad16 key = [org.springframework.boot.autoconfigure.cache.CacheAutoConfiguration, org.springframework.boot.autoconfigure.data.mongo.MongoDataAutoConfiguration, org.springframework.boot.autoconfigure.data.mongo.MongoReactiveDataAutoConfiguration, org.springframework.boot.autoconfigure.data.mongo.MongoReactiveRepositoriesAutoConfiguration, org.springframework.boot.autoconfigure.data.mongo.MongoRepositoriesAutoConfiguration, org.springframework.boot.autoconfigure.mongo.MongoAutoConfiguration, org.springframework.boot.autoconfigure.mongo.MongoReactiveAutoConfiguration, org.springframework.boot.autoconfigure.mongo.embedded.EmbeddedMongoAutoConfiguration]], org.springframework.boot.test.context.filter.ExcludeFilterContextCustomizer@290dbf45, org.springframework.boot.test.json.DuplicateJsonObjectContextCustomizerFactory$DuplicateJsonObjectContextCustomizer@69a10787, org.springframework.boot.test.mock.mockito.MockitoContextCustomizer@0, org.springframework.boot.test.autoconfigure.OverrideAutoConfigurationContextCustomizerFactory$DisableAutoConfigurationContextCustomizer@1c72da34, org.springframework.boot.test.autoconfigure.filter.TypeExcludeFiltersContextCustomizer@351584c0, org.springframework.boot.test.autoconfigure.properties.PropertyMappingContextCustomizer@9c19a3b8, org.springframework.boot.test.autoconfigure.web.servlet.WebDriverContextCustomizerFactory$Customizer@7f9fcf7f], contextLoader = 'org.springframework.boot.test.context.SpringBootContextLoader', parent = [null]], attributes = map[[empty]]], class annotated with @DirtiesContext [false] with mode [null].
10:39:17,167 DEBUG org.springframework.test.context.support.AbstractDirtiesContextTestExecutionListener:142 - Before test class: context [DefaultTestContext@61ad30f6 testClass = JavaQuestionRepositoryTest, testInstance = [null], testMethod = [null], testException = [null], mergedContextConfiguration = [MergedContextConfiguration@312f3050 testClass = JavaQuestionRepositoryTest, locations = '{}', classes = '{class pro.abacus.javatutor.JavaTutorApplication}', contextInitializerClasses = '[]', activeProfiles = '{}', propertySourceLocations = '{}', propertySourceProperties = '{org.springframework.boot.test.context.SpringBootTestContextBootstrapper=true}', contextCustomizers = set[[ImportsContextCustomizer@615bad16 key = [org.springframework.boot.autoconfigure.cache.CacheAutoConfiguration, org.springframework.boot.autoconfigure.data.mongo.MongoDataAutoConfiguration, org.springframework.boot.autoconfigure.data.mongo.MongoReactiveDataAutoConfiguration, org.springframework.boot.autoconfigure.data.mongo.MongoReactiveRepositoriesAutoConfiguration, org.springframework.boot.autoconfigure.data.mongo.MongoRepositoriesAutoConfiguration, org.springframework.boot.autoconfigure.mongo.MongoAutoConfiguration, org.springframework.boot.autoconfigure.mongo.MongoReactiveAutoConfiguration, org.springframework.boot.autoconfigure.mongo.embedded.EmbeddedMongoAutoConfiguration]], org.springframework.boot.test.context.filter.ExcludeFilterContextCustomizer@290dbf45, org.springframework.boot.test.json.DuplicateJsonObjectContextCustomizerFactory$DuplicateJsonObjectContextCustomizer@69a10787, org.springframework.boot.test.mock.mockito.MockitoContextCustomizer@0, org.springframework.boot.test.autoconfigure.OverrideAutoConfigurationContextCustomizerFactory$DisableAutoConfigurationContextCustomizer@1c72da34, org.springframework.boot.test.autoconfigure.filter.TypeExcludeFiltersContextCustomizer@351584c0, org.springframework.boot.test.autoconfigure.properties.PropertyMappingContextCustomizer@9c19a3b8, org.springframework.boot.test.autoconfigure.web.servlet.WebDriverContextCustomizerFactory$Customizer@7f9fcf7f], contextLoader = 'org.springframework.boot.test.context.SpringBootContextLoader', parent = [null]], attributes = map[[empty]]], class annotated with @DirtiesContext [false] with mode [null].
10:39:17,168 DEBUG org.springframework.test.annotation.ProfileValueUtils:70 - Retrieved @ProfileValueSourceConfiguration [null] for test class [pro.abacus.javatutor.repository.JavaQuestionRepositoryTest]
10:39:17,168 DEBUG org.springframework.test.annotation.ProfileValueUtils:70 - Retrieved @ProfileValueSourceConfiguration [null] for test class [pro.abacus.javatutor.repository.JavaQuestionRepositoryTest]
10:39:17,169 DEBUG org.springframework.test.annotation.ProfileValueUtils:83 - Retrieved ProfileValueSource type [class org.springframework.test.annotation.SystemProfileValueSource] for class [pro.abacus.javatutor.repository.JavaQuestionRepositoryTest]
10:39:17,169 DEBUG org.springframework.test.annotation.ProfileValueUtils:83 - Retrieved ProfileValueSource type [class org.springframework.test.annotation.SystemProfileValueSource] for class [pro.abacus.javatutor.repository.JavaQuestionRepositoryTest]
10:39:17,171 TRACE org.springframework.test.context.TestContextManager:240 - prepareTestInstance(): instance [pro.abacus.javatutor.repository.JavaQuestionRepositoryTest@52856ff9]
10:39:17,171 TRACE org.springframework.test.context.TestContextManager:240 - prepareTestInstance(): instance [pro.abacus.javatutor.repository.JavaQuestionRepositoryTest@52856ff9]
10:39:17,172 DEBUG org.springframework.test.context.support.DependencyInjectionTestExecutionListener:81 - Performing dependency injection for test context [[DefaultTestContext@61ad30f6 testClass = JavaQuestionRepositoryTest, testInstance = pro.abacus.javatutor.repository.JavaQuestionRepositoryTest@52856ff9, testMethod = [null], testException = [null], mergedContextConfiguration = [MergedContextConfiguration@312f3050 testClass = JavaQuestionRepositoryTest, locations = '{}', classes = '{class pro.abacus.javatutor.JavaTutorApplication}', contextInitializerClasses = '[]', activeProfiles = '{}', propertySourceLocations = '{}', propertySourceProperties = '{org.springframework.boot.test.context.SpringBootTestContextBootstrapper=true}', contextCustomizers = set[[ImportsContextCustomizer@615bad16 key = [org.springframework.boot.autoconfigure.cache.CacheAutoConfiguration, org.springframework.boot.autoconfigure.data.mongo.MongoDataAutoConfiguration, org.springframework.boot.autoconfigure.data.mongo.MongoReactiveDataAutoConfiguration, org.springframework.boot.autoconfigure.data.mongo.MongoReactiveRepositoriesAutoConfiguration, org.springframework.boot.autoconfigure.data.mongo.MongoRepositoriesAutoConfiguration, org.springframework.boot.autoconfigure.mongo.MongoAutoConfiguration, org.springframework.boot.autoconfigure.mongo.MongoReactiveAutoConfiguration, org.springframework.boot.autoconfigure.mongo.embedded.EmbeddedMongoAutoConfiguration]], org.springframework.boot.test.context.filter.ExcludeFilterContextCustomizer@290dbf45, org.springframework.boot.test.json.DuplicateJsonObjectContextCustomizerFactory$DuplicateJsonObjectContextCustomizer@69a10787, org.springframework.boot.test.mock.mockito.MockitoContextCustomizer@0, org.springframework.boot.test.autoconfigure.OverrideAutoConfigurationContextCustomizerFactory$DisableAutoConfigurationContextCustomizer@1c72da34, org.springframework.boot.test.autoconfigure.filter.TypeExcludeFiltersContextCustomizer@351584c0, org.springframework.boot.test.autoconfigure.properties.PropertyMappingContextCustomizer@9c19a3b8, org.springframework.boot.test.autoconfigure.web.servlet.WebDriverContextCustomizerFactory$Customizer@7f9fcf7f], contextLoader = 'org.springframework.boot.test.context.SpringBootContextLoader', parent = [null]], attributes = map[[empty]]]].
10:39:17,172 DEBUG org.springframework.test.context.support.DependencyInjectionTestExecutionListener:81 - Performing dependency injection for test context [[DefaultTestContext@61ad30f6 testClass = JavaQuestionRepositoryTest, testInstance = pro.abacus.javatutor.repository.JavaQuestionRepositoryTest@52856ff9, testMethod = [null], testException = [null], mergedContextConfiguration = [MergedContextConfiguration@312f3050 testClass = JavaQuestionRepositoryTest, locations = '{}', classes = '{class pro.abacus.javatutor.JavaTutorApplication}', contextInitializerClasses = '[]', activeProfiles = '{}', propertySourceLocations = '{}', propertySourceProperties = '{org.springframework.boot.test.context.SpringBootTestContextBootstrapper=true}', contextCustomizers = set[[ImportsContextCustomizer@615bad16 key = [org.springframework.boot.autoconfigure.cache.CacheAutoConfiguration, org.springframework.boot.autoconfigure.data.mongo.MongoDataAutoConfiguration, org.springframework.boot.autoconfigure.data.mongo.MongoReactiveDataAutoConfiguration, org.springframework.boot.autoconfigure.data.mongo.MongoReactiveRepositoriesAutoConfiguration, org.springframework.boot.autoconfigure.data.mongo.MongoRepositoriesAutoConfiguration, org.springframework.boot.autoconfigure.mongo.MongoAutoConfiguration, org.springframework.boot.autoconfigure.mongo.MongoReactiveAutoConfiguration, org.springframework.boot.autoconfigure.mongo.embedded.EmbeddedMongoAutoConfiguration]], org.springframework.boot.test.context.filter.ExcludeFilterContextCustomizer@290dbf45, org.springframework.boot.test.json.DuplicateJsonObjectContextCustomizerFactory$DuplicateJsonObjectContextCustomizer@69a10787, org.springframework.boot.test.mock.mockito.MockitoContextCustomizer@0, org.springframework.boot.test.autoconfigure.OverrideAutoConfigurationContextCustomizerFactory$DisableAutoConfigurationContextCustomizer@1c72da34, org.springframework.boot.test.autoconfigure.filter.TypeExcludeFiltersContextCustomizer@351584c0, org.springframework.boot.test.autoconfigure.properties.PropertyMappingContextCustomizer@9c19a3b8, org.springframework.boot.test.autoconfigure.web.servlet.WebDriverContextCustomizerFactory$Customizer@7f9fcf7f], contextLoader = 'org.springframework.boot.test.context.SpringBootContextLoader', parent = [null]], attributes = map[[empty]]]].
10:39:17,174 DEBUG org.springframework.test.context.cache.DefaultCacheAwareContextLoaderDelegate:130 - Retrieved ApplicationContext from cache with key [[MergedContextConfiguration@312f3050 testClass = JavaQuestionRepositoryTest, locations = '{}', classes = '{class pro.abacus.javatutor.JavaTutorApplication}', contextInitializerClasses = '[]', activeProfiles = '{}', propertySourceLocations = '{}', propertySourceProperties = '{org.springframework.boot.test.context.SpringBootTestContextBootstrapper=true}', contextCustomizers = set[[ImportsContextCustomizer@615bad16 key = [org.springframework.boot.autoconfigure.cache.CacheAutoConfiguration, org.springframework.boot.autoconfigure.data.mongo.MongoDataAutoConfiguration, org.springframework.boot.autoconfigure.data.mongo.MongoReactiveDataAutoConfiguration, org.springframework.boot.autoconfigure.data.mongo.MongoReactiveRepositoriesAutoConfiguration, org.springframework.boot.autoconfigure.data.mongo.MongoRepositoriesAutoConfiguration, org.springframework.boot.autoconfigure.mongo.MongoAutoConfiguration, org.springframework.boot.autoconfigure.mongo.MongoReactiveAutoConfiguration, org.springframework.boot.autoconfigure.mongo.embedded.EmbeddedMongoAutoConfiguration]], org.springframework.boot.test.context.filter.ExcludeFilterContextCustomizer@290dbf45, org.springframework.boot.test.json.DuplicateJsonObjectContextCustomizerFactory$DuplicateJsonObjectContextCustomizer@69a10787, org.springframework.boot.test.mock.mockito.MockitoContextCustomizer@0, org.springframework.boot.test.autoconfigure.OverrideAutoConfigurationContextCustomizerFactory$DisableAutoConfigurationContextCustomizer@1c72da34, org.springframework.boot.test.autoconfigure.filter.TypeExcludeFiltersContextCustomizer@351584c0, org.springframework.boot.test.autoconfigure.properties.PropertyMappingContextCustomizer@9c19a3b8, org.springframework.boot.test.autoconfigure.web.servlet.WebDriverContextCustomizerFactory$Customizer@7f9fcf7f], contextLoader = 'org.springframework.boot.test.context.SpringBootContextLoader', parent = [null]]]
10:39:17,174 DEBUG org.springframework.test.context.cache.DefaultCacheAwareContextLoaderDelegate:130 - Retrieved ApplicationContext from cache with key [[MergedContextConfiguration@312f3050 testClass = JavaQuestionRepositoryTest, locations = '{}', classes = '{class pro.abacus.javatutor.JavaTutorApplication}', contextInitializerClasses = '[]', activeProfiles = '{}', propertySourceLocations = '{}', propertySourceProperties = '{org.springframework.boot.test.context.SpringBootTestContextBootstrapper=true}', contextCustomizers = set[[ImportsContextCustomizer@615bad16 key = [org.springframework.boot.autoconfigure.cache.CacheAutoConfiguration, org.springframework.boot.autoconfigure.data.mongo.MongoDataAutoConfiguration, org.springframework.boot.autoconfigure.data.mongo.MongoReactiveDataAutoConfiguration, org.springframework.boot.autoconfigure.data.mongo.MongoReactiveRepositoriesAutoConfiguration, org.springframework.boot.autoconfigure.data.mongo.MongoRepositoriesAutoConfiguration, org.springframework.boot.autoconfigure.mongo.MongoAutoConfiguration, org.springframework.boot.autoconfigure.mongo.MongoReactiveAutoConfiguration, org.springframework.boot.autoconfigure.mongo.embedded.EmbeddedMongoAutoConfiguration]], org.springframework.boot.test.context.filter.ExcludeFilterContextCustomizer@290dbf45, org.springframework.boot.test.json.DuplicateJsonObjectContextCustomizerFactory$DuplicateJsonObjectContextCustomizer@69a10787, org.springframework.boot.test.mock.mockito.MockitoContextCustomizer@0, org.springframework.boot.test.autoconfigure.OverrideAutoConfigurationContextCustomizerFactory$DisableAutoConfigurationContextCustomizer@1c72da34, org.springframework.boot.test.autoconfigure.filter.TypeExcludeFiltersContextCustomizer@351584c0, org.springframework.boot.test.autoconfigure.properties.PropertyMappingContextCustomizer@9c19a3b8, org.springframework.boot.test.autoconfigure.web.servlet.WebDriverContextCustomizerFactory$Customizer@7f9fcf7f], contextLoader = 'org.springframework.boot.test.context.SpringBootContextLoader', parent = [null]]]
10:39:17,175 DEBUG org.springframework.test.context.cache:290 - Spring test ApplicationContext cache statistics: [DefaultContextCache@1431267b size = 4, maxSize = 32, parentContextCount = 0, hitCount = 39, missCount = 4]
10:39:17,175 DEBUG org.springframework.test.context.cache:290 - Spring test ApplicationContext cache statistics: [DefaultContextCache@1431267b size = 4, maxSize = 32, parentContextCount = 0, hitCount = 39, missCount = 4]
10:39:17,177 TRACE org.springframework.beans.CachedIntrospectionResults:271 - Getting BeanInfo for class [pro.abacus.javatutor.repository.JavaQuestionRepositoryTest]
10:39:17,177 TRACE org.springframework.beans.CachedIntrospectionResults:271 - Getting BeanInfo for class [pro.abacus.javatutor.repository.JavaQuestionRepositoryTest]
10:39:17,184 TRACE org.springframework.beans.CachedIntrospectionResults:276 - Caching PropertyDescriptors for class [pro.abacus.javatutor.repository.JavaQuestionRepositoryTest]
10:39:17,184 TRACE org.springframework.beans.CachedIntrospectionResults:276 - Caching PropertyDescriptors for class [pro.abacus.javatutor.repository.JavaQuestionRepositoryTest]
10:39:17,193 TRACE org.springframework.beans.CachedIntrospectionResults:289 - Found bean property 'class' of type [java.lang.Class]
10:39:17,193 TRACE org.springframework.beans.CachedIntrospectionResults:289 - Found bean property 'class' of type [java.lang.Class]
10:39:17,194 DEBUG org.springframework.beans.factory.annotation.InjectionMetadata:89 - Processing injected element of bean 'pro.abacus.javatutor.repository.JavaQuestionRepositoryTest': AutowiredFieldElement for private org.springframework.data.mongodb.core.MongoTemplate pro.abacus.javatutor.repository.JavaQuestionRepositoryTest.mongoTemplate
10:39:17,194 DEBUG org.springframework.beans.factory.annotation.InjectionMetadata:89 - Processing injected element of bean 'pro.abacus.javatutor.repository.JavaQuestionRepositoryTest': AutowiredFieldElement for private org.springframework.data.mongodb.core.MongoTemplate pro.abacus.javatutor.repository.JavaQuestionRepositoryTest.mongoTemplate
10:39:17,196 DEBUG org.springframework.beans.factory.support.DefaultListableBeanFactory:254 - Returning cached instance of singleton bean 'mongoTemplate'
10:39:17,196 DEBUG org.springframework.beans.factory.support.DefaultListableBeanFactory:254 - Returning cached instance of singleton bean 'mongoTemplate'
10:39:17,200 DEBUG org.springframework.beans.factory.annotation.AutowiredAnnotationBeanPostProcessor:530 - Autowiring by type from bean name 'pro.abacus.javatutor.repository.JavaQuestionRepositoryTest' to bean named 'mongoTemplate'
10:39:17,200 DEBUG org.springframework.beans.factory.annotation.AutowiredAnnotationBeanPostProcessor:530 - Autowiring by type from bean name 'pro.abacus.javatutor.repository.JavaQuestionRepositoryTest' to bean named 'mongoTemplate'
10:39:17,201 DEBUG org.springframework.beans.factory.annotation.InjectionMetadata:89 - Processing injected element of bean 'pro.abacus.javatutor.repository.JavaQuestionRepositoryTest': AutowiredFieldElement for pro.abacus.javatutor.repository.JavaQuestionRepository pro.abacus.javatutor.repository.JavaQuestionRepositoryTest.javaQuestionRepository
10:39:17,201 DEBUG org.springframework.beans.factory.annotation.InjectionMetadata:89 - Processing injected element of bean 'pro.abacus.javatutor.repository.JavaQuestionRepositoryTest': AutowiredFieldElement for pro.abacus.javatutor.repository.JavaQuestionRepository pro.abacus.javatutor.repository.JavaQuestionRepositoryTest.javaQuestionRepository
10:39:17,210 DEBUG org.springframework.beans.factory.support.DefaultListableBeanFactory:254 - Returning cached instance of singleton bean 'javaQuestionRepository'
10:39:17,210 DEBUG org.springframework.beans.factory.support.DefaultListableBeanFactory:254 - Returning cached instance of singleton bean 'javaQuestionRepository'
10:39:17,211 DEBUG org.springframework.beans.factory.annotation.AutowiredAnnotationBeanPostProcessor:530 - Autowiring by type from bean name 'pro.abacus.javatutor.repository.JavaQuestionRepositoryTest' to bean named 'javaQuestionRepository'
10:39:17,211 DEBUG org.springframework.beans.factory.annotation.AutowiredAnnotationBeanPostProcessor:530 - Autowiring by type from bean name 'pro.abacus.javatutor.repository.JavaQuestionRepositoryTest' to bean named 'javaQuestionRepository'
10:39:17,219 TRACE org.springframework.test.context.TestContextManager:512 - beforeTestMethod(): instance [pro.abacus.javatutor.repository.JavaQuestionRepositoryTest@52856ff9], method [public void pro.abacus.javatutor.repository.JavaQuestionRepositoryTest.shouldLookUpQuestionsByAccount() throws java.lang.Exception]
10:39:17,219 TRACE org.springframework.test.context.TestContextManager:512 - beforeTestMethod(): instance [pro.abacus.javatutor.repository.JavaQuestionRepositoryTest@52856ff9], method [public void pro.abacus.javatutor.repository.JavaQuestionRepositoryTest.shouldLookUpQuestionsByAccount() throws java.lang.Exception]
10:39:17,224 DEBUG org.springframework.test.context.support.AbstractDirtiesContextTestExecutionListener:107 - Before test method: context [DefaultTestContext@61ad30f6 testClass = JavaQuestionRepositoryTest, testInstance = pro.abacus.javatutor.repository.JavaQuestionRepositoryTest@52856ff9, testMethod = shouldLookUpQuestionsByAccount@JavaQuestionRepositoryTest, testException = [null], mergedContextConfiguration = [MergedContextConfiguration@312f3050 testClass = JavaQuestionRepositoryTest, locations = '{}', classes = '{class pro.abacus.javatutor.JavaTutorApplication}', contextInitializerClasses = '[]', activeProfiles = '{}', propertySourceLocations = '{}', propertySourceProperties = '{org.springframework.boot.test.context.SpringBootTestContextBootstrapper=true}', contextCustomizers = set[[ImportsContextCustomizer@615bad16 key = [org.springframework.boot.autoconfigure.cache.CacheAutoConfiguration, org.springframework.boot.autoconfigure.data.mongo.MongoDataAutoConfiguration, org.springframework.boot.autoconfigure.data.mongo.MongoReactiveDataAutoConfiguration, org.springframework.boot.autoconfigure.data.mongo.MongoReactiveRepositoriesAutoConfiguration, org.springframework.boot.autoconfigure.data.mongo.MongoRepositoriesAutoConfiguration, org.springframework.boot.autoconfigure.mongo.MongoAutoConfiguration, org.springframework.boot.autoconfigure.mongo.MongoReactiveAutoConfiguration, org.springframework.boot.autoconfigure.mongo.embedded.EmbeddedMongoAutoConfiguration]], org.springframework.boot.test.context.filter.ExcludeFilterContextCustomizer@290dbf45, org.springframework.boot.test.json.DuplicateJsonObjectContextCustomizerFactory$DuplicateJsonObjectContextCustomizer@69a10787, org.springframework.boot.test.mock.mockito.MockitoContextCustomizer@0, org.springframework.boot.test.autoconfigure.OverrideAutoConfigurationContextCustomizerFactory$DisableAutoConfigurationContextCustomizer@1c72da34, org.springframework.boot.test.autoconfigure.filter.TypeExcludeFiltersContextCustomizer@351584c0, org.springframework.boot.test.autoconfigure.properties.PropertyMappingContextCustomizer@9c19a3b8, org.springframework.boot.test.autoconfigure.web.servlet.WebDriverContextCustomizerFactory$Customizer@7f9fcf7f], contextLoader = 'org.springframework.boot.test.context.SpringBootContextLoader', parent = [null]], attributes = map[[empty]]], class annotated with @DirtiesContext [false] with mode [null], method annotated with @DirtiesContext [false] with mode [null].
10:39:17,224 DEBUG org.springframework.test.context.support.AbstractDirtiesContextTestExecutionListener:107 - Before test method: context [DefaultTestContext@61ad30f6 testClass = JavaQuestionRepositoryTest, testInstance = pro.abacus.javatutor.repository.JavaQuestionRepositoryTest@52856ff9, testMethod = shouldLookUpQuestionsByAccount@JavaQuestionRepositoryTest, testException = [null], mergedContextConfiguration = [MergedContextConfiguration@312f3050 testClass = JavaQuestionRepositoryTest, locations = '{}', classes = '{class pro.abacus.javatutor.JavaTutorApplication}', contextInitializerClasses = '[]', activeProfiles = '{}', propertySourceLocations = '{}', propertySourceProperties = '{org.springframework.boot.test.context.SpringBootTestContextBootstrapper=true}', contextCustomizers = set[[ImportsContextCustomizer@615bad16 key = [org.springframework.boot.autoconfigure.cache.CacheAutoConfiguration, org.springframework.boot.autoconfigure.data.mongo.MongoDataAutoConfiguration, org.springframework.boot.autoconfigure.data.mongo.MongoReactiveDataAutoConfiguration, org.springframework.boot.autoconfigure.data.mongo.MongoReactiveRepositoriesAutoConfiguration, org.springframework.boot.autoconfigure.data.mongo.MongoRepositoriesAutoConfiguration, org.springframework.boot.autoconfigure.mongo.MongoAutoConfiguration, org.springframework.boot.autoconfigure.mongo.MongoReactiveAutoConfiguration, org.springframework.boot.autoconfigure.mongo.embedded.EmbeddedMongoAutoConfiguration]], org.springframework.boot.test.context.filter.ExcludeFilterContextCustomizer@290dbf45, org.springframework.boot.test.json.DuplicateJsonObjectContextCustomizerFactory$DuplicateJsonObjectContextCustomizer@69a10787, org.springframework.boot.test.mock.mockito.MockitoContextCustomizer@0, org.springframework.boot.test.autoconfigure.OverrideAutoConfigurationContextCustomizerFactory$DisableAutoConfigurationContextCustomizer@1c72da34, org.springframework.boot.test.autoconfigure.filter.TypeExcludeFiltersContextCustomizer@351584c0, org.springframework.boot.test.autoconfigure.properties.PropertyMappingContextCustomizer@9c19a3b8, org.springframework.boot.test.autoconfigure.web.servlet.WebDriverContextCustomizerFactory$Customizer@7f9fcf7f], contextLoader = 'org.springframework.boot.test.context.SpringBootContextLoader', parent = [null]], attributes = map[[empty]]], class annotated with @DirtiesContext [false] with mode [null], method annotated with @DirtiesContext [false] with mode [null].
10:39:17,227 DEBUG org.springframework.test.context.cache.DefaultCacheAwareContextLoaderDelegate:130 - Retrieved ApplicationContext from cache with key [[MergedContextConfiguration@312f3050 testClass = JavaQuestionRepositoryTest, locations = '{}', classes = '{class pro.abacus.javatutor.JavaTutorApplication}', contextInitializerClasses = '[]', activeProfiles = '{}', propertySourceLocations = '{}', propertySourceProperties = '{org.springframework.boot.test.context.SpringBootTestContextBootstrapper=true}', contextCustomizers = set[[ImportsContextCustomizer@615bad16 key = [org.springframework.boot.autoconfigure.cache.CacheAutoConfiguration, org.springframework.boot.autoconfigure.data.mongo.MongoDataAutoConfiguration, org.springframework.boot.autoconfigure.data.mongo.MongoReactiveDataAutoConfiguration, org.springframework.boot.autoconfigure.data.mongo.MongoReactiveRepositoriesAutoConfiguration, org.springframework.boot.autoconfigure.data.mongo.MongoRepositoriesAutoConfiguration, org.springframework.boot.autoconfigure.mongo.MongoAutoConfiguration, org.springframework.boot.autoconfigure.mongo.MongoReactiveAutoConfiguration, org.springframework.boot.autoconfigure.mongo.embedded.EmbeddedMongoAutoConfiguration]], org.springframework.boot.test.context.filter.ExcludeFilterContextCustomizer@290dbf45, org.springframework.boot.test.json.DuplicateJsonObjectContextCustomizerFactory$DuplicateJsonObjectContextCustomizer@69a10787, org.springframework.boot.test.mock.mockito.MockitoContextCustomizer@0, org.springframework.boot.test.autoconfigure.OverrideAutoConfigurationContextCustomizerFactory$DisableAutoConfigurationContextCustomizer@1c72da34, org.springframework.boot.test.autoconfigure.filter.TypeExcludeFiltersContextCustomizer@351584c0, org.springframework.boot.test.autoconfigure.properties.PropertyMappingContextCustomizer@9c19a3b8, org.springframework.boot.test.autoconfigure.web.servlet.WebDriverContextCustomizerFactory$Customizer@7f9fcf7f], contextLoader = 'org.springframework.boot.test.context.SpringBootContextLoader', parent = [null]]]
10:39:17,227 DEBUG org.springframework.test.context.cache.DefaultCacheAwareContextLoaderDelegate:130 - Retrieved ApplicationContext from cache with key [[MergedContextConfiguration@312f3050 testClass = JavaQuestionRepositoryTest, locations = '{}', classes = '{class pro.abacus.javatutor.JavaTutorApplication}', contextInitializerClasses = '[]', activeProfiles = '{}', propertySourceLocations = '{}', propertySourceProperties = '{org.springframework.boot.test.context.SpringBootTestContextBootstrapper=true}', contextCustomizers = set[[ImportsContextCustomizer@615bad16 key = [org.springframework.boot.autoconfigure.cache.CacheAutoConfiguration, org.springframework.boot.autoconfigure.data.mongo.MongoDataAutoConfiguration, org.springframework.boot.autoconfigure.data.mongo.MongoReactiveDataAutoConfiguration, org.springframework.boot.autoconfigure.data.mongo.MongoReactiveRepositoriesAutoConfiguration, org.springframework.boot.autoconfigure.data.mongo.MongoRepositoriesAutoConfiguration, org.springframework.boot.autoconfigure.mongo.MongoAutoConfiguration, org.springframework.boot.autoconfigure.mongo.MongoReactiveAutoConfiguration, org.springframework.boot.autoconfigure.mongo.embedded.EmbeddedMongoAutoConfiguration]], org.springframework.boot.test.context.filter.ExcludeFilterContextCustomizer@290dbf45, org.springframework.boot.test.json.DuplicateJsonObjectContextCustomizerFactory$DuplicateJsonObjectContextCustomizer@69a10787, org.springframework.boot.test.mock.mockito.MockitoContextCustomizer@0, org.springframework.boot.test.autoconfigure.OverrideAutoConfigurationContextCustomizerFactory$DisableAutoConfigurationContextCustomizer@1c72da34, org.springframework.boot.test.autoconfigure.filter.TypeExcludeFiltersContextCustomizer@351584c0, org.springframework.boot.test.autoconfigure.properties.PropertyMappingContextCustomizer@9c19a3b8, org.springframework.boot.test.autoconfigure.web.servlet.WebDriverContextCustomizerFactory$Customizer@7f9fcf7f], contextLoader = 'org.springframework.boot.test.context.SpringBootContextLoader', parent = [null]]]
10:39:17,227 DEBUG org.springframework.test.context.cache:290 - Spring test ApplicationContext cache statistics: [DefaultContextCache@1431267b size = 4, maxSize = 32, parentContextCount = 0, hitCount = 40, missCount = 4]
10:39:17,227 DEBUG org.springframework.test.context.cache:290 - Spring test ApplicationContext cache statistics: [DefaultContextCache@1431267b size = 4, maxSize = 32, parentContextCount = 0, hitCount = 40, missCount = 4]
10:39:17,228 DEBUG org.springframework.beans.factory.support.DefaultListableBeanFactory:254 - Returning cached instance of singleton bean 'org.springframework.boot.test.mock.mockito.MockitoBeans'
10:39:17,228 DEBUG org.springframework.beans.factory.support.DefaultListableBeanFactory:254 - Returning cached instance of singleton bean 'org.springframework.boot.test.mock.mockito.MockitoBeans'
10:39:17,231 TRACE org.springframework.test.context.TestContextManager:512 - beforeTestExecution(): instance [pro.abacus.javatutor.repository.JavaQuestionRepositoryTest@52856ff9], method [public void pro.abacus.javatutor.repository.JavaQuestionRepositoryTest.shouldLookUpQuestionsByAccount() throws java.lang.Exception]
10:39:17,231 TRACE org.springframework.test.context.TestContextManager:512 - beforeTestExecution(): instance [pro.abacus.javatutor.repository.JavaQuestionRepositoryTest@52856ff9], method [public void pro.abacus.javatutor.repository.JavaQuestionRepositoryTest.shouldLookUpQuestionsByAccount() throws java.lang.Exception]
10:39:17,231 TRACE org.springframework.context.annotation.AnnotationConfigApplicationContext:380 - Publishing event in org.springframework.context.annotation.AnnotationConfigApplicationContext@531ec2ca: org.springframework.data.mongodb.core.mapping.event.BeforeConvertEvent[source=JavaQuestion [id=null, account=User [id=null, username=Tom, password=12345678, authorities=[], javaquestions=[]], question=question1, answer=answer1]]
10:39:17,231 TRACE org.springframework.context.annotation.AnnotationConfigApplicationContext:380 - Publishing event in org.springframework.context.annotation.AnnotationConfigApplicationContext@531ec2ca: org.springframework.data.mongodb.core.mapping.event.BeforeConvertEvent[source=JavaQuestion [id=null, account=User [id=null, username=Tom, password=12345678, authorities=[], javaquestions=[]], question=question1, answer=answer1]]
10:39:17,464 TRACE org.springframework.context.annotation.AnnotationConfigApplicationContext:380 - Publishing event in org.springframework.context.annotation.AnnotationConfigApplicationContext@531ec2ca: org.springframework.data.mongodb.core.mapping.event.BeforeSaveEvent[source=JavaQuestion [id=null, account=User [id=null, username=Tom, password=12345678, authorities=[], javaquestions=[]], question=question1, answer=answer1]]
10:39:17,464 TRACE org.springframework.context.annotation.AnnotationConfigApplicationContext:380 - Publishing event in org.springframework.context.annotation.AnnotationConfigApplicationContext@531ec2ca: org.springframework.data.mongodb.core.mapping.event.BeforeSaveEvent[source=JavaQuestion [id=null, account=User [id=null, username=Tom, password=12345678, authorities=[], javaquestions=[]], question=question1, answer=answer1]]
10:39:17,466 DEBUG org.springframework.data.mongodb.core.MongoTemplate:1318 - Saving Document containing fields: [account, question, answer, _class]
10:39:17,466 DEBUG org.springframework.data.mongodb.core.MongoTemplate:1318 - Saving Document containing fields: [account, question, answer, _class]
10:39:47,486 TRACE org.springframework.test.context.TestContextManager:521 - afterTestExecution(): instance [pro.abacus.javatutor.repository.JavaQuestionRepositoryTest@52856ff9], method [public void pro.abacus.javatutor.repository.JavaQuestionRepositoryTest.shouldLookUpQuestionsByAccount() throws java.lang.Exception], exception [org.springframework.dao.DataAccessResourceFailureException: Timed out after 30000 ms while waiting to connect. Client view of cluster state is {type=UNKNOWN, servers=[{address=localhost:27017, type=UNKNOWN, state=CONNECTING, exception={com.mongodb.MongoSocketOpenException: Exception opening socket}, caused by {java.net.ConnectException: Connection refused: connect}}]; nested exception is com.mongodb.MongoTimeoutException: Timed out after 30000 ms while waiting to connect. Client view of cluster state is {type=UNKNOWN, servers=[{address=localhost:27017, type=UNKNOWN, state=CONNECTING, exception={com.mongodb.MongoSocketOpenException: Exception opening socket}, caused by {java.net.ConnectException: Connection refused: connect}}]]
10:39:47,486 TRACE org.springframework.test.context.TestContextManager:521 - afterTestExecution(): instance [pro.abacus.javatutor.repository.JavaQuestionRepositoryTest@52856ff9], method [public void pro.abacus.javatutor.repository.JavaQuestionRepositoryTest.shouldLookUpQuestionsByAccount() throws java.lang.Exception], exception [org.springframework.dao.DataAccessResourceFailureException: Timed out after 30000 ms while waiting to connect. Client view of cluster state is {type=UNKNOWN, servers=[{address=localhost:27017, type=UNKNOWN, state=CONNECTING, exception={com.mongodb.MongoSocketOpenException: Exception opening socket}, caused by {java.net.ConnectException: Connection refused: connect}}]; nested exception is com.mongodb.MongoTimeoutException: Timed out after 30000 ms while waiting to connect. Client view of cluster state is {type=UNKNOWN, servers=[{address=localhost:27017, type=UNKNOWN, state=CONNECTING, exception={com.mongodb.MongoSocketOpenException: Exception opening socket}, caused by {java.net.ConnectException: Connection refused: connect}}]]
10:40:17,547 TRACE org.springframework.test.context.TestContextManager:521 - afterTestMethod(): instance [pro.abacus.javatutor.repository.JavaQuestionRepositoryTest@52856ff9], method [public void pro.abacus.javatutor.repository.JavaQuestionRepositoryTest.shouldLookUpQuestionsByAccount() throws java.lang.Exception], exception [org.junit.internal.runners.model.MultipleFailureException: There were 2 errors:
  org.springframework.dao.DataAccessResourceFailureException(Timed out after 30000 ms while waiting to connect. Client view of cluster state is {type=UNKNOWN, servers=[{address=localhost:27017, type=UNKNOWN, state=CONNECTING, exception={com.mongodb.MongoSocketOpenException: Exception opening socket}, caused by {java.net.ConnectException: Connection refused: connect}}]; nested exception is com.mongodb.MongoTimeoutException: Timed out after 30000 ms while waiting to connect. Client view of cluster state is {type=UNKNOWN, servers=[{address=localhost:27017, type=UNKNOWN, state=CONNECTING, exception={com.mongodb.MongoSocketOpenException: Exception opening socket}, caused by {java.net.ConnectException: Connection refused: connect}}])
  com.mongodb.MongoTimeoutException(Timed out after 30000 ms while waiting to connect. Client view of cluster state is {type=UNKNOWN, servers=[{address=localhost:27017, type=UNKNOWN, state=CONNECTING, exception={com.mongodb.MongoSocketOpenException: Exception opening socket}, caused by {java.net.ConnectException: Connection refused: connect}}])]
10:40:17,547 TRACE org.springframework.test.context.TestContextManager:521 - afterTestMethod(): instance [pro.abacus.javatutor.repository.JavaQuestionRepositoryTest@52856ff9], method [public void pro.abacus.javatutor.repository.JavaQuestionRepositoryTest.shouldLookUpQuestionsByAccount() throws java.lang.Exception], exception [org.junit.internal.runners.model.MultipleFailureException: There were 2 errors:
  org.springframework.dao.DataAccessResourceFailureException(Timed out after 30000 ms while waiting to connect. Client view of cluster state is {type=UNKNOWN, servers=[{address=localhost:27017, type=UNKNOWN, state=CONNECTING, exception={com.mongodb.MongoSocketOpenException: Exception opening socket}, caused by {java.net.ConnectException: Connection refused: connect}}]; nested exception is com.mongodb.MongoTimeoutException: Timed out after 30000 ms while waiting to connect. Client view of cluster state is {type=UNKNOWN, servers=[{address=localhost:27017, type=UNKNOWN, state=CONNECTING, exception={com.mongodb.MongoSocketOpenException: Exception opening socket}, caused by {java.net.ConnectException: Connection refused: connect}}])
  com.mongodb.MongoTimeoutException(Timed out after 30000 ms while waiting to connect. Client view of cluster state is {type=UNKNOWN, servers=[{address=localhost:27017, type=UNKNOWN, state=CONNECTING, exception={com.mongodb.MongoSocketOpenException: Exception opening socket}, caused by {java.net.ConnectException: Connection refused: connect}}])]
10:40:17,550 DEBUG org.springframework.test.context.cache.DefaultCacheAwareContextLoaderDelegate:130 - Retrieved ApplicationContext from cache with key [[MergedContextConfiguration@312f3050 testClass = JavaQuestionRepositoryTest, locations = '{}', classes = '{class pro.abacus.javatutor.JavaTutorApplication}', contextInitializerClasses = '[]', activeProfiles = '{}', propertySourceLocations = '{}', propertySourceProperties = '{org.springframework.boot.test.context.SpringBootTestContextBootstrapper=true}', contextCustomizers = set[[ImportsContextCustomizer@615bad16 key = [org.springframework.boot.autoconfigure.cache.CacheAutoConfiguration, org.springframework.boot.autoconfigure.data.mongo.MongoDataAutoConfiguration, org.springframework.boot.autoconfigure.data.mongo.MongoReactiveDataAutoConfiguration, org.springframework.boot.autoconfigure.data.mongo.MongoReactiveRepositoriesAutoConfiguration, org.springframework.boot.autoconfigure.data.mongo.MongoRepositoriesAutoConfiguration, org.springframework.boot.autoconfigure.mongo.MongoAutoConfiguration, org.springframework.boot.autoconfigure.mongo.MongoReactiveAutoConfiguration, org.springframework.boot.autoconfigure.mongo.embedded.EmbeddedMongoAutoConfiguration]], org.springframework.boot.test.context.filter.ExcludeFilterContextCustomizer@290dbf45, org.springframework.boot.test.json.DuplicateJsonObjectContextCustomizerFactory$DuplicateJsonObjectContextCustomizer@69a10787, org.springframework.boot.test.mock.mockito.MockitoContextCustomizer@0, org.springframework.boot.test.autoconfigure.OverrideAutoConfigurationContextCustomizerFactory$DisableAutoConfigurationContextCustomizer@1c72da34, org.springframework.boot.test.autoconfigure.filter.TypeExcludeFiltersContextCustomizer@351584c0, org.springframework.boot.test.autoconfigure.properties.PropertyMappingContextCustomizer@9c19a3b8, org.springframework.boot.test.autoconfigure.web.servlet.WebDriverContextCustomizerFactory$Customizer@7f9fcf7f], contextLoader = 'org.springframework.boot.test.context.SpringBootContextLoader', parent = [null]]]
10:40:17,550 DEBUG org.springframework.test.context.cache.DefaultCacheAwareContextLoaderDelegate:130 - Retrieved ApplicationContext from cache with key [[MergedContextConfiguration@312f3050 testClass = JavaQuestionRepositoryTest, locations = '{}', classes = '{class pro.abacus.javatutor.JavaTutorApplication}', contextInitializerClasses = '[]', activeProfiles = '{}', propertySourceLocations = '{}', propertySourceProperties = '{org.springframework.boot.test.context.SpringBootTestContextBootstrapper=true}', contextCustomizers = set[[ImportsContextCustomizer@615bad16 key = [org.springframework.boot.autoconfigure.cache.CacheAutoConfiguration, org.springframework.boot.autoconfigure.data.mongo.MongoDataAutoConfiguration, org.springframework.boot.autoconfigure.data.mongo.MongoReactiveDataAutoConfiguration, org.springframework.boot.autoconfigure.data.mongo.MongoReactiveRepositoriesAutoConfiguration, org.springframework.boot.autoconfigure.data.mongo.MongoRepositoriesAutoConfiguration, org.springframework.boot.autoconfigure.mongo.MongoAutoConfiguration, org.springframework.boot.autoconfigure.mongo.MongoReactiveAutoConfiguration, org.springframework.boot.autoconfigure.mongo.embedded.EmbeddedMongoAutoConfiguration]], org.springframework.boot.test.context.filter.ExcludeFilterContextCustomizer@290dbf45, org.springframework.boot.test.json.DuplicateJsonObjectContextCustomizerFactory$DuplicateJsonObjectContextCustomizer@69a10787, org.springframework.boot.test.mock.mockito.MockitoContextCustomizer@0, org.springframework.boot.test.autoconfigure.OverrideAutoConfigurationContextCustomizerFactory$DisableAutoConfigurationContextCustomizer@1c72da34, org.springframework.boot.test.autoconfigure.filter.TypeExcludeFiltersContextCustomizer@351584c0, org.springframework.boot.test.autoconfigure.properties.PropertyMappingContextCustomizer@9c19a3b8, org.springframework.boot.test.autoconfigure.web.servlet.WebDriverContextCustomizerFactory$Customizer@7f9fcf7f], contextLoader = 'org.springframework.boot.test.context.SpringBootContextLoader', parent = [null]]]
10:40:17,551 DEBUG org.springframework.test.context.cache:290 - Spring test ApplicationContext cache statistics: [DefaultContextCache@1431267b size = 4, maxSize = 32, parentContextCount = 0, hitCount = 41, missCount = 4]
10:40:17,551 DEBUG org.springframework.test.context.cache:290 - Spring test ApplicationContext cache statistics: [DefaultContextCache@1431267b size = 4, maxSize = 32, parentContextCount = 0, hitCount = 41, missCount = 4]
10:40:17,552 DEBUG org.springframework.test.context.cache.DefaultCacheAwareContextLoaderDelegate:130 - Retrieved ApplicationContext from cache with key [[MergedContextConfiguration@312f3050 testClass = JavaQuestionRepositoryTest, locations = '{}', classes = '{class pro.abacus.javatutor.JavaTutorApplication}', contextInitializerClasses = '[]', activeProfiles = '{}', propertySourceLocations = '{}', propertySourceProperties = '{org.springframework.boot.test.context.SpringBootTestContextBootstrapper=true}', contextCustomizers = set[[ImportsContextCustomizer@615bad16 key = [org.springframework.boot.autoconfigure.cache.CacheAutoConfiguration, org.springframework.boot.autoconfigure.data.mongo.MongoDataAutoConfiguration, org.springframework.boot.autoconfigure.data.mongo.MongoReactiveDataAutoConfiguration, org.springframework.boot.autoconfigure.data.mongo.MongoReactiveRepositoriesAutoConfiguration, org.springframework.boot.autoconfigure.data.mongo.MongoRepositoriesAutoConfiguration, org.springframework.boot.autoconfigure.mongo.MongoAutoConfiguration, org.springframework.boot.autoconfigure.mongo.MongoReactiveAutoConfiguration, org.springframework.boot.autoconfigure.mongo.embedded.EmbeddedMongoAutoConfiguration]], org.springframework.boot.test.context.filter.ExcludeFilterContextCustomizer@290dbf45, org.springframework.boot.test.json.DuplicateJsonObjectContextCustomizerFactory$DuplicateJsonObjectContextCustomizer@69a10787, org.springframework.boot.test.mock.mockito.MockitoContextCustomizer@0, org.springframework.boot.test.autoconfigure.OverrideAutoConfigurationContextCustomizerFactory$DisableAutoConfigurationContextCustomizer@1c72da34, org.springframework.boot.test.autoconfigure.filter.TypeExcludeFiltersContextCustomizer@351584c0, org.springframework.boot.test.autoconfigure.properties.PropertyMappingContextCustomizer@9c19a3b8, org.springframework.boot.test.autoconfigure.web.servlet.WebDriverContextCustomizerFactory$Customizer@7f9fcf7f], contextLoader = 'org.springframework.boot.test.context.SpringBootContextLoader', parent = [null]]]
10:40:17,552 DEBUG org.springframework.test.context.cache.DefaultCacheAwareContextLoaderDelegate:130 - Retrieved ApplicationContext from cache with key [[MergedContextConfiguration@312f3050 testClass = JavaQuestionRepositoryTest, locations = '{}', classes = '{class pro.abacus.javatutor.JavaTutorApplication}', contextInitializerClasses = '[]', activeProfiles = '{}', propertySourceLocations = '{}', propertySourceProperties = '{org.springframework.boot.test.context.SpringBootTestContextBootstrapper=true}', contextCustomizers = set[[ImportsContextCustomizer@615bad16 key = [org.springframework.boot.autoconfigure.cache.CacheAutoConfiguration, org.springframework.boot.autoconfigure.data.mongo.MongoDataAutoConfiguration, org.springframework.boot.autoconfigure.data.mongo.MongoReactiveDataAutoConfiguration, org.springframework.boot.autoconfigure.data.mongo.MongoReactiveRepositoriesAutoConfiguration, org.springframework.boot.autoconfigure.data.mongo.MongoRepositoriesAutoConfiguration, org.springframework.boot.autoconfigure.mongo.MongoAutoConfiguration, org.springframework.boot.autoconfigure.mongo.MongoReactiveAutoConfiguration, org.springframework.boot.autoconfigure.mongo.embedded.EmbeddedMongoAutoConfiguration]], org.springframework.boot.test.context.filter.ExcludeFilterContextCustomizer@290dbf45, org.springframework.boot.test.json.DuplicateJsonObjectContextCustomizerFactory$DuplicateJsonObjectContextCustomizer@69a10787, org.springframework.boot.test.mock.mockito.MockitoContextCustomizer@0, org.springframework.boot.test.autoconfigure.OverrideAutoConfigurationContextCustomizerFactory$DisableAutoConfigurationContextCustomizer@1c72da34, org.springframework.boot.test.autoconfigure.filter.TypeExcludeFiltersContextCustomizer@351584c0, org.springframework.boot.test.autoconfigure.properties.PropertyMappingContextCustomizer@9c19a3b8, org.springframework.boot.test.autoconfigure.web.servlet.WebDriverContextCustomizerFactory$Customizer@7f9fcf7f], contextLoader = 'org.springframework.boot.test.context.SpringBootContextLoader', parent = [null]]]
10:40:17,553 DEBUG org.springframework.test.context.cache:290 - Spring test ApplicationContext cache statistics: [DefaultContextCache@1431267b size = 4, maxSize = 32, parentContextCount = 0, hitCount = 42, missCount = 4]
10:40:17,553 DEBUG org.springframework.test.context.cache:290 - Spring test ApplicationContext cache statistics: [DefaultContextCache@1431267b size = 4, maxSize = 32, parentContextCount = 0, hitCount = 42, missCount = 4]
10:40:17,554 TRACE org.springframework.beans.factory.support.DefaultListableBeanFactory:684 - No bean named 'org.springframework.boot.test.autoconfigure.web.servlet.SpringBootMockMvcBuilderCustomizer$DeferredLinesWriter' found in org.springframework.beans.factory.support.DefaultListableBeanFactory@156324b: defining beans [org.springframework.context.annotation.internalConfigurationAnnotationProcessor,org.springframework.context.annotation.internalAutowiredAnnotationProcessor,org.springframework.context.annotation.internalRequiredAnnotationProcessor,org.springframework.context.annotation.internalCommonAnnotationProcessor,org.springframework.context.event.internalEventListenerProcessor,org.springframework.context.event.internalEventListenerFactory,org.springframework.boot.test.context.ImportsContextCustomizer$ImportsCleanupPostProcessor,org.springframework.boot.test.mock.mockito.MockitoPostProcessor$SpyPostProcessor,org.springframework.boot.test.mock.mockito.MockitoPostProcessor,javaTutorApplication,org.springframework.boot.autoconfigure.internalCachingMetadataReaderFactory,org.springframework.boot.autoconfigure.AutoConfigurationPackages,org.springframework.boot.autoconfigure.condition.BeanTypeRegistry,org.springframework.boot.autoconfigure.mongo.MongoAutoConfiguration,mongo,spring.data.mongodb-org.springframework.boot.autoconfigure.mongo.MongoProperties,org.springframework.boot.context.properties.ConfigurationPropertiesBindingPostProcessor,org.springframework.boot.context.properties.ConfigurationBeanFactoryMetadata,org.springframework.boot.autoconfigure.data.mongo.MongoDataAutoConfiguration,mongoDbFactory,mongoTemplate,mappingMongoConverter,mongoMappingContext,gridFsTemplate,mongoCustomConversions,org.springframework.boot.autoconfigure.data.mongo.MongoRepositoriesAutoConfiguration,userRepository,authorityRepository,javaQuestionRepository]; root of factory hierarchy
10:40:17,554 TRACE org.springframework.beans.factory.support.DefaultListableBeanFactory:684 - No bean named 'org.springframework.boot.test.autoconfigure.web.servlet.SpringBootMockMvcBuilderCustomizer$DeferredLinesWriter' found in org.springframework.beans.factory.support.DefaultListableBeanFactory@156324b: defining beans [org.springframework.context.annotation.internalConfigurationAnnotationProcessor,org.springframework.context.annotation.internalAutowiredAnnotationProcessor,org.springframework.context.annotation.internalRequiredAnnotationProcessor,org.springframework.context.annotation.internalCommonAnnotationProcessor,org.springframework.context.event.internalEventListenerProcessor,org.springframework.context.event.internalEventListenerFactory,org.springframework.boot.test.context.ImportsContextCustomizer$ImportsCleanupPostProcessor,org.springframework.boot.test.mock.mockito.MockitoPostProcessor$SpyPostProcessor,org.springframework.boot.test.mock.mockito.MockitoPostProcessor,javaTutorApplication,org.springframework.boot.autoconfigure.internalCachingMetadataReaderFactory,org.springframework.boot.autoconfigure.AutoConfigurationPackages,org.springframework.boot.autoconfigure.condition.BeanTypeRegistry,org.springframework.boot.autoconfigure.mongo.MongoAutoConfiguration,mongo,spring.data.mongodb-org.springframework.boot.autoconfigure.mongo.MongoProperties,org.springframework.boot.context.properties.ConfigurationPropertiesBindingPostProcessor,org.springframework.boot.context.properties.ConfigurationBeanFactoryMetadata,org.springframework.boot.autoconfigure.data.mongo.MongoDataAutoConfiguration,mongoDbFactory,mongoTemplate,mappingMongoConverter,mongoMappingContext,gridFsTemplate,mongoCustomConversions,org.springframework.boot.autoconfigure.data.mongo.MongoRepositoriesAutoConfiguration,userRepository,authorityRepository,javaQuestionRepository]; root of factory hierarchy
10:40:17,555 DEBUG org.springframework.test.context.cache.DefaultCacheAwareContextLoaderDelegate:130 - Retrieved ApplicationContext from cache with key [[MergedContextConfiguration@312f3050 testClass = JavaQuestionRepositoryTest, locations = '{}', classes = '{class pro.abacus.javatutor.JavaTutorApplication}', contextInitializerClasses = '[]', activeProfiles = '{}', propertySourceLocations = '{}', propertySourceProperties = '{org.springframework.boot.test.context.SpringBootTestContextBootstrapper=true}', contextCustomizers = set[[ImportsContextCustomizer@615bad16 key = [org.springframework.boot.autoconfigure.cache.CacheAutoConfiguration, org.springframework.boot.autoconfigure.data.mongo.MongoDataAutoConfiguration, org.springframework.boot.autoconfigure.data.mongo.MongoReactiveDataAutoConfiguration, org.springframework.boot.autoconfigure.data.mongo.MongoReactiveRepositoriesAutoConfiguration, org.springframework.boot.autoconfigure.data.mongo.MongoRepositoriesAutoConfiguration, org.springframework.boot.autoconfigure.mongo.MongoAutoConfiguration, org.springframework.boot.autoconfigure.mongo.MongoReactiveAutoConfiguration, org.springframework.boot.autoconfigure.mongo.embedded.EmbeddedMongoAutoConfiguration]], org.springframework.boot.test.context.filter.ExcludeFilterContextCustomizer@290dbf45, org.springframework.boot.test.json.DuplicateJsonObjectContextCustomizerFactory$DuplicateJsonObjectContextCustomizer@69a10787, org.springframework.boot.test.mock.mockito.MockitoContextCustomizer@0, org.springframework.boot.test.autoconfigure.OverrideAutoConfigurationContextCustomizerFactory$DisableAutoConfigurationContextCustomizer@1c72da34, org.springframework.boot.test.autoconfigure.filter.TypeExcludeFiltersContextCustomizer@351584c0, org.springframework.boot.test.autoconfigure.properties.PropertyMappingContextCustomizer@9c19a3b8, org.springframework.boot.test.autoconfigure.web.servlet.WebDriverContextCustomizerFactory$Customizer@7f9fcf7f], contextLoader = 'org.springframework.boot.test.context.SpringBootContextLoader', parent = [null]]]
10:40:17,555 DEBUG org.springframework.test.context.cache.DefaultCacheAwareContextLoaderDelegate:130 - Retrieved ApplicationContext from cache with key [[MergedContextConfiguration@312f3050 testClass = JavaQuestionRepositoryTest, locations = '{}', classes = '{class pro.abacus.javatutor.JavaTutorApplication}', contextInitializerClasses = '[]', activeProfiles = '{}', propertySourceLocations = '{}', propertySourceProperties = '{org.springframework.boot.test.context.SpringBootTestContextBootstrapper=true}', contextCustomizers = set[[ImportsContextCustomizer@615bad16 key = [org.springframework.boot.autoconfigure.cache.CacheAutoConfiguration, org.springframework.boot.autoconfigure.data.mongo.MongoDataAutoConfiguration, org.springframework.boot.autoconfigure.data.mongo.MongoReactiveDataAutoConfiguration, org.springframework.boot.autoconfigure.data.mongo.MongoReactiveRepositoriesAutoConfiguration, org.springframework.boot.autoconfigure.data.mongo.MongoRepositoriesAutoConfiguration, org.springframework.boot.autoconfigure.mongo.MongoAutoConfiguration, org.springframework.boot.autoconfigure.mongo.MongoReactiveAutoConfiguration, org.springframework.boot.autoconfigure.mongo.embedded.EmbeddedMongoAutoConfiguration]], org.springframework.boot.test.context.filter.ExcludeFilterContextCustomizer@290dbf45, org.springframework.boot.test.json.DuplicateJsonObjectContextCustomizerFactory$DuplicateJsonObjectContextCustomizer@69a10787, org.springframework.boot.test.mock.mockito.MockitoContextCustomizer@0, org.springframework.boot.test.autoconfigure.OverrideAutoConfigurationContextCustomizerFactory$DisableAutoConfigurationContextCustomizer@1c72da34, org.springframework.boot.test.autoconfigure.filter.TypeExcludeFiltersContextCustomizer@351584c0, org.springframework.boot.test.autoconfigure.properties.PropertyMappingContextCustomizer@9c19a3b8, org.springframework.boot.test.autoconfigure.web.servlet.WebDriverContextCustomizerFactory$Customizer@7f9fcf7f], contextLoader = 'org.springframework.boot.test.context.SpringBootContextLoader', parent = [null]]]
10:40:17,556 DEBUG org.springframework.test.context.cache:290 - Spring test ApplicationContext cache statistics: [DefaultContextCache@1431267b size = 4, maxSize = 32, parentContextCount = 0, hitCount = 43, missCount = 4]
10:40:17,556 DEBUG org.springframework.test.context.cache:290 - Spring test ApplicationContext cache statistics: [DefaultContextCache@1431267b size = 4, maxSize = 32, parentContextCount = 0, hitCount = 43, missCount = 4]
10:40:17,559 DEBUG org.springframework.test.context.cache.DefaultCacheAwareContextLoaderDelegate:130 - Retrieved ApplicationContext from cache with key [[MergedContextConfiguration@312f3050 testClass = JavaQuestionRepositoryTest, locations = '{}', classes = '{class pro.abacus.javatutor.JavaTutorApplication}', contextInitializerClasses = '[]', activeProfiles = '{}', propertySourceLocations = '{}', propertySourceProperties = '{org.springframework.boot.test.context.SpringBootTestContextBootstrapper=true}', contextCustomizers = set[[ImportsContextCustomizer@615bad16 key = [org.springframework.boot.autoconfigure.cache.CacheAutoConfiguration, org.springframework.boot.autoconfigure.data.mongo.MongoDataAutoConfiguration, org.springframework.boot.autoconfigure.data.mongo.MongoReactiveDataAutoConfiguration, org.springframework.boot.autoconfigure.data.mongo.MongoReactiveRepositoriesAutoConfiguration, org.springframework.boot.autoconfigure.data.mongo.MongoRepositoriesAutoConfiguration, org.springframework.boot.autoconfigure.mongo.MongoAutoConfiguration, org.springframework.boot.autoconfigure.mongo.MongoReactiveAutoConfiguration, org.springframework.boot.autoconfigure.mongo.embedded.EmbeddedMongoAutoConfiguration]], org.springframework.boot.test.context.filter.ExcludeFilterContextCustomizer@290dbf45, org.springframework.boot.test.json.DuplicateJsonObjectContextCustomizerFactory$DuplicateJsonObjectContextCustomizer@69a10787, org.springframework.boot.test.mock.mockito.MockitoContextCustomizer@0, org.springframework.boot.test.autoconfigure.OverrideAutoConfigurationContextCustomizerFactory$DisableAutoConfigurationContextCustomizer@1c72da34, org.springframework.boot.test.autoconfigure.filter.TypeExcludeFiltersContextCustomizer@351584c0, org.springframework.boot.test.autoconfigure.properties.PropertyMappingContextCustomizer@9c19a3b8, org.springframework.boot.test.autoconfigure.web.servlet.WebDriverContextCustomizerFactory$Customizer@7f9fcf7f], contextLoader = 'org.springframework.boot.test.context.SpringBootContextLoader', parent = [null]]]
10:40:17,559 DEBUG org.springframework.test.context.cache.DefaultCacheAwareContextLoaderDelegate:130 - Retrieved ApplicationContext from cache with key [[MergedContextConfiguration@312f3050 testClass = JavaQuestionRepositoryTest, locations = '{}', classes = '{class pro.abacus.javatutor.JavaTutorApplication}', contextInitializerClasses = '[]', activeProfiles = '{}', propertySourceLocations = '{}', propertySourceProperties = '{org.springframework.boot.test.context.SpringBootTestContextBootstrapper=true}', contextCustomizers = set[[ImportsContextCustomizer@615bad16 key = [org.springframework.boot.autoconfigure.cache.CacheAutoConfiguration, org.springframework.boot.autoconfigure.data.mongo.MongoDataAutoConfiguration, org.springframework.boot.autoconfigure.data.mongo.MongoReactiveDataAutoConfiguration, org.springframework.boot.autoconfigure.data.mongo.MongoReactiveRepositoriesAutoConfiguration, org.springframework.boot.autoconfigure.data.mongo.MongoRepositoriesAutoConfiguration, org.springframework.boot.autoconfigure.mongo.MongoAutoConfiguration, org.springframework.boot.autoconfigure.mongo.MongoReactiveAutoConfiguration, org.springframework.boot.autoconfigure.mongo.embedded.EmbeddedMongoAutoConfiguration]], org.springframework.boot.test.context.filter.ExcludeFilterContextCustomizer@290dbf45, org.springframework.boot.test.json.DuplicateJsonObjectContextCustomizerFactory$DuplicateJsonObjectContextCustomizer@69a10787, org.springframework.boot.test.mock.mockito.MockitoContextCustomizer@0, org.springframework.boot.test.autoconfigure.OverrideAutoConfigurationContextCustomizerFactory$DisableAutoConfigurationContextCustomizer@1c72da34, org.springframework.boot.test.autoconfigure.filter.TypeExcludeFiltersContextCustomizer@351584c0, org.springframework.boot.test.autoconfigure.properties.PropertyMappingContextCustomizer@9c19a3b8, org.springframework.boot.test.autoconfigure.web.servlet.WebDriverContextCustomizerFactory$Customizer@7f9fcf7f], contextLoader = 'org.springframework.boot.test.context.SpringBootContextLoader', parent = [null]]]
10:40:17,560 DEBUG org.springframework.test.context.cache:290 - Spring test ApplicationContext cache statistics: [DefaultContextCache@1431267b size = 4, maxSize = 32, parentContextCount = 0, hitCount = 44, missCount = 4]
10:40:17,560 DEBUG org.springframework.test.context.cache:290 - Spring test ApplicationContext cache statistics: [DefaultContextCache@1431267b size = 4, maxSize = 32, parentContextCount = 0, hitCount = 44, missCount = 4]
10:40:17,561 DEBUG org.springframework.beans.factory.support.DefaultListableBeanFactory:254 - Returning cached instance of singleton bean 'org.springframework.boot.test.mock.mockito.MockitoBeans'
10:40:17,561 DEBUG org.springframework.beans.factory.support.DefaultListableBeanFactory:254 - Returning cached instance of singleton bean 'org.springframework.boot.test.mock.mockito.MockitoBeans'
10:40:17,563 DEBUG org.springframework.test.context.support.AbstractDirtiesContextTestExecutionListener:107 - After test method: context [DefaultTestContext@61ad30f6 testClass = JavaQuestionRepositoryTest, testInstance = pro.abacus.javatutor.repository.JavaQuestionRepositoryTest@52856ff9, testMethod = shouldLookUpQuestionsByAccount@JavaQuestionRepositoryTest, testException = org.junit.internal.runners.model.MultipleFailureException: There were 2 errors:
  org.springframework.dao.DataAccessResourceFailureException(Timed out after 30000 ms while waiting to connect. Client view of cluster state is {type=UNKNOWN, servers=[{address=localhost:27017, type=UNKNOWN, state=CONNECTING, exception={com.mongodb.MongoSocketOpenException: Exception opening socket}, caused by {java.net.ConnectException: Connection refused: connect}}]; nested exception is com.mongodb.MongoTimeoutException: Timed out after 30000 ms while waiting to connect. Client view of cluster state is {type=UNKNOWN, servers=[{address=localhost:27017, type=UNKNOWN, state=CONNECTING, exception={com.mongodb.MongoSocketOpenException: Exception opening socket}, caused by {java.net.ConnectException: Connection refused: connect}}])
  com.mongodb.MongoTimeoutException(Timed out after 30000 ms while waiting to connect. Client view of cluster state is {type=UNKNOWN, servers=[{address=localhost:27017, type=UNKNOWN, state=CONNECTING, exception={com.mongodb.MongoSocketOpenException: Exception opening socket}, caused by {java.net.ConnectException: Connection refused: connect}}]), mergedContextConfiguration = [MergedContextConfiguration@312f3050 testClass = JavaQuestionRepositoryTest, locations = '{}', classes = '{class pro.abacus.javatutor.JavaTutorApplication}', contextInitializerClasses = '[]', activeProfiles = '{}', propertySourceLocations = '{}', propertySourceProperties = '{org.springframework.boot.test.context.SpringBootTestContextBootstrapper=true}', contextCustomizers = set[[ImportsContextCustomizer@615bad16 key = [org.springframework.boot.autoconfigure.cache.CacheAutoConfiguration, org.springframework.boot.autoconfigure.data.mongo.MongoDataAutoConfiguration, org.springframework.boot.autoconfigure.data.mongo.MongoReactiveDataAutoConfiguration, org.springframework.boot.autoconfigure.data.mongo.MongoReactiveRepositoriesAutoConfiguration, org.springframework.boot.autoconfigure.data.mongo.MongoRepositoriesAutoConfiguration, org.springframework.boot.autoconfigure.mongo.MongoAutoConfiguration, org.springframework.boot.autoconfigure.mongo.MongoReactiveAutoConfiguration, org.springframework.boot.autoconfigure.mongo.embedded.EmbeddedMongoAutoConfiguration]], org.springframework.boot.test.context.filter.ExcludeFilterContextCustomizer@290dbf45, org.springframework.boot.test.json.DuplicateJsonObjectContextCustomizerFactory$DuplicateJsonObjectContextCustomizer@69a10787, org.springframework.boot.test.mock.mockito.MockitoContextCustomizer@0, org.springframework.boot.test.autoconfigure.OverrideAutoConfigurationContextCustomizerFactory$DisableAutoConfigurationContextCustomizer@1c72da34, org.springframework.boot.test.autoconfigure.filter.TypeExcludeFiltersContextCustomizer@351584c0, org.springframework.boot.test.autoconfigure.properties.PropertyMappingContextCustomizer@9c19a3b8, org.springframework.boot.test.autoconfigure.web.servlet.WebDriverContextCustomizerFactory$Customizer@7f9fcf7f], contextLoader = 'org.springframework.boot.test.context.SpringBootContextLoader', parent = [null]], attributes = map[[empty]]], class annotated with @DirtiesContext [false] with mode [null], method annotated with @DirtiesContext [false] with mode [null].
10:40:17,563 DEBUG org.springframework.test.context.support.AbstractDirtiesContextTestExecutionListener:107 - After test method: context [DefaultTestContext@61ad30f6 testClass = JavaQuestionRepositoryTest, testInstance = pro.abacus.javatutor.repository.JavaQuestionRepositoryTest@52856ff9, testMethod = shouldLookUpQuestionsByAccount@JavaQuestionRepositoryTest, testException = org.junit.internal.runners.model.MultipleFailureException: There were 2 errors:
  org.springframework.dao.DataAccessResourceFailureException(Timed out after 30000 ms while waiting to connect. Client view of cluster state is {type=UNKNOWN, servers=[{address=localhost:27017, type=UNKNOWN, state=CONNECTING, exception={com.mongodb.MongoSocketOpenException: Exception opening socket}, caused by {java.net.ConnectException: Connection refused: connect}}]; nested exception is com.mongodb.MongoTimeoutException: Timed out after 30000 ms while waiting to connect. Client view of cluster state is {type=UNKNOWN, servers=[{address=localhost:27017, type=UNKNOWN, state=CONNECTING, exception={com.mongodb.MongoSocketOpenException: Exception opening socket}, caused by {java.net.ConnectException: Connection refused: connect}}])
  com.mongodb.MongoTimeoutException(Timed out after 30000 ms while waiting to connect. Client view of cluster state is {type=UNKNOWN, servers=[{address=localhost:27017, type=UNKNOWN, state=CONNECTING, exception={com.mongodb.MongoSocketOpenException: Exception opening socket}, caused by {java.net.ConnectException: Connection refused: connect}}]), mergedContextConfiguration = [MergedContextConfiguration@312f3050 testClass = JavaQuestionRepositoryTest, locations = '{}', classes = '{class pro.abacus.javatutor.JavaTutorApplication}', contextInitializerClasses = '[]', activeProfiles = '{}', propertySourceLocations = '{}', propertySourceProperties = '{org.springframework.boot.test.context.SpringBootTestContextBootstrapper=true}', contextCustomizers = set[[ImportsContextCustomizer@615bad16 key = [org.springframework.boot.autoconfigure.cache.CacheAutoConfiguration, org.springframework.boot.autoconfigure.data.mongo.MongoDataAutoConfiguration, org.springframework.boot.autoconfigure.data.mongo.MongoReactiveDataAutoConfiguration, org.springframework.boot.autoconfigure.data.mongo.MongoReactiveRepositoriesAutoConfiguration, org.springframework.boot.autoconfigure.data.mongo.MongoRepositoriesAutoConfiguration, org.springframework.boot.autoconfigure.mongo.MongoAutoConfiguration, org.springframework.boot.autoconfigure.mongo.MongoReactiveAutoConfiguration, org.springframework.boot.autoconfigure.mongo.embedded.EmbeddedMongoAutoConfiguration]], org.springframework.boot.test.context.filter.ExcludeFilterContextCustomizer@290dbf45, org.springframework.boot.test.json.DuplicateJsonObjectContextCustomizerFactory$DuplicateJsonObjectContextCustomizer@69a10787, org.springframework.boot.test.mock.mockito.MockitoContextCustomizer@0, org.springframework.boot.test.autoconfigure.OverrideAutoConfigurationContextCustomizerFactory$DisableAutoConfigurationContextCustomizer@1c72da34, org.springframework.boot.test.autoconfigure.filter.TypeExcludeFiltersContextCustomizer@351584c0, org.springframework.boot.test.autoconfigure.properties.PropertyMappingContextCustomizer@9c19a3b8, org.springframework.boot.test.autoconfigure.web.servlet.WebDriverContextCustomizerFactory$Customizer@7f9fcf7f], contextLoader = 'org.springframework.boot.test.context.SpringBootContextLoader', parent = [null]], attributes = map[[empty]]], class annotated with @DirtiesContext [false] with mode [null], method annotated with @DirtiesContext [false] with mode [null].
]]></system-out>
  </testcase>
  <testcase name="shouldLookUpQuestionsByAccount" classname="pro.abacus.javatutor.repository.JavaQuestionRepositoryTest" time="60.02">
    <error message="Timed out after 30000 ms while waiting to connect. Client view of cluster state is {type=UNKNOWN, servers=[{address=localhost:27017, type=UNKNOWN, state=CONNECTING, exception={com.mongodb.MongoSocketOpenException: Exception opening socket}, caused by {java.net.ConnectException: Connection refused: connect}}]" type="com.mongodb.MongoTimeoutException">com.mongodb.MongoTimeoutException: Timed out after 30000 ms while waiting to connect. Client view of cluster state is {type=UNKNOWN, servers=[{address=localhost:27017, type=UNKNOWN, state=CONNECTING, exception={com.mongodb.MongoSocketOpenException: Exception opening socket}, caused by {java.net.ConnectException: Connection refused: connect}}]
	at pro.abacus.javatutor.repository.JavaQuestionRepositoryTest.tearDown(JavaQuestionRepositoryTest.java:50)
</error>
  </testcase>
  <testcase name="shouldSaveAllQuestions" classname="pro.abacus.javatutor.repository.JavaQuestionRepositoryTest" time="60.114">
    <error message="Timed out after 30000 ms while waiting to connect. Client view of cluster state is {type=UNKNOWN, servers=[{address=localhost:27017, type=UNKNOWN, state=CONNECTING, exception={com.mongodb.MongoSocketOpenException: Exception opening socket}, caused by {java.net.ConnectException: Connection refused: connect}}]; nested exception is com.mongodb.MongoTimeoutException: Timed out after 30000 ms while waiting to connect. Client view of cluster state is {type=UNKNOWN, servers=[{address=localhost:27017, type=UNKNOWN, state=CONNECTING, exception={com.mongodb.MongoSocketOpenException: Exception opening socket}, caused by {java.net.ConnectException: Connection refused: connect}}]" type="org.springframework.dao.DataAccessResourceFailureException">org.springframework.dao.DataAccessResourceFailureException: Timed out after 30000 ms while waiting to connect. Client view of cluster state is {type=UNKNOWN, servers=[{address=localhost:27017, type=UNKNOWN, state=CONNECTING, exception={com.mongodb.MongoSocketOpenException: Exception opening socket}, caused by {java.net.ConnectException: Connection refused: connect}}]; nested exception is com.mongodb.MongoTimeoutException: Timed out after 30000 ms while waiting to connect. Client view of cluster state is {type=UNKNOWN, servers=[{address=localhost:27017, type=UNKNOWN, state=CONNECTING, exception={com.mongodb.MongoSocketOpenException: Exception opening socket}, caused by {java.net.ConnectException: Connection refused: connect}}]
	at pro.abacus.javatutor.repository.JavaQuestionRepositoryTest.shouldSaveAllQuestions(JavaQuestionRepositoryTest.java:64)
Caused by: com.mongodb.MongoTimeoutException: Timed out after 30000 ms while waiting to connect. Client view of cluster state is {type=UNKNOWN, servers=[{address=localhost:27017, type=UNKNOWN, state=CONNECTING, exception={com.mongodb.MongoSocketOpenException: Exception opening socket}, caused by {java.net.ConnectException: Connection refused: connect}}]
	at pro.abacus.javatutor.repository.JavaQuestionRepositoryTest.shouldSaveAllQuestions(JavaQuestionRepositoryTest.java:64)
</error>
    <system-out><![CDATA[10:40:17,569 DEBUG org.springframework.test.annotation.ProfileValueUtils:70 - Retrieved @ProfileValueSourceConfiguration [null] for test class [pro.abacus.javatutor.repository.JavaQuestionRepositoryTest]
10:40:17,569 DEBUG org.springframework.test.annotation.ProfileValueUtils:70 - Retrieved @ProfileValueSourceConfiguration [null] for test class [pro.abacus.javatutor.repository.JavaQuestionRepositoryTest]
10:40:17,570 DEBUG org.springframework.test.annotation.ProfileValueUtils:83 - Retrieved ProfileValueSource type [class org.springframework.test.annotation.SystemProfileValueSource] for class [pro.abacus.javatutor.repository.JavaQuestionRepositoryTest]
10:40:17,570 DEBUG org.springframework.test.annotation.ProfileValueUtils:83 - Retrieved ProfileValueSource type [class org.springframework.test.annotation.SystemProfileValueSource] for class [pro.abacus.javatutor.repository.JavaQuestionRepositoryTest]
10:40:17,571 TRACE org.springframework.test.context.TestContextManager:240 - prepareTestInstance(): instance [pro.abacus.javatutor.repository.JavaQuestionRepositoryTest@1958c0d9]
10:40:17,571 TRACE org.springframework.test.context.TestContextManager:240 - prepareTestInstance(): instance [pro.abacus.javatutor.repository.JavaQuestionRepositoryTest@1958c0d9]
10:40:17,572 DEBUG org.springframework.test.context.support.DependencyInjectionTestExecutionListener:81 - Performing dependency injection for test context [[DefaultTestContext@61ad30f6 testClass = JavaQuestionRepositoryTest, testInstance = pro.abacus.javatutor.repository.JavaQuestionRepositoryTest@1958c0d9, testMethod = [null], testException = [null], mergedContextConfiguration = [MergedContextConfiguration@312f3050 testClass = JavaQuestionRepositoryTest, locations = '{}', classes = '{class pro.abacus.javatutor.JavaTutorApplication}', contextInitializerClasses = '[]', activeProfiles = '{}', propertySourceLocations = '{}', propertySourceProperties = '{org.springframework.boot.test.context.SpringBootTestContextBootstrapper=true}', contextCustomizers = set[[ImportsContextCustomizer@615bad16 key = [org.springframework.boot.autoconfigure.cache.CacheAutoConfiguration, org.springframework.boot.autoconfigure.data.mongo.MongoDataAutoConfiguration, org.springframework.boot.autoconfigure.data.mongo.MongoReactiveDataAutoConfiguration, org.springframework.boot.autoconfigure.data.mongo.MongoReactiveRepositoriesAutoConfiguration, org.springframework.boot.autoconfigure.data.mongo.MongoRepositoriesAutoConfiguration, org.springframework.boot.autoconfigure.mongo.MongoAutoConfiguration, org.springframework.boot.autoconfigure.mongo.MongoReactiveAutoConfiguration, org.springframework.boot.autoconfigure.mongo.embedded.EmbeddedMongoAutoConfiguration]], org.springframework.boot.test.context.filter.ExcludeFilterContextCustomizer@290dbf45, org.springframework.boot.test.json.DuplicateJsonObjectContextCustomizerFactory$DuplicateJsonObjectContextCustomizer@69a10787, org.springframework.boot.test.mock.mockito.MockitoContextCustomizer@0, org.springframework.boot.test.autoconfigure.OverrideAutoConfigurationContextCustomizerFactory$DisableAutoConfigurationContextCustomizer@1c72da34, org.springframework.boot.test.autoconfigure.filter.TypeExcludeFiltersContextCustomizer@351584c0, org.springframework.boot.test.autoconfigure.properties.PropertyMappingContextCustomizer@9c19a3b8, org.springframework.boot.test.autoconfigure.web.servlet.WebDriverContextCustomizerFactory$Customizer@7f9fcf7f], contextLoader = 'org.springframework.boot.test.context.SpringBootContextLoader', parent = [null]], attributes = map[[empty]]]].
10:40:17,572 DEBUG org.springframework.test.context.support.DependencyInjectionTestExecutionListener:81 - Performing dependency injection for test context [[DefaultTestContext@61ad30f6 testClass = JavaQuestionRepositoryTest, testInstance = pro.abacus.javatutor.repository.JavaQuestionRepositoryTest@1958c0d9, testMethod = [null], testException = [null], mergedContextConfiguration = [MergedContextConfiguration@312f3050 testClass = JavaQuestionRepositoryTest, locations = '{}', classes = '{class pro.abacus.javatutor.JavaTutorApplication}', contextInitializerClasses = '[]', activeProfiles = '{}', propertySourceLocations = '{}', propertySourceProperties = '{org.springframework.boot.test.context.SpringBootTestContextBootstrapper=true}', contextCustomizers = set[[ImportsContextCustomizer@615bad16 key = [org.springframework.boot.autoconfigure.cache.CacheAutoConfiguration, org.springframework.boot.autoconfigure.data.mongo.MongoDataAutoConfiguration, org.springframework.boot.autoconfigure.data.mongo.MongoReactiveDataAutoConfiguration, org.springframework.boot.autoconfigure.data.mongo.MongoReactiveRepositoriesAutoConfiguration, org.springframework.boot.autoconfigure.data.mongo.MongoRepositoriesAutoConfiguration, org.springframework.boot.autoconfigure.mongo.MongoAutoConfiguration, org.springframework.boot.autoconfigure.mongo.MongoReactiveAutoConfiguration, org.springframework.boot.autoconfigure.mongo.embedded.EmbeddedMongoAutoConfiguration]], org.springframework.boot.test.context.filter.ExcludeFilterContextCustomizer@290dbf45, org.springframework.boot.test.json.DuplicateJsonObjectContextCustomizerFactory$DuplicateJsonObjectContextCustomizer@69a10787, org.springframework.boot.test.mock.mockito.MockitoContextCustomizer@0, org.springframework.boot.test.autoconfigure.OverrideAutoConfigurationContextCustomizerFactory$DisableAutoConfigurationContextCustomizer@1c72da34, org.springframework.boot.test.autoconfigure.filter.TypeExcludeFiltersContextCustomizer@351584c0, org.springframework.boot.test.autoconfigure.properties.PropertyMappingContextCustomizer@9c19a3b8, org.springframework.boot.test.autoconfigure.web.servlet.WebDriverContextCustomizerFactory$Customizer@7f9fcf7f], contextLoader = 'org.springframework.boot.test.context.SpringBootContextLoader', parent = [null]], attributes = map[[empty]]]].
10:40:17,574 DEBUG org.springframework.test.context.cache.DefaultCacheAwareContextLoaderDelegate:130 - Retrieved ApplicationContext from cache with key [[MergedContextConfiguration@312f3050 testClass = JavaQuestionRepositoryTest, locations = '{}', classes = '{class pro.abacus.javatutor.JavaTutorApplication}', contextInitializerClasses = '[]', activeProfiles = '{}', propertySourceLocations = '{}', propertySourceProperties = '{org.springframework.boot.test.context.SpringBootTestContextBootstrapper=true}', contextCustomizers = set[[ImportsContextCustomizer@615bad16 key = [org.springframework.boot.autoconfigure.cache.CacheAutoConfiguration, org.springframework.boot.autoconfigure.data.mongo.MongoDataAutoConfiguration, org.springframework.boot.autoconfigure.data.mongo.MongoReactiveDataAutoConfiguration, org.springframework.boot.autoconfigure.data.mongo.MongoReactiveRepositoriesAutoConfiguration, org.springframework.boot.autoconfigure.data.mongo.MongoRepositoriesAutoConfiguration, org.springframework.boot.autoconfigure.mongo.MongoAutoConfiguration, org.springframework.boot.autoconfigure.mongo.MongoReactiveAutoConfiguration, org.springframework.boot.autoconfigure.mongo.embedded.EmbeddedMongoAutoConfiguration]], org.springframework.boot.test.context.filter.ExcludeFilterContextCustomizer@290dbf45, org.springframework.boot.test.json.DuplicateJsonObjectContextCustomizerFactory$DuplicateJsonObjectContextCustomizer@69a10787, org.springframework.boot.test.mock.mockito.MockitoContextCustomizer@0, org.springframework.boot.test.autoconfigure.OverrideAutoConfigurationContextCustomizerFactory$DisableAutoConfigurationContextCustomizer@1c72da34, org.springframework.boot.test.autoconfigure.filter.TypeExcludeFiltersContextCustomizer@351584c0, org.springframework.boot.test.autoconfigure.properties.PropertyMappingContextCustomizer@9c19a3b8, org.springframework.boot.test.autoconfigure.web.servlet.WebDriverContextCustomizerFactory$Customizer@7f9fcf7f], contextLoader = 'org.springframework.boot.test.context.SpringBootContextLoader', parent = [null]]]
10:40:17,574 DEBUG org.springframework.test.context.cache.DefaultCacheAwareContextLoaderDelegate:130 - Retrieved ApplicationContext from cache with key [[MergedContextConfiguration@312f3050 testClass = JavaQuestionRepositoryTest, locations = '{}', classes = '{class pro.abacus.javatutor.JavaTutorApplication}', contextInitializerClasses = '[]', activeProfiles = '{}', propertySourceLocations = '{}', propertySourceProperties = '{org.springframework.boot.test.context.SpringBootTestContextBootstrapper=true}', contextCustomizers = set[[ImportsContextCustomizer@615bad16 key = [org.springframework.boot.autoconfigure.cache.CacheAutoConfiguration, org.springframework.boot.autoconfigure.data.mongo.MongoDataAutoConfiguration, org.springframework.boot.autoconfigure.data.mongo.MongoReactiveDataAutoConfiguration, org.springframework.boot.autoconfigure.data.mongo.MongoReactiveRepositoriesAutoConfiguration, org.springframework.boot.autoconfigure.data.mongo.MongoRepositoriesAutoConfiguration, org.springframework.boot.autoconfigure.mongo.MongoAutoConfiguration, org.springframework.boot.autoconfigure.mongo.MongoReactiveAutoConfiguration, org.springframework.boot.autoconfigure.mongo.embedded.EmbeddedMongoAutoConfiguration]], org.springframework.boot.test.context.filter.ExcludeFilterContextCustomizer@290dbf45, org.springframework.boot.test.json.DuplicateJsonObjectContextCustomizerFactory$DuplicateJsonObjectContextCustomizer@69a10787, org.springframework.boot.test.mock.mockito.MockitoContextCustomizer@0, org.springframework.boot.test.autoconfigure.OverrideAutoConfigurationContextCustomizerFactory$DisableAutoConfigurationContextCustomizer@1c72da34, org.springframework.boot.test.autoconfigure.filter.TypeExcludeFiltersContextCustomizer@351584c0, org.springframework.boot.test.autoconfigure.properties.PropertyMappingContextCustomizer@9c19a3b8, org.springframework.boot.test.autoconfigure.web.servlet.WebDriverContextCustomizerFactory$Customizer@7f9fcf7f], contextLoader = 'org.springframework.boot.test.context.SpringBootContextLoader', parent = [null]]]
10:40:17,575 DEBUG org.springframework.test.context.cache:290 - Spring test ApplicationContext cache statistics: [DefaultContextCache@1431267b size = 4, maxSize = 32, parentContextCount = 0, hitCount = 45, missCount = 4]
10:40:17,575 DEBUG org.springframework.test.context.cache:290 - Spring test ApplicationContext cache statistics: [DefaultContextCache@1431267b size = 4, maxSize = 32, parentContextCount = 0, hitCount = 45, missCount = 4]
10:40:17,576 DEBUG org.springframework.beans.factory.annotation.InjectionMetadata:89 - Processing injected element of bean 'pro.abacus.javatutor.repository.JavaQuestionRepositoryTest': AutowiredFieldElement for private org.springframework.data.mongodb.core.MongoTemplate pro.abacus.javatutor.repository.JavaQuestionRepositoryTest.mongoTemplate
10:40:17,576 DEBUG org.springframework.beans.factory.annotation.InjectionMetadata:89 - Processing injected element of bean 'pro.abacus.javatutor.repository.JavaQuestionRepositoryTest': AutowiredFieldElement for private org.springframework.data.mongodb.core.MongoTemplate pro.abacus.javatutor.repository.JavaQuestionRepositoryTest.mongoTemplate
10:40:17,576 DEBUG org.springframework.beans.factory.support.DefaultListableBeanFactory:254 - Returning cached instance of singleton bean 'mongoTemplate'
10:40:17,576 DEBUG org.springframework.beans.factory.support.DefaultListableBeanFactory:254 - Returning cached instance of singleton bean 'mongoTemplate'
10:40:17,577 DEBUG org.springframework.beans.factory.annotation.InjectionMetadata:89 - Processing injected element of bean 'pro.abacus.javatutor.repository.JavaQuestionRepositoryTest': AutowiredFieldElement for pro.abacus.javatutor.repository.JavaQuestionRepository pro.abacus.javatutor.repository.JavaQuestionRepositoryTest.javaQuestionRepository
10:40:17,577 DEBUG org.springframework.beans.factory.annotation.InjectionMetadata:89 - Processing injected element of bean 'pro.abacus.javatutor.repository.JavaQuestionRepositoryTest': AutowiredFieldElement for pro.abacus.javatutor.repository.JavaQuestionRepository pro.abacus.javatutor.repository.JavaQuestionRepositoryTest.javaQuestionRepository
10:40:17,577 DEBUG org.springframework.beans.factory.support.DefaultListableBeanFactory:254 - Returning cached instance of singleton bean 'javaQuestionRepository'
10:40:17,577 DEBUG org.springframework.beans.factory.support.DefaultListableBeanFactory:254 - Returning cached instance of singleton bean 'javaQuestionRepository'
10:40:17,579 TRACE org.springframework.test.context.TestContextManager:512 - beforeTestMethod(): instance [pro.abacus.javatutor.repository.JavaQuestionRepositoryTest@1958c0d9], method [public void pro.abacus.javatutor.repository.JavaQuestionRepositoryTest.shouldSaveAllQuestions() throws java.lang.Exception]
10:40:17,579 TRACE org.springframework.test.context.TestContextManager:512 - beforeTestMethod(): instance [pro.abacus.javatutor.repository.JavaQuestionRepositoryTest@1958c0d9], method [public void pro.abacus.javatutor.repository.JavaQuestionRepositoryTest.shouldSaveAllQuestions() throws java.lang.Exception]
10:40:17,580 DEBUG org.springframework.test.context.support.AbstractDirtiesContextTestExecutionListener:107 - Before test method: context [DefaultTestContext@61ad30f6 testClass = JavaQuestionRepositoryTest, testInstance = pro.abacus.javatutor.repository.JavaQuestionRepositoryTest@1958c0d9, testMethod = shouldSaveAllQuestions@JavaQuestionRepositoryTest, testException = [null], mergedContextConfiguration = [MergedContextConfiguration@312f3050 testClass = JavaQuestionRepositoryTest, locations = '{}', classes = '{class pro.abacus.javatutor.JavaTutorApplication}', contextInitializerClasses = '[]', activeProfiles = '{}', propertySourceLocations = '{}', propertySourceProperties = '{org.springframework.boot.test.context.SpringBootTestContextBootstrapper=true}', contextCustomizers = set[[ImportsContextCustomizer@615bad16 key = [org.springframework.boot.autoconfigure.cache.CacheAutoConfiguration, org.springframework.boot.autoconfigure.data.mongo.MongoDataAutoConfiguration, org.springframework.boot.autoconfigure.data.mongo.MongoReactiveDataAutoConfiguration, org.springframework.boot.autoconfigure.data.mongo.MongoReactiveRepositoriesAutoConfiguration, org.springframework.boot.autoconfigure.data.mongo.MongoRepositoriesAutoConfiguration, org.springframework.boot.autoconfigure.mongo.MongoAutoConfiguration, org.springframework.boot.autoconfigure.mongo.MongoReactiveAutoConfiguration, org.springframework.boot.autoconfigure.mongo.embedded.EmbeddedMongoAutoConfiguration]], org.springframework.boot.test.context.filter.ExcludeFilterContextCustomizer@290dbf45, org.springframework.boot.test.json.DuplicateJsonObjectContextCustomizerFactory$DuplicateJsonObjectContextCustomizer@69a10787, org.springframework.boot.test.mock.mockito.MockitoContextCustomizer@0, org.springframework.boot.test.autoconfigure.OverrideAutoConfigurationContextCustomizerFactory$DisableAutoConfigurationContextCustomizer@1c72da34, org.springframework.boot.test.autoconfigure.filter.TypeExcludeFiltersContextCustomizer@351584c0, org.springframework.boot.test.autoconfigure.properties.PropertyMappingContextCustomizer@9c19a3b8, org.springframework.boot.test.autoconfigure.web.servlet.WebDriverContextCustomizerFactory$Customizer@7f9fcf7f], contextLoader = 'org.springframework.boot.test.context.SpringBootContextLoader', parent = [null]], attributes = map[[empty]]], class annotated with @DirtiesContext [false] with mode [null], method annotated with @DirtiesContext [false] with mode [null].
10:40:17,580 DEBUG org.springframework.test.context.support.AbstractDirtiesContextTestExecutionListener:107 - Before test method: context [DefaultTestContext@61ad30f6 testClass = JavaQuestionRepositoryTest, testInstance = pro.abacus.javatutor.repository.JavaQuestionRepositoryTest@1958c0d9, testMethod = shouldSaveAllQuestions@JavaQuestionRepositoryTest, testException = [null], mergedContextConfiguration = [MergedContextConfiguration@312f3050 testClass = JavaQuestionRepositoryTest, locations = '{}', classes = '{class pro.abacus.javatutor.JavaTutorApplication}', contextInitializerClasses = '[]', activeProfiles = '{}', propertySourceLocations = '{}', propertySourceProperties = '{org.springframework.boot.test.context.SpringBootTestContextBootstrapper=true}', contextCustomizers = set[[ImportsContextCustomizer@615bad16 key = [org.springframework.boot.autoconfigure.cache.CacheAutoConfiguration, org.springframework.boot.autoconfigure.data.mongo.MongoDataAutoConfiguration, org.springframework.boot.autoconfigure.data.mongo.MongoReactiveDataAutoConfiguration, org.springframework.boot.autoconfigure.data.mongo.MongoReactiveRepositoriesAutoConfiguration, org.springframework.boot.autoconfigure.data.mongo.MongoRepositoriesAutoConfiguration, org.springframework.boot.autoconfigure.mongo.MongoAutoConfiguration, org.springframework.boot.autoconfigure.mongo.MongoReactiveAutoConfiguration, org.springframework.boot.autoconfigure.mongo.embedded.EmbeddedMongoAutoConfiguration]], org.springframework.boot.test.context.filter.ExcludeFilterContextCustomizer@290dbf45, org.springframework.boot.test.json.DuplicateJsonObjectContextCustomizerFactory$DuplicateJsonObjectContextCustomizer@69a10787, org.springframework.boot.test.mock.mockito.MockitoContextCustomizer@0, org.springframework.boot.test.autoconfigure.OverrideAutoConfigurationContextCustomizerFactory$DisableAutoConfigurationContextCustomizer@1c72da34, org.springframework.boot.test.autoconfigure.filter.TypeExcludeFiltersContextCustomizer@351584c0, org.springframework.boot.test.autoconfigure.properties.PropertyMappingContextCustomizer@9c19a3b8, org.springframework.boot.test.autoconfigure.web.servlet.WebDriverContextCustomizerFactory$Customizer@7f9fcf7f], contextLoader = 'org.springframework.boot.test.context.SpringBootContextLoader', parent = [null]], attributes = map[[empty]]], class annotated with @DirtiesContext [false] with mode [null], method annotated with @DirtiesContext [false] with mode [null].
10:40:17,583 DEBUG org.springframework.test.context.cache.DefaultCacheAwareContextLoaderDelegate:130 - Retrieved ApplicationContext from cache with key [[MergedContextConfiguration@312f3050 testClass = JavaQuestionRepositoryTest, locations = '{}', classes = '{class pro.abacus.javatutor.JavaTutorApplication}', contextInitializerClasses = '[]', activeProfiles = '{}', propertySourceLocations = '{}', propertySourceProperties = '{org.springframework.boot.test.context.SpringBootTestContextBootstrapper=true}', contextCustomizers = set[[ImportsContextCustomizer@615bad16 key = [org.springframework.boot.autoconfigure.cache.CacheAutoConfiguration, org.springframework.boot.autoconfigure.data.mongo.MongoDataAutoConfiguration, org.springframework.boot.autoconfigure.data.mongo.MongoReactiveDataAutoConfiguration, org.springframework.boot.autoconfigure.data.mongo.MongoReactiveRepositoriesAutoConfiguration, org.springframework.boot.autoconfigure.data.mongo.MongoRepositoriesAutoConfiguration, org.springframework.boot.autoconfigure.mongo.MongoAutoConfiguration, org.springframework.boot.autoconfigure.mongo.MongoReactiveAutoConfiguration, org.springframework.boot.autoconfigure.mongo.embedded.EmbeddedMongoAutoConfiguration]], org.springframework.boot.test.context.filter.ExcludeFilterContextCustomizer@290dbf45, org.springframework.boot.test.json.DuplicateJsonObjectContextCustomizerFactory$DuplicateJsonObjectContextCustomizer@69a10787, org.springframework.boot.test.mock.mockito.MockitoContextCustomizer@0, org.springframework.boot.test.autoconfigure.OverrideAutoConfigurationContextCustomizerFactory$DisableAutoConfigurationContextCustomizer@1c72da34, org.springframework.boot.test.autoconfigure.filter.TypeExcludeFiltersContextCustomizer@351584c0, org.springframework.boot.test.autoconfigure.properties.PropertyMappingContextCustomizer@9c19a3b8, org.springframework.boot.test.autoconfigure.web.servlet.WebDriverContextCustomizerFactory$Customizer@7f9fcf7f], contextLoader = 'org.springframework.boot.test.context.SpringBootContextLoader', parent = [null]]]
10:40:17,583 DEBUG org.springframework.test.context.cache.DefaultCacheAwareContextLoaderDelegate:130 - Retrieved ApplicationContext from cache with key [[MergedContextConfiguration@312f3050 testClass = JavaQuestionRepositoryTest, locations = '{}', classes = '{class pro.abacus.javatutor.JavaTutorApplication}', contextInitializerClasses = '[]', activeProfiles = '{}', propertySourceLocations = '{}', propertySourceProperties = '{org.springframework.boot.test.context.SpringBootTestContextBootstrapper=true}', contextCustomizers = set[[ImportsContextCustomizer@615bad16 key = [org.springframework.boot.autoconfigure.cache.CacheAutoConfiguration, org.springframework.boot.autoconfigure.data.mongo.MongoDataAutoConfiguration, org.springframework.boot.autoconfigure.data.mongo.MongoReactiveDataAutoConfiguration, org.springframework.boot.autoconfigure.data.mongo.MongoReactiveRepositoriesAutoConfiguration, org.springframework.boot.autoconfigure.data.mongo.MongoRepositoriesAutoConfiguration, org.springframework.boot.autoconfigure.mongo.MongoAutoConfiguration, org.springframework.boot.autoconfigure.mongo.MongoReactiveAutoConfiguration, org.springframework.boot.autoconfigure.mongo.embedded.EmbeddedMongoAutoConfiguration]], org.springframework.boot.test.context.filter.ExcludeFilterContextCustomizer@290dbf45, org.springframework.boot.test.json.DuplicateJsonObjectContextCustomizerFactory$DuplicateJsonObjectContextCustomizer@69a10787, org.springframework.boot.test.mock.mockito.MockitoContextCustomizer@0, org.springframework.boot.test.autoconfigure.OverrideAutoConfigurationContextCustomizerFactory$DisableAutoConfigurationContextCustomizer@1c72da34, org.springframework.boot.test.autoconfigure.filter.TypeExcludeFiltersContextCustomizer@351584c0, org.springframework.boot.test.autoconfigure.properties.PropertyMappingContextCustomizer@9c19a3b8, org.springframework.boot.test.autoconfigure.web.servlet.WebDriverContextCustomizerFactory$Customizer@7f9fcf7f], contextLoader = 'org.springframework.boot.test.context.SpringBootContextLoader', parent = [null]]]
10:40:17,584 DEBUG org.springframework.test.context.cache:290 - Spring test ApplicationContext cache statistics: [DefaultContextCache@1431267b size = 4, maxSize = 32, parentContextCount = 0, hitCount = 46, missCount = 4]
10:40:17,584 DEBUG org.springframework.test.context.cache:290 - Spring test ApplicationContext cache statistics: [DefaultContextCache@1431267b size = 4, maxSize = 32, parentContextCount = 0, hitCount = 46, missCount = 4]
10:40:17,585 DEBUG org.springframework.beans.factory.support.DefaultListableBeanFactory:254 - Returning cached instance of singleton bean 'org.springframework.boot.test.mock.mockito.MockitoBeans'
10:40:17,585 DEBUG org.springframework.beans.factory.support.DefaultListableBeanFactory:254 - Returning cached instance of singleton bean 'org.springframework.boot.test.mock.mockito.MockitoBeans'
10:40:17,588 TRACE org.springframework.test.context.TestContextManager:512 - beforeTestExecution(): instance [pro.abacus.javatutor.repository.JavaQuestionRepositoryTest@1958c0d9], method [public void pro.abacus.javatutor.repository.JavaQuestionRepositoryTest.shouldSaveAllQuestions() throws java.lang.Exception]
10:40:17,588 TRACE org.springframework.test.context.TestContextManager:512 - beforeTestExecution(): instance [pro.abacus.javatutor.repository.JavaQuestionRepositoryTest@1958c0d9], method [public void pro.abacus.javatutor.repository.JavaQuestionRepositoryTest.shouldSaveAllQuestions() throws java.lang.Exception]
10:40:17,636 TRACE org.springframework.context.annotation.AnnotationConfigApplicationContext:380 - Publishing event in org.springframework.context.annotation.AnnotationConfigApplicationContext@531ec2ca: org.springframework.data.mongodb.core.mapping.event.BeforeConvertEvent[source=JavaQuestion [id=null, account=User [id=null, username=Tom, password=12345678, authorities=[], javaquestions=[]], question=question1, answer=answer1]]
10:40:17,636 TRACE org.springframework.context.annotation.AnnotationConfigApplicationContext:380 - Publishing event in org.springframework.context.annotation.AnnotationConfigApplicationContext@531ec2ca: org.springframework.data.mongodb.core.mapping.event.BeforeConvertEvent[source=JavaQuestion [id=null, account=User [id=null, username=Tom, password=12345678, authorities=[], javaquestions=[]], question=question1, answer=answer1]]
10:40:17,640 TRACE org.springframework.context.annotation.AnnotationConfigApplicationContext:380 - Publishing event in org.springframework.context.annotation.AnnotationConfigApplicationContext@531ec2ca: org.springframework.data.mongodb.core.mapping.event.BeforeSaveEvent[source=JavaQuestion [id=null, account=User [id=null, username=Tom, password=12345678, authorities=[], javaquestions=[]], question=question1, answer=answer1]]
10:40:17,640 TRACE org.springframework.context.annotation.AnnotationConfigApplicationContext:380 - Publishing event in org.springframework.context.annotation.AnnotationConfigApplicationContext@531ec2ca: org.springframework.data.mongodb.core.mapping.event.BeforeSaveEvent[source=JavaQuestion [id=null, account=User [id=null, username=Tom, password=12345678, authorities=[], javaquestions=[]], question=question1, answer=answer1]]
10:40:17,643 TRACE org.springframework.context.annotation.AnnotationConfigApplicationContext:380 - Publishing event in org.springframework.context.annotation.AnnotationConfigApplicationContext@531ec2ca: org.springframework.data.mongodb.core.mapping.event.BeforeConvertEvent[source=JavaQuestion [id=null, account=User [id=null, username=Tom, password=12345678, authorities=[], javaquestions=[]], question=question2, answer=answer2]]
10:40:17,643 TRACE org.springframework.context.annotation.AnnotationConfigApplicationContext:380 - Publishing event in org.springframework.context.annotation.AnnotationConfigApplicationContext@531ec2ca: org.springframework.data.mongodb.core.mapping.event.BeforeConvertEvent[source=JavaQuestion [id=null, account=User [id=null, username=Tom, password=12345678, authorities=[], javaquestions=[]], question=question2, answer=answer2]]
10:40:17,652 TRACE org.springframework.context.annotation.AnnotationConfigApplicationContext:380 - Publishing event in org.springframework.context.annotation.AnnotationConfigApplicationContext@531ec2ca: org.springframework.data.mongodb.core.mapping.event.BeforeSaveEvent[source=JavaQuestion [id=null, account=User [id=null, username=Tom, password=12345678, authorities=[], javaquestions=[]], question=question2, answer=answer2]]
10:40:17,652 TRACE org.springframework.context.annotation.AnnotationConfigApplicationContext:380 - Publishing event in org.springframework.context.annotation.AnnotationConfigApplicationContext@531ec2ca: org.springframework.data.mongodb.core.mapping.event.BeforeSaveEvent[source=JavaQuestion [id=null, account=User [id=null, username=Tom, password=12345678, authorities=[], javaquestions=[]], question=question2, answer=answer2]]
10:40:17,654 DEBUG org.springframework.data.mongodb.core.MongoTemplate:1292 - Inserting list of Documents containing 2 items
10:40:17,654 DEBUG org.springframework.data.mongodb.core.MongoTemplate:1292 - Inserting list of Documents containing 2 items
10:40:47,664 TRACE org.springframework.test.context.TestContextManager:521 - afterTestExecution(): instance [pro.abacus.javatutor.repository.JavaQuestionRepositoryTest@1958c0d9], method [public void pro.abacus.javatutor.repository.JavaQuestionRepositoryTest.shouldSaveAllQuestions() throws java.lang.Exception], exception [org.springframework.dao.DataAccessResourceFailureException: Timed out after 30000 ms while waiting to connect. Client view of cluster state is {type=UNKNOWN, servers=[{address=localhost:27017, type=UNKNOWN, state=CONNECTING, exception={com.mongodb.MongoSocketOpenException: Exception opening socket}, caused by {java.net.ConnectException: Connection refused: connect}}]; nested exception is com.mongodb.MongoTimeoutException: Timed out after 30000 ms while waiting to connect. Client view of cluster state is {type=UNKNOWN, servers=[{address=localhost:27017, type=UNKNOWN, state=CONNECTING, exception={com.mongodb.MongoSocketOpenException: Exception opening socket}, caused by {java.net.ConnectException: Connection refused: connect}}]]
10:40:47,664 TRACE org.springframework.test.context.TestContextManager:521 - afterTestExecution(): instance [pro.abacus.javatutor.repository.JavaQuestionRepositoryTest@1958c0d9], method [public void pro.abacus.javatutor.repository.JavaQuestionRepositoryTest.shouldSaveAllQuestions() throws java.lang.Exception], exception [org.springframework.dao.DataAccessResourceFailureException: Timed out after 30000 ms while waiting to connect. Client view of cluster state is {type=UNKNOWN, servers=[{address=localhost:27017, type=UNKNOWN, state=CONNECTING, exception={com.mongodb.MongoSocketOpenException: Exception opening socket}, caused by {java.net.ConnectException: Connection refused: connect}}]; nested exception is com.mongodb.MongoTimeoutException: Timed out after 30000 ms while waiting to connect. Client view of cluster state is {type=UNKNOWN, servers=[{address=localhost:27017, type=UNKNOWN, state=CONNECTING, exception={com.mongodb.MongoSocketOpenException: Exception opening socket}, caused by {java.net.ConnectException: Connection refused: connect}}]]
10:41:17,669 TRACE org.springframework.test.context.TestContextManager:521 - afterTestMethod(): instance [pro.abacus.javatutor.repository.JavaQuestionRepositoryTest@1958c0d9], method [public void pro.abacus.javatutor.repository.JavaQuestionRepositoryTest.shouldSaveAllQuestions() throws java.lang.Exception], exception [org.junit.internal.runners.model.MultipleFailureException: There were 2 errors:
  org.springframework.dao.DataAccessResourceFailureException(Timed out after 30000 ms while waiting to connect. Client view of cluster state is {type=UNKNOWN, servers=[{address=localhost:27017, type=UNKNOWN, state=CONNECTING, exception={com.mongodb.MongoSocketOpenException: Exception opening socket}, caused by {java.net.ConnectException: Connection refused: connect}}]; nested exception is com.mongodb.MongoTimeoutException: Timed out after 30000 ms while waiting to connect. Client view of cluster state is {type=UNKNOWN, servers=[{address=localhost:27017, type=UNKNOWN, state=CONNECTING, exception={com.mongodb.MongoSocketOpenException: Exception opening socket}, caused by {java.net.ConnectException: Connection refused: connect}}])
  com.mongodb.MongoTimeoutException(Timed out after 30000 ms while waiting to connect. Client view of cluster state is {type=UNKNOWN, servers=[{address=localhost:27017, type=UNKNOWN, state=CONNECTING, exception={com.mongodb.MongoSocketOpenException: Exception opening socket}, caused by {java.net.ConnectException: Connection refused: connect}}])]
10:41:17,669 TRACE org.springframework.test.context.TestContextManager:521 - afterTestMethod(): instance [pro.abacus.javatutor.repository.JavaQuestionRepositoryTest@1958c0d9], method [public void pro.abacus.javatutor.repository.JavaQuestionRepositoryTest.shouldSaveAllQuestions() throws java.lang.Exception], exception [org.junit.internal.runners.model.MultipleFailureException: There were 2 errors:
  org.springframework.dao.DataAccessResourceFailureException(Timed out after 30000 ms while waiting to connect. Client view of cluster state is {type=UNKNOWN, servers=[{address=localhost:27017, type=UNKNOWN, state=CONNECTING, exception={com.mongodb.MongoSocketOpenException: Exception opening socket}, caused by {java.net.ConnectException: Connection refused: connect}}]; nested exception is com.mongodb.MongoTimeoutException: Timed out after 30000 ms while waiting to connect. Client view of cluster state is {type=UNKNOWN, servers=[{address=localhost:27017, type=UNKNOWN, state=CONNECTING, exception={com.mongodb.MongoSocketOpenException: Exception opening socket}, caused by {java.net.ConnectException: Connection refused: connect}}])
  com.mongodb.MongoTimeoutException(Timed out after 30000 ms while waiting to connect. Client view of cluster state is {type=UNKNOWN, servers=[{address=localhost:27017, type=UNKNOWN, state=CONNECTING, exception={com.mongodb.MongoSocketOpenException: Exception opening socket}, caused by {java.net.ConnectException: Connection refused: connect}}])]
10:41:17,670 DEBUG org.springframework.test.context.cache.DefaultCacheAwareContextLoaderDelegate:130 - Retrieved ApplicationContext from cache with key [[MergedContextConfiguration@312f3050 testClass = JavaQuestionRepositoryTest, locations = '{}', classes = '{class pro.abacus.javatutor.JavaTutorApplication}', contextInitializerClasses = '[]', activeProfiles = '{}', propertySourceLocations = '{}', propertySourceProperties = '{org.springframework.boot.test.context.SpringBootTestContextBootstrapper=true}', contextCustomizers = set[[ImportsContextCustomizer@615bad16 key = [org.springframework.boot.autoconfigure.cache.CacheAutoConfiguration, org.springframework.boot.autoconfigure.data.mongo.MongoDataAutoConfiguration, org.springframework.boot.autoconfigure.data.mongo.MongoReactiveDataAutoConfiguration, org.springframework.boot.autoconfigure.data.mongo.MongoReactiveRepositoriesAutoConfiguration, org.springframework.boot.autoconfigure.data.mongo.MongoRepositoriesAutoConfiguration, org.springframework.boot.autoconfigure.mongo.MongoAutoConfiguration, org.springframework.boot.autoconfigure.mongo.MongoReactiveAutoConfiguration, org.springframework.boot.autoconfigure.mongo.embedded.EmbeddedMongoAutoConfiguration]], org.springframework.boot.test.context.filter.ExcludeFilterContextCustomizer@290dbf45, org.springframework.boot.test.json.DuplicateJsonObjectContextCustomizerFactory$DuplicateJsonObjectContextCustomizer@69a10787, org.springframework.boot.test.mock.mockito.MockitoContextCustomizer@0, org.springframework.boot.test.autoconfigure.OverrideAutoConfigurationContextCustomizerFactory$DisableAutoConfigurationContextCustomizer@1c72da34, org.springframework.boot.test.autoconfigure.filter.TypeExcludeFiltersContextCustomizer@351584c0, org.springframework.boot.test.autoconfigure.properties.PropertyMappingContextCustomizer@9c19a3b8, org.springframework.boot.test.autoconfigure.web.servlet.WebDriverContextCustomizerFactory$Customizer@7f9fcf7f], contextLoader = 'org.springframework.boot.test.context.SpringBootContextLoader', parent = [null]]]
10:41:17,670 DEBUG org.springframework.test.context.cache.DefaultCacheAwareContextLoaderDelegate:130 - Retrieved ApplicationContext from cache with key [[MergedContextConfiguration@312f3050 testClass = JavaQuestionRepositoryTest, locations = '{}', classes = '{class pro.abacus.javatutor.JavaTutorApplication}', contextInitializerClasses = '[]', activeProfiles = '{}', propertySourceLocations = '{}', propertySourceProperties = '{org.springframework.boot.test.context.SpringBootTestContextBootstrapper=true}', contextCustomizers = set[[ImportsContextCustomizer@615bad16 key = [org.springframework.boot.autoconfigure.cache.CacheAutoConfiguration, org.springframework.boot.autoconfigure.data.mongo.MongoDataAutoConfiguration, org.springframework.boot.autoconfigure.data.mongo.MongoReactiveDataAutoConfiguration, org.springframework.boot.autoconfigure.data.mongo.MongoReactiveRepositoriesAutoConfiguration, org.springframework.boot.autoconfigure.data.mongo.MongoRepositoriesAutoConfiguration, org.springframework.boot.autoconfigure.mongo.MongoAutoConfiguration, org.springframework.boot.autoconfigure.mongo.MongoReactiveAutoConfiguration, org.springframework.boot.autoconfigure.mongo.embedded.EmbeddedMongoAutoConfiguration]], org.springframework.boot.test.context.filter.ExcludeFilterContextCustomizer@290dbf45, org.springframework.boot.test.json.DuplicateJsonObjectContextCustomizerFactory$DuplicateJsonObjectContextCustomizer@69a10787, org.springframework.boot.test.mock.mockito.MockitoContextCustomizer@0, org.springframework.boot.test.autoconfigure.OverrideAutoConfigurationContextCustomizerFactory$DisableAutoConfigurationContextCustomizer@1c72da34, org.springframework.boot.test.autoconfigure.filter.TypeExcludeFiltersContextCustomizer@351584c0, org.springframework.boot.test.autoconfigure.properties.PropertyMappingContextCustomizer@9c19a3b8, org.springframework.boot.test.autoconfigure.web.servlet.WebDriverContextCustomizerFactory$Customizer@7f9fcf7f], contextLoader = 'org.springframework.boot.test.context.SpringBootContextLoader', parent = [null]]]
10:41:17,671 DEBUG org.springframework.test.context.cache:290 - Spring test ApplicationContext cache statistics: [DefaultContextCache@1431267b size = 4, maxSize = 32, parentContextCount = 0, hitCount = 47, missCount = 4]
10:41:17,671 DEBUG org.springframework.test.context.cache:290 - Spring test ApplicationContext cache statistics: [DefaultContextCache@1431267b size = 4, maxSize = 32, parentContextCount = 0, hitCount = 47, missCount = 4]
10:41:17,672 DEBUG org.springframework.test.context.cache.DefaultCacheAwareContextLoaderDelegate:130 - Retrieved ApplicationContext from cache with key [[MergedContextConfiguration@312f3050 testClass = JavaQuestionRepositoryTest, locations = '{}', classes = '{class pro.abacus.javatutor.JavaTutorApplication}', contextInitializerClasses = '[]', activeProfiles = '{}', propertySourceLocations = '{}', propertySourceProperties = '{org.springframework.boot.test.context.SpringBootTestContextBootstrapper=true}', contextCustomizers = set[[ImportsContextCustomizer@615bad16 key = [org.springframework.boot.autoconfigure.cache.CacheAutoConfiguration, org.springframework.boot.autoconfigure.data.mongo.MongoDataAutoConfiguration, org.springframework.boot.autoconfigure.data.mongo.MongoReactiveDataAutoConfiguration, org.springframework.boot.autoconfigure.data.mongo.MongoReactiveRepositoriesAutoConfiguration, org.springframework.boot.autoconfigure.data.mongo.MongoRepositoriesAutoConfiguration, org.springframework.boot.autoconfigure.mongo.MongoAutoConfiguration, org.springframework.boot.autoconfigure.mongo.MongoReactiveAutoConfiguration, org.springframework.boot.autoconfigure.mongo.embedded.EmbeddedMongoAutoConfiguration]], org.springframework.boot.test.context.filter.ExcludeFilterContextCustomizer@290dbf45, org.springframework.boot.test.json.DuplicateJsonObjectContextCustomizerFactory$DuplicateJsonObjectContextCustomizer@69a10787, org.springframework.boot.test.mock.mockito.MockitoContextCustomizer@0, org.springframework.boot.test.autoconfigure.OverrideAutoConfigurationContextCustomizerFactory$DisableAutoConfigurationContextCustomizer@1c72da34, org.springframework.boot.test.autoconfigure.filter.TypeExcludeFiltersContextCustomizer@351584c0, org.springframework.boot.test.autoconfigure.properties.PropertyMappingContextCustomizer@9c19a3b8, org.springframework.boot.test.autoconfigure.web.servlet.WebDriverContextCustomizerFactory$Customizer@7f9fcf7f], contextLoader = 'org.springframework.boot.test.context.SpringBootContextLoader', parent = [null]]]
10:41:17,672 DEBUG org.springframework.test.context.cache.DefaultCacheAwareContextLoaderDelegate:130 - Retrieved ApplicationContext from cache with key [[MergedContextConfiguration@312f3050 testClass = JavaQuestionRepositoryTest, locations = '{}', classes = '{class pro.abacus.javatutor.JavaTutorApplication}', contextInitializerClasses = '[]', activeProfiles = '{}', propertySourceLocations = '{}', propertySourceProperties = '{org.springframework.boot.test.context.SpringBootTestContextBootstrapper=true}', contextCustomizers = set[[ImportsContextCustomizer@615bad16 key = [org.springframework.boot.autoconfigure.cache.CacheAutoConfiguration, org.springframework.boot.autoconfigure.data.mongo.MongoDataAutoConfiguration, org.springframework.boot.autoconfigure.data.mongo.MongoReactiveDataAutoConfiguration, org.springframework.boot.autoconfigure.data.mongo.MongoReactiveRepositoriesAutoConfiguration, org.springframework.boot.autoconfigure.data.mongo.MongoRepositoriesAutoConfiguration, org.springframework.boot.autoconfigure.mongo.MongoAutoConfiguration, org.springframework.boot.autoconfigure.mongo.MongoReactiveAutoConfiguration, org.springframework.boot.autoconfigure.mongo.embedded.EmbeddedMongoAutoConfiguration]], org.springframework.boot.test.context.filter.ExcludeFilterContextCustomizer@290dbf45, org.springframework.boot.test.json.DuplicateJsonObjectContextCustomizerFactory$DuplicateJsonObjectContextCustomizer@69a10787, org.springframework.boot.test.mock.mockito.MockitoContextCustomizer@0, org.springframework.boot.test.autoconfigure.OverrideAutoConfigurationContextCustomizerFactory$DisableAutoConfigurationContextCustomizer@1c72da34, org.springframework.boot.test.autoconfigure.filter.TypeExcludeFiltersContextCustomizer@351584c0, org.springframework.boot.test.autoconfigure.properties.PropertyMappingContextCustomizer@9c19a3b8, org.springframework.boot.test.autoconfigure.web.servlet.WebDriverContextCustomizerFactory$Customizer@7f9fcf7f], contextLoader = 'org.springframework.boot.test.context.SpringBootContextLoader', parent = [null]]]
10:41:17,673 DEBUG org.springframework.test.context.cache:290 - Spring test ApplicationContext cache statistics: [DefaultContextCache@1431267b size = 4, maxSize = 32, parentContextCount = 0, hitCount = 48, missCount = 4]
10:41:17,673 DEBUG org.springframework.test.context.cache:290 - Spring test ApplicationContext cache statistics: [DefaultContextCache@1431267b size = 4, maxSize = 32, parentContextCount = 0, hitCount = 48, missCount = 4]
10:41:17,674 TRACE org.springframework.beans.factory.support.DefaultListableBeanFactory:684 - No bean named 'org.springframework.boot.test.autoconfigure.web.servlet.SpringBootMockMvcBuilderCustomizer$DeferredLinesWriter' found in org.springframework.beans.factory.support.DefaultListableBeanFactory@156324b: defining beans [org.springframework.context.annotation.internalConfigurationAnnotationProcessor,org.springframework.context.annotation.internalAutowiredAnnotationProcessor,org.springframework.context.annotation.internalRequiredAnnotationProcessor,org.springframework.context.annotation.internalCommonAnnotationProcessor,org.springframework.context.event.internalEventListenerProcessor,org.springframework.context.event.internalEventListenerFactory,org.springframework.boot.test.context.ImportsContextCustomizer$ImportsCleanupPostProcessor,org.springframework.boot.test.mock.mockito.MockitoPostProcessor$SpyPostProcessor,org.springframework.boot.test.mock.mockito.MockitoPostProcessor,javaTutorApplication,org.springframework.boot.autoconfigure.internalCachingMetadataReaderFactory,org.springframework.boot.autoconfigure.AutoConfigurationPackages,org.springframework.boot.autoconfigure.condition.BeanTypeRegistry,org.springframework.boot.autoconfigure.mongo.MongoAutoConfiguration,mongo,spring.data.mongodb-org.springframework.boot.autoconfigure.mongo.MongoProperties,org.springframework.boot.context.properties.ConfigurationPropertiesBindingPostProcessor,org.springframework.boot.context.properties.ConfigurationBeanFactoryMetadata,org.springframework.boot.autoconfigure.data.mongo.MongoDataAutoConfiguration,mongoDbFactory,mongoTemplate,mappingMongoConverter,mongoMappingContext,gridFsTemplate,mongoCustomConversions,org.springframework.boot.autoconfigure.data.mongo.MongoRepositoriesAutoConfiguration,userRepository,authorityRepository,javaQuestionRepository]; root of factory hierarchy
10:41:17,674 TRACE org.springframework.beans.factory.support.DefaultListableBeanFactory:684 - No bean named 'org.springframework.boot.test.autoconfigure.web.servlet.SpringBootMockMvcBuilderCustomizer$DeferredLinesWriter' found in org.springframework.beans.factory.support.DefaultListableBeanFactory@156324b: defining beans [org.springframework.context.annotation.internalConfigurationAnnotationProcessor,org.springframework.context.annotation.internalAutowiredAnnotationProcessor,org.springframework.context.annotation.internalRequiredAnnotationProcessor,org.springframework.context.annotation.internalCommonAnnotationProcessor,org.springframework.context.event.internalEventListenerProcessor,org.springframework.context.event.internalEventListenerFactory,org.springframework.boot.test.context.ImportsContextCustomizer$ImportsCleanupPostProcessor,org.springframework.boot.test.mock.mockito.MockitoPostProcessor$SpyPostProcessor,org.springframework.boot.test.mock.mockito.MockitoPostProcessor,javaTutorApplication,org.springframework.boot.autoconfigure.internalCachingMetadataReaderFactory,org.springframework.boot.autoconfigure.AutoConfigurationPackages,org.springframework.boot.autoconfigure.condition.BeanTypeRegistry,org.springframework.boot.autoconfigure.mongo.MongoAutoConfiguration,mongo,spring.data.mongodb-org.springframework.boot.autoconfigure.mongo.MongoProperties,org.springframework.boot.context.properties.ConfigurationPropertiesBindingPostProcessor,org.springframework.boot.context.properties.ConfigurationBeanFactoryMetadata,org.springframework.boot.autoconfigure.data.mongo.MongoDataAutoConfiguration,mongoDbFactory,mongoTemplate,mappingMongoConverter,mongoMappingContext,gridFsTemplate,mongoCustomConversions,org.springframework.boot.autoconfigure.data.mongo.MongoRepositoriesAutoConfiguration,userRepository,authorityRepository,javaQuestionRepository]; root of factory hierarchy
10:41:17,678 DEBUG org.springframework.test.context.cache.DefaultCacheAwareContextLoaderDelegate:130 - Retrieved ApplicationContext from cache with key [[MergedContextConfiguration@312f3050 testClass = JavaQuestionRepositoryTest, locations = '{}', classes = '{class pro.abacus.javatutor.JavaTutorApplication}', contextInitializerClasses = '[]', activeProfiles = '{}', propertySourceLocations = '{}', propertySourceProperties = '{org.springframework.boot.test.context.SpringBootTestContextBootstrapper=true}', contextCustomizers = set[[ImportsContextCustomizer@615bad16 key = [org.springframework.boot.autoconfigure.cache.CacheAutoConfiguration, org.springframework.boot.autoconfigure.data.mongo.MongoDataAutoConfiguration, org.springframework.boot.autoconfigure.data.mongo.MongoReactiveDataAutoConfiguration, org.springframework.boot.autoconfigure.data.mongo.MongoReactiveRepositoriesAutoConfiguration, org.springframework.boot.autoconfigure.data.mongo.MongoRepositoriesAutoConfiguration, org.springframework.boot.autoconfigure.mongo.MongoAutoConfiguration, org.springframework.boot.autoconfigure.mongo.MongoReactiveAutoConfiguration, org.springframework.boot.autoconfigure.mongo.embedded.EmbeddedMongoAutoConfiguration]], org.springframework.boot.test.context.filter.ExcludeFilterContextCustomizer@290dbf45, org.springframework.boot.test.json.DuplicateJsonObjectContextCustomizerFactory$DuplicateJsonObjectContextCustomizer@69a10787, org.springframework.boot.test.mock.mockito.MockitoContextCustomizer@0, org.springframework.boot.test.autoconfigure.OverrideAutoConfigurationContextCustomizerFactory$DisableAutoConfigurationContextCustomizer@1c72da34, org.springframework.boot.test.autoconfigure.filter.TypeExcludeFiltersContextCustomizer@351584c0, org.springframework.boot.test.autoconfigure.properties.PropertyMappingContextCustomizer@9c19a3b8, org.springframework.boot.test.autoconfigure.web.servlet.WebDriverContextCustomizerFactory$Customizer@7f9fcf7f], contextLoader = 'org.springframework.boot.test.context.SpringBootContextLoader', parent = [null]]]
10:41:17,678 DEBUG org.springframework.test.context.cache.DefaultCacheAwareContextLoaderDelegate:130 - Retrieved ApplicationContext from cache with key [[MergedContextConfiguration@312f3050 testClass = JavaQuestionRepositoryTest, locations = '{}', classes = '{class pro.abacus.javatutor.JavaTutorApplication}', contextInitializerClasses = '[]', activeProfiles = '{}', propertySourceLocations = '{}', propertySourceProperties = '{org.springframework.boot.test.context.SpringBootTestContextBootstrapper=true}', contextCustomizers = set[[ImportsContextCustomizer@615bad16 key = [org.springframework.boot.autoconfigure.cache.CacheAutoConfiguration, org.springframework.boot.autoconfigure.data.mongo.MongoDataAutoConfiguration, org.springframework.boot.autoconfigure.data.mongo.MongoReactiveDataAutoConfiguration, org.springframework.boot.autoconfigure.data.mongo.MongoReactiveRepositoriesAutoConfiguration, org.springframework.boot.autoconfigure.data.mongo.MongoRepositoriesAutoConfiguration, org.springframework.boot.autoconfigure.mongo.MongoAutoConfiguration, org.springframework.boot.autoconfigure.mongo.MongoReactiveAutoConfiguration, org.springframework.boot.autoconfigure.mongo.embedded.EmbeddedMongoAutoConfiguration]], org.springframework.boot.test.context.filter.ExcludeFilterContextCustomizer@290dbf45, org.springframework.boot.test.json.DuplicateJsonObjectContextCustomizerFactory$DuplicateJsonObjectContextCustomizer@69a10787, org.springframework.boot.test.mock.mockito.MockitoContextCustomizer@0, org.springframework.boot.test.autoconfigure.OverrideAutoConfigurationContextCustomizerFactory$DisableAutoConfigurationContextCustomizer@1c72da34, org.springframework.boot.test.autoconfigure.filter.TypeExcludeFiltersContextCustomizer@351584c0, org.springframework.boot.test.autoconfigure.properties.PropertyMappingContextCustomizer@9c19a3b8, org.springframework.boot.test.autoconfigure.web.servlet.WebDriverContextCustomizerFactory$Customizer@7f9fcf7f], contextLoader = 'org.springframework.boot.test.context.SpringBootContextLoader', parent = [null]]]
10:41:17,679 DEBUG org.springframework.test.context.cache:290 - Spring test ApplicationContext cache statistics: [DefaultContextCache@1431267b size = 4, maxSize = 32, parentContextCount = 0, hitCount = 49, missCount = 4]
10:41:17,679 DEBUG org.springframework.test.context.cache:290 - Spring test ApplicationContext cache statistics: [DefaultContextCache@1431267b size = 4, maxSize = 32, parentContextCount = 0, hitCount = 49, missCount = 4]
10:41:17,682 DEBUG org.springframework.test.context.cache.DefaultCacheAwareContextLoaderDelegate:130 - Retrieved ApplicationContext from cache with key [[MergedContextConfiguration@312f3050 testClass = JavaQuestionRepositoryTest, locations = '{}', classes = '{class pro.abacus.javatutor.JavaTutorApplication}', contextInitializerClasses = '[]', activeProfiles = '{}', propertySourceLocations = '{}', propertySourceProperties = '{org.springframework.boot.test.context.SpringBootTestContextBootstrapper=true}', contextCustomizers = set[[ImportsContextCustomizer@615bad16 key = [org.springframework.boot.autoconfigure.cache.CacheAutoConfiguration, org.springframework.boot.autoconfigure.data.mongo.MongoDataAutoConfiguration, org.springframework.boot.autoconfigure.data.mongo.MongoReactiveDataAutoConfiguration, org.springframework.boot.autoconfigure.data.mongo.MongoReactiveRepositoriesAutoConfiguration, org.springframework.boot.autoconfigure.data.mongo.MongoRepositoriesAutoConfiguration, org.springframework.boot.autoconfigure.mongo.MongoAutoConfiguration, org.springframework.boot.autoconfigure.mongo.MongoReactiveAutoConfiguration, org.springframework.boot.autoconfigure.mongo.embedded.EmbeddedMongoAutoConfiguration]], org.springframework.boot.test.context.filter.ExcludeFilterContextCustomizer@290dbf45, org.springframework.boot.test.json.DuplicateJsonObjectContextCustomizerFactory$DuplicateJsonObjectContextCustomizer@69a10787, org.springframework.boot.test.mock.mockito.MockitoContextCustomizer@0, org.springframework.boot.test.autoconfigure.OverrideAutoConfigurationContextCustomizerFactory$DisableAutoConfigurationContextCustomizer@1c72da34, org.springframework.boot.test.autoconfigure.filter.TypeExcludeFiltersContextCustomizer@351584c0, org.springframework.boot.test.autoconfigure.properties.PropertyMappingContextCustomizer@9c19a3b8, org.springframework.boot.test.autoconfigure.web.servlet.WebDriverContextCustomizerFactory$Customizer@7f9fcf7f], contextLoader = 'org.springframework.boot.test.context.SpringBootContextLoader', parent = [null]]]
10:41:17,682 DEBUG org.springframework.test.context.cache.DefaultCacheAwareContextLoaderDelegate:130 - Retrieved ApplicationContext from cache with key [[MergedContextConfiguration@312f3050 testClass = JavaQuestionRepositoryTest, locations = '{}', classes = '{class pro.abacus.javatutor.JavaTutorApplication}', contextInitializerClasses = '[]', activeProfiles = '{}', propertySourceLocations = '{}', propertySourceProperties = '{org.springframework.boot.test.context.SpringBootTestContextBootstrapper=true}', contextCustomizers = set[[ImportsContextCustomizer@615bad16 key = [org.springframework.boot.autoconfigure.cache.CacheAutoConfiguration, org.springframework.boot.autoconfigure.data.mongo.MongoDataAutoConfiguration, org.springframework.boot.autoconfigure.data.mongo.MongoReactiveDataAutoConfiguration, org.springframework.boot.autoconfigure.data.mongo.MongoReactiveRepositoriesAutoConfiguration, org.springframework.boot.autoconfigure.data.mongo.MongoRepositoriesAutoConfiguration, org.springframework.boot.autoconfigure.mongo.MongoAutoConfiguration, org.springframework.boot.autoconfigure.mongo.MongoReactiveAutoConfiguration, org.springframework.boot.autoconfigure.mongo.embedded.EmbeddedMongoAutoConfiguration]], org.springframework.boot.test.context.filter.ExcludeFilterContextCustomizer@290dbf45, org.springframework.boot.test.json.DuplicateJsonObjectContextCustomizerFactory$DuplicateJsonObjectContextCustomizer@69a10787, org.springframework.boot.test.mock.mockito.MockitoContextCustomizer@0, org.springframework.boot.test.autoconfigure.OverrideAutoConfigurationContextCustomizerFactory$DisableAutoConfigurationContextCustomizer@1c72da34, org.springframework.boot.test.autoconfigure.filter.TypeExcludeFiltersContextCustomizer@351584c0, org.springframework.boot.test.autoconfigure.properties.PropertyMappingContextCustomizer@9c19a3b8, org.springframework.boot.test.autoconfigure.web.servlet.WebDriverContextCustomizerFactory$Customizer@7f9fcf7f], contextLoader = 'org.springframework.boot.test.context.SpringBootContextLoader', parent = [null]]]
10:41:17,683 DEBUG org.springframework.test.context.cache:290 - Spring test ApplicationContext cache statistics: [DefaultContextCache@1431267b size = 4, maxSize = 32, parentContextCount = 0, hitCount = 50, missCount = 4]
10:41:17,683 DEBUG org.springframework.test.context.cache:290 - Spring test ApplicationContext cache statistics: [DefaultContextCache@1431267b size = 4, maxSize = 32, parentContextCount = 0, hitCount = 50, missCount = 4]
10:41:17,684 DEBUG org.springframework.beans.factory.support.DefaultListableBeanFactory:254 - Returning cached instance of singleton bean 'org.springframework.boot.test.mock.mockito.MockitoBeans'
10:41:17,684 DEBUG org.springframework.beans.factory.support.DefaultListableBeanFactory:254 - Returning cached instance of singleton bean 'org.springframework.boot.test.mock.mockito.MockitoBeans'
10:41:17,685 DEBUG org.springframework.test.context.support.AbstractDirtiesContextTestExecutionListener:107 - After test method: context [DefaultTestContext@61ad30f6 testClass = JavaQuestionRepositoryTest, testInstance = pro.abacus.javatutor.repository.JavaQuestionRepositoryTest@1958c0d9, testMethod = shouldSaveAllQuestions@JavaQuestionRepositoryTest, testException = org.junit.internal.runners.model.MultipleFailureException: There were 2 errors:
  org.springframework.dao.DataAccessResourceFailureException(Timed out after 30000 ms while waiting to connect. Client view of cluster state is {type=UNKNOWN, servers=[{address=localhost:27017, type=UNKNOWN, state=CONNECTING, exception={com.mongodb.MongoSocketOpenException: Exception opening socket}, caused by {java.net.ConnectException: Connection refused: connect}}]; nested exception is com.mongodb.MongoTimeoutException: Timed out after 30000 ms while waiting to connect. Client view of cluster state is {type=UNKNOWN, servers=[{address=localhost:27017, type=UNKNOWN, state=CONNECTING, exception={com.mongodb.MongoSocketOpenException: Exception opening socket}, caused by {java.net.ConnectException: Connection refused: connect}}])
  com.mongodb.MongoTimeoutException(Timed out after 30000 ms while waiting to connect. Client view of cluster state is {type=UNKNOWN, servers=[{address=localhost:27017, type=UNKNOWN, state=CONNECTING, exception={com.mongodb.MongoSocketOpenException: Exception opening socket}, caused by {java.net.ConnectException: Connection refused: connect}}]), mergedContextConfiguration = [MergedContextConfiguration@312f3050 testClass = JavaQuestionRepositoryTest, locations = '{}', classes = '{class pro.abacus.javatutor.JavaTutorApplication}', contextInitializerClasses = '[]', activeProfiles = '{}', propertySourceLocations = '{}', propertySourceProperties = '{org.springframework.boot.test.context.SpringBootTestContextBootstrapper=true}', contextCustomizers = set[[ImportsContextCustomizer@615bad16 key = [org.springframework.boot.autoconfigure.cache.CacheAutoConfiguration, org.springframework.boot.autoconfigure.data.mongo.MongoDataAutoConfiguration, org.springframework.boot.autoconfigure.data.mongo.MongoReactiveDataAutoConfiguration, org.springframework.boot.autoconfigure.data.mongo.MongoReactiveRepositoriesAutoConfiguration, org.springframework.boot.autoconfigure.data.mongo.MongoRepositoriesAutoConfiguration, org.springframework.boot.autoconfigure.mongo.MongoAutoConfiguration, org.springframework.boot.autoconfigure.mongo.MongoReactiveAutoConfiguration, org.springframework.boot.autoconfigure.mongo.embedded.EmbeddedMongoAutoConfiguration]], org.springframework.boot.test.context.filter.ExcludeFilterContextCustomizer@290dbf45, org.springframework.boot.test.json.DuplicateJsonObjectContextCustomizerFactory$DuplicateJsonObjectContextCustomizer@69a10787, org.springframework.boot.test.mock.mockito.MockitoContextCustomizer@0, org.springframework.boot.test.autoconfigure.OverrideAutoConfigurationContextCustomizerFactory$DisableAutoConfigurationContextCustomizer@1c72da34, org.springframework.boot.test.autoconfigure.filter.TypeExcludeFiltersContextCustomizer@351584c0, org.springframework.boot.test.autoconfigure.properties.PropertyMappingContextCustomizer@9c19a3b8, org.springframework.boot.test.autoconfigure.web.servlet.WebDriverContextCustomizerFactory$Customizer@7f9fcf7f], contextLoader = 'org.springframework.boot.test.context.SpringBootContextLoader', parent = [null]], attributes = map[[empty]]], class annotated with @DirtiesContext [false] with mode [null], method annotated with @DirtiesContext [false] with mode [null].
10:41:17,685 DEBUG org.springframework.test.context.support.AbstractDirtiesContextTestExecutionListener:107 - After test method: context [DefaultTestContext@61ad30f6 testClass = JavaQuestionRepositoryTest, testInstance = pro.abacus.javatutor.repository.JavaQuestionRepositoryTest@1958c0d9, testMethod = shouldSaveAllQuestions@JavaQuestionRepositoryTest, testException = org.junit.internal.runners.model.MultipleFailureException: There were 2 errors:
  org.springframework.dao.DataAccessResourceFailureException(Timed out after 30000 ms while waiting to connect. Client view of cluster state is {type=UNKNOWN, servers=[{address=localhost:27017, type=UNKNOWN, state=CONNECTING, exception={com.mongodb.MongoSocketOpenException: Exception opening socket}, caused by {java.net.ConnectException: Connection refused: connect}}]; nested exception is com.mongodb.MongoTimeoutException: Timed out after 30000 ms while waiting to connect. Client view of cluster state is {type=UNKNOWN, servers=[{address=localhost:27017, type=UNKNOWN, state=CONNECTING, exception={com.mongodb.MongoSocketOpenException: Exception opening socket}, caused by {java.net.ConnectException: Connection refused: connect}}])
  com.mongodb.MongoTimeoutException(Timed out after 30000 ms while waiting to connect. Client view of cluster state is {type=UNKNOWN, servers=[{address=localhost:27017, type=UNKNOWN, state=CONNECTING, exception={com.mongodb.MongoSocketOpenException: Exception opening socket}, caused by {java.net.ConnectException: Connection refused: connect}}]), mergedContextConfiguration = [MergedContextConfiguration@312f3050 testClass = JavaQuestionRepositoryTest, locations = '{}', classes = '{class pro.abacus.javatutor.JavaTutorApplication}', contextInitializerClasses = '[]', activeProfiles = '{}', propertySourceLocations = '{}', propertySourceProperties = '{org.springframework.boot.test.context.SpringBootTestContextBootstrapper=true}', contextCustomizers = set[[ImportsContextCustomizer@615bad16 key = [org.springframework.boot.autoconfigure.cache.CacheAutoConfiguration, org.springframework.boot.autoconfigure.data.mongo.MongoDataAutoConfiguration, org.springframework.boot.autoconfigure.data.mongo.MongoReactiveDataAutoConfiguration, org.springframework.boot.autoconfigure.data.mongo.MongoReactiveRepositoriesAutoConfiguration, org.springframework.boot.autoconfigure.data.mongo.MongoRepositoriesAutoConfiguration, org.springframework.boot.autoconfigure.mongo.MongoAutoConfiguration, org.springframework.boot.autoconfigure.mongo.MongoReactiveAutoConfiguration, org.springframework.boot.autoconfigure.mongo.embedded.EmbeddedMongoAutoConfiguration]], org.springframework.boot.test.context.filter.ExcludeFilterContextCustomizer@290dbf45, org.springframework.boot.test.json.DuplicateJsonObjectContextCustomizerFactory$DuplicateJsonObjectContextCustomizer@69a10787, org.springframework.boot.test.mock.mockito.MockitoContextCustomizer@0, org.springframework.boot.test.autoconfigure.OverrideAutoConfigurationContextCustomizerFactory$DisableAutoConfigurationContextCustomizer@1c72da34, org.springframework.boot.test.autoconfigure.filter.TypeExcludeFiltersContextCustomizer@351584c0, org.springframework.boot.test.autoconfigure.properties.PropertyMappingContextCustomizer@9c19a3b8, org.springframework.boot.test.autoconfigure.web.servlet.WebDriverContextCustomizerFactory$Customizer@7f9fcf7f], contextLoader = 'org.springframework.boot.test.context.SpringBootContextLoader', parent = [null]], attributes = map[[empty]]], class annotated with @DirtiesContext [false] with mode [null], method annotated with @DirtiesContext [false] with mode [null].
]]></system-out>
  </testcase>
  <testcase name="shouldSaveAllQuestions" classname="pro.abacus.javatutor.repository.JavaQuestionRepositoryTest" time="60.119">
    <error message="Timed out after 30000 ms while waiting to connect. Client view of cluster state is {type=UNKNOWN, servers=[{address=localhost:27017, type=UNKNOWN, state=CONNECTING, exception={com.mongodb.MongoSocketOpenException: Exception opening socket}, caused by {java.net.ConnectException: Connection refused: connect}}]" type="com.mongodb.MongoTimeoutException">com.mongodb.MongoTimeoutException: Timed out after 30000 ms while waiting to connect. Client view of cluster state is {type=UNKNOWN, servers=[{address=localhost:27017, type=UNKNOWN, state=CONNECTING, exception={com.mongodb.MongoSocketOpenException: Exception opening socket}, caused by {java.net.ConnectException: Connection refused: connect}}]
	at pro.abacus.javatutor.repository.JavaQuestionRepositoryTest.tearDown(JavaQuestionRepositoryTest.java:50)
</error>
  </testcase>
  <testcase name="shouldFindAllQuestions" classname="pro.abacus.javatutor.repository.JavaQuestionRepositoryTest" time="60.058">
    <error message="Timed out after 30000 ms while waiting to connect. Client view of cluster state is {type=UNKNOWN, servers=[{address=localhost:27017, type=UNKNOWN, state=CONNECTING, exception={com.mongodb.MongoSocketOpenException: Exception opening socket}, caused by {java.net.ConnectException: Connection refused: connect}}]; nested exception is com.mongodb.MongoTimeoutException: Timed out after 30000 ms while waiting to connect. Client view of cluster state is {type=UNKNOWN, servers=[{address=localhost:27017, type=UNKNOWN, state=CONNECTING, exception={com.mongodb.MongoSocketOpenException: Exception opening socket}, caused by {java.net.ConnectException: Connection refused: connect}}]" type="org.springframework.dao.DataAccessResourceFailureException">org.springframework.dao.DataAccessResourceFailureException: Timed out after 30000 ms while waiting to connect. Client view of cluster state is {type=UNKNOWN, servers=[{address=localhost:27017, type=UNKNOWN, state=CONNECTING, exception={com.mongodb.MongoSocketOpenException: Exception opening socket}, caused by {java.net.ConnectException: Connection refused: connect}}]; nested exception is com.mongodb.MongoTimeoutException: Timed out after 30000 ms while waiting to connect. Client view of cluster state is {type=UNKNOWN, servers=[{address=localhost:27017, type=UNKNOWN, state=CONNECTING, exception={com.mongodb.MongoSocketOpenException: Exception opening socket}, caused by {java.net.ConnectException: Connection refused: connect}}]
	at pro.abacus.javatutor.repository.JavaQuestionRepositoryTest.shouldFindAllQuestions(JavaQuestionRepositoryTest.java:55)
Caused by: com.mongodb.MongoTimeoutException: Timed out after 30000 ms while waiting to connect. Client view of cluster state is {type=UNKNOWN, servers=[{address=localhost:27017, type=UNKNOWN, state=CONNECTING, exception={com.mongodb.MongoSocketOpenException: Exception opening socket}, caused by {java.net.ConnectException: Connection refused: connect}}]
	at pro.abacus.javatutor.repository.JavaQuestionRepositoryTest.shouldFindAllQuestions(JavaQuestionRepositoryTest.java:55)
</error>
    <system-out><![CDATA[10:41:17,689 DEBUG org.springframework.test.annotation.ProfileValueUtils:70 - Retrieved @ProfileValueSourceConfiguration [null] for test class [pro.abacus.javatutor.repository.JavaQuestionRepositoryTest]
10:41:17,689 DEBUG org.springframework.test.annotation.ProfileValueUtils:70 - Retrieved @ProfileValueSourceConfiguration [null] for test class [pro.abacus.javatutor.repository.JavaQuestionRepositoryTest]
10:41:17,690 DEBUG org.springframework.test.annotation.ProfileValueUtils:83 - Retrieved ProfileValueSource type [class org.springframework.test.annotation.SystemProfileValueSource] for class [pro.abacus.javatutor.repository.JavaQuestionRepositoryTest]
10:41:17,690 DEBUG org.springframework.test.annotation.ProfileValueUtils:83 - Retrieved ProfileValueSource type [class org.springframework.test.annotation.SystemProfileValueSource] for class [pro.abacus.javatutor.repository.JavaQuestionRepositoryTest]
10:41:17,690 TRACE org.springframework.test.context.TestContextManager:240 - prepareTestInstance(): instance [pro.abacus.javatutor.repository.JavaQuestionRepositoryTest@6d3ad37a]
10:41:17,690 TRACE org.springframework.test.context.TestContextManager:240 - prepareTestInstance(): instance [pro.abacus.javatutor.repository.JavaQuestionRepositoryTest@6d3ad37a]
10:41:17,691 DEBUG org.springframework.test.context.support.DependencyInjectionTestExecutionListener:81 - Performing dependency injection for test context [[DefaultTestContext@61ad30f6 testClass = JavaQuestionRepositoryTest, testInstance = pro.abacus.javatutor.repository.JavaQuestionRepositoryTest@6d3ad37a, testMethod = [null], testException = [null], mergedContextConfiguration = [MergedContextConfiguration@312f3050 testClass = JavaQuestionRepositoryTest, locations = '{}', classes = '{class pro.abacus.javatutor.JavaTutorApplication}', contextInitializerClasses = '[]', activeProfiles = '{}', propertySourceLocations = '{}', propertySourceProperties = '{org.springframework.boot.test.context.SpringBootTestContextBootstrapper=true}', contextCustomizers = set[[ImportsContextCustomizer@615bad16 key = [org.springframework.boot.autoconfigure.cache.CacheAutoConfiguration, org.springframework.boot.autoconfigure.data.mongo.MongoDataAutoConfiguration, org.springframework.boot.autoconfigure.data.mongo.MongoReactiveDataAutoConfiguration, org.springframework.boot.autoconfigure.data.mongo.MongoReactiveRepositoriesAutoConfiguration, org.springframework.boot.autoconfigure.data.mongo.MongoRepositoriesAutoConfiguration, org.springframework.boot.autoconfigure.mongo.MongoAutoConfiguration, org.springframework.boot.autoconfigure.mongo.MongoReactiveAutoConfiguration, org.springframework.boot.autoconfigure.mongo.embedded.EmbeddedMongoAutoConfiguration]], org.springframework.boot.test.context.filter.ExcludeFilterContextCustomizer@290dbf45, org.springframework.boot.test.json.DuplicateJsonObjectContextCustomizerFactory$DuplicateJsonObjectContextCustomizer@69a10787, org.springframework.boot.test.mock.mockito.MockitoContextCustomizer@0, org.springframework.boot.test.autoconfigure.OverrideAutoConfigurationContextCustomizerFactory$DisableAutoConfigurationContextCustomizer@1c72da34, org.springframework.boot.test.autoconfigure.filter.TypeExcludeFiltersContextCustomizer@351584c0, org.springframework.boot.test.autoconfigure.properties.PropertyMappingContextCustomizer@9c19a3b8, org.springframework.boot.test.autoconfigure.web.servlet.WebDriverContextCustomizerFactory$Customizer@7f9fcf7f], contextLoader = 'org.springframework.boot.test.context.SpringBootContextLoader', parent = [null]], attributes = map[[empty]]]].
10:41:17,691 DEBUG org.springframework.test.context.support.DependencyInjectionTestExecutionListener:81 - Performing dependency injection for test context [[DefaultTestContext@61ad30f6 testClass = JavaQuestionRepositoryTest, testInstance = pro.abacus.javatutor.repository.JavaQuestionRepositoryTest@6d3ad37a, testMethod = [null], testException = [null], mergedContextConfiguration = [MergedContextConfiguration@312f3050 testClass = JavaQuestionRepositoryTest, locations = '{}', classes = '{class pro.abacus.javatutor.JavaTutorApplication}', contextInitializerClasses = '[]', activeProfiles = '{}', propertySourceLocations = '{}', propertySourceProperties = '{org.springframework.boot.test.context.SpringBootTestContextBootstrapper=true}', contextCustomizers = set[[ImportsContextCustomizer@615bad16 key = [org.springframework.boot.autoconfigure.cache.CacheAutoConfiguration, org.springframework.boot.autoconfigure.data.mongo.MongoDataAutoConfiguration, org.springframework.boot.autoconfigure.data.mongo.MongoReactiveDataAutoConfiguration, org.springframework.boot.autoconfigure.data.mongo.MongoReactiveRepositoriesAutoConfiguration, org.springframework.boot.autoconfigure.data.mongo.MongoRepositoriesAutoConfiguration, org.springframework.boot.autoconfigure.mongo.MongoAutoConfiguration, org.springframework.boot.autoconfigure.mongo.MongoReactiveAutoConfiguration, org.springframework.boot.autoconfigure.mongo.embedded.EmbeddedMongoAutoConfiguration]], org.springframework.boot.test.context.filter.ExcludeFilterContextCustomizer@290dbf45, org.springframework.boot.test.json.DuplicateJsonObjectContextCustomizerFactory$DuplicateJsonObjectContextCustomizer@69a10787, org.springframework.boot.test.mock.mockito.MockitoContextCustomizer@0, org.springframework.boot.test.autoconfigure.OverrideAutoConfigurationContextCustomizerFactory$DisableAutoConfigurationContextCustomizer@1c72da34, org.springframework.boot.test.autoconfigure.filter.TypeExcludeFiltersContextCustomizer@351584c0, org.springframework.boot.test.autoconfigure.properties.PropertyMappingContextCustomizer@9c19a3b8, org.springframework.boot.test.autoconfigure.web.servlet.WebDriverContextCustomizerFactory$Customizer@7f9fcf7f], contextLoader = 'org.springframework.boot.test.context.SpringBootContextLoader', parent = [null]], attributes = map[[empty]]]].
10:41:17,693 DEBUG org.springframework.test.context.cache.DefaultCacheAwareContextLoaderDelegate:130 - Retrieved ApplicationContext from cache with key [[MergedContextConfiguration@312f3050 testClass = JavaQuestionRepositoryTest, locations = '{}', classes = '{class pro.abacus.javatutor.JavaTutorApplication}', contextInitializerClasses = '[]', activeProfiles = '{}', propertySourceLocations = '{}', propertySourceProperties = '{org.springframework.boot.test.context.SpringBootTestContextBootstrapper=true}', contextCustomizers = set[[ImportsContextCustomizer@615bad16 key = [org.springframework.boot.autoconfigure.cache.CacheAutoConfiguration, org.springframework.boot.autoconfigure.data.mongo.MongoDataAutoConfiguration, org.springframework.boot.autoconfigure.data.mongo.MongoReactiveDataAutoConfiguration, org.springframework.boot.autoconfigure.data.mongo.MongoReactiveRepositoriesAutoConfiguration, org.springframework.boot.autoconfigure.data.mongo.MongoRepositoriesAutoConfiguration, org.springframework.boot.autoconfigure.mongo.MongoAutoConfiguration, org.springframework.boot.autoconfigure.mongo.MongoReactiveAutoConfiguration, org.springframework.boot.autoconfigure.mongo.embedded.EmbeddedMongoAutoConfiguration]], org.springframework.boot.test.context.filter.ExcludeFilterContextCustomizer@290dbf45, org.springframework.boot.test.json.DuplicateJsonObjectContextCustomizerFactory$DuplicateJsonObjectContextCustomizer@69a10787, org.springframework.boot.test.mock.mockito.MockitoContextCustomizer@0, org.springframework.boot.test.autoconfigure.OverrideAutoConfigurationContextCustomizerFactory$DisableAutoConfigurationContextCustomizer@1c72da34, org.springframework.boot.test.autoconfigure.filter.TypeExcludeFiltersContextCustomizer@351584c0, org.springframework.boot.test.autoconfigure.properties.PropertyMappingContextCustomizer@9c19a3b8, org.springframework.boot.test.autoconfigure.web.servlet.WebDriverContextCustomizerFactory$Customizer@7f9fcf7f], contextLoader = 'org.springframework.boot.test.context.SpringBootContextLoader', parent = [null]]]
10:41:17,693 DEBUG org.springframework.test.context.cache.DefaultCacheAwareContextLoaderDelegate:130 - Retrieved ApplicationContext from cache with key [[MergedContextConfiguration@312f3050 testClass = JavaQuestionRepositoryTest, locations = '{}', classes = '{class pro.abacus.javatutor.JavaTutorApplication}', contextInitializerClasses = '[]', activeProfiles = '{}', propertySourceLocations = '{}', propertySourceProperties = '{org.springframework.boot.test.context.SpringBootTestContextBootstrapper=true}', contextCustomizers = set[[ImportsContextCustomizer@615bad16 key = [org.springframework.boot.autoconfigure.cache.CacheAutoConfiguration, org.springframework.boot.autoconfigure.data.mongo.MongoDataAutoConfiguration, org.springframework.boot.autoconfigure.data.mongo.MongoReactiveDataAutoConfiguration, org.springframework.boot.autoconfigure.data.mongo.MongoReactiveRepositoriesAutoConfiguration, org.springframework.boot.autoconfigure.data.mongo.MongoRepositoriesAutoConfiguration, org.springframework.boot.autoconfigure.mongo.MongoAutoConfiguration, org.springframework.boot.autoconfigure.mongo.MongoReactiveAutoConfiguration, org.springframework.boot.autoconfigure.mongo.embedded.EmbeddedMongoAutoConfiguration]], org.springframework.boot.test.context.filter.ExcludeFilterContextCustomizer@290dbf45, org.springframework.boot.test.json.DuplicateJsonObjectContextCustomizerFactory$DuplicateJsonObjectContextCustomizer@69a10787, org.springframework.boot.test.mock.mockito.MockitoContextCustomizer@0, org.springframework.boot.test.autoconfigure.OverrideAutoConfigurationContextCustomizerFactory$DisableAutoConfigurationContextCustomizer@1c72da34, org.springframework.boot.test.autoconfigure.filter.TypeExcludeFiltersContextCustomizer@351584c0, org.springframework.boot.test.autoconfigure.properties.PropertyMappingContextCustomizer@9c19a3b8, org.springframework.boot.test.autoconfigure.web.servlet.WebDriverContextCustomizerFactory$Customizer@7f9fcf7f], contextLoader = 'org.springframework.boot.test.context.SpringBootContextLoader', parent = [null]]]
10:41:17,693 DEBUG org.springframework.test.context.cache:290 - Spring test ApplicationContext cache statistics: [DefaultContextCache@1431267b size = 4, maxSize = 32, parentContextCount = 0, hitCount = 51, missCount = 4]
10:41:17,693 DEBUG org.springframework.test.context.cache:290 - Spring test ApplicationContext cache statistics: [DefaultContextCache@1431267b size = 4, maxSize = 32, parentContextCount = 0, hitCount = 51, missCount = 4]
10:41:17,694 DEBUG org.springframework.beans.factory.annotation.InjectionMetadata:89 - Processing injected element of bean 'pro.abacus.javatutor.repository.JavaQuestionRepositoryTest': AutowiredFieldElement for private org.springframework.data.mongodb.core.MongoTemplate pro.abacus.javatutor.repository.JavaQuestionRepositoryTest.mongoTemplate
10:41:17,694 DEBUG org.springframework.beans.factory.annotation.InjectionMetadata:89 - Processing injected element of bean 'pro.abacus.javatutor.repository.JavaQuestionRepositoryTest': AutowiredFieldElement for private org.springframework.data.mongodb.core.MongoTemplate pro.abacus.javatutor.repository.JavaQuestionRepositoryTest.mongoTemplate
10:41:17,695 DEBUG org.springframework.beans.factory.support.DefaultListableBeanFactory:254 - Returning cached instance of singleton bean 'mongoTemplate'
10:41:17,695 DEBUG org.springframework.beans.factory.support.DefaultListableBeanFactory:254 - Returning cached instance of singleton bean 'mongoTemplate'
10:41:17,695 DEBUG org.springframework.beans.factory.annotation.InjectionMetadata:89 - Processing injected element of bean 'pro.abacus.javatutor.repository.JavaQuestionRepositoryTest': AutowiredFieldElement for pro.abacus.javatutor.repository.JavaQuestionRepository pro.abacus.javatutor.repository.JavaQuestionRepositoryTest.javaQuestionRepository
10:41:17,695 DEBUG org.springframework.beans.factory.annotation.InjectionMetadata:89 - Processing injected element of bean 'pro.abacus.javatutor.repository.JavaQuestionRepositoryTest': AutowiredFieldElement for pro.abacus.javatutor.repository.JavaQuestionRepository pro.abacus.javatutor.repository.JavaQuestionRepositoryTest.javaQuestionRepository
10:41:17,696 DEBUG org.springframework.beans.factory.support.DefaultListableBeanFactory:254 - Returning cached instance of singleton bean 'javaQuestionRepository'
10:41:17,696 DEBUG org.springframework.beans.factory.support.DefaultListableBeanFactory:254 - Returning cached instance of singleton bean 'javaQuestionRepository'
10:41:17,698 TRACE org.springframework.test.context.TestContextManager:512 - beforeTestMethod(): instance [pro.abacus.javatutor.repository.JavaQuestionRepositoryTest@6d3ad37a], method [public void pro.abacus.javatutor.repository.JavaQuestionRepositoryTest.shouldFindAllQuestions() throws java.lang.Exception]
10:41:17,698 TRACE org.springframework.test.context.TestContextManager:512 - beforeTestMethod(): instance [pro.abacus.javatutor.repository.JavaQuestionRepositoryTest@6d3ad37a], method [public void pro.abacus.javatutor.repository.JavaQuestionRepositoryTest.shouldFindAllQuestions() throws java.lang.Exception]
10:41:17,699 DEBUG org.springframework.test.context.support.AbstractDirtiesContextTestExecutionListener:107 - Before test method: context [DefaultTestContext@61ad30f6 testClass = JavaQuestionRepositoryTest, testInstance = pro.abacus.javatutor.repository.JavaQuestionRepositoryTest@6d3ad37a, testMethod = shouldFindAllQuestions@JavaQuestionRepositoryTest, testException = [null], mergedContextConfiguration = [MergedContextConfiguration@312f3050 testClass = JavaQuestionRepositoryTest, locations = '{}', classes = '{class pro.abacus.javatutor.JavaTutorApplication}', contextInitializerClasses = '[]', activeProfiles = '{}', propertySourceLocations = '{}', propertySourceProperties = '{org.springframework.boot.test.context.SpringBootTestContextBootstrapper=true}', contextCustomizers = set[[ImportsContextCustomizer@615bad16 key = [org.springframework.boot.autoconfigure.cache.CacheAutoConfiguration, org.springframework.boot.autoconfigure.data.mongo.MongoDataAutoConfiguration, org.springframework.boot.autoconfigure.data.mongo.MongoReactiveDataAutoConfiguration, org.springframework.boot.autoconfigure.data.mongo.MongoReactiveRepositoriesAutoConfiguration, org.springframework.boot.autoconfigure.data.mongo.MongoRepositoriesAutoConfiguration, org.springframework.boot.autoconfigure.mongo.MongoAutoConfiguration, org.springframework.boot.autoconfigure.mongo.MongoReactiveAutoConfiguration, org.springframework.boot.autoconfigure.mongo.embedded.EmbeddedMongoAutoConfiguration]], org.springframework.boot.test.context.filter.ExcludeFilterContextCustomizer@290dbf45, org.springframework.boot.test.json.DuplicateJsonObjectContextCustomizerFactory$DuplicateJsonObjectContextCustomizer@69a10787, org.springframework.boot.test.mock.mockito.MockitoContextCustomizer@0, org.springframework.boot.test.autoconfigure.OverrideAutoConfigurationContextCustomizerFactory$DisableAutoConfigurationContextCustomizer@1c72da34, org.springframework.boot.test.autoconfigure.filter.TypeExcludeFiltersContextCustomizer@351584c0, org.springframework.boot.test.autoconfigure.properties.PropertyMappingContextCustomizer@9c19a3b8, org.springframework.boot.test.autoconfigure.web.servlet.WebDriverContextCustomizerFactory$Customizer@7f9fcf7f], contextLoader = 'org.springframework.boot.test.context.SpringBootContextLoader', parent = [null]], attributes = map[[empty]]], class annotated with @DirtiesContext [false] with mode [null], method annotated with @DirtiesContext [false] with mode [null].
10:41:17,699 DEBUG org.springframework.test.context.support.AbstractDirtiesContextTestExecutionListener:107 - Before test method: context [DefaultTestContext@61ad30f6 testClass = JavaQuestionRepositoryTest, testInstance = pro.abacus.javatutor.repository.JavaQuestionRepositoryTest@6d3ad37a, testMethod = shouldFindAllQuestions@JavaQuestionRepositoryTest, testException = [null], mergedContextConfiguration = [MergedContextConfiguration@312f3050 testClass = JavaQuestionRepositoryTest, locations = '{}', classes = '{class pro.abacus.javatutor.JavaTutorApplication}', contextInitializerClasses = '[]', activeProfiles = '{}', propertySourceLocations = '{}', propertySourceProperties = '{org.springframework.boot.test.context.SpringBootTestContextBootstrapper=true}', contextCustomizers = set[[ImportsContextCustomizer@615bad16 key = [org.springframework.boot.autoconfigure.cache.CacheAutoConfiguration, org.springframework.boot.autoconfigure.data.mongo.MongoDataAutoConfiguration, org.springframework.boot.autoconfigure.data.mongo.MongoReactiveDataAutoConfiguration, org.springframework.boot.autoconfigure.data.mongo.MongoReactiveRepositoriesAutoConfiguration, org.springframework.boot.autoconfigure.data.mongo.MongoRepositoriesAutoConfiguration, org.springframework.boot.autoconfigure.mongo.MongoAutoConfiguration, org.springframework.boot.autoconfigure.mongo.MongoReactiveAutoConfiguration, org.springframework.boot.autoconfigure.mongo.embedded.EmbeddedMongoAutoConfiguration]], org.springframework.boot.test.context.filter.ExcludeFilterContextCustomizer@290dbf45, org.springframework.boot.test.json.DuplicateJsonObjectContextCustomizerFactory$DuplicateJsonObjectContextCustomizer@69a10787, org.springframework.boot.test.mock.mockito.MockitoContextCustomizer@0, org.springframework.boot.test.autoconfigure.OverrideAutoConfigurationContextCustomizerFactory$DisableAutoConfigurationContextCustomizer@1c72da34, org.springframework.boot.test.autoconfigure.filter.TypeExcludeFiltersContextCustomizer@351584c0, org.springframework.boot.test.autoconfigure.properties.PropertyMappingContextCustomizer@9c19a3b8, org.springframework.boot.test.autoconfigure.web.servlet.WebDriverContextCustomizerFactory$Customizer@7f9fcf7f], contextLoader = 'org.springframework.boot.test.context.SpringBootContextLoader', parent = [null]], attributes = map[[empty]]], class annotated with @DirtiesContext [false] with mode [null], method annotated with @DirtiesContext [false] with mode [null].
10:41:17,701 DEBUG org.springframework.test.context.cache.DefaultCacheAwareContextLoaderDelegate:130 - Retrieved ApplicationContext from cache with key [[MergedContextConfiguration@312f3050 testClass = JavaQuestionRepositoryTest, locations = '{}', classes = '{class pro.abacus.javatutor.JavaTutorApplication}', contextInitializerClasses = '[]', activeProfiles = '{}', propertySourceLocations = '{}', propertySourceProperties = '{org.springframework.boot.test.context.SpringBootTestContextBootstrapper=true}', contextCustomizers = set[[ImportsContextCustomizer@615bad16 key = [org.springframework.boot.autoconfigure.cache.CacheAutoConfiguration, org.springframework.boot.autoconfigure.data.mongo.MongoDataAutoConfiguration, org.springframework.boot.autoconfigure.data.mongo.MongoReactiveDataAutoConfiguration, org.springframework.boot.autoconfigure.data.mongo.MongoReactiveRepositoriesAutoConfiguration, org.springframework.boot.autoconfigure.data.mongo.MongoRepositoriesAutoConfiguration, org.springframework.boot.autoconfigure.mongo.MongoAutoConfiguration, org.springframework.boot.autoconfigure.mongo.MongoReactiveAutoConfiguration, org.springframework.boot.autoconfigure.mongo.embedded.EmbeddedMongoAutoConfiguration]], org.springframework.boot.test.context.filter.ExcludeFilterContextCustomizer@290dbf45, org.springframework.boot.test.json.DuplicateJsonObjectContextCustomizerFactory$DuplicateJsonObjectContextCustomizer@69a10787, org.springframework.boot.test.mock.mockito.MockitoContextCustomizer@0, org.springframework.boot.test.autoconfigure.OverrideAutoConfigurationContextCustomizerFactory$DisableAutoConfigurationContextCustomizer@1c72da34, org.springframework.boot.test.autoconfigure.filter.TypeExcludeFiltersContextCustomizer@351584c0, org.springframework.boot.test.autoconfigure.properties.PropertyMappingContextCustomizer@9c19a3b8, org.springframework.boot.test.autoconfigure.web.servlet.WebDriverContextCustomizerFactory$Customizer@7f9fcf7f], contextLoader = 'org.springframework.boot.test.context.SpringBootContextLoader', parent = [null]]]
10:41:17,701 DEBUG org.springframework.test.context.cache.DefaultCacheAwareContextLoaderDelegate:130 - Retrieved ApplicationContext from cache with key [[MergedContextConfiguration@312f3050 testClass = JavaQuestionRepositoryTest, locations = '{}', classes = '{class pro.abacus.javatutor.JavaTutorApplication}', contextInitializerClasses = '[]', activeProfiles = '{}', propertySourceLocations = '{}', propertySourceProperties = '{org.springframework.boot.test.context.SpringBootTestContextBootstrapper=true}', contextCustomizers = set[[ImportsContextCustomizer@615bad16 key = [org.springframework.boot.autoconfigure.cache.CacheAutoConfiguration, org.springframework.boot.autoconfigure.data.mongo.MongoDataAutoConfiguration, org.springframework.boot.autoconfigure.data.mongo.MongoReactiveDataAutoConfiguration, org.springframework.boot.autoconfigure.data.mongo.MongoReactiveRepositoriesAutoConfiguration, org.springframework.boot.autoconfigure.data.mongo.MongoRepositoriesAutoConfiguration, org.springframework.boot.autoconfigure.mongo.MongoAutoConfiguration, org.springframework.boot.autoconfigure.mongo.MongoReactiveAutoConfiguration, org.springframework.boot.autoconfigure.mongo.embedded.EmbeddedMongoAutoConfiguration]], org.springframework.boot.test.context.filter.ExcludeFilterContextCustomizer@290dbf45, org.springframework.boot.test.json.DuplicateJsonObjectContextCustomizerFactory$DuplicateJsonObjectContextCustomizer@69a10787, org.springframework.boot.test.mock.mockito.MockitoContextCustomizer@0, org.springframework.boot.test.autoconfigure.OverrideAutoConfigurationContextCustomizerFactory$DisableAutoConfigurationContextCustomizer@1c72da34, org.springframework.boot.test.autoconfigure.filter.TypeExcludeFiltersContextCustomizer@351584c0, org.springframework.boot.test.autoconfigure.properties.PropertyMappingContextCustomizer@9c19a3b8, org.springframework.boot.test.autoconfigure.web.servlet.WebDriverContextCustomizerFactory$Customizer@7f9fcf7f], contextLoader = 'org.springframework.boot.test.context.SpringBootContextLoader', parent = [null]]]
10:41:17,702 DEBUG org.springframework.test.context.cache:290 - Spring test ApplicationContext cache statistics: [DefaultContextCache@1431267b size = 4, maxSize = 32, parentContextCount = 0, hitCount = 52, missCount = 4]
10:41:17,702 DEBUG org.springframework.test.context.cache:290 - Spring test ApplicationContext cache statistics: [DefaultContextCache@1431267b size = 4, maxSize = 32, parentContextCount = 0, hitCount = 52, missCount = 4]
10:41:17,702 DEBUG org.springframework.beans.factory.support.DefaultListableBeanFactory:254 - Returning cached instance of singleton bean 'org.springframework.boot.test.mock.mockito.MockitoBeans'
10:41:17,702 DEBUG org.springframework.beans.factory.support.DefaultListableBeanFactory:254 - Returning cached instance of singleton bean 'org.springframework.boot.test.mock.mockito.MockitoBeans'
10:41:17,712 TRACE org.springframework.test.context.TestContextManager:512 - beforeTestExecution(): instance [pro.abacus.javatutor.repository.JavaQuestionRepositoryTest@6d3ad37a], method [public void pro.abacus.javatutor.repository.JavaQuestionRepositoryTest.shouldFindAllQuestions() throws java.lang.Exception]
10:41:17,712 TRACE org.springframework.test.context.TestContextManager:512 - beforeTestExecution(): instance [pro.abacus.javatutor.repository.JavaQuestionRepositoryTest@6d3ad37a], method [public void pro.abacus.javatutor.repository.JavaQuestionRepositoryTest.shouldFindAllQuestions() throws java.lang.Exception]
10:41:17,713 TRACE org.springframework.context.annotation.AnnotationConfigApplicationContext:380 - Publishing event in org.springframework.context.annotation.AnnotationConfigApplicationContext@531ec2ca: org.springframework.data.mongodb.core.mapping.event.BeforeConvertEvent[source=JavaQuestion [id=null, account=User [id=null, username=Tom, password=12345678, authorities=[], javaquestions=[]], question=question1, answer=answer1]]
10:41:17,713 TRACE org.springframework.context.annotation.AnnotationConfigApplicationContext:380 - Publishing event in org.springframework.context.annotation.AnnotationConfigApplicationContext@531ec2ca: org.springframework.data.mongodb.core.mapping.event.BeforeConvertEvent[source=JavaQuestion [id=null, account=User [id=null, username=Tom, password=12345678, authorities=[], javaquestions=[]], question=question1, answer=answer1]]
10:41:17,715 TRACE org.springframework.context.annotation.AnnotationConfigApplicationContext:380 - Publishing event in org.springframework.context.annotation.AnnotationConfigApplicationContext@531ec2ca: org.springframework.data.mongodb.core.mapping.event.BeforeSaveEvent[source=JavaQuestion [id=null, account=User [id=null, username=Tom, password=12345678, authorities=[], javaquestions=[]], question=question1, answer=answer1]]
10:41:17,715 TRACE org.springframework.context.annotation.AnnotationConfigApplicationContext:380 - Publishing event in org.springframework.context.annotation.AnnotationConfigApplicationContext@531ec2ca: org.springframework.data.mongodb.core.mapping.event.BeforeSaveEvent[source=JavaQuestion [id=null, account=User [id=null, username=Tom, password=12345678, authorities=[], javaquestions=[]], question=question1, answer=answer1]]
10:41:17,717 DEBUG org.springframework.data.mongodb.core.MongoTemplate:1318 - Saving Document containing fields: [account, question, answer, _class]
10:41:17,717 DEBUG org.springframework.data.mongodb.core.MongoTemplate:1318 - Saving Document containing fields: [account, question, answer, _class]
10:41:47,720 TRACE org.springframework.test.context.TestContextManager:521 - afterTestExecution(): instance [pro.abacus.javatutor.repository.JavaQuestionRepositoryTest@6d3ad37a], method [public void pro.abacus.javatutor.repository.JavaQuestionRepositoryTest.shouldFindAllQuestions() throws java.lang.Exception], exception [org.springframework.dao.DataAccessResourceFailureException: Timed out after 30000 ms while waiting to connect. Client view of cluster state is {type=UNKNOWN, servers=[{address=localhost:27017, type=UNKNOWN, state=CONNECTING, exception={com.mongodb.MongoSocketOpenException: Exception opening socket}, caused by {java.net.ConnectException: Connection refused: connect}}]; nested exception is com.mongodb.MongoTimeoutException: Timed out after 30000 ms while waiting to connect. Client view of cluster state is {type=UNKNOWN, servers=[{address=localhost:27017, type=UNKNOWN, state=CONNECTING, exception={com.mongodb.MongoSocketOpenException: Exception opening socket}, caused by {java.net.ConnectException: Connection refused: connect}}]]
10:41:47,720 TRACE org.springframework.test.context.TestContextManager:521 - afterTestExecution(): instance [pro.abacus.javatutor.repository.JavaQuestionRepositoryTest@6d3ad37a], method [public void pro.abacus.javatutor.repository.JavaQuestionRepositoryTest.shouldFindAllQuestions() throws java.lang.Exception], exception [org.springframework.dao.DataAccessResourceFailureException: Timed out after 30000 ms while waiting to connect. Client view of cluster state is {type=UNKNOWN, servers=[{address=localhost:27017, type=UNKNOWN, state=CONNECTING, exception={com.mongodb.MongoSocketOpenException: Exception opening socket}, caused by {java.net.ConnectException: Connection refused: connect}}]; nested exception is com.mongodb.MongoTimeoutException: Timed out after 30000 ms while waiting to connect. Client view of cluster state is {type=UNKNOWN, servers=[{address=localhost:27017, type=UNKNOWN, state=CONNECTING, exception={com.mongodb.MongoSocketOpenException: Exception opening socket}, caused by {java.net.ConnectException: Connection refused: connect}}]]
10:42:17,723 TRACE org.springframework.test.context.TestContextManager:521 - afterTestMethod(): instance [pro.abacus.javatutor.repository.JavaQuestionRepositoryTest@6d3ad37a], method [public void pro.abacus.javatutor.repository.JavaQuestionRepositoryTest.shouldFindAllQuestions() throws java.lang.Exception], exception [org.junit.internal.runners.model.MultipleFailureException: There were 2 errors:
  org.springframework.dao.DataAccessResourceFailureException(Timed out after 30000 ms while waiting to connect. Client view of cluster state is {type=UNKNOWN, servers=[{address=localhost:27017, type=UNKNOWN, state=CONNECTING, exception={com.mongodb.MongoSocketOpenException: Exception opening socket}, caused by {java.net.ConnectException: Connection refused: connect}}]; nested exception is com.mongodb.MongoTimeoutException: Timed out after 30000 ms while waiting to connect. Client view of cluster state is {type=UNKNOWN, servers=[{address=localhost:27017, type=UNKNOWN, state=CONNECTING, exception={com.mongodb.MongoSocketOpenException: Exception opening socket}, caused by {java.net.ConnectException: Connection refused: connect}}])
  com.mongodb.MongoTimeoutException(Timed out after 30000 ms while waiting to connect. Client view of cluster state is {type=UNKNOWN, servers=[{address=localhost:27017, type=UNKNOWN, state=CONNECTING, exception={com.mongodb.MongoSocketOpenException: Exception opening socket}, caused by {java.net.ConnectException: Connection refused: connect}}])]
10:42:17,723 TRACE org.springframework.test.context.TestContextManager:521 - afterTestMethod(): instance [pro.abacus.javatutor.repository.JavaQuestionRepositoryTest@6d3ad37a], method [public void pro.abacus.javatutor.repository.JavaQuestionRepositoryTest.shouldFindAllQuestions() throws java.lang.Exception], exception [org.junit.internal.runners.model.MultipleFailureException: There were 2 errors:
  org.springframework.dao.DataAccessResourceFailureException(Timed out after 30000 ms while waiting to connect. Client view of cluster state is {type=UNKNOWN, servers=[{address=localhost:27017, type=UNKNOWN, state=CONNECTING, exception={com.mongodb.MongoSocketOpenException: Exception opening socket}, caused by {java.net.ConnectException: Connection refused: connect}}]; nested exception is com.mongodb.MongoTimeoutException: Timed out after 30000 ms while waiting to connect. Client view of cluster state is {type=UNKNOWN, servers=[{address=localhost:27017, type=UNKNOWN, state=CONNECTING, exception={com.mongodb.MongoSocketOpenException: Exception opening socket}, caused by {java.net.ConnectException: Connection refused: connect}}])
  com.mongodb.MongoTimeoutException(Timed out after 30000 ms while waiting to connect. Client view of cluster state is {type=UNKNOWN, servers=[{address=localhost:27017, type=UNKNOWN, state=CONNECTING, exception={com.mongodb.MongoSocketOpenException: Exception opening socket}, caused by {java.net.ConnectException: Connection refused: connect}}])]
10:42:17,724 DEBUG org.springframework.test.context.cache.DefaultCacheAwareContextLoaderDelegate:130 - Retrieved ApplicationContext from cache with key [[MergedContextConfiguration@312f3050 testClass = JavaQuestionRepositoryTest, locations = '{}', classes = '{class pro.abacus.javatutor.JavaTutorApplication}', contextInitializerClasses = '[]', activeProfiles = '{}', propertySourceLocations = '{}', propertySourceProperties = '{org.springframework.boot.test.context.SpringBootTestContextBootstrapper=true}', contextCustomizers = set[[ImportsContextCustomizer@615bad16 key = [org.springframework.boot.autoconfigure.cache.CacheAutoConfiguration, org.springframework.boot.autoconfigure.data.mongo.MongoDataAutoConfiguration, org.springframework.boot.autoconfigure.data.mongo.MongoReactiveDataAutoConfiguration, org.springframework.boot.autoconfigure.data.mongo.MongoReactiveRepositoriesAutoConfiguration, org.springframework.boot.autoconfigure.data.mongo.MongoRepositoriesAutoConfiguration, org.springframework.boot.autoconfigure.mongo.MongoAutoConfiguration, org.springframework.boot.autoconfigure.mongo.MongoReactiveAutoConfiguration, org.springframework.boot.autoconfigure.mongo.embedded.EmbeddedMongoAutoConfiguration]], org.springframework.boot.test.context.filter.ExcludeFilterContextCustomizer@290dbf45, org.springframework.boot.test.json.DuplicateJsonObjectContextCustomizerFactory$DuplicateJsonObjectContextCustomizer@69a10787, org.springframework.boot.test.mock.mockito.MockitoContextCustomizer@0, org.springframework.boot.test.autoconfigure.OverrideAutoConfigurationContextCustomizerFactory$DisableAutoConfigurationContextCustomizer@1c72da34, org.springframework.boot.test.autoconfigure.filter.TypeExcludeFiltersContextCustomizer@351584c0, org.springframework.boot.test.autoconfigure.properties.PropertyMappingContextCustomizer@9c19a3b8, org.springframework.boot.test.autoconfigure.web.servlet.WebDriverContextCustomizerFactory$Customizer@7f9fcf7f], contextLoader = 'org.springframework.boot.test.context.SpringBootContextLoader', parent = [null]]]
10:42:17,724 DEBUG org.springframework.test.context.cache.DefaultCacheAwareContextLoaderDelegate:130 - Retrieved ApplicationContext from cache with key [[MergedContextConfiguration@312f3050 testClass = JavaQuestionRepositoryTest, locations = '{}', classes = '{class pro.abacus.javatutor.JavaTutorApplication}', contextInitializerClasses = '[]', activeProfiles = '{}', propertySourceLocations = '{}', propertySourceProperties = '{org.springframework.boot.test.context.SpringBootTestContextBootstrapper=true}', contextCustomizers = set[[ImportsContextCustomizer@615bad16 key = [org.springframework.boot.autoconfigure.cache.CacheAutoConfiguration, org.springframework.boot.autoconfigure.data.mongo.MongoDataAutoConfiguration, org.springframework.boot.autoconfigure.data.mongo.MongoReactiveDataAutoConfiguration, org.springframework.boot.autoconfigure.data.mongo.MongoReactiveRepositoriesAutoConfiguration, org.springframework.boot.autoconfigure.data.mongo.MongoRepositoriesAutoConfiguration, org.springframework.boot.autoconfigure.mongo.MongoAutoConfiguration, org.springframework.boot.autoconfigure.mongo.MongoReactiveAutoConfiguration, org.springframework.boot.autoconfigure.mongo.embedded.EmbeddedMongoAutoConfiguration]], org.springframework.boot.test.context.filter.ExcludeFilterContextCustomizer@290dbf45, org.springframework.boot.test.json.DuplicateJsonObjectContextCustomizerFactory$DuplicateJsonObjectContextCustomizer@69a10787, org.springframework.boot.test.mock.mockito.MockitoContextCustomizer@0, org.springframework.boot.test.autoconfigure.OverrideAutoConfigurationContextCustomizerFactory$DisableAutoConfigurationContextCustomizer@1c72da34, org.springframework.boot.test.autoconfigure.filter.TypeExcludeFiltersContextCustomizer@351584c0, org.springframework.boot.test.autoconfigure.properties.PropertyMappingContextCustomizer@9c19a3b8, org.springframework.boot.test.autoconfigure.web.servlet.WebDriverContextCustomizerFactory$Customizer@7f9fcf7f], contextLoader = 'org.springframework.boot.test.context.SpringBootContextLoader', parent = [null]]]
10:42:17,725 DEBUG org.springframework.test.context.cache:290 - Spring test ApplicationContext cache statistics: [DefaultContextCache@1431267b size = 4, maxSize = 32, parentContextCount = 0, hitCount = 53, missCount = 4]
10:42:17,725 DEBUG org.springframework.test.context.cache:290 - Spring test ApplicationContext cache statistics: [DefaultContextCache@1431267b size = 4, maxSize = 32, parentContextCount = 0, hitCount = 53, missCount = 4]
10:42:17,726 DEBUG org.springframework.test.context.cache.DefaultCacheAwareContextLoaderDelegate:130 - Retrieved ApplicationContext from cache with key [[MergedContextConfiguration@312f3050 testClass = JavaQuestionRepositoryTest, locations = '{}', classes = '{class pro.abacus.javatutor.JavaTutorApplication}', contextInitializerClasses = '[]', activeProfiles = '{}', propertySourceLocations = '{}', propertySourceProperties = '{org.springframework.boot.test.context.SpringBootTestContextBootstrapper=true}', contextCustomizers = set[[ImportsContextCustomizer@615bad16 key = [org.springframework.boot.autoconfigure.cache.CacheAutoConfiguration, org.springframework.boot.autoconfigure.data.mongo.MongoDataAutoConfiguration, org.springframework.boot.autoconfigure.data.mongo.MongoReactiveDataAutoConfiguration, org.springframework.boot.autoconfigure.data.mongo.MongoReactiveRepositoriesAutoConfiguration, org.springframework.boot.autoconfigure.data.mongo.MongoRepositoriesAutoConfiguration, org.springframework.boot.autoconfigure.mongo.MongoAutoConfiguration, org.springframework.boot.autoconfigure.mongo.MongoReactiveAutoConfiguration, org.springframework.boot.autoconfigure.mongo.embedded.EmbeddedMongoAutoConfiguration]], org.springframework.boot.test.context.filter.ExcludeFilterContextCustomizer@290dbf45, org.springframework.boot.test.json.DuplicateJsonObjectContextCustomizerFactory$DuplicateJsonObjectContextCustomizer@69a10787, org.springframework.boot.test.mock.mockito.MockitoContextCustomizer@0, org.springframework.boot.test.autoconfigure.OverrideAutoConfigurationContextCustomizerFactory$DisableAutoConfigurationContextCustomizer@1c72da34, org.springframework.boot.test.autoconfigure.filter.TypeExcludeFiltersContextCustomizer@351584c0, org.springframework.boot.test.autoconfigure.properties.PropertyMappingContextCustomizer@9c19a3b8, org.springframework.boot.test.autoconfigure.web.servlet.WebDriverContextCustomizerFactory$Customizer@7f9fcf7f], contextLoader = 'org.springframework.boot.test.context.SpringBootContextLoader', parent = [null]]]
10:42:17,726 DEBUG org.springframework.test.context.cache.DefaultCacheAwareContextLoaderDelegate:130 - Retrieved ApplicationContext from cache with key [[MergedContextConfiguration@312f3050 testClass = JavaQuestionRepositoryTest, locations = '{}', classes = '{class pro.abacus.javatutor.JavaTutorApplication}', contextInitializerClasses = '[]', activeProfiles = '{}', propertySourceLocations = '{}', propertySourceProperties = '{org.springframework.boot.test.context.SpringBootTestContextBootstrapper=true}', contextCustomizers = set[[ImportsContextCustomizer@615bad16 key = [org.springframework.boot.autoconfigure.cache.CacheAutoConfiguration, org.springframework.boot.autoconfigure.data.mongo.MongoDataAutoConfiguration, org.springframework.boot.autoconfigure.data.mongo.MongoReactiveDataAutoConfiguration, org.springframework.boot.autoconfigure.data.mongo.MongoReactiveRepositoriesAutoConfiguration, org.springframework.boot.autoconfigure.data.mongo.MongoRepositoriesAutoConfiguration, org.springframework.boot.autoconfigure.mongo.MongoAutoConfiguration, org.springframework.boot.autoconfigure.mongo.MongoReactiveAutoConfiguration, org.springframework.boot.autoconfigure.mongo.embedded.EmbeddedMongoAutoConfiguration]], org.springframework.boot.test.context.filter.ExcludeFilterContextCustomizer@290dbf45, org.springframework.boot.test.json.DuplicateJsonObjectContextCustomizerFactory$DuplicateJsonObjectContextCustomizer@69a10787, org.springframework.boot.test.mock.mockito.MockitoContextCustomizer@0, org.springframework.boot.test.autoconfigure.OverrideAutoConfigurationContextCustomizerFactory$DisableAutoConfigurationContextCustomizer@1c72da34, org.springframework.boot.test.autoconfigure.filter.TypeExcludeFiltersContextCustomizer@351584c0, org.springframework.boot.test.autoconfigure.properties.PropertyMappingContextCustomizer@9c19a3b8, org.springframework.boot.test.autoconfigure.web.servlet.WebDriverContextCustomizerFactory$Customizer@7f9fcf7f], contextLoader = 'org.springframework.boot.test.context.SpringBootContextLoader', parent = [null]]]
10:42:17,727 DEBUG org.springframework.test.context.cache:290 - Spring test ApplicationContext cache statistics: [DefaultContextCache@1431267b size = 4, maxSize = 32, parentContextCount = 0, hitCount = 54, missCount = 4]
10:42:17,727 DEBUG org.springframework.test.context.cache:290 - Spring test ApplicationContext cache statistics: [DefaultContextCache@1431267b size = 4, maxSize = 32, parentContextCount = 0, hitCount = 54, missCount = 4]
10:42:17,727 TRACE org.springframework.beans.factory.support.DefaultListableBeanFactory:684 - No bean named 'org.springframework.boot.test.autoconfigure.web.servlet.SpringBootMockMvcBuilderCustomizer$DeferredLinesWriter' found in org.springframework.beans.factory.support.DefaultListableBeanFactory@156324b: defining beans [org.springframework.context.annotation.internalConfigurationAnnotationProcessor,org.springframework.context.annotation.internalAutowiredAnnotationProcessor,org.springframework.context.annotation.internalRequiredAnnotationProcessor,org.springframework.context.annotation.internalCommonAnnotationProcessor,org.springframework.context.event.internalEventListenerProcessor,org.springframework.context.event.internalEventListenerFactory,org.springframework.boot.test.context.ImportsContextCustomizer$ImportsCleanupPostProcessor,org.springframework.boot.test.mock.mockito.MockitoPostProcessor$SpyPostProcessor,org.springframework.boot.test.mock.mockito.MockitoPostProcessor,javaTutorApplication,org.springframework.boot.autoconfigure.internalCachingMetadataReaderFactory,org.springframework.boot.autoconfigure.AutoConfigurationPackages,org.springframework.boot.autoconfigure.condition.BeanTypeRegistry,org.springframework.boot.autoconfigure.mongo.MongoAutoConfiguration,mongo,spring.data.mongodb-org.springframework.boot.autoconfigure.mongo.MongoProperties,org.springframework.boot.context.properties.ConfigurationPropertiesBindingPostProcessor,org.springframework.boot.context.properties.ConfigurationBeanFactoryMetadata,org.springframework.boot.autoconfigure.data.mongo.MongoDataAutoConfiguration,mongoDbFactory,mongoTemplate,mappingMongoConverter,mongoMappingContext,gridFsTemplate,mongoCustomConversions,org.springframework.boot.autoconfigure.data.mongo.MongoRepositoriesAutoConfiguration,userRepository,authorityRepository,javaQuestionRepository]; root of factory hierarchy
10:42:17,727 TRACE org.springframework.beans.factory.support.DefaultListableBeanFactory:684 - No bean named 'org.springframework.boot.test.autoconfigure.web.servlet.SpringBootMockMvcBuilderCustomizer$DeferredLinesWriter' found in org.springframework.beans.factory.support.DefaultListableBeanFactory@156324b: defining beans [org.springframework.context.annotation.internalConfigurationAnnotationProcessor,org.springframework.context.annotation.internalAutowiredAnnotationProcessor,org.springframework.context.annotation.internalRequiredAnnotationProcessor,org.springframework.context.annotation.internalCommonAnnotationProcessor,org.springframework.context.event.internalEventListenerProcessor,org.springframework.context.event.internalEventListenerFactory,org.springframework.boot.test.context.ImportsContextCustomizer$ImportsCleanupPostProcessor,org.springframework.boot.test.mock.mockito.MockitoPostProcessor$SpyPostProcessor,org.springframework.boot.test.mock.mockito.MockitoPostProcessor,javaTutorApplication,org.springframework.boot.autoconfigure.internalCachingMetadataReaderFactory,org.springframework.boot.autoconfigure.AutoConfigurationPackages,org.springframework.boot.autoconfigure.condition.BeanTypeRegistry,org.springframework.boot.autoconfigure.mongo.MongoAutoConfiguration,mongo,spring.data.mongodb-org.springframework.boot.autoconfigure.mongo.MongoProperties,org.springframework.boot.context.properties.ConfigurationPropertiesBindingPostProcessor,org.springframework.boot.context.properties.ConfigurationBeanFactoryMetadata,org.springframework.boot.autoconfigure.data.mongo.MongoDataAutoConfiguration,mongoDbFactory,mongoTemplate,mappingMongoConverter,mongoMappingContext,gridFsTemplate,mongoCustomConversions,org.springframework.boot.autoconfigure.data.mongo.MongoRepositoriesAutoConfiguration,userRepository,authorityRepository,javaQuestionRepository]; root of factory hierarchy
10:42:17,728 DEBUG org.springframework.test.context.cache.DefaultCacheAwareContextLoaderDelegate:130 - Retrieved ApplicationContext from cache with key [[MergedContextConfiguration@312f3050 testClass = JavaQuestionRepositoryTest, locations = '{}', classes = '{class pro.abacus.javatutor.JavaTutorApplication}', contextInitializerClasses = '[]', activeProfiles = '{}', propertySourceLocations = '{}', propertySourceProperties = '{org.springframework.boot.test.context.SpringBootTestContextBootstrapper=true}', contextCustomizers = set[[ImportsContextCustomizer@615bad16 key = [org.springframework.boot.autoconfigure.cache.CacheAutoConfiguration, org.springframework.boot.autoconfigure.data.mongo.MongoDataAutoConfiguration, org.springframework.boot.autoconfigure.data.mongo.MongoReactiveDataAutoConfiguration, org.springframework.boot.autoconfigure.data.mongo.MongoReactiveRepositoriesAutoConfiguration, org.springframework.boot.autoconfigure.data.mongo.MongoRepositoriesAutoConfiguration, org.springframework.boot.autoconfigure.mongo.MongoAutoConfiguration, org.springframework.boot.autoconfigure.mongo.MongoReactiveAutoConfiguration, org.springframework.boot.autoconfigure.mongo.embedded.EmbeddedMongoAutoConfiguration]], org.springframework.boot.test.context.filter.ExcludeFilterContextCustomizer@290dbf45, org.springframework.boot.test.json.DuplicateJsonObjectContextCustomizerFactory$DuplicateJsonObjectContextCustomizer@69a10787, org.springframework.boot.test.mock.mockito.MockitoContextCustomizer@0, org.springframework.boot.test.autoconfigure.OverrideAutoConfigurationContextCustomizerFactory$DisableAutoConfigurationContextCustomizer@1c72da34, org.springframework.boot.test.autoconfigure.filter.TypeExcludeFiltersContextCustomizer@351584c0, org.springframework.boot.test.autoconfigure.properties.PropertyMappingContextCustomizer@9c19a3b8, org.springframework.boot.test.autoconfigure.web.servlet.WebDriverContextCustomizerFactory$Customizer@7f9fcf7f], contextLoader = 'org.springframework.boot.test.context.SpringBootContextLoader', parent = [null]]]
10:42:17,728 DEBUG org.springframework.test.context.cache.DefaultCacheAwareContextLoaderDelegate:130 - Retrieved ApplicationContext from cache with key [[MergedContextConfiguration@312f3050 testClass = JavaQuestionRepositoryTest, locations = '{}', classes = '{class pro.abacus.javatutor.JavaTutorApplication}', contextInitializerClasses = '[]', activeProfiles = '{}', propertySourceLocations = '{}', propertySourceProperties = '{org.springframework.boot.test.context.SpringBootTestContextBootstrapper=true}', contextCustomizers = set[[ImportsContextCustomizer@615bad16 key = [org.springframework.boot.autoconfigure.cache.CacheAutoConfiguration, org.springframework.boot.autoconfigure.data.mongo.MongoDataAutoConfiguration, org.springframework.boot.autoconfigure.data.mongo.MongoReactiveDataAutoConfiguration, org.springframework.boot.autoconfigure.data.mongo.MongoReactiveRepositoriesAutoConfiguration, org.springframework.boot.autoconfigure.data.mongo.MongoRepositoriesAutoConfiguration, org.springframework.boot.autoconfigure.mongo.MongoAutoConfiguration, org.springframework.boot.autoconfigure.mongo.MongoReactiveAutoConfiguration, org.springframework.boot.autoconfigure.mongo.embedded.EmbeddedMongoAutoConfiguration]], org.springframework.boot.test.context.filter.ExcludeFilterContextCustomizer@290dbf45, org.springframework.boot.test.json.DuplicateJsonObjectContextCustomizerFactory$DuplicateJsonObjectContextCustomizer@69a10787, org.springframework.boot.test.mock.mockito.MockitoContextCustomizer@0, org.springframework.boot.test.autoconfigure.OverrideAutoConfigurationContextCustomizerFactory$DisableAutoConfigurationContextCustomizer@1c72da34, org.springframework.boot.test.autoconfigure.filter.TypeExcludeFiltersContextCustomizer@351584c0, org.springframework.boot.test.autoconfigure.properties.PropertyMappingContextCustomizer@9c19a3b8, org.springframework.boot.test.autoconfigure.web.servlet.WebDriverContextCustomizerFactory$Customizer@7f9fcf7f], contextLoader = 'org.springframework.boot.test.context.SpringBootContextLoader', parent = [null]]]
10:42:17,729 DEBUG org.springframework.test.context.cache:290 - Spring test ApplicationContext cache statistics: [DefaultContextCache@1431267b size = 4, maxSize = 32, parentContextCount = 0, hitCount = 55, missCount = 4]
10:42:17,729 DEBUG org.springframework.test.context.cache:290 - Spring test ApplicationContext cache statistics: [DefaultContextCache@1431267b size = 4, maxSize = 32, parentContextCount = 0, hitCount = 55, missCount = 4]
10:42:17,731 DEBUG org.springframework.test.context.cache.DefaultCacheAwareContextLoaderDelegate:130 - Retrieved ApplicationContext from cache with key [[MergedContextConfiguration@312f3050 testClass = JavaQuestionRepositoryTest, locations = '{}', classes = '{class pro.abacus.javatutor.JavaTutorApplication}', contextInitializerClasses = '[]', activeProfiles = '{}', propertySourceLocations = '{}', propertySourceProperties = '{org.springframework.boot.test.context.SpringBootTestContextBootstrapper=true}', contextCustomizers = set[[ImportsContextCustomizer@615bad16 key = [org.springframework.boot.autoconfigure.cache.CacheAutoConfiguration, org.springframework.boot.autoconfigure.data.mongo.MongoDataAutoConfiguration, org.springframework.boot.autoconfigure.data.mongo.MongoReactiveDataAutoConfiguration, org.springframework.boot.autoconfigure.data.mongo.MongoReactiveRepositoriesAutoConfiguration, org.springframework.boot.autoconfigure.data.mongo.MongoRepositoriesAutoConfiguration, org.springframework.boot.autoconfigure.mongo.MongoAutoConfiguration, org.springframework.boot.autoconfigure.mongo.MongoReactiveAutoConfiguration, org.springframework.boot.autoconfigure.mongo.embedded.EmbeddedMongoAutoConfiguration]], org.springframework.boot.test.context.filter.ExcludeFilterContextCustomizer@290dbf45, org.springframework.boot.test.json.DuplicateJsonObjectContextCustomizerFactory$DuplicateJsonObjectContextCustomizer@69a10787, org.springframework.boot.test.mock.mockito.MockitoContextCustomizer@0, org.springframework.boot.test.autoconfigure.OverrideAutoConfigurationContextCustomizerFactory$DisableAutoConfigurationContextCustomizer@1c72da34, org.springframework.boot.test.autoconfigure.filter.TypeExcludeFiltersContextCustomizer@351584c0, org.springframework.boot.test.autoconfigure.properties.PropertyMappingContextCustomizer@9c19a3b8, org.springframework.boot.test.autoconfigure.web.servlet.WebDriverContextCustomizerFactory$Customizer@7f9fcf7f], contextLoader = 'org.springframework.boot.test.context.SpringBootContextLoader', parent = [null]]]
10:42:17,731 DEBUG org.springframework.test.context.cache.DefaultCacheAwareContextLoaderDelegate:130 - Retrieved ApplicationContext from cache with key [[MergedContextConfiguration@312f3050 testClass = JavaQuestionRepositoryTest, locations = '{}', classes = '{class pro.abacus.javatutor.JavaTutorApplication}', contextInitializerClasses = '[]', activeProfiles = '{}', propertySourceLocations = '{}', propertySourceProperties = '{org.springframework.boot.test.context.SpringBootTestContextBootstrapper=true}', contextCustomizers = set[[ImportsContextCustomizer@615bad16 key = [org.springframework.boot.autoconfigure.cache.CacheAutoConfiguration, org.springframework.boot.autoconfigure.data.mongo.MongoDataAutoConfiguration, org.springframework.boot.autoconfigure.data.mongo.MongoReactiveDataAutoConfiguration, org.springframework.boot.autoconfigure.data.mongo.MongoReactiveRepositoriesAutoConfiguration, org.springframework.boot.autoconfigure.data.mongo.MongoRepositoriesAutoConfiguration, org.springframework.boot.autoconfigure.mongo.MongoAutoConfiguration, org.springframework.boot.autoconfigure.mongo.MongoReactiveAutoConfiguration, org.springframework.boot.autoconfigure.mongo.embedded.EmbeddedMongoAutoConfiguration]], org.springframework.boot.test.context.filter.ExcludeFilterContextCustomizer@290dbf45, org.springframework.boot.test.json.DuplicateJsonObjectContextCustomizerFactory$DuplicateJsonObjectContextCustomizer@69a10787, org.springframework.boot.test.mock.mockito.MockitoContextCustomizer@0, org.springframework.boot.test.autoconfigure.OverrideAutoConfigurationContextCustomizerFactory$DisableAutoConfigurationContextCustomizer@1c72da34, org.springframework.boot.test.autoconfigure.filter.TypeExcludeFiltersContextCustomizer@351584c0, org.springframework.boot.test.autoconfigure.properties.PropertyMappingContextCustomizer@9c19a3b8, org.springframework.boot.test.autoconfigure.web.servlet.WebDriverContextCustomizerFactory$Customizer@7f9fcf7f], contextLoader = 'org.springframework.boot.test.context.SpringBootContextLoader', parent = [null]]]
10:42:17,732 DEBUG org.springframework.test.context.cache:290 - Spring test ApplicationContext cache statistics: [DefaultContextCache@1431267b size = 4, maxSize = 32, parentContextCount = 0, hitCount = 56, missCount = 4]
10:42:17,732 DEBUG org.springframework.test.context.cache:290 - Spring test ApplicationContext cache statistics: [DefaultContextCache@1431267b size = 4, maxSize = 32, parentContextCount = 0, hitCount = 56, missCount = 4]
10:42:17,732 DEBUG org.springframework.beans.factory.support.DefaultListableBeanFactory:254 - Returning cached instance of singleton bean 'org.springframework.boot.test.mock.mockito.MockitoBeans'
10:42:17,732 DEBUG org.springframework.beans.factory.support.DefaultListableBeanFactory:254 - Returning cached instance of singleton bean 'org.springframework.boot.test.mock.mockito.MockitoBeans'
10:42:17,734 DEBUG org.springframework.test.context.support.AbstractDirtiesContextTestExecutionListener:107 - After test method: context [DefaultTestContext@61ad30f6 testClass = JavaQuestionRepositoryTest, testInstance = pro.abacus.javatutor.repository.JavaQuestionRepositoryTest@6d3ad37a, testMethod = shouldFindAllQuestions@JavaQuestionRepositoryTest, testException = org.junit.internal.runners.model.MultipleFailureException: There were 2 errors:
  org.springframework.dao.DataAccessResourceFailureException(Timed out after 30000 ms while waiting to connect. Client view of cluster state is {type=UNKNOWN, servers=[{address=localhost:27017, type=UNKNOWN, state=CONNECTING, exception={com.mongodb.MongoSocketOpenException: Exception opening socket}, caused by {java.net.ConnectException: Connection refused: connect}}]; nested exception is com.mongodb.MongoTimeoutException: Timed out after 30000 ms while waiting to connect. Client view of cluster state is {type=UNKNOWN, servers=[{address=localhost:27017, type=UNKNOWN, state=CONNECTING, exception={com.mongodb.MongoSocketOpenException: Exception opening socket}, caused by {java.net.ConnectException: Connection refused: connect}}])
  com.mongodb.MongoTimeoutException(Timed out after 30000 ms while waiting to connect. Client view of cluster state is {type=UNKNOWN, servers=[{address=localhost:27017, type=UNKNOWN, state=CONNECTING, exception={com.mongodb.MongoSocketOpenException: Exception opening socket}, caused by {java.net.ConnectException: Connection refused: connect}}]), mergedContextConfiguration = [MergedContextConfiguration@312f3050 testClass = JavaQuestionRepositoryTest, locations = '{}', classes = '{class pro.abacus.javatutor.JavaTutorApplication}', contextInitializerClasses = '[]', activeProfiles = '{}', propertySourceLocations = '{}', propertySourceProperties = '{org.springframework.boot.test.context.SpringBootTestContextBootstrapper=true}', contextCustomizers = set[[ImportsContextCustomizer@615bad16 key = [org.springframework.boot.autoconfigure.cache.CacheAutoConfiguration, org.springframework.boot.autoconfigure.data.mongo.MongoDataAutoConfiguration, org.springframework.boot.autoconfigure.data.mongo.MongoReactiveDataAutoConfiguration, org.springframework.boot.autoconfigure.data.mongo.MongoReactiveRepositoriesAutoConfiguration, org.springframework.boot.autoconfigure.data.mongo.MongoRepositoriesAutoConfiguration, org.springframework.boot.autoconfigure.mongo.MongoAutoConfiguration, org.springframework.boot.autoconfigure.mongo.MongoReactiveAutoConfiguration, org.springframework.boot.autoconfigure.mongo.embedded.EmbeddedMongoAutoConfiguration]], org.springframework.boot.test.context.filter.ExcludeFilterContextCustomizer@290dbf45, org.springframework.boot.test.json.DuplicateJsonObjectContextCustomizerFactory$DuplicateJsonObjectContextCustomizer@69a10787, org.springframework.boot.test.mock.mockito.MockitoContextCustomizer@0, org.springframework.boot.test.autoconfigure.OverrideAutoConfigurationContextCustomizerFactory$DisableAutoConfigurationContextCustomizer@1c72da34, org.springframework.boot.test.autoconfigure.filter.TypeExcludeFiltersContextCustomizer@351584c0, org.springframework.boot.test.autoconfigure.properties.PropertyMappingContextCustomizer@9c19a3b8, org.springframework.boot.test.autoconfigure.web.servlet.WebDriverContextCustomizerFactory$Customizer@7f9fcf7f], contextLoader = 'org.springframework.boot.test.context.SpringBootContextLoader', parent = [null]], attributes = map[[empty]]], class annotated with @DirtiesContext [false] with mode [null], method annotated with @DirtiesContext [false] with mode [null].
10:42:17,734 DEBUG org.springframework.test.context.support.AbstractDirtiesContextTestExecutionListener:107 - After test method: context [DefaultTestContext@61ad30f6 testClass = JavaQuestionRepositoryTest, testInstance = pro.abacus.javatutor.repository.JavaQuestionRepositoryTest@6d3ad37a, testMethod = shouldFindAllQuestions@JavaQuestionRepositoryTest, testException = org.junit.internal.runners.model.MultipleFailureException: There were 2 errors:
  org.springframework.dao.DataAccessResourceFailureException(Timed out after 30000 ms while waiting to connect. Client view of cluster state is {type=UNKNOWN, servers=[{address=localhost:27017, type=UNKNOWN, state=CONNECTING, exception={com.mongodb.MongoSocketOpenException: Exception opening socket}, caused by {java.net.ConnectException: Connection refused: connect}}]; nested exception is com.mongodb.MongoTimeoutException: Timed out after 30000 ms while waiting to connect. Client view of cluster state is {type=UNKNOWN, servers=[{address=localhost:27017, type=UNKNOWN, state=CONNECTING, exception={com.mongodb.MongoSocketOpenException: Exception opening socket}, caused by {java.net.ConnectException: Connection refused: connect}}])
  com.mongodb.MongoTimeoutException(Timed out after 30000 ms while waiting to connect. Client view of cluster state is {type=UNKNOWN, servers=[{address=localhost:27017, type=UNKNOWN, state=CONNECTING, exception={com.mongodb.MongoSocketOpenException: Exception opening socket}, caused by {java.net.ConnectException: Connection refused: connect}}]), mergedContextConfiguration = [MergedContextConfiguration@312f3050 testClass = JavaQuestionRepositoryTest, locations = '{}', classes = '{class pro.abacus.javatutor.JavaTutorApplication}', contextInitializerClasses = '[]', activeProfiles = '{}', propertySourceLocations = '{}', propertySourceProperties = '{org.springframework.boot.test.context.SpringBootTestContextBootstrapper=true}', contextCustomizers = set[[ImportsContextCustomizer@615bad16 key = [org.springframework.boot.autoconfigure.cache.CacheAutoConfiguration, org.springframework.boot.autoconfigure.data.mongo.MongoDataAutoConfiguration, org.springframework.boot.autoconfigure.data.mongo.MongoReactiveDataAutoConfiguration, org.springframework.boot.autoconfigure.data.mongo.MongoReactiveRepositoriesAutoConfiguration, org.springframework.boot.autoconfigure.data.mongo.MongoRepositoriesAutoConfiguration, org.springframework.boot.autoconfigure.mongo.MongoAutoConfiguration, org.springframework.boot.autoconfigure.mongo.MongoReactiveAutoConfiguration, org.springframework.boot.autoconfigure.mongo.embedded.EmbeddedMongoAutoConfiguration]], org.springframework.boot.test.context.filter.ExcludeFilterContextCustomizer@290dbf45, org.springframework.boot.test.json.DuplicateJsonObjectContextCustomizerFactory$DuplicateJsonObjectContextCustomizer@69a10787, org.springframework.boot.test.mock.mockito.MockitoContextCustomizer@0, org.springframework.boot.test.autoconfigure.OverrideAutoConfigurationContextCustomizerFactory$DisableAutoConfigurationContextCustomizer@1c72da34, org.springframework.boot.test.autoconfigure.filter.TypeExcludeFiltersContextCustomizer@351584c0, org.springframework.boot.test.autoconfigure.properties.PropertyMappingContextCustomizer@9c19a3b8, org.springframework.boot.test.autoconfigure.web.servlet.WebDriverContextCustomizerFactory$Customizer@7f9fcf7f], contextLoader = 'org.springframework.boot.test.context.SpringBootContextLoader', parent = [null]], attributes = map[[empty]]], class annotated with @DirtiesContext [false] with mode [null], method annotated with @DirtiesContext [false] with mode [null].
]]></system-out>
  </testcase>
  <testcase name="shouldFindAllQuestions" classname="pro.abacus.javatutor.repository.JavaQuestionRepositoryTest" time="60.058">
    <error message="Timed out after 30000 ms while waiting to connect. Client view of cluster state is {type=UNKNOWN, servers=[{address=localhost:27017, type=UNKNOWN, state=CONNECTING, exception={com.mongodb.MongoSocketOpenException: Exception opening socket}, caused by {java.net.ConnectException: Connection refused: connect}}]" type="com.mongodb.MongoTimeoutException">com.mongodb.MongoTimeoutException: Timed out after 30000 ms while waiting to connect. Client view of cluster state is {type=UNKNOWN, servers=[{address=localhost:27017, type=UNKNOWN, state=CONNECTING, exception={com.mongodb.MongoSocketOpenException: Exception opening socket}, caused by {java.net.ConnectException: Connection refused: connect}}]
	at pro.abacus.javatutor.repository.JavaQuestionRepositoryTest.tearDown(JavaQuestionRepositoryTest.java:50)
</error>
  </testcase>
</testsuite>