<?xml version="1.0" encoding="UTF-8"?>
<testsuite xmlns:xsi="http://www.w3.org/2001/XMLSchema-instance" xsi:noNamespaceSchemaLocation="https://maven.apache.org/surefire/maven-surefire-plugin/xsd/surefire-test-report.xsd" name="pro.abacus.javatutor.SecurityIntegrationTest" time="166.75" tests="6" errors="1" skipped="0" failures="2">
  <properties>
    <property name="sun.desktop" value="windows"/>
    <property name="awt.toolkit" value="sun.awt.windows.WToolkit"/>
    <property name="file.encoding.pkg" value="sun.io"/>
    <property name="java.specification.version" value="1.8"/>
    <property name="sun.cpu.isalist" value="amd64"/>
    <property name="sun.jnu.encoding" value="Cp1252"/>
    <property name="java.class.path" value="E:\java\repos\JavaTutorAPI\javatutor\target\test-classes;E:\java\repos\JavaTutorAPI\javatutor\target\classes;C:\Users\Maryna Savchenko\.m2\repository\org\springframework\boot\spring-boot-starter-web\2.0.2.RELEASE\spring-boot-starter-web-2.0.2.RELEASE.jar;C:\Users\Maryna Savchenko\.m2\repository\org\springframework\boot\spring-boot-starter\2.0.2.RELEASE\spring-boot-starter-2.0.2.RELEASE.jar;C:\Users\Maryna Savchenko\.m2\repository\javax\annotation\javax.annotation-api\1.3.2\javax.annotation-api-1.3.2.jar;C:\Users\Maryna Savchenko\.m2\repository\org\yaml\snakeyaml\1.19\snakeyaml-1.19.jar;C:\Users\Maryna Savchenko\.m2\repository\org\springframework\boot\spring-boot-starter-json\2.0.2.RELEASE\spring-boot-starter-json-2.0.2.RELEASE.jar;C:\Users\Maryna Savchenko\.m2\repository\com\fasterxml\jackson\core\jackson-databind\2.9.5\jackson-databind-2.9.5.jar;C:\Users\Maryna Savchenko\.m2\repository\com\fasterxml\jackson\core\jackson-annotations\2.9.0\jackson-annotations-2.9.0.jar;C:\Users\Maryna Savchenko\.m2\repository\com\fasterxml\jackson\core\jackson-core\2.9.5\jackson-core-2.9.5.jar;C:\Users\Maryna Savchenko\.m2\repository\com\fasterxml\jackson\datatype\jackson-datatype-jdk8\2.9.5\jackson-datatype-jdk8-2.9.5.jar;C:\Users\Maryna Savchenko\.m2\repository\com\fasterxml\jackson\datatype\jackson-datatype-jsr310\2.9.5\jackson-datatype-jsr310-2.9.5.jar;C:\Users\Maryna Savchenko\.m2\repository\com\fasterxml\jackson\module\jackson-module-parameter-names\2.9.5\jackson-module-parameter-names-2.9.5.jar;C:\Users\Maryna Savchenko\.m2\repository\org\springframework\boot\spring-boot-starter-tomcat\2.0.2.RELEASE\spring-boot-starter-tomcat-2.0.2.RELEASE.jar;C:\Users\Maryna Savchenko\.m2\repository\org\apache\tomcat\embed\tomcat-embed-websocket\8.5.31\tomcat-embed-websocket-8.5.31.jar;C:\Users\Maryna Savchenko\.m2\repository\org\hibernate\validator\hibernate-validator\6.0.9.Final\hibernate-validator-6.0.9.Final.jar;C:\Users\Maryna Savchenko\.m2\repository\javax\validation\validation-api\2.0.1.Final\validation-api-2.0.1.Final.jar;C:\Users\Maryna Savchenko\.m2\repository\org\jboss\logging\jboss-logging\3.3.2.Final\jboss-logging-3.3.2.Final.jar;C:\Users\Maryna Savchenko\.m2\repository\com\fasterxml\classmate\1.3.4\classmate-1.3.4.jar;C:\Users\Maryna Savchenko\.m2\repository\org\springframework\spring-web\5.0.6.RELEASE\spring-web-5.0.6.RELEASE.jar;C:\Users\Maryna Savchenko\.m2\repository\org\springframework\spring-beans\5.0.6.RELEASE\spring-beans-5.0.6.RELEASE.jar;C:\Users\Maryna Savchenko\.m2\repository\org\springframework\spring-webmvc\5.0.6.RELEASE\spring-webmvc-5.0.6.RELEASE.jar;C:\Users\Maryna Savchenko\.m2\repository\org\springframework\spring-context\5.0.6.RELEASE\spring-context-5.0.6.RELEASE.jar;C:\Users\Maryna Savchenko\.m2\repository\org\springframework\spring-expression\5.0.6.RELEASE\spring-expression-5.0.6.RELEASE.jar;C:\Users\Maryna Savchenko\.m2\repository\org\slf4j\jcl-over-slf4j\1.7.25\jcl-over-slf4j-1.7.25.jar;C:\Users\Maryna Savchenko\.m2\repository\org\slf4j\slf4j-api\1.7.25\slf4j-api-1.7.25.jar;C:\Users\Maryna Savchenko\.m2\repository\org\slf4j\jul-to-slf4j\1.7.25\jul-to-slf4j-1.7.25.jar;C:\Users\Maryna Savchenko\.m2\repository\org\slf4j\slf4j-log4j12\1.7.25\slf4j-log4j12-1.7.25.jar;C:\Users\Maryna Savchenko\.m2\repository\log4j\log4j\1.2.17\log4j-1.2.17.jar;C:\Users\Maryna Savchenko\.m2\repository\org\springframework\boot\spring-boot-starter-data-mongodb\2.0.2.RELEASE\spring-boot-starter-data-mongodb-2.0.2.RELEASE.jar;C:\Users\Maryna Savchenko\.m2\repository\org\mongodb\mongodb-driver\3.6.0\mongodb-driver-3.6.0.jar;C:\Users\Maryna Savchenko\.m2\repository\org\mongodb\bson\3.6.0\bson-3.6.0.jar;C:\Users\Maryna Savchenko\.m2\repository\org\mongodb\mongodb-driver-core\3.6.0\mongodb-driver-core-3.6.0.jar;C:\Users\Maryna Savchenko\.m2\repository\org\springframework\data\spring-data-mongodb\2.0.7.RELEASE\spring-data-mongodb-2.0.7.RELEASE.jar;C:\Users\Maryna Savchenko\.m2\repository\org\springframework\spring-tx\5.0.6.RELEASE\spring-tx-5.0.6.RELEASE.jar;C:\Users\Maryna Savchenko\.m2\repository\org\springframework\data\spring-data-commons\2.0.7.RELEASE\spring-data-commons-2.0.7.RELEASE.jar;C:\Users\Maryna Savchenko\.m2\repository\org\springframework\boot\spring-boot-starter-actuator\2.0.2.RELEASE\spring-boot-starter-actuator-2.0.2.RELEASE.jar;C:\Users\Maryna Savchenko\.m2\repository\org\springframework\boot\spring-boot-actuator-autoconfigure\2.0.2.RELEASE\spring-boot-actuator-autoconfigure-2.0.2.RELEASE.jar;C:\Users\Maryna Savchenko\.m2\repository\org\springframework\boot\spring-boot-actuator\2.0.2.RELEASE\spring-boot-actuator-2.0.2.RELEASE.jar;C:\Users\Maryna Savchenko\.m2\repository\io\micrometer\micrometer-core\1.0.4\micrometer-core-1.0.4.jar;C:\Users\Maryna Savchenko\.m2\repository\org\hdrhistogram\HdrHistogram\2.1.10\HdrHistogram-2.1.10.jar;C:\Users\Maryna Savchenko\.m2\repository\org\latencyutils\LatencyUtils\2.0.3\LatencyUtils-2.0.3.jar;C:\Users\Maryna Savchenko\.m2\repository\org\springframework\boot\spring-boot-starter-security\2.0.2.RELEASE\spring-boot-starter-security-2.0.2.RELEASE.jar;C:\Users\Maryna Savchenko\.m2\repository\org\springframework\spring-aop\5.0.6.RELEASE\spring-aop-5.0.6.RELEASE.jar;C:\Users\Maryna Savchenko\.m2\repository\org\springframework\security\spring-security-config\5.0.5.RELEASE\spring-security-config-5.0.5.RELEASE.jar;C:\Users\Maryna Savchenko\.m2\repository\org\springframework\security\spring-security-web\5.0.5.RELEASE\spring-security-web-5.0.5.RELEASE.jar;C:\Users\Maryna Savchenko\.m2\repository\org\springframework\security\spring-security-test\5.0.5.RELEASE\spring-security-test-5.0.5.RELEASE.jar;C:\Users\Maryna Savchenko\.m2\repository\org\springframework\security\spring-security-core\5.0.5.RELEASE\spring-security-core-5.0.5.RELEASE.jar;C:\Users\Maryna Savchenko\.m2\repository\org\springframework\spring-core\5.0.6.RELEASE\spring-core-5.0.6.RELEASE.jar;C:\Users\Maryna Savchenko\.m2\repository\org\springframework\spring-jcl\5.0.6.RELEASE\spring-jcl-5.0.6.RELEASE.jar;C:\Users\Maryna Savchenko\.m2\repository\org\springframework\spring-test\5.0.6.RELEASE\spring-test-5.0.6.RELEASE.jar;C:\Users\Maryna Savchenko\.m2\repository\org\springframework\boot\spring-boot-devtools\2.0.2.RELEASE\spring-boot-devtools-2.0.2.RELEASE.jar;C:\Users\Maryna Savchenko\.m2\repository\org\springframework\boot\spring-boot\2.0.2.RELEASE\spring-boot-2.0.2.RELEASE.jar;C:\Users\Maryna Savchenko\.m2\repository\org\springframework\boot\spring-boot-autoconfigure\2.0.2.RELEASE\spring-boot-autoconfigure-2.0.2.RELEASE.jar;C:\Users\Maryna Savchenko\.m2\repository\org\springframework\boot\spring-boot-starter-test\2.0.2.RELEASE\spring-boot-starter-test-2.0.2.RELEASE.jar;C:\Users\Maryna Savchenko\.m2\repository\org\springframework\boot\spring-boot-test\2.0.2.RELEASE\spring-boot-test-2.0.2.RELEASE.jar;C:\Users\Maryna Savchenko\.m2\repository\org\springframework\boot\spring-boot-test-autoconfigure\2.0.2.RELEASE\spring-boot-test-autoconfigure-2.0.2.RELEASE.jar;C:\Users\Maryna Savchenko\.m2\repository\com\jayway\jsonpath\json-path\2.4.0\json-path-2.4.0.jar;C:\Users\Maryna Savchenko\.m2\repository\net\minidev\json-smart\2.3\json-smart-2.3.jar;C:\Users\Maryna Savchenko\.m2\repository\net\minidev\accessors-smart\1.2\accessors-smart-1.2.jar;C:\Users\Maryna Savchenko\.m2\repository\org\ow2\asm\asm\5.0.4\asm-5.0.4.jar;C:\Users\Maryna Savchenko\.m2\repository\org\assertj\assertj-core\3.9.1\assertj-core-3.9.1.jar;C:\Users\Maryna Savchenko\.m2\repository\org\mockito\mockito-core\2.15.0\mockito-core-2.15.0.jar;C:\Users\Maryna Savchenko\.m2\repository\net\bytebuddy\byte-buddy\1.7.11\byte-buddy-1.7.11.jar;C:\Users\Maryna Savchenko\.m2\repository\net\bytebuddy\byte-buddy-agent\1.7.11\byte-buddy-agent-1.7.11.jar;C:\Users\Maryna Savchenko\.m2\repository\org\objenesis\objenesis\2.6\objenesis-2.6.jar;C:\Users\Maryna Savchenko\.m2\repository\org\hamcrest\hamcrest-core\1.3\hamcrest-core-1.3.jar;C:\Users\Maryna Savchenko\.m2\repository\org\hamcrest\hamcrest-library\1.3\hamcrest-library-1.3.jar;C:\Users\Maryna Savchenko\.m2\repository\org\skyscreamer\jsonassert\1.5.0\jsonassert-1.5.0.jar;C:\Users\Maryna Savchenko\.m2\repository\com\vaadin\external\google\android-json\0.0.20131108.vaadin1\android-json-0.0.20131108.vaadin1.jar;C:\Users\Maryna Savchenko\.m2\repository\org\xmlunit\xmlunit-core\2.5.1\xmlunit-core-2.5.1.jar;C:\Users\Maryna Savchenko\.m2\repository\pl\pragmatists\JUnitParams\1.1.1\JUnitParams-1.1.1.jar;C:\Users\Maryna Savchenko\.m2\repository\org\apache\tomcat\embed\tomcat-embed-jasper\8.5.31\tomcat-embed-jasper-8.5.31.jar;C:\Users\Maryna Savchenko\.m2\repository\org\apache\tomcat\embed\tomcat-embed-core\8.5.31\tomcat-embed-core-8.5.31.jar;C:\Users\Maryna Savchenko\.m2\repository\org\apache\tomcat\tomcat-annotations-api\8.5.31\tomcat-annotations-api-8.5.31.jar;C:\Users\Maryna Savchenko\.m2\repository\org\apache\tomcat\embed\tomcat-embed-el\8.5.31\tomcat-embed-el-8.5.31.jar;C:\Users\Maryna Savchenko\.m2\repository\org\eclipse\jdt\ecj\3.12.3\ecj-3.12.3.jar;C:\Users\Maryna Savchenko\.m2\repository\junit\junit\4.12\junit-4.12.jar;C:\Users\Maryna Savchenko\.m2\repository\org\projectlombok\lombok\1.16.20\lombok-1.16.20.jar;C:\Users\Maryna Savchenko\.m2\repository\org\projectlombok\lombok-maven-plugin\1.16.20.0\lombok-maven-plugin-1.16.20.0.jar;C:\Users\Maryna Savchenko\.m2\repository\org\apache\commons\commons-lang3\3.7\commons-lang3-3.7.jar;C:\Users\Maryna Savchenko\.m2\repository\org\sonatype\plexus\plexus-build-api\0.0.7\plexus-build-api-0.0.7.jar;C:\Users\Maryna Savchenko\.m2\repository\org\codehaus\plexus\plexus-utils\1.5.8\plexus-utils-1.5.8.jar;"/>
    <property name="java.vm.vendor" value="Oracle Corporation"/>
    <property name="sun.arch.data.model" value="64"/>
    <property name="user.variant" value=""/>
    <property name="java.vendor.url" value="http://java.oracle.com/"/>
    <property name="user.timezone" value=""/>
    <property name="user.country.format" value="UA"/>
    <property name="java.vm.specification.version" value="1.8"/>
    <property name="os.name" value="Windows 10"/>
    <property name="user.country" value="US"/>
    <property name="sun.java.launcher" value="SUN_STANDARD"/>
    <property name="sun.boot.library.path" value="C:\Program Files\Java\jdk1.8.0_131\jre\bin"/>
    <property name="sun.java.command" value="C:\Users\MARYNA~1\AppData\Local\Temp\surefire1244754544745437156\surefirebooter7935569149334272143.jar C:\Users\Maryna Savchenko\AppData\Local\Temp\surefire1244754544745437156 2018-10-11T10-37-06_854-jvmRun1 surefire6084229711424990350tmp surefire_01445494788152468973tmp"/>
    <property name="surefire.test.class.path" value="E:\java\repos\JavaTutorAPI\javatutor\target\test-classes;E:\java\repos\JavaTutorAPI\javatutor\target\classes;C:\Users\Maryna Savchenko\.m2\repository\org\springframework\boot\spring-boot-starter-web\2.0.2.RELEASE\spring-boot-starter-web-2.0.2.RELEASE.jar;C:\Users\Maryna Savchenko\.m2\repository\org\springframework\boot\spring-boot-starter\2.0.2.RELEASE\spring-boot-starter-2.0.2.RELEASE.jar;C:\Users\Maryna Savchenko\.m2\repository\javax\annotation\javax.annotation-api\1.3.2\javax.annotation-api-1.3.2.jar;C:\Users\Maryna Savchenko\.m2\repository\org\yaml\snakeyaml\1.19\snakeyaml-1.19.jar;C:\Users\Maryna Savchenko\.m2\repository\org\springframework\boot\spring-boot-starter-json\2.0.2.RELEASE\spring-boot-starter-json-2.0.2.RELEASE.jar;C:\Users\Maryna Savchenko\.m2\repository\com\fasterxml\jackson\core\jackson-databind\2.9.5\jackson-databind-2.9.5.jar;C:\Users\Maryna Savchenko\.m2\repository\com\fasterxml\jackson\core\jackson-annotations\2.9.0\jackson-annotations-2.9.0.jar;C:\Users\Maryna Savchenko\.m2\repository\com\fasterxml\jackson\core\jackson-core\2.9.5\jackson-core-2.9.5.jar;C:\Users\Maryna Savchenko\.m2\repository\com\fasterxml\jackson\datatype\jackson-datatype-jdk8\2.9.5\jackson-datatype-jdk8-2.9.5.jar;C:\Users\Maryna Savchenko\.m2\repository\com\fasterxml\jackson\datatype\jackson-datatype-jsr310\2.9.5\jackson-datatype-jsr310-2.9.5.jar;C:\Users\Maryna Savchenko\.m2\repository\com\fasterxml\jackson\module\jackson-module-parameter-names\2.9.5\jackson-module-parameter-names-2.9.5.jar;C:\Users\Maryna Savchenko\.m2\repository\org\springframework\boot\spring-boot-starter-tomcat\2.0.2.RELEASE\spring-boot-starter-tomcat-2.0.2.RELEASE.jar;C:\Users\Maryna Savchenko\.m2\repository\org\apache\tomcat\embed\tomcat-embed-websocket\8.5.31\tomcat-embed-websocket-8.5.31.jar;C:\Users\Maryna Savchenko\.m2\repository\org\hibernate\validator\hibernate-validator\6.0.9.Final\hibernate-validator-6.0.9.Final.jar;C:\Users\Maryna Savchenko\.m2\repository\javax\validation\validation-api\2.0.1.Final\validation-api-2.0.1.Final.jar;C:\Users\Maryna Savchenko\.m2\repository\org\jboss\logging\jboss-logging\3.3.2.Final\jboss-logging-3.3.2.Final.jar;C:\Users\Maryna Savchenko\.m2\repository\com\fasterxml\classmate\1.3.4\classmate-1.3.4.jar;C:\Users\Maryna Savchenko\.m2\repository\org\springframework\spring-web\5.0.6.RELEASE\spring-web-5.0.6.RELEASE.jar;C:\Users\Maryna Savchenko\.m2\repository\org\springframework\spring-beans\5.0.6.RELEASE\spring-beans-5.0.6.RELEASE.jar;C:\Users\Maryna Savchenko\.m2\repository\org\springframework\spring-webmvc\5.0.6.RELEASE\spring-webmvc-5.0.6.RELEASE.jar;C:\Users\Maryna Savchenko\.m2\repository\org\springframework\spring-context\5.0.6.RELEASE\spring-context-5.0.6.RELEASE.jar;C:\Users\Maryna Savchenko\.m2\repository\org\springframework\spring-expression\5.0.6.RELEASE\spring-expression-5.0.6.RELEASE.jar;C:\Users\Maryna Savchenko\.m2\repository\org\slf4j\jcl-over-slf4j\1.7.25\jcl-over-slf4j-1.7.25.jar;C:\Users\Maryna Savchenko\.m2\repository\org\slf4j\slf4j-api\1.7.25\slf4j-api-1.7.25.jar;C:\Users\Maryna Savchenko\.m2\repository\org\slf4j\jul-to-slf4j\1.7.25\jul-to-slf4j-1.7.25.jar;C:\Users\Maryna Savchenko\.m2\repository\org\slf4j\slf4j-log4j12\1.7.25\slf4j-log4j12-1.7.25.jar;C:\Users\Maryna Savchenko\.m2\repository\log4j\log4j\1.2.17\log4j-1.2.17.jar;C:\Users\Maryna Savchenko\.m2\repository\org\springframework\boot\spring-boot-starter-data-mongodb\2.0.2.RELEASE\spring-boot-starter-data-mongodb-2.0.2.RELEASE.jar;C:\Users\Maryna Savchenko\.m2\repository\org\mongodb\mongodb-driver\3.6.0\mongodb-driver-3.6.0.jar;C:\Users\Maryna Savchenko\.m2\repository\org\mongodb\bson\3.6.0\bson-3.6.0.jar;C:\Users\Maryna Savchenko\.m2\repository\org\mongodb\mongodb-driver-core\3.6.0\mongodb-driver-core-3.6.0.jar;C:\Users\Maryna Savchenko\.m2\repository\org\springframework\data\spring-data-mongodb\2.0.7.RELEASE\spring-data-mongodb-2.0.7.RELEASE.jar;C:\Users\Maryna Savchenko\.m2\repository\org\springframework\spring-tx\5.0.6.RELEASE\spring-tx-5.0.6.RELEASE.jar;C:\Users\Maryna Savchenko\.m2\repository\org\springframework\data\spring-data-commons\2.0.7.RELEASE\spring-data-commons-2.0.7.RELEASE.jar;C:\Users\Maryna Savchenko\.m2\repository\org\springframework\boot\spring-boot-starter-actuator\2.0.2.RELEASE\spring-boot-starter-actuator-2.0.2.RELEASE.jar;C:\Users\Maryna Savchenko\.m2\repository\org\springframework\boot\spring-boot-actuator-autoconfigure\2.0.2.RELEASE\spring-boot-actuator-autoconfigure-2.0.2.RELEASE.jar;C:\Users\Maryna Savchenko\.m2\repository\org\springframework\boot\spring-boot-actuator\2.0.2.RELEASE\spring-boot-actuator-2.0.2.RELEASE.jar;C:\Users\Maryna Savchenko\.m2\repository\io\micrometer\micrometer-core\1.0.4\micrometer-core-1.0.4.jar;C:\Users\Maryna Savchenko\.m2\repository\org\hdrhistogram\HdrHistogram\2.1.10\HdrHistogram-2.1.10.jar;C:\Users\Maryna Savchenko\.m2\repository\org\latencyutils\LatencyUtils\2.0.3\LatencyUtils-2.0.3.jar;C:\Users\Maryna Savchenko\.m2\repository\org\springframework\boot\spring-boot-starter-security\2.0.2.RELEASE\spring-boot-starter-security-2.0.2.RELEASE.jar;C:\Users\Maryna Savchenko\.m2\repository\org\springframework\spring-aop\5.0.6.RELEASE\spring-aop-5.0.6.RELEASE.jar;C:\Users\Maryna Savchenko\.m2\repository\org\springframework\security\spring-security-config\5.0.5.RELEASE\spring-security-config-5.0.5.RELEASE.jar;C:\Users\Maryna Savchenko\.m2\repository\org\springframework\security\spring-security-web\5.0.5.RELEASE\spring-security-web-5.0.5.RELEASE.jar;C:\Users\Maryna Savchenko\.m2\repository\org\springframework\security\spring-security-test\5.0.5.RELEASE\spring-security-test-5.0.5.RELEASE.jar;C:\Users\Maryna Savchenko\.m2\repository\org\springframework\security\spring-security-core\5.0.5.RELEASE\spring-security-core-5.0.5.RELEASE.jar;C:\Users\Maryna Savchenko\.m2\repository\org\springframework\spring-core\5.0.6.RELEASE\spring-core-5.0.6.RELEASE.jar;C:\Users\Maryna Savchenko\.m2\repository\org\springframework\spring-jcl\5.0.6.RELEASE\spring-jcl-5.0.6.RELEASE.jar;C:\Users\Maryna Savchenko\.m2\repository\org\springframework\spring-test\5.0.6.RELEASE\spring-test-5.0.6.RELEASE.jar;C:\Users\Maryna Savchenko\.m2\repository\org\springframework\boot\spring-boot-devtools\2.0.2.RELEASE\spring-boot-devtools-2.0.2.RELEASE.jar;C:\Users\Maryna Savchenko\.m2\repository\org\springframework\boot\spring-boot\2.0.2.RELEASE\spring-boot-2.0.2.RELEASE.jar;C:\Users\Maryna Savchenko\.m2\repository\org\springframework\boot\spring-boot-autoconfigure\2.0.2.RELEASE\spring-boot-autoconfigure-2.0.2.RELEASE.jar;C:\Users\Maryna Savchenko\.m2\repository\org\springframework\boot\spring-boot-starter-test\2.0.2.RELEASE\spring-boot-starter-test-2.0.2.RELEASE.jar;C:\Users\Maryna Savchenko\.m2\repository\org\springframework\boot\spring-boot-test\2.0.2.RELEASE\spring-boot-test-2.0.2.RELEASE.jar;C:\Users\Maryna Savchenko\.m2\repository\org\springframework\boot\spring-boot-test-autoconfigure\2.0.2.RELEASE\spring-boot-test-autoconfigure-2.0.2.RELEASE.jar;C:\Users\Maryna Savchenko\.m2\repository\com\jayway\jsonpath\json-path\2.4.0\json-path-2.4.0.jar;C:\Users\Maryna Savchenko\.m2\repository\net\minidev\json-smart\2.3\json-smart-2.3.jar;C:\Users\Maryna Savchenko\.m2\repository\net\minidev\accessors-smart\1.2\accessors-smart-1.2.jar;C:\Users\Maryna Savchenko\.m2\repository\org\ow2\asm\asm\5.0.4\asm-5.0.4.jar;C:\Users\Maryna Savchenko\.m2\repository\org\assertj\assertj-core\3.9.1\assertj-core-3.9.1.jar;C:\Users\Maryna Savchenko\.m2\repository\org\mockito\mockito-core\2.15.0\mockito-core-2.15.0.jar;C:\Users\Maryna Savchenko\.m2\repository\net\bytebuddy\byte-buddy\1.7.11\byte-buddy-1.7.11.jar;C:\Users\Maryna Savchenko\.m2\repository\net\bytebuddy\byte-buddy-agent\1.7.11\byte-buddy-agent-1.7.11.jar;C:\Users\Maryna Savchenko\.m2\repository\org\objenesis\objenesis\2.6\objenesis-2.6.jar;C:\Users\Maryna Savchenko\.m2\repository\org\hamcrest\hamcrest-core\1.3\hamcrest-core-1.3.jar;C:\Users\Maryna Savchenko\.m2\repository\org\hamcrest\hamcrest-library\1.3\hamcrest-library-1.3.jar;C:\Users\Maryna Savchenko\.m2\repository\org\skyscreamer\jsonassert\1.5.0\jsonassert-1.5.0.jar;C:\Users\Maryna Savchenko\.m2\repository\com\vaadin\external\google\android-json\0.0.20131108.vaadin1\android-json-0.0.20131108.vaadin1.jar;C:\Users\Maryna Savchenko\.m2\repository\org\xmlunit\xmlunit-core\2.5.1\xmlunit-core-2.5.1.jar;C:\Users\Maryna Savchenko\.m2\repository\pl\pragmatists\JUnitParams\1.1.1\JUnitParams-1.1.1.jar;C:\Users\Maryna Savchenko\.m2\repository\org\apache\tomcat\embed\tomcat-embed-jasper\8.5.31\tomcat-embed-jasper-8.5.31.jar;C:\Users\Maryna Savchenko\.m2\repository\org\apache\tomcat\embed\tomcat-embed-core\8.5.31\tomcat-embed-core-8.5.31.jar;C:\Users\Maryna Savchenko\.m2\repository\org\apache\tomcat\tomcat-annotations-api\8.5.31\tomcat-annotations-api-8.5.31.jar;C:\Users\Maryna Savchenko\.m2\repository\org\apache\tomcat\embed\tomcat-embed-el\8.5.31\tomcat-embed-el-8.5.31.jar;C:\Users\Maryna Savchenko\.m2\repository\org\eclipse\jdt\ecj\3.12.3\ecj-3.12.3.jar;C:\Users\Maryna Savchenko\.m2\repository\junit\junit\4.12\junit-4.12.jar;C:\Users\Maryna Savchenko\.m2\repository\org\projectlombok\lombok\1.16.20\lombok-1.16.20.jar;C:\Users\Maryna Savchenko\.m2\repository\org\projectlombok\lombok-maven-plugin\1.16.20.0\lombok-maven-plugin-1.16.20.0.jar;C:\Users\Maryna Savchenko\.m2\repository\org\apache\commons\commons-lang3\3.7\commons-lang3-3.7.jar;C:\Users\Maryna Savchenko\.m2\repository\org\sonatype\plexus\plexus-build-api\0.0.7\plexus-build-api-0.0.7.jar;C:\Users\Maryna Savchenko\.m2\repository\org\codehaus\plexus\plexus-utils\1.5.8\plexus-utils-1.5.8.jar;"/>
    <property name="sun.cpu.endian" value="little"/>
    <property name="user.home" value="C:\Users\Maryna Savchenko"/>
    <property name="user.language" value="en"/>
    <property name="java.specification.vendor" value="Oracle Corporation"/>
    <property name="java.home" value="C:\Program Files\Java\jdk1.8.0_131\jre"/>
    <property name="basedir" value="E:\java\repos\JavaTutorAPI\javatutor"/>
    <property name="file.separator" value="\"/>
    <property name="line.separator" value="&#10;"/>
    <property name="java.vm.specification.vendor" value="Oracle Corporation"/>
    <property name="java.specification.name" value="Java Platform API Specification"/>
    <property name="java.awt.graphicsenv" value="sun.awt.Win32GraphicsEnvironment"/>
    <property name="surefire.real.class.path" value="C:\Users\MARYNA~1\AppData\Local\Temp\surefire1244754544745437156\surefirebooter7935569149334272143.jar"/>
    <property name="sun.boot.class.path" value="C:\Program Files\Java\jdk1.8.0_131\jre\lib\resources.jar;C:\Program Files\Java\jdk1.8.0_131\jre\lib\rt.jar;C:\Program Files\Java\jdk1.8.0_131\jre\lib\sunrsasign.jar;C:\Program Files\Java\jdk1.8.0_131\jre\lib\jsse.jar;C:\Program Files\Java\jdk1.8.0_131\jre\lib\jce.jar;C:\Program Files\Java\jdk1.8.0_131\jre\lib\charsets.jar;C:\Program Files\Java\jdk1.8.0_131\jre\lib\jfr.jar;C:\Program Files\Java\jdk1.8.0_131\jre\classes"/>
    <property name="user.script" value=""/>
    <property name="sun.management.compiler" value="HotSpot 64-Bit Tiered Compilers"/>
    <property name="java.runtime.version" value="1.8.0_131-b11"/>
    <property name="user.name" value="Maryna Savchenko"/>
    <property name="path.separator" value=";"/>
    <property name="os.version" value="10.0"/>
    <property name="java.endorsed.dirs" value="C:\Program Files\Java\jdk1.8.0_131\jre\lib\endorsed"/>
    <property name="java.runtime.name" value="Java(TM) SE Runtime Environment"/>
    <property name="file.encoding" value="Cp1252"/>
    <property name="java.vm.name" value="Java HotSpot(TM) 64-Bit Server VM"/>
    <property name="localRepository" value="C:\Users\Maryna Savchenko\.m2\repository"/>
    <property name="java.vendor.url.bug" value="http://bugreport.sun.com/bugreport/"/>
    <property name="java.io.tmpdir" value="C:\Users\MARYNA~1\AppData\Local\Temp\"/>
    <property name="java.version" value="1.8.0_131"/>
    <property name="user.dir" value="E:\java\repos\JavaTutorAPI\javatutor"/>
    <property name="os.arch" value="amd64"/>
    <property name="java.vm.specification.name" value="Java Virtual Machine Specification"/>
    <property name="java.awt.printerjob" value="sun.awt.windows.WPrinterJob"/>
    <property name="user.language.format" value="uk"/>
    <property name="sun.os.patch.level" value=""/>
    <property name="java.library.path" value="C:\Program Files\Java\jdk1.8.0_131\jre\bin;C:\WINDOWS\Sun\Java\bin;C:\WINDOWS\system32;C:\WINDOWS;C:\Users\Maryna Savchenko\bin;C:\Program Files\Git\mingw64\bin;C:\Program Files\Git\usr\local\bin;C:\Program Files\Git\usr\bin;C:\Program Files\Git\usr\bin;C:\Program Files\Git\mingw64\bin;C:\Program Files\Git\usr\bin;C:\Users\Maryna Savchenko\bin;C:\Program Files\Docker\Docker\Resources\bin;C:\ProgramData\Oracle\Java\javapath;C:\Program Files (x86)\Intel\TXE Components\TCS;C:\Program Files\Intel\TXE Components\TCS;C:\WINDOWS\system32;C:\WINDOWS;C:\WINDOWS\System32\Wbem;C:\WINDOWS\System32\WindowsPowerShell\v1.0;C:\Program Files\Intel\TXE Components\DAL;C:\Program Files (x86)\Intel\TXE Components\DAL;C:\Program Files\Intel\TXE Components\IPT;C:\Program Files (x86)\Intel\TXE Components\IPT;E:\java\apache-maven-3.5.0-bin\apache-maven-3.5.0\bin;C:\Program Files\Git\cmd;C:\Program Files\Java\jdk1.8.0_131\bin;C:\Program Files\MySQL\MySQL Utilities 1.6;C:\Program Files (x86)\bin;C:\Program Files (x86)\sbt\bin;C:\Program Files (x86)\Yarn\bin;C:\ProgramData\chocolatey\bin;C:\Program Files\nodejs;C:\Users\Maryna Savchenko\AppData\Local\Microsoft\WindowsApps;E:\java\spark-2.2.0-bin-hadoop2.7\bin;C:\Program Files\Java\jdk1.8.0_131\bin;C:\Program Files (x86)\sbt\bin;C:\winutils\bin;C:\Program Files\Docker Toolbox;C:\Users\Maryna Savchenko\AppData\Local\Yarn\bin;C:\Users\Maryna Savchenko\AppData\Roaming\npm;C:\Program Files\Git\usr\bin\vendor_perl;C:\Program Files\Git\usr\bin\core_perl;."/>
    <property name="java.vm.info" value="mixed mode"/>
    <property name="java.vendor" value="Oracle Corporation"/>
    <property name="java.vm.version" value="25.131-b11"/>
    <property name="java.ext.dirs" value="C:\Program Files\Java\jdk1.8.0_131\jre\lib\ext;C:\WINDOWS\Sun\Java\lib\ext"/>
    <property name="sun.io.unicode.encoding" value="UnicodeLittle"/>
    <property name="java.class.version" value="52.0"/>
  </properties>
  <testcase name="accessUnprotected" classname="pro.abacus.javatutor.SecurityIntegrationTest" time="1.245"/>
  <testcase name="loginUserAccessProtected" classname="pro.abacus.javatutor.SecurityIntegrationTest" time="17.548">
    <failure message="Authentication should not be null" type="java.lang.AssertionError">java.lang.AssertionError: Authentication should not be null
	at pro.abacus.javatutor.SecurityIntegrationTest.loginUserAccessProtected(SecurityIntegrationTest.java:66)
</failure>
    <system-out><![CDATA[10:44:08,036 DEBUG org.springframework.test.annotation.ProfileValueUtils:70 - Retrieved @ProfileValueSourceConfiguration [null] for test class [pro.abacus.javatutor.SecurityIntegrationTest]
10:44:08,036 DEBUG org.springframework.test.annotation.ProfileValueUtils:70 - Retrieved @ProfileValueSourceConfiguration [null] for test class [pro.abacus.javatutor.SecurityIntegrationTest]
10:44:08,036 DEBUG org.springframework.test.annotation.ProfileValueUtils:83 - Retrieved ProfileValueSource type [class org.springframework.test.annotation.SystemProfileValueSource] for class [pro.abacus.javatutor.SecurityIntegrationTest]
10:44:08,036 DEBUG org.springframework.test.annotation.ProfileValueUtils:83 - Retrieved ProfileValueSource type [class org.springframework.test.annotation.SystemProfileValueSource] for class [pro.abacus.javatutor.SecurityIntegrationTest]
10:44:08,037 TRACE org.springframework.test.context.TestContextManager:240 - prepareTestInstance(): instance [pro.abacus.javatutor.SecurityIntegrationTest@5ca86715]
10:44:08,037 TRACE org.springframework.test.context.TestContextManager:240 - prepareTestInstance(): instance [pro.abacus.javatutor.SecurityIntegrationTest@5ca86715]
10:44:08,038 DEBUG org.springframework.test.context.cache.DefaultCacheAwareContextLoaderDelegate:130 - Retrieved ApplicationContext from cache with key [[WebMergedContextConfiguration@1f5d7fd5 testClass = SecurityIntegrationTest, locations = '{}', classes = '{class pro.abacus.javatutor.JavaTutorApplication}', contextInitializerClasses = '[]', activeProfiles = '{}', propertySourceLocations = '{}', propertySourceProperties = '{org.springframework.boot.test.context.SpringBootTestContextBootstrapper=true}', contextCustomizers = set[[ImportsContextCustomizer@cf08c97 key = [org.springframework.boot.test.autoconfigure.web.servlet.MockMvcAutoConfiguration, org.springframework.boot.test.autoconfigure.web.servlet.MockMvcSecurityAutoConfiguration, org.springframework.boot.test.autoconfigure.web.servlet.MockMvcWebClientAutoConfiguration, org.springframework.boot.test.autoconfigure.web.servlet.MockMvcWebDriverAutoConfiguration]], org.springframework.boot.test.context.filter.ExcludeFilterContextCustomizer@290dbf45, org.springframework.boot.test.json.DuplicateJsonObjectContextCustomizerFactory$DuplicateJsonObjectContextCustomizer@69a10787, org.springframework.boot.test.mock.mockito.MockitoContextCustomizer@0, org.springframework.boot.test.web.client.TestRestTemplateContextCustomizer@712cfb63, org.springframework.boot.test.autoconfigure.properties.PropertyMappingContextCustomizer@e7e8512, org.springframework.boot.test.autoconfigure.web.servlet.WebDriverContextCustomizerFactory$Customizer@7f9fcf7f], resourceBasePath = 'src/main/webapp', contextLoader = 'org.springframework.boot.test.context.SpringBootContextLoader', parent = [null]]]
10:44:08,038 DEBUG org.springframework.test.context.cache.DefaultCacheAwareContextLoaderDelegate:130 - Retrieved ApplicationContext from cache with key [[WebMergedContextConfiguration@1f5d7fd5 testClass = SecurityIntegrationTest, locations = '{}', classes = '{class pro.abacus.javatutor.JavaTutorApplication}', contextInitializerClasses = '[]', activeProfiles = '{}', propertySourceLocations = '{}', propertySourceProperties = '{org.springframework.boot.test.context.SpringBootTestContextBootstrapper=true}', contextCustomizers = set[[ImportsContextCustomizer@cf08c97 key = [org.springframework.boot.test.autoconfigure.web.servlet.MockMvcAutoConfiguration, org.springframework.boot.test.autoconfigure.web.servlet.MockMvcSecurityAutoConfiguration, org.springframework.boot.test.autoconfigure.web.servlet.MockMvcWebClientAutoConfiguration, org.springframework.boot.test.autoconfigure.web.servlet.MockMvcWebDriverAutoConfiguration]], org.springframework.boot.test.context.filter.ExcludeFilterContextCustomizer@290dbf45, org.springframework.boot.test.json.DuplicateJsonObjectContextCustomizerFactory$DuplicateJsonObjectContextCustomizer@69a10787, org.springframework.boot.test.mock.mockito.MockitoContextCustomizer@0, org.springframework.boot.test.web.client.TestRestTemplateContextCustomizer@712cfb63, org.springframework.boot.test.autoconfigure.properties.PropertyMappingContextCustomizer@e7e8512, org.springframework.boot.test.autoconfigure.web.servlet.WebDriverContextCustomizerFactory$Customizer@7f9fcf7f], resourceBasePath = 'src/main/webapp', contextLoader = 'org.springframework.boot.test.context.SpringBootContextLoader', parent = [null]]]
10:44:08,038 DEBUG org.springframework.test.context.cache:290 - Spring test ApplicationContext cache statistics: [DefaultContextCache@1431267b size = 6, maxSize = 32, parentContextCount = 0, hitCount = 67, missCount = 6]
10:44:08,038 DEBUG org.springframework.test.context.cache:290 - Spring test ApplicationContext cache statistics: [DefaultContextCache@1431267b size = 6, maxSize = 32, parentContextCount = 0, hitCount = 67, missCount = 6]
10:44:08,039 DEBUG org.springframework.test.context.web.ServletTestExecutionListener:200 - Setting up MockHttpServletRequest, MockHttpServletResponse, ServletWebRequest, and RequestContextHolder for test context [DefaultTestContext@be616f0 testClass = SecurityIntegrationTest, testInstance = pro.abacus.javatutor.SecurityIntegrationTest@5ca86715, testMethod = [null], testException = [null], mergedContextConfiguration = [WebMergedContextConfiguration@1f5d7fd5 testClass = SecurityIntegrationTest, locations = '{}', classes = '{class pro.abacus.javatutor.JavaTutorApplication}', contextInitializerClasses = '[]', activeProfiles = '{}', propertySourceLocations = '{}', propertySourceProperties = '{org.springframework.boot.test.context.SpringBootTestContextBootstrapper=true}', contextCustomizers = set[[ImportsContextCustomizer@cf08c97 key = [org.springframework.boot.test.autoconfigure.web.servlet.MockMvcAutoConfiguration, org.springframework.boot.test.autoconfigure.web.servlet.MockMvcSecurityAutoConfiguration, org.springframework.boot.test.autoconfigure.web.servlet.MockMvcWebClientAutoConfiguration, org.springframework.boot.test.autoconfigure.web.servlet.MockMvcWebDriverAutoConfiguration]], org.springframework.boot.test.context.filter.ExcludeFilterContextCustomizer@290dbf45, org.springframework.boot.test.json.DuplicateJsonObjectContextCustomizerFactory$DuplicateJsonObjectContextCustomizer@69a10787, org.springframework.boot.test.mock.mockito.MockitoContextCustomizer@0, org.springframework.boot.test.web.client.TestRestTemplateContextCustomizer@712cfb63, org.springframework.boot.test.autoconfigure.properties.PropertyMappingContextCustomizer@e7e8512, org.springframework.boot.test.autoconfigure.web.servlet.WebDriverContextCustomizerFactory$Customizer@7f9fcf7f], resourceBasePath = 'src/main/webapp', contextLoader = 'org.springframework.boot.test.context.SpringBootContextLoader', parent = [null]], attributes = map['org.springframework.test.context.web.ServletTestExecutionListener.activateListener' -> true, 'org.springframework.test.context.support.DependencyInjectionTestExecutionListener.reinjectDependencies' -> true]].
10:44:08,039 DEBUG org.springframework.test.context.web.ServletTestExecutionListener:200 - Setting up MockHttpServletRequest, MockHttpServletResponse, ServletWebRequest, and RequestContextHolder for test context [DefaultTestContext@be616f0 testClass = SecurityIntegrationTest, testInstance = pro.abacus.javatutor.SecurityIntegrationTest@5ca86715, testMethod = [null], testException = [null], mergedContextConfiguration = [WebMergedContextConfiguration@1f5d7fd5 testClass = SecurityIntegrationTest, locations = '{}', classes = '{class pro.abacus.javatutor.JavaTutorApplication}', contextInitializerClasses = '[]', activeProfiles = '{}', propertySourceLocations = '{}', propertySourceProperties = '{org.springframework.boot.test.context.SpringBootTestContextBootstrapper=true}', contextCustomizers = set[[ImportsContextCustomizer@cf08c97 key = [org.springframework.boot.test.autoconfigure.web.servlet.MockMvcAutoConfiguration, org.springframework.boot.test.autoconfigure.web.servlet.MockMvcSecurityAutoConfiguration, org.springframework.boot.test.autoconfigure.web.servlet.MockMvcWebClientAutoConfiguration, org.springframework.boot.test.autoconfigure.web.servlet.MockMvcWebDriverAutoConfiguration]], org.springframework.boot.test.context.filter.ExcludeFilterContextCustomizer@290dbf45, org.springframework.boot.test.json.DuplicateJsonObjectContextCustomizerFactory$DuplicateJsonObjectContextCustomizer@69a10787, org.springframework.boot.test.mock.mockito.MockitoContextCustomizer@0, org.springframework.boot.test.web.client.TestRestTemplateContextCustomizer@712cfb63, org.springframework.boot.test.autoconfigure.properties.PropertyMappingContextCustomizer@e7e8512, org.springframework.boot.test.autoconfigure.web.servlet.WebDriverContextCustomizerFactory$Customizer@7f9fcf7f], resourceBasePath = 'src/main/webapp', contextLoader = 'org.springframework.boot.test.context.SpringBootContextLoader', parent = [null]], attributes = map['org.springframework.test.context.web.ServletTestExecutionListener.activateListener' -> true, 'org.springframework.test.context.support.DependencyInjectionTestExecutionListener.reinjectDependencies' -> true]].
10:44:08,040 DEBUG org.springframework.test.context.support.DependencyInjectionTestExecutionListener:81 - Performing dependency injection for test context [[DefaultTestContext@be616f0 testClass = SecurityIntegrationTest, testInstance = pro.abacus.javatutor.SecurityIntegrationTest@5ca86715, testMethod = [null], testException = [null], mergedContextConfiguration = [WebMergedContextConfiguration@1f5d7fd5 testClass = SecurityIntegrationTest, locations = '{}', classes = '{class pro.abacus.javatutor.JavaTutorApplication}', contextInitializerClasses = '[]', activeProfiles = '{}', propertySourceLocations = '{}', propertySourceProperties = '{org.springframework.boot.test.context.SpringBootTestContextBootstrapper=true}', contextCustomizers = set[[ImportsContextCustomizer@cf08c97 key = [org.springframework.boot.test.autoconfigure.web.servlet.MockMvcAutoConfiguration, org.springframework.boot.test.autoconfigure.web.servlet.MockMvcSecurityAutoConfiguration, org.springframework.boot.test.autoconfigure.web.servlet.MockMvcWebClientAutoConfiguration, org.springframework.boot.test.autoconfigure.web.servlet.MockMvcWebDriverAutoConfiguration]], org.springframework.boot.test.context.filter.ExcludeFilterContextCustomizer@290dbf45, org.springframework.boot.test.json.DuplicateJsonObjectContextCustomizerFactory$DuplicateJsonObjectContextCustomizer@69a10787, org.springframework.boot.test.mock.mockito.MockitoContextCustomizer@0, org.springframework.boot.test.web.client.TestRestTemplateContextCustomizer@712cfb63, org.springframework.boot.test.autoconfigure.properties.PropertyMappingContextCustomizer@e7e8512, org.springframework.boot.test.autoconfigure.web.servlet.WebDriverContextCustomizerFactory$Customizer@7f9fcf7f], resourceBasePath = 'src/main/webapp', contextLoader = 'org.springframework.boot.test.context.SpringBootContextLoader', parent = [null]], attributes = map['org.springframework.test.context.web.ServletTestExecutionListener.activateListener' -> true, 'org.springframework.test.context.web.ServletTestExecutionListener.populatedRequestContextHolder' -> true, 'org.springframework.test.context.web.ServletTestExecutionListener.resetRequestContextHolder' -> true, 'org.springframework.test.context.support.DependencyInjectionTestExecutionListener.reinjectDependencies' -> true]]].
10:44:08,040 DEBUG org.springframework.test.context.support.DependencyInjectionTestExecutionListener:81 - Performing dependency injection for test context [[DefaultTestContext@be616f0 testClass = SecurityIntegrationTest, testInstance = pro.abacus.javatutor.SecurityIntegrationTest@5ca86715, testMethod = [null], testException = [null], mergedContextConfiguration = [WebMergedContextConfiguration@1f5d7fd5 testClass = SecurityIntegrationTest, locations = '{}', classes = '{class pro.abacus.javatutor.JavaTutorApplication}', contextInitializerClasses = '[]', activeProfiles = '{}', propertySourceLocations = '{}', propertySourceProperties = '{org.springframework.boot.test.context.SpringBootTestContextBootstrapper=true}', contextCustomizers = set[[ImportsContextCustomizer@cf08c97 key = [org.springframework.boot.test.autoconfigure.web.servlet.MockMvcAutoConfiguration, org.springframework.boot.test.autoconfigure.web.servlet.MockMvcSecurityAutoConfiguration, org.springframework.boot.test.autoconfigure.web.servlet.MockMvcWebClientAutoConfiguration, org.springframework.boot.test.autoconfigure.web.servlet.MockMvcWebDriverAutoConfiguration]], org.springframework.boot.test.context.filter.ExcludeFilterContextCustomizer@290dbf45, org.springframework.boot.test.json.DuplicateJsonObjectContextCustomizerFactory$DuplicateJsonObjectContextCustomizer@69a10787, org.springframework.boot.test.mock.mockito.MockitoContextCustomizer@0, org.springframework.boot.test.web.client.TestRestTemplateContextCustomizer@712cfb63, org.springframework.boot.test.autoconfigure.properties.PropertyMappingContextCustomizer@e7e8512, org.springframework.boot.test.autoconfigure.web.servlet.WebDriverContextCustomizerFactory$Customizer@7f9fcf7f], resourceBasePath = 'src/main/webapp', contextLoader = 'org.springframework.boot.test.context.SpringBootContextLoader', parent = [null]], attributes = map['org.springframework.test.context.web.ServletTestExecutionListener.activateListener' -> true, 'org.springframework.test.context.web.ServletTestExecutionListener.populatedRequestContextHolder' -> true, 'org.springframework.test.context.web.ServletTestExecutionListener.resetRequestContextHolder' -> true, 'org.springframework.test.context.support.DependencyInjectionTestExecutionListener.reinjectDependencies' -> true]]].
10:44:08,041 DEBUG org.springframework.test.context.cache.DefaultCacheAwareContextLoaderDelegate:130 - Retrieved ApplicationContext from cache with key [[WebMergedContextConfiguration@1f5d7fd5 testClass = SecurityIntegrationTest, locations = '{}', classes = '{class pro.abacus.javatutor.JavaTutorApplication}', contextInitializerClasses = '[]', activeProfiles = '{}', propertySourceLocations = '{}', propertySourceProperties = '{org.springframework.boot.test.context.SpringBootTestContextBootstrapper=true}', contextCustomizers = set[[ImportsContextCustomizer@cf08c97 key = [org.springframework.boot.test.autoconfigure.web.servlet.MockMvcAutoConfiguration, org.springframework.boot.test.autoconfigure.web.servlet.MockMvcSecurityAutoConfiguration, org.springframework.boot.test.autoconfigure.web.servlet.MockMvcWebClientAutoConfiguration, org.springframework.boot.test.autoconfigure.web.servlet.MockMvcWebDriverAutoConfiguration]], org.springframework.boot.test.context.filter.ExcludeFilterContextCustomizer@290dbf45, org.springframework.boot.test.json.DuplicateJsonObjectContextCustomizerFactory$DuplicateJsonObjectContextCustomizer@69a10787, org.springframework.boot.test.mock.mockito.MockitoContextCustomizer@0, org.springframework.boot.test.web.client.TestRestTemplateContextCustomizer@712cfb63, org.springframework.boot.test.autoconfigure.properties.PropertyMappingContextCustomizer@e7e8512, org.springframework.boot.test.autoconfigure.web.servlet.WebDriverContextCustomizerFactory$Customizer@7f9fcf7f], resourceBasePath = 'src/main/webapp', contextLoader = 'org.springframework.boot.test.context.SpringBootContextLoader', parent = [null]]]
10:44:08,041 DEBUG org.springframework.test.context.cache.DefaultCacheAwareContextLoaderDelegate:130 - Retrieved ApplicationContext from cache with key [[WebMergedContextConfiguration@1f5d7fd5 testClass = SecurityIntegrationTest, locations = '{}', classes = '{class pro.abacus.javatutor.JavaTutorApplication}', contextInitializerClasses = '[]', activeProfiles = '{}', propertySourceLocations = '{}', propertySourceProperties = '{org.springframework.boot.test.context.SpringBootTestContextBootstrapper=true}', contextCustomizers = set[[ImportsContextCustomizer@cf08c97 key = [org.springframework.boot.test.autoconfigure.web.servlet.MockMvcAutoConfiguration, org.springframework.boot.test.autoconfigure.web.servlet.MockMvcSecurityAutoConfiguration, org.springframework.boot.test.autoconfigure.web.servlet.MockMvcWebClientAutoConfiguration, org.springframework.boot.test.autoconfigure.web.servlet.MockMvcWebDriverAutoConfiguration]], org.springframework.boot.test.context.filter.ExcludeFilterContextCustomizer@290dbf45, org.springframework.boot.test.json.DuplicateJsonObjectContextCustomizerFactory$DuplicateJsonObjectContextCustomizer@69a10787, org.springframework.boot.test.mock.mockito.MockitoContextCustomizer@0, org.springframework.boot.test.web.client.TestRestTemplateContextCustomizer@712cfb63, org.springframework.boot.test.autoconfigure.properties.PropertyMappingContextCustomizer@e7e8512, org.springframework.boot.test.autoconfigure.web.servlet.WebDriverContextCustomizerFactory$Customizer@7f9fcf7f], resourceBasePath = 'src/main/webapp', contextLoader = 'org.springframework.boot.test.context.SpringBootContextLoader', parent = [null]]]
10:44:08,041 DEBUG org.springframework.test.context.cache:290 - Spring test ApplicationContext cache statistics: [DefaultContextCache@1431267b size = 6, maxSize = 32, parentContextCount = 0, hitCount = 68, missCount = 6]
10:44:08,041 DEBUG org.springframework.test.context.cache:290 - Spring test ApplicationContext cache statistics: [DefaultContextCache@1431267b size = 6, maxSize = 32, parentContextCount = 0, hitCount = 68, missCount = 6]
10:44:08,042 DEBUG org.springframework.beans.factory.annotation.InjectionMetadata:89 - Processing injected element of bean 'pro.abacus.javatutor.SecurityIntegrationTest': AutowiredFieldElement for private org.springframework.test.web.servlet.MockMvc pro.abacus.javatutor.SecurityIntegrationTest.mockMvc
10:44:08,042 DEBUG org.springframework.beans.factory.annotation.InjectionMetadata:89 - Processing injected element of bean 'pro.abacus.javatutor.SecurityIntegrationTest': AutowiredFieldElement for private org.springframework.test.web.servlet.MockMvc pro.abacus.javatutor.SecurityIntegrationTest.mockMvc
10:44:08,042 DEBUG org.springframework.beans.factory.support.DefaultListableBeanFactory:254 - Returning cached instance of singleton bean 'mockMvc'
10:44:08,042 DEBUG org.springframework.beans.factory.support.DefaultListableBeanFactory:254 - Returning cached instance of singleton bean 'mockMvc'
10:44:08,045 TRACE org.springframework.test.context.TestContextManager:512 - beforeTestMethod(): instance [pro.abacus.javatutor.SecurityIntegrationTest@5ca86715], method [public void pro.abacus.javatutor.SecurityIntegrationTest.loginUserAccessProtected() throws java.lang.Exception]
10:44:08,045 TRACE org.springframework.test.context.TestContextManager:512 - beforeTestMethod(): instance [pro.abacus.javatutor.SecurityIntegrationTest@5ca86715], method [public void pro.abacus.javatutor.SecurityIntegrationTest.loginUserAccessProtected() throws java.lang.Exception]
10:44:08,048 DEBUG org.springframework.test.context.support.AbstractDirtiesContextTestExecutionListener:107 - Before test method: context [DefaultTestContext@be616f0 testClass = SecurityIntegrationTest, testInstance = pro.abacus.javatutor.SecurityIntegrationTest@5ca86715, testMethod = loginUserAccessProtected@SecurityIntegrationTest, testException = [null], mergedContextConfiguration = [WebMergedContextConfiguration@1f5d7fd5 testClass = SecurityIntegrationTest, locations = '{}', classes = '{class pro.abacus.javatutor.JavaTutorApplication}', contextInitializerClasses = '[]', activeProfiles = '{}', propertySourceLocations = '{}', propertySourceProperties = '{org.springframework.boot.test.context.SpringBootTestContextBootstrapper=true}', contextCustomizers = set[[ImportsContextCustomizer@cf08c97 key = [org.springframework.boot.test.autoconfigure.web.servlet.MockMvcAutoConfiguration, org.springframework.boot.test.autoconfigure.web.servlet.MockMvcSecurityAutoConfiguration, org.springframework.boot.test.autoconfigure.web.servlet.MockMvcWebClientAutoConfiguration, org.springframework.boot.test.autoconfigure.web.servlet.MockMvcWebDriverAutoConfiguration]], org.springframework.boot.test.context.filter.ExcludeFilterContextCustomizer@290dbf45, org.springframework.boot.test.json.DuplicateJsonObjectContextCustomizerFactory$DuplicateJsonObjectContextCustomizer@69a10787, org.springframework.boot.test.mock.mockito.MockitoContextCustomizer@0, org.springframework.boot.test.web.client.TestRestTemplateContextCustomizer@712cfb63, org.springframework.boot.test.autoconfigure.properties.PropertyMappingContextCustomizer@e7e8512, org.springframework.boot.test.autoconfigure.web.servlet.WebDriverContextCustomizerFactory$Customizer@7f9fcf7f], resourceBasePath = 'src/main/webapp', contextLoader = 'org.springframework.boot.test.context.SpringBootContextLoader', parent = [null]], attributes = map['org.springframework.test.context.web.ServletTestExecutionListener.activateListener' -> true, 'org.springframework.test.context.web.ServletTestExecutionListener.populatedRequestContextHolder' -> true, 'org.springframework.test.context.web.ServletTestExecutionListener.resetRequestContextHolder' -> true]], class annotated with @DirtiesContext [false] with mode [null], method annotated with @DirtiesContext [false] with mode [null].
10:44:08,048 DEBUG org.springframework.test.context.support.AbstractDirtiesContextTestExecutionListener:107 - Before test method: context [DefaultTestContext@be616f0 testClass = SecurityIntegrationTest, testInstance = pro.abacus.javatutor.SecurityIntegrationTest@5ca86715, testMethod = loginUserAccessProtected@SecurityIntegrationTest, testException = [null], mergedContextConfiguration = [WebMergedContextConfiguration@1f5d7fd5 testClass = SecurityIntegrationTest, locations = '{}', classes = '{class pro.abacus.javatutor.JavaTutorApplication}', contextInitializerClasses = '[]', activeProfiles = '{}', propertySourceLocations = '{}', propertySourceProperties = '{org.springframework.boot.test.context.SpringBootTestContextBootstrapper=true}', contextCustomizers = set[[ImportsContextCustomizer@cf08c97 key = [org.springframework.boot.test.autoconfigure.web.servlet.MockMvcAutoConfiguration, org.springframework.boot.test.autoconfigure.web.servlet.MockMvcSecurityAutoConfiguration, org.springframework.boot.test.autoconfigure.web.servlet.MockMvcWebClientAutoConfiguration, org.springframework.boot.test.autoconfigure.web.servlet.MockMvcWebDriverAutoConfiguration]], org.springframework.boot.test.context.filter.ExcludeFilterContextCustomizer@290dbf45, org.springframework.boot.test.json.DuplicateJsonObjectContextCustomizerFactory$DuplicateJsonObjectContextCustomizer@69a10787, org.springframework.boot.test.mock.mockito.MockitoContextCustomizer@0, org.springframework.boot.test.web.client.TestRestTemplateContextCustomizer@712cfb63, org.springframework.boot.test.autoconfigure.properties.PropertyMappingContextCustomizer@e7e8512, org.springframework.boot.test.autoconfigure.web.servlet.WebDriverContextCustomizerFactory$Customizer@7f9fcf7f], resourceBasePath = 'src/main/webapp', contextLoader = 'org.springframework.boot.test.context.SpringBootContextLoader', parent = [null]], attributes = map['org.springframework.test.context.web.ServletTestExecutionListener.activateListener' -> true, 'org.springframework.test.context.web.ServletTestExecutionListener.populatedRequestContextHolder' -> true, 'org.springframework.test.context.web.ServletTestExecutionListener.resetRequestContextHolder' -> true]], class annotated with @DirtiesContext [false] with mode [null], method annotated with @DirtiesContext [false] with mode [null].
10:44:08,051 DEBUG org.springframework.test.context.cache.DefaultCacheAwareContextLoaderDelegate:130 - Retrieved ApplicationContext from cache with key [[WebMergedContextConfiguration@1f5d7fd5 testClass = SecurityIntegrationTest, locations = '{}', classes = '{class pro.abacus.javatutor.JavaTutorApplication}', contextInitializerClasses = '[]', activeProfiles = '{}', propertySourceLocations = '{}', propertySourceProperties = '{org.springframework.boot.test.context.SpringBootTestContextBootstrapper=true}', contextCustomizers = set[[ImportsContextCustomizer@cf08c97 key = [org.springframework.boot.test.autoconfigure.web.servlet.MockMvcAutoConfiguration, org.springframework.boot.test.autoconfigure.web.servlet.MockMvcSecurityAutoConfiguration, org.springframework.boot.test.autoconfigure.web.servlet.MockMvcWebClientAutoConfiguration, org.springframework.boot.test.autoconfigure.web.servlet.MockMvcWebDriverAutoConfiguration]], org.springframework.boot.test.context.filter.ExcludeFilterContextCustomizer@290dbf45, org.springframework.boot.test.json.DuplicateJsonObjectContextCustomizerFactory$DuplicateJsonObjectContextCustomizer@69a10787, org.springframework.boot.test.mock.mockito.MockitoContextCustomizer@0, org.springframework.boot.test.web.client.TestRestTemplateContextCustomizer@712cfb63, org.springframework.boot.test.autoconfigure.properties.PropertyMappingContextCustomizer@e7e8512, org.springframework.boot.test.autoconfigure.web.servlet.WebDriverContextCustomizerFactory$Customizer@7f9fcf7f], resourceBasePath = 'src/main/webapp', contextLoader = 'org.springframework.boot.test.context.SpringBootContextLoader', parent = [null]]]
10:44:08,051 DEBUG org.springframework.test.context.cache.DefaultCacheAwareContextLoaderDelegate:130 - Retrieved ApplicationContext from cache with key [[WebMergedContextConfiguration@1f5d7fd5 testClass = SecurityIntegrationTest, locations = '{}', classes = '{class pro.abacus.javatutor.JavaTutorApplication}', contextInitializerClasses = '[]', activeProfiles = '{}', propertySourceLocations = '{}', propertySourceProperties = '{org.springframework.boot.test.context.SpringBootTestContextBootstrapper=true}', contextCustomizers = set[[ImportsContextCustomizer@cf08c97 key = [org.springframework.boot.test.autoconfigure.web.servlet.MockMvcAutoConfiguration, org.springframework.boot.test.autoconfigure.web.servlet.MockMvcSecurityAutoConfiguration, org.springframework.boot.test.autoconfigure.web.servlet.MockMvcWebClientAutoConfiguration, org.springframework.boot.test.autoconfigure.web.servlet.MockMvcWebDriverAutoConfiguration]], org.springframework.boot.test.context.filter.ExcludeFilterContextCustomizer@290dbf45, org.springframework.boot.test.json.DuplicateJsonObjectContextCustomizerFactory$DuplicateJsonObjectContextCustomizer@69a10787, org.springframework.boot.test.mock.mockito.MockitoContextCustomizer@0, org.springframework.boot.test.web.client.TestRestTemplateContextCustomizer@712cfb63, org.springframework.boot.test.autoconfigure.properties.PropertyMappingContextCustomizer@e7e8512, org.springframework.boot.test.autoconfigure.web.servlet.WebDriverContextCustomizerFactory$Customizer@7f9fcf7f], resourceBasePath = 'src/main/webapp', contextLoader = 'org.springframework.boot.test.context.SpringBootContextLoader', parent = [null]]]
10:44:08,051 DEBUG org.springframework.test.context.cache:290 - Spring test ApplicationContext cache statistics: [DefaultContextCache@1431267b size = 6, maxSize = 32, parentContextCount = 0, hitCount = 69, missCount = 6]
10:44:08,051 DEBUG org.springframework.test.context.cache:290 - Spring test ApplicationContext cache statistics: [DefaultContextCache@1431267b size = 6, maxSize = 32, parentContextCount = 0, hitCount = 69, missCount = 6]
10:44:08,053 DEBUG org.springframework.beans.factory.support.DefaultListableBeanFactory:254 - Returning cached instance of singleton bean 'org.springframework.boot.test.mock.mockito.MockitoBeans'
10:44:08,053 DEBUG org.springframework.beans.factory.support.DefaultListableBeanFactory:254 - Returning cached instance of singleton bean 'org.springframework.boot.test.mock.mockito.MockitoBeans'
10:44:08,055 TRACE org.springframework.test.context.TestContextManager:512 - beforeTestExecution(): instance [pro.abacus.javatutor.SecurityIntegrationTest@5ca86715], method [public void pro.abacus.javatutor.SecurityIntegrationTest.loginUserAccessProtected() throws java.lang.Exception]
10:44:08,055 TRACE org.springframework.test.context.TestContextManager:512 - beforeTestExecution(): instance [pro.abacus.javatutor.SecurityIntegrationTest@5ca86715], method [public void pro.abacus.javatutor.SecurityIntegrationTest.loginUserAccessProtected() throws java.lang.Exception]
10:44:08,069 TRACE org.springframework.beans.factory.support.DefaultListableBeanFactory:684 - No bean named 'flashMapManager' found in org.springframework.beans.factory.support.DefaultListableBeanFactory@839755f: defining beans [org.springframework.context.annotation.internalConfigurationAnnotationProcessor,org.springframework.context.annotation.internalAutowiredAnnotationProcessor,org.springframework.context.annotation.internalRequiredAnnotationProcessor,org.springframework.context.annotation.internalCommonAnnotationProcessor,org.springframework.context.event.internalEventListenerProcessor,org.springframework.context.event.internalEventListenerFactory,org.springframework.boot.test.context.ImportsContextCustomizer$ImportsCleanupPostProcessor,org.springframework.boot.test.mock.mockito.MockitoPostProcessor$SpyPostProcessor,org.springframework.boot.test.mock.mockito.MockitoPostProcessor,javaTutorApplication,org.springframework.boot.autoconfigure.internalCachingMetadataReaderFactory,questionRestController,registrationController,databaseConfiguration,userDetailsServiceImpl,securityConfiguration,javaQuestionsServiceImpl,userServiceImpl,org.springframework.boot.autoconfigure.condition.BeanTypeRegistry,org.springframework.boot.autoconfigure.mongo.MongoAutoConfiguration,mongo,spring.data.mongodb-org.springframework.boot.autoconfigure.mongo.MongoProperties,org.springframework.boot.context.properties.ConfigurationPropertiesBindingPostProcessor,org.springframework.boot.context.properties.ConfigurationBeanFactoryMetadata,validatingMongoEventListener,validator,org.springframework.data.mongodb.repository.config.MongoRepositoryConfigurationExtension#0,mongoMappingContext,userRepository,authorityRepository,javaQuestionRepository,org.springframework.security.config.annotation.configuration.ObjectPostProcessorConfiguration,objectPostProcessor,org.springframework.security.config.annotation.authentication.configuration.AuthenticationConfiguration,authenticationManagerBuilder,enableGlobalAuthenticationAutowiredConfigurer,initializeUserDetailsBeanManagerConfigurer,initializeAuthenticationProviderBeanManagerConfigurer,org.springframework.security.config.annotation.web.configuration.WebSecurityConfiguration,delegatingApplicationListener,webSecurityExpressionHandler,springSecurityFilterChain,privilegeEvaluator,autowiredWebSecurityConfigurersIgnoreParents,org.springframework.security.config.annotation.web.configuration.WebMvcSecurityConfiguration,requestDataValueProcessor,org.springframework.security.config.annotation.method.configuration.GlobalMethodSecurityConfiguration,methodSecurityInterceptor,methodSecurityMetadataSource,preInvocationAuthorizationAdvice,authSuccessHandler,authFailureHandler,logoutSuccessHandlerImpl,bCryptPasswordEncoder,corsConfigurationSource,metaDataSourceAdvisor,org.springframework.aop.config.internalAutoProxyCreator,org.springframework.boot.autoconfigure.AutoConfigurationPackages,org.springframework.boot.autoconfigure.context.PropertyPlaceholderAutoConfiguration,propertySourcesPlaceholderConfigurer,org.springframework.boot.autoconfigure.websocket.servlet.WebSocketServletAutoConfiguration$TomcatWebSocketConfiguration,websocketContainerCustomizer,org.springframework.boot.autoconfigure.websocket.servlet.WebSocketServletAutoConfiguration,org.springframework.boot.autoconfigure.web.servlet.ServletWebServerFactoryConfiguration$EmbeddedTomcat,tomcatServletWebServerFactory,org.springframework.boot.autoconfigure.web.servlet.ServletWebServerFactoryAutoConfiguration,servletWebServerFactoryCustomizer,tomcatServletWebServerFactoryCustomizer,server-org.springframework.boot.autoconfigure.web.ServerProperties,webServerFactoryCustomizerBeanPostProcessor,errorPageRegistrarBeanPostProcessor,org.springframework.boot.autoconfigure.web.servlet.DispatcherServletAutoConfiguration$DispatcherServletConfiguration,dispatcherServlet,mainDispatcherServletPathProvider,spring.mvc-org.springframework.boot.autoconfigure.web.servlet.WebMvcProperties,org.springframework.boot.autoconfigure.web.servlet.DispatcherServletAutoConfiguration$DispatcherServletRegistrationConfiguration,dispatcherServletRegistration,org.springframework.boot.autoconfigure.web.servlet.DispatcherServletAutoConfiguration,org.springframework.boot.autoconfigure.validation.ValidationAutoConfiguration,methodValidationPostProcessor,org.springframework.boot.autoconfigure.web.servlet.error.ErrorMvcAutoConfiguration$WhitelabelErrorViewConfiguration,error,beanNameViewResolver,org.springframework.boot.autoconfigure.web.servlet.error.ErrorMvcAutoConfiguration$DefaultErrorViewResolverConfiguration,conventionErrorViewResolver,org.springframework.boot.autoconfigure.web.servlet.error.ErrorMvcAutoConfiguration,errorAttributes,basicErrorController,errorPageCustomizer,preserveErrorControllerTargetClassPostProcessor,spring.resources-org.springframework.boot.autoconfigure.web.ResourceProperties,org.springframework.boot.autoconfigure.web.servlet.WebMvcAutoConfiguration$WebMvcAutoConfigurationAdapter$FaviconConfiguration,faviconHandlerMapping,faviconRequestHandler,org.springframework.boot.autoconfigure.web.servlet.WebMvcAutoConfiguration$EnableWebMvcConfiguration,requestMappingHandlerAdapter,requestMappingHandlerMapping,mvcConversionService,mvcValidator,mvcContentNegotiationManager,mvcPathMatcher,mvcUrlPathHelper,viewControllerHandlerMapping,beanNameHandlerMapping,resourceHandlerMapping,mvcResourceUrlProvider,defaultServletHandlerMapping,mvcUriComponentsContributor,httpRequestHandlerAdapter,simpleControllerHandlerAdapter,handlerExceptionResolver,mvcViewResolver,mvcHandlerMappingIntrospector,org.springframework.boot.autoconfigure.web.servlet.WebMvcAutoConfiguration$WebMvcAutoConfigurationAdapter,defaultViewResolver,viewResolver,welcomePageHandlerMapping,requestContextFilter,org.springframework.boot.autoconfigure.web.servlet.WebMvcAutoConfiguration,hiddenHttpMethodFilter,httpPutFormContentFilter,org.springframework.boot.actuate.autoconfigure.audit.AuditAutoConfiguration$AuditEventRepositoryConfiguration,auditEventRepository,org.springframework.boot.actuate.autoconfigure.audit.AuditAutoConfiguration,auditListener,authenticationAuditListener,authorizationAuditListener,org.springframework.boot.actuate.autoconfigure.audit.AuditEventsEndpointAutoConfiguration,auditEventsEndpoint,org.springframework.boot.actuate.autoconfigure.beans.BeansEndpointAutoConfiguration,beansEndpoint,org.springframework.boot.actuate.autoconfigure.system.DiskSpaceHealthIndicatorAutoConfiguration,diskSpaceHealthIndicator,diskSpaceHealthIndicatorProperties,org.springframework.boot.autoconfigure.data.mongo.MongoDataAutoConfiguration,mongoDbFactory,mongoTemplate,mappingMongoConverter,gridFsTemplate,mongoCustomConversions,org.springframework.boot.actuate.autoconfigure.mongo.MongoHealthIndicatorConfiguration,mongoHealthIndicator,org.springframework.boot.actuate.autoconfigure.mongo.MongoHealthIndicatorAutoConfiguration,org.springframework.boot.actuate.autoconfigure.redis.RedisHealthIndicatorAutoConfiguration,org.springframework.boot.actuate.autoconfigure.elasticsearch.ElasticsearchHealthIndicatorAutoConfiguration,org.springframework.boot.actuate.autoconfigure.health.HealthIndicatorAutoConfiguration,healthAggregator,management.health.status-org.springframework.boot.actuate.autoconfigure.health.HealthIndicatorProperties,org.springframework.boot.actuate.autoconfigure.health.HealthEndpointConfiguration,healthEndpoint,org.springframework.boot.actuate.autoconfigure.health.HealthEndpointWebExtensionConfiguration$ServletWebHealthConfiguration,healthEndpointWebExtension,org.springframework.boot.actuate.autoconfigure.health.HealthEndpointWebExtensionConfiguration,createHealthStatusHttpMapper,healthWebEndpointResponseMapper,org.springframework.boot.actuate.autoconfigure.health.HealthEndpointAutoConfiguration,management.endpoint.health-org.springframework.boot.actuate.autoconfigure.health.HealthEndpointProperties,org.springframework.boot.actuate.autoconfigure.web.servlet.ServletManagementContextAutoConfiguration,servletWebChildContextFactory,managementServletContext,org.springframework.boot.actuate.autoconfigure.condition.ConditionsReportEndpointAutoConfiguration,conditionsReportEndpoint,org.springframework.boot.actuate.autoconfigure.context.ShutdownEndpointAutoConfiguration,org.springframework.boot.actuate.autoconfigure.context.properties.ConfigurationPropertiesReportEndpointAutoConfiguration,configurationPropertiesReportEndpoint,management.endpoint.configprops-org.springframework.boot.actuate.autoconfigure.context.properties.ConfigurationPropertiesReportEndpointProperties,org.springframework.boot.actuate.autoconfigure.endpoint.EndpointAutoConfiguration,endpointOperationParameterMapper,endpointCachingOperationInvokerAdvisor,org.springframework.boot.actuate.autoconfigure.endpoint.jmx.JmxEndpointAutoConfiguration,jmxAnnotationEndpointDiscoverer,jmxIncludeExcludePropertyEndpointFilter,management.endpoints.jmx-org.springframework.boot.actuate.autoconfigure.endpoint.jmx.JmxEndpointProperties,org.springframework.boot.actuate.autoconfigure.endpoint.web.WebEndpointAutoConfiguration$WebEndpointServletConfiguration,servletEndpointDiscoverer,org.springframework.boot.actuate.autoconfigure.endpoint.web.WebEndpointAutoConfiguration,webEndpointPathMapper,endpointMediaTypes,webEndpointDiscoverer,controllerEndpointDiscoverer,pathMappedEndpoints,webExposeExcludePropertyEndpointFilter,controllerExposeExcludePropertyEndpointFilter,management.endpoints.web-org.springframework.boot.actuate.autoconfigure.endpoint.web.WebEndpointProperties,org.springframework.boot.actuate.autoconfigure.env.EnvironmentEndpointAutoConfiguration,environmentEndpoint,environmentEndpointWebExtension,management.endpoint.env-org.springframework.boot.actuate.autoconfigure.env.EnvironmentEndpointProperties,org.springframework.boot.autoconfigure.info.ProjectInfoAutoConfiguration,spring.info-org.springframework.boot.autoconfigure.info.ProjectInfoProperties,org.springframework.boot.actuate.autoconfigure.info.InfoContributorAutoConfiguration,envInfoContributor,management.info-org.springframework.boot.actuate.autoconfigure.info.InfoContributorProperties,org.springframework.boot.actuate.autoconfigure.info.InfoEndpointAutoConfiguration,infoEndpoint,org.springframework.boot.actuate.autoconfigure.logging.LogFileWebEndpointAutoConfiguration,management.endpoint.logfile-org.springframework.boot.actuate.autoconfigure.logging.LogFileWebEndpointProperties,org.springframework.boot.actuate.autoconfigure.logging.LoggersEndpointAutoConfiguration,loggersEndpoint,org.springframework.boot.actuate.autoconfigure.management.HeapDumpWebEndpointAutoConfiguration,heapDumpWebEndpoint,org.springframework.boot.actuate.autoconfigure.management.ThreadDumpEndpointAutoConfiguration,dumpEndpoint,org.springframework.boot.actuate.autoconfigure.metrics.MetricsAutoConfiguration$MeterBindersConfiguration,uptimeMetrics,processorMetrics,fileDescriptorMetrics,org.springframework.boot.actuate.autoconfigure.metrics.MetricsAutoConfiguration$JvmMeterBindersConfiguration,jvmGcMetrics,jvmMemoryMetrics,jvmThreadMetrics,classLoaderMetrics,org.springframework.boot.actuate.autoconfigure.metrics.MetricsAutoConfiguration,micrometerClock,meterRegistryPostProcessor,propertiesMeterFilter,management.metrics-org.springframework.boot.actuate.autoconfigure.metrics.MetricsProperties,org.springframework.boot.actuate.autoconfigure.metrics.export.simple.SimpleMetricsExportAutoConfiguration,simpleMeterRegistry,simpleConfig,management.metrics.export.simple-org.springframework.boot.actuate.autoconfigure.metrics.export.simple.SimpleProperties,org.springframework.boot.actuate.autoconfigure.metrics.CompositeMeterRegistryAutoConfiguration,org.springframework.boot.actuate.autoconfigure.metrics.MetricsEndpointAutoConfiguration,metricsEndpoint,org.springframework.boot.autoconfigure.jackson.JacksonAutoConfiguration$Jackson2ObjectMapperBuilderCustomizerConfiguration,standardJacksonObjectMapperBuilderCustomizer,spring.jackson-org.springframework.boot.autoconfigure.jackson.JacksonProperties,org.springframework.boot.autoconfigure.jackson.JacksonAutoConfiguration$JacksonObjectMapperBuilderConfiguration,jacksonObjectMapperBuilder,org.springframework.boot.autoconfigure.jackson.JacksonAutoConfiguration$ParameterNamesModuleConfiguration,parameterNamesModule,org.springframework.boot.autoconfigure.jackson.JacksonAutoConfiguration$JacksonObjectMapperConfiguration,jacksonObjectMapper,org.springframework.boot.autoconfigure.jackson.JacksonAutoConfiguration,jsonComponentModule,org.springframework.boot.autoconfigure.http.HttpMessageConvertersAutoConfiguration$StringHttpMessageConverterConfiguration,stringHttpMessageConverter,spring.http.encoding-org.springframework.boot.autoconfigure.http.HttpEncodingProperties,org.springframework.boot.autoconfigure.http.JacksonHttpMessageConvertersConfiguration$MappingJackson2HttpMessageConverterConfiguration,mappingJackson2HttpMessageConverter,org.springframework.boot.autoconfigure.http.JacksonHttpMessageConvertersConfiguration,org.springframework.boot.autoconfigure.http.HttpMessageConvertersAutoConfiguration,messageConverters,org.springframework.boot.autoconfigure.web.client.RestTemplateAutoConfiguration,restTemplateBuilder,org.springframework.boot.actuate.autoconfigure.metrics.web.client.RestTemplateMetricsAutoConfiguration,restTemplateTagConfigurer,metricsRestTemplateCustomizer,metricsWebClientUriTagFilter,org.springframework.boot.actuate.autoconfigure.metrics.web.servlet.WebMvcMetricsAutoConfiguration,webMvcTagsProvider,webMvcMetricsFilter,org.springframework.boot.actuate.autoconfigure.metrics.web.tomcat.TomcatMetricsAutoConfiguration,tomcatMetrics,contextCapturingServletTomcatCustomizer,org.springframework.boot.actuate.autoconfigure.scheduling.ScheduledTasksEndpointAutoConfiguration,scheduledTasksEndpoint,org.springframework.boot.actuate.autoconfigure.trace.http.HttpTraceAutoConfiguration$ServletTraceFilterConfiguration,httpTraceFilter,org.springframework.boot.actuate.autoconfigure.trace.http.HttpTraceAutoConfiguration,traceRepository,httpExchangeTracer,management.trace.http-org.springframework.boot.actuate.autoconfigure.trace.http.HttpTraceProperties,org.springframework.boot.actuate.autoconfigure.trace.http.HttpTraceEndpointAutoConfiguration,httpTraceEndpoint,org.springframework.boot.actuate.autoconfigure.web.mappings.MappingsEndpointAutoConfiguration$ServletWebConfiguration$SpringMvcConfiguration,dispatcherServletMappingDescriptionProvider,org.springframework.boot.actuate.autoconfigure.web.mappings.MappingsEndpointAutoConfiguration$ServletWebConfiguration,servletMappingDescriptionProvider,filterMappingDescriptionProvider,org.springframework.boot.actuate.autoconfigure.web.mappings.MappingsEndpointAutoConfiguration,mappingsEndpoint,org.springframework.boot.autoconfigure.context.ConfigurationPropertiesAutoConfiguration,org.springframework.boot.autoconfigure.dao.PersistenceExceptionTranslationAutoConfiguration,persistenceExceptionTranslationPostProcessor,org.springframework.data.web.config.ProjectingArgumentResolverRegistrar,projectingArgumentResolverBeanPostProcessor,org.springframework.data.web.config.SpringDataWebConfiguration,pageableResolver,sortResolver,org.springframework.data.mongodb.config.GeoJsonConfiguration,geoJsonModule,org.springframework.data.web.config.SpringDataJacksonConfiguration,jacksonGeoModule,org.springframework.boot.autoconfigure.data.web.SpringDataWebAutoConfiguration,pageableCustomizer,sortCustomizer,spring.data.web-org.springframework.boot.autoconfigure.data.web.SpringDataWebProperties,org.springframework.boot.autoconfigure.http.codec.CodecsAutoConfiguration$JacksonCodecConfiguration,jacksonCodecCustomizer,org.springframework.boot.autoconfigure.http.codec.CodecsAutoConfiguration,org.springframework.boot.autoconfigure.security.reactive.ReactiveSecurityAutoConfiguration,spring.security-org.springframework.boot.autoconfigure.security.SecurityProperties,org.springframework.boot.autoconfigure.security.servlet.SecurityAutoConfiguration,authenticationEventPublisher,org.springframework.boot.autoconfigure.security.servlet.SecurityFilterAutoConfiguration,securityFilterChainRegistration,org.springframework.boot.autoconfigure.transaction.TransactionAutoConfiguration,platformTransactionManagerCustomizers,spring.transaction-org.springframework.boot.autoconfigure.transaction.TransactionProperties,org.springframework.boot.autoconfigure.web.embedded.EmbeddedWebServerFactoryCustomizerAutoConfiguration$TomcatWebServerFactoryCustomizerConfiguration,tomcatWebServerFactoryCustomizer,org.springframework.boot.autoconfigure.web.embedded.EmbeddedWebServerFactoryCustomizerAutoConfiguration,org.springframework.boot.autoconfigure.web.servlet.HttpEncodingAutoConfiguration,characterEncodingFilter,localeCharsetMappingsCustomizer,org.springframework.boot.autoconfigure.web.servlet.MultipartAutoConfiguration,multipartConfigElement,multipartResolver,spring.servlet.multipart-org.springframework.boot.autoconfigure.web.servlet.MultipartProperties,org.springframework.boot.test.autoconfigure.web.servlet.MockMvcAutoConfiguration,mockMvcBuilder,springBootMockMvcBuilderCustomizer,mockMvc,org.springframework.boot.test.autoconfigure.web.servlet.MockMvcSecurityConfiguration,securityMockMvcBuilderCustomizer,org.springframework.boot.test.autoconfigure.web.servlet.MockMvcSecurityAutoConfiguration,org.springframework.boot.actuate.autoconfigure.endpoint.web.ServletEndpointManagementContextConfiguration,servletEndpointRegistrar,servletExposeExcludePropertyEndpointFilter,org.springframework.boot.actuate.autoconfigure.endpoint.web.servlet.WebMvcEndpointManagementContextConfiguration,webEndpointServletHandlerMapping,controllerEndpointHandlerMapping,management.endpoints.web.cors-org.springframework.boot.actuate.autoconfigure.endpoint.web.CorsEndpointProperties,org.springframework.boot.actuate.autoconfigure.web.server.ManagementContextAutoConfiguration$SameManagementContextConfiguration$EnableSameManagementContextConfiguration,org.springframework.boot.actuate.autoconfigure.web.server.ManagementContextAutoConfiguration$SameManagementContextConfiguration,org.springframework.boot.actuate.autoconfigure.web.server.ManagementContextAutoConfiguration,management.server-org.springframework.boot.actuate.autoconfigure.web.server.ManagementServerProperties]; root of factory hierarchy
10:44:08,069 TRACE org.springframework.beans.factory.support.DefaultListableBeanFactory:684 - No bean named 'flashMapManager' found in org.springframework.beans.factory.support.DefaultListableBeanFactory@839755f: defining beans [org.springframework.context.annotation.internalConfigurationAnnotationProcessor,org.springframework.context.annotation.internalAutowiredAnnotationProcessor,org.springframework.context.annotation.internalRequiredAnnotationProcessor,org.springframework.context.annotation.internalCommonAnnotationProcessor,org.springframework.context.event.internalEventListenerProcessor,org.springframework.context.event.internalEventListenerFactory,org.springframework.boot.test.context.ImportsContextCustomizer$ImportsCleanupPostProcessor,org.springframework.boot.test.mock.mockito.MockitoPostProcessor$SpyPostProcessor,org.springframework.boot.test.mock.mockito.MockitoPostProcessor,javaTutorApplication,org.springframework.boot.autoconfigure.internalCachingMetadataReaderFactory,questionRestController,registrationController,databaseConfiguration,userDetailsServiceImpl,securityConfiguration,javaQuestionsServiceImpl,userServiceImpl,org.springframework.boot.autoconfigure.condition.BeanTypeRegistry,org.springframework.boot.autoconfigure.mongo.MongoAutoConfiguration,mongo,spring.data.mongodb-org.springframework.boot.autoconfigure.mongo.MongoProperties,org.springframework.boot.context.properties.ConfigurationPropertiesBindingPostProcessor,org.springframework.boot.context.properties.ConfigurationBeanFactoryMetadata,validatingMongoEventListener,validator,org.springframework.data.mongodb.repository.config.MongoRepositoryConfigurationExtension#0,mongoMappingContext,userRepository,authorityRepository,javaQuestionRepository,org.springframework.security.config.annotation.configuration.ObjectPostProcessorConfiguration,objectPostProcessor,org.springframework.security.config.annotation.authentication.configuration.AuthenticationConfiguration,authenticationManagerBuilder,enableGlobalAuthenticationAutowiredConfigurer,initializeUserDetailsBeanManagerConfigurer,initializeAuthenticationProviderBeanManagerConfigurer,org.springframework.security.config.annotation.web.configuration.WebSecurityConfiguration,delegatingApplicationListener,webSecurityExpressionHandler,springSecurityFilterChain,privilegeEvaluator,autowiredWebSecurityConfigurersIgnoreParents,org.springframework.security.config.annotation.web.configuration.WebMvcSecurityConfiguration,requestDataValueProcessor,org.springframework.security.config.annotation.method.configuration.GlobalMethodSecurityConfiguration,methodSecurityInterceptor,methodSecurityMetadataSource,preInvocationAuthorizationAdvice,authSuccessHandler,authFailureHandler,logoutSuccessHandlerImpl,bCryptPasswordEncoder,corsConfigurationSource,metaDataSourceAdvisor,org.springframework.aop.config.internalAutoProxyCreator,org.springframework.boot.autoconfigure.AutoConfigurationPackages,org.springframework.boot.autoconfigure.context.PropertyPlaceholderAutoConfiguration,propertySourcesPlaceholderConfigurer,org.springframework.boot.autoconfigure.websocket.servlet.WebSocketServletAutoConfiguration$TomcatWebSocketConfiguration,websocketContainerCustomizer,org.springframework.boot.autoconfigure.websocket.servlet.WebSocketServletAutoConfiguration,org.springframework.boot.autoconfigure.web.servlet.ServletWebServerFactoryConfiguration$EmbeddedTomcat,tomcatServletWebServerFactory,org.springframework.boot.autoconfigure.web.servlet.ServletWebServerFactoryAutoConfiguration,servletWebServerFactoryCustomizer,tomcatServletWebServerFactoryCustomizer,server-org.springframework.boot.autoconfigure.web.ServerProperties,webServerFactoryCustomizerBeanPostProcessor,errorPageRegistrarBeanPostProcessor,org.springframework.boot.autoconfigure.web.servlet.DispatcherServletAutoConfiguration$DispatcherServletConfiguration,dispatcherServlet,mainDispatcherServletPathProvider,spring.mvc-org.springframework.boot.autoconfigure.web.servlet.WebMvcProperties,org.springframework.boot.autoconfigure.web.servlet.DispatcherServletAutoConfiguration$DispatcherServletRegistrationConfiguration,dispatcherServletRegistration,org.springframework.boot.autoconfigure.web.servlet.DispatcherServletAutoConfiguration,org.springframework.boot.autoconfigure.validation.ValidationAutoConfiguration,methodValidationPostProcessor,org.springframework.boot.autoconfigure.web.servlet.error.ErrorMvcAutoConfiguration$WhitelabelErrorViewConfiguration,error,beanNameViewResolver,org.springframework.boot.autoconfigure.web.servlet.error.ErrorMvcAutoConfiguration$DefaultErrorViewResolverConfiguration,conventionErrorViewResolver,org.springframework.boot.autoconfigure.web.servlet.error.ErrorMvcAutoConfiguration,errorAttributes,basicErrorController,errorPageCustomizer,preserveErrorControllerTargetClassPostProcessor,spring.resources-org.springframework.boot.autoconfigure.web.ResourceProperties,org.springframework.boot.autoconfigure.web.servlet.WebMvcAutoConfiguration$WebMvcAutoConfigurationAdapter$FaviconConfiguration,faviconHandlerMapping,faviconRequestHandler,org.springframework.boot.autoconfigure.web.servlet.WebMvcAutoConfiguration$EnableWebMvcConfiguration,requestMappingHandlerAdapter,requestMappingHandlerMapping,mvcConversionService,mvcValidator,mvcContentNegotiationManager,mvcPathMatcher,mvcUrlPathHelper,viewControllerHandlerMapping,beanNameHandlerMapping,resourceHandlerMapping,mvcResourceUrlProvider,defaultServletHandlerMapping,mvcUriComponentsContributor,httpRequestHandlerAdapter,simpleControllerHandlerAdapter,handlerExceptionResolver,mvcViewResolver,mvcHandlerMappingIntrospector,org.springframework.boot.autoconfigure.web.servlet.WebMvcAutoConfiguration$WebMvcAutoConfigurationAdapter,defaultViewResolver,viewResolver,welcomePageHandlerMapping,requestContextFilter,org.springframework.boot.autoconfigure.web.servlet.WebMvcAutoConfiguration,hiddenHttpMethodFilter,httpPutFormContentFilter,org.springframework.boot.actuate.autoconfigure.audit.AuditAutoConfiguration$AuditEventRepositoryConfiguration,auditEventRepository,org.springframework.boot.actuate.autoconfigure.audit.AuditAutoConfiguration,auditListener,authenticationAuditListener,authorizationAuditListener,org.springframework.boot.actuate.autoconfigure.audit.AuditEventsEndpointAutoConfiguration,auditEventsEndpoint,org.springframework.boot.actuate.autoconfigure.beans.BeansEndpointAutoConfiguration,beansEndpoint,org.springframework.boot.actuate.autoconfigure.system.DiskSpaceHealthIndicatorAutoConfiguration,diskSpaceHealthIndicator,diskSpaceHealthIndicatorProperties,org.springframework.boot.autoconfigure.data.mongo.MongoDataAutoConfiguration,mongoDbFactory,mongoTemplate,mappingMongoConverter,gridFsTemplate,mongoCustomConversions,org.springframework.boot.actuate.autoconfigure.mongo.MongoHealthIndicatorConfiguration,mongoHealthIndicator,org.springframework.boot.actuate.autoconfigure.mongo.MongoHealthIndicatorAutoConfiguration,org.springframework.boot.actuate.autoconfigure.redis.RedisHealthIndicatorAutoConfiguration,org.springframework.boot.actuate.autoconfigure.elasticsearch.ElasticsearchHealthIndicatorAutoConfiguration,org.springframework.boot.actuate.autoconfigure.health.HealthIndicatorAutoConfiguration,healthAggregator,management.health.status-org.springframework.boot.actuate.autoconfigure.health.HealthIndicatorProperties,org.springframework.boot.actuate.autoconfigure.health.HealthEndpointConfiguration,healthEndpoint,org.springframework.boot.actuate.autoconfigure.health.HealthEndpointWebExtensionConfiguration$ServletWebHealthConfiguration,healthEndpointWebExtension,org.springframework.boot.actuate.autoconfigure.health.HealthEndpointWebExtensionConfiguration,createHealthStatusHttpMapper,healthWebEndpointResponseMapper,org.springframework.boot.actuate.autoconfigure.health.HealthEndpointAutoConfiguration,management.endpoint.health-org.springframework.boot.actuate.autoconfigure.health.HealthEndpointProperties,org.springframework.boot.actuate.autoconfigure.web.servlet.ServletManagementContextAutoConfiguration,servletWebChildContextFactory,managementServletContext,org.springframework.boot.actuate.autoconfigure.condition.ConditionsReportEndpointAutoConfiguration,conditionsReportEndpoint,org.springframework.boot.actuate.autoconfigure.context.ShutdownEndpointAutoConfiguration,org.springframework.boot.actuate.autoconfigure.context.properties.ConfigurationPropertiesReportEndpointAutoConfiguration,configurationPropertiesReportEndpoint,management.endpoint.configprops-org.springframework.boot.actuate.autoconfigure.context.properties.ConfigurationPropertiesReportEndpointProperties,org.springframework.boot.actuate.autoconfigure.endpoint.EndpointAutoConfiguration,endpointOperationParameterMapper,endpointCachingOperationInvokerAdvisor,org.springframework.boot.actuate.autoconfigure.endpoint.jmx.JmxEndpointAutoConfiguration,jmxAnnotationEndpointDiscoverer,jmxIncludeExcludePropertyEndpointFilter,management.endpoints.jmx-org.springframework.boot.actuate.autoconfigure.endpoint.jmx.JmxEndpointProperties,org.springframework.boot.actuate.autoconfigure.endpoint.web.WebEndpointAutoConfiguration$WebEndpointServletConfiguration,servletEndpointDiscoverer,org.springframework.boot.actuate.autoconfigure.endpoint.web.WebEndpointAutoConfiguration,webEndpointPathMapper,endpointMediaTypes,webEndpointDiscoverer,controllerEndpointDiscoverer,pathMappedEndpoints,webExposeExcludePropertyEndpointFilter,controllerExposeExcludePropertyEndpointFilter,management.endpoints.web-org.springframework.boot.actuate.autoconfigure.endpoint.web.WebEndpointProperties,org.springframework.boot.actuate.autoconfigure.env.EnvironmentEndpointAutoConfiguration,environmentEndpoint,environmentEndpointWebExtension,management.endpoint.env-org.springframework.boot.actuate.autoconfigure.env.EnvironmentEndpointProperties,org.springframework.boot.autoconfigure.info.ProjectInfoAutoConfiguration,spring.info-org.springframework.boot.autoconfigure.info.ProjectInfoProperties,org.springframework.boot.actuate.autoconfigure.info.InfoContributorAutoConfiguration,envInfoContributor,management.info-org.springframework.boot.actuate.autoconfigure.info.InfoContributorProperties,org.springframework.boot.actuate.autoconfigure.info.InfoEndpointAutoConfiguration,infoEndpoint,org.springframework.boot.actuate.autoconfigure.logging.LogFileWebEndpointAutoConfiguration,management.endpoint.logfile-org.springframework.boot.actuate.autoconfigure.logging.LogFileWebEndpointProperties,org.springframework.boot.actuate.autoconfigure.logging.LoggersEndpointAutoConfiguration,loggersEndpoint,org.springframework.boot.actuate.autoconfigure.management.HeapDumpWebEndpointAutoConfiguration,heapDumpWebEndpoint,org.springframework.boot.actuate.autoconfigure.management.ThreadDumpEndpointAutoConfiguration,dumpEndpoint,org.springframework.boot.actuate.autoconfigure.metrics.MetricsAutoConfiguration$MeterBindersConfiguration,uptimeMetrics,processorMetrics,fileDescriptorMetrics,org.springframework.boot.actuate.autoconfigure.metrics.MetricsAutoConfiguration$JvmMeterBindersConfiguration,jvmGcMetrics,jvmMemoryMetrics,jvmThreadMetrics,classLoaderMetrics,org.springframework.boot.actuate.autoconfigure.metrics.MetricsAutoConfiguration,micrometerClock,meterRegistryPostProcessor,propertiesMeterFilter,management.metrics-org.springframework.boot.actuate.autoconfigure.metrics.MetricsProperties,org.springframework.boot.actuate.autoconfigure.metrics.export.simple.SimpleMetricsExportAutoConfiguration,simpleMeterRegistry,simpleConfig,management.metrics.export.simple-org.springframework.boot.actuate.autoconfigure.metrics.export.simple.SimpleProperties,org.springframework.boot.actuate.autoconfigure.metrics.CompositeMeterRegistryAutoConfiguration,org.springframework.boot.actuate.autoconfigure.metrics.MetricsEndpointAutoConfiguration,metricsEndpoint,org.springframework.boot.autoconfigure.jackson.JacksonAutoConfiguration$Jackson2ObjectMapperBuilderCustomizerConfiguration,standardJacksonObjectMapperBuilderCustomizer,spring.jackson-org.springframework.boot.autoconfigure.jackson.JacksonProperties,org.springframework.boot.autoconfigure.jackson.JacksonAutoConfiguration$JacksonObjectMapperBuilderConfiguration,jacksonObjectMapperBuilder,org.springframework.boot.autoconfigure.jackson.JacksonAutoConfiguration$ParameterNamesModuleConfiguration,parameterNamesModule,org.springframework.boot.autoconfigure.jackson.JacksonAutoConfiguration$JacksonObjectMapperConfiguration,jacksonObjectMapper,org.springframework.boot.autoconfigure.jackson.JacksonAutoConfiguration,jsonComponentModule,org.springframework.boot.autoconfigure.http.HttpMessageConvertersAutoConfiguration$StringHttpMessageConverterConfiguration,stringHttpMessageConverter,spring.http.encoding-org.springframework.boot.autoconfigure.http.HttpEncodingProperties,org.springframework.boot.autoconfigure.http.JacksonHttpMessageConvertersConfiguration$MappingJackson2HttpMessageConverterConfiguration,mappingJackson2HttpMessageConverter,org.springframework.boot.autoconfigure.http.JacksonHttpMessageConvertersConfiguration,org.springframework.boot.autoconfigure.http.HttpMessageConvertersAutoConfiguration,messageConverters,org.springframework.boot.autoconfigure.web.client.RestTemplateAutoConfiguration,restTemplateBuilder,org.springframework.boot.actuate.autoconfigure.metrics.web.client.RestTemplateMetricsAutoConfiguration,restTemplateTagConfigurer,metricsRestTemplateCustomizer,metricsWebClientUriTagFilter,org.springframework.boot.actuate.autoconfigure.metrics.web.servlet.WebMvcMetricsAutoConfiguration,webMvcTagsProvider,webMvcMetricsFilter,org.springframework.boot.actuate.autoconfigure.metrics.web.tomcat.TomcatMetricsAutoConfiguration,tomcatMetrics,contextCapturingServletTomcatCustomizer,org.springframework.boot.actuate.autoconfigure.scheduling.ScheduledTasksEndpointAutoConfiguration,scheduledTasksEndpoint,org.springframework.boot.actuate.autoconfigure.trace.http.HttpTraceAutoConfiguration$ServletTraceFilterConfiguration,httpTraceFilter,org.springframework.boot.actuate.autoconfigure.trace.http.HttpTraceAutoConfiguration,traceRepository,httpExchangeTracer,management.trace.http-org.springframework.boot.actuate.autoconfigure.trace.http.HttpTraceProperties,org.springframework.boot.actuate.autoconfigure.trace.http.HttpTraceEndpointAutoConfiguration,httpTraceEndpoint,org.springframework.boot.actuate.autoconfigure.web.mappings.MappingsEndpointAutoConfiguration$ServletWebConfiguration$SpringMvcConfiguration,dispatcherServletMappingDescriptionProvider,org.springframework.boot.actuate.autoconfigure.web.mappings.MappingsEndpointAutoConfiguration$ServletWebConfiguration,servletMappingDescriptionProvider,filterMappingDescriptionProvider,org.springframework.boot.actuate.autoconfigure.web.mappings.MappingsEndpointAutoConfiguration,mappingsEndpoint,org.springframework.boot.autoconfigure.context.ConfigurationPropertiesAutoConfiguration,org.springframework.boot.autoconfigure.dao.PersistenceExceptionTranslationAutoConfiguration,persistenceExceptionTranslationPostProcessor,org.springframework.data.web.config.ProjectingArgumentResolverRegistrar,projectingArgumentResolverBeanPostProcessor,org.springframework.data.web.config.SpringDataWebConfiguration,pageableResolver,sortResolver,org.springframework.data.mongodb.config.GeoJsonConfiguration,geoJsonModule,org.springframework.data.web.config.SpringDataJacksonConfiguration,jacksonGeoModule,org.springframework.boot.autoconfigure.data.web.SpringDataWebAutoConfiguration,pageableCustomizer,sortCustomizer,spring.data.web-org.springframework.boot.autoconfigure.data.web.SpringDataWebProperties,org.springframework.boot.autoconfigure.http.codec.CodecsAutoConfiguration$JacksonCodecConfiguration,jacksonCodecCustomizer,org.springframework.boot.autoconfigure.http.codec.CodecsAutoConfiguration,org.springframework.boot.autoconfigure.security.reactive.ReactiveSecurityAutoConfiguration,spring.security-org.springframework.boot.autoconfigure.security.SecurityProperties,org.springframework.boot.autoconfigure.security.servlet.SecurityAutoConfiguration,authenticationEventPublisher,org.springframework.boot.autoconfigure.security.servlet.SecurityFilterAutoConfiguration,securityFilterChainRegistration,org.springframework.boot.autoconfigure.transaction.TransactionAutoConfiguration,platformTransactionManagerCustomizers,spring.transaction-org.springframework.boot.autoconfigure.transaction.TransactionProperties,org.springframework.boot.autoconfigure.web.embedded.EmbeddedWebServerFactoryCustomizerAutoConfiguration$TomcatWebServerFactoryCustomizerConfiguration,tomcatWebServerFactoryCustomizer,org.springframework.boot.autoconfigure.web.embedded.EmbeddedWebServerFactoryCustomizerAutoConfiguration,org.springframework.boot.autoconfigure.web.servlet.HttpEncodingAutoConfiguration,characterEncodingFilter,localeCharsetMappingsCustomizer,org.springframework.boot.autoconfigure.web.servlet.MultipartAutoConfiguration,multipartConfigElement,multipartResolver,spring.servlet.multipart-org.springframework.boot.autoconfigure.web.servlet.MultipartProperties,org.springframework.boot.test.autoconfigure.web.servlet.MockMvcAutoConfiguration,mockMvcBuilder,springBootMockMvcBuilderCustomizer,mockMvc,org.springframework.boot.test.autoconfigure.web.servlet.MockMvcSecurityConfiguration,securityMockMvcBuilderCustomizer,org.springframework.boot.test.autoconfigure.web.servlet.MockMvcSecurityAutoConfiguration,org.springframework.boot.actuate.autoconfigure.endpoint.web.ServletEndpointManagementContextConfiguration,servletEndpointRegistrar,servletExposeExcludePropertyEndpointFilter,org.springframework.boot.actuate.autoconfigure.endpoint.web.servlet.WebMvcEndpointManagementContextConfiguration,webEndpointServletHandlerMapping,controllerEndpointHandlerMapping,management.endpoints.web.cors-org.springframework.boot.actuate.autoconfigure.endpoint.web.CorsEndpointProperties,org.springframework.boot.actuate.autoconfigure.web.server.ManagementContextAutoConfiguration$SameManagementContextConfiguration$EnableSameManagementContextConfiguration,org.springframework.boot.actuate.autoconfigure.web.server.ManagementContextAutoConfiguration$SameManagementContextConfiguration,org.springframework.boot.actuate.autoconfigure.web.server.ManagementContextAutoConfiguration,management.server-org.springframework.boot.actuate.autoconfigure.web.server.ManagementServerProperties]; root of factory hierarchy
10:44:08,074 DEBUG org.springframework.beans.factory.support.DefaultListableBeanFactory:254 - Returning cached instance of singleton bean 'springSecurityFilterChain'
10:44:08,074 DEBUG org.springframework.beans.factory.support.DefaultListableBeanFactory:254 - Returning cached instance of singleton bean 'springSecurityFilterChain'
10:44:08,094 DEBUG org.springframework.test.util.ReflectionTestUtils:433 - Invoking method 'getFilters' on target object [FilterChainProxy[Filter Chains: [[ Ant [pattern='/**', OPTIONS], []], [ org.springframework.security.web.util.matcher.AnyRequestMatcher@1, [org.springframework.security.web.context.request.async.WebAsyncManagerIntegrationFilter@495e8a3, org.springframework.security.web.context.SecurityContextPersistenceFilter@291cbe70, org.springframework.security.web.header.HeaderWriterFilter@57b3d869, org.springframework.web.filter.CorsFilter@6a7aa675, org.springframework.security.web.authentication.logout.LogoutFilter@1d654b5f, org.springframework.security.web.authentication.UsernamePasswordAuthenticationFilter@575d48db, org.springframework.security.web.authentication.ui.DefaultLoginPageGeneratingFilter@51468039, org.springframework.security.web.savedrequest.RequestCacheAwareFilter@6be422da, org.springframework.security.web.servletapi.SecurityContextHolderAwareRequestFilter@225ddf5f, org.springframework.security.web.authentication.rememberme.RememberMeAuthenticationFilter@1b36d248, org.springframework.security.web.authentication.AnonymousAuthenticationFilter@6eded11a, org.springframework.security.web.session.SessionManagementFilter@51f4439e, org.springframework.security.web.access.ExceptionTranslationFilter@5da3f32a, org.springframework.security.web.access.intercept.FilterSecurityInterceptor@66dd04e2]]]]] with arguments {org.springframework.mock.web.MockHttpServletRequest@ec3944}
10:44:08,094 DEBUG org.springframework.test.util.ReflectionTestUtils:433 - Invoking method 'getFilters' on target object [FilterChainProxy[Filter Chains: [[ Ant [pattern='/**', OPTIONS], []], [ org.springframework.security.web.util.matcher.AnyRequestMatcher@1, [org.springframework.security.web.context.request.async.WebAsyncManagerIntegrationFilter@495e8a3, org.springframework.security.web.context.SecurityContextPersistenceFilter@291cbe70, org.springframework.security.web.header.HeaderWriterFilter@57b3d869, org.springframework.web.filter.CorsFilter@6a7aa675, org.springframework.security.web.authentication.logout.LogoutFilter@1d654b5f, org.springframework.security.web.authentication.UsernamePasswordAuthenticationFilter@575d48db, org.springframework.security.web.authentication.ui.DefaultLoginPageGeneratingFilter@51468039, org.springframework.security.web.savedrequest.RequestCacheAwareFilter@6be422da, org.springframework.security.web.servletapi.SecurityContextHolderAwareRequestFilter@225ddf5f, org.springframework.security.web.authentication.rememberme.RememberMeAuthenticationFilter@1b36d248, org.springframework.security.web.authentication.AnonymousAuthenticationFilter@6eded11a, org.springframework.security.web.session.SessionManagementFilter@51f4439e, org.springframework.security.web.access.ExceptionTranslationFilter@5da3f32a, org.springframework.security.web.access.intercept.FilterSecurityInterceptor@66dd04e2]]]]] with arguments {org.springframework.mock.web.MockHttpServletRequest@ec3944}
10:44:08,095 DEBUG org.springframework.security.web.util.matcher.AntPathRequestMatcher:137 - Request 'POST /api/signin' doesn't match 'OPTIONS /**
10:44:08,095 DEBUG org.springframework.security.web.util.matcher.AntPathRequestMatcher:137 - Request 'POST /api/signin' doesn't match 'OPTIONS /**
10:44:08,098 DEBUG org.springframework.beans.factory.support.DefaultListableBeanFactory:254 - Returning cached instance of singleton bean 'springSecurityFilterChain'
10:44:08,098 DEBUG org.springframework.beans.factory.support.DefaultListableBeanFactory:254 - Returning cached instance of singleton bean 'springSecurityFilterChain'
10:44:08,099 DEBUG org.springframework.test.util.ReflectionTestUtils:433 - Invoking method 'getFilters' on target object [FilterChainProxy[Filter Chains: [[ Ant [pattern='/**', OPTIONS], []], [ org.springframework.security.web.util.matcher.AnyRequestMatcher@1, [org.springframework.security.web.context.request.async.WebAsyncManagerIntegrationFilter@495e8a3, org.springframework.security.web.context.SecurityContextPersistenceFilter@291cbe70, org.springframework.security.web.header.HeaderWriterFilter@57b3d869, org.springframework.web.filter.CorsFilter@6a7aa675, org.springframework.security.web.authentication.logout.LogoutFilter@1d654b5f, org.springframework.security.web.authentication.UsernamePasswordAuthenticationFilter@575d48db, org.springframework.security.web.authentication.ui.DefaultLoginPageGeneratingFilter@51468039, org.springframework.security.web.savedrequest.RequestCacheAwareFilter@6be422da, org.springframework.security.web.servletapi.SecurityContextHolderAwareRequestFilter@225ddf5f, org.springframework.security.web.authentication.rememberme.RememberMeAuthenticationFilter@1b36d248, org.springframework.security.web.authentication.AnonymousAuthenticationFilter@6eded11a, org.springframework.security.web.session.SessionManagementFilter@51f4439e, org.springframework.security.web.access.ExceptionTranslationFilter@5da3f32a, org.springframework.security.web.access.intercept.FilterSecurityInterceptor@66dd04e2]]]]] with arguments {org.springframework.mock.web.MockHttpServletRequest@ec3944}
10:44:08,099 DEBUG org.springframework.test.util.ReflectionTestUtils:433 - Invoking method 'getFilters' on target object [FilterChainProxy[Filter Chains: [[ Ant [pattern='/**', OPTIONS], []], [ org.springframework.security.web.util.matcher.AnyRequestMatcher@1, [org.springframework.security.web.context.request.async.WebAsyncManagerIntegrationFilter@495e8a3, org.springframework.security.web.context.SecurityContextPersistenceFilter@291cbe70, org.springframework.security.web.header.HeaderWriterFilter@57b3d869, org.springframework.web.filter.CorsFilter@6a7aa675, org.springframework.security.web.authentication.logout.LogoutFilter@1d654b5f, org.springframework.security.web.authentication.UsernamePasswordAuthenticationFilter@575d48db, org.springframework.security.web.authentication.ui.DefaultLoginPageGeneratingFilter@51468039, org.springframework.security.web.savedrequest.RequestCacheAwareFilter@6be422da, org.springframework.security.web.servletapi.SecurityContextHolderAwareRequestFilter@225ddf5f, org.springframework.security.web.authentication.rememberme.RememberMeAuthenticationFilter@1b36d248, org.springframework.security.web.authentication.AnonymousAuthenticationFilter@6eded11a, org.springframework.security.web.session.SessionManagementFilter@51f4439e, org.springframework.security.web.access.ExceptionTranslationFilter@5da3f32a, org.springframework.security.web.access.intercept.FilterSecurityInterceptor@66dd04e2]]]]] with arguments {org.springframework.mock.web.MockHttpServletRequest@ec3944}
10:44:08,100 DEBUG org.springframework.security.web.util.matcher.AntPathRequestMatcher:137 - Request 'POST /api/signin' doesn't match 'OPTIONS /**
10:44:08,100 DEBUG org.springframework.security.web.util.matcher.AntPathRequestMatcher:137 - Request 'POST /api/signin' doesn't match 'OPTIONS /**
10:44:08,103 DEBUG org.springframework.boot.web.servlet.filter.OrderedRequestContextFilter:114 - Bound request context to thread: org.springframework.mock.web.MockHttpServletRequest@ec3944
10:44:08,103 DEBUG org.springframework.boot.web.servlet.filter.OrderedRequestContextFilter:114 - Bound request context to thread: org.springframework.mock.web.MockHttpServletRequest@ec3944
10:44:08,103 DEBUG org.springframework.security.web.util.matcher.AntPathRequestMatcher:137 - Request 'POST /api/signin' doesn't match 'OPTIONS /**
10:44:08,103 DEBUG org.springframework.security.web.util.matcher.AntPathRequestMatcher:137 - Request 'POST /api/signin' doesn't match 'OPTIONS /**
10:44:08,104 DEBUG org.springframework.security.web.FilterChainProxy:328 - /api/signin at position 1 of 14 in additional filter chain; firing Filter: 'WebAsyncManagerIntegrationFilter'
10:44:08,104 DEBUG org.springframework.security.web.FilterChainProxy:328 - /api/signin at position 1 of 14 in additional filter chain; firing Filter: 'WebAsyncManagerIntegrationFilter'
10:44:08,105 DEBUG org.springframework.security.web.FilterChainProxy:328 - /api/signin at position 2 of 14 in additional filter chain; firing Filter: 'SecurityContextPersistenceFilter'
10:44:08,105 DEBUG org.springframework.security.web.FilterChainProxy:328 - /api/signin at position 2 of 14 in additional filter chain; firing Filter: 'SecurityContextPersistenceFilter'
10:44:08,105 DEBUG org.springframework.security.web.context.HttpSessionSecurityContextRepository:174 - No HttpSession currently exists
10:44:08,105 DEBUG org.springframework.security.web.context.HttpSessionSecurityContextRepository:174 - No HttpSession currently exists
10:44:08,106 DEBUG org.springframework.security.web.context.HttpSessionSecurityContextRepository:116 - No SecurityContext was available from the HttpSession: null. A new one will be created.
10:44:08,106 DEBUG org.springframework.security.web.context.HttpSessionSecurityContextRepository:116 - No SecurityContext was available from the HttpSession: null. A new one will be created.
10:44:08,107 DEBUG org.springframework.security.web.FilterChainProxy:328 - /api/signin at position 3 of 14 in additional filter chain; firing Filter: 'HeaderWriterFilter'
10:44:08,107 DEBUG org.springframework.security.web.FilterChainProxy:328 - /api/signin at position 3 of 14 in additional filter chain; firing Filter: 'HeaderWriterFilter'
10:44:08,107 DEBUG org.springframework.security.web.FilterChainProxy:328 - /api/signin at position 4 of 14 in additional filter chain; firing Filter: 'CorsFilter'
10:44:08,107 DEBUG org.springframework.security.web.FilterChainProxy:328 - /api/signin at position 4 of 14 in additional filter chain; firing Filter: 'CorsFilter'
10:44:08,108 DEBUG org.springframework.security.web.FilterChainProxy:328 - /api/signin at position 5 of 14 in additional filter chain; firing Filter: 'LogoutFilter'
10:44:08,108 DEBUG org.springframework.security.web.FilterChainProxy:328 - /api/signin at position 5 of 14 in additional filter chain; firing Filter: 'LogoutFilter'
10:44:08,109 DEBUG org.springframework.security.web.util.matcher.OrRequestMatcher:65 - Trying to match using Ant [pattern='/api/logout', GET]
10:44:08,109 DEBUG org.springframework.security.web.util.matcher.OrRequestMatcher:65 - Trying to match using Ant [pattern='/api/logout', GET]
10:44:08,109 DEBUG org.springframework.security.web.util.matcher.AntPathRequestMatcher:137 - Request 'POST /api/signin' doesn't match 'GET /api/logout
10:44:08,109 DEBUG org.springframework.security.web.util.matcher.AntPathRequestMatcher:137 - Request 'POST /api/signin' doesn't match 'GET /api/logout
10:44:08,110 DEBUG org.springframework.security.web.util.matcher.OrRequestMatcher:65 - Trying to match using Ant [pattern='/api/logout', POST]
10:44:08,110 DEBUG org.springframework.security.web.util.matcher.OrRequestMatcher:65 - Trying to match using Ant [pattern='/api/logout', POST]
10:44:08,111 DEBUG org.springframework.security.web.util.matcher.AntPathRequestMatcher:157 - Checking match of request : '/api/signin'; against '/api/logout'
10:44:08,111 DEBUG org.springframework.security.web.util.matcher.AntPathRequestMatcher:157 - Checking match of request : '/api/signin'; against '/api/logout'
10:44:08,112 DEBUG org.springframework.security.web.util.matcher.OrRequestMatcher:65 - Trying to match using Ant [pattern='/api/logout', PUT]
10:44:08,112 DEBUG org.springframework.security.web.util.matcher.OrRequestMatcher:65 - Trying to match using Ant [pattern='/api/logout', PUT]
10:44:08,113 DEBUG org.springframework.security.web.util.matcher.AntPathRequestMatcher:137 - Request 'POST /api/signin' doesn't match 'PUT /api/logout
10:44:08,113 DEBUG org.springframework.security.web.util.matcher.AntPathRequestMatcher:137 - Request 'POST /api/signin' doesn't match 'PUT /api/logout
10:44:08,113 DEBUG org.springframework.security.web.util.matcher.OrRequestMatcher:65 - Trying to match using Ant [pattern='/api/logout', DELETE]
10:44:08,113 DEBUG org.springframework.security.web.util.matcher.OrRequestMatcher:65 - Trying to match using Ant [pattern='/api/logout', DELETE]
10:44:08,114 DEBUG org.springframework.security.web.util.matcher.AntPathRequestMatcher:137 - Request 'POST /api/signin' doesn't match 'DELETE /api/logout
10:44:08,114 DEBUG org.springframework.security.web.util.matcher.AntPathRequestMatcher:137 - Request 'POST /api/signin' doesn't match 'DELETE /api/logout
10:44:08,115 DEBUG org.springframework.security.web.util.matcher.OrRequestMatcher:72 - No matches found
10:44:08,115 DEBUG org.springframework.security.web.util.matcher.OrRequestMatcher:72 - No matches found
10:44:08,115 DEBUG org.springframework.security.web.FilterChainProxy:328 - /api/signin at position 6 of 14 in additional filter chain; firing Filter: 'UsernamePasswordAuthenticationFilter'
10:44:08,115 DEBUG org.springframework.security.web.FilterChainProxy:328 - /api/signin at position 6 of 14 in additional filter chain; firing Filter: 'UsernamePasswordAuthenticationFilter'
10:44:08,115 DEBUG org.springframework.security.web.util.matcher.AntPathRequestMatcher:157 - Checking match of request : '/api/signin'; against '/api/signin'
10:44:08,115 DEBUG org.springframework.security.web.util.matcher.AntPathRequestMatcher:157 - Checking match of request : '/api/signin'; against '/api/signin'
10:44:08,116 DEBUG org.springframework.security.web.authentication.UsernamePasswordAuthenticationFilter:206 - Request is to process authentication
10:44:08,116 DEBUG org.springframework.security.web.authentication.UsernamePasswordAuthenticationFilter:206 - Request is to process authentication
10:44:08,117 DEBUG org.springframework.security.authentication.ProviderManager:169 - Authentication attempt using org.springframework.security.authentication.dao.DaoAuthenticationProvider
10:44:08,117 DEBUG org.springframework.security.authentication.ProviderManager:169 - Authentication attempt using org.springframework.security.authentication.dao.DaoAuthenticationProvider
10:44:08,607 DEBUG org.springframework.data.mongodb.repository.query.MongoQueryCreator:159 - Created query Query: { "username" : "Tom" }, Fields: { }, Sort: { }
10:44:08,607 DEBUG org.springframework.data.mongodb.repository.query.MongoQueryCreator:159 - Created query Query: { "username" : "Tom" }, Fields: { }, Sort: { }
10:44:08,647 DEBUG org.springframework.data.mongodb.core.MongoTemplate:2261 - find using query: { "username" : "Tom" } fields: Document{{}} for class: class pro.abacus.javatutor.domain.User in collection: user
10:44:08,647 DEBUG org.springframework.data.mongodb.core.MongoTemplate:2261 - find using query: { "username" : "Tom" } fields: Document{{}} for class: class pro.abacus.javatutor.domain.User in collection: user
10:44:38,706 DEBUG org.springframework.security.authentication.DefaultAuthenticationEventPublisher:129 - No event was found for the exception org.springframework.security.authentication.InternalAuthenticationServiceException
10:44:38,706 DEBUG org.springframework.security.authentication.DefaultAuthenticationEventPublisher:129 - No event was found for the exception org.springframework.security.authentication.InternalAuthenticationServiceException
10:44:38,707 ERROR org.springframework.security.web.authentication.UsernamePasswordAuthenticationFilter:221 - An internal error occurred while trying to authenticate the user.
org.springframework.security.authentication.InternalAuthenticationServiceException: Timed out after 30000 ms while waiting to connect. Client view of cluster state is {type=UNKNOWN, servers=[{address=localhost:27017, type=UNKNOWN, state=CONNECTING, exception={com.mongodb.MongoSocketOpenException: Exception opening socket}, caused by {java.net.ConnectException: Connection refused: connect}}]; nested exception is com.mongodb.MongoTimeoutException: Timed out after 30000 ms while waiting to connect. Client view of cluster state is {type=UNKNOWN, servers=[{address=localhost:27017, type=UNKNOWN, state=CONNECTING, exception={com.mongodb.MongoSocketOpenException: Exception opening socket}, caused by {java.net.ConnectException: Connection refused: connect}}]
	at org.springframework.security.authentication.dao.DaoAuthenticationProvider.retrieveUser(DaoAuthenticationProvider.java:119)
	at org.springframework.security.authentication.dao.AbstractUserDetailsAuthenticationProvider.authenticate(AbstractUserDetailsAuthenticationProvider.java:144)
	at org.springframework.security.authentication.ProviderManager.authenticate(ProviderManager.java:174)
	at org.springframework.security.authentication.ProviderManager.authenticate(ProviderManager.java:199)
	at org.springframework.security.web.authentication.UsernamePasswordAuthenticationFilter.attemptAuthentication(UsernamePasswordAuthenticationFilter.java:94)
	at org.springframework.security.web.authentication.AbstractAuthenticationProcessingFilter.doFilter(AbstractAuthenticationProcessingFilter.java:212)
	at org.springframework.security.web.FilterChainProxy$VirtualFilterChain.doFilter(FilterChainProxy.java:334)
	at org.springframework.security.web.authentication.logout.LogoutFilter.doFilter(LogoutFilter.java:116)
	at org.springframework.security.web.FilterChainProxy$VirtualFilterChain.doFilter(FilterChainProxy.java:334)
	at org.springframework.web.filter.CorsFilter.doFilterInternal(CorsFilter.java:96)
	at org.springframework.web.filter.OncePerRequestFilter.doFilter(OncePerRequestFilter.java:107)
	at org.springframework.security.web.FilterChainProxy$VirtualFilterChain.doFilter(FilterChainProxy.java:334)
	at org.springframework.security.web.header.HeaderWriterFilter.doFilterInternal(HeaderWriterFilter.java:66)
	at org.springframework.web.filter.OncePerRequestFilter.doFilter(OncePerRequestFilter.java:107)
	at org.springframework.security.web.FilterChainProxy$VirtualFilterChain.doFilter(FilterChainProxy.java:334)
	at org.springframework.security.web.context.SecurityContextPersistenceFilter.doFilter(SecurityContextPersistenceFilter.java:105)
	at org.springframework.security.web.FilterChainProxy$VirtualFilterChain.doFilter(FilterChainProxy.java:334)
	at org.springframework.security.web.context.request.async.WebAsyncManagerIntegrationFilter.doFilterInternal(WebAsyncManagerIntegrationFilter.java:56)
	at org.springframework.web.filter.OncePerRequestFilter.doFilter(OncePerRequestFilter.java:107)
	at org.springframework.security.web.FilterChainProxy$VirtualFilterChain.doFilter(FilterChainProxy.java:334)
	at org.springframework.security.web.FilterChainProxy.doFilterInternal(FilterChainProxy.java:215)
	at org.springframework.security.web.FilterChainProxy.doFilter(FilterChainProxy.java:178)
	at org.springframework.web.filter.DelegatingFilterProxy.invokeDelegate(DelegatingFilterProxy.java:357)
	at org.springframework.web.filter.DelegatingFilterProxy.doFilter(DelegatingFilterProxy.java:270)
	at org.springframework.mock.web.MockFilterChain.doFilter(MockFilterChain.java:133)
	at org.springframework.web.filter.RequestContextFilter.doFilterInternal(RequestContextFilter.java:99)
	at org.springframework.web.filter.OncePerRequestFilter.doFilter(OncePerRequestFilter.java:107)
	at org.springframework.mock.web.MockFilterChain.doFilter(MockFilterChain.java:133)
	at org.springframework.web.filter.HttpPutFormContentFilter.doFilterInternal(HttpPutFormContentFilter.java:109)
	at org.springframework.web.filter.OncePerRequestFilter.doFilter(OncePerRequestFilter.java:107)
	at org.springframework.mock.web.MockFilterChain.doFilter(MockFilterChain.java:133)
	at org.springframework.web.filter.HiddenHttpMethodFilter.doFilterInternal(HiddenHttpMethodFilter.java:81)
	at org.springframework.web.filter.OncePerRequestFilter.doFilter(OncePerRequestFilter.java:107)
	at org.springframework.mock.web.MockFilterChain.doFilter(MockFilterChain.java:133)
	at org.springframework.web.filter.CharacterEncodingFilter.doFilterInternal(CharacterEncodingFilter.java:200)
	at org.springframework.web.filter.OncePerRequestFilter.doFilter(OncePerRequestFilter.java:107)
	at org.springframework.mock.web.MockFilterChain.doFilter(MockFilterChain.java:133)
	at org.springframework.test.web.servlet.MockMvc.perform(MockMvc.java:165)
	at pro.abacus.javatutor.SecurityIntegrationTest.loginUserAccessProtected(SecurityIntegrationTest.java:65)
	at sun.reflect.NativeMethodAccessorImpl.invoke0(Native Method)
	at sun.reflect.NativeMethodAccessorImpl.invoke(NativeMethodAccessorImpl.java:62)
	at sun.reflect.DelegatingMethodAccessorImpl.invoke(DelegatingMethodAccessorImpl.java:43)
	at java.lang.reflect.Method.invoke(Method.java:498)
	at org.junit.runners.model.FrameworkMethod$1.runReflectiveCall(FrameworkMethod.java:50)
	at org.junit.internal.runners.model.ReflectiveCallable.run(ReflectiveCallable.java:12)
	at org.junit.runners.model.FrameworkMethod.invokeExplosively(FrameworkMethod.java:47)
	at org.junit.internal.runners.statements.InvokeMethod.evaluate(InvokeMethod.java:17)
	at org.springframework.test.context.junit4.statements.RunBeforeTestExecutionCallbacks.evaluate(RunBeforeTestExecutionCallbacks.java:73)
	at org.springframework.test.context.junit4.statements.RunAfterTestExecutionCallbacks.evaluate(RunAfterTestExecutionCallbacks.java:83)
	at org.springframework.test.context.junit4.statements.RunBeforeTestMethodCallbacks.evaluate(RunBeforeTestMethodCallbacks.java:75)
	at org.springframework.test.context.junit4.statements.RunAfterTestMethodCallbacks.evaluate(RunAfterTestMethodCallbacks.java:86)
	at org.springframework.test.context.junit4.statements.SpringRepeat.evaluate(SpringRepeat.java:84)
	at org.junit.runners.ParentRunner.runLeaf(ParentRunner.java:325)
	at org.springframework.test.context.junit4.SpringJUnit4ClassRunner.runChild(SpringJUnit4ClassRunner.java:251)
	at org.springframework.test.context.junit4.SpringJUnit4ClassRunner.runChild(SpringJUnit4ClassRunner.java:97)
	at org.junit.runners.ParentRunner$3.run(ParentRunner.java:290)
	at org.junit.runners.ParentRunner$1.schedule(ParentRunner.java:71)
	at org.junit.runners.ParentRunner.runChildren(ParentRunner.java:288)
	at org.junit.runners.ParentRunner.access$000(ParentRunner.java:58)
	at org.junit.runners.ParentRunner$2.evaluate(ParentRunner.java:268)
	at org.springframework.test.context.junit4.statements.RunBeforeTestClassCallbacks.evaluate(RunBeforeTestClassCallbacks.java:61)
	at org.springframework.test.context.junit4.statements.RunAfterTestClassCallbacks.evaluate(RunAfterTestClassCallbacks.java:70)
	at org.junit.runners.ParentRunner.run(ParentRunner.java:363)
	at org.springframework.test.context.junit4.SpringJUnit4ClassRunner.run(SpringJUnit4ClassRunner.java:190)
	at org.apache.maven.surefire.junit4.JUnit4Provider.execute(JUnit4Provider.java:365)
	at org.apache.maven.surefire.junit4.JUnit4Provider.executeWithRerun(JUnit4Provider.java:273)
	at org.apache.maven.surefire.junit4.JUnit4Provider.executeTestSet(JUnit4Provider.java:238)
	at org.apache.maven.surefire.junit4.JUnit4Provider.invoke(JUnit4Provider.java:159)
	at org.apache.maven.surefire.booter.ForkedBooter.invokeProviderInSameClassLoader(ForkedBooter.java:379)
	at org.apache.maven.surefire.booter.ForkedBooter.runSuitesInProcess(ForkedBooter.java:340)
	at org.apache.maven.surefire.booter.ForkedBooter.execute(ForkedBooter.java:125)
	at org.apache.maven.surefire.booter.ForkedBooter.main(ForkedBooter.java:413)
Caused by: org.springframework.dao.DataAccessResourceFailureException: Timed out after 30000 ms while waiting to connect. Client view of cluster state is {type=UNKNOWN, servers=[{address=localhost:27017, type=UNKNOWN, state=CONNECTING, exception={com.mongodb.MongoSocketOpenException: Exception opening socket}, caused by {java.net.ConnectException: Connection refused: connect}}]; nested exception is com.mongodb.MongoTimeoutException: Timed out after 30000 ms while waiting to connect. Client view of cluster state is {type=UNKNOWN, servers=[{address=localhost:27017, type=UNKNOWN, state=CONNECTING, exception={com.mongodb.MongoSocketOpenException: Exception opening socket}, caused by {java.net.ConnectException: Connection refused: connect}}]
	at org.springframework.data.mongodb.core.MongoExceptionTranslator.translateExceptionIfPossible(MongoExceptionTranslator.java:87)
	at org.springframework.data.mongodb.core.MongoTemplate.potentiallyConvertRuntimeException(MongoTemplate.java:2589)
	at org.springframework.data.mongodb.core.MongoTemplate.executeFindMultiInternal(MongoTemplate.java:2457)
	at org.springframework.data.mongodb.core.MongoTemplate.doFind(MongoTemplate.java:2265)
	at org.springframework.data.mongodb.core.ExecutableFindOperationSupport$ExecutableFindSupport.doFind(ExecutableFindOperationSupport.java:213)
	at org.springframework.data.mongodb.core.ExecutableFindOperationSupport$ExecutableFindSupport.oneValue(ExecutableFindOperationSupport.java:138)
	at org.springframework.data.mongodb.repository.query.AbstractMongoQuery.lambda$getExecution$4(AbstractMongoQuery.java:124)
	at org.springframework.data.mongodb.repository.query.AbstractMongoQuery.execute(AbstractMongoQuery.java:97)
	at org.springframework.data.repository.core.support.RepositoryFactorySupport$QueryExecutorMethodInterceptor.doInvoke(RepositoryFactorySupport.java:590)
	at org.springframework.data.repository.core.support.RepositoryFactorySupport$QueryExecutorMethodInterceptor.invoke(RepositoryFactorySupport.java:578)
	at org.springframework.aop.framework.ReflectiveMethodInvocation.proceed(ReflectiveMethodInvocation.java:185)
	at org.springframework.data.projection.DefaultMethodInvokingMethodInterceptor.invoke(DefaultMethodInvokingMethodInterceptor.java:59)
	at org.springframework.aop.framework.ReflectiveMethodInvocation.proceed(ReflectiveMethodInvocation.java:185)
	at org.springframework.aop.interceptor.ExposeInvocationInterceptor.invoke(ExposeInvocationInterceptor.java:92)
	at org.springframework.aop.framework.ReflectiveMethodInvocation.proceed(ReflectiveMethodInvocation.java:185)
	at org.springframework.data.repository.core.support.SurroundingTransactionDetectorMethodInterceptor.invoke(SurroundingTransactionDetectorMethodInterceptor.java:61)
	at org.springframework.aop.framework.ReflectiveMethodInvocation.proceed(ReflectiveMethodInvocation.java:185)
	at org.springframework.aop.framework.JdkDynamicAopProxy.invoke(JdkDynamicAopProxy.java:212)
	at com.sun.proxy.$Proxy140.findByUsername(Unknown Source)
	at sun.reflect.NativeMethodAccessorImpl.invoke0(Native Method)
	at sun.reflect.NativeMethodAccessorImpl.invoke(NativeMethodAccessorImpl.java:62)
	at sun.reflect.DelegatingMethodAccessorImpl.invoke(DelegatingMethodAccessorImpl.java:43)
	at java.lang.reflect.Method.invoke(Method.java:498)
	at org.springframework.aop.support.AopUtils.invokeJoinpointUsingReflection(AopUtils.java:343)
	at org.springframework.aop.framework.ReflectiveMethodInvocation.invokeJoinpoint(ReflectiveMethodInvocation.java:197)
	at org.springframework.aop.framework.ReflectiveMethodInvocation.proceed(ReflectiveMethodInvocation.java:163)
	at org.springframework.dao.support.PersistenceExceptionTranslationInterceptor.invoke(PersistenceExceptionTranslationInterceptor.java:139)
	at org.springframework.aop.framework.ReflectiveMethodInvocation.proceed(ReflectiveMethodInvocation.java:185)
	at org.springframework.aop.framework.JdkDynamicAopProxy.invoke(JdkDynamicAopProxy.java:212)
	at com.sun.proxy.$Proxy140.findByUsername(Unknown Source)
	at pro.abacus.javatutor.security.UserDetailsServiceImpl.loadUserByUsername(UserDetailsServiceImpl.java:33)
	at org.springframework.security.authentication.dao.DaoAuthenticationProvider.retrieveUser(DaoAuthenticationProvider.java:104)
	... 71 more
Caused by: com.mongodb.MongoTimeoutException: Timed out after 30000 ms while waiting to connect. Client view of cluster state is {type=UNKNOWN, servers=[{address=localhost:27017, type=UNKNOWN, state=CONNECTING, exception={com.mongodb.MongoSocketOpenException: Exception opening socket}, caused by {java.net.ConnectException: Connection refused: connect}}]
	at com.mongodb.connection.BaseCluster.getDescription(BaseCluster.java:167)
	at com.mongodb.Mongo.getConnectedClusterDescription(Mongo.java:881)
	at com.mongodb.Mongo.createClientSession(Mongo.java:873)
	at com.mongodb.Mongo$3.getClientSession(Mongo.java:862)
	at com.mongodb.Mongo$3.execute(Mongo.java:819)
	at com.mongodb.MongoIterableImpl.execute(MongoIterableImpl.java:130)
	at com.mongodb.MongoIterableImpl.iterator(MongoIterableImpl.java:77)
	at org.springframework.data.mongodb.core.MongoTemplate.executeFindMultiInternal(MongoTemplate.java:2440)
	... 100 more
10:44:38,707 ERROR org.springframework.security.web.authentication.UsernamePasswordAuthenticationFilter:221 - An internal error occurred while trying to authenticate the user.
org.springframework.security.authentication.InternalAuthenticationServiceException: Timed out after 30000 ms while waiting to connect. Client view of cluster state is {type=UNKNOWN, servers=[{address=localhost:27017, type=UNKNOWN, state=CONNECTING, exception={com.mongodb.MongoSocketOpenException: Exception opening socket}, caused by {java.net.ConnectException: Connection refused: connect}}]; nested exception is com.mongodb.MongoTimeoutException: Timed out after 30000 ms while waiting to connect. Client view of cluster state is {type=UNKNOWN, servers=[{address=localhost:27017, type=UNKNOWN, state=CONNECTING, exception={com.mongodb.MongoSocketOpenException: Exception opening socket}, caused by {java.net.ConnectException: Connection refused: connect}}]
	at org.springframework.security.authentication.dao.DaoAuthenticationProvider.retrieveUser(DaoAuthenticationProvider.java:119)
	at org.springframework.security.authentication.dao.AbstractUserDetailsAuthenticationProvider.authenticate(AbstractUserDetailsAuthenticationProvider.java:144)
	at org.springframework.security.authentication.ProviderManager.authenticate(ProviderManager.java:174)
	at org.springframework.security.authentication.ProviderManager.authenticate(ProviderManager.java:199)
	at org.springframework.security.web.authentication.UsernamePasswordAuthenticationFilter.attemptAuthentication(UsernamePasswordAuthenticationFilter.java:94)
	at org.springframework.security.web.authentication.AbstractAuthenticationProcessingFilter.doFilter(AbstractAuthenticationProcessingFilter.java:212)
	at org.springframework.security.web.FilterChainProxy$VirtualFilterChain.doFilter(FilterChainProxy.java:334)
	at org.springframework.security.web.authentication.logout.LogoutFilter.doFilter(LogoutFilter.java:116)
	at org.springframework.security.web.FilterChainProxy$VirtualFilterChain.doFilter(FilterChainProxy.java:334)
	at org.springframework.web.filter.CorsFilter.doFilterInternal(CorsFilter.java:96)
	at org.springframework.web.filter.OncePerRequestFilter.doFilter(OncePerRequestFilter.java:107)
	at org.springframework.security.web.FilterChainProxy$VirtualFilterChain.doFilter(FilterChainProxy.java:334)
	at org.springframework.security.web.header.HeaderWriterFilter.doFilterInternal(HeaderWriterFilter.java:66)
	at org.springframework.web.filter.OncePerRequestFilter.doFilter(OncePerRequestFilter.java:107)
	at org.springframework.security.web.FilterChainProxy$VirtualFilterChain.doFilter(FilterChainProxy.java:334)
	at org.springframework.security.web.context.SecurityContextPersistenceFilter.doFilter(SecurityContextPersistenceFilter.java:105)
	at org.springframework.security.web.FilterChainProxy$VirtualFilterChain.doFilter(FilterChainProxy.java:334)
	at org.springframework.security.web.context.request.async.WebAsyncManagerIntegrationFilter.doFilterInternal(WebAsyncManagerIntegrationFilter.java:56)
	at org.springframework.web.filter.OncePerRequestFilter.doFilter(OncePerRequestFilter.java:107)
	at org.springframework.security.web.FilterChainProxy$VirtualFilterChain.doFilter(FilterChainProxy.java:334)
	at org.springframework.security.web.FilterChainProxy.doFilterInternal(FilterChainProxy.java:215)
	at org.springframework.security.web.FilterChainProxy.doFilter(FilterChainProxy.java:178)
	at org.springframework.web.filter.DelegatingFilterProxy.invokeDelegate(DelegatingFilterProxy.java:357)
	at org.springframework.web.filter.DelegatingFilterProxy.doFilter(DelegatingFilterProxy.java:270)
	at org.springframework.mock.web.MockFilterChain.doFilter(MockFilterChain.java:133)
	at org.springframework.web.filter.RequestContextFilter.doFilterInternal(RequestContextFilter.java:99)
	at org.springframework.web.filter.OncePerRequestFilter.doFilter(OncePerRequestFilter.java:107)
	at org.springframework.mock.web.MockFilterChain.doFilter(MockFilterChain.java:133)
	at org.springframework.web.filter.HttpPutFormContentFilter.doFilterInternal(HttpPutFormContentFilter.java:109)
	at org.springframework.web.filter.OncePerRequestFilter.doFilter(OncePerRequestFilter.java:107)
	at org.springframework.mock.web.MockFilterChain.doFilter(MockFilterChain.java:133)
	at org.springframework.web.filter.HiddenHttpMethodFilter.doFilterInternal(HiddenHttpMethodFilter.java:81)
	at org.springframework.web.filter.OncePerRequestFilter.doFilter(OncePerRequestFilter.java:107)
	at org.springframework.mock.web.MockFilterChain.doFilter(MockFilterChain.java:133)
	at org.springframework.web.filter.CharacterEncodingFilter.doFilterInternal(CharacterEncodingFilter.java:200)
	at org.springframework.web.filter.OncePerRequestFilter.doFilter(OncePerRequestFilter.java:107)
	at org.springframework.mock.web.MockFilterChain.doFilter(MockFilterChain.java:133)
	at org.springframework.test.web.servlet.MockMvc.perform(MockMvc.java:165)
	at pro.abacus.javatutor.SecurityIntegrationTest.loginUserAccessProtected(SecurityIntegrationTest.java:65)
	at sun.reflect.NativeMethodAccessorImpl.invoke0(Native Method)
	at sun.reflect.NativeMethodAccessorImpl.invoke(NativeMethodAccessorImpl.java:62)
	at sun.reflect.DelegatingMethodAccessorImpl.invoke(DelegatingMethodAccessorImpl.java:43)
	at java.lang.reflect.Method.invoke(Method.java:498)
	at org.junit.runners.model.FrameworkMethod$1.runReflectiveCall(FrameworkMethod.java:50)
	at org.junit.internal.runners.model.ReflectiveCallable.run(ReflectiveCallable.java:12)
	at org.junit.runners.model.FrameworkMethod.invokeExplosively(FrameworkMethod.java:47)
	at org.junit.internal.runners.statements.InvokeMethod.evaluate(InvokeMethod.java:17)
	at org.springframework.test.context.junit4.statements.RunBeforeTestExecutionCallbacks.evaluate(RunBeforeTestExecutionCallbacks.java:73)
	at org.springframework.test.context.junit4.statements.RunAfterTestExecutionCallbacks.evaluate(RunAfterTestExecutionCallbacks.java:83)
	at org.springframework.test.context.junit4.statements.RunBeforeTestMethodCallbacks.evaluate(RunBeforeTestMethodCallbacks.java:75)
	at org.springframework.test.context.junit4.statements.RunAfterTestMethodCallbacks.evaluate(RunAfterTestMethodCallbacks.java:86)
	at org.springframework.test.context.junit4.statements.SpringRepeat.evaluate(SpringRepeat.java:84)
	at org.junit.runners.ParentRunner.runLeaf(ParentRunner.java:325)
	at org.springframework.test.context.junit4.SpringJUnit4ClassRunner.runChild(SpringJUnit4ClassRunner.java:251)
	at org.springframework.test.context.junit4.SpringJUnit4ClassRunner.runChild(SpringJUnit4ClassRunner.java:97)
	at org.junit.runners.ParentRunner$3.run(ParentRunner.java:290)
	at org.junit.runners.ParentRunner$1.schedule(ParentRunner.java:71)
	at org.junit.runners.ParentRunner.runChildren(ParentRunner.java:288)
	at org.junit.runners.ParentRunner.access$000(ParentRunner.java:58)
	at org.junit.runners.ParentRunner$2.evaluate(ParentRunner.java:268)
	at org.springframework.test.context.junit4.statements.RunBeforeTestClassCallbacks.evaluate(RunBeforeTestClassCallbacks.java:61)
	at org.springframework.test.context.junit4.statements.RunAfterTestClassCallbacks.evaluate(RunAfterTestClassCallbacks.java:70)
	at org.junit.runners.ParentRunner.run(ParentRunner.java:363)
	at org.springframework.test.context.junit4.SpringJUnit4ClassRunner.run(SpringJUnit4ClassRunner.java:190)
	at org.apache.maven.surefire.junit4.JUnit4Provider.execute(JUnit4Provider.java:365)
	at org.apache.maven.surefire.junit4.JUnit4Provider.executeWithRerun(JUnit4Provider.java:273)
	at org.apache.maven.surefire.junit4.JUnit4Provider.executeTestSet(JUnit4Provider.java:238)
	at org.apache.maven.surefire.junit4.JUnit4Provider.invoke(JUnit4Provider.java:159)
	at org.apache.maven.surefire.booter.ForkedBooter.invokeProviderInSameClassLoader(ForkedBooter.java:379)
	at org.apache.maven.surefire.booter.ForkedBooter.runSuitesInProcess(ForkedBooter.java:340)
	at org.apache.maven.surefire.booter.ForkedBooter.execute(ForkedBooter.java:125)
	at org.apache.maven.surefire.booter.ForkedBooter.main(ForkedBooter.java:413)
Caused by: org.springframework.dao.DataAccessResourceFailureException: Timed out after 30000 ms while waiting to connect. Client view of cluster state is {type=UNKNOWN, servers=[{address=localhost:27017, type=UNKNOWN, state=CONNECTING, exception={com.mongodb.MongoSocketOpenException: Exception opening socket}, caused by {java.net.ConnectException: Connection refused: connect}}]; nested exception is com.mongodb.MongoTimeoutException: Timed out after 30000 ms while waiting to connect. Client view of cluster state is {type=UNKNOWN, servers=[{address=localhost:27017, type=UNKNOWN, state=CONNECTING, exception={com.mongodb.MongoSocketOpenException: Exception opening socket}, caused by {java.net.ConnectException: Connection refused: connect}}]
	at org.springframework.data.mongodb.core.MongoExceptionTranslator.translateExceptionIfPossible(MongoExceptionTranslator.java:87)
	at org.springframework.data.mongodb.core.MongoTemplate.potentiallyConvertRuntimeException(MongoTemplate.java:2589)
	at org.springframework.data.mongodb.core.MongoTemplate.executeFindMultiInternal(MongoTemplate.java:2457)
	at org.springframework.data.mongodb.core.MongoTemplate.doFind(MongoTemplate.java:2265)
	at org.springframework.data.mongodb.core.ExecutableFindOperationSupport$ExecutableFindSupport.doFind(ExecutableFindOperationSupport.java:213)
	at org.springframework.data.mongodb.core.ExecutableFindOperationSupport$ExecutableFindSupport.oneValue(ExecutableFindOperationSupport.java:138)
	at org.springframework.data.mongodb.repository.query.AbstractMongoQuery.lambda$getExecution$4(AbstractMongoQuery.java:124)
	at org.springframework.data.mongodb.repository.query.AbstractMongoQuery.execute(AbstractMongoQuery.java:97)
	at org.springframework.data.repository.core.support.RepositoryFactorySupport$QueryExecutorMethodInterceptor.doInvoke(RepositoryFactorySupport.java:590)
	at org.springframework.data.repository.core.support.RepositoryFactorySupport$QueryExecutorMethodInterceptor.invoke(RepositoryFactorySupport.java:578)
	at org.springframework.aop.framework.ReflectiveMethodInvocation.proceed(ReflectiveMethodInvocation.java:185)
	at org.springframework.data.projection.DefaultMethodInvokingMethodInterceptor.invoke(DefaultMethodInvokingMethodInterceptor.java:59)
	at org.springframework.aop.framework.ReflectiveMethodInvocation.proceed(ReflectiveMethodInvocation.java:185)
	at org.springframework.aop.interceptor.ExposeInvocationInterceptor.invoke(ExposeInvocationInterceptor.java:92)
	at org.springframework.aop.framework.ReflectiveMethodInvocation.proceed(ReflectiveMethodInvocation.java:185)
	at org.springframework.data.repository.core.support.SurroundingTransactionDetectorMethodInterceptor.invoke(SurroundingTransactionDetectorMethodInterceptor.java:61)
	at org.springframework.aop.framework.ReflectiveMethodInvocation.proceed(ReflectiveMethodInvocation.java:185)
	at org.springframework.aop.framework.JdkDynamicAopProxy.invoke(JdkDynamicAopProxy.java:212)
	at com.sun.proxy.$Proxy140.findByUsername(Unknown Source)
	at sun.reflect.NativeMethodAccessorImpl.invoke0(Native Method)
	at sun.reflect.NativeMethodAccessorImpl.invoke(NativeMethodAccessorImpl.java:62)
	at sun.reflect.DelegatingMethodAccessorImpl.invoke(DelegatingMethodAccessorImpl.java:43)
	at java.lang.reflect.Method.invoke(Method.java:498)
	at org.springframework.aop.support.AopUtils.invokeJoinpointUsingReflection(AopUtils.java:343)
	at org.springframework.aop.framework.ReflectiveMethodInvocation.invokeJoinpoint(ReflectiveMethodInvocation.java:197)
	at org.springframework.aop.framework.ReflectiveMethodInvocation.proceed(ReflectiveMethodInvocation.java:163)
	at org.springframework.dao.support.PersistenceExceptionTranslationInterceptor.invoke(PersistenceExceptionTranslationInterceptor.java:139)
	at org.springframework.aop.framework.ReflectiveMethodInvocation.proceed(ReflectiveMethodInvocation.java:185)
	at org.springframework.aop.framework.JdkDynamicAopProxy.invoke(JdkDynamicAopProxy.java:212)
	at com.sun.proxy.$Proxy140.findByUsername(Unknown Source)
	at pro.abacus.javatutor.security.UserDetailsServiceImpl.loadUserByUsername(UserDetailsServiceImpl.java:33)
	at org.springframework.security.authentication.dao.DaoAuthenticationProvider.retrieveUser(DaoAuthenticationProvider.java:104)
	... 71 more
Caused by: com.mongodb.MongoTimeoutException: Timed out after 30000 ms while waiting to connect. Client view of cluster state is {type=UNKNOWN, servers=[{address=localhost:27017, type=UNKNOWN, state=CONNECTING, exception={com.mongodb.MongoSocketOpenException: Exception opening socket}, caused by {java.net.ConnectException: Connection refused: connect}}]
	at com.mongodb.connection.BaseCluster.getDescription(BaseCluster.java:167)
	at com.mongodb.Mongo.getConnectedClusterDescription(Mongo.java:881)
	at com.mongodb.Mongo.createClientSession(Mongo.java:873)
	at com.mongodb.Mongo$3.getClientSession(Mongo.java:862)
	at com.mongodb.Mongo$3.execute(Mongo.java:819)
	at com.mongodb.MongoIterableImpl.execute(MongoIterableImpl.java:130)
	at com.mongodb.MongoIterableImpl.iterator(MongoIterableImpl.java:77)
	at org.springframework.data.mongodb.core.MongoTemplate.executeFindMultiInternal(MongoTemplate.java:2440)
	... 100 more
10:44:38,719 DEBUG org.springframework.security.web.authentication.UsernamePasswordAuthenticationFilter:345 - Authentication request failed: org.springframework.security.authentication.InternalAuthenticationServiceException: Timed out after 30000 ms while waiting to connect. Client view of cluster state is {type=UNKNOWN, servers=[{address=localhost:27017, type=UNKNOWN, state=CONNECTING, exception={com.mongodb.MongoSocketOpenException: Exception opening socket}, caused by {java.net.ConnectException: Connection refused: connect}}]; nested exception is com.mongodb.MongoTimeoutException: Timed out after 30000 ms while waiting to connect. Client view of cluster state is {type=UNKNOWN, servers=[{address=localhost:27017, type=UNKNOWN, state=CONNECTING, exception={com.mongodb.MongoSocketOpenException: Exception opening socket}, caused by {java.net.ConnectException: Connection refused: connect}}]
org.springframework.security.authentication.InternalAuthenticationServiceException: Timed out after 30000 ms while waiting to connect. Client view of cluster state is {type=UNKNOWN, servers=[{address=localhost:27017, type=UNKNOWN, state=CONNECTING, exception={com.mongodb.MongoSocketOpenException: Exception opening socket}, caused by {java.net.ConnectException: Connection refused: connect}}]; nested exception is com.mongodb.MongoTimeoutException: Timed out after 30000 ms while waiting to connect. Client view of cluster state is {type=UNKNOWN, servers=[{address=localhost:27017, type=UNKNOWN, state=CONNECTING, exception={com.mongodb.MongoSocketOpenException: Exception opening socket}, caused by {java.net.ConnectException: Connection refused: connect}}]
	at org.springframework.security.authentication.dao.DaoAuthenticationProvider.retrieveUser(DaoAuthenticationProvider.java:119)
	at org.springframework.security.authentication.dao.AbstractUserDetailsAuthenticationProvider.authenticate(AbstractUserDetailsAuthenticationProvider.java:144)
	at org.springframework.security.authentication.ProviderManager.authenticate(ProviderManager.java:174)
	at org.springframework.security.authentication.ProviderManager.authenticate(ProviderManager.java:199)
	at org.springframework.security.web.authentication.UsernamePasswordAuthenticationFilter.attemptAuthentication(UsernamePasswordAuthenticationFilter.java:94)
	at org.springframework.security.web.authentication.AbstractAuthenticationProcessingFilter.doFilter(AbstractAuthenticationProcessingFilter.java:212)
	at org.springframework.security.web.FilterChainProxy$VirtualFilterChain.doFilter(FilterChainProxy.java:334)
	at org.springframework.security.web.authentication.logout.LogoutFilter.doFilter(LogoutFilter.java:116)
	at org.springframework.security.web.FilterChainProxy$VirtualFilterChain.doFilter(FilterChainProxy.java:334)
	at org.springframework.web.filter.CorsFilter.doFilterInternal(CorsFilter.java:96)
	at org.springframework.web.filter.OncePerRequestFilter.doFilter(OncePerRequestFilter.java:107)
	at org.springframework.security.web.FilterChainProxy$VirtualFilterChain.doFilter(FilterChainProxy.java:334)
	at org.springframework.security.web.header.HeaderWriterFilter.doFilterInternal(HeaderWriterFilter.java:66)
	at org.springframework.web.filter.OncePerRequestFilter.doFilter(OncePerRequestFilter.java:107)
	at org.springframework.security.web.FilterChainProxy$VirtualFilterChain.doFilter(FilterChainProxy.java:334)
	at org.springframework.security.web.context.SecurityContextPersistenceFilter.doFilter(SecurityContextPersistenceFilter.java:105)
	at org.springframework.security.web.FilterChainProxy$VirtualFilterChain.doFilter(FilterChainProxy.java:334)
	at org.springframework.security.web.context.request.async.WebAsyncManagerIntegrationFilter.doFilterInternal(WebAsyncManagerIntegrationFilter.java:56)
	at org.springframework.web.filter.OncePerRequestFilter.doFilter(OncePerRequestFilter.java:107)
	at org.springframework.security.web.FilterChainProxy$VirtualFilterChain.doFilter(FilterChainProxy.java:334)
	at org.springframework.security.web.FilterChainProxy.doFilterInternal(FilterChainProxy.java:215)
	at org.springframework.security.web.FilterChainProxy.doFilter(FilterChainProxy.java:178)
	at org.springframework.web.filter.DelegatingFilterProxy.invokeDelegate(DelegatingFilterProxy.java:357)
	at org.springframework.web.filter.DelegatingFilterProxy.doFilter(DelegatingFilterProxy.java:270)
	at org.springframework.mock.web.MockFilterChain.doFilter(MockFilterChain.java:133)
	at org.springframework.web.filter.RequestContextFilter.doFilterInternal(RequestContextFilter.java:99)
	at org.springframework.web.filter.OncePerRequestFilter.doFilter(OncePerRequestFilter.java:107)
	at org.springframework.mock.web.MockFilterChain.doFilter(MockFilterChain.java:133)
	at org.springframework.web.filter.HttpPutFormContentFilter.doFilterInternal(HttpPutFormContentFilter.java:109)
	at org.springframework.web.filter.OncePerRequestFilter.doFilter(OncePerRequestFilter.java:107)
	at org.springframework.mock.web.MockFilterChain.doFilter(MockFilterChain.java:133)
	at org.springframework.web.filter.HiddenHttpMethodFilter.doFilterInternal(HiddenHttpMethodFilter.java:81)
	at org.springframework.web.filter.OncePerRequestFilter.doFilter(OncePerRequestFilter.java:107)
	at org.springframework.mock.web.MockFilterChain.doFilter(MockFilterChain.java:133)
	at org.springframework.web.filter.CharacterEncodingFilter.doFilterInternal(CharacterEncodingFilter.java:200)
	at org.springframework.web.filter.OncePerRequestFilter.doFilter(OncePerRequestFilter.java:107)
	at org.springframework.mock.web.MockFilterChain.doFilter(MockFilterChain.java:133)
	at org.springframework.test.web.servlet.MockMvc.perform(MockMvc.java:165)
	at pro.abacus.javatutor.SecurityIntegrationTest.loginUserAccessProtected(SecurityIntegrationTest.java:65)
	at sun.reflect.NativeMethodAccessorImpl.invoke0(Native Method)
	at sun.reflect.NativeMethodAccessorImpl.invoke(NativeMethodAccessorImpl.java:62)
	at sun.reflect.DelegatingMethodAccessorImpl.invoke(DelegatingMethodAccessorImpl.java:43)
	at java.lang.reflect.Method.invoke(Method.java:498)
	at org.junit.runners.model.FrameworkMethod$1.runReflectiveCall(FrameworkMethod.java:50)
	at org.junit.internal.runners.model.ReflectiveCallable.run(ReflectiveCallable.java:12)
	at org.junit.runners.model.FrameworkMethod.invokeExplosively(FrameworkMethod.java:47)
	at org.junit.internal.runners.statements.InvokeMethod.evaluate(InvokeMethod.java:17)
	at org.springframework.test.context.junit4.statements.RunBeforeTestExecutionCallbacks.evaluate(RunBeforeTestExecutionCallbacks.java:73)
	at org.springframework.test.context.junit4.statements.RunAfterTestExecutionCallbacks.evaluate(RunAfterTestExecutionCallbacks.java:83)
	at org.springframework.test.context.junit4.statements.RunBeforeTestMethodCallbacks.evaluate(RunBeforeTestMethodCallbacks.java:75)
	at org.springframework.test.context.junit4.statements.RunAfterTestMethodCallbacks.evaluate(RunAfterTestMethodCallbacks.java:86)
	at org.springframework.test.context.junit4.statements.SpringRepeat.evaluate(SpringRepeat.java:84)
	at org.junit.runners.ParentRunner.runLeaf(ParentRunner.java:325)
	at org.springframework.test.context.junit4.SpringJUnit4ClassRunner.runChild(SpringJUnit4ClassRunner.java:251)
	at org.springframework.test.context.junit4.SpringJUnit4ClassRunner.runChild(SpringJUnit4ClassRunner.java:97)
	at org.junit.runners.ParentRunner$3.run(ParentRunner.java:290)
	at org.junit.runners.ParentRunner$1.schedule(ParentRunner.java:71)
	at org.junit.runners.ParentRunner.runChildren(ParentRunner.java:288)
	at org.junit.runners.ParentRunner.access$000(ParentRunner.java:58)
	at org.junit.runners.ParentRunner$2.evaluate(ParentRunner.java:268)
	at org.springframework.test.context.junit4.statements.RunBeforeTestClassCallbacks.evaluate(RunBeforeTestClassCallbacks.java:61)
	at org.springframework.test.context.junit4.statements.RunAfterTestClassCallbacks.evaluate(RunAfterTestClassCallbacks.java:70)
	at org.junit.runners.ParentRunner.run(ParentRunner.java:363)
	at org.springframework.test.context.junit4.SpringJUnit4ClassRunner.run(SpringJUnit4ClassRunner.java:190)
	at org.apache.maven.surefire.junit4.JUnit4Provider.execute(JUnit4Provider.java:365)
	at org.apache.maven.surefire.junit4.JUnit4Provider.executeWithRerun(JUnit4Provider.java:273)
	at org.apache.maven.surefire.junit4.JUnit4Provider.executeTestSet(JUnit4Provider.java:238)
	at org.apache.maven.surefire.junit4.JUnit4Provider.invoke(JUnit4Provider.java:159)
	at org.apache.maven.surefire.booter.ForkedBooter.invokeProviderInSameClassLoader(ForkedBooter.java:379)
	at org.apache.maven.surefire.booter.ForkedBooter.runSuitesInProcess(ForkedBooter.java:340)
	at org.apache.maven.surefire.booter.ForkedBooter.execute(ForkedBooter.java:125)
	at org.apache.maven.surefire.booter.ForkedBooter.main(ForkedBooter.java:413)
Caused by: org.springframework.dao.DataAccessResourceFailureException: Timed out after 30000 ms while waiting to connect. Client view of cluster state is {type=UNKNOWN, servers=[{address=localhost:27017, type=UNKNOWN, state=CONNECTING, exception={com.mongodb.MongoSocketOpenException: Exception opening socket}, caused by {java.net.ConnectException: Connection refused: connect}}]; nested exception is com.mongodb.MongoTimeoutException: Timed out after 30000 ms while waiting to connect. Client view of cluster state is {type=UNKNOWN, servers=[{address=localhost:27017, type=UNKNOWN, state=CONNECTING, exception={com.mongodb.MongoSocketOpenException: Exception opening socket}, caused by {java.net.ConnectException: Connection refused: connect}}]
	at org.springframework.data.mongodb.core.MongoExceptionTranslator.translateExceptionIfPossible(MongoExceptionTranslator.java:87)
	at org.springframework.data.mongodb.core.MongoTemplate.potentiallyConvertRuntimeException(MongoTemplate.java:2589)
	at org.springframework.data.mongodb.core.MongoTemplate.executeFindMultiInternal(MongoTemplate.java:2457)
	at org.springframework.data.mongodb.core.MongoTemplate.doFind(MongoTemplate.java:2265)
	at org.springframework.data.mongodb.core.ExecutableFindOperationSupport$ExecutableFindSupport.doFind(ExecutableFindOperationSupport.java:213)
	at org.springframework.data.mongodb.core.ExecutableFindOperationSupport$ExecutableFindSupport.oneValue(ExecutableFindOperationSupport.java:138)
	at org.springframework.data.mongodb.repository.query.AbstractMongoQuery.lambda$getExecution$4(AbstractMongoQuery.java:124)
	at org.springframework.data.mongodb.repository.query.AbstractMongoQuery.execute(AbstractMongoQuery.java:97)
	at org.springframework.data.repository.core.support.RepositoryFactorySupport$QueryExecutorMethodInterceptor.doInvoke(RepositoryFactorySupport.java:590)
	at org.springframework.data.repository.core.support.RepositoryFactorySupport$QueryExecutorMethodInterceptor.invoke(RepositoryFactorySupport.java:578)
	at org.springframework.aop.framework.ReflectiveMethodInvocation.proceed(ReflectiveMethodInvocation.java:185)
	at org.springframework.data.projection.DefaultMethodInvokingMethodInterceptor.invoke(DefaultMethodInvokingMethodInterceptor.java:59)
	at org.springframework.aop.framework.ReflectiveMethodInvocation.proceed(ReflectiveMethodInvocation.java:185)
	at org.springframework.aop.interceptor.ExposeInvocationInterceptor.invoke(ExposeInvocationInterceptor.java:92)
	at org.springframework.aop.framework.ReflectiveMethodInvocation.proceed(ReflectiveMethodInvocation.java:185)
	at org.springframework.data.repository.core.support.SurroundingTransactionDetectorMethodInterceptor.invoke(SurroundingTransactionDetectorMethodInterceptor.java:61)
	at org.springframework.aop.framework.ReflectiveMethodInvocation.proceed(ReflectiveMethodInvocation.java:185)
	at org.springframework.aop.framework.JdkDynamicAopProxy.invoke(JdkDynamicAopProxy.java:212)
	at com.sun.proxy.$Proxy140.findByUsername(Unknown Source)
	at sun.reflect.NativeMethodAccessorImpl.invoke0(Native Method)
	at sun.reflect.NativeMethodAccessorImpl.invoke(NativeMethodAccessorImpl.java:62)
	at sun.reflect.DelegatingMethodAccessorImpl.invoke(DelegatingMethodAccessorImpl.java:43)
	at java.lang.reflect.Method.invoke(Method.java:498)
	at org.springframework.aop.support.AopUtils.invokeJoinpointUsingReflection(AopUtils.java:343)
	at org.springframework.aop.framework.ReflectiveMethodInvocation.invokeJoinpoint(ReflectiveMethodInvocation.java:197)
	at org.springframework.aop.framework.ReflectiveMethodInvocation.proceed(ReflectiveMethodInvocation.java:163)
	at org.springframework.dao.support.PersistenceExceptionTranslationInterceptor.invoke(PersistenceExceptionTranslationInterceptor.java:139)
	at org.springframework.aop.framework.ReflectiveMethodInvocation.proceed(ReflectiveMethodInvocation.java:185)
	at org.springframework.aop.framework.JdkDynamicAopProxy.invoke(JdkDynamicAopProxy.java:212)
	at com.sun.proxy.$Proxy140.findByUsername(Unknown Source)
	at pro.abacus.javatutor.security.UserDetailsServiceImpl.loadUserByUsername(UserDetailsServiceImpl.java:33)
	at org.springframework.security.authentication.dao.DaoAuthenticationProvider.retrieveUser(DaoAuthenticationProvider.java:104)
	... 71 more
Caused by: com.mongodb.MongoTimeoutException: Timed out after 30000 ms while waiting to connect. Client view of cluster state is {type=UNKNOWN, servers=[{address=localhost:27017, type=UNKNOWN, state=CONNECTING, exception={com.mongodb.MongoSocketOpenException: Exception opening socket}, caused by {java.net.ConnectException: Connection refused: connect}}]
	at com.mongodb.connection.BaseCluster.getDescription(BaseCluster.java:167)
	at com.mongodb.Mongo.getConnectedClusterDescription(Mongo.java:881)
	at com.mongodb.Mongo.createClientSession(Mongo.java:873)
	at com.mongodb.Mongo$3.getClientSession(Mongo.java:862)
	at com.mongodb.Mongo$3.execute(Mongo.java:819)
	at com.mongodb.MongoIterableImpl.execute(MongoIterableImpl.java:130)
	at com.mongodb.MongoIterableImpl.iterator(MongoIterableImpl.java:77)
	at org.springframework.data.mongodb.core.MongoTemplate.executeFindMultiInternal(MongoTemplate.java:2440)
	... 100 more
10:44:38,719 DEBUG org.springframework.security.web.authentication.UsernamePasswordAuthenticationFilter:345 - Authentication request failed: org.springframework.security.authentication.InternalAuthenticationServiceException: Timed out after 30000 ms while waiting to connect. Client view of cluster state is {type=UNKNOWN, servers=[{address=localhost:27017, type=UNKNOWN, state=CONNECTING, exception={com.mongodb.MongoSocketOpenException: Exception opening socket}, caused by {java.net.ConnectException: Connection refused: connect}}]; nested exception is com.mongodb.MongoTimeoutException: Timed out after 30000 ms while waiting to connect. Client view of cluster state is {type=UNKNOWN, servers=[{address=localhost:27017, type=UNKNOWN, state=CONNECTING, exception={com.mongodb.MongoSocketOpenException: Exception opening socket}, caused by {java.net.ConnectException: Connection refused: connect}}]
org.springframework.security.authentication.InternalAuthenticationServiceException: Timed out after 30000 ms while waiting to connect. Client view of cluster state is {type=UNKNOWN, servers=[{address=localhost:27017, type=UNKNOWN, state=CONNECTING, exception={com.mongodb.MongoSocketOpenException: Exception opening socket}, caused by {java.net.ConnectException: Connection refused: connect}}]; nested exception is com.mongodb.MongoTimeoutException: Timed out after 30000 ms while waiting to connect. Client view of cluster state is {type=UNKNOWN, servers=[{address=localhost:27017, type=UNKNOWN, state=CONNECTING, exception={com.mongodb.MongoSocketOpenException: Exception opening socket}, caused by {java.net.ConnectException: Connection refused: connect}}]
	at org.springframework.security.authentication.dao.DaoAuthenticationProvider.retrieveUser(DaoAuthenticationProvider.java:119)
	at org.springframework.security.authentication.dao.AbstractUserDetailsAuthenticationProvider.authenticate(AbstractUserDetailsAuthenticationProvider.java:144)
	at org.springframework.security.authentication.ProviderManager.authenticate(ProviderManager.java:174)
	at org.springframework.security.authentication.ProviderManager.authenticate(ProviderManager.java:199)
	at org.springframework.security.web.authentication.UsernamePasswordAuthenticationFilter.attemptAuthentication(UsernamePasswordAuthenticationFilter.java:94)
	at org.springframework.security.web.authentication.AbstractAuthenticationProcessingFilter.doFilter(AbstractAuthenticationProcessingFilter.java:212)
	at org.springframework.security.web.FilterChainProxy$VirtualFilterChain.doFilter(FilterChainProxy.java:334)
	at org.springframework.security.web.authentication.logout.LogoutFilter.doFilter(LogoutFilter.java:116)
	at org.springframework.security.web.FilterChainProxy$VirtualFilterChain.doFilter(FilterChainProxy.java:334)
	at org.springframework.web.filter.CorsFilter.doFilterInternal(CorsFilter.java:96)
	at org.springframework.web.filter.OncePerRequestFilter.doFilter(OncePerRequestFilter.java:107)
	at org.springframework.security.web.FilterChainProxy$VirtualFilterChain.doFilter(FilterChainProxy.java:334)
	at org.springframework.security.web.header.HeaderWriterFilter.doFilterInternal(HeaderWriterFilter.java:66)
	at org.springframework.web.filter.OncePerRequestFilter.doFilter(OncePerRequestFilter.java:107)
	at org.springframework.security.web.FilterChainProxy$VirtualFilterChain.doFilter(FilterChainProxy.java:334)
	at org.springframework.security.web.context.SecurityContextPersistenceFilter.doFilter(SecurityContextPersistenceFilter.java:105)
	at org.springframework.security.web.FilterChainProxy$VirtualFilterChain.doFilter(FilterChainProxy.java:334)
	at org.springframework.security.web.context.request.async.WebAsyncManagerIntegrationFilter.doFilterInternal(WebAsyncManagerIntegrationFilter.java:56)
	at org.springframework.web.filter.OncePerRequestFilter.doFilter(OncePerRequestFilter.java:107)
	at org.springframework.security.web.FilterChainProxy$VirtualFilterChain.doFilter(FilterChainProxy.java:334)
	at org.springframework.security.web.FilterChainProxy.doFilterInternal(FilterChainProxy.java:215)
	at org.springframework.security.web.FilterChainProxy.doFilter(FilterChainProxy.java:178)
	at org.springframework.web.filter.DelegatingFilterProxy.invokeDelegate(DelegatingFilterProxy.java:357)
	at org.springframework.web.filter.DelegatingFilterProxy.doFilter(DelegatingFilterProxy.java:270)
	at org.springframework.mock.web.MockFilterChain.doFilter(MockFilterChain.java:133)
	at org.springframework.web.filter.RequestContextFilter.doFilterInternal(RequestContextFilter.java:99)
	at org.springframework.web.filter.OncePerRequestFilter.doFilter(OncePerRequestFilter.java:107)
	at org.springframework.mock.web.MockFilterChain.doFilter(MockFilterChain.java:133)
	at org.springframework.web.filter.HttpPutFormContentFilter.doFilterInternal(HttpPutFormContentFilter.java:109)
	at org.springframework.web.filter.OncePerRequestFilter.doFilter(OncePerRequestFilter.java:107)
	at org.springframework.mock.web.MockFilterChain.doFilter(MockFilterChain.java:133)
	at org.springframework.web.filter.HiddenHttpMethodFilter.doFilterInternal(HiddenHttpMethodFilter.java:81)
	at org.springframework.web.filter.OncePerRequestFilter.doFilter(OncePerRequestFilter.java:107)
	at org.springframework.mock.web.MockFilterChain.doFilter(MockFilterChain.java:133)
	at org.springframework.web.filter.CharacterEncodingFilter.doFilterInternal(CharacterEncodingFilter.java:200)
	at org.springframework.web.filter.OncePerRequestFilter.doFilter(OncePerRequestFilter.java:107)
	at org.springframework.mock.web.MockFilterChain.doFilter(MockFilterChain.java:133)
	at org.springframework.test.web.servlet.MockMvc.perform(MockMvc.java:165)
	at pro.abacus.javatutor.SecurityIntegrationTest.loginUserAccessProtected(SecurityIntegrationTest.java:65)
	at sun.reflect.NativeMethodAccessorImpl.invoke0(Native Method)
	at sun.reflect.NativeMethodAccessorImpl.invoke(NativeMethodAccessorImpl.java:62)
	at sun.reflect.DelegatingMethodAccessorImpl.invoke(DelegatingMethodAccessorImpl.java:43)
	at java.lang.reflect.Method.invoke(Method.java:498)
	at org.junit.runners.model.FrameworkMethod$1.runReflectiveCall(FrameworkMethod.java:50)
	at org.junit.internal.runners.model.ReflectiveCallable.run(ReflectiveCallable.java:12)
	at org.junit.runners.model.FrameworkMethod.invokeExplosively(FrameworkMethod.java:47)
	at org.junit.internal.runners.statements.InvokeMethod.evaluate(InvokeMethod.java:17)
	at org.springframework.test.context.junit4.statements.RunBeforeTestExecutionCallbacks.evaluate(RunBeforeTestExecutionCallbacks.java:73)
	at org.springframework.test.context.junit4.statements.RunAfterTestExecutionCallbacks.evaluate(RunAfterTestExecutionCallbacks.java:83)
	at org.springframework.test.context.junit4.statements.RunBeforeTestMethodCallbacks.evaluate(RunBeforeTestMethodCallbacks.java:75)
	at org.springframework.test.context.junit4.statements.RunAfterTestMethodCallbacks.evaluate(RunAfterTestMethodCallbacks.java:86)
	at org.springframework.test.context.junit4.statements.SpringRepeat.evaluate(SpringRepeat.java:84)
	at org.junit.runners.ParentRunner.runLeaf(ParentRunner.java:325)
	at org.springframework.test.context.junit4.SpringJUnit4ClassRunner.runChild(SpringJUnit4ClassRunner.java:251)
	at org.springframework.test.context.junit4.SpringJUnit4ClassRunner.runChild(SpringJUnit4ClassRunner.java:97)
	at org.junit.runners.ParentRunner$3.run(ParentRunner.java:290)
	at org.junit.runners.ParentRunner$1.schedule(ParentRunner.java:71)
	at org.junit.runners.ParentRunner.runChildren(ParentRunner.java:288)
	at org.junit.runners.ParentRunner.access$000(ParentRunner.java:58)
	at org.junit.runners.ParentRunner$2.evaluate(ParentRunner.java:268)
	at org.springframework.test.context.junit4.statements.RunBeforeTestClassCallbacks.evaluate(RunBeforeTestClassCallbacks.java:61)
	at org.springframework.test.context.junit4.statements.RunAfterTestClassCallbacks.evaluate(RunAfterTestClassCallbacks.java:70)
	at org.junit.runners.ParentRunner.run(ParentRunner.java:363)
	at org.springframework.test.context.junit4.SpringJUnit4ClassRunner.run(SpringJUnit4ClassRunner.java:190)
	at org.apache.maven.surefire.junit4.JUnit4Provider.execute(JUnit4Provider.java:365)
	at org.apache.maven.surefire.junit4.JUnit4Provider.executeWithRerun(JUnit4Provider.java:273)
	at org.apache.maven.surefire.junit4.JUnit4Provider.executeTestSet(JUnit4Provider.java:238)
	at org.apache.maven.surefire.junit4.JUnit4Provider.invoke(JUnit4Provider.java:159)
	at org.apache.maven.surefire.booter.ForkedBooter.invokeProviderInSameClassLoader(ForkedBooter.java:379)
	at org.apache.maven.surefire.booter.ForkedBooter.runSuitesInProcess(ForkedBooter.java:340)
	at org.apache.maven.surefire.booter.ForkedBooter.execute(ForkedBooter.java:125)
	at org.apache.maven.surefire.booter.ForkedBooter.main(ForkedBooter.java:413)
Caused by: org.springframework.dao.DataAccessResourceFailureException: Timed out after 30000 ms while waiting to connect. Client view of cluster state is {type=UNKNOWN, servers=[{address=localhost:27017, type=UNKNOWN, state=CONNECTING, exception={com.mongodb.MongoSocketOpenException: Exception opening socket}, caused by {java.net.ConnectException: Connection refused: connect}}]; nested exception is com.mongodb.MongoTimeoutException: Timed out after 30000 ms while waiting to connect. Client view of cluster state is {type=UNKNOWN, servers=[{address=localhost:27017, type=UNKNOWN, state=CONNECTING, exception={com.mongodb.MongoSocketOpenException: Exception opening socket}, caused by {java.net.ConnectException: Connection refused: connect}}]
	at org.springframework.data.mongodb.core.MongoExceptionTranslator.translateExceptionIfPossible(MongoExceptionTranslator.java:87)
	at org.springframework.data.mongodb.core.MongoTemplate.potentiallyConvertRuntimeException(MongoTemplate.java:2589)
	at org.springframework.data.mongodb.core.MongoTemplate.executeFindMultiInternal(MongoTemplate.java:2457)
	at org.springframework.data.mongodb.core.MongoTemplate.doFind(MongoTemplate.java:2265)
	at org.springframework.data.mongodb.core.ExecutableFindOperationSupport$ExecutableFindSupport.doFind(ExecutableFindOperationSupport.java:213)
	at org.springframework.data.mongodb.core.ExecutableFindOperationSupport$ExecutableFindSupport.oneValue(ExecutableFindOperationSupport.java:138)
	at org.springframework.data.mongodb.repository.query.AbstractMongoQuery.lambda$getExecution$4(AbstractMongoQuery.java:124)
	at org.springframework.data.mongodb.repository.query.AbstractMongoQuery.execute(AbstractMongoQuery.java:97)
	at org.springframework.data.repository.core.support.RepositoryFactorySupport$QueryExecutorMethodInterceptor.doInvoke(RepositoryFactorySupport.java:590)
	at org.springframework.data.repository.core.support.RepositoryFactorySupport$QueryExecutorMethodInterceptor.invoke(RepositoryFactorySupport.java:578)
	at org.springframework.aop.framework.ReflectiveMethodInvocation.proceed(ReflectiveMethodInvocation.java:185)
	at org.springframework.data.projection.DefaultMethodInvokingMethodInterceptor.invoke(DefaultMethodInvokingMethodInterceptor.java:59)
	at org.springframework.aop.framework.ReflectiveMethodInvocation.proceed(ReflectiveMethodInvocation.java:185)
	at org.springframework.aop.interceptor.ExposeInvocationInterceptor.invoke(ExposeInvocationInterceptor.java:92)
	at org.springframework.aop.framework.ReflectiveMethodInvocation.proceed(ReflectiveMethodInvocation.java:185)
	at org.springframework.data.repository.core.support.SurroundingTransactionDetectorMethodInterceptor.invoke(SurroundingTransactionDetectorMethodInterceptor.java:61)
	at org.springframework.aop.framework.ReflectiveMethodInvocation.proceed(ReflectiveMethodInvocation.java:185)
	at org.springframework.aop.framework.JdkDynamicAopProxy.invoke(JdkDynamicAopProxy.java:212)
	at com.sun.proxy.$Proxy140.findByUsername(Unknown Source)
	at sun.reflect.NativeMethodAccessorImpl.invoke0(Native Method)
	at sun.reflect.NativeMethodAccessorImpl.invoke(NativeMethodAccessorImpl.java:62)
	at sun.reflect.DelegatingMethodAccessorImpl.invoke(DelegatingMethodAccessorImpl.java:43)
	at java.lang.reflect.Method.invoke(Method.java:498)
	at org.springframework.aop.support.AopUtils.invokeJoinpointUsingReflection(AopUtils.java:343)
	at org.springframework.aop.framework.ReflectiveMethodInvocation.invokeJoinpoint(ReflectiveMethodInvocation.java:197)
	at org.springframework.aop.framework.ReflectiveMethodInvocation.proceed(ReflectiveMethodInvocation.java:163)
	at org.springframework.dao.support.PersistenceExceptionTranslationInterceptor.invoke(PersistenceExceptionTranslationInterceptor.java:139)
	at org.springframework.aop.framework.ReflectiveMethodInvocation.proceed(ReflectiveMethodInvocation.java:185)
	at org.springframework.aop.framework.JdkDynamicAopProxy.invoke(JdkDynamicAopProxy.java:212)
	at com.sun.proxy.$Proxy140.findByUsername(Unknown Source)
	at pro.abacus.javatutor.security.UserDetailsServiceImpl.loadUserByUsername(UserDetailsServiceImpl.java:33)
	at org.springframework.security.authentication.dao.DaoAuthenticationProvider.retrieveUser(DaoAuthenticationProvider.java:104)
	... 71 more
Caused by: com.mongodb.MongoTimeoutException: Timed out after 30000 ms while waiting to connect. Client view of cluster state is {type=UNKNOWN, servers=[{address=localhost:27017, type=UNKNOWN, state=CONNECTING, exception={com.mongodb.MongoSocketOpenException: Exception opening socket}, caused by {java.net.ConnectException: Connection refused: connect}}]
	at com.mongodb.connection.BaseCluster.getDescription(BaseCluster.java:167)
	at com.mongodb.Mongo.getConnectedClusterDescription(Mongo.java:881)
	at com.mongodb.Mongo.createClientSession(Mongo.java:873)
	at com.mongodb.Mongo$3.getClientSession(Mongo.java:862)
	at com.mongodb.Mongo$3.execute(Mongo.java:819)
	at com.mongodb.MongoIterableImpl.execute(MongoIterableImpl.java:130)
	at com.mongodb.MongoIterableImpl.iterator(MongoIterableImpl.java:77)
	at org.springframework.data.mongodb.core.MongoTemplate.executeFindMultiInternal(MongoTemplate.java:2440)
	... 100 more
10:44:38,732 DEBUG org.springframework.security.web.authentication.UsernamePasswordAuthenticationFilter:346 - Updated SecurityContextHolder to contain null Authentication
10:44:38,732 DEBUG org.springframework.security.web.authentication.UsernamePasswordAuthenticationFilter:346 - Updated SecurityContextHolder to contain null Authentication
10:44:38,733 DEBUG org.springframework.security.web.authentication.UsernamePasswordAuthenticationFilter:347 - Delegating to authentication failure handler pro.abacus.javatutor.security.AuthFailureHandler@625db0e0
10:44:38,733 DEBUG org.springframework.security.web.authentication.UsernamePasswordAuthenticationFilter:347 - Delegating to authentication failure handler pro.abacus.javatutor.security.AuthFailureHandler@625db0e0
10:44:38,735 DEBUG org.springframework.security.web.authentication.rememberme.TokenBasedRememberMeServices:289 - Interactive login attempt was unsuccessful.
10:44:38,735 DEBUG org.springframework.security.web.authentication.rememberme.TokenBasedRememberMeServices:289 - Interactive login attempt was unsuccessful.
10:44:38,737 DEBUG org.springframework.security.web.authentication.rememberme.TokenBasedRememberMeServices:384 - Cancelling cookie
10:44:38,737 DEBUG org.springframework.security.web.authentication.rememberme.TokenBasedRememberMeServices:384 - Cancelling cookie
10:44:38,768 DEBUG org.springframework.security.web.header.writers.HstsHeaderWriter:129 - Not injecting HSTS header since it did not match the requestMatcher org.springframework.security.web.header.writers.HstsHeaderWriter$SecureRequestMatcher@4e3ffd0
10:44:38,768 DEBUG org.springframework.security.web.header.writers.HstsHeaderWriter:129 - Not injecting HSTS header since it did not match the requestMatcher org.springframework.security.web.header.writers.HstsHeaderWriter$SecureRequestMatcher@4e3ffd0
10:44:38,769 DEBUG org.springframework.security.web.context.HttpSessionSecurityContextRepository:352 - SecurityContext is empty or contents are anonymous - context will not be stored in HttpSession.
10:44:38,769 DEBUG org.springframework.security.web.context.HttpSessionSecurityContextRepository:352 - SecurityContext is empty or contents are anonymous - context will not be stored in HttpSession.
10:44:38,770 DEBUG org.springframework.security.web.context.SecurityContextPersistenceFilter:119 - SecurityContextHolder now cleared, as request processing completed
10:44:38,770 DEBUG org.springframework.security.web.context.SecurityContextPersistenceFilter:119 - SecurityContextHolder now cleared, as request processing completed
10:44:38,770 DEBUG org.springframework.boot.web.servlet.filter.OrderedRequestContextFilter:104 - Cleared thread-bound request context: org.springframework.mock.web.MockHttpServletRequest@ec3944
10:44:38,770 DEBUG org.springframework.boot.web.servlet.filter.OrderedRequestContextFilter:104 - Cleared thread-bound request context: org.springframework.mock.web.MockHttpServletRequest@ec3944
10:44:38,798 DEBUG org.springframework.beans.factory.support.DefaultListableBeanFactory:254 - Returning cached instance of singleton bean 'springSecurityFilterChain'
10:44:38,798 DEBUG org.springframework.beans.factory.support.DefaultListableBeanFactory:254 - Returning cached instance of singleton bean 'springSecurityFilterChain'
10:44:38,799 DEBUG org.springframework.test.util.ReflectionTestUtils:433 - Invoking method 'getFilters' on target object [FilterChainProxy[Filter Chains: [[ Ant [pattern='/**', OPTIONS], []], [ org.springframework.security.web.util.matcher.AnyRequestMatcher@1, [org.springframework.security.web.context.request.async.WebAsyncManagerIntegrationFilter@495e8a3, org.springframework.security.web.context.SecurityContextPersistenceFilter@291cbe70, org.springframework.security.web.header.HeaderWriterFilter@57b3d869, org.springframework.web.filter.CorsFilter@6a7aa675, org.springframework.security.web.authentication.logout.LogoutFilter@1d654b5f, org.springframework.security.web.authentication.UsernamePasswordAuthenticationFilter@575d48db, org.springframework.security.web.authentication.ui.DefaultLoginPageGeneratingFilter@51468039, org.springframework.security.web.savedrequest.RequestCacheAwareFilter@6be422da, org.springframework.security.web.servletapi.SecurityContextHolderAwareRequestFilter@225ddf5f, org.springframework.security.web.authentication.rememberme.RememberMeAuthenticationFilter@1b36d248, org.springframework.security.web.authentication.AnonymousAuthenticationFilter@6eded11a, org.springframework.security.web.session.SessionManagementFilter@51f4439e, org.springframework.security.web.access.ExceptionTranslationFilter@5da3f32a, org.springframework.security.web.access.intercept.FilterSecurityInterceptor@66dd04e2]]]]] with arguments {org.springframework.mock.web.MockHttpServletRequest@ec3944}
10:44:38,799 DEBUG org.springframework.test.util.ReflectionTestUtils:433 - Invoking method 'getFilters' on target object [FilterChainProxy[Filter Chains: [[ Ant [pattern='/**', OPTIONS], []], [ org.springframework.security.web.util.matcher.AnyRequestMatcher@1, [org.springframework.security.web.context.request.async.WebAsyncManagerIntegrationFilter@495e8a3, org.springframework.security.web.context.SecurityContextPersistenceFilter@291cbe70, org.springframework.security.web.header.HeaderWriterFilter@57b3d869, org.springframework.web.filter.CorsFilter@6a7aa675, org.springframework.security.web.authentication.logout.LogoutFilter@1d654b5f, org.springframework.security.web.authentication.UsernamePasswordAuthenticationFilter@575d48db, org.springframework.security.web.authentication.ui.DefaultLoginPageGeneratingFilter@51468039, org.springframework.security.web.savedrequest.RequestCacheAwareFilter@6be422da, org.springframework.security.web.servletapi.SecurityContextHolderAwareRequestFilter@225ddf5f, org.springframework.security.web.authentication.rememberme.RememberMeAuthenticationFilter@1b36d248, org.springframework.security.web.authentication.AnonymousAuthenticationFilter@6eded11a, org.springframework.security.web.session.SessionManagementFilter@51f4439e, org.springframework.security.web.access.ExceptionTranslationFilter@5da3f32a, org.springframework.security.web.access.intercept.FilterSecurityInterceptor@66dd04e2]]]]] with arguments {org.springframework.mock.web.MockHttpServletRequest@ec3944}
10:44:38,800 DEBUG org.springframework.security.web.util.matcher.AntPathRequestMatcher:137 - Request 'POST /api/signin' doesn't match 'OPTIONS /**
10:44:38,800 DEBUG org.springframework.security.web.util.matcher.AntPathRequestMatcher:137 - Request 'POST /api/signin' doesn't match 'OPTIONS /**
10:44:38,814 DEBUG org.springframework.test.util.ReflectionTestUtils:275 - Getting field 'repo' from target object [org.springframework.security.web.context.SecurityContextPersistenceFilter@291cbe70] or target class [class org.springframework.security.web.context.SecurityContextPersistenceFilter]
10:44:38,814 DEBUG org.springframework.test.util.ReflectionTestUtils:275 - Getting field 'repo' from target object [org.springframework.security.web.context.SecurityContextPersistenceFilter@291cbe70] or target class [class org.springframework.security.web.context.SecurityContextPersistenceFilter]
10:44:38,815 DEBUG org.springframework.security.web.context.HttpSessionSecurityContextRepository:174 - No HttpSession currently exists
10:44:38,815 DEBUG org.springframework.security.web.context.HttpSessionSecurityContextRepository:174 - No HttpSession currently exists
10:44:38,815 DEBUG org.springframework.security.web.context.HttpSessionSecurityContextRepository:116 - No SecurityContext was available from the HttpSession: null. A new one will be created.
10:44:38,815 DEBUG org.springframework.security.web.context.HttpSessionSecurityContextRepository:116 - No SecurityContext was available from the HttpSession: null. A new one will be created.
10:44:38,816 TRACE org.springframework.test.context.TestContextManager:521 - afterTestExecution(): instance [pro.abacus.javatutor.SecurityIntegrationTest@5ca86715], method [public void pro.abacus.javatutor.SecurityIntegrationTest.loginUserAccessProtected() throws java.lang.Exception], exception [java.lang.AssertionError: Authentication should not be null]
10:44:38,816 TRACE org.springframework.test.context.TestContextManager:521 - afterTestExecution(): instance [pro.abacus.javatutor.SecurityIntegrationTest@5ca86715], method [public void pro.abacus.javatutor.SecurityIntegrationTest.loginUserAccessProtected() throws java.lang.Exception], exception [java.lang.AssertionError: Authentication should not be null]
10:44:38,817 TRACE org.springframework.test.context.TestContextManager:521 - afterTestMethod(): instance [pro.abacus.javatutor.SecurityIntegrationTest@5ca86715], method [public void pro.abacus.javatutor.SecurityIntegrationTest.loginUserAccessProtected() throws java.lang.Exception], exception [java.lang.AssertionError: Authentication should not be null]
10:44:38,817 TRACE org.springframework.test.context.TestContextManager:521 - afterTestMethod(): instance [pro.abacus.javatutor.SecurityIntegrationTest@5ca86715], method [public void pro.abacus.javatutor.SecurityIntegrationTest.loginUserAccessProtected() throws java.lang.Exception], exception [java.lang.AssertionError: Authentication should not be null]
10:44:38,817 DEBUG org.springframework.test.context.cache.DefaultCacheAwareContextLoaderDelegate:130 - Retrieved ApplicationContext from cache with key [[WebMergedContextConfiguration@1f5d7fd5 testClass = SecurityIntegrationTest, locations = '{}', classes = '{class pro.abacus.javatutor.JavaTutorApplication}', contextInitializerClasses = '[]', activeProfiles = '{}', propertySourceLocations = '{}', propertySourceProperties = '{org.springframework.boot.test.context.SpringBootTestContextBootstrapper=true}', contextCustomizers = set[[ImportsContextCustomizer@cf08c97 key = [org.springframework.boot.test.autoconfigure.web.servlet.MockMvcAutoConfiguration, org.springframework.boot.test.autoconfigure.web.servlet.MockMvcSecurityAutoConfiguration, org.springframework.boot.test.autoconfigure.web.servlet.MockMvcWebClientAutoConfiguration, org.springframework.boot.test.autoconfigure.web.servlet.MockMvcWebDriverAutoConfiguration]], org.springframework.boot.test.context.filter.ExcludeFilterContextCustomizer@290dbf45, org.springframework.boot.test.json.DuplicateJsonObjectContextCustomizerFactory$DuplicateJsonObjectContextCustomizer@69a10787, org.springframework.boot.test.mock.mockito.MockitoContextCustomizer@0, org.springframework.boot.test.web.client.TestRestTemplateContextCustomizer@712cfb63, org.springframework.boot.test.autoconfigure.properties.PropertyMappingContextCustomizer@e7e8512, org.springframework.boot.test.autoconfigure.web.servlet.WebDriverContextCustomizerFactory$Customizer@7f9fcf7f], resourceBasePath = 'src/main/webapp', contextLoader = 'org.springframework.boot.test.context.SpringBootContextLoader', parent = [null]]]
10:44:38,817 DEBUG org.springframework.test.context.cache.DefaultCacheAwareContextLoaderDelegate:130 - Retrieved ApplicationContext from cache with key [[WebMergedContextConfiguration@1f5d7fd5 testClass = SecurityIntegrationTest, locations = '{}', classes = '{class pro.abacus.javatutor.JavaTutorApplication}', contextInitializerClasses = '[]', activeProfiles = '{}', propertySourceLocations = '{}', propertySourceProperties = '{org.springframework.boot.test.context.SpringBootTestContextBootstrapper=true}', contextCustomizers = set[[ImportsContextCustomizer@cf08c97 key = [org.springframework.boot.test.autoconfigure.web.servlet.MockMvcAutoConfiguration, org.springframework.boot.test.autoconfigure.web.servlet.MockMvcSecurityAutoConfiguration, org.springframework.boot.test.autoconfigure.web.servlet.MockMvcWebClientAutoConfiguration, org.springframework.boot.test.autoconfigure.web.servlet.MockMvcWebDriverAutoConfiguration]], org.springframework.boot.test.context.filter.ExcludeFilterContextCustomizer@290dbf45, org.springframework.boot.test.json.DuplicateJsonObjectContextCustomizerFactory$DuplicateJsonObjectContextCustomizer@69a10787, org.springframework.boot.test.mock.mockito.MockitoContextCustomizer@0, org.springframework.boot.test.web.client.TestRestTemplateContextCustomizer@712cfb63, org.springframework.boot.test.autoconfigure.properties.PropertyMappingContextCustomizer@e7e8512, org.springframework.boot.test.autoconfigure.web.servlet.WebDriverContextCustomizerFactory$Customizer@7f9fcf7f], resourceBasePath = 'src/main/webapp', contextLoader = 'org.springframework.boot.test.context.SpringBootContextLoader', parent = [null]]]
10:44:38,818 DEBUG org.springframework.test.context.cache:290 - Spring test ApplicationContext cache statistics: [DefaultContextCache@1431267b size = 6, maxSize = 32, parentContextCount = 0, hitCount = 70, missCount = 6]
10:44:38,818 DEBUG org.springframework.test.context.cache:290 - Spring test ApplicationContext cache statistics: [DefaultContextCache@1431267b size = 6, maxSize = 32, parentContextCount = 0, hitCount = 70, missCount = 6]
10:44:38,819 DEBUG org.springframework.test.context.cache.DefaultCacheAwareContextLoaderDelegate:130 - Retrieved ApplicationContext from cache with key [[WebMergedContextConfiguration@1f5d7fd5 testClass = SecurityIntegrationTest, locations = '{}', classes = '{class pro.abacus.javatutor.JavaTutorApplication}', contextInitializerClasses = '[]', activeProfiles = '{}', propertySourceLocations = '{}', propertySourceProperties = '{org.springframework.boot.test.context.SpringBootTestContextBootstrapper=true}', contextCustomizers = set[[ImportsContextCustomizer@cf08c97 key = [org.springframework.boot.test.autoconfigure.web.servlet.MockMvcAutoConfiguration, org.springframework.boot.test.autoconfigure.web.servlet.MockMvcSecurityAutoConfiguration, org.springframework.boot.test.autoconfigure.web.servlet.MockMvcWebClientAutoConfiguration, org.springframework.boot.test.autoconfigure.web.servlet.MockMvcWebDriverAutoConfiguration]], org.springframework.boot.test.context.filter.ExcludeFilterContextCustomizer@290dbf45, org.springframework.boot.test.json.DuplicateJsonObjectContextCustomizerFactory$DuplicateJsonObjectContextCustomizer@69a10787, org.springframework.boot.test.mock.mockito.MockitoContextCustomizer@0, org.springframework.boot.test.web.client.TestRestTemplateContextCustomizer@712cfb63, org.springframework.boot.test.autoconfigure.properties.PropertyMappingContextCustomizer@e7e8512, org.springframework.boot.test.autoconfigure.web.servlet.WebDriverContextCustomizerFactory$Customizer@7f9fcf7f], resourceBasePath = 'src/main/webapp', contextLoader = 'org.springframework.boot.test.context.SpringBootContextLoader', parent = [null]]]
10:44:38,819 DEBUG org.springframework.test.context.cache.DefaultCacheAwareContextLoaderDelegate:130 - Retrieved ApplicationContext from cache with key [[WebMergedContextConfiguration@1f5d7fd5 testClass = SecurityIntegrationTest, locations = '{}', classes = '{class pro.abacus.javatutor.JavaTutorApplication}', contextInitializerClasses = '[]', activeProfiles = '{}', propertySourceLocations = '{}', propertySourceProperties = '{org.springframework.boot.test.context.SpringBootTestContextBootstrapper=true}', contextCustomizers = set[[ImportsContextCustomizer@cf08c97 key = [org.springframework.boot.test.autoconfigure.web.servlet.MockMvcAutoConfiguration, org.springframework.boot.test.autoconfigure.web.servlet.MockMvcSecurityAutoConfiguration, org.springframework.boot.test.autoconfigure.web.servlet.MockMvcWebClientAutoConfiguration, org.springframework.boot.test.autoconfigure.web.servlet.MockMvcWebDriverAutoConfiguration]], org.springframework.boot.test.context.filter.ExcludeFilterContextCustomizer@290dbf45, org.springframework.boot.test.json.DuplicateJsonObjectContextCustomizerFactory$DuplicateJsonObjectContextCustomizer@69a10787, org.springframework.boot.test.mock.mockito.MockitoContextCustomizer@0, org.springframework.boot.test.web.client.TestRestTemplateContextCustomizer@712cfb63, org.springframework.boot.test.autoconfigure.properties.PropertyMappingContextCustomizer@e7e8512, org.springframework.boot.test.autoconfigure.web.servlet.WebDriverContextCustomizerFactory$Customizer@7f9fcf7f], resourceBasePath = 'src/main/webapp', contextLoader = 'org.springframework.boot.test.context.SpringBootContextLoader', parent = [null]]]
10:44:38,819 DEBUG org.springframework.test.context.cache:290 - Spring test ApplicationContext cache statistics: [DefaultContextCache@1431267b size = 6, maxSize = 32, parentContextCount = 0, hitCount = 71, missCount = 6]
10:44:38,819 DEBUG org.springframework.test.context.cache:290 - Spring test ApplicationContext cache statistics: [DefaultContextCache@1431267b size = 6, maxSize = 32, parentContextCount = 0, hitCount = 71, missCount = 6]
10:44:38,820 DEBUG org.springframework.beans.factory.support.DefaultListableBeanFactory:254 - Returning cached instance of singleton bean 'org.springframework.boot.test.autoconfigure.web.servlet.SpringBootMockMvcBuilderCustomizer$DeferredLinesWriter'
10:44:38,820 DEBUG org.springframework.beans.factory.support.DefaultListableBeanFactory:254 - Returning cached instance of singleton bean 'org.springframework.boot.test.autoconfigure.web.servlet.SpringBootMockMvcBuilderCustomizer$DeferredLinesWriter'

MockHttpServletRequest:
      HTTP Method = GET
      Request URI = /api/signup
       Parameters = {}
          Headers = {}
             Body = null
    Session Attrs = {}

Handler:
             Type = pro.abacus.javatutor.controller.RegistrationController
           Method = public void pro.abacus.javatutor.controller.RegistrationController.register()

Async:
    Async started = false
     Async result = null

Resolved Exception:
             Type = null

ModelAndView:
        View name = null
             View = null
            Model = null

FlashMap:
       Attributes = null

MockHttpServletResponse:
           Status = 200
    Error message = null
          Headers = {X-Content-Type-Options=[nosniff], X-XSS-Protection=[1; mode=block], Cache-Control=[no-cache, no-store, max-age=0, must-revalidate], Pragma=[no-cache], Expires=[0]}
     Content type = null
             Body = 
    Forwarded URL = null
   Redirected URL = null
          Cookies = []

MockHttpServletRequest:
      HTTP Method = POST
      Request URI = /api/signin
       Parameters = {username=[Tom], password=[qwerty], _csrf=[d41d9bb4-f64b-4fda-86b8-77a51ce8960e]}
          Headers = {Accept=[application/x-www-form-urlencoded]}
             Body = null
    Session Attrs = {}

Handler:
             Type = null

Async:
    Async started = false
     Async result = null

Resolved Exception:
             Type = null

ModelAndView:
        View name = null
             View = null
            Model = null

FlashMap:
       Attributes = null

MockHttpServletResponse:
           Status = 401
    Error message = Authentication failed
          Headers = {Set-Cookie=[remember-me=; Path=/; Max-Age=0; Expires=Thu, 1 Jan 1970 00:00:00 GMT], X-Content-Type-Options=[nosniff], X-XSS-Protection=[1; mode=block], Cache-Control=[no-cache, no-store, max-age=0, must-revalidate], Pragma=[no-cache], Expires=[0]}
     Content type = null
             Body = 
    Forwarded URL = null
   Redirected URL = null
          Cookies = [[Cookie@511d568f name = 'remember-me', value = [null], comment = [null], domain = [null], maxAge = 0, path = '/', secure = false, version = 0, httpOnly = false]]
10:44:38,823 DEBUG org.springframework.test.context.cache.DefaultCacheAwareContextLoaderDelegate:130 - Retrieved ApplicationContext from cache with key [[WebMergedContextConfiguration@1f5d7fd5 testClass = SecurityIntegrationTest, locations = '{}', classes = '{class pro.abacus.javatutor.JavaTutorApplication}', contextInitializerClasses = '[]', activeProfiles = '{}', propertySourceLocations = '{}', propertySourceProperties = '{org.springframework.boot.test.context.SpringBootTestContextBootstrapper=true}', contextCustomizers = set[[ImportsContextCustomizer@cf08c97 key = [org.springframework.boot.test.autoconfigure.web.servlet.MockMvcAutoConfiguration, org.springframework.boot.test.autoconfigure.web.servlet.MockMvcSecurityAutoConfiguration, org.springframework.boot.test.autoconfigure.web.servlet.MockMvcWebClientAutoConfiguration, org.springframework.boot.test.autoconfigure.web.servlet.MockMvcWebDriverAutoConfiguration]], org.springframework.boot.test.context.filter.ExcludeFilterContextCustomizer@290dbf45, org.springframework.boot.test.json.DuplicateJsonObjectContextCustomizerFactory$DuplicateJsonObjectContextCustomizer@69a10787, org.springframework.boot.test.mock.mockito.MockitoContextCustomizer@0, org.springframework.boot.test.web.client.TestRestTemplateContextCustomizer@712cfb63, org.springframework.boot.test.autoconfigure.properties.PropertyMappingContextCustomizer@e7e8512, org.springframework.boot.test.autoconfigure.web.servlet.WebDriverContextCustomizerFactory$Customizer@7f9fcf7f], resourceBasePath = 'src/main/webapp', contextLoader = 'org.springframework.boot.test.context.SpringBootContextLoader', parent = [null]]]
10:44:38,823 DEBUG org.springframework.test.context.cache.DefaultCacheAwareContextLoaderDelegate:130 - Retrieved ApplicationContext from cache with key [[WebMergedContextConfiguration@1f5d7fd5 testClass = SecurityIntegrationTest, locations = '{}', classes = '{class pro.abacus.javatutor.JavaTutorApplication}', contextInitializerClasses = '[]', activeProfiles = '{}', propertySourceLocations = '{}', propertySourceProperties = '{org.springframework.boot.test.context.SpringBootTestContextBootstrapper=true}', contextCustomizers = set[[ImportsContextCustomizer@cf08c97 key = [org.springframework.boot.test.autoconfigure.web.servlet.MockMvcAutoConfiguration, org.springframework.boot.test.autoconfigure.web.servlet.MockMvcSecurityAutoConfiguration, org.springframework.boot.test.autoconfigure.web.servlet.MockMvcWebClientAutoConfiguration, org.springframework.boot.test.autoconfigure.web.servlet.MockMvcWebDriverAutoConfiguration]], org.springframework.boot.test.context.filter.ExcludeFilterContextCustomizer@290dbf45, org.springframework.boot.test.json.DuplicateJsonObjectContextCustomizerFactory$DuplicateJsonObjectContextCustomizer@69a10787, org.springframework.boot.test.mock.mockito.MockitoContextCustomizer@0, org.springframework.boot.test.web.client.TestRestTemplateContextCustomizer@712cfb63, org.springframework.boot.test.autoconfigure.properties.PropertyMappingContextCustomizer@e7e8512, org.springframework.boot.test.autoconfigure.web.servlet.WebDriverContextCustomizerFactory$Customizer@7f9fcf7f], resourceBasePath = 'src/main/webapp', contextLoader = 'org.springframework.boot.test.context.SpringBootContextLoader', parent = [null]]]
10:44:38,824 DEBUG org.springframework.test.context.cache:290 - Spring test ApplicationContext cache statistics: [DefaultContextCache@1431267b size = 6, maxSize = 32, parentContextCount = 0, hitCount = 72, missCount = 6]
10:44:38,824 DEBUG org.springframework.test.context.cache:290 - Spring test ApplicationContext cache statistics: [DefaultContextCache@1431267b size = 6, maxSize = 32, parentContextCount = 0, hitCount = 72, missCount = 6]
10:44:38,829 DEBUG org.springframework.test.context.cache.DefaultCacheAwareContextLoaderDelegate:130 - Retrieved ApplicationContext from cache with key [[WebMergedContextConfiguration@1f5d7fd5 testClass = SecurityIntegrationTest, locations = '{}', classes = '{class pro.abacus.javatutor.JavaTutorApplication}', contextInitializerClasses = '[]', activeProfiles = '{}', propertySourceLocations = '{}', propertySourceProperties = '{org.springframework.boot.test.context.SpringBootTestContextBootstrapper=true}', contextCustomizers = set[[ImportsContextCustomizer@cf08c97 key = [org.springframework.boot.test.autoconfigure.web.servlet.MockMvcAutoConfiguration, org.springframework.boot.test.autoconfigure.web.servlet.MockMvcSecurityAutoConfiguration, org.springframework.boot.test.autoconfigure.web.servlet.MockMvcWebClientAutoConfiguration, org.springframework.boot.test.autoconfigure.web.servlet.MockMvcWebDriverAutoConfiguration]], org.springframework.boot.test.context.filter.ExcludeFilterContextCustomizer@290dbf45, org.springframework.boot.test.json.DuplicateJsonObjectContextCustomizerFactory$DuplicateJsonObjectContextCustomizer@69a10787, org.springframework.boot.test.mock.mockito.MockitoContextCustomizer@0, org.springframework.boot.test.web.client.TestRestTemplateContextCustomizer@712cfb63, org.springframework.boot.test.autoconfigure.properties.PropertyMappingContextCustomizer@e7e8512, org.springframework.boot.test.autoconfigure.web.servlet.WebDriverContextCustomizerFactory$Customizer@7f9fcf7f], resourceBasePath = 'src/main/webapp', contextLoader = 'org.springframework.boot.test.context.SpringBootContextLoader', parent = [null]]]
10:44:38,829 DEBUG org.springframework.test.context.cache.DefaultCacheAwareContextLoaderDelegate:130 - Retrieved ApplicationContext from cache with key [[WebMergedContextConfiguration@1f5d7fd5 testClass = SecurityIntegrationTest, locations = '{}', classes = '{class pro.abacus.javatutor.JavaTutorApplication}', contextInitializerClasses = '[]', activeProfiles = '{}', propertySourceLocations = '{}', propertySourceProperties = '{org.springframework.boot.test.context.SpringBootTestContextBootstrapper=true}', contextCustomizers = set[[ImportsContextCustomizer@cf08c97 key = [org.springframework.boot.test.autoconfigure.web.servlet.MockMvcAutoConfiguration, org.springframework.boot.test.autoconfigure.web.servlet.MockMvcSecurityAutoConfiguration, org.springframework.boot.test.autoconfigure.web.servlet.MockMvcWebClientAutoConfiguration, org.springframework.boot.test.autoconfigure.web.servlet.MockMvcWebDriverAutoConfiguration]], org.springframework.boot.test.context.filter.ExcludeFilterContextCustomizer@290dbf45, org.springframework.boot.test.json.DuplicateJsonObjectContextCustomizerFactory$DuplicateJsonObjectContextCustomizer@69a10787, org.springframework.boot.test.mock.mockito.MockitoContextCustomizer@0, org.springframework.boot.test.web.client.TestRestTemplateContextCustomizer@712cfb63, org.springframework.boot.test.autoconfigure.properties.PropertyMappingContextCustomizer@e7e8512, org.springframework.boot.test.autoconfigure.web.servlet.WebDriverContextCustomizerFactory$Customizer@7f9fcf7f], resourceBasePath = 'src/main/webapp', contextLoader = 'org.springframework.boot.test.context.SpringBootContextLoader', parent = [null]]]
10:44:38,830 DEBUG org.springframework.test.context.cache:290 - Spring test ApplicationContext cache statistics: [DefaultContextCache@1431267b size = 6, maxSize = 32, parentContextCount = 0, hitCount = 73, missCount = 6]
10:44:38,830 DEBUG org.springframework.test.context.cache:290 - Spring test ApplicationContext cache statistics: [DefaultContextCache@1431267b size = 6, maxSize = 32, parentContextCount = 0, hitCount = 73, missCount = 6]
10:44:38,831 DEBUG org.springframework.beans.factory.support.DefaultListableBeanFactory:254 - Returning cached instance of singleton bean 'org.springframework.boot.test.mock.mockito.MockitoBeans'
10:44:38,831 DEBUG org.springframework.beans.factory.support.DefaultListableBeanFactory:254 - Returning cached instance of singleton bean 'org.springframework.boot.test.mock.mockito.MockitoBeans'
10:44:38,832 DEBUG org.springframework.test.context.support.AbstractDirtiesContextTestExecutionListener:107 - After test method: context [DefaultTestContext@be616f0 testClass = SecurityIntegrationTest, testInstance = pro.abacus.javatutor.SecurityIntegrationTest@5ca86715, testMethod = loginUserAccessProtected@SecurityIntegrationTest, testException = java.lang.AssertionError: Authentication should not be null, mergedContextConfiguration = [WebMergedContextConfiguration@1f5d7fd5 testClass = SecurityIntegrationTest, locations = '{}', classes = '{class pro.abacus.javatutor.JavaTutorApplication}', contextInitializerClasses = '[]', activeProfiles = '{}', propertySourceLocations = '{}', propertySourceProperties = '{org.springframework.boot.test.context.SpringBootTestContextBootstrapper=true}', contextCustomizers = set[[ImportsContextCustomizer@cf08c97 key = [org.springframework.boot.test.autoconfigure.web.servlet.MockMvcAutoConfiguration, org.springframework.boot.test.autoconfigure.web.servlet.MockMvcSecurityAutoConfiguration, org.springframework.boot.test.autoconfigure.web.servlet.MockMvcWebClientAutoConfiguration, org.springframework.boot.test.autoconfigure.web.servlet.MockMvcWebDriverAutoConfiguration]], org.springframework.boot.test.context.filter.ExcludeFilterContextCustomizer@290dbf45, org.springframework.boot.test.json.DuplicateJsonObjectContextCustomizerFactory$DuplicateJsonObjectContextCustomizer@69a10787, org.springframework.boot.test.mock.mockito.MockitoContextCustomizer@0, org.springframework.boot.test.web.client.TestRestTemplateContextCustomizer@712cfb63, org.springframework.boot.test.autoconfigure.properties.PropertyMappingContextCustomizer@e7e8512, org.springframework.boot.test.autoconfigure.web.servlet.WebDriverContextCustomizerFactory$Customizer@7f9fcf7f], resourceBasePath = 'src/main/webapp', contextLoader = 'org.springframework.boot.test.context.SpringBootContextLoader', parent = [null]], attributes = map['org.springframework.test.context.web.ServletTestExecutionListener.activateListener' -> true, 'org.springframework.test.context.web.ServletTestExecutionListener.populatedRequestContextHolder' -> true, 'org.springframework.test.context.web.ServletTestExecutionListener.resetRequestContextHolder' -> true]], class annotated with @DirtiesContext [false] with mode [null], method annotated with @DirtiesContext [false] with mode [null].
10:44:38,832 DEBUG org.springframework.test.context.support.AbstractDirtiesContextTestExecutionListener:107 - After test method: context [DefaultTestContext@be616f0 testClass = SecurityIntegrationTest, testInstance = pro.abacus.javatutor.SecurityIntegrationTest@5ca86715, testMethod = loginUserAccessProtected@SecurityIntegrationTest, testException = java.lang.AssertionError: Authentication should not be null, mergedContextConfiguration = [WebMergedContextConfiguration@1f5d7fd5 testClass = SecurityIntegrationTest, locations = '{}', classes = '{class pro.abacus.javatutor.JavaTutorApplication}', contextInitializerClasses = '[]', activeProfiles = '{}', propertySourceLocations = '{}', propertySourceProperties = '{org.springframework.boot.test.context.SpringBootTestContextBootstrapper=true}', contextCustomizers = set[[ImportsContextCustomizer@cf08c97 key = [org.springframework.boot.test.autoconfigure.web.servlet.MockMvcAutoConfiguration, org.springframework.boot.test.autoconfigure.web.servlet.MockMvcSecurityAutoConfiguration, org.springframework.boot.test.autoconfigure.web.servlet.MockMvcWebClientAutoConfiguration, org.springframework.boot.test.autoconfigure.web.servlet.MockMvcWebDriverAutoConfiguration]], org.springframework.boot.test.context.filter.ExcludeFilterContextCustomizer@290dbf45, org.springframework.boot.test.json.DuplicateJsonObjectContextCustomizerFactory$DuplicateJsonObjectContextCustomizer@69a10787, org.springframework.boot.test.mock.mockito.MockitoContextCustomizer@0, org.springframework.boot.test.web.client.TestRestTemplateContextCustomizer@712cfb63, org.springframework.boot.test.autoconfigure.properties.PropertyMappingContextCustomizer@e7e8512, org.springframework.boot.test.autoconfigure.web.servlet.WebDriverContextCustomizerFactory$Customizer@7f9fcf7f], resourceBasePath = 'src/main/webapp', contextLoader = 'org.springframework.boot.test.context.SpringBootContextLoader', parent = [null]], attributes = map['org.springframework.test.context.web.ServletTestExecutionListener.activateListener' -> true, 'org.springframework.test.context.web.ServletTestExecutionListener.populatedRequestContextHolder' -> true, 'org.springframework.test.context.web.ServletTestExecutionListener.resetRequestContextHolder' -> true]], class annotated with @DirtiesContext [false] with mode [null], method annotated with @DirtiesContext [false] with mode [null].
10:44:38,834 DEBUG org.springframework.test.context.web.ServletTestExecutionListener:166 - Resetting RequestContextHolder for test context [DefaultTestContext@be616f0 testClass = SecurityIntegrationTest, testInstance = pro.abacus.javatutor.SecurityIntegrationTest@5ca86715, testMethod = loginUserAccessProtected@SecurityIntegrationTest, testException = java.lang.AssertionError: Authentication should not be null, mergedContextConfiguration = [WebMergedContextConfiguration@1f5d7fd5 testClass = SecurityIntegrationTest, locations = '{}', classes = '{class pro.abacus.javatutor.JavaTutorApplication}', contextInitializerClasses = '[]', activeProfiles = '{}', propertySourceLocations = '{}', propertySourceProperties = '{org.springframework.boot.test.context.SpringBootTestContextBootstrapper=true}', contextCustomizers = set[[ImportsContextCustomizer@cf08c97 key = [org.springframework.boot.test.autoconfigure.web.servlet.MockMvcAutoConfiguration, org.springframework.boot.test.autoconfigure.web.servlet.MockMvcSecurityAutoConfiguration, org.springframework.boot.test.autoconfigure.web.servlet.MockMvcWebClientAutoConfiguration, org.springframework.boot.test.autoconfigure.web.servlet.MockMvcWebDriverAutoConfiguration]], org.springframework.boot.test.context.filter.ExcludeFilterContextCustomizer@290dbf45, org.springframework.boot.test.json.DuplicateJsonObjectContextCustomizerFactory$DuplicateJsonObjectContextCustomizer@69a10787, org.springframework.boot.test.mock.mockito.MockitoContextCustomizer@0, org.springframework.boot.test.web.client.TestRestTemplateContextCustomizer@712cfb63, org.springframework.boot.test.autoconfigure.properties.PropertyMappingContextCustomizer@e7e8512, org.springframework.boot.test.autoconfigure.web.servlet.WebDriverContextCustomizerFactory$Customizer@7f9fcf7f], resourceBasePath = 'src/main/webapp', contextLoader = 'org.springframework.boot.test.context.SpringBootContextLoader', parent = [null]], attributes = map['org.springframework.test.context.web.ServletTestExecutionListener.activateListener' -> true, 'org.springframework.test.context.web.ServletTestExecutionListener.populatedRequestContextHolder' -> true, 'org.springframework.test.context.web.ServletTestExecutionListener.resetRequestContextHolder' -> true]].
10:44:38,834 DEBUG org.springframework.test.context.web.ServletTestExecutionListener:166 - Resetting RequestContextHolder for test context [DefaultTestContext@be616f0 testClass = SecurityIntegrationTest, testInstance = pro.abacus.javatutor.SecurityIntegrationTest@5ca86715, testMethod = loginUserAccessProtected@SecurityIntegrationTest, testException = java.lang.AssertionError: Authentication should not be null, mergedContextConfiguration = [WebMergedContextConfiguration@1f5d7fd5 testClass = SecurityIntegrationTest, locations = '{}', classes = '{class pro.abacus.javatutor.JavaTutorApplication}', contextInitializerClasses = '[]', activeProfiles = '{}', propertySourceLocations = '{}', propertySourceProperties = '{org.springframework.boot.test.context.SpringBootTestContextBootstrapper=true}', contextCustomizers = set[[ImportsContextCustomizer@cf08c97 key = [org.springframework.boot.test.autoconfigure.web.servlet.MockMvcAutoConfiguration, org.springframework.boot.test.autoconfigure.web.servlet.MockMvcSecurityAutoConfiguration, org.springframework.boot.test.autoconfigure.web.servlet.MockMvcWebClientAutoConfiguration, org.springframework.boot.test.autoconfigure.web.servlet.MockMvcWebDriverAutoConfiguration]], org.springframework.boot.test.context.filter.ExcludeFilterContextCustomizer@290dbf45, org.springframework.boot.test.json.DuplicateJsonObjectContextCustomizerFactory$DuplicateJsonObjectContextCustomizer@69a10787, org.springframework.boot.test.mock.mockito.MockitoContextCustomizer@0, org.springframework.boot.test.web.client.TestRestTemplateContextCustomizer@712cfb63, org.springframework.boot.test.autoconfigure.properties.PropertyMappingContextCustomizer@e7e8512, org.springframework.boot.test.autoconfigure.web.servlet.WebDriverContextCustomizerFactory$Customizer@7f9fcf7f], resourceBasePath = 'src/main/webapp', contextLoader = 'org.springframework.boot.test.context.SpringBootContextLoader', parent = [null]], attributes = map['org.springframework.test.context.web.ServletTestExecutionListener.activateListener' -> true, 'org.springframework.test.context.web.ServletTestExecutionListener.populatedRequestContextHolder' -> true, 'org.springframework.test.context.web.ServletTestExecutionListener.resetRequestContextHolder' -> true]].
]]></system-out>
  </testcase>
  <testcase name="loginWithMockUser" classname="pro.abacus.javatutor.SecurityIntegrationTest" time="30.549">
    <error message="Request processing failed; nested exception is org.springframework.dao.DataAccessResourceFailureException: Timed out after 30000 ms while waiting to connect. Client view of cluster state is {type=UNKNOWN, servers=[{address=localhost:27017, type=UNKNOWN, state=CONNECTING, exception={com.mongodb.MongoSocketOpenException: Exception opening socket}, caused by {java.net.ConnectException: Connection refused: connect}}]; nested exception is com.mongodb.MongoTimeoutException: Timed out after 30000 ms while waiting to connect. Client view of cluster state is {type=UNKNOWN, servers=[{address=localhost:27017, type=UNKNOWN, state=CONNECTING, exception={com.mongodb.MongoSocketOpenException: Exception opening socket}, caused by {java.net.ConnectException: Connection refused: connect}}]" type="org.springframework.web.util.NestedServletException">org.springframework.web.util.NestedServletException: Request processing failed; nested exception is org.springframework.dao.DataAccessResourceFailureException: Timed out after 30000 ms while waiting to connect. Client view of cluster state is {type=UNKNOWN, servers=[{address=localhost:27017, type=UNKNOWN, state=CONNECTING, exception={com.mongodb.MongoSocketOpenException: Exception opening socket}, caused by {java.net.ConnectException: Connection refused: connect}}]; nested exception is com.mongodb.MongoTimeoutException: Timed out after 30000 ms while waiting to connect. Client view of cluster state is {type=UNKNOWN, servers=[{address=localhost:27017, type=UNKNOWN, state=CONNECTING, exception={com.mongodb.MongoSocketOpenException: Exception opening socket}, caused by {java.net.ConnectException: Connection refused: connect}}]
	at pro.abacus.javatutor.SecurityIntegrationTest.loginWithMockUser(SecurityIntegrationTest.java:59)
Caused by: org.springframework.dao.DataAccessResourceFailureException: Timed out after 30000 ms while waiting to connect. Client view of cluster state is {type=UNKNOWN, servers=[{address=localhost:27017, type=UNKNOWN, state=CONNECTING, exception={com.mongodb.MongoSocketOpenException: Exception opening socket}, caused by {java.net.ConnectException: Connection refused: connect}}]; nested exception is com.mongodb.MongoTimeoutException: Timed out after 30000 ms while waiting to connect. Client view of cluster state is {type=UNKNOWN, servers=[{address=localhost:27017, type=UNKNOWN, state=CONNECTING, exception={com.mongodb.MongoSocketOpenException: Exception opening socket}, caused by {java.net.ConnectException: Connection refused: connect}}]
	at pro.abacus.javatutor.SecurityIntegrationTest.loginWithMockUser(SecurityIntegrationTest.java:59)
Caused by: com.mongodb.MongoTimeoutException: Timed out after 30000 ms while waiting to connect. Client view of cluster state is {type=UNKNOWN, servers=[{address=localhost:27017, type=UNKNOWN, state=CONNECTING, exception={com.mongodb.MongoSocketOpenException: Exception opening socket}, caused by {java.net.ConnectException: Connection refused: connect}}]
	at pro.abacus.javatutor.SecurityIntegrationTest.loginWithMockUser(SecurityIntegrationTest.java:59)
</error>
    <system-out><![CDATA[10:44:38,836 DEBUG org.springframework.test.annotation.ProfileValueUtils:70 - Retrieved @ProfileValueSourceConfiguration [null] for test class [pro.abacus.javatutor.SecurityIntegrationTest]
10:44:38,836 DEBUG org.springframework.test.annotation.ProfileValueUtils:70 - Retrieved @ProfileValueSourceConfiguration [null] for test class [pro.abacus.javatutor.SecurityIntegrationTest]
10:44:38,837 DEBUG org.springframework.test.annotation.ProfileValueUtils:83 - Retrieved ProfileValueSource type [class org.springframework.test.annotation.SystemProfileValueSource] for class [pro.abacus.javatutor.SecurityIntegrationTest]
10:44:38,837 DEBUG org.springframework.test.annotation.ProfileValueUtils:83 - Retrieved ProfileValueSource type [class org.springframework.test.annotation.SystemProfileValueSource] for class [pro.abacus.javatutor.SecurityIntegrationTest]
10:44:38,837 TRACE org.springframework.test.context.TestContextManager:240 - prepareTestInstance(): instance [pro.abacus.javatutor.SecurityIntegrationTest@25e796fe]
10:44:38,837 TRACE org.springframework.test.context.TestContextManager:240 - prepareTestInstance(): instance [pro.abacus.javatutor.SecurityIntegrationTest@25e796fe]
10:44:38,838 DEBUG org.springframework.test.context.cache.DefaultCacheAwareContextLoaderDelegate:130 - Retrieved ApplicationContext from cache with key [[WebMergedContextConfiguration@1f5d7fd5 testClass = SecurityIntegrationTest, locations = '{}', classes = '{class pro.abacus.javatutor.JavaTutorApplication}', contextInitializerClasses = '[]', activeProfiles = '{}', propertySourceLocations = '{}', propertySourceProperties = '{org.springframework.boot.test.context.SpringBootTestContextBootstrapper=true}', contextCustomizers = set[[ImportsContextCustomizer@cf08c97 key = [org.springframework.boot.test.autoconfigure.web.servlet.MockMvcAutoConfiguration, org.springframework.boot.test.autoconfigure.web.servlet.MockMvcSecurityAutoConfiguration, org.springframework.boot.test.autoconfigure.web.servlet.MockMvcWebClientAutoConfiguration, org.springframework.boot.test.autoconfigure.web.servlet.MockMvcWebDriverAutoConfiguration]], org.springframework.boot.test.context.filter.ExcludeFilterContextCustomizer@290dbf45, org.springframework.boot.test.json.DuplicateJsonObjectContextCustomizerFactory$DuplicateJsonObjectContextCustomizer@69a10787, org.springframework.boot.test.mock.mockito.MockitoContextCustomizer@0, org.springframework.boot.test.web.client.TestRestTemplateContextCustomizer@712cfb63, org.springframework.boot.test.autoconfigure.properties.PropertyMappingContextCustomizer@e7e8512, org.springframework.boot.test.autoconfigure.web.servlet.WebDriverContextCustomizerFactory$Customizer@7f9fcf7f], resourceBasePath = 'src/main/webapp', contextLoader = 'org.springframework.boot.test.context.SpringBootContextLoader', parent = [null]]]
10:44:38,838 DEBUG org.springframework.test.context.cache.DefaultCacheAwareContextLoaderDelegate:130 - Retrieved ApplicationContext from cache with key [[WebMergedContextConfiguration@1f5d7fd5 testClass = SecurityIntegrationTest, locations = '{}', classes = '{class pro.abacus.javatutor.JavaTutorApplication}', contextInitializerClasses = '[]', activeProfiles = '{}', propertySourceLocations = '{}', propertySourceProperties = '{org.springframework.boot.test.context.SpringBootTestContextBootstrapper=true}', contextCustomizers = set[[ImportsContextCustomizer@cf08c97 key = [org.springframework.boot.test.autoconfigure.web.servlet.MockMvcAutoConfiguration, org.springframework.boot.test.autoconfigure.web.servlet.MockMvcSecurityAutoConfiguration, org.springframework.boot.test.autoconfigure.web.servlet.MockMvcWebClientAutoConfiguration, org.springframework.boot.test.autoconfigure.web.servlet.MockMvcWebDriverAutoConfiguration]], org.springframework.boot.test.context.filter.ExcludeFilterContextCustomizer@290dbf45, org.springframework.boot.test.json.DuplicateJsonObjectContextCustomizerFactory$DuplicateJsonObjectContextCustomizer@69a10787, org.springframework.boot.test.mock.mockito.MockitoContextCustomizer@0, org.springframework.boot.test.web.client.TestRestTemplateContextCustomizer@712cfb63, org.springframework.boot.test.autoconfigure.properties.PropertyMappingContextCustomizer@e7e8512, org.springframework.boot.test.autoconfigure.web.servlet.WebDriverContextCustomizerFactory$Customizer@7f9fcf7f], resourceBasePath = 'src/main/webapp', contextLoader = 'org.springframework.boot.test.context.SpringBootContextLoader', parent = [null]]]
10:44:38,839 DEBUG org.springframework.test.context.cache:290 - Spring test ApplicationContext cache statistics: [DefaultContextCache@1431267b size = 6, maxSize = 32, parentContextCount = 0, hitCount = 74, missCount = 6]
10:44:38,839 DEBUG org.springframework.test.context.cache:290 - Spring test ApplicationContext cache statistics: [DefaultContextCache@1431267b size = 6, maxSize = 32, parentContextCount = 0, hitCount = 74, missCount = 6]
10:44:38,839 DEBUG org.springframework.test.context.web.ServletTestExecutionListener:200 - Setting up MockHttpServletRequest, MockHttpServletResponse, ServletWebRequest, and RequestContextHolder for test context [DefaultTestContext@be616f0 testClass = SecurityIntegrationTest, testInstance = pro.abacus.javatutor.SecurityIntegrationTest@25e796fe, testMethod = [null], testException = [null], mergedContextConfiguration = [WebMergedContextConfiguration@1f5d7fd5 testClass = SecurityIntegrationTest, locations = '{}', classes = '{class pro.abacus.javatutor.JavaTutorApplication}', contextInitializerClasses = '[]', activeProfiles = '{}', propertySourceLocations = '{}', propertySourceProperties = '{org.springframework.boot.test.context.SpringBootTestContextBootstrapper=true}', contextCustomizers = set[[ImportsContextCustomizer@cf08c97 key = [org.springframework.boot.test.autoconfigure.web.servlet.MockMvcAutoConfiguration, org.springframework.boot.test.autoconfigure.web.servlet.MockMvcSecurityAutoConfiguration, org.springframework.boot.test.autoconfigure.web.servlet.MockMvcWebClientAutoConfiguration, org.springframework.boot.test.autoconfigure.web.servlet.MockMvcWebDriverAutoConfiguration]], org.springframework.boot.test.context.filter.ExcludeFilterContextCustomizer@290dbf45, org.springframework.boot.test.json.DuplicateJsonObjectContextCustomizerFactory$DuplicateJsonObjectContextCustomizer@69a10787, org.springframework.boot.test.mock.mockito.MockitoContextCustomizer@0, org.springframework.boot.test.web.client.TestRestTemplateContextCustomizer@712cfb63, org.springframework.boot.test.autoconfigure.properties.PropertyMappingContextCustomizer@e7e8512, org.springframework.boot.test.autoconfigure.web.servlet.WebDriverContextCustomizerFactory$Customizer@7f9fcf7f], resourceBasePath = 'src/main/webapp', contextLoader = 'org.springframework.boot.test.context.SpringBootContextLoader', parent = [null]], attributes = map['org.springframework.test.context.web.ServletTestExecutionListener.activateListener' -> true, 'org.springframework.test.context.support.DependencyInjectionTestExecutionListener.reinjectDependencies' -> true]].
10:44:38,839 DEBUG org.springframework.test.context.web.ServletTestExecutionListener:200 - Setting up MockHttpServletRequest, MockHttpServletResponse, ServletWebRequest, and RequestContextHolder for test context [DefaultTestContext@be616f0 testClass = SecurityIntegrationTest, testInstance = pro.abacus.javatutor.SecurityIntegrationTest@25e796fe, testMethod = [null], testException = [null], mergedContextConfiguration = [WebMergedContextConfiguration@1f5d7fd5 testClass = SecurityIntegrationTest, locations = '{}', classes = '{class pro.abacus.javatutor.JavaTutorApplication}', contextInitializerClasses = '[]', activeProfiles = '{}', propertySourceLocations = '{}', propertySourceProperties = '{org.springframework.boot.test.context.SpringBootTestContextBootstrapper=true}', contextCustomizers = set[[ImportsContextCustomizer@cf08c97 key = [org.springframework.boot.test.autoconfigure.web.servlet.MockMvcAutoConfiguration, org.springframework.boot.test.autoconfigure.web.servlet.MockMvcSecurityAutoConfiguration, org.springframework.boot.test.autoconfigure.web.servlet.MockMvcWebClientAutoConfiguration, org.springframework.boot.test.autoconfigure.web.servlet.MockMvcWebDriverAutoConfiguration]], org.springframework.boot.test.context.filter.ExcludeFilterContextCustomizer@290dbf45, org.springframework.boot.test.json.DuplicateJsonObjectContextCustomizerFactory$DuplicateJsonObjectContextCustomizer@69a10787, org.springframework.boot.test.mock.mockito.MockitoContextCustomizer@0, org.springframework.boot.test.web.client.TestRestTemplateContextCustomizer@712cfb63, org.springframework.boot.test.autoconfigure.properties.PropertyMappingContextCustomizer@e7e8512, org.springframework.boot.test.autoconfigure.web.servlet.WebDriverContextCustomizerFactory$Customizer@7f9fcf7f], resourceBasePath = 'src/main/webapp', contextLoader = 'org.springframework.boot.test.context.SpringBootContextLoader', parent = [null]], attributes = map['org.springframework.test.context.web.ServletTestExecutionListener.activateListener' -> true, 'org.springframework.test.context.support.DependencyInjectionTestExecutionListener.reinjectDependencies' -> true]].
10:44:38,844 DEBUG org.springframework.test.context.support.DependencyInjectionTestExecutionListener:81 - Performing dependency injection for test context [[DefaultTestContext@be616f0 testClass = SecurityIntegrationTest, testInstance = pro.abacus.javatutor.SecurityIntegrationTest@25e796fe, testMethod = [null], testException = [null], mergedContextConfiguration = [WebMergedContextConfiguration@1f5d7fd5 testClass = SecurityIntegrationTest, locations = '{}', classes = '{class pro.abacus.javatutor.JavaTutorApplication}', contextInitializerClasses = '[]', activeProfiles = '{}', propertySourceLocations = '{}', propertySourceProperties = '{org.springframework.boot.test.context.SpringBootTestContextBootstrapper=true}', contextCustomizers = set[[ImportsContextCustomizer@cf08c97 key = [org.springframework.boot.test.autoconfigure.web.servlet.MockMvcAutoConfiguration, org.springframework.boot.test.autoconfigure.web.servlet.MockMvcSecurityAutoConfiguration, org.springframework.boot.test.autoconfigure.web.servlet.MockMvcWebClientAutoConfiguration, org.springframework.boot.test.autoconfigure.web.servlet.MockMvcWebDriverAutoConfiguration]], org.springframework.boot.test.context.filter.ExcludeFilterContextCustomizer@290dbf45, org.springframework.boot.test.json.DuplicateJsonObjectContextCustomizerFactory$DuplicateJsonObjectContextCustomizer@69a10787, org.springframework.boot.test.mock.mockito.MockitoContextCustomizer@0, org.springframework.boot.test.web.client.TestRestTemplateContextCustomizer@712cfb63, org.springframework.boot.test.autoconfigure.properties.PropertyMappingContextCustomizer@e7e8512, org.springframework.boot.test.autoconfigure.web.servlet.WebDriverContextCustomizerFactory$Customizer@7f9fcf7f], resourceBasePath = 'src/main/webapp', contextLoader = 'org.springframework.boot.test.context.SpringBootContextLoader', parent = [null]], attributes = map['org.springframework.test.context.web.ServletTestExecutionListener.activateListener' -> true, 'org.springframework.test.context.web.ServletTestExecutionListener.populatedRequestContextHolder' -> true, 'org.springframework.test.context.web.ServletTestExecutionListener.resetRequestContextHolder' -> true, 'org.springframework.test.context.support.DependencyInjectionTestExecutionListener.reinjectDependencies' -> true]]].
10:44:38,844 DEBUG org.springframework.test.context.support.DependencyInjectionTestExecutionListener:81 - Performing dependency injection for test context [[DefaultTestContext@be616f0 testClass = SecurityIntegrationTest, testInstance = pro.abacus.javatutor.SecurityIntegrationTest@25e796fe, testMethod = [null], testException = [null], mergedContextConfiguration = [WebMergedContextConfiguration@1f5d7fd5 testClass = SecurityIntegrationTest, locations = '{}', classes = '{class pro.abacus.javatutor.JavaTutorApplication}', contextInitializerClasses = '[]', activeProfiles = '{}', propertySourceLocations = '{}', propertySourceProperties = '{org.springframework.boot.test.context.SpringBootTestContextBootstrapper=true}', contextCustomizers = set[[ImportsContextCustomizer@cf08c97 key = [org.springframework.boot.test.autoconfigure.web.servlet.MockMvcAutoConfiguration, org.springframework.boot.test.autoconfigure.web.servlet.MockMvcSecurityAutoConfiguration, org.springframework.boot.test.autoconfigure.web.servlet.MockMvcWebClientAutoConfiguration, org.springframework.boot.test.autoconfigure.web.servlet.MockMvcWebDriverAutoConfiguration]], org.springframework.boot.test.context.filter.ExcludeFilterContextCustomizer@290dbf45, org.springframework.boot.test.json.DuplicateJsonObjectContextCustomizerFactory$DuplicateJsonObjectContextCustomizer@69a10787, org.springframework.boot.test.mock.mockito.MockitoContextCustomizer@0, org.springframework.boot.test.web.client.TestRestTemplateContextCustomizer@712cfb63, org.springframework.boot.test.autoconfigure.properties.PropertyMappingContextCustomizer@e7e8512, org.springframework.boot.test.autoconfigure.web.servlet.WebDriverContextCustomizerFactory$Customizer@7f9fcf7f], resourceBasePath = 'src/main/webapp', contextLoader = 'org.springframework.boot.test.context.SpringBootContextLoader', parent = [null]], attributes = map['org.springframework.test.context.web.ServletTestExecutionListener.activateListener' -> true, 'org.springframework.test.context.web.ServletTestExecutionListener.populatedRequestContextHolder' -> true, 'org.springframework.test.context.web.ServletTestExecutionListener.resetRequestContextHolder' -> true, 'org.springframework.test.context.support.DependencyInjectionTestExecutionListener.reinjectDependencies' -> true]]].
10:44:38,848 DEBUG org.springframework.test.context.cache.DefaultCacheAwareContextLoaderDelegate:130 - Retrieved ApplicationContext from cache with key [[WebMergedContextConfiguration@1f5d7fd5 testClass = SecurityIntegrationTest, locations = '{}', classes = '{class pro.abacus.javatutor.JavaTutorApplication}', contextInitializerClasses = '[]', activeProfiles = '{}', propertySourceLocations = '{}', propertySourceProperties = '{org.springframework.boot.test.context.SpringBootTestContextBootstrapper=true}', contextCustomizers = set[[ImportsContextCustomizer@cf08c97 key = [org.springframework.boot.test.autoconfigure.web.servlet.MockMvcAutoConfiguration, org.springframework.boot.test.autoconfigure.web.servlet.MockMvcSecurityAutoConfiguration, org.springframework.boot.test.autoconfigure.web.servlet.MockMvcWebClientAutoConfiguration, org.springframework.boot.test.autoconfigure.web.servlet.MockMvcWebDriverAutoConfiguration]], org.springframework.boot.test.context.filter.ExcludeFilterContextCustomizer@290dbf45, org.springframework.boot.test.json.DuplicateJsonObjectContextCustomizerFactory$DuplicateJsonObjectContextCustomizer@69a10787, org.springframework.boot.test.mock.mockito.MockitoContextCustomizer@0, org.springframework.boot.test.web.client.TestRestTemplateContextCustomizer@712cfb63, org.springframework.boot.test.autoconfigure.properties.PropertyMappingContextCustomizer@e7e8512, org.springframework.boot.test.autoconfigure.web.servlet.WebDriverContextCustomizerFactory$Customizer@7f9fcf7f], resourceBasePath = 'src/main/webapp', contextLoader = 'org.springframework.boot.test.context.SpringBootContextLoader', parent = [null]]]
10:44:38,848 DEBUG org.springframework.test.context.cache.DefaultCacheAwareContextLoaderDelegate:130 - Retrieved ApplicationContext from cache with key [[WebMergedContextConfiguration@1f5d7fd5 testClass = SecurityIntegrationTest, locations = '{}', classes = '{class pro.abacus.javatutor.JavaTutorApplication}', contextInitializerClasses = '[]', activeProfiles = '{}', propertySourceLocations = '{}', propertySourceProperties = '{org.springframework.boot.test.context.SpringBootTestContextBootstrapper=true}', contextCustomizers = set[[ImportsContextCustomizer@cf08c97 key = [org.springframework.boot.test.autoconfigure.web.servlet.MockMvcAutoConfiguration, org.springframework.boot.test.autoconfigure.web.servlet.MockMvcSecurityAutoConfiguration, org.springframework.boot.test.autoconfigure.web.servlet.MockMvcWebClientAutoConfiguration, org.springframework.boot.test.autoconfigure.web.servlet.MockMvcWebDriverAutoConfiguration]], org.springframework.boot.test.context.filter.ExcludeFilterContextCustomizer@290dbf45, org.springframework.boot.test.json.DuplicateJsonObjectContextCustomizerFactory$DuplicateJsonObjectContextCustomizer@69a10787, org.springframework.boot.test.mock.mockito.MockitoContextCustomizer@0, org.springframework.boot.test.web.client.TestRestTemplateContextCustomizer@712cfb63, org.springframework.boot.test.autoconfigure.properties.PropertyMappingContextCustomizer@e7e8512, org.springframework.boot.test.autoconfigure.web.servlet.WebDriverContextCustomizerFactory$Customizer@7f9fcf7f], resourceBasePath = 'src/main/webapp', contextLoader = 'org.springframework.boot.test.context.SpringBootContextLoader', parent = [null]]]
10:44:38,848 DEBUG org.springframework.test.context.cache:290 - Spring test ApplicationContext cache statistics: [DefaultContextCache@1431267b size = 6, maxSize = 32, parentContextCount = 0, hitCount = 75, missCount = 6]
10:44:38,848 DEBUG org.springframework.test.context.cache:290 - Spring test ApplicationContext cache statistics: [DefaultContextCache@1431267b size = 6, maxSize = 32, parentContextCount = 0, hitCount = 75, missCount = 6]
10:44:38,849 DEBUG org.springframework.beans.factory.annotation.InjectionMetadata:89 - Processing injected element of bean 'pro.abacus.javatutor.SecurityIntegrationTest': AutowiredFieldElement for private org.springframework.test.web.servlet.MockMvc pro.abacus.javatutor.SecurityIntegrationTest.mockMvc
10:44:38,849 DEBUG org.springframework.beans.factory.annotation.InjectionMetadata:89 - Processing injected element of bean 'pro.abacus.javatutor.SecurityIntegrationTest': AutowiredFieldElement for private org.springframework.test.web.servlet.MockMvc pro.abacus.javatutor.SecurityIntegrationTest.mockMvc
10:44:38,850 DEBUG org.springframework.beans.factory.support.DefaultListableBeanFactory:254 - Returning cached instance of singleton bean 'mockMvc'
10:44:38,850 DEBUG org.springframework.beans.factory.support.DefaultListableBeanFactory:254 - Returning cached instance of singleton bean 'mockMvc'
10:44:38,851 TRACE org.springframework.test.context.TestContextManager:512 - beforeTestMethod(): instance [pro.abacus.javatutor.SecurityIntegrationTest@25e796fe], method [public void pro.abacus.javatutor.SecurityIntegrationTest.loginWithMockUser() throws java.lang.Exception]
10:44:38,851 TRACE org.springframework.test.context.TestContextManager:512 - beforeTestMethod(): instance [pro.abacus.javatutor.SecurityIntegrationTest@25e796fe], method [public void pro.abacus.javatutor.SecurityIntegrationTest.loginWithMockUser() throws java.lang.Exception]
10:44:38,852 DEBUG org.springframework.test.context.support.AbstractDirtiesContextTestExecutionListener:107 - Before test method: context [DefaultTestContext@be616f0 testClass = SecurityIntegrationTest, testInstance = pro.abacus.javatutor.SecurityIntegrationTest@25e796fe, testMethod = loginWithMockUser@SecurityIntegrationTest, testException = [null], mergedContextConfiguration = [WebMergedContextConfiguration@1f5d7fd5 testClass = SecurityIntegrationTest, locations = '{}', classes = '{class pro.abacus.javatutor.JavaTutorApplication}', contextInitializerClasses = '[]', activeProfiles = '{}', propertySourceLocations = '{}', propertySourceProperties = '{org.springframework.boot.test.context.SpringBootTestContextBootstrapper=true}', contextCustomizers = set[[ImportsContextCustomizer@cf08c97 key = [org.springframework.boot.test.autoconfigure.web.servlet.MockMvcAutoConfiguration, org.springframework.boot.test.autoconfigure.web.servlet.MockMvcSecurityAutoConfiguration, org.springframework.boot.test.autoconfigure.web.servlet.MockMvcWebClientAutoConfiguration, org.springframework.boot.test.autoconfigure.web.servlet.MockMvcWebDriverAutoConfiguration]], org.springframework.boot.test.context.filter.ExcludeFilterContextCustomizer@290dbf45, org.springframework.boot.test.json.DuplicateJsonObjectContextCustomizerFactory$DuplicateJsonObjectContextCustomizer@69a10787, org.springframework.boot.test.mock.mockito.MockitoContextCustomizer@0, org.springframework.boot.test.web.client.TestRestTemplateContextCustomizer@712cfb63, org.springframework.boot.test.autoconfigure.properties.PropertyMappingContextCustomizer@e7e8512, org.springframework.boot.test.autoconfigure.web.servlet.WebDriverContextCustomizerFactory$Customizer@7f9fcf7f], resourceBasePath = 'src/main/webapp', contextLoader = 'org.springframework.boot.test.context.SpringBootContextLoader', parent = [null]], attributes = map['org.springframework.test.context.web.ServletTestExecutionListener.activateListener' -> true, 'org.springframework.test.context.web.ServletTestExecutionListener.populatedRequestContextHolder' -> true, 'org.springframework.test.context.web.ServletTestExecutionListener.resetRequestContextHolder' -> true]], class annotated with @DirtiesContext [false] with mode [null], method annotated with @DirtiesContext [false] with mode [null].
10:44:38,852 DEBUG org.springframework.test.context.support.AbstractDirtiesContextTestExecutionListener:107 - Before test method: context [DefaultTestContext@be616f0 testClass = SecurityIntegrationTest, testInstance = pro.abacus.javatutor.SecurityIntegrationTest@25e796fe, testMethod = loginWithMockUser@SecurityIntegrationTest, testException = [null], mergedContextConfiguration = [WebMergedContextConfiguration@1f5d7fd5 testClass = SecurityIntegrationTest, locations = '{}', classes = '{class pro.abacus.javatutor.JavaTutorApplication}', contextInitializerClasses = '[]', activeProfiles = '{}', propertySourceLocations = '{}', propertySourceProperties = '{org.springframework.boot.test.context.SpringBootTestContextBootstrapper=true}', contextCustomizers = set[[ImportsContextCustomizer@cf08c97 key = [org.springframework.boot.test.autoconfigure.web.servlet.MockMvcAutoConfiguration, org.springframework.boot.test.autoconfigure.web.servlet.MockMvcSecurityAutoConfiguration, org.springframework.boot.test.autoconfigure.web.servlet.MockMvcWebClientAutoConfiguration, org.springframework.boot.test.autoconfigure.web.servlet.MockMvcWebDriverAutoConfiguration]], org.springframework.boot.test.context.filter.ExcludeFilterContextCustomizer@290dbf45, org.springframework.boot.test.json.DuplicateJsonObjectContextCustomizerFactory$DuplicateJsonObjectContextCustomizer@69a10787, org.springframework.boot.test.mock.mockito.MockitoContextCustomizer@0, org.springframework.boot.test.web.client.TestRestTemplateContextCustomizer@712cfb63, org.springframework.boot.test.autoconfigure.properties.PropertyMappingContextCustomizer@e7e8512, org.springframework.boot.test.autoconfigure.web.servlet.WebDriverContextCustomizerFactory$Customizer@7f9fcf7f], resourceBasePath = 'src/main/webapp', contextLoader = 'org.springframework.boot.test.context.SpringBootContextLoader', parent = [null]], attributes = map['org.springframework.test.context.web.ServletTestExecutionListener.activateListener' -> true, 'org.springframework.test.context.web.ServletTestExecutionListener.populatedRequestContextHolder' -> true, 'org.springframework.test.context.web.ServletTestExecutionListener.resetRequestContextHolder' -> true]], class annotated with @DirtiesContext [false] with mode [null], method annotated with @DirtiesContext [false] with mode [null].
10:44:38,854 DEBUG org.springframework.test.context.cache.DefaultCacheAwareContextLoaderDelegate:130 - Retrieved ApplicationContext from cache with key [[WebMergedContextConfiguration@1f5d7fd5 testClass = SecurityIntegrationTest, locations = '{}', classes = '{class pro.abacus.javatutor.JavaTutorApplication}', contextInitializerClasses = '[]', activeProfiles = '{}', propertySourceLocations = '{}', propertySourceProperties = '{org.springframework.boot.test.context.SpringBootTestContextBootstrapper=true}', contextCustomizers = set[[ImportsContextCustomizer@cf08c97 key = [org.springframework.boot.test.autoconfigure.web.servlet.MockMvcAutoConfiguration, org.springframework.boot.test.autoconfigure.web.servlet.MockMvcSecurityAutoConfiguration, org.springframework.boot.test.autoconfigure.web.servlet.MockMvcWebClientAutoConfiguration, org.springframework.boot.test.autoconfigure.web.servlet.MockMvcWebDriverAutoConfiguration]], org.springframework.boot.test.context.filter.ExcludeFilterContextCustomizer@290dbf45, org.springframework.boot.test.json.DuplicateJsonObjectContextCustomizerFactory$DuplicateJsonObjectContextCustomizer@69a10787, org.springframework.boot.test.mock.mockito.MockitoContextCustomizer@0, org.springframework.boot.test.web.client.TestRestTemplateContextCustomizer@712cfb63, org.springframework.boot.test.autoconfigure.properties.PropertyMappingContextCustomizer@e7e8512, org.springframework.boot.test.autoconfigure.web.servlet.WebDriverContextCustomizerFactory$Customizer@7f9fcf7f], resourceBasePath = 'src/main/webapp', contextLoader = 'org.springframework.boot.test.context.SpringBootContextLoader', parent = [null]]]
10:44:38,854 DEBUG org.springframework.test.context.cache.DefaultCacheAwareContextLoaderDelegate:130 - Retrieved ApplicationContext from cache with key [[WebMergedContextConfiguration@1f5d7fd5 testClass = SecurityIntegrationTest, locations = '{}', classes = '{class pro.abacus.javatutor.JavaTutorApplication}', contextInitializerClasses = '[]', activeProfiles = '{}', propertySourceLocations = '{}', propertySourceProperties = '{org.springframework.boot.test.context.SpringBootTestContextBootstrapper=true}', contextCustomizers = set[[ImportsContextCustomizer@cf08c97 key = [org.springframework.boot.test.autoconfigure.web.servlet.MockMvcAutoConfiguration, org.springframework.boot.test.autoconfigure.web.servlet.MockMvcSecurityAutoConfiguration, org.springframework.boot.test.autoconfigure.web.servlet.MockMvcWebClientAutoConfiguration, org.springframework.boot.test.autoconfigure.web.servlet.MockMvcWebDriverAutoConfiguration]], org.springframework.boot.test.context.filter.ExcludeFilterContextCustomizer@290dbf45, org.springframework.boot.test.json.DuplicateJsonObjectContextCustomizerFactory$DuplicateJsonObjectContextCustomizer@69a10787, org.springframework.boot.test.mock.mockito.MockitoContextCustomizer@0, org.springframework.boot.test.web.client.TestRestTemplateContextCustomizer@712cfb63, org.springframework.boot.test.autoconfigure.properties.PropertyMappingContextCustomizer@e7e8512, org.springframework.boot.test.autoconfigure.web.servlet.WebDriverContextCustomizerFactory$Customizer@7f9fcf7f], resourceBasePath = 'src/main/webapp', contextLoader = 'org.springframework.boot.test.context.SpringBootContextLoader', parent = [null]]]
10:44:38,855 DEBUG org.springframework.test.context.cache:290 - Spring test ApplicationContext cache statistics: [DefaultContextCache@1431267b size = 6, maxSize = 32, parentContextCount = 0, hitCount = 76, missCount = 6]
10:44:38,855 DEBUG org.springframework.test.context.cache:290 - Spring test ApplicationContext cache statistics: [DefaultContextCache@1431267b size = 6, maxSize = 32, parentContextCount = 0, hitCount = 76, missCount = 6]
10:44:38,856 DEBUG org.springframework.beans.factory.support.DefaultListableBeanFactory:466 - Creating instance of bean 'org.springframework.security.test.context.support.WithMockUserSecurityContextFactory'
10:44:38,856 DEBUG org.springframework.beans.factory.support.DefaultListableBeanFactory:466 - Creating instance of bean 'org.springframework.security.test.context.support.WithMockUserSecurityContextFactory'
10:44:38,866 TRACE org.springframework.beans.CachedIntrospectionResults:271 - Getting BeanInfo for class [org.springframework.security.test.context.support.WithMockUserSecurityContextFactory]
10:44:38,866 TRACE org.springframework.beans.CachedIntrospectionResults:271 - Getting BeanInfo for class [org.springframework.security.test.context.support.WithMockUserSecurityContextFactory]
10:44:38,871 TRACE org.springframework.beans.CachedIntrospectionResults:276 - Caching PropertyDescriptors for class [org.springframework.security.test.context.support.WithMockUserSecurityContextFactory]
10:44:38,871 TRACE org.springframework.beans.CachedIntrospectionResults:276 - Caching PropertyDescriptors for class [org.springframework.security.test.context.support.WithMockUserSecurityContextFactory]
10:44:38,872 TRACE org.springframework.beans.CachedIntrospectionResults:289 - Found bean property 'class' of type [java.lang.Class]
10:44:38,872 TRACE org.springframework.beans.CachedIntrospectionResults:289 - Found bean property 'class' of type [java.lang.Class]
10:44:38,880 DEBUG org.springframework.beans.factory.support.DefaultListableBeanFactory:254 - Returning cached instance of singleton bean 'metaDataSourceAdvisor'
10:44:38,880 DEBUG org.springframework.beans.factory.support.DefaultListableBeanFactory:254 - Returning cached instance of singleton bean 'metaDataSourceAdvisor'
10:44:38,881 TRACE org.springframework.security.access.prepost.PrePostAnnotationSecurityMetadataSource:63 - Looking for Pre/Post annotations for method 'createSecurityContext' on target class 'class org.springframework.security.test.context.support.WithMockUserSecurityContextFactory'
10:44:38,881 TRACE org.springframework.security.access.prepost.PrePostAnnotationSecurityMetadataSource:63 - Looking for Pre/Post annotations for method 'createSecurityContext' on target class 'class org.springframework.security.test.context.support.WithMockUserSecurityContextFactory'
10:44:38,882 TRACE org.springframework.security.access.prepost.PrePostAnnotationSecurityMetadataSource:76 - No expression annotations found
10:44:38,882 TRACE org.springframework.security.access.prepost.PrePostAnnotationSecurityMetadataSource:76 - No expression annotations found
10:44:38,882 TRACE org.springframework.security.access.prepost.PrePostAnnotationSecurityMetadataSource:63 - Looking for Pre/Post annotations for method 'createSecurityContext' on target class 'class org.springframework.security.test.context.support.WithMockUserSecurityContextFactory'
10:44:38,882 TRACE org.springframework.security.access.prepost.PrePostAnnotationSecurityMetadataSource:63 - Looking for Pre/Post annotations for method 'createSecurityContext' on target class 'class org.springframework.security.test.context.support.WithMockUserSecurityContextFactory'
10:44:38,883 TRACE org.springframework.security.access.prepost.PrePostAnnotationSecurityMetadataSource:76 - No expression annotations found
10:44:38,883 TRACE org.springframework.security.access.prepost.PrePostAnnotationSecurityMetadataSource:76 - No expression annotations found
10:44:38,883 TRACE org.springframework.security.access.prepost.PrePostAnnotationSecurityMetadataSource:63 - Looking for Pre/Post annotations for method 'createSecurityContext' on target class 'class org.springframework.security.test.context.support.WithMockUserSecurityContextFactory'
10:44:38,883 TRACE org.springframework.security.access.prepost.PrePostAnnotationSecurityMetadataSource:63 - Looking for Pre/Post annotations for method 'createSecurityContext' on target class 'class org.springframework.security.test.context.support.WithMockUserSecurityContextFactory'
10:44:38,884 TRACE org.springframework.security.access.prepost.PrePostAnnotationSecurityMetadataSource:76 - No expression annotations found
10:44:38,884 TRACE org.springframework.security.access.prepost.PrePostAnnotationSecurityMetadataSource:76 - No expression annotations found
10:44:38,884 DEBUG org.springframework.beans.factory.support.DefaultListableBeanFactory:503 - Finished creating instance of bean 'org.springframework.security.test.context.support.WithMockUserSecurityContextFactory'
10:44:38,884 DEBUG org.springframework.beans.factory.support.DefaultListableBeanFactory:503 - Finished creating instance of bean 'org.springframework.security.test.context.support.WithMockUserSecurityContextFactory'
10:44:38,891 DEBUG org.springframework.test.context.cache.DefaultCacheAwareContextLoaderDelegate:130 - Retrieved ApplicationContext from cache with key [[WebMergedContextConfiguration@1f5d7fd5 testClass = SecurityIntegrationTest, locations = '{}', classes = '{class pro.abacus.javatutor.JavaTutorApplication}', contextInitializerClasses = '[]', activeProfiles = '{}', propertySourceLocations = '{}', propertySourceProperties = '{org.springframework.boot.test.context.SpringBootTestContextBootstrapper=true}', contextCustomizers = set[[ImportsContextCustomizer@cf08c97 key = [org.springframework.boot.test.autoconfigure.web.servlet.MockMvcAutoConfiguration, org.springframework.boot.test.autoconfigure.web.servlet.MockMvcSecurityAutoConfiguration, org.springframework.boot.test.autoconfigure.web.servlet.MockMvcWebClientAutoConfiguration, org.springframework.boot.test.autoconfigure.web.servlet.MockMvcWebDriverAutoConfiguration]], org.springframework.boot.test.context.filter.ExcludeFilterContextCustomizer@290dbf45, org.springframework.boot.test.json.DuplicateJsonObjectContextCustomizerFactory$DuplicateJsonObjectContextCustomizer@69a10787, org.springframework.boot.test.mock.mockito.MockitoContextCustomizer@0, org.springframework.boot.test.web.client.TestRestTemplateContextCustomizer@712cfb63, org.springframework.boot.test.autoconfigure.properties.PropertyMappingContextCustomizer@e7e8512, org.springframework.boot.test.autoconfigure.web.servlet.WebDriverContextCustomizerFactory$Customizer@7f9fcf7f], resourceBasePath = 'src/main/webapp', contextLoader = 'org.springframework.boot.test.context.SpringBootContextLoader', parent = [null]]]
10:44:38,891 DEBUG org.springframework.test.context.cache.DefaultCacheAwareContextLoaderDelegate:130 - Retrieved ApplicationContext from cache with key [[WebMergedContextConfiguration@1f5d7fd5 testClass = SecurityIntegrationTest, locations = '{}', classes = '{class pro.abacus.javatutor.JavaTutorApplication}', contextInitializerClasses = '[]', activeProfiles = '{}', propertySourceLocations = '{}', propertySourceProperties = '{org.springframework.boot.test.context.SpringBootTestContextBootstrapper=true}', contextCustomizers = set[[ImportsContextCustomizer@cf08c97 key = [org.springframework.boot.test.autoconfigure.web.servlet.MockMvcAutoConfiguration, org.springframework.boot.test.autoconfigure.web.servlet.MockMvcSecurityAutoConfiguration, org.springframework.boot.test.autoconfigure.web.servlet.MockMvcWebClientAutoConfiguration, org.springframework.boot.test.autoconfigure.web.servlet.MockMvcWebDriverAutoConfiguration]], org.springframework.boot.test.context.filter.ExcludeFilterContextCustomizer@290dbf45, org.springframework.boot.test.json.DuplicateJsonObjectContextCustomizerFactory$DuplicateJsonObjectContextCustomizer@69a10787, org.springframework.boot.test.mock.mockito.MockitoContextCustomizer@0, org.springframework.boot.test.web.client.TestRestTemplateContextCustomizer@712cfb63, org.springframework.boot.test.autoconfigure.properties.PropertyMappingContextCustomizer@e7e8512, org.springframework.boot.test.autoconfigure.web.servlet.WebDriverContextCustomizerFactory$Customizer@7f9fcf7f], resourceBasePath = 'src/main/webapp', contextLoader = 'org.springframework.boot.test.context.SpringBootContextLoader', parent = [null]]]
10:44:38,896 DEBUG org.springframework.test.context.cache:290 - Spring test ApplicationContext cache statistics: [DefaultContextCache@1431267b size = 6, maxSize = 32, parentContextCount = 0, hitCount = 77, missCount = 6]
10:44:38,896 DEBUG org.springframework.test.context.cache:290 - Spring test ApplicationContext cache statistics: [DefaultContextCache@1431267b size = 6, maxSize = 32, parentContextCount = 0, hitCount = 77, missCount = 6]
10:44:38,898 DEBUG org.springframework.beans.factory.support.DefaultListableBeanFactory:254 - Returning cached instance of singleton bean 'org.springframework.boot.test.mock.mockito.MockitoBeans'
10:44:38,898 DEBUG org.springframework.beans.factory.support.DefaultListableBeanFactory:254 - Returning cached instance of singleton bean 'org.springframework.boot.test.mock.mockito.MockitoBeans'
10:44:38,901 TRACE org.springframework.test.context.TestContextManager:512 - beforeTestExecution(): instance [pro.abacus.javatutor.SecurityIntegrationTest@25e796fe], method [public void pro.abacus.javatutor.SecurityIntegrationTest.loginWithMockUser() throws java.lang.Exception]
10:44:38,901 TRACE org.springframework.test.context.TestContextManager:512 - beforeTestExecution(): instance [pro.abacus.javatutor.SecurityIntegrationTest@25e796fe], method [public void pro.abacus.javatutor.SecurityIntegrationTest.loginWithMockUser() throws java.lang.Exception]
10:44:38,902 TRACE org.springframework.beans.factory.support.DefaultListableBeanFactory:684 - No bean named 'flashMapManager' found in org.springframework.beans.factory.support.DefaultListableBeanFactory@839755f: defining beans [org.springframework.context.annotation.internalConfigurationAnnotationProcessor,org.springframework.context.annotation.internalAutowiredAnnotationProcessor,org.springframework.context.annotation.internalRequiredAnnotationProcessor,org.springframework.context.annotation.internalCommonAnnotationProcessor,org.springframework.context.event.internalEventListenerProcessor,org.springframework.context.event.internalEventListenerFactory,org.springframework.boot.test.context.ImportsContextCustomizer$ImportsCleanupPostProcessor,org.springframework.boot.test.mock.mockito.MockitoPostProcessor$SpyPostProcessor,org.springframework.boot.test.mock.mockito.MockitoPostProcessor,javaTutorApplication,org.springframework.boot.autoconfigure.internalCachingMetadataReaderFactory,questionRestController,registrationController,databaseConfiguration,userDetailsServiceImpl,securityConfiguration,javaQuestionsServiceImpl,userServiceImpl,org.springframework.boot.autoconfigure.condition.BeanTypeRegistry,org.springframework.boot.autoconfigure.mongo.MongoAutoConfiguration,mongo,spring.data.mongodb-org.springframework.boot.autoconfigure.mongo.MongoProperties,org.springframework.boot.context.properties.ConfigurationPropertiesBindingPostProcessor,org.springframework.boot.context.properties.ConfigurationBeanFactoryMetadata,validatingMongoEventListener,validator,org.springframework.data.mongodb.repository.config.MongoRepositoryConfigurationExtension#0,mongoMappingContext,userRepository,authorityRepository,javaQuestionRepository,org.springframework.security.config.annotation.configuration.ObjectPostProcessorConfiguration,objectPostProcessor,org.springframework.security.config.annotation.authentication.configuration.AuthenticationConfiguration,authenticationManagerBuilder,enableGlobalAuthenticationAutowiredConfigurer,initializeUserDetailsBeanManagerConfigurer,initializeAuthenticationProviderBeanManagerConfigurer,org.springframework.security.config.annotation.web.configuration.WebSecurityConfiguration,delegatingApplicationListener,webSecurityExpressionHandler,springSecurityFilterChain,privilegeEvaluator,autowiredWebSecurityConfigurersIgnoreParents,org.springframework.security.config.annotation.web.configuration.WebMvcSecurityConfiguration,requestDataValueProcessor,org.springframework.security.config.annotation.method.configuration.GlobalMethodSecurityConfiguration,methodSecurityInterceptor,methodSecurityMetadataSource,preInvocationAuthorizationAdvice,authSuccessHandler,authFailureHandler,logoutSuccessHandlerImpl,bCryptPasswordEncoder,corsConfigurationSource,metaDataSourceAdvisor,org.springframework.aop.config.internalAutoProxyCreator,org.springframework.boot.autoconfigure.AutoConfigurationPackages,org.springframework.boot.autoconfigure.context.PropertyPlaceholderAutoConfiguration,propertySourcesPlaceholderConfigurer,org.springframework.boot.autoconfigure.websocket.servlet.WebSocketServletAutoConfiguration$TomcatWebSocketConfiguration,websocketContainerCustomizer,org.springframework.boot.autoconfigure.websocket.servlet.WebSocketServletAutoConfiguration,org.springframework.boot.autoconfigure.web.servlet.ServletWebServerFactoryConfiguration$EmbeddedTomcat,tomcatServletWebServerFactory,org.springframework.boot.autoconfigure.web.servlet.ServletWebServerFactoryAutoConfiguration,servletWebServerFactoryCustomizer,tomcatServletWebServerFactoryCustomizer,server-org.springframework.boot.autoconfigure.web.ServerProperties,webServerFactoryCustomizerBeanPostProcessor,errorPageRegistrarBeanPostProcessor,org.springframework.boot.autoconfigure.web.servlet.DispatcherServletAutoConfiguration$DispatcherServletConfiguration,dispatcherServlet,mainDispatcherServletPathProvider,spring.mvc-org.springframework.boot.autoconfigure.web.servlet.WebMvcProperties,org.springframework.boot.autoconfigure.web.servlet.DispatcherServletAutoConfiguration$DispatcherServletRegistrationConfiguration,dispatcherServletRegistration,org.springframework.boot.autoconfigure.web.servlet.DispatcherServletAutoConfiguration,org.springframework.boot.autoconfigure.validation.ValidationAutoConfiguration,methodValidationPostProcessor,org.springframework.boot.autoconfigure.web.servlet.error.ErrorMvcAutoConfiguration$WhitelabelErrorViewConfiguration,error,beanNameViewResolver,org.springframework.boot.autoconfigure.web.servlet.error.ErrorMvcAutoConfiguration$DefaultErrorViewResolverConfiguration,conventionErrorViewResolver,org.springframework.boot.autoconfigure.web.servlet.error.ErrorMvcAutoConfiguration,errorAttributes,basicErrorController,errorPageCustomizer,preserveErrorControllerTargetClassPostProcessor,spring.resources-org.springframework.boot.autoconfigure.web.ResourceProperties,org.springframework.boot.autoconfigure.web.servlet.WebMvcAutoConfiguration$WebMvcAutoConfigurationAdapter$FaviconConfiguration,faviconHandlerMapping,faviconRequestHandler,org.springframework.boot.autoconfigure.web.servlet.WebMvcAutoConfiguration$EnableWebMvcConfiguration,requestMappingHandlerAdapter,requestMappingHandlerMapping,mvcConversionService,mvcValidator,mvcContentNegotiationManager,mvcPathMatcher,mvcUrlPathHelper,viewControllerHandlerMapping,beanNameHandlerMapping,resourceHandlerMapping,mvcResourceUrlProvider,defaultServletHandlerMapping,mvcUriComponentsContributor,httpRequestHandlerAdapter,simpleControllerHandlerAdapter,handlerExceptionResolver,mvcViewResolver,mvcHandlerMappingIntrospector,org.springframework.boot.autoconfigure.web.servlet.WebMvcAutoConfiguration$WebMvcAutoConfigurationAdapter,defaultViewResolver,viewResolver,welcomePageHandlerMapping,requestContextFilter,org.springframework.boot.autoconfigure.web.servlet.WebMvcAutoConfiguration,hiddenHttpMethodFilter,httpPutFormContentFilter,org.springframework.boot.actuate.autoconfigure.audit.AuditAutoConfiguration$AuditEventRepositoryConfiguration,auditEventRepository,org.springframework.boot.actuate.autoconfigure.audit.AuditAutoConfiguration,auditListener,authenticationAuditListener,authorizationAuditListener,org.springframework.boot.actuate.autoconfigure.audit.AuditEventsEndpointAutoConfiguration,auditEventsEndpoint,org.springframework.boot.actuate.autoconfigure.beans.BeansEndpointAutoConfiguration,beansEndpoint,org.springframework.boot.actuate.autoconfigure.system.DiskSpaceHealthIndicatorAutoConfiguration,diskSpaceHealthIndicator,diskSpaceHealthIndicatorProperties,org.springframework.boot.autoconfigure.data.mongo.MongoDataAutoConfiguration,mongoDbFactory,mongoTemplate,mappingMongoConverter,gridFsTemplate,mongoCustomConversions,org.springframework.boot.actuate.autoconfigure.mongo.MongoHealthIndicatorConfiguration,mongoHealthIndicator,org.springframework.boot.actuate.autoconfigure.mongo.MongoHealthIndicatorAutoConfiguration,org.springframework.boot.actuate.autoconfigure.redis.RedisHealthIndicatorAutoConfiguration,org.springframework.boot.actuate.autoconfigure.elasticsearch.ElasticsearchHealthIndicatorAutoConfiguration,org.springframework.boot.actuate.autoconfigure.health.HealthIndicatorAutoConfiguration,healthAggregator,management.health.status-org.springframework.boot.actuate.autoconfigure.health.HealthIndicatorProperties,org.springframework.boot.actuate.autoconfigure.health.HealthEndpointConfiguration,healthEndpoint,org.springframework.boot.actuate.autoconfigure.health.HealthEndpointWebExtensionConfiguration$ServletWebHealthConfiguration,healthEndpointWebExtension,org.springframework.boot.actuate.autoconfigure.health.HealthEndpointWebExtensionConfiguration,createHealthStatusHttpMapper,healthWebEndpointResponseMapper,org.springframework.boot.actuate.autoconfigure.health.HealthEndpointAutoConfiguration,management.endpoint.health-org.springframework.boot.actuate.autoconfigure.health.HealthEndpointProperties,org.springframework.boot.actuate.autoconfigure.web.servlet.ServletManagementContextAutoConfiguration,servletWebChildContextFactory,managementServletContext,org.springframework.boot.actuate.autoconfigure.condition.ConditionsReportEndpointAutoConfiguration,conditionsReportEndpoint,org.springframework.boot.actuate.autoconfigure.context.ShutdownEndpointAutoConfiguration,org.springframework.boot.actuate.autoconfigure.context.properties.ConfigurationPropertiesReportEndpointAutoConfiguration,configurationPropertiesReportEndpoint,management.endpoint.configprops-org.springframework.boot.actuate.autoconfigure.context.properties.ConfigurationPropertiesReportEndpointProperties,org.springframework.boot.actuate.autoconfigure.endpoint.EndpointAutoConfiguration,endpointOperationParameterMapper,endpointCachingOperationInvokerAdvisor,org.springframework.boot.actuate.autoconfigure.endpoint.jmx.JmxEndpointAutoConfiguration,jmxAnnotationEndpointDiscoverer,jmxIncludeExcludePropertyEndpointFilter,management.endpoints.jmx-org.springframework.boot.actuate.autoconfigure.endpoint.jmx.JmxEndpointProperties,org.springframework.boot.actuate.autoconfigure.endpoint.web.WebEndpointAutoConfiguration$WebEndpointServletConfiguration,servletEndpointDiscoverer,org.springframework.boot.actuate.autoconfigure.endpoint.web.WebEndpointAutoConfiguration,webEndpointPathMapper,endpointMediaTypes,webEndpointDiscoverer,controllerEndpointDiscoverer,pathMappedEndpoints,webExposeExcludePropertyEndpointFilter,controllerExposeExcludePropertyEndpointFilter,management.endpoints.web-org.springframework.boot.actuate.autoconfigure.endpoint.web.WebEndpointProperties,org.springframework.boot.actuate.autoconfigure.env.EnvironmentEndpointAutoConfiguration,environmentEndpoint,environmentEndpointWebExtension,management.endpoint.env-org.springframework.boot.actuate.autoconfigure.env.EnvironmentEndpointProperties,org.springframework.boot.autoconfigure.info.ProjectInfoAutoConfiguration,spring.info-org.springframework.boot.autoconfigure.info.ProjectInfoProperties,org.springframework.boot.actuate.autoconfigure.info.InfoContributorAutoConfiguration,envInfoContributor,management.info-org.springframework.boot.actuate.autoconfigure.info.InfoContributorProperties,org.springframework.boot.actuate.autoconfigure.info.InfoEndpointAutoConfiguration,infoEndpoint,org.springframework.boot.actuate.autoconfigure.logging.LogFileWebEndpointAutoConfiguration,management.endpoint.logfile-org.springframework.boot.actuate.autoconfigure.logging.LogFileWebEndpointProperties,org.springframework.boot.actuate.autoconfigure.logging.LoggersEndpointAutoConfiguration,loggersEndpoint,org.springframework.boot.actuate.autoconfigure.management.HeapDumpWebEndpointAutoConfiguration,heapDumpWebEndpoint,org.springframework.boot.actuate.autoconfigure.management.ThreadDumpEndpointAutoConfiguration,dumpEndpoint,org.springframework.boot.actuate.autoconfigure.metrics.MetricsAutoConfiguration$MeterBindersConfiguration,uptimeMetrics,processorMetrics,fileDescriptorMetrics,org.springframework.boot.actuate.autoconfigure.metrics.MetricsAutoConfiguration$JvmMeterBindersConfiguration,jvmGcMetrics,jvmMemoryMetrics,jvmThreadMetrics,classLoaderMetrics,org.springframework.boot.actuate.autoconfigure.metrics.MetricsAutoConfiguration,micrometerClock,meterRegistryPostProcessor,propertiesMeterFilter,management.metrics-org.springframework.boot.actuate.autoconfigure.metrics.MetricsProperties,org.springframework.boot.actuate.autoconfigure.metrics.export.simple.SimpleMetricsExportAutoConfiguration,simpleMeterRegistry,simpleConfig,management.metrics.export.simple-org.springframework.boot.actuate.autoconfigure.metrics.export.simple.SimpleProperties,org.springframework.boot.actuate.autoconfigure.metrics.CompositeMeterRegistryAutoConfiguration,org.springframework.boot.actuate.autoconfigure.metrics.MetricsEndpointAutoConfiguration,metricsEndpoint,org.springframework.boot.autoconfigure.jackson.JacksonAutoConfiguration$Jackson2ObjectMapperBuilderCustomizerConfiguration,standardJacksonObjectMapperBuilderCustomizer,spring.jackson-org.springframework.boot.autoconfigure.jackson.JacksonProperties,org.springframework.boot.autoconfigure.jackson.JacksonAutoConfiguration$JacksonObjectMapperBuilderConfiguration,jacksonObjectMapperBuilder,org.springframework.boot.autoconfigure.jackson.JacksonAutoConfiguration$ParameterNamesModuleConfiguration,parameterNamesModule,org.springframework.boot.autoconfigure.jackson.JacksonAutoConfiguration$JacksonObjectMapperConfiguration,jacksonObjectMapper,org.springframework.boot.autoconfigure.jackson.JacksonAutoConfiguration,jsonComponentModule,org.springframework.boot.autoconfigure.http.HttpMessageConvertersAutoConfiguration$StringHttpMessageConverterConfiguration,stringHttpMessageConverter,spring.http.encoding-org.springframework.boot.autoconfigure.http.HttpEncodingProperties,org.springframework.boot.autoconfigure.http.JacksonHttpMessageConvertersConfiguration$MappingJackson2HttpMessageConverterConfiguration,mappingJackson2HttpMessageConverter,org.springframework.boot.autoconfigure.http.JacksonHttpMessageConvertersConfiguration,org.springframework.boot.autoconfigure.http.HttpMessageConvertersAutoConfiguration,messageConverters,org.springframework.boot.autoconfigure.web.client.RestTemplateAutoConfiguration,restTemplateBuilder,org.springframework.boot.actuate.autoconfigure.metrics.web.client.RestTemplateMetricsAutoConfiguration,restTemplateTagConfigurer,metricsRestTemplateCustomizer,metricsWebClientUriTagFilter,org.springframework.boot.actuate.autoconfigure.metrics.web.servlet.WebMvcMetricsAutoConfiguration,webMvcTagsProvider,webMvcMetricsFilter,org.springframework.boot.actuate.autoconfigure.metrics.web.tomcat.TomcatMetricsAutoConfiguration,tomcatMetrics,contextCapturingServletTomcatCustomizer,org.springframework.boot.actuate.autoconfigure.scheduling.ScheduledTasksEndpointAutoConfiguration,scheduledTasksEndpoint,org.springframework.boot.actuate.autoconfigure.trace.http.HttpTraceAutoConfiguration$ServletTraceFilterConfiguration,httpTraceFilter,org.springframework.boot.actuate.autoconfigure.trace.http.HttpTraceAutoConfiguration,traceRepository,httpExchangeTracer,management.trace.http-org.springframework.boot.actuate.autoconfigure.trace.http.HttpTraceProperties,org.springframework.boot.actuate.autoconfigure.trace.http.HttpTraceEndpointAutoConfiguration,httpTraceEndpoint,org.springframework.boot.actuate.autoconfigure.web.mappings.MappingsEndpointAutoConfiguration$ServletWebConfiguration$SpringMvcConfiguration,dispatcherServletMappingDescriptionProvider,org.springframework.boot.actuate.autoconfigure.web.mappings.MappingsEndpointAutoConfiguration$ServletWebConfiguration,servletMappingDescriptionProvider,filterMappingDescriptionProvider,org.springframework.boot.actuate.autoconfigure.web.mappings.MappingsEndpointAutoConfiguration,mappingsEndpoint,org.springframework.boot.autoconfigure.context.ConfigurationPropertiesAutoConfiguration,org.springframework.boot.autoconfigure.dao.PersistenceExceptionTranslationAutoConfiguration,persistenceExceptionTranslationPostProcessor,org.springframework.data.web.config.ProjectingArgumentResolverRegistrar,projectingArgumentResolverBeanPostProcessor,org.springframework.data.web.config.SpringDataWebConfiguration,pageableResolver,sortResolver,org.springframework.data.mongodb.config.GeoJsonConfiguration,geoJsonModule,org.springframework.data.web.config.SpringDataJacksonConfiguration,jacksonGeoModule,org.springframework.boot.autoconfigure.data.web.SpringDataWebAutoConfiguration,pageableCustomizer,sortCustomizer,spring.data.web-org.springframework.boot.autoconfigure.data.web.SpringDataWebProperties,org.springframework.boot.autoconfigure.http.codec.CodecsAutoConfiguration$JacksonCodecConfiguration,jacksonCodecCustomizer,org.springframework.boot.autoconfigure.http.codec.CodecsAutoConfiguration,org.springframework.boot.autoconfigure.security.reactive.ReactiveSecurityAutoConfiguration,spring.security-org.springframework.boot.autoconfigure.security.SecurityProperties,org.springframework.boot.autoconfigure.security.servlet.SecurityAutoConfiguration,authenticationEventPublisher,org.springframework.boot.autoconfigure.security.servlet.SecurityFilterAutoConfiguration,securityFilterChainRegistration,org.springframework.boot.autoconfigure.transaction.TransactionAutoConfiguration,platformTransactionManagerCustomizers,spring.transaction-org.springframework.boot.autoconfigure.transaction.TransactionProperties,org.springframework.boot.autoconfigure.web.embedded.EmbeddedWebServerFactoryCustomizerAutoConfiguration$TomcatWebServerFactoryCustomizerConfiguration,tomcatWebServerFactoryCustomizer,org.springframework.boot.autoconfigure.web.embedded.EmbeddedWebServerFactoryCustomizerAutoConfiguration,org.springframework.boot.autoconfigure.web.servlet.HttpEncodingAutoConfiguration,characterEncodingFilter,localeCharsetMappingsCustomizer,org.springframework.boot.autoconfigure.web.servlet.MultipartAutoConfiguration,multipartConfigElement,multipartResolver,spring.servlet.multipart-org.springframework.boot.autoconfigure.web.servlet.MultipartProperties,org.springframework.boot.test.autoconfigure.web.servlet.MockMvcAutoConfiguration,mockMvcBuilder,springBootMockMvcBuilderCustomizer,mockMvc,org.springframework.boot.test.autoconfigure.web.servlet.MockMvcSecurityConfiguration,securityMockMvcBuilderCustomizer,org.springframework.boot.test.autoconfigure.web.servlet.MockMvcSecurityAutoConfiguration,org.springframework.boot.actuate.autoconfigure.endpoint.web.ServletEndpointManagementContextConfiguration,servletEndpointRegistrar,servletExposeExcludePropertyEndpointFilter,org.springframework.boot.actuate.autoconfigure.endpoint.web.servlet.WebMvcEndpointManagementContextConfiguration,webEndpointServletHandlerMapping,controllerEndpointHandlerMapping,management.endpoints.web.cors-org.springframework.boot.actuate.autoconfigure.endpoint.web.CorsEndpointProperties,org.springframework.boot.actuate.autoconfigure.web.server.ManagementContextAutoConfiguration$SameManagementContextConfiguration$EnableSameManagementContextConfiguration,org.springframework.boot.actuate.autoconfigure.web.server.ManagementContextAutoConfiguration$SameManagementContextConfiguration,org.springframework.boot.actuate.autoconfigure.web.server.ManagementContextAutoConfiguration,management.server-org.springframework.boot.actuate.autoconfigure.web.server.ManagementServerProperties]; root of factory hierarchy
10:44:38,902 TRACE org.springframework.beans.factory.support.DefaultListableBeanFactory:684 - No bean named 'flashMapManager' found in org.springframework.beans.factory.support.DefaultListableBeanFactory@839755f: defining beans [org.springframework.context.annotation.internalConfigurationAnnotationProcessor,org.springframework.context.annotation.internalAutowiredAnnotationProcessor,org.springframework.context.annotation.internalRequiredAnnotationProcessor,org.springframework.context.annotation.internalCommonAnnotationProcessor,org.springframework.context.event.internalEventListenerProcessor,org.springframework.context.event.internalEventListenerFactory,org.springframework.boot.test.context.ImportsContextCustomizer$ImportsCleanupPostProcessor,org.springframework.boot.test.mock.mockito.MockitoPostProcessor$SpyPostProcessor,org.springframework.boot.test.mock.mockito.MockitoPostProcessor,javaTutorApplication,org.springframework.boot.autoconfigure.internalCachingMetadataReaderFactory,questionRestController,registrationController,databaseConfiguration,userDetailsServiceImpl,securityConfiguration,javaQuestionsServiceImpl,userServiceImpl,org.springframework.boot.autoconfigure.condition.BeanTypeRegistry,org.springframework.boot.autoconfigure.mongo.MongoAutoConfiguration,mongo,spring.data.mongodb-org.springframework.boot.autoconfigure.mongo.MongoProperties,org.springframework.boot.context.properties.ConfigurationPropertiesBindingPostProcessor,org.springframework.boot.context.properties.ConfigurationBeanFactoryMetadata,validatingMongoEventListener,validator,org.springframework.data.mongodb.repository.config.MongoRepositoryConfigurationExtension#0,mongoMappingContext,userRepository,authorityRepository,javaQuestionRepository,org.springframework.security.config.annotation.configuration.ObjectPostProcessorConfiguration,objectPostProcessor,org.springframework.security.config.annotation.authentication.configuration.AuthenticationConfiguration,authenticationManagerBuilder,enableGlobalAuthenticationAutowiredConfigurer,initializeUserDetailsBeanManagerConfigurer,initializeAuthenticationProviderBeanManagerConfigurer,org.springframework.security.config.annotation.web.configuration.WebSecurityConfiguration,delegatingApplicationListener,webSecurityExpressionHandler,springSecurityFilterChain,privilegeEvaluator,autowiredWebSecurityConfigurersIgnoreParents,org.springframework.security.config.annotation.web.configuration.WebMvcSecurityConfiguration,requestDataValueProcessor,org.springframework.security.config.annotation.method.configuration.GlobalMethodSecurityConfiguration,methodSecurityInterceptor,methodSecurityMetadataSource,preInvocationAuthorizationAdvice,authSuccessHandler,authFailureHandler,logoutSuccessHandlerImpl,bCryptPasswordEncoder,corsConfigurationSource,metaDataSourceAdvisor,org.springframework.aop.config.internalAutoProxyCreator,org.springframework.boot.autoconfigure.AutoConfigurationPackages,org.springframework.boot.autoconfigure.context.PropertyPlaceholderAutoConfiguration,propertySourcesPlaceholderConfigurer,org.springframework.boot.autoconfigure.websocket.servlet.WebSocketServletAutoConfiguration$TomcatWebSocketConfiguration,websocketContainerCustomizer,org.springframework.boot.autoconfigure.websocket.servlet.WebSocketServletAutoConfiguration,org.springframework.boot.autoconfigure.web.servlet.ServletWebServerFactoryConfiguration$EmbeddedTomcat,tomcatServletWebServerFactory,org.springframework.boot.autoconfigure.web.servlet.ServletWebServerFactoryAutoConfiguration,servletWebServerFactoryCustomizer,tomcatServletWebServerFactoryCustomizer,server-org.springframework.boot.autoconfigure.web.ServerProperties,webServerFactoryCustomizerBeanPostProcessor,errorPageRegistrarBeanPostProcessor,org.springframework.boot.autoconfigure.web.servlet.DispatcherServletAutoConfiguration$DispatcherServletConfiguration,dispatcherServlet,mainDispatcherServletPathProvider,spring.mvc-org.springframework.boot.autoconfigure.web.servlet.WebMvcProperties,org.springframework.boot.autoconfigure.web.servlet.DispatcherServletAutoConfiguration$DispatcherServletRegistrationConfiguration,dispatcherServletRegistration,org.springframework.boot.autoconfigure.web.servlet.DispatcherServletAutoConfiguration,org.springframework.boot.autoconfigure.validation.ValidationAutoConfiguration,methodValidationPostProcessor,org.springframework.boot.autoconfigure.web.servlet.error.ErrorMvcAutoConfiguration$WhitelabelErrorViewConfiguration,error,beanNameViewResolver,org.springframework.boot.autoconfigure.web.servlet.error.ErrorMvcAutoConfiguration$DefaultErrorViewResolverConfiguration,conventionErrorViewResolver,org.springframework.boot.autoconfigure.web.servlet.error.ErrorMvcAutoConfiguration,errorAttributes,basicErrorController,errorPageCustomizer,preserveErrorControllerTargetClassPostProcessor,spring.resources-org.springframework.boot.autoconfigure.web.ResourceProperties,org.springframework.boot.autoconfigure.web.servlet.WebMvcAutoConfiguration$WebMvcAutoConfigurationAdapter$FaviconConfiguration,faviconHandlerMapping,faviconRequestHandler,org.springframework.boot.autoconfigure.web.servlet.WebMvcAutoConfiguration$EnableWebMvcConfiguration,requestMappingHandlerAdapter,requestMappingHandlerMapping,mvcConversionService,mvcValidator,mvcContentNegotiationManager,mvcPathMatcher,mvcUrlPathHelper,viewControllerHandlerMapping,beanNameHandlerMapping,resourceHandlerMapping,mvcResourceUrlProvider,defaultServletHandlerMapping,mvcUriComponentsContributor,httpRequestHandlerAdapter,simpleControllerHandlerAdapter,handlerExceptionResolver,mvcViewResolver,mvcHandlerMappingIntrospector,org.springframework.boot.autoconfigure.web.servlet.WebMvcAutoConfiguration$WebMvcAutoConfigurationAdapter,defaultViewResolver,viewResolver,welcomePageHandlerMapping,requestContextFilter,org.springframework.boot.autoconfigure.web.servlet.WebMvcAutoConfiguration,hiddenHttpMethodFilter,httpPutFormContentFilter,org.springframework.boot.actuate.autoconfigure.audit.AuditAutoConfiguration$AuditEventRepositoryConfiguration,auditEventRepository,org.springframework.boot.actuate.autoconfigure.audit.AuditAutoConfiguration,auditListener,authenticationAuditListener,authorizationAuditListener,org.springframework.boot.actuate.autoconfigure.audit.AuditEventsEndpointAutoConfiguration,auditEventsEndpoint,org.springframework.boot.actuate.autoconfigure.beans.BeansEndpointAutoConfiguration,beansEndpoint,org.springframework.boot.actuate.autoconfigure.system.DiskSpaceHealthIndicatorAutoConfiguration,diskSpaceHealthIndicator,diskSpaceHealthIndicatorProperties,org.springframework.boot.autoconfigure.data.mongo.MongoDataAutoConfiguration,mongoDbFactory,mongoTemplate,mappingMongoConverter,gridFsTemplate,mongoCustomConversions,org.springframework.boot.actuate.autoconfigure.mongo.MongoHealthIndicatorConfiguration,mongoHealthIndicator,org.springframework.boot.actuate.autoconfigure.mongo.MongoHealthIndicatorAutoConfiguration,org.springframework.boot.actuate.autoconfigure.redis.RedisHealthIndicatorAutoConfiguration,org.springframework.boot.actuate.autoconfigure.elasticsearch.ElasticsearchHealthIndicatorAutoConfiguration,org.springframework.boot.actuate.autoconfigure.health.HealthIndicatorAutoConfiguration,healthAggregator,management.health.status-org.springframework.boot.actuate.autoconfigure.health.HealthIndicatorProperties,org.springframework.boot.actuate.autoconfigure.health.HealthEndpointConfiguration,healthEndpoint,org.springframework.boot.actuate.autoconfigure.health.HealthEndpointWebExtensionConfiguration$ServletWebHealthConfiguration,healthEndpointWebExtension,org.springframework.boot.actuate.autoconfigure.health.HealthEndpointWebExtensionConfiguration,createHealthStatusHttpMapper,healthWebEndpointResponseMapper,org.springframework.boot.actuate.autoconfigure.health.HealthEndpointAutoConfiguration,management.endpoint.health-org.springframework.boot.actuate.autoconfigure.health.HealthEndpointProperties,org.springframework.boot.actuate.autoconfigure.web.servlet.ServletManagementContextAutoConfiguration,servletWebChildContextFactory,managementServletContext,org.springframework.boot.actuate.autoconfigure.condition.ConditionsReportEndpointAutoConfiguration,conditionsReportEndpoint,org.springframework.boot.actuate.autoconfigure.context.ShutdownEndpointAutoConfiguration,org.springframework.boot.actuate.autoconfigure.context.properties.ConfigurationPropertiesReportEndpointAutoConfiguration,configurationPropertiesReportEndpoint,management.endpoint.configprops-org.springframework.boot.actuate.autoconfigure.context.properties.ConfigurationPropertiesReportEndpointProperties,org.springframework.boot.actuate.autoconfigure.endpoint.EndpointAutoConfiguration,endpointOperationParameterMapper,endpointCachingOperationInvokerAdvisor,org.springframework.boot.actuate.autoconfigure.endpoint.jmx.JmxEndpointAutoConfiguration,jmxAnnotationEndpointDiscoverer,jmxIncludeExcludePropertyEndpointFilter,management.endpoints.jmx-org.springframework.boot.actuate.autoconfigure.endpoint.jmx.JmxEndpointProperties,org.springframework.boot.actuate.autoconfigure.endpoint.web.WebEndpointAutoConfiguration$WebEndpointServletConfiguration,servletEndpointDiscoverer,org.springframework.boot.actuate.autoconfigure.endpoint.web.WebEndpointAutoConfiguration,webEndpointPathMapper,endpointMediaTypes,webEndpointDiscoverer,controllerEndpointDiscoverer,pathMappedEndpoints,webExposeExcludePropertyEndpointFilter,controllerExposeExcludePropertyEndpointFilter,management.endpoints.web-org.springframework.boot.actuate.autoconfigure.endpoint.web.WebEndpointProperties,org.springframework.boot.actuate.autoconfigure.env.EnvironmentEndpointAutoConfiguration,environmentEndpoint,environmentEndpointWebExtension,management.endpoint.env-org.springframework.boot.actuate.autoconfigure.env.EnvironmentEndpointProperties,org.springframework.boot.autoconfigure.info.ProjectInfoAutoConfiguration,spring.info-org.springframework.boot.autoconfigure.info.ProjectInfoProperties,org.springframework.boot.actuate.autoconfigure.info.InfoContributorAutoConfiguration,envInfoContributor,management.info-org.springframework.boot.actuate.autoconfigure.info.InfoContributorProperties,org.springframework.boot.actuate.autoconfigure.info.InfoEndpointAutoConfiguration,infoEndpoint,org.springframework.boot.actuate.autoconfigure.logging.LogFileWebEndpointAutoConfiguration,management.endpoint.logfile-org.springframework.boot.actuate.autoconfigure.logging.LogFileWebEndpointProperties,org.springframework.boot.actuate.autoconfigure.logging.LoggersEndpointAutoConfiguration,loggersEndpoint,org.springframework.boot.actuate.autoconfigure.management.HeapDumpWebEndpointAutoConfiguration,heapDumpWebEndpoint,org.springframework.boot.actuate.autoconfigure.management.ThreadDumpEndpointAutoConfiguration,dumpEndpoint,org.springframework.boot.actuate.autoconfigure.metrics.MetricsAutoConfiguration$MeterBindersConfiguration,uptimeMetrics,processorMetrics,fileDescriptorMetrics,org.springframework.boot.actuate.autoconfigure.metrics.MetricsAutoConfiguration$JvmMeterBindersConfiguration,jvmGcMetrics,jvmMemoryMetrics,jvmThreadMetrics,classLoaderMetrics,org.springframework.boot.actuate.autoconfigure.metrics.MetricsAutoConfiguration,micrometerClock,meterRegistryPostProcessor,propertiesMeterFilter,management.metrics-org.springframework.boot.actuate.autoconfigure.metrics.MetricsProperties,org.springframework.boot.actuate.autoconfigure.metrics.export.simple.SimpleMetricsExportAutoConfiguration,simpleMeterRegistry,simpleConfig,management.metrics.export.simple-org.springframework.boot.actuate.autoconfigure.metrics.export.simple.SimpleProperties,org.springframework.boot.actuate.autoconfigure.metrics.CompositeMeterRegistryAutoConfiguration,org.springframework.boot.actuate.autoconfigure.metrics.MetricsEndpointAutoConfiguration,metricsEndpoint,org.springframework.boot.autoconfigure.jackson.JacksonAutoConfiguration$Jackson2ObjectMapperBuilderCustomizerConfiguration,standardJacksonObjectMapperBuilderCustomizer,spring.jackson-org.springframework.boot.autoconfigure.jackson.JacksonProperties,org.springframework.boot.autoconfigure.jackson.JacksonAutoConfiguration$JacksonObjectMapperBuilderConfiguration,jacksonObjectMapperBuilder,org.springframework.boot.autoconfigure.jackson.JacksonAutoConfiguration$ParameterNamesModuleConfiguration,parameterNamesModule,org.springframework.boot.autoconfigure.jackson.JacksonAutoConfiguration$JacksonObjectMapperConfiguration,jacksonObjectMapper,org.springframework.boot.autoconfigure.jackson.JacksonAutoConfiguration,jsonComponentModule,org.springframework.boot.autoconfigure.http.HttpMessageConvertersAutoConfiguration$StringHttpMessageConverterConfiguration,stringHttpMessageConverter,spring.http.encoding-org.springframework.boot.autoconfigure.http.HttpEncodingProperties,org.springframework.boot.autoconfigure.http.JacksonHttpMessageConvertersConfiguration$MappingJackson2HttpMessageConverterConfiguration,mappingJackson2HttpMessageConverter,org.springframework.boot.autoconfigure.http.JacksonHttpMessageConvertersConfiguration,org.springframework.boot.autoconfigure.http.HttpMessageConvertersAutoConfiguration,messageConverters,org.springframework.boot.autoconfigure.web.client.RestTemplateAutoConfiguration,restTemplateBuilder,org.springframework.boot.actuate.autoconfigure.metrics.web.client.RestTemplateMetricsAutoConfiguration,restTemplateTagConfigurer,metricsRestTemplateCustomizer,metricsWebClientUriTagFilter,org.springframework.boot.actuate.autoconfigure.metrics.web.servlet.WebMvcMetricsAutoConfiguration,webMvcTagsProvider,webMvcMetricsFilter,org.springframework.boot.actuate.autoconfigure.metrics.web.tomcat.TomcatMetricsAutoConfiguration,tomcatMetrics,contextCapturingServletTomcatCustomizer,org.springframework.boot.actuate.autoconfigure.scheduling.ScheduledTasksEndpointAutoConfiguration,scheduledTasksEndpoint,org.springframework.boot.actuate.autoconfigure.trace.http.HttpTraceAutoConfiguration$ServletTraceFilterConfiguration,httpTraceFilter,org.springframework.boot.actuate.autoconfigure.trace.http.HttpTraceAutoConfiguration,traceRepository,httpExchangeTracer,management.trace.http-org.springframework.boot.actuate.autoconfigure.trace.http.HttpTraceProperties,org.springframework.boot.actuate.autoconfigure.trace.http.HttpTraceEndpointAutoConfiguration,httpTraceEndpoint,org.springframework.boot.actuate.autoconfigure.web.mappings.MappingsEndpointAutoConfiguration$ServletWebConfiguration$SpringMvcConfiguration,dispatcherServletMappingDescriptionProvider,org.springframework.boot.actuate.autoconfigure.web.mappings.MappingsEndpointAutoConfiguration$ServletWebConfiguration,servletMappingDescriptionProvider,filterMappingDescriptionProvider,org.springframework.boot.actuate.autoconfigure.web.mappings.MappingsEndpointAutoConfiguration,mappingsEndpoint,org.springframework.boot.autoconfigure.context.ConfigurationPropertiesAutoConfiguration,org.springframework.boot.autoconfigure.dao.PersistenceExceptionTranslationAutoConfiguration,persistenceExceptionTranslationPostProcessor,org.springframework.data.web.config.ProjectingArgumentResolverRegistrar,projectingArgumentResolverBeanPostProcessor,org.springframework.data.web.config.SpringDataWebConfiguration,pageableResolver,sortResolver,org.springframework.data.mongodb.config.GeoJsonConfiguration,geoJsonModule,org.springframework.data.web.config.SpringDataJacksonConfiguration,jacksonGeoModule,org.springframework.boot.autoconfigure.data.web.SpringDataWebAutoConfiguration,pageableCustomizer,sortCustomizer,spring.data.web-org.springframework.boot.autoconfigure.data.web.SpringDataWebProperties,org.springframework.boot.autoconfigure.http.codec.CodecsAutoConfiguration$JacksonCodecConfiguration,jacksonCodecCustomizer,org.springframework.boot.autoconfigure.http.codec.CodecsAutoConfiguration,org.springframework.boot.autoconfigure.security.reactive.ReactiveSecurityAutoConfiguration,spring.security-org.springframework.boot.autoconfigure.security.SecurityProperties,org.springframework.boot.autoconfigure.security.servlet.SecurityAutoConfiguration,authenticationEventPublisher,org.springframework.boot.autoconfigure.security.servlet.SecurityFilterAutoConfiguration,securityFilterChainRegistration,org.springframework.boot.autoconfigure.transaction.TransactionAutoConfiguration,platformTransactionManagerCustomizers,spring.transaction-org.springframework.boot.autoconfigure.transaction.TransactionProperties,org.springframework.boot.autoconfigure.web.embedded.EmbeddedWebServerFactoryCustomizerAutoConfiguration$TomcatWebServerFactoryCustomizerConfiguration,tomcatWebServerFactoryCustomizer,org.springframework.boot.autoconfigure.web.embedded.EmbeddedWebServerFactoryCustomizerAutoConfiguration,org.springframework.boot.autoconfigure.web.servlet.HttpEncodingAutoConfiguration,characterEncodingFilter,localeCharsetMappingsCustomizer,org.springframework.boot.autoconfigure.web.servlet.MultipartAutoConfiguration,multipartConfigElement,multipartResolver,spring.servlet.multipart-org.springframework.boot.autoconfigure.web.servlet.MultipartProperties,org.springframework.boot.test.autoconfigure.web.servlet.MockMvcAutoConfiguration,mockMvcBuilder,springBootMockMvcBuilderCustomizer,mockMvc,org.springframework.boot.test.autoconfigure.web.servlet.MockMvcSecurityConfiguration,securityMockMvcBuilderCustomizer,org.springframework.boot.test.autoconfigure.web.servlet.MockMvcSecurityAutoConfiguration,org.springframework.boot.actuate.autoconfigure.endpoint.web.ServletEndpointManagementContextConfiguration,servletEndpointRegistrar,servletExposeExcludePropertyEndpointFilter,org.springframework.boot.actuate.autoconfigure.endpoint.web.servlet.WebMvcEndpointManagementContextConfiguration,webEndpointServletHandlerMapping,controllerEndpointHandlerMapping,management.endpoints.web.cors-org.springframework.boot.actuate.autoconfigure.endpoint.web.CorsEndpointProperties,org.springframework.boot.actuate.autoconfigure.web.server.ManagementContextAutoConfiguration$SameManagementContextConfiguration$EnableSameManagementContextConfiguration,org.springframework.boot.actuate.autoconfigure.web.server.ManagementContextAutoConfiguration$SameManagementContextConfiguration,org.springframework.boot.actuate.autoconfigure.web.server.ManagementContextAutoConfiguration,management.server-org.springframework.boot.actuate.autoconfigure.web.server.ManagementServerProperties]; root of factory hierarchy
10:44:38,905 DEBUG org.springframework.beans.factory.support.DefaultListableBeanFactory:254 - Returning cached instance of singleton bean 'springSecurityFilterChain'
10:44:38,905 DEBUG org.springframework.beans.factory.support.DefaultListableBeanFactory:254 - Returning cached instance of singleton bean 'springSecurityFilterChain'
10:44:38,906 DEBUG org.springframework.test.util.ReflectionTestUtils:433 - Invoking method 'getFilters' on target object [FilterChainProxy[Filter Chains: [[ Ant [pattern='/**', OPTIONS], []], [ org.springframework.security.web.util.matcher.AnyRequestMatcher@1, [org.springframework.security.web.context.request.async.WebAsyncManagerIntegrationFilter@495e8a3, org.springframework.security.web.context.SecurityContextPersistenceFilter@291cbe70, org.springframework.security.web.header.HeaderWriterFilter@57b3d869, org.springframework.web.filter.CorsFilter@6a7aa675, org.springframework.security.web.authentication.logout.LogoutFilter@1d654b5f, org.springframework.security.web.authentication.UsernamePasswordAuthenticationFilter@575d48db, org.springframework.security.web.authentication.ui.DefaultLoginPageGeneratingFilter@51468039, org.springframework.security.web.savedrequest.RequestCacheAwareFilter@6be422da, org.springframework.security.web.servletapi.SecurityContextHolderAwareRequestFilter@225ddf5f, org.springframework.security.web.authentication.rememberme.RememberMeAuthenticationFilter@1b36d248, org.springframework.security.web.authentication.AnonymousAuthenticationFilter@6eded11a, org.springframework.security.web.session.SessionManagementFilter@51f4439e, org.springframework.security.web.access.ExceptionTranslationFilter@5da3f32a, org.springframework.security.web.access.intercept.FilterSecurityInterceptor@66dd04e2]]]]] with arguments {org.springframework.mock.web.MockHttpServletRequest@608eb42e}
10:44:38,906 DEBUG org.springframework.test.util.ReflectionTestUtils:433 - Invoking method 'getFilters' on target object [FilterChainProxy[Filter Chains: [[ Ant [pattern='/**', OPTIONS], []], [ org.springframework.security.web.util.matcher.AnyRequestMatcher@1, [org.springframework.security.web.context.request.async.WebAsyncManagerIntegrationFilter@495e8a3, org.springframework.security.web.context.SecurityContextPersistenceFilter@291cbe70, org.springframework.security.web.header.HeaderWriterFilter@57b3d869, org.springframework.web.filter.CorsFilter@6a7aa675, org.springframework.security.web.authentication.logout.LogoutFilter@1d654b5f, org.springframework.security.web.authentication.UsernamePasswordAuthenticationFilter@575d48db, org.springframework.security.web.authentication.ui.DefaultLoginPageGeneratingFilter@51468039, org.springframework.security.web.savedrequest.RequestCacheAwareFilter@6be422da, org.springframework.security.web.servletapi.SecurityContextHolderAwareRequestFilter@225ddf5f, org.springframework.security.web.authentication.rememberme.RememberMeAuthenticationFilter@1b36d248, org.springframework.security.web.authentication.AnonymousAuthenticationFilter@6eded11a, org.springframework.security.web.session.SessionManagementFilter@51f4439e, org.springframework.security.web.access.ExceptionTranslationFilter@5da3f32a, org.springframework.security.web.access.intercept.FilterSecurityInterceptor@66dd04e2]]]]] with arguments {org.springframework.mock.web.MockHttpServletRequest@608eb42e}
10:44:38,907 DEBUG org.springframework.security.web.util.matcher.AntPathRequestMatcher:137 - Request 'GET /api/javaquestions/' doesn't match 'OPTIONS /**
10:44:38,907 DEBUG org.springframework.security.web.util.matcher.AntPathRequestMatcher:137 - Request 'GET /api/javaquestions/' doesn't match 'OPTIONS /**
10:44:38,908 DEBUG org.springframework.test.util.ReflectionTestUtils:275 - Getting field 'repo' from target object [org.springframework.security.web.context.SecurityContextPersistenceFilter@291cbe70] or target class [class org.springframework.security.web.context.SecurityContextPersistenceFilter]
10:44:38,908 DEBUG org.springframework.test.util.ReflectionTestUtils:275 - Getting field 'repo' from target object [org.springframework.security.web.context.SecurityContextPersistenceFilter@291cbe70] or target class [class org.springframework.security.web.context.SecurityContextPersistenceFilter]
10:44:38,908 DEBUG org.springframework.beans.factory.support.DefaultListableBeanFactory:254 - Returning cached instance of singleton bean 'springSecurityFilterChain'
10:44:38,908 DEBUG org.springframework.beans.factory.support.DefaultListableBeanFactory:254 - Returning cached instance of singleton bean 'springSecurityFilterChain'
10:44:38,909 DEBUG org.springframework.test.util.ReflectionTestUtils:433 - Invoking method 'getFilters' on target object [FilterChainProxy[Filter Chains: [[ Ant [pattern='/**', OPTIONS], []], [ org.springframework.security.web.util.matcher.AnyRequestMatcher@1, [org.springframework.security.web.context.request.async.WebAsyncManagerIntegrationFilter@495e8a3, org.springframework.security.web.context.SecurityContextPersistenceFilter@291cbe70, org.springframework.security.web.header.HeaderWriterFilter@57b3d869, org.springframework.web.filter.CorsFilter@6a7aa675, org.springframework.security.web.authentication.logout.LogoutFilter@1d654b5f, org.springframework.security.web.authentication.UsernamePasswordAuthenticationFilter@575d48db, org.springframework.security.web.authentication.ui.DefaultLoginPageGeneratingFilter@51468039, org.springframework.security.web.savedrequest.RequestCacheAwareFilter@6be422da, org.springframework.security.web.servletapi.SecurityContextHolderAwareRequestFilter@225ddf5f, org.springframework.security.web.authentication.rememberme.RememberMeAuthenticationFilter@1b36d248, org.springframework.security.web.authentication.AnonymousAuthenticationFilter@6eded11a, org.springframework.security.web.session.SessionManagementFilter@51f4439e, org.springframework.security.web.access.ExceptionTranslationFilter@5da3f32a, org.springframework.security.web.access.intercept.FilterSecurityInterceptor@66dd04e2]]]]] with arguments {org.springframework.mock.web.MockHttpServletRequest@608eb42e}
10:44:38,909 DEBUG org.springframework.test.util.ReflectionTestUtils:433 - Invoking method 'getFilters' on target object [FilterChainProxy[Filter Chains: [[ Ant [pattern='/**', OPTIONS], []], [ org.springframework.security.web.util.matcher.AnyRequestMatcher@1, [org.springframework.security.web.context.request.async.WebAsyncManagerIntegrationFilter@495e8a3, org.springframework.security.web.context.SecurityContextPersistenceFilter@291cbe70, org.springframework.security.web.header.HeaderWriterFilter@57b3d869, org.springframework.web.filter.CorsFilter@6a7aa675, org.springframework.security.web.authentication.logout.LogoutFilter@1d654b5f, org.springframework.security.web.authentication.UsernamePasswordAuthenticationFilter@575d48db, org.springframework.security.web.authentication.ui.DefaultLoginPageGeneratingFilter@51468039, org.springframework.security.web.savedrequest.RequestCacheAwareFilter@6be422da, org.springframework.security.web.servletapi.SecurityContextHolderAwareRequestFilter@225ddf5f, org.springframework.security.web.authentication.rememberme.RememberMeAuthenticationFilter@1b36d248, org.springframework.security.web.authentication.AnonymousAuthenticationFilter@6eded11a, org.springframework.security.web.session.SessionManagementFilter@51f4439e, org.springframework.security.web.access.ExceptionTranslationFilter@5da3f32a, org.springframework.security.web.access.intercept.FilterSecurityInterceptor@66dd04e2]]]]] with arguments {org.springframework.mock.web.MockHttpServletRequest@608eb42e}
10:44:38,910 DEBUG org.springframework.security.web.util.matcher.AntPathRequestMatcher:137 - Request 'GET /api/javaquestions/' doesn't match 'OPTIONS /**
10:44:38,910 DEBUG org.springframework.security.web.util.matcher.AntPathRequestMatcher:137 - Request 'GET /api/javaquestions/' doesn't match 'OPTIONS /**
10:44:38,911 DEBUG org.springframework.test.util.ReflectionTestUtils:191 - Setting field 'repo' of type [null] on target object [org.springframework.security.web.context.SecurityContextPersistenceFilter@291cbe70] or target class [class org.springframework.security.web.context.SecurityContextPersistenceFilter] to value [org.springframework.security.test.web.servlet.request.SecurityMockMvcRequestPostProcessors$SecurityContextRequestPostProcessorSupport$TestSecurityContextRepository@3d2b13b1]
10:44:38,911 DEBUG org.springframework.test.util.ReflectionTestUtils:191 - Setting field 'repo' of type [null] on target object [org.springframework.security.web.context.SecurityContextPersistenceFilter@291cbe70] or target class [class org.springframework.security.web.context.SecurityContextPersistenceFilter] to value [org.springframework.security.test.web.servlet.request.SecurityMockMvcRequestPostProcessors$SecurityContextRequestPostProcessorSupport$TestSecurityContextRepository@3d2b13b1]
10:44:38,911 DEBUG org.springframework.security.web.context.HttpSessionSecurityContextRepository:174 - No HttpSession currently exists
10:44:38,911 DEBUG org.springframework.security.web.context.HttpSessionSecurityContextRepository:174 - No HttpSession currently exists
10:44:38,912 DEBUG org.springframework.security.web.context.HttpSessionSecurityContextRepository:116 - No SecurityContext was available from the HttpSession: null. A new one will be created.
10:44:38,912 DEBUG org.springframework.security.web.context.HttpSessionSecurityContextRepository:116 - No SecurityContext was available from the HttpSession: null. A new one will be created.
10:44:38,913 DEBUG org.springframework.security.web.context.HttpSessionSecurityContextRepository:423 - HttpSession being created as SecurityContext is non-default
10:44:38,913 DEBUG org.springframework.security.web.context.HttpSessionSecurityContextRepository:423 - HttpSession being created as SecurityContext is non-default
10:44:38,918 DEBUG org.springframework.security.web.context.HttpSessionSecurityContextRepository:377 - SecurityContext 'org.springframework.security.core.context.SecurityContextImpl@ca25360: Authentication: org.springframework.security.authentication.UsernamePasswordAuthenticationToken@ca25360: Principal: org.springframework.security.core.userdetails.User@36ebcb: Username: user; Password: [PROTECTED]; Enabled: true; AccountNonExpired: true; credentialsNonExpired: true; AccountNonLocked: true; Granted Authorities: ROLE_USER; Credentials: [PROTECTED]; Authenticated: true; Details: null; Granted Authorities: ROLE_USER' stored to HttpSession: 'org.springframework.mock.web.MockHttpSession@3fe24670
10:44:38,918 DEBUG org.springframework.security.web.context.HttpSessionSecurityContextRepository:377 - SecurityContext 'org.springframework.security.core.context.SecurityContextImpl@ca25360: Authentication: org.springframework.security.authentication.UsernamePasswordAuthenticationToken@ca25360: Principal: org.springframework.security.core.userdetails.User@36ebcb: Username: user; Password: [PROTECTED]; Enabled: true; AccountNonExpired: true; credentialsNonExpired: true; AccountNonLocked: true; Granted Authorities: ROLE_USER; Credentials: [PROTECTED]; Authenticated: true; Details: null; Granted Authorities: ROLE_USER' stored to HttpSession: 'org.springframework.mock.web.MockHttpSession@3fe24670
10:44:38,919 DEBUG org.springframework.boot.web.servlet.filter.OrderedRequestContextFilter:114 - Bound request context to thread: org.springframework.mock.web.MockHttpServletRequest@608eb42e
10:44:38,919 DEBUG org.springframework.boot.web.servlet.filter.OrderedRequestContextFilter:114 - Bound request context to thread: org.springframework.mock.web.MockHttpServletRequest@608eb42e
10:44:38,919 DEBUG org.springframework.security.web.util.matcher.AntPathRequestMatcher:137 - Request 'GET /api/javaquestions/' doesn't match 'OPTIONS /**
10:44:38,919 DEBUG org.springframework.security.web.util.matcher.AntPathRequestMatcher:137 - Request 'GET /api/javaquestions/' doesn't match 'OPTIONS /**
10:44:38,920 DEBUG org.springframework.security.web.FilterChainProxy:328 - /api/javaquestions/ at position 1 of 14 in additional filter chain; firing Filter: 'WebAsyncManagerIntegrationFilter'
10:44:38,920 DEBUG org.springframework.security.web.FilterChainProxy:328 - /api/javaquestions/ at position 1 of 14 in additional filter chain; firing Filter: 'WebAsyncManagerIntegrationFilter'
10:44:38,920 DEBUG org.springframework.security.web.FilterChainProxy:328 - /api/javaquestions/ at position 2 of 14 in additional filter chain; firing Filter: 'SecurityContextPersistenceFilter'
10:44:38,920 DEBUG org.springframework.security.web.FilterChainProxy:328 - /api/javaquestions/ at position 2 of 14 in additional filter chain; firing Filter: 'SecurityContextPersistenceFilter'
10:44:38,921 DEBUG org.springframework.security.web.context.HttpSessionSecurityContextRepository:207 - Obtained a valid SecurityContext from SPRING_SECURITY_CONTEXT: 'org.springframework.security.core.context.SecurityContextImpl@ca25360: Authentication: org.springframework.security.authentication.UsernamePasswordAuthenticationToken@ca25360: Principal: org.springframework.security.core.userdetails.User@36ebcb: Username: user; Password: [PROTECTED]; Enabled: true; AccountNonExpired: true; credentialsNonExpired: true; AccountNonLocked: true; Granted Authorities: ROLE_USER; Credentials: [PROTECTED]; Authenticated: true; Details: null; Granted Authorities: ROLE_USER'
10:44:38,921 DEBUG org.springframework.security.web.context.HttpSessionSecurityContextRepository:207 - Obtained a valid SecurityContext from SPRING_SECURITY_CONTEXT: 'org.springframework.security.core.context.SecurityContextImpl@ca25360: Authentication: org.springframework.security.authentication.UsernamePasswordAuthenticationToken@ca25360: Principal: org.springframework.security.core.userdetails.User@36ebcb: Username: user; Password: [PROTECTED]; Enabled: true; AccountNonExpired: true; credentialsNonExpired: true; AccountNonLocked: true; Granted Authorities: ROLE_USER; Credentials: [PROTECTED]; Authenticated: true; Details: null; Granted Authorities: ROLE_USER'
10:44:38,922 DEBUG org.springframework.security.web.FilterChainProxy:328 - /api/javaquestions/ at position 3 of 14 in additional filter chain; firing Filter: 'HeaderWriterFilter'
10:44:38,922 DEBUG org.springframework.security.web.FilterChainProxy:328 - /api/javaquestions/ at position 3 of 14 in additional filter chain; firing Filter: 'HeaderWriterFilter'
10:44:38,922 DEBUG org.springframework.security.web.FilterChainProxy:328 - /api/javaquestions/ at position 4 of 14 in additional filter chain; firing Filter: 'CorsFilter'
10:44:38,922 DEBUG org.springframework.security.web.FilterChainProxy:328 - /api/javaquestions/ at position 4 of 14 in additional filter chain; firing Filter: 'CorsFilter'
10:44:38,923 DEBUG org.springframework.security.web.FilterChainProxy:328 - /api/javaquestions/ at position 5 of 14 in additional filter chain; firing Filter: 'LogoutFilter'
10:44:38,923 DEBUG org.springframework.security.web.FilterChainProxy:328 - /api/javaquestions/ at position 5 of 14 in additional filter chain; firing Filter: 'LogoutFilter'
10:44:38,925 DEBUG org.springframework.security.web.util.matcher.OrRequestMatcher:65 - Trying to match using Ant [pattern='/api/logout', GET]
10:44:38,925 DEBUG org.springframework.security.web.util.matcher.OrRequestMatcher:65 - Trying to match using Ant [pattern='/api/logout', GET]
10:44:38,927 DEBUG org.springframework.security.web.util.matcher.AntPathRequestMatcher:157 - Checking match of request : '/api/javaquestions/'; against '/api/logout'
10:44:38,927 DEBUG org.springframework.security.web.util.matcher.AntPathRequestMatcher:157 - Checking match of request : '/api/javaquestions/'; against '/api/logout'
10:44:38,927 DEBUG org.springframework.security.web.util.matcher.OrRequestMatcher:65 - Trying to match using Ant [pattern='/api/logout', POST]
10:44:38,927 DEBUG org.springframework.security.web.util.matcher.OrRequestMatcher:65 - Trying to match using Ant [pattern='/api/logout', POST]
10:44:38,928 DEBUG org.springframework.security.web.util.matcher.AntPathRequestMatcher:137 - Request 'GET /api/javaquestions/' doesn't match 'POST /api/logout
10:44:38,928 DEBUG org.springframework.security.web.util.matcher.AntPathRequestMatcher:137 - Request 'GET /api/javaquestions/' doesn't match 'POST /api/logout
10:44:38,929 DEBUG org.springframework.security.web.util.matcher.OrRequestMatcher:65 - Trying to match using Ant [pattern='/api/logout', PUT]
10:44:38,929 DEBUG org.springframework.security.web.util.matcher.OrRequestMatcher:65 - Trying to match using Ant [pattern='/api/logout', PUT]
10:44:38,930 DEBUG org.springframework.security.web.util.matcher.AntPathRequestMatcher:137 - Request 'GET /api/javaquestions/' doesn't match 'PUT /api/logout
10:44:38,930 DEBUG org.springframework.security.web.util.matcher.AntPathRequestMatcher:137 - Request 'GET /api/javaquestions/' doesn't match 'PUT /api/logout
10:44:38,931 DEBUG org.springframework.security.web.util.matcher.OrRequestMatcher:65 - Trying to match using Ant [pattern='/api/logout', DELETE]
10:44:38,931 DEBUG org.springframework.security.web.util.matcher.OrRequestMatcher:65 - Trying to match using Ant [pattern='/api/logout', DELETE]
10:44:38,932 DEBUG org.springframework.security.web.util.matcher.AntPathRequestMatcher:137 - Request 'GET /api/javaquestions/' doesn't match 'DELETE /api/logout
10:44:38,932 DEBUG org.springframework.security.web.util.matcher.AntPathRequestMatcher:137 - Request 'GET /api/javaquestions/' doesn't match 'DELETE /api/logout
10:44:38,932 DEBUG org.springframework.security.web.util.matcher.OrRequestMatcher:72 - No matches found
10:44:38,932 DEBUG org.springframework.security.web.util.matcher.OrRequestMatcher:72 - No matches found
10:44:38,933 DEBUG org.springframework.security.web.FilterChainProxy:328 - /api/javaquestions/ at position 6 of 14 in additional filter chain; firing Filter: 'UsernamePasswordAuthenticationFilter'
10:44:38,933 DEBUG org.springframework.security.web.FilterChainProxy:328 - /api/javaquestions/ at position 6 of 14 in additional filter chain; firing Filter: 'UsernamePasswordAuthenticationFilter'
10:44:38,934 DEBUG org.springframework.security.web.util.matcher.AntPathRequestMatcher:137 - Request 'GET /api/javaquestions/' doesn't match 'POST /api/signin
10:44:38,934 DEBUG org.springframework.security.web.util.matcher.AntPathRequestMatcher:137 - Request 'GET /api/javaquestions/' doesn't match 'POST /api/signin
10:44:38,934 DEBUG org.springframework.security.web.FilterChainProxy:328 - /api/javaquestions/ at position 7 of 14 in additional filter chain; firing Filter: 'DefaultLoginPageGeneratingFilter'
10:44:38,934 DEBUG org.springframework.security.web.FilterChainProxy:328 - /api/javaquestions/ at position 7 of 14 in additional filter chain; firing Filter: 'DefaultLoginPageGeneratingFilter'
10:44:38,935 DEBUG org.springframework.security.web.FilterChainProxy:328 - /api/javaquestions/ at position 8 of 14 in additional filter chain; firing Filter: 'RequestCacheAwareFilter'
10:44:38,935 DEBUG org.springframework.security.web.FilterChainProxy:328 - /api/javaquestions/ at position 8 of 14 in additional filter chain; firing Filter: 'RequestCacheAwareFilter'
10:44:38,935 DEBUG org.springframework.security.web.FilterChainProxy:328 - /api/javaquestions/ at position 9 of 14 in additional filter chain; firing Filter: 'SecurityContextHolderAwareRequestFilter'
10:44:38,935 DEBUG org.springframework.security.web.FilterChainProxy:328 - /api/javaquestions/ at position 9 of 14 in additional filter chain; firing Filter: 'SecurityContextHolderAwareRequestFilter'
10:44:38,936 DEBUG org.springframework.security.web.FilterChainProxy:328 - /api/javaquestions/ at position 10 of 14 in additional filter chain; firing Filter: 'RememberMeAuthenticationFilter'
10:44:38,936 DEBUG org.springframework.security.web.FilterChainProxy:328 - /api/javaquestions/ at position 10 of 14 in additional filter chain; firing Filter: 'RememberMeAuthenticationFilter'
10:44:38,937 DEBUG org.springframework.security.web.authentication.rememberme.RememberMeAuthenticationFilter:154 - SecurityContextHolder not populated with remember-me token, as it already contained: 'org.springframework.security.authentication.UsernamePasswordAuthenticationToken@ca25360: Principal: org.springframework.security.core.userdetails.User@36ebcb: Username: user; Password: [PROTECTED]; Enabled: true; AccountNonExpired: true; credentialsNonExpired: true; AccountNonLocked: true; Granted Authorities: ROLE_USER; Credentials: [PROTECTED]; Authenticated: true; Details: null; Granted Authorities: ROLE_USER'
10:44:38,937 DEBUG org.springframework.security.web.authentication.rememberme.RememberMeAuthenticationFilter:154 - SecurityContextHolder not populated with remember-me token, as it already contained: 'org.springframework.security.authentication.UsernamePasswordAuthenticationToken@ca25360: Principal: org.springframework.security.core.userdetails.User@36ebcb: Username: user; Password: [PROTECTED]; Enabled: true; AccountNonExpired: true; credentialsNonExpired: true; AccountNonLocked: true; Granted Authorities: ROLE_USER; Credentials: [PROTECTED]; Authenticated: true; Details: null; Granted Authorities: ROLE_USER'
10:44:38,938 DEBUG org.springframework.security.web.FilterChainProxy:328 - /api/javaquestions/ at position 11 of 14 in additional filter chain; firing Filter: 'AnonymousAuthenticationFilter'
10:44:38,938 DEBUG org.springframework.security.web.FilterChainProxy:328 - /api/javaquestions/ at position 11 of 14 in additional filter chain; firing Filter: 'AnonymousAuthenticationFilter'
10:44:38,939 DEBUG org.springframework.security.web.authentication.AnonymousAuthenticationFilter:106 - SecurityContextHolder not populated with anonymous token, as it already contained: 'org.springframework.security.authentication.UsernamePasswordAuthenticationToken@ca25360: Principal: org.springframework.security.core.userdetails.User@36ebcb: Username: user; Password: [PROTECTED]; Enabled: true; AccountNonExpired: true; credentialsNonExpired: true; AccountNonLocked: true; Granted Authorities: ROLE_USER; Credentials: [PROTECTED]; Authenticated: true; Details: null; Granted Authorities: ROLE_USER'
10:44:38,939 DEBUG org.springframework.security.web.authentication.AnonymousAuthenticationFilter:106 - SecurityContextHolder not populated with anonymous token, as it already contained: 'org.springframework.security.authentication.UsernamePasswordAuthenticationToken@ca25360: Principal: org.springframework.security.core.userdetails.User@36ebcb: Username: user; Password: [PROTECTED]; Enabled: true; AccountNonExpired: true; credentialsNonExpired: true; AccountNonLocked: true; Granted Authorities: ROLE_USER; Credentials: [PROTECTED]; Authenticated: true; Details: null; Granted Authorities: ROLE_USER'
10:44:38,939 DEBUG org.springframework.security.web.FilterChainProxy:328 - /api/javaquestions/ at position 12 of 14 in additional filter chain; firing Filter: 'SessionManagementFilter'
10:44:38,939 DEBUG org.springframework.security.web.FilterChainProxy:328 - /api/javaquestions/ at position 12 of 14 in additional filter chain; firing Filter: 'SessionManagementFilter'
10:44:38,940 DEBUG org.springframework.security.web.FilterChainProxy:328 - /api/javaquestions/ at position 13 of 14 in additional filter chain; firing Filter: 'ExceptionTranslationFilter'
10:44:38,940 DEBUG org.springframework.security.web.FilterChainProxy:328 - /api/javaquestions/ at position 13 of 14 in additional filter chain; firing Filter: 'ExceptionTranslationFilter'
10:44:38,942 DEBUG org.springframework.security.web.FilterChainProxy:328 - /api/javaquestions/ at position 14 of 14 in additional filter chain; firing Filter: 'FilterSecurityInterceptor'
10:44:38,942 DEBUG org.springframework.security.web.FilterChainProxy:328 - /api/javaquestions/ at position 14 of 14 in additional filter chain; firing Filter: 'FilterSecurityInterceptor'
10:44:38,944 DEBUG org.springframework.security.web.util.matcher.OrRequestMatcher:65 - Trying to match using Ant [pattern='/api/logout', GET]
10:44:38,944 DEBUG org.springframework.security.web.util.matcher.OrRequestMatcher:65 - Trying to match using Ant [pattern='/api/logout', GET]
10:44:38,946 DEBUG org.springframework.security.web.util.matcher.AntPathRequestMatcher:157 - Checking match of request : '/api/javaquestions/'; against '/api/logout'
10:44:38,946 DEBUG org.springframework.security.web.util.matcher.AntPathRequestMatcher:157 - Checking match of request : '/api/javaquestions/'; against '/api/logout'
10:44:38,947 DEBUG org.springframework.security.web.util.matcher.OrRequestMatcher:65 - Trying to match using Ant [pattern='/api/logout', POST]
10:44:38,947 DEBUG org.springframework.security.web.util.matcher.OrRequestMatcher:65 - Trying to match using Ant [pattern='/api/logout', POST]
10:44:38,948 DEBUG org.springframework.security.web.util.matcher.AntPathRequestMatcher:137 - Request 'GET /api/javaquestions/' doesn't match 'POST /api/logout
10:44:38,948 DEBUG org.springframework.security.web.util.matcher.AntPathRequestMatcher:137 - Request 'GET /api/javaquestions/' doesn't match 'POST /api/logout
10:44:38,950 DEBUG org.springframework.security.web.util.matcher.OrRequestMatcher:65 - Trying to match using Ant [pattern='/api/logout', PUT]
10:44:38,950 DEBUG org.springframework.security.web.util.matcher.OrRequestMatcher:65 - Trying to match using Ant [pattern='/api/logout', PUT]
10:44:38,950 DEBUG org.springframework.security.web.util.matcher.AntPathRequestMatcher:137 - Request 'GET /api/javaquestions/' doesn't match 'PUT /api/logout
10:44:38,950 DEBUG org.springframework.security.web.util.matcher.AntPathRequestMatcher:137 - Request 'GET /api/javaquestions/' doesn't match 'PUT /api/logout
10:44:38,951 DEBUG org.springframework.security.web.util.matcher.OrRequestMatcher:65 - Trying to match using Ant [pattern='/api/logout', DELETE]
10:44:38,951 DEBUG org.springframework.security.web.util.matcher.OrRequestMatcher:65 - Trying to match using Ant [pattern='/api/logout', DELETE]
10:44:38,952 DEBUG org.springframework.security.web.util.matcher.AntPathRequestMatcher:137 - Request 'GET /api/javaquestions/' doesn't match 'DELETE /api/logout
10:44:38,952 DEBUG org.springframework.security.web.util.matcher.AntPathRequestMatcher:137 - Request 'GET /api/javaquestions/' doesn't match 'DELETE /api/logout
10:44:38,954 DEBUG org.springframework.security.web.util.matcher.OrRequestMatcher:72 - No matches found
10:44:38,954 DEBUG org.springframework.security.web.util.matcher.OrRequestMatcher:72 - No matches found
10:44:38,954 DEBUG org.springframework.security.web.util.matcher.AntPathRequestMatcher:157 - Checking match of request : '/api/javaquestions/'; against '/api/signin'
10:44:38,954 DEBUG org.springframework.security.web.util.matcher.AntPathRequestMatcher:157 - Checking match of request : '/api/javaquestions/'; against '/api/signin'
10:44:38,955 DEBUG org.springframework.security.web.util.matcher.AntPathRequestMatcher:157 - Checking match of request : '/api/javaquestions/'; against '/api/signup'
10:44:38,955 DEBUG org.springframework.security.web.util.matcher.AntPathRequestMatcher:157 - Checking match of request : '/api/javaquestions/'; against '/api/signup'
10:44:38,956 DEBUG org.springframework.security.web.util.matcher.AntPathRequestMatcher:157 - Checking match of request : '/api/javaquestions/'; against '/api/javaquestions/**'
10:44:38,956 DEBUG org.springframework.security.web.util.matcher.AntPathRequestMatcher:157 - Checking match of request : '/api/javaquestions/'; against '/api/javaquestions/**'
10:44:38,961 DEBUG org.springframework.security.web.access.intercept.FilterSecurityInterceptor:219 - Secure object: FilterInvocation: URL: /api/javaquestions/; Attributes: [authenticated]
10:44:38,961 DEBUG org.springframework.security.web.access.intercept.FilterSecurityInterceptor:219 - Secure object: FilterInvocation: URL: /api/javaquestions/; Attributes: [authenticated]
10:44:38,963 DEBUG org.springframework.security.web.access.intercept.FilterSecurityInterceptor:348 - Previously Authenticated: org.springframework.security.authentication.UsernamePasswordAuthenticationToken@ca25360: Principal: org.springframework.security.core.userdetails.User@36ebcb: Username: user; Password: [PROTECTED]; Enabled: true; AccountNonExpired: true; credentialsNonExpired: true; AccountNonLocked: true; Granted Authorities: ROLE_USER; Credentials: [PROTECTED]; Authenticated: true; Details: null; Granted Authorities: ROLE_USER
10:44:38,963 DEBUG org.springframework.security.web.access.intercept.FilterSecurityInterceptor:348 - Previously Authenticated: org.springframework.security.authentication.UsernamePasswordAuthenticationToken@ca25360: Principal: org.springframework.security.core.userdetails.User@36ebcb: Username: user; Password: [PROTECTED]; Enabled: true; AccountNonExpired: true; credentialsNonExpired: true; AccountNonLocked: true; Granted Authorities: ROLE_USER; Credentials: [PROTECTED]; Authenticated: true; Details: null; Granted Authorities: ROLE_USER
10:44:38,965 DEBUG org.springframework.security.access.vote.AffirmativeBased:66 - Voter: org.springframework.security.web.access.expression.WebExpressionVoter@13c18bba, returned: 1
10:44:38,965 DEBUG org.springframework.security.access.vote.AffirmativeBased:66 - Voter: org.springframework.security.web.access.expression.WebExpressionVoter@13c18bba, returned: 1
10:44:38,967 DEBUG org.springframework.security.web.access.intercept.FilterSecurityInterceptor:243 - Authorization successful
10:44:38,967 DEBUG org.springframework.security.web.access.intercept.FilterSecurityInterceptor:243 - Authorization successful
10:44:38,969 DEBUG org.springframework.security.web.access.intercept.FilterSecurityInterceptor:256 - RunAsManager did not change Authentication object
10:44:38,969 DEBUG org.springframework.security.web.access.intercept.FilterSecurityInterceptor:256 - RunAsManager did not change Authentication object
10:44:38,970 DEBUG org.springframework.security.web.FilterChainProxy:313 - /api/javaquestions/ reached end of additional filter chain; proceeding with original chain
10:44:38,970 DEBUG org.springframework.security.web.FilterChainProxy:313 - /api/javaquestions/ reached end of additional filter chain; proceeding with original chain
10:44:38,972 TRACE org.springframework.web.servlet.handler.SimpleUrlHandlerMapping:149 - No handler mapping found for [/api/javaquestions/]
10:44:38,972 TRACE org.springframework.web.servlet.handler.SimpleUrlHandlerMapping:149 - No handler mapping found for [/api/javaquestions/]
10:44:38,973 DEBUG org.springframework.boot.actuate.endpoint.web.servlet.WebMvcEndpointHandlerMapping:312 - Looking up handler method for path /api/javaquestions/
10:44:38,973 DEBUG org.springframework.boot.actuate.endpoint.web.servlet.WebMvcEndpointHandlerMapping:312 - Looking up handler method for path /api/javaquestions/
10:44:38,985 DEBUG org.springframework.boot.actuate.endpoint.web.servlet.WebMvcEndpointHandlerMapping:322 - Did not find handler method for [/api/javaquestions/]
10:44:38,985 DEBUG org.springframework.boot.actuate.endpoint.web.servlet.WebMvcEndpointHandlerMapping:322 - Did not find handler method for [/api/javaquestions/]
10:44:38,986 DEBUG org.springframework.boot.actuate.endpoint.web.servlet.ControllerEndpointHandlerMapping:312 - Looking up handler method for path /api/javaquestions/
10:44:38,986 DEBUG org.springframework.boot.actuate.endpoint.web.servlet.ControllerEndpointHandlerMapping:312 - Looking up handler method for path /api/javaquestions/
10:44:38,988 DEBUG org.springframework.boot.actuate.endpoint.web.servlet.ControllerEndpointHandlerMapping:322 - Did not find handler method for [/api/javaquestions/]
10:44:38,988 DEBUG org.springframework.boot.actuate.endpoint.web.servlet.ControllerEndpointHandlerMapping:322 - Did not find handler method for [/api/javaquestions/]
10:44:38,989 DEBUG org.springframework.web.servlet.mvc.method.annotation.RequestMappingHandlerMapping:312 - Looking up handler method for path /api/javaquestions/
10:44:38,989 DEBUG org.springframework.web.servlet.mvc.method.annotation.RequestMappingHandlerMapping:312 - Looking up handler method for path /api/javaquestions/
10:44:39,000 TRACE org.springframework.web.servlet.mvc.method.annotation.RequestMappingHandlerMapping:357 - Found 1 matching mapping(s) for [/api/javaquestions/] : [{[/api/javaquestions/],methods=[GET]}]
10:44:39,000 TRACE org.springframework.web.servlet.mvc.method.annotation.RequestMappingHandlerMapping:357 - Found 1 matching mapping(s) for [/api/javaquestions/] : [{[/api/javaquestions/],methods=[GET]}]
10:44:39,001 DEBUG org.springframework.web.servlet.mvc.method.annotation.RequestMappingHandlerMapping:319 - Returning handler method [public java.util.Collection<pro.abacus.javatutor.domain.JavaQuestion> pro.abacus.javatutor.controller.QuestionRestController.readAllJavaQuestions()]
10:44:39,001 DEBUG org.springframework.web.servlet.mvc.method.annotation.RequestMappingHandlerMapping:319 - Returning handler method [public java.util.Collection<pro.abacus.javatutor.domain.JavaQuestion> pro.abacus.javatutor.controller.QuestionRestController.readAllJavaQuestions()]
10:44:39,002 DEBUG org.springframework.beans.factory.support.DefaultListableBeanFactory:254 - Returning cached instance of singleton bean 'questionRestController'
10:44:39,002 DEBUG org.springframework.beans.factory.support.DefaultListableBeanFactory:254 - Returning cached instance of singleton bean 'questionRestController'
10:44:39,005 TRACE org.springframework.test.web.servlet.TestDispatcherServlet:1054 - Bound request context to thread: SecurityContextHolderAwareRequestWrapper[ org.springframework.security.web.context.HttpSessionSecurityContextRepository$Servlet3SaveToSessionRequestWrapper@3c46e6f6]
10:44:39,005 TRACE org.springframework.test.web.servlet.TestDispatcherServlet:1054 - Bound request context to thread: SecurityContextHolderAwareRequestWrapper[ org.springframework.security.web.context.HttpSessionSecurityContextRepository$Servlet3SaveToSessionRequestWrapper@3c46e6f6]
10:44:39,010 DEBUG org.springframework.test.web.servlet.TestDispatcherServlet:891 - DispatcherServlet with name '' processing GET request for [/api/javaquestions/]
10:44:39,010 DEBUG org.springframework.test.web.servlet.TestDispatcherServlet:891 - DispatcherServlet with name '' processing GET request for [/api/javaquestions/]
10:44:39,011 TRACE org.springframework.test.web.servlet.TestDispatcherServlet:1185 - Testing handler map [org.springframework.web.servlet.handler.SimpleUrlHandlerMapping@32298473] in DispatcherServlet with name ''
10:44:39,011 TRACE org.springframework.test.web.servlet.TestDispatcherServlet:1185 - Testing handler map [org.springframework.web.servlet.handler.SimpleUrlHandlerMapping@32298473] in DispatcherServlet with name ''
10:44:39,014 TRACE org.springframework.web.servlet.handler.SimpleUrlHandlerMapping:149 - No handler mapping found for [/api/javaquestions/]
10:44:39,014 TRACE org.springframework.web.servlet.handler.SimpleUrlHandlerMapping:149 - No handler mapping found for [/api/javaquestions/]
10:44:39,016 TRACE org.springframework.test.web.servlet.TestDispatcherServlet:1185 - Testing handler map [org.springframework.boot.actuate.endpoint.web.servlet.WebMvcEndpointHandlerMapping@19f1be04] in DispatcherServlet with name ''
10:44:39,016 TRACE org.springframework.test.web.servlet.TestDispatcherServlet:1185 - Testing handler map [org.springframework.boot.actuate.endpoint.web.servlet.WebMvcEndpointHandlerMapping@19f1be04] in DispatcherServlet with name ''
10:44:39,018 DEBUG org.springframework.boot.actuate.endpoint.web.servlet.WebMvcEndpointHandlerMapping:312 - Looking up handler method for path /api/javaquestions/
10:44:39,018 DEBUG org.springframework.boot.actuate.endpoint.web.servlet.WebMvcEndpointHandlerMapping:312 - Looking up handler method for path /api/javaquestions/
10:44:39,020 DEBUG org.springframework.boot.actuate.endpoint.web.servlet.WebMvcEndpointHandlerMapping:322 - Did not find handler method for [/api/javaquestions/]
10:44:39,020 DEBUG org.springframework.boot.actuate.endpoint.web.servlet.WebMvcEndpointHandlerMapping:322 - Did not find handler method for [/api/javaquestions/]
10:44:39,021 TRACE org.springframework.test.web.servlet.TestDispatcherServlet:1185 - Testing handler map [org.springframework.boot.actuate.endpoint.web.servlet.ControllerEndpointHandlerMapping@5d6b5d3d] in DispatcherServlet with name ''
10:44:39,021 TRACE org.springframework.test.web.servlet.TestDispatcherServlet:1185 - Testing handler map [org.springframework.boot.actuate.endpoint.web.servlet.ControllerEndpointHandlerMapping@5d6b5d3d] in DispatcherServlet with name ''
10:44:39,030 DEBUG org.springframework.boot.actuate.endpoint.web.servlet.ControllerEndpointHandlerMapping:312 - Looking up handler method for path /api/javaquestions/
10:44:39,030 DEBUG org.springframework.boot.actuate.endpoint.web.servlet.ControllerEndpointHandlerMapping:312 - Looking up handler method for path /api/javaquestions/
10:44:39,031 DEBUG org.springframework.boot.actuate.endpoint.web.servlet.ControllerEndpointHandlerMapping:322 - Did not find handler method for [/api/javaquestions/]
10:44:39,031 DEBUG org.springframework.boot.actuate.endpoint.web.servlet.ControllerEndpointHandlerMapping:322 - Did not find handler method for [/api/javaquestions/]
10:44:39,034 TRACE org.springframework.test.web.servlet.TestDispatcherServlet:1185 - Testing handler map [org.springframework.web.servlet.mvc.method.annotation.RequestMappingHandlerMapping@464d5365] in DispatcherServlet with name ''
10:44:39,034 TRACE org.springframework.test.web.servlet.TestDispatcherServlet:1185 - Testing handler map [org.springframework.web.servlet.mvc.method.annotation.RequestMappingHandlerMapping@464d5365] in DispatcherServlet with name ''
10:44:39,052 DEBUG org.springframework.web.servlet.mvc.method.annotation.RequestMappingHandlerMapping:312 - Looking up handler method for path /api/javaquestions/
10:44:39,052 DEBUG org.springframework.web.servlet.mvc.method.annotation.RequestMappingHandlerMapping:312 - Looking up handler method for path /api/javaquestions/
10:44:39,061 TRACE org.springframework.web.servlet.mvc.method.annotation.RequestMappingHandlerMapping:357 - Found 1 matching mapping(s) for [/api/javaquestions/] : [{[/api/javaquestions/],methods=[GET]}]
10:44:39,061 TRACE org.springframework.web.servlet.mvc.method.annotation.RequestMappingHandlerMapping:357 - Found 1 matching mapping(s) for [/api/javaquestions/] : [{[/api/javaquestions/],methods=[GET]}]
10:44:39,065 DEBUG org.springframework.web.servlet.mvc.method.annotation.RequestMappingHandlerMapping:319 - Returning handler method [public java.util.Collection<pro.abacus.javatutor.domain.JavaQuestion> pro.abacus.javatutor.controller.QuestionRestController.readAllJavaQuestions()]
10:44:39,065 DEBUG org.springframework.web.servlet.mvc.method.annotation.RequestMappingHandlerMapping:319 - Returning handler method [public java.util.Collection<pro.abacus.javatutor.domain.JavaQuestion> pro.abacus.javatutor.controller.QuestionRestController.readAllJavaQuestions()]
10:44:39,068 DEBUG org.springframework.beans.factory.support.DefaultListableBeanFactory:254 - Returning cached instance of singleton bean 'questionRestController'
10:44:39,068 DEBUG org.springframework.beans.factory.support.DefaultListableBeanFactory:254 - Returning cached instance of singleton bean 'questionRestController'
10:44:39,070 TRACE org.springframework.test.web.servlet.TestDispatcherServlet:1226 - Testing handler adapter [org.springframework.web.servlet.mvc.method.annotation.RequestMappingHandlerAdapter@38394dc3]
10:44:39,070 TRACE org.springframework.test.web.servlet.TestDispatcherServlet:1226 - Testing handler adapter [org.springframework.web.servlet.mvc.method.annotation.RequestMappingHandlerAdapter@38394dc3]
10:44:39,074 DEBUG org.springframework.test.web.servlet.TestDispatcherServlet:979 - Last-Modified value for [/api/javaquestions/] is: -1
10:44:39,074 DEBUG org.springframework.test.web.servlet.TestDispatcherServlet:979 - Last-Modified value for [/api/javaquestions/] is: -1
10:44:39,080 TRACE org.springframework.web.servlet.mvc.method.annotation.ServletInvocableHandlerMethod:133 - Invoking 'pro.abacus.javatutor.controller.QuestionRestController.readAllJavaQuestions' with arguments []
10:44:39,080 TRACE org.springframework.web.servlet.mvc.method.annotation.ServletInvocableHandlerMethod:133 - Invoking 'pro.abacus.javatutor.controller.QuestionRestController.readAllJavaQuestions' with arguments []
10:44:39,083 DEBUG org.springframework.security.access.intercept.aopalliance.MethodSecurityInterceptor:219 - Secure object: ReflectiveMethodInvocation: public java.util.Collection pro.abacus.javatutor.controller.QuestionRestController.readAllJavaQuestions(); target is of class [pro.abacus.javatutor.controller.QuestionRestController]; Attributes: [[authorize: 'hasAuthority('ROLE_USER')', filter: 'null', filterTarget: 'null']]
10:44:39,083 DEBUG org.springframework.security.access.intercept.aopalliance.MethodSecurityInterceptor:219 - Secure object: ReflectiveMethodInvocation: public java.util.Collection pro.abacus.javatutor.controller.QuestionRestController.readAllJavaQuestions(); target is of class [pro.abacus.javatutor.controller.QuestionRestController]; Attributes: [[authorize: 'hasAuthority('ROLE_USER')', filter: 'null', filterTarget: 'null']]
10:44:39,085 DEBUG org.springframework.security.access.intercept.aopalliance.MethodSecurityInterceptor:348 - Previously Authenticated: org.springframework.security.authentication.UsernamePasswordAuthenticationToken@ca25360: Principal: org.springframework.security.core.userdetails.User@36ebcb: Username: user; Password: [PROTECTED]; Enabled: true; AccountNonExpired: true; credentialsNonExpired: true; AccountNonLocked: true; Granted Authorities: ROLE_USER; Credentials: [PROTECTED]; Authenticated: true; Details: null; Granted Authorities: ROLE_USER
10:44:39,085 DEBUG org.springframework.security.access.intercept.aopalliance.MethodSecurityInterceptor:348 - Previously Authenticated: org.springframework.security.authentication.UsernamePasswordAuthenticationToken@ca25360: Principal: org.springframework.security.core.userdetails.User@36ebcb: Username: user; Password: [PROTECTED]; Enabled: true; AccountNonExpired: true; credentialsNonExpired: true; AccountNonLocked: true; Granted Authorities: ROLE_USER; Credentials: [PROTECTED]; Authenticated: true; Details: null; Granted Authorities: ROLE_USER
10:44:39,101 DEBUG org.springframework.security.access.vote.AffirmativeBased:66 - Voter: org.springframework.security.access.prepost.PreInvocationAuthorizationAdviceVoter@56a9a7b5, returned: 1
10:44:39,101 DEBUG org.springframework.security.access.vote.AffirmativeBased:66 - Voter: org.springframework.security.access.prepost.PreInvocationAuthorizationAdviceVoter@56a9a7b5, returned: 1
10:44:39,103 DEBUG org.springframework.security.access.intercept.aopalliance.MethodSecurityInterceptor:243 - Authorization successful
10:44:39,103 DEBUG org.springframework.security.access.intercept.aopalliance.MethodSecurityInterceptor:243 - Authorization successful
10:44:39,104 DEBUG org.springframework.security.access.intercept.aopalliance.MethodSecurityInterceptor:256 - RunAsManager did not change Authentication object
10:44:39,104 DEBUG org.springframework.security.access.intercept.aopalliance.MethodSecurityInterceptor:256 - RunAsManager did not change Authentication object
10:44:39,171 DEBUG org.springframework.data.mongodb.core.MongoTemplate:2238 - find using query: { } fields: Document{{}} for class: class pro.abacus.javatutor.domain.JavaQuestion in collection: javaQuestion
10:44:39,171 DEBUG org.springframework.data.mongodb.core.MongoTemplate:2238 - find using query: { } fields: Document{{}} for class: class pro.abacus.javatutor.domain.JavaQuestion in collection: javaQuestion
10:45:09,193 DEBUG org.springframework.web.servlet.mvc.method.annotation.ExceptionHandlerExceptionResolver:136 - Resolving exception from handler [public java.util.Collection<pro.abacus.javatutor.domain.JavaQuestion> pro.abacus.javatutor.controller.QuestionRestController.readAllJavaQuestions()]: org.springframework.dao.DataAccessResourceFailureException: Timed out after 30000 ms while waiting to connect. Client view of cluster state is {type=UNKNOWN, servers=[{address=localhost:27017, type=UNKNOWN, state=CONNECTING, exception={com.mongodb.MongoSocketOpenException: Exception opening socket}, caused by {java.net.ConnectException: Connection refused: connect}}]; nested exception is com.mongodb.MongoTimeoutException: Timed out after 30000 ms while waiting to connect. Client view of cluster state is {type=UNKNOWN, servers=[{address=localhost:27017, type=UNKNOWN, state=CONNECTING, exception={com.mongodb.MongoSocketOpenException: Exception opening socket}, caused by {java.net.ConnectException: Connection refused: connect}}]
10:45:09,193 DEBUG org.springframework.web.servlet.mvc.method.annotation.ExceptionHandlerExceptionResolver:136 - Resolving exception from handler [public java.util.Collection<pro.abacus.javatutor.domain.JavaQuestion> pro.abacus.javatutor.controller.QuestionRestController.readAllJavaQuestions()]: org.springframework.dao.DataAccessResourceFailureException: Timed out after 30000 ms while waiting to connect. Client view of cluster state is {type=UNKNOWN, servers=[{address=localhost:27017, type=UNKNOWN, state=CONNECTING, exception={com.mongodb.MongoSocketOpenException: Exception opening socket}, caused by {java.net.ConnectException: Connection refused: connect}}]; nested exception is com.mongodb.MongoTimeoutException: Timed out after 30000 ms while waiting to connect. Client view of cluster state is {type=UNKNOWN, servers=[{address=localhost:27017, type=UNKNOWN, state=CONNECTING, exception={com.mongodb.MongoSocketOpenException: Exception opening socket}, caused by {java.net.ConnectException: Connection refused: connect}}]
10:45:09,200 DEBUG org.springframework.web.servlet.mvc.annotation.ResponseStatusExceptionResolver:136 - Resolving exception from handler [public java.util.Collection<pro.abacus.javatutor.domain.JavaQuestion> pro.abacus.javatutor.controller.QuestionRestController.readAllJavaQuestions()]: org.springframework.dao.DataAccessResourceFailureException: Timed out after 30000 ms while waiting to connect. Client view of cluster state is {type=UNKNOWN, servers=[{address=localhost:27017, type=UNKNOWN, state=CONNECTING, exception={com.mongodb.MongoSocketOpenException: Exception opening socket}, caused by {java.net.ConnectException: Connection refused: connect}}]; nested exception is com.mongodb.MongoTimeoutException: Timed out after 30000 ms while waiting to connect. Client view of cluster state is {type=UNKNOWN, servers=[{address=localhost:27017, type=UNKNOWN, state=CONNECTING, exception={com.mongodb.MongoSocketOpenException: Exception opening socket}, caused by {java.net.ConnectException: Connection refused: connect}}]
10:45:09,200 DEBUG org.springframework.web.servlet.mvc.annotation.ResponseStatusExceptionResolver:136 - Resolving exception from handler [public java.util.Collection<pro.abacus.javatutor.domain.JavaQuestion> pro.abacus.javatutor.controller.QuestionRestController.readAllJavaQuestions()]: org.springframework.dao.DataAccessResourceFailureException: Timed out after 30000 ms while waiting to connect. Client view of cluster state is {type=UNKNOWN, servers=[{address=localhost:27017, type=UNKNOWN, state=CONNECTING, exception={com.mongodb.MongoSocketOpenException: Exception opening socket}, caused by {java.net.ConnectException: Connection refused: connect}}]; nested exception is com.mongodb.MongoTimeoutException: Timed out after 30000 ms while waiting to connect. Client view of cluster state is {type=UNKNOWN, servers=[{address=localhost:27017, type=UNKNOWN, state=CONNECTING, exception={com.mongodb.MongoSocketOpenException: Exception opening socket}, caused by {java.net.ConnectException: Connection refused: connect}}]
10:45:09,218 DEBUG org.springframework.web.servlet.mvc.support.DefaultHandlerExceptionResolver:136 - Resolving exception from handler [public java.util.Collection<pro.abacus.javatutor.domain.JavaQuestion> pro.abacus.javatutor.controller.QuestionRestController.readAllJavaQuestions()]: org.springframework.dao.DataAccessResourceFailureException: Timed out after 30000 ms while waiting to connect. Client view of cluster state is {type=UNKNOWN, servers=[{address=localhost:27017, type=UNKNOWN, state=CONNECTING, exception={com.mongodb.MongoSocketOpenException: Exception opening socket}, caused by {java.net.ConnectException: Connection refused: connect}}]; nested exception is com.mongodb.MongoTimeoutException: Timed out after 30000 ms while waiting to connect. Client view of cluster state is {type=UNKNOWN, servers=[{address=localhost:27017, type=UNKNOWN, state=CONNECTING, exception={com.mongodb.MongoSocketOpenException: Exception opening socket}, caused by {java.net.ConnectException: Connection refused: connect}}]
10:45:09,218 DEBUG org.springframework.web.servlet.mvc.support.DefaultHandlerExceptionResolver:136 - Resolving exception from handler [public java.util.Collection<pro.abacus.javatutor.domain.JavaQuestion> pro.abacus.javatutor.controller.QuestionRestController.readAllJavaQuestions()]: org.springframework.dao.DataAccessResourceFailureException: Timed out after 30000 ms while waiting to connect. Client view of cluster state is {type=UNKNOWN, servers=[{address=localhost:27017, type=UNKNOWN, state=CONNECTING, exception={com.mongodb.MongoSocketOpenException: Exception opening socket}, caused by {java.net.ConnectException: Connection refused: connect}}]; nested exception is com.mongodb.MongoTimeoutException: Timed out after 30000 ms while waiting to connect. Client view of cluster state is {type=UNKNOWN, servers=[{address=localhost:27017, type=UNKNOWN, state=CONNECTING, exception={com.mongodb.MongoSocketOpenException: Exception opening socket}, caused by {java.net.ConnectException: Connection refused: connect}}]
10:45:09,220 TRACE org.springframework.test.web.servlet.TestDispatcherServlet:1064 - Cleared thread-bound request context: SecurityContextHolderAwareRequestWrapper[ org.springframework.security.web.context.HttpSessionSecurityContextRepository$Servlet3SaveToSessionRequestWrapper@3c46e6f6]
10:45:09,220 TRACE org.springframework.test.web.servlet.TestDispatcherServlet:1064 - Cleared thread-bound request context: SecurityContextHolderAwareRequestWrapper[ org.springframework.security.web.context.HttpSessionSecurityContextRepository$Servlet3SaveToSessionRequestWrapper@3c46e6f6]
10:45:09,221 DEBUG org.springframework.test.web.servlet.TestDispatcherServlet:993 - Could not complete request
org.springframework.dao.DataAccessResourceFailureException: Timed out after 30000 ms while waiting to connect. Client view of cluster state is {type=UNKNOWN, servers=[{address=localhost:27017, type=UNKNOWN, state=CONNECTING, exception={com.mongodb.MongoSocketOpenException: Exception opening socket}, caused by {java.net.ConnectException: Connection refused: connect}}]; nested exception is com.mongodb.MongoTimeoutException: Timed out after 30000 ms while waiting to connect. Client view of cluster state is {type=UNKNOWN, servers=[{address=localhost:27017, type=UNKNOWN, state=CONNECTING, exception={com.mongodb.MongoSocketOpenException: Exception opening socket}, caused by {java.net.ConnectException: Connection refused: connect}}]
	at org.springframework.data.mongodb.core.MongoExceptionTranslator.translateExceptionIfPossible(MongoExceptionTranslator.java:87)
	at org.springframework.data.mongodb.core.MongoTemplate.potentiallyConvertRuntimeException(MongoTemplate.java:2589)
	at org.springframework.data.mongodb.core.MongoTemplate.executeFindMultiInternal(MongoTemplate.java:2457)
	at org.springframework.data.mongodb.core.MongoTemplate.doFind(MongoTemplate.java:2242)
	at org.springframework.data.mongodb.core.MongoTemplate.doFind(MongoTemplate.java:2225)
	at org.springframework.data.mongodb.core.MongoTemplate.find(MongoTemplate.java:770)
	at org.springframework.data.mongodb.repository.support.SimpleMongoRepository.findAll(SimpleMongoRepository.java:365)
	at org.springframework.data.mongodb.repository.support.SimpleMongoRepository.findAll(SimpleMongoRepository.java:197)
	at org.springframework.data.mongodb.repository.support.SimpleMongoRepository.findAll(SimpleMongoRepository.java:50)
	at sun.reflect.NativeMethodAccessorImpl.invoke0(Native Method)
	at sun.reflect.NativeMethodAccessorImpl.invoke(NativeMethodAccessorImpl.java:62)
	at sun.reflect.DelegatingMethodAccessorImpl.invoke(DelegatingMethodAccessorImpl.java:43)
	at java.lang.reflect.Method.invoke(Method.java:498)
	at org.springframework.data.repository.core.support.RepositoryComposition$RepositoryFragments.invoke(RepositoryComposition.java:377)
	at org.springframework.data.repository.core.support.RepositoryComposition.invoke(RepositoryComposition.java:200)
	at org.springframework.data.repository.core.support.RepositoryFactorySupport$ImplementationMethodExecutionInterceptor.invoke(RepositoryFactorySupport.java:629)
	at org.springframework.aop.framework.ReflectiveMethodInvocation.proceed(ReflectiveMethodInvocation.java:185)
	at org.springframework.data.repository.core.support.RepositoryFactorySupport$QueryExecutorMethodInterceptor.doInvoke(RepositoryFactorySupport.java:593)
	at org.springframework.data.repository.core.support.RepositoryFactorySupport$QueryExecutorMethodInterceptor.invoke(RepositoryFactorySupport.java:578)
	at org.springframework.aop.framework.ReflectiveMethodInvocation.proceed(ReflectiveMethodInvocation.java:185)
	at org.springframework.data.projection.DefaultMethodInvokingMethodInterceptor.invoke(DefaultMethodInvokingMethodInterceptor.java:59)
	at org.springframework.aop.framework.ReflectiveMethodInvocation.proceed(ReflectiveMethodInvocation.java:185)
	at org.springframework.aop.interceptor.ExposeInvocationInterceptor.invoke(ExposeInvocationInterceptor.java:92)
	at org.springframework.aop.framework.ReflectiveMethodInvocation.proceed(ReflectiveMethodInvocation.java:185)
	at org.springframework.data.repository.core.support.SurroundingTransactionDetectorMethodInterceptor.invoke(SurroundingTransactionDetectorMethodInterceptor.java:61)
	at org.springframework.aop.framework.ReflectiveMethodInvocation.proceed(ReflectiveMethodInvocation.java:185)
	at org.springframework.aop.framework.JdkDynamicAopProxy.invoke(JdkDynamicAopProxy.java:212)
	at com.sun.proxy.$Proxy137.findAll(Unknown Source)
	at sun.reflect.NativeMethodAccessorImpl.invoke0(Native Method)
	at sun.reflect.NativeMethodAccessorImpl.invoke(NativeMethodAccessorImpl.java:62)
	at sun.reflect.DelegatingMethodAccessorImpl.invoke(DelegatingMethodAccessorImpl.java:43)
	at java.lang.reflect.Method.invoke(Method.java:498)
	at org.springframework.aop.support.AopUtils.invokeJoinpointUsingReflection(AopUtils.java:343)
	at org.springframework.aop.framework.ReflectiveMethodInvocation.invokeJoinpoint(ReflectiveMethodInvocation.java:197)
	at org.springframework.aop.framework.ReflectiveMethodInvocation.proceed(ReflectiveMethodInvocation.java:163)
	at org.springframework.dao.support.PersistenceExceptionTranslationInterceptor.invoke(PersistenceExceptionTranslationInterceptor.java:139)
	at org.springframework.aop.framework.ReflectiveMethodInvocation.proceed(ReflectiveMethodInvocation.java:185)
	at org.springframework.aop.framework.JdkDynamicAopProxy.invoke(JdkDynamicAopProxy.java:212)
	at com.sun.proxy.$Proxy137.findAll(Unknown Source)
	at pro.abacus.javatutor.service.JavaQuestionsServiceImpl.findAllQuestions(JavaQuestionsServiceImpl.java:21)
	at pro.abacus.javatutor.controller.QuestionRestController.readAllJavaQuestions(QuestionRestController.java:35)
	at pro.abacus.javatutor.controller.QuestionRestController$$FastClassBySpringCGLIB$$a5250602.invoke(<generated>)
	at org.springframework.cglib.proxy.MethodProxy.invoke(MethodProxy.java:204)
	at org.springframework.aop.framework.CglibAopProxy$CglibMethodInvocation.invokeJoinpoint(CglibAopProxy.java:746)
	at org.springframework.aop.framework.ReflectiveMethodInvocation.proceed(ReflectiveMethodInvocation.java:163)
	at org.springframework.security.access.intercept.aopalliance.MethodSecurityInterceptor.invoke(MethodSecurityInterceptor.java:69)
	at org.springframework.aop.framework.ReflectiveMethodInvocation.proceed(ReflectiveMethodInvocation.java:185)
	at org.springframework.aop.framework.CglibAopProxy$DynamicAdvisedInterceptor.intercept(CglibAopProxy.java:688)
	at pro.abacus.javatutor.controller.QuestionRestController$$EnhancerBySpringCGLIB$$cc30c807_2.readAllJavaQuestions(<generated>)
	at sun.reflect.NativeMethodAccessorImpl.invoke0(Native Method)
	at sun.reflect.NativeMethodAccessorImpl.invoke(NativeMethodAccessorImpl.java:62)
	at sun.reflect.DelegatingMethodAccessorImpl.invoke(DelegatingMethodAccessorImpl.java:43)
	at java.lang.reflect.Method.invoke(Method.java:498)
	at org.springframework.web.method.support.InvocableHandlerMethod.doInvoke(InvocableHandlerMethod.java:209)
	at org.springframework.web.method.support.InvocableHandlerMethod.invokeForRequest(InvocableHandlerMethod.java:136)
	at org.springframework.web.servlet.mvc.method.annotation.ServletInvocableHandlerMethod.invokeAndHandle(ServletInvocableHandlerMethod.java:102)
	at org.springframework.web.servlet.mvc.method.annotation.RequestMappingHandlerAdapter.invokeHandlerMethod(RequestMappingHandlerAdapter.java:877)
	at org.springframework.web.servlet.mvc.method.annotation.RequestMappingHandlerAdapter.handleInternal(RequestMappingHandlerAdapter.java:783)
	at org.springframework.web.servlet.mvc.method.AbstractHandlerMethodAdapter.handle(AbstractHandlerMethodAdapter.java:87)
	at org.springframework.web.servlet.DispatcherServlet.doDispatch(DispatcherServlet.java:991)
	at org.springframework.web.servlet.DispatcherServlet.doService(DispatcherServlet.java:925)
	at org.springframework.web.servlet.FrameworkServlet.processRequest(FrameworkServlet.java:974)
	at org.springframework.web.servlet.FrameworkServlet.doGet(FrameworkServlet.java:866)
	at javax.servlet.http.HttpServlet.service(HttpServlet.java:635)
	at org.springframework.web.servlet.FrameworkServlet.service(FrameworkServlet.java:851)
	at org.springframework.test.web.servlet.TestDispatcherServlet.service(TestDispatcherServlet.java:71)
	at javax.servlet.http.HttpServlet.service(HttpServlet.java:742)
	at org.springframework.mock.web.MockFilterChain$ServletFilterProxy.doFilter(MockFilterChain.java:166)
	at org.springframework.mock.web.MockFilterChain.doFilter(MockFilterChain.java:133)
	at org.springframework.boot.actuate.metrics.web.servlet.WebMvcMetricsFilter.filterAndRecordMetrics(WebMvcMetricsFilter.java:158)
	at org.springframework.boot.actuate.metrics.web.servlet.WebMvcMetricsFilter.filterAndRecordMetrics(WebMvcMetricsFilter.java:126)
	at org.springframework.boot.actuate.metrics.web.servlet.WebMvcMetricsFilter.doFilterInternal(WebMvcMetricsFilter.java:111)
	at org.springframework.web.filter.OncePerRequestFilter.doFilter(OncePerRequestFilter.java:107)
	at org.springframework.mock.web.MockFilterChain.doFilter(MockFilterChain.java:133)
	at org.springframework.boot.actuate.web.trace.servlet.HttpTraceFilter.doFilterInternal(HttpTraceFilter.java:84)
	at org.springframework.web.filter.OncePerRequestFilter.doFilter(OncePerRequestFilter.java:107)
	at org.springframework.mock.web.MockFilterChain.doFilter(MockFilterChain.java:133)
	at org.springframework.security.web.FilterChainProxy$VirtualFilterChain.doFilter(FilterChainProxy.java:320)
	at org.springframework.security.web.access.intercept.FilterSecurityInterceptor.invoke(FilterSecurityInterceptor.java:127)
	at org.springframework.security.web.access.intercept.FilterSecurityInterceptor.doFilter(FilterSecurityInterceptor.java:91)
	at org.springframework.security.web.FilterChainProxy$VirtualFilterChain.doFilter(FilterChainProxy.java:334)
	at org.springframework.security.web.access.ExceptionTranslationFilter.doFilter(ExceptionTranslationFilter.java:119)
	at org.springframework.security.web.FilterChainProxy$VirtualFilterChain.doFilter(FilterChainProxy.java:334)
	at org.springframework.security.web.session.SessionManagementFilter.doFilter(SessionManagementFilter.java:137)
	at org.springframework.security.web.FilterChainProxy$VirtualFilterChain.doFilter(FilterChainProxy.java:334)
	at org.springframework.security.web.authentication.AnonymousAuthenticationFilter.doFilter(AnonymousAuthenticationFilter.java:111)
	at org.springframework.security.web.FilterChainProxy$VirtualFilterChain.doFilter(FilterChainProxy.java:334)
	at org.springframework.security.web.authentication.rememberme.RememberMeAuthenticationFilter.doFilter(RememberMeAuthenticationFilter.java:158)
	at org.springframework.security.web.FilterChainProxy$VirtualFilterChain.doFilter(FilterChainProxy.java:334)
	at org.springframework.security.web.servletapi.SecurityContextHolderAwareRequestFilter.doFilter(SecurityContextHolderAwareRequestFilter.java:170)
	at org.springframework.security.web.FilterChainProxy$VirtualFilterChain.doFilter(FilterChainProxy.java:334)
	at org.springframework.security.web.savedrequest.RequestCacheAwareFilter.doFilter(RequestCacheAwareFilter.java:63)
	at org.springframework.security.web.FilterChainProxy$VirtualFilterChain.doFilter(FilterChainProxy.java:334)
	at org.springframework.security.web.authentication.ui.DefaultLoginPageGeneratingFilter.doFilter(DefaultLoginPageGeneratingFilter.java:205)
	at org.springframework.security.web.FilterChainProxy$VirtualFilterChain.doFilter(FilterChainProxy.java:334)
	at org.springframework.security.web.authentication.AbstractAuthenticationProcessingFilter.doFilter(AbstractAuthenticationProcessingFilter.java:200)
	at org.springframework.security.web.FilterChainProxy$VirtualFilterChain.doFilter(FilterChainProxy.java:334)
	at org.springframework.security.web.authentication.logout.LogoutFilter.doFilter(LogoutFilter.java:116)
	at org.springframework.security.web.FilterChainProxy$VirtualFilterChain.doFilter(FilterChainProxy.java:334)
	at org.springframework.web.filter.CorsFilter.doFilterInternal(CorsFilter.java:96)
	at org.springframework.web.filter.OncePerRequestFilter.doFilter(OncePerRequestFilter.java:107)
	at org.springframework.security.web.FilterChainProxy$VirtualFilterChain.doFilter(FilterChainProxy.java:334)
	at org.springframework.security.web.header.HeaderWriterFilter.doFilterInternal(HeaderWriterFilter.java:66)
	at org.springframework.web.filter.OncePerRequestFilter.doFilter(OncePerRequestFilter.java:107)
	at org.springframework.security.web.FilterChainProxy$VirtualFilterChain.doFilter(FilterChainProxy.java:334)
	at org.springframework.security.web.context.SecurityContextPersistenceFilter.doFilter(SecurityContextPersistenceFilter.java:105)
	at org.springframework.security.web.FilterChainProxy$VirtualFilterChain.doFilter(FilterChainProxy.java:334)
	at org.springframework.security.web.context.request.async.WebAsyncManagerIntegrationFilter.doFilterInternal(WebAsyncManagerIntegrationFilter.java:56)
	at org.springframework.web.filter.OncePerRequestFilter.doFilter(OncePerRequestFilter.java:107)
	at org.springframework.security.web.FilterChainProxy$VirtualFilterChain.doFilter(FilterChainProxy.java:334)
	at org.springframework.security.web.FilterChainProxy.doFilterInternal(FilterChainProxy.java:215)
	at org.springframework.security.web.FilterChainProxy.doFilter(FilterChainProxy.java:178)
	at org.springframework.web.filter.DelegatingFilterProxy.invokeDelegate(DelegatingFilterProxy.java:357)
	at org.springframework.web.filter.DelegatingFilterProxy.doFilter(DelegatingFilterProxy.java:270)
	at org.springframework.mock.web.MockFilterChain.doFilter(MockFilterChain.java:133)
	at org.springframework.web.filter.RequestContextFilter.doFilterInternal(RequestContextFilter.java:99)
	at org.springframework.web.filter.OncePerRequestFilter.doFilter(OncePerRequestFilter.java:107)
	at org.springframework.mock.web.MockFilterChain.doFilter(MockFilterChain.java:133)
	at org.springframework.web.filter.HttpPutFormContentFilter.doFilterInternal(HttpPutFormContentFilter.java:109)
	at org.springframework.web.filter.OncePerRequestFilter.doFilter(OncePerRequestFilter.java:107)
	at org.springframework.mock.web.MockFilterChain.doFilter(MockFilterChain.java:133)
	at org.springframework.web.filter.HiddenHttpMethodFilter.doFilterInternal(HiddenHttpMethodFilter.java:81)
	at org.springframework.web.filter.OncePerRequestFilter.doFilter(OncePerRequestFilter.java:107)
	at org.springframework.mock.web.MockFilterChain.doFilter(MockFilterChain.java:133)
	at org.springframework.web.filter.CharacterEncodingFilter.doFilterInternal(CharacterEncodingFilter.java:200)
	at org.springframework.web.filter.OncePerRequestFilter.doFilter(OncePerRequestFilter.java:107)
	at org.springframework.mock.web.MockFilterChain.doFilter(MockFilterChain.java:133)
	at org.springframework.test.web.servlet.MockMvc.perform(MockMvc.java:165)
	at pro.abacus.javatutor.SecurityIntegrationTest.loginWithMockUser(SecurityIntegrationTest.java:59)
	at sun.reflect.NativeMethodAccessorImpl.invoke0(Native Method)
	at sun.reflect.NativeMethodAccessorImpl.invoke(NativeMethodAccessorImpl.java:62)
	at sun.reflect.DelegatingMethodAccessorImpl.invoke(DelegatingMethodAccessorImpl.java:43)
	at java.lang.reflect.Method.invoke(Method.java:498)
	at org.junit.runners.model.FrameworkMethod$1.runReflectiveCall(FrameworkMethod.java:50)
	at org.junit.internal.runners.model.ReflectiveCallable.run(ReflectiveCallable.java:12)
	at org.junit.runners.model.FrameworkMethod.invokeExplosively(FrameworkMethod.java:47)
	at org.junit.internal.runners.statements.InvokeMethod.evaluate(InvokeMethod.java:17)
	at org.springframework.test.context.junit4.statements.RunBeforeTestExecutionCallbacks.evaluate(RunBeforeTestExecutionCallbacks.java:73)
	at org.springframework.test.context.junit4.statements.RunAfterTestExecutionCallbacks.evaluate(RunAfterTestExecutionCallbacks.java:83)
	at org.springframework.test.context.junit4.statements.RunBeforeTestMethodCallbacks.evaluate(RunBeforeTestMethodCallbacks.java:75)
	at org.springframework.test.context.junit4.statements.RunAfterTestMethodCallbacks.evaluate(RunAfterTestMethodCallbacks.java:86)
	at org.springframework.test.context.junit4.statements.SpringRepeat.evaluate(SpringRepeat.java:84)
	at org.junit.runners.ParentRunner.runLeaf(ParentRunner.java:325)
	at org.springframework.test.context.junit4.SpringJUnit4ClassRunner.runChild(SpringJUnit4ClassRunner.java:251)
	at org.springframework.test.context.junit4.SpringJUnit4ClassRunner.runChild(SpringJUnit4ClassRunner.java:97)
	at org.junit.runners.ParentRunner$3.run(ParentRunner.java:290)
	at org.junit.runners.ParentRunner$1.schedule(ParentRunner.java:71)
	at org.junit.runners.ParentRunner.runChildren(ParentRunner.java:288)
	at org.junit.runners.ParentRunner.access$000(ParentRunner.java:58)
	at org.junit.runners.ParentRunner$2.evaluate(ParentRunner.java:268)
	at org.springframework.test.context.junit4.statements.RunBeforeTestClassCallbacks.evaluate(RunBeforeTestClassCallbacks.java:61)
	at org.springframework.test.context.junit4.statements.RunAfterTestClassCallbacks.evaluate(RunAfterTestClassCallbacks.java:70)
	at org.junit.runners.ParentRunner.run(ParentRunner.java:363)
	at org.springframework.test.context.junit4.SpringJUnit4ClassRunner.run(SpringJUnit4ClassRunner.java:190)
	at org.apache.maven.surefire.junit4.JUnit4Provider.execute(JUnit4Provider.java:365)
	at org.apache.maven.surefire.junit4.JUnit4Provider.executeWithRerun(JUnit4Provider.java:273)
	at org.apache.maven.surefire.junit4.JUnit4Provider.executeTestSet(JUnit4Provider.java:238)
	at org.apache.maven.surefire.junit4.JUnit4Provider.invoke(JUnit4Provider.java:159)
	at org.apache.maven.surefire.booter.ForkedBooter.invokeProviderInSameClassLoader(ForkedBooter.java:379)
	at org.apache.maven.surefire.booter.ForkedBooter.runSuitesInProcess(ForkedBooter.java:340)
	at org.apache.maven.surefire.booter.ForkedBooter.execute(ForkedBooter.java:125)
	at org.apache.maven.surefire.booter.ForkedBooter.main(ForkedBooter.java:413)
Caused by: com.mongodb.MongoTimeoutException: Timed out after 30000 ms while waiting to connect. Client view of cluster state is {type=UNKNOWN, servers=[{address=localhost:27017, type=UNKNOWN, state=CONNECTING, exception={com.mongodb.MongoSocketOpenException: Exception opening socket}, caused by {java.net.ConnectException: Connection refused: connect}}]
	at com.mongodb.connection.BaseCluster.getDescription(BaseCluster.java:167)
	at com.mongodb.Mongo.getConnectedClusterDescription(Mongo.java:881)
	at com.mongodb.Mongo.createClientSession(Mongo.java:873)
	at com.mongodb.Mongo$3.getClientSession(Mongo.java:862)
	at com.mongodb.Mongo$3.execute(Mongo.java:819)
	at com.mongodb.MongoIterableImpl.execute(MongoIterableImpl.java:130)
	at com.mongodb.MongoIterableImpl.iterator(MongoIterableImpl.java:77)
	at org.springframework.data.mongodb.core.MongoTemplate.executeFindMultiInternal(MongoTemplate.java:2440)
	... 159 more
10:45:09,221 DEBUG org.springframework.test.web.servlet.TestDispatcherServlet:993 - Could not complete request
org.springframework.dao.DataAccessResourceFailureException: Timed out after 30000 ms while waiting to connect. Client view of cluster state is {type=UNKNOWN, servers=[{address=localhost:27017, type=UNKNOWN, state=CONNECTING, exception={com.mongodb.MongoSocketOpenException: Exception opening socket}, caused by {java.net.ConnectException: Connection refused: connect}}]; nested exception is com.mongodb.MongoTimeoutException: Timed out after 30000 ms while waiting to connect. Client view of cluster state is {type=UNKNOWN, servers=[{address=localhost:27017, type=UNKNOWN, state=CONNECTING, exception={com.mongodb.MongoSocketOpenException: Exception opening socket}, caused by {java.net.ConnectException: Connection refused: connect}}]
	at org.springframework.data.mongodb.core.MongoExceptionTranslator.translateExceptionIfPossible(MongoExceptionTranslator.java:87)
	at org.springframework.data.mongodb.core.MongoTemplate.potentiallyConvertRuntimeException(MongoTemplate.java:2589)
	at org.springframework.data.mongodb.core.MongoTemplate.executeFindMultiInternal(MongoTemplate.java:2457)
	at org.springframework.data.mongodb.core.MongoTemplate.doFind(MongoTemplate.java:2242)
	at org.springframework.data.mongodb.core.MongoTemplate.doFind(MongoTemplate.java:2225)
	at org.springframework.data.mongodb.core.MongoTemplate.find(MongoTemplate.java:770)
	at org.springframework.data.mongodb.repository.support.SimpleMongoRepository.findAll(SimpleMongoRepository.java:365)
	at org.springframework.data.mongodb.repository.support.SimpleMongoRepository.findAll(SimpleMongoRepository.java:197)
	at org.springframework.data.mongodb.repository.support.SimpleMongoRepository.findAll(SimpleMongoRepository.java:50)
	at sun.reflect.NativeMethodAccessorImpl.invoke0(Native Method)
	at sun.reflect.NativeMethodAccessorImpl.invoke(NativeMethodAccessorImpl.java:62)
	at sun.reflect.DelegatingMethodAccessorImpl.invoke(DelegatingMethodAccessorImpl.java:43)
	at java.lang.reflect.Method.invoke(Method.java:498)
	at org.springframework.data.repository.core.support.RepositoryComposition$RepositoryFragments.invoke(RepositoryComposition.java:377)
	at org.springframework.data.repository.core.support.RepositoryComposition.invoke(RepositoryComposition.java:200)
	at org.springframework.data.repository.core.support.RepositoryFactorySupport$ImplementationMethodExecutionInterceptor.invoke(RepositoryFactorySupport.java:629)
	at org.springframework.aop.framework.ReflectiveMethodInvocation.proceed(ReflectiveMethodInvocation.java:185)
	at org.springframework.data.repository.core.support.RepositoryFactorySupport$QueryExecutorMethodInterceptor.doInvoke(RepositoryFactorySupport.java:593)
	at org.springframework.data.repository.core.support.RepositoryFactorySupport$QueryExecutorMethodInterceptor.invoke(RepositoryFactorySupport.java:578)
	at org.springframework.aop.framework.ReflectiveMethodInvocation.proceed(ReflectiveMethodInvocation.java:185)
	at org.springframework.data.projection.DefaultMethodInvokingMethodInterceptor.invoke(DefaultMethodInvokingMethodInterceptor.java:59)
	at org.springframework.aop.framework.ReflectiveMethodInvocation.proceed(ReflectiveMethodInvocation.java:185)
	at org.springframework.aop.interceptor.ExposeInvocationInterceptor.invoke(ExposeInvocationInterceptor.java:92)
	at org.springframework.aop.framework.ReflectiveMethodInvocation.proceed(ReflectiveMethodInvocation.java:185)
	at org.springframework.data.repository.core.support.SurroundingTransactionDetectorMethodInterceptor.invoke(SurroundingTransactionDetectorMethodInterceptor.java:61)
	at org.springframework.aop.framework.ReflectiveMethodInvocation.proceed(ReflectiveMethodInvocation.java:185)
	at org.springframework.aop.framework.JdkDynamicAopProxy.invoke(JdkDynamicAopProxy.java:212)
	at com.sun.proxy.$Proxy137.findAll(Unknown Source)
	at sun.reflect.NativeMethodAccessorImpl.invoke0(Native Method)
	at sun.reflect.NativeMethodAccessorImpl.invoke(NativeMethodAccessorImpl.java:62)
	at sun.reflect.DelegatingMethodAccessorImpl.invoke(DelegatingMethodAccessorImpl.java:43)
	at java.lang.reflect.Method.invoke(Method.java:498)
	at org.springframework.aop.support.AopUtils.invokeJoinpointUsingReflection(AopUtils.java:343)
	at org.springframework.aop.framework.ReflectiveMethodInvocation.invokeJoinpoint(ReflectiveMethodInvocation.java:197)
	at org.springframework.aop.framework.ReflectiveMethodInvocation.proceed(ReflectiveMethodInvocation.java:163)
	at org.springframework.dao.support.PersistenceExceptionTranslationInterceptor.invoke(PersistenceExceptionTranslationInterceptor.java:139)
	at org.springframework.aop.framework.ReflectiveMethodInvocation.proceed(ReflectiveMethodInvocation.java:185)
	at org.springframework.aop.framework.JdkDynamicAopProxy.invoke(JdkDynamicAopProxy.java:212)
	at com.sun.proxy.$Proxy137.findAll(Unknown Source)
	at pro.abacus.javatutor.service.JavaQuestionsServiceImpl.findAllQuestions(JavaQuestionsServiceImpl.java:21)
	at pro.abacus.javatutor.controller.QuestionRestController.readAllJavaQuestions(QuestionRestController.java:35)
	at pro.abacus.javatutor.controller.QuestionRestController$$FastClassBySpringCGLIB$$a5250602.invoke(<generated>)
	at org.springframework.cglib.proxy.MethodProxy.invoke(MethodProxy.java:204)
	at org.springframework.aop.framework.CglibAopProxy$CglibMethodInvocation.invokeJoinpoint(CglibAopProxy.java:746)
	at org.springframework.aop.framework.ReflectiveMethodInvocation.proceed(ReflectiveMethodInvocation.java:163)
	at org.springframework.security.access.intercept.aopalliance.MethodSecurityInterceptor.invoke(MethodSecurityInterceptor.java:69)
	at org.springframework.aop.framework.ReflectiveMethodInvocation.proceed(ReflectiveMethodInvocation.java:185)
	at org.springframework.aop.framework.CglibAopProxy$DynamicAdvisedInterceptor.intercept(CglibAopProxy.java:688)
	at pro.abacus.javatutor.controller.QuestionRestController$$EnhancerBySpringCGLIB$$cc30c807_2.readAllJavaQuestions(<generated>)
	at sun.reflect.NativeMethodAccessorImpl.invoke0(Native Method)
	at sun.reflect.NativeMethodAccessorImpl.invoke(NativeMethodAccessorImpl.java:62)
	at sun.reflect.DelegatingMethodAccessorImpl.invoke(DelegatingMethodAccessorImpl.java:43)
	at java.lang.reflect.Method.invoke(Method.java:498)
	at org.springframework.web.method.support.InvocableHandlerMethod.doInvoke(InvocableHandlerMethod.java:209)
	at org.springframework.web.method.support.InvocableHandlerMethod.invokeForRequest(InvocableHandlerMethod.java:136)
	at org.springframework.web.servlet.mvc.method.annotation.ServletInvocableHandlerMethod.invokeAndHandle(ServletInvocableHandlerMethod.java:102)
	at org.springframework.web.servlet.mvc.method.annotation.RequestMappingHandlerAdapter.invokeHandlerMethod(RequestMappingHandlerAdapter.java:877)
	at org.springframework.web.servlet.mvc.method.annotation.RequestMappingHandlerAdapter.handleInternal(RequestMappingHandlerAdapter.java:783)
	at org.springframework.web.servlet.mvc.method.AbstractHandlerMethodAdapter.handle(AbstractHandlerMethodAdapter.java:87)
	at org.springframework.web.servlet.DispatcherServlet.doDispatch(DispatcherServlet.java:991)
	at org.springframework.web.servlet.DispatcherServlet.doService(DispatcherServlet.java:925)
	at org.springframework.web.servlet.FrameworkServlet.processRequest(FrameworkServlet.java:974)
	at org.springframework.web.servlet.FrameworkServlet.doGet(FrameworkServlet.java:866)
	at javax.servlet.http.HttpServlet.service(HttpServlet.java:635)
	at org.springframework.web.servlet.FrameworkServlet.service(FrameworkServlet.java:851)
	at org.springframework.test.web.servlet.TestDispatcherServlet.service(TestDispatcherServlet.java:71)
	at javax.servlet.http.HttpServlet.service(HttpServlet.java:742)
	at org.springframework.mock.web.MockFilterChain$ServletFilterProxy.doFilter(MockFilterChain.java:166)
	at org.springframework.mock.web.MockFilterChain.doFilter(MockFilterChain.java:133)
	at org.springframework.boot.actuate.metrics.web.servlet.WebMvcMetricsFilter.filterAndRecordMetrics(WebMvcMetricsFilter.java:158)
	at org.springframework.boot.actuate.metrics.web.servlet.WebMvcMetricsFilter.filterAndRecordMetrics(WebMvcMetricsFilter.java:126)
	at org.springframework.boot.actuate.metrics.web.servlet.WebMvcMetricsFilter.doFilterInternal(WebMvcMetricsFilter.java:111)
	at org.springframework.web.filter.OncePerRequestFilter.doFilter(OncePerRequestFilter.java:107)
	at org.springframework.mock.web.MockFilterChain.doFilter(MockFilterChain.java:133)
	at org.springframework.boot.actuate.web.trace.servlet.HttpTraceFilter.doFilterInternal(HttpTraceFilter.java:84)
	at org.springframework.web.filter.OncePerRequestFilter.doFilter(OncePerRequestFilter.java:107)
	at org.springframework.mock.web.MockFilterChain.doFilter(MockFilterChain.java:133)
	at org.springframework.security.web.FilterChainProxy$VirtualFilterChain.doFilter(FilterChainProxy.java:320)
	at org.springframework.security.web.access.intercept.FilterSecurityInterceptor.invoke(FilterSecurityInterceptor.java:127)
	at org.springframework.security.web.access.intercept.FilterSecurityInterceptor.doFilter(FilterSecurityInterceptor.java:91)
	at org.springframework.security.web.FilterChainProxy$VirtualFilterChain.doFilter(FilterChainProxy.java:334)
	at org.springframework.security.web.access.ExceptionTranslationFilter.doFilter(ExceptionTranslationFilter.java:119)
	at org.springframework.security.web.FilterChainProxy$VirtualFilterChain.doFilter(FilterChainProxy.java:334)
	at org.springframework.security.web.session.SessionManagementFilter.doFilter(SessionManagementFilter.java:137)
	at org.springframework.security.web.FilterChainProxy$VirtualFilterChain.doFilter(FilterChainProxy.java:334)
	at org.springframework.security.web.authentication.AnonymousAuthenticationFilter.doFilter(AnonymousAuthenticationFilter.java:111)
	at org.springframework.security.web.FilterChainProxy$VirtualFilterChain.doFilter(FilterChainProxy.java:334)
	at org.springframework.security.web.authentication.rememberme.RememberMeAuthenticationFilter.doFilter(RememberMeAuthenticationFilter.java:158)
	at org.springframework.security.web.FilterChainProxy$VirtualFilterChain.doFilter(FilterChainProxy.java:334)
	at org.springframework.security.web.servletapi.SecurityContextHolderAwareRequestFilter.doFilter(SecurityContextHolderAwareRequestFilter.java:170)
	at org.springframework.security.web.FilterChainProxy$VirtualFilterChain.doFilter(FilterChainProxy.java:334)
	at org.springframework.security.web.savedrequest.RequestCacheAwareFilter.doFilter(RequestCacheAwareFilter.java:63)
	at org.springframework.security.web.FilterChainProxy$VirtualFilterChain.doFilter(FilterChainProxy.java:334)
	at org.springframework.security.web.authentication.ui.DefaultLoginPageGeneratingFilter.doFilter(DefaultLoginPageGeneratingFilter.java:205)
	at org.springframework.security.web.FilterChainProxy$VirtualFilterChain.doFilter(FilterChainProxy.java:334)
	at org.springframework.security.web.authentication.AbstractAuthenticationProcessingFilter.doFilter(AbstractAuthenticationProcessingFilter.java:200)
	at org.springframework.security.web.FilterChainProxy$VirtualFilterChain.doFilter(FilterChainProxy.java:334)
	at org.springframework.security.web.authentication.logout.LogoutFilter.doFilter(LogoutFilter.java:116)
	at org.springframework.security.web.FilterChainProxy$VirtualFilterChain.doFilter(FilterChainProxy.java:334)
	at org.springframework.web.filter.CorsFilter.doFilterInternal(CorsFilter.java:96)
	at org.springframework.web.filter.OncePerRequestFilter.doFilter(OncePerRequestFilter.java:107)
	at org.springframework.security.web.FilterChainProxy$VirtualFilterChain.doFilter(FilterChainProxy.java:334)
	at org.springframework.security.web.header.HeaderWriterFilter.doFilterInternal(HeaderWriterFilter.java:66)
	at org.springframework.web.filter.OncePerRequestFilter.doFilter(OncePerRequestFilter.java:107)
	at org.springframework.security.web.FilterChainProxy$VirtualFilterChain.doFilter(FilterChainProxy.java:334)
	at org.springframework.security.web.context.SecurityContextPersistenceFilter.doFilter(SecurityContextPersistenceFilter.java:105)
	at org.springframework.security.web.FilterChainProxy$VirtualFilterChain.doFilter(FilterChainProxy.java:334)
	at org.springframework.security.web.context.request.async.WebAsyncManagerIntegrationFilter.doFilterInternal(WebAsyncManagerIntegrationFilter.java:56)
	at org.springframework.web.filter.OncePerRequestFilter.doFilter(OncePerRequestFilter.java:107)
	at org.springframework.security.web.FilterChainProxy$VirtualFilterChain.doFilter(FilterChainProxy.java:334)
	at org.springframework.security.web.FilterChainProxy.doFilterInternal(FilterChainProxy.java:215)
	at org.springframework.security.web.FilterChainProxy.doFilter(FilterChainProxy.java:178)
	at org.springframework.web.filter.DelegatingFilterProxy.invokeDelegate(DelegatingFilterProxy.java:357)
	at org.springframework.web.filter.DelegatingFilterProxy.doFilter(DelegatingFilterProxy.java:270)
	at org.springframework.mock.web.MockFilterChain.doFilter(MockFilterChain.java:133)
	at org.springframework.web.filter.RequestContextFilter.doFilterInternal(RequestContextFilter.java:99)
	at org.springframework.web.filter.OncePerRequestFilter.doFilter(OncePerRequestFilter.java:107)
	at org.springframework.mock.web.MockFilterChain.doFilter(MockFilterChain.java:133)
	at org.springframework.web.filter.HttpPutFormContentFilter.doFilterInternal(HttpPutFormContentFilter.java:109)
	at org.springframework.web.filter.OncePerRequestFilter.doFilter(OncePerRequestFilter.java:107)
	at org.springframework.mock.web.MockFilterChain.doFilter(MockFilterChain.java:133)
	at org.springframework.web.filter.HiddenHttpMethodFilter.doFilterInternal(HiddenHttpMethodFilter.java:81)
	at org.springframework.web.filter.OncePerRequestFilter.doFilter(OncePerRequestFilter.java:107)
	at org.springframework.mock.web.MockFilterChain.doFilter(MockFilterChain.java:133)
	at org.springframework.web.filter.CharacterEncodingFilter.doFilterInternal(CharacterEncodingFilter.java:200)
	at org.springframework.web.filter.OncePerRequestFilter.doFilter(OncePerRequestFilter.java:107)
	at org.springframework.mock.web.MockFilterChain.doFilter(MockFilterChain.java:133)
	at org.springframework.test.web.servlet.MockMvc.perform(MockMvc.java:165)
	at pro.abacus.javatutor.SecurityIntegrationTest.loginWithMockUser(SecurityIntegrationTest.java:59)
	at sun.reflect.NativeMethodAccessorImpl.invoke0(Native Method)
	at sun.reflect.NativeMethodAccessorImpl.invoke(NativeMethodAccessorImpl.java:62)
	at sun.reflect.DelegatingMethodAccessorImpl.invoke(DelegatingMethodAccessorImpl.java:43)
	at java.lang.reflect.Method.invoke(Method.java:498)
	at org.junit.runners.model.FrameworkMethod$1.runReflectiveCall(FrameworkMethod.java:50)
	at org.junit.internal.runners.model.ReflectiveCallable.run(ReflectiveCallable.java:12)
	at org.junit.runners.model.FrameworkMethod.invokeExplosively(FrameworkMethod.java:47)
	at org.junit.internal.runners.statements.InvokeMethod.evaluate(InvokeMethod.java:17)
	at org.springframework.test.context.junit4.statements.RunBeforeTestExecutionCallbacks.evaluate(RunBeforeTestExecutionCallbacks.java:73)
	at org.springframework.test.context.junit4.statements.RunAfterTestExecutionCallbacks.evaluate(RunAfterTestExecutionCallbacks.java:83)
	at org.springframework.test.context.junit4.statements.RunBeforeTestMethodCallbacks.evaluate(RunBeforeTestMethodCallbacks.java:75)
	at org.springframework.test.context.junit4.statements.RunAfterTestMethodCallbacks.evaluate(RunAfterTestMethodCallbacks.java:86)
	at org.springframework.test.context.junit4.statements.SpringRepeat.evaluate(SpringRepeat.java:84)
	at org.junit.runners.ParentRunner.runLeaf(ParentRunner.java:325)
	at org.springframework.test.context.junit4.SpringJUnit4ClassRunner.runChild(SpringJUnit4ClassRunner.java:251)
	at org.springframework.test.context.junit4.SpringJUnit4ClassRunner.runChild(SpringJUnit4ClassRunner.java:97)
	at org.junit.runners.ParentRunner$3.run(ParentRunner.java:290)
	at org.junit.runners.ParentRunner$1.schedule(ParentRunner.java:71)
	at org.junit.runners.ParentRunner.runChildren(ParentRunner.java:288)
	at org.junit.runners.ParentRunner.access$000(ParentRunner.java:58)
	at org.junit.runners.ParentRunner$2.evaluate(ParentRunner.java:268)
	at org.springframework.test.context.junit4.statements.RunBeforeTestClassCallbacks.evaluate(RunBeforeTestClassCallbacks.java:61)
	at org.springframework.test.context.junit4.statements.RunAfterTestClassCallbacks.evaluate(RunAfterTestClassCallbacks.java:70)
	at org.junit.runners.ParentRunner.run(ParentRunner.java:363)
	at org.springframework.test.context.junit4.SpringJUnit4ClassRunner.run(SpringJUnit4ClassRunner.java:190)
	at org.apache.maven.surefire.junit4.JUnit4Provider.execute(JUnit4Provider.java:365)
	at org.apache.maven.surefire.junit4.JUnit4Provider.executeWithRerun(JUnit4Provider.java:273)
	at org.apache.maven.surefire.junit4.JUnit4Provider.executeTestSet(JUnit4Provider.java:238)
	at org.apache.maven.surefire.junit4.JUnit4Provider.invoke(JUnit4Provider.java:159)
	at org.apache.maven.surefire.booter.ForkedBooter.invokeProviderInSameClassLoader(ForkedBooter.java:379)
	at org.apache.maven.surefire.booter.ForkedBooter.runSuitesInProcess(ForkedBooter.java:340)
	at org.apache.maven.surefire.booter.ForkedBooter.execute(ForkedBooter.java:125)
	at org.apache.maven.surefire.booter.ForkedBooter.main(ForkedBooter.java:413)
Caused by: com.mongodb.MongoTimeoutException: Timed out after 30000 ms while waiting to connect. Client view of cluster state is {type=UNKNOWN, servers=[{address=localhost:27017, type=UNKNOWN, state=CONNECTING, exception={com.mongodb.MongoSocketOpenException: Exception opening socket}, caused by {java.net.ConnectException: Connection refused: connect}}]
	at com.mongodb.connection.BaseCluster.getDescription(BaseCluster.java:167)
	at com.mongodb.Mongo.getConnectedClusterDescription(Mongo.java:881)
	at com.mongodb.Mongo.createClientSession(Mongo.java:873)
	at com.mongodb.Mongo$3.getClientSession(Mongo.java:862)
	at com.mongodb.Mongo$3.execute(Mongo.java:819)
	at com.mongodb.MongoIterableImpl.execute(MongoIterableImpl.java:130)
	at com.mongodb.MongoIterableImpl.iterator(MongoIterableImpl.java:77)
	at org.springframework.data.mongodb.core.MongoTemplate.executeFindMultiInternal(MongoTemplate.java:2440)
	... 159 more
10:45:09,232 TRACE org.springframework.web.context.support.GenericWebApplicationContext:380 - Publishing event in org.springframework.web.context.support.GenericWebApplicationContext@70f98f7a: ServletRequestHandledEvent: url=[/api/javaquestions/]; client=[127.0.0.1]; method=[GET]; servlet=[]; session=[1]; user=[user]; time=[30227ms]; status=[failed: org.springframework.dao.DataAccessResourceFailureException: Timed out after 30000 ms while waiting to connect. Client view of cluster state is {type=UNKNOWN, servers=[{address=localhost:27017, type=UNKNOWN, state=CONNECTING, exception={com.mongodb.MongoSocketOpenException: Exception opening socket}, caused by {java.net.ConnectException: Connection refused: connect}}]; nested exception is com.mongodb.MongoTimeoutException: Timed out after 30000 ms while waiting to connect. Client view of cluster state is {type=UNKNOWN, servers=[{address=localhost:27017, type=UNKNOWN, state=CONNECTING, exception={com.mongodb.MongoSocketOpenException: Exception opening socket}, caused by {java.net.ConnectException: Connection refused: connect}}]]
10:45:09,232 TRACE org.springframework.web.context.support.GenericWebApplicationContext:380 - Publishing event in org.springframework.web.context.support.GenericWebApplicationContext@70f98f7a: ServletRequestHandledEvent: url=[/api/javaquestions/]; client=[127.0.0.1]; method=[GET]; servlet=[]; session=[1]; user=[user]; time=[30227ms]; status=[failed: org.springframework.dao.DataAccessResourceFailureException: Timed out after 30000 ms while waiting to connect. Client view of cluster state is {type=UNKNOWN, servers=[{address=localhost:27017, type=UNKNOWN, state=CONNECTING, exception={com.mongodb.MongoSocketOpenException: Exception opening socket}, caused by {java.net.ConnectException: Connection refused: connect}}]; nested exception is com.mongodb.MongoTimeoutException: Timed out after 30000 ms while waiting to connect. Client view of cluster state is {type=UNKNOWN, servers=[{address=localhost:27017, type=UNKNOWN, state=CONNECTING, exception={com.mongodb.MongoSocketOpenException: Exception opening socket}, caused by {java.net.ConnectException: Connection refused: connect}}]]
10:45:09,238 DEBUG org.springframework.security.web.header.writers.HstsHeaderWriter:129 - Not injecting HSTS header since it did not match the requestMatcher org.springframework.security.web.header.writers.HstsHeaderWriter$SecureRequestMatcher@4e3ffd0
10:45:09,238 DEBUG org.springframework.security.web.header.writers.HstsHeaderWriter:129 - Not injecting HSTS header since it did not match the requestMatcher org.springframework.security.web.header.writers.HstsHeaderWriter$SecureRequestMatcher@4e3ffd0
10:45:09,239 DEBUG org.springframework.security.web.context.SecurityContextPersistenceFilter:119 - SecurityContextHolder now cleared, as request processing completed
10:45:09,239 DEBUG org.springframework.security.web.context.SecurityContextPersistenceFilter:119 - SecurityContextHolder now cleared, as request processing completed
10:45:09,240 DEBUG org.springframework.boot.web.servlet.filter.OrderedRequestContextFilter:104 - Cleared thread-bound request context: org.springframework.mock.web.MockHttpServletRequest@608eb42e
10:45:09,240 DEBUG org.springframework.boot.web.servlet.filter.OrderedRequestContextFilter:104 - Cleared thread-bound request context: org.springframework.mock.web.MockHttpServletRequest@608eb42e
10:45:09,245 TRACE org.springframework.test.context.TestContextManager:521 - afterTestExecution(): instance [pro.abacus.javatutor.SecurityIntegrationTest@25e796fe], method [public void pro.abacus.javatutor.SecurityIntegrationTest.loginWithMockUser() throws java.lang.Exception], exception [org.springframework.web.util.NestedServletException: Request processing failed; nested exception is org.springframework.dao.DataAccessResourceFailureException: Timed out after 30000 ms while waiting to connect. Client view of cluster state is {type=UNKNOWN, servers=[{address=localhost:27017, type=UNKNOWN, state=CONNECTING, exception={com.mongodb.MongoSocketOpenException: Exception opening socket}, caused by {java.net.ConnectException: Connection refused: connect}}]; nested exception is com.mongodb.MongoTimeoutException: Timed out after 30000 ms while waiting to connect. Client view of cluster state is {type=UNKNOWN, servers=[{address=localhost:27017, type=UNKNOWN, state=CONNECTING, exception={com.mongodb.MongoSocketOpenException: Exception opening socket}, caused by {java.net.ConnectException: Connection refused: connect}}]]
10:45:09,245 TRACE org.springframework.test.context.TestContextManager:521 - afterTestExecution(): instance [pro.abacus.javatutor.SecurityIntegrationTest@25e796fe], method [public void pro.abacus.javatutor.SecurityIntegrationTest.loginWithMockUser() throws java.lang.Exception], exception [org.springframework.web.util.NestedServletException: Request processing failed; nested exception is org.springframework.dao.DataAccessResourceFailureException: Timed out after 30000 ms while waiting to connect. Client view of cluster state is {type=UNKNOWN, servers=[{address=localhost:27017, type=UNKNOWN, state=CONNECTING, exception={com.mongodb.MongoSocketOpenException: Exception opening socket}, caused by {java.net.ConnectException: Connection refused: connect}}]; nested exception is com.mongodb.MongoTimeoutException: Timed out after 30000 ms while waiting to connect. Client view of cluster state is {type=UNKNOWN, servers=[{address=localhost:27017, type=UNKNOWN, state=CONNECTING, exception={com.mongodb.MongoSocketOpenException: Exception opening socket}, caused by {java.net.ConnectException: Connection refused: connect}}]]
10:45:09,246 TRACE org.springframework.test.context.TestContextManager:521 - afterTestMethod(): instance [pro.abacus.javatutor.SecurityIntegrationTest@25e796fe], method [public void pro.abacus.javatutor.SecurityIntegrationTest.loginWithMockUser() throws java.lang.Exception], exception [org.springframework.web.util.NestedServletException: Request processing failed; nested exception is org.springframework.dao.DataAccessResourceFailureException: Timed out after 30000 ms while waiting to connect. Client view of cluster state is {type=UNKNOWN, servers=[{address=localhost:27017, type=UNKNOWN, state=CONNECTING, exception={com.mongodb.MongoSocketOpenException: Exception opening socket}, caused by {java.net.ConnectException: Connection refused: connect}}]; nested exception is com.mongodb.MongoTimeoutException: Timed out after 30000 ms while waiting to connect. Client view of cluster state is {type=UNKNOWN, servers=[{address=localhost:27017, type=UNKNOWN, state=CONNECTING, exception={com.mongodb.MongoSocketOpenException: Exception opening socket}, caused by {java.net.ConnectException: Connection refused: connect}}]]
10:45:09,246 TRACE org.springframework.test.context.TestContextManager:521 - afterTestMethod(): instance [pro.abacus.javatutor.SecurityIntegrationTest@25e796fe], method [public void pro.abacus.javatutor.SecurityIntegrationTest.loginWithMockUser() throws java.lang.Exception], exception [org.springframework.web.util.NestedServletException: Request processing failed; nested exception is org.springframework.dao.DataAccessResourceFailureException: Timed out after 30000 ms while waiting to connect. Client view of cluster state is {type=UNKNOWN, servers=[{address=localhost:27017, type=UNKNOWN, state=CONNECTING, exception={com.mongodb.MongoSocketOpenException: Exception opening socket}, caused by {java.net.ConnectException: Connection refused: connect}}]; nested exception is com.mongodb.MongoTimeoutException: Timed out after 30000 ms while waiting to connect. Client view of cluster state is {type=UNKNOWN, servers=[{address=localhost:27017, type=UNKNOWN, state=CONNECTING, exception={com.mongodb.MongoSocketOpenException: Exception opening socket}, caused by {java.net.ConnectException: Connection refused: connect}}]]
10:45:09,247 DEBUG org.springframework.test.context.cache.DefaultCacheAwareContextLoaderDelegate:130 - Retrieved ApplicationContext from cache with key [[WebMergedContextConfiguration@1f5d7fd5 testClass = SecurityIntegrationTest, locations = '{}', classes = '{class pro.abacus.javatutor.JavaTutorApplication}', contextInitializerClasses = '[]', activeProfiles = '{}', propertySourceLocations = '{}', propertySourceProperties = '{org.springframework.boot.test.context.SpringBootTestContextBootstrapper=true}', contextCustomizers = set[[ImportsContextCustomizer@cf08c97 key = [org.springframework.boot.test.autoconfigure.web.servlet.MockMvcAutoConfiguration, org.springframework.boot.test.autoconfigure.web.servlet.MockMvcSecurityAutoConfiguration, org.springframework.boot.test.autoconfigure.web.servlet.MockMvcWebClientAutoConfiguration, org.springframework.boot.test.autoconfigure.web.servlet.MockMvcWebDriverAutoConfiguration]], org.springframework.boot.test.context.filter.ExcludeFilterContextCustomizer@290dbf45, org.springframework.boot.test.json.DuplicateJsonObjectContextCustomizerFactory$DuplicateJsonObjectContextCustomizer@69a10787, org.springframework.boot.test.mock.mockito.MockitoContextCustomizer@0, org.springframework.boot.test.web.client.TestRestTemplateContextCustomizer@712cfb63, org.springframework.boot.test.autoconfigure.properties.PropertyMappingContextCustomizer@e7e8512, org.springframework.boot.test.autoconfigure.web.servlet.WebDriverContextCustomizerFactory$Customizer@7f9fcf7f], resourceBasePath = 'src/main/webapp', contextLoader = 'org.springframework.boot.test.context.SpringBootContextLoader', parent = [null]]]
10:45:09,247 DEBUG org.springframework.test.context.cache.DefaultCacheAwareContextLoaderDelegate:130 - Retrieved ApplicationContext from cache with key [[WebMergedContextConfiguration@1f5d7fd5 testClass = SecurityIntegrationTest, locations = '{}', classes = '{class pro.abacus.javatutor.JavaTutorApplication}', contextInitializerClasses = '[]', activeProfiles = '{}', propertySourceLocations = '{}', propertySourceProperties = '{org.springframework.boot.test.context.SpringBootTestContextBootstrapper=true}', contextCustomizers = set[[ImportsContextCustomizer@cf08c97 key = [org.springframework.boot.test.autoconfigure.web.servlet.MockMvcAutoConfiguration, org.springframework.boot.test.autoconfigure.web.servlet.MockMvcSecurityAutoConfiguration, org.springframework.boot.test.autoconfigure.web.servlet.MockMvcWebClientAutoConfiguration, org.springframework.boot.test.autoconfigure.web.servlet.MockMvcWebDriverAutoConfiguration]], org.springframework.boot.test.context.filter.ExcludeFilterContextCustomizer@290dbf45, org.springframework.boot.test.json.DuplicateJsonObjectContextCustomizerFactory$DuplicateJsonObjectContextCustomizer@69a10787, org.springframework.boot.test.mock.mockito.MockitoContextCustomizer@0, org.springframework.boot.test.web.client.TestRestTemplateContextCustomizer@712cfb63, org.springframework.boot.test.autoconfigure.properties.PropertyMappingContextCustomizer@e7e8512, org.springframework.boot.test.autoconfigure.web.servlet.WebDriverContextCustomizerFactory$Customizer@7f9fcf7f], resourceBasePath = 'src/main/webapp', contextLoader = 'org.springframework.boot.test.context.SpringBootContextLoader', parent = [null]]]
10:45:09,248 DEBUG org.springframework.test.context.cache:290 - Spring test ApplicationContext cache statistics: [DefaultContextCache@1431267b size = 6, maxSize = 32, parentContextCount = 0, hitCount = 78, missCount = 6]
10:45:09,248 DEBUG org.springframework.test.context.cache:290 - Spring test ApplicationContext cache statistics: [DefaultContextCache@1431267b size = 6, maxSize = 32, parentContextCount = 0, hitCount = 78, missCount = 6]
10:45:09,249 DEBUG org.springframework.test.context.cache.DefaultCacheAwareContextLoaderDelegate:130 - Retrieved ApplicationContext from cache with key [[WebMergedContextConfiguration@1f5d7fd5 testClass = SecurityIntegrationTest, locations = '{}', classes = '{class pro.abacus.javatutor.JavaTutorApplication}', contextInitializerClasses = '[]', activeProfiles = '{}', propertySourceLocations = '{}', propertySourceProperties = '{org.springframework.boot.test.context.SpringBootTestContextBootstrapper=true}', contextCustomizers = set[[ImportsContextCustomizer@cf08c97 key = [org.springframework.boot.test.autoconfigure.web.servlet.MockMvcAutoConfiguration, org.springframework.boot.test.autoconfigure.web.servlet.MockMvcSecurityAutoConfiguration, org.springframework.boot.test.autoconfigure.web.servlet.MockMvcWebClientAutoConfiguration, org.springframework.boot.test.autoconfigure.web.servlet.MockMvcWebDriverAutoConfiguration]], org.springframework.boot.test.context.filter.ExcludeFilterContextCustomizer@290dbf45, org.springframework.boot.test.json.DuplicateJsonObjectContextCustomizerFactory$DuplicateJsonObjectContextCustomizer@69a10787, org.springframework.boot.test.mock.mockito.MockitoContextCustomizer@0, org.springframework.boot.test.web.client.TestRestTemplateContextCustomizer@712cfb63, org.springframework.boot.test.autoconfigure.properties.PropertyMappingContextCustomizer@e7e8512, org.springframework.boot.test.autoconfigure.web.servlet.WebDriverContextCustomizerFactory$Customizer@7f9fcf7f], resourceBasePath = 'src/main/webapp', contextLoader = 'org.springframework.boot.test.context.SpringBootContextLoader', parent = [null]]]
10:45:09,249 DEBUG org.springframework.test.context.cache.DefaultCacheAwareContextLoaderDelegate:130 - Retrieved ApplicationContext from cache with key [[WebMergedContextConfiguration@1f5d7fd5 testClass = SecurityIntegrationTest, locations = '{}', classes = '{class pro.abacus.javatutor.JavaTutorApplication}', contextInitializerClasses = '[]', activeProfiles = '{}', propertySourceLocations = '{}', propertySourceProperties = '{org.springframework.boot.test.context.SpringBootTestContextBootstrapper=true}', contextCustomizers = set[[ImportsContextCustomizer@cf08c97 key = [org.springframework.boot.test.autoconfigure.web.servlet.MockMvcAutoConfiguration, org.springframework.boot.test.autoconfigure.web.servlet.MockMvcSecurityAutoConfiguration, org.springframework.boot.test.autoconfigure.web.servlet.MockMvcWebClientAutoConfiguration, org.springframework.boot.test.autoconfigure.web.servlet.MockMvcWebDriverAutoConfiguration]], org.springframework.boot.test.context.filter.ExcludeFilterContextCustomizer@290dbf45, org.springframework.boot.test.json.DuplicateJsonObjectContextCustomizerFactory$DuplicateJsonObjectContextCustomizer@69a10787, org.springframework.boot.test.mock.mockito.MockitoContextCustomizer@0, org.springframework.boot.test.web.client.TestRestTemplateContextCustomizer@712cfb63, org.springframework.boot.test.autoconfigure.properties.PropertyMappingContextCustomizer@e7e8512, org.springframework.boot.test.autoconfigure.web.servlet.WebDriverContextCustomizerFactory$Customizer@7f9fcf7f], resourceBasePath = 'src/main/webapp', contextLoader = 'org.springframework.boot.test.context.SpringBootContextLoader', parent = [null]]]
10:45:09,249 DEBUG org.springframework.test.context.cache:290 - Spring test ApplicationContext cache statistics: [DefaultContextCache@1431267b size = 6, maxSize = 32, parentContextCount = 0, hitCount = 79, missCount = 6]
10:45:09,249 DEBUG org.springframework.test.context.cache:290 - Spring test ApplicationContext cache statistics: [DefaultContextCache@1431267b size = 6, maxSize = 32, parentContextCount = 0, hitCount = 79, missCount = 6]
10:45:09,250 DEBUG org.springframework.beans.factory.support.DefaultListableBeanFactory:254 - Returning cached instance of singleton bean 'org.springframework.boot.test.autoconfigure.web.servlet.SpringBootMockMvcBuilderCustomizer$DeferredLinesWriter'
10:45:09,250 DEBUG org.springframework.beans.factory.support.DefaultListableBeanFactory:254 - Returning cached instance of singleton bean 'org.springframework.boot.test.autoconfigure.web.servlet.SpringBootMockMvcBuilderCustomizer$DeferredLinesWriter'

MockHttpServletRequest:
      HTTP Method = GET
      Request URI = /api/signup
       Parameters = {}
          Headers = {}
             Body = null
    Session Attrs = {}

Handler:
             Type = pro.abacus.javatutor.controller.RegistrationController
           Method = public void pro.abacus.javatutor.controller.RegistrationController.register()

Async:
    Async started = false
     Async result = null

Resolved Exception:
             Type = null

ModelAndView:
        View name = null
             View = null
            Model = null

FlashMap:
       Attributes = null

MockHttpServletResponse:
           Status = 200
    Error message = null
          Headers = {X-Content-Type-Options=[nosniff], X-XSS-Protection=[1; mode=block], Cache-Control=[no-cache, no-store, max-age=0, must-revalidate], Pragma=[no-cache], Expires=[0]}
     Content type = null
             Body = 
    Forwarded URL = null
   Redirected URL = null
          Cookies = []

MockHttpServletRequest:
      HTTP Method = POST
      Request URI = /api/signin
       Parameters = {username=[Tom], password=[qwerty], _csrf=[d41d9bb4-f64b-4fda-86b8-77a51ce8960e]}
          Headers = {Accept=[application/x-www-form-urlencoded]}
             Body = null
    Session Attrs = {}

Handler:
             Type = null

Async:
    Async started = false
     Async result = null

Resolved Exception:
             Type = null

ModelAndView:
        View name = null
             View = null
            Model = null

FlashMap:
       Attributes = null

MockHttpServletResponse:
           Status = 401
    Error message = Authentication failed
          Headers = {Set-Cookie=[remember-me=; Path=/; Max-Age=0; Expires=Thu, 1 Jan 1970 00:00:00 GMT], X-Content-Type-Options=[nosniff], X-XSS-Protection=[1; mode=block], Cache-Control=[no-cache, no-store, max-age=0, must-revalidate], Pragma=[no-cache], Expires=[0]}
     Content type = null
             Body = 
    Forwarded URL = null
   Redirected URL = null
          Cookies = [[Cookie@511d568f name = 'remember-me', value = [null], comment = [null], domain = [null], maxAge = 0, path = '/', secure = false, version = 0, httpOnly = false]]
10:45:09,260 DEBUG org.springframework.test.context.cache.DefaultCacheAwareContextLoaderDelegate:130 - Retrieved ApplicationContext from cache with key [[WebMergedContextConfiguration@1f5d7fd5 testClass = SecurityIntegrationTest, locations = '{}', classes = '{class pro.abacus.javatutor.JavaTutorApplication}', contextInitializerClasses = '[]', activeProfiles = '{}', propertySourceLocations = '{}', propertySourceProperties = '{org.springframework.boot.test.context.SpringBootTestContextBootstrapper=true}', contextCustomizers = set[[ImportsContextCustomizer@cf08c97 key = [org.springframework.boot.test.autoconfigure.web.servlet.MockMvcAutoConfiguration, org.springframework.boot.test.autoconfigure.web.servlet.MockMvcSecurityAutoConfiguration, org.springframework.boot.test.autoconfigure.web.servlet.MockMvcWebClientAutoConfiguration, org.springframework.boot.test.autoconfigure.web.servlet.MockMvcWebDriverAutoConfiguration]], org.springframework.boot.test.context.filter.ExcludeFilterContextCustomizer@290dbf45, org.springframework.boot.test.json.DuplicateJsonObjectContextCustomizerFactory$DuplicateJsonObjectContextCustomizer@69a10787, org.springframework.boot.test.mock.mockito.MockitoContextCustomizer@0, org.springframework.boot.test.web.client.TestRestTemplateContextCustomizer@712cfb63, org.springframework.boot.test.autoconfigure.properties.PropertyMappingContextCustomizer@e7e8512, org.springframework.boot.test.autoconfigure.web.servlet.WebDriverContextCustomizerFactory$Customizer@7f9fcf7f], resourceBasePath = 'src/main/webapp', contextLoader = 'org.springframework.boot.test.context.SpringBootContextLoader', parent = [null]]]
10:45:09,260 DEBUG org.springframework.test.context.cache.DefaultCacheAwareContextLoaderDelegate:130 - Retrieved ApplicationContext from cache with key [[WebMergedContextConfiguration@1f5d7fd5 testClass = SecurityIntegrationTest, locations = '{}', classes = '{class pro.abacus.javatutor.JavaTutorApplication}', contextInitializerClasses = '[]', activeProfiles = '{}', propertySourceLocations = '{}', propertySourceProperties = '{org.springframework.boot.test.context.SpringBootTestContextBootstrapper=true}', contextCustomizers = set[[ImportsContextCustomizer@cf08c97 key = [org.springframework.boot.test.autoconfigure.web.servlet.MockMvcAutoConfiguration, org.springframework.boot.test.autoconfigure.web.servlet.MockMvcSecurityAutoConfiguration, org.springframework.boot.test.autoconfigure.web.servlet.MockMvcWebClientAutoConfiguration, org.springframework.boot.test.autoconfigure.web.servlet.MockMvcWebDriverAutoConfiguration]], org.springframework.boot.test.context.filter.ExcludeFilterContextCustomizer@290dbf45, org.springframework.boot.test.json.DuplicateJsonObjectContextCustomizerFactory$DuplicateJsonObjectContextCustomizer@69a10787, org.springframework.boot.test.mock.mockito.MockitoContextCustomizer@0, org.springframework.boot.test.web.client.TestRestTemplateContextCustomizer@712cfb63, org.springframework.boot.test.autoconfigure.properties.PropertyMappingContextCustomizer@e7e8512, org.springframework.boot.test.autoconfigure.web.servlet.WebDriverContextCustomizerFactory$Customizer@7f9fcf7f], resourceBasePath = 'src/main/webapp', contextLoader = 'org.springframework.boot.test.context.SpringBootContextLoader', parent = [null]]]
10:45:09,262 DEBUG org.springframework.test.context.cache:290 - Spring test ApplicationContext cache statistics: [DefaultContextCache@1431267b size = 6, maxSize = 32, parentContextCount = 0, hitCount = 80, missCount = 6]
10:45:09,262 DEBUG org.springframework.test.context.cache:290 - Spring test ApplicationContext cache statistics: [DefaultContextCache@1431267b size = 6, maxSize = 32, parentContextCount = 0, hitCount = 80, missCount = 6]
10:45:09,267 DEBUG org.springframework.test.context.cache.DefaultCacheAwareContextLoaderDelegate:130 - Retrieved ApplicationContext from cache with key [[WebMergedContextConfiguration@1f5d7fd5 testClass = SecurityIntegrationTest, locations = '{}', classes = '{class pro.abacus.javatutor.JavaTutorApplication}', contextInitializerClasses = '[]', activeProfiles = '{}', propertySourceLocations = '{}', propertySourceProperties = '{org.springframework.boot.test.context.SpringBootTestContextBootstrapper=true}', contextCustomizers = set[[ImportsContextCustomizer@cf08c97 key = [org.springframework.boot.test.autoconfigure.web.servlet.MockMvcAutoConfiguration, org.springframework.boot.test.autoconfigure.web.servlet.MockMvcSecurityAutoConfiguration, org.springframework.boot.test.autoconfigure.web.servlet.MockMvcWebClientAutoConfiguration, org.springframework.boot.test.autoconfigure.web.servlet.MockMvcWebDriverAutoConfiguration]], org.springframework.boot.test.context.filter.ExcludeFilterContextCustomizer@290dbf45, org.springframework.boot.test.json.DuplicateJsonObjectContextCustomizerFactory$DuplicateJsonObjectContextCustomizer@69a10787, org.springframework.boot.test.mock.mockito.MockitoContextCustomizer@0, org.springframework.boot.test.web.client.TestRestTemplateContextCustomizer@712cfb63, org.springframework.boot.test.autoconfigure.properties.PropertyMappingContextCustomizer@e7e8512, org.springframework.boot.test.autoconfigure.web.servlet.WebDriverContextCustomizerFactory$Customizer@7f9fcf7f], resourceBasePath = 'src/main/webapp', contextLoader = 'org.springframework.boot.test.context.SpringBootContextLoader', parent = [null]]]
10:45:09,267 DEBUG org.springframework.test.context.cache.DefaultCacheAwareContextLoaderDelegate:130 - Retrieved ApplicationContext from cache with key [[WebMergedContextConfiguration@1f5d7fd5 testClass = SecurityIntegrationTest, locations = '{}', classes = '{class pro.abacus.javatutor.JavaTutorApplication}', contextInitializerClasses = '[]', activeProfiles = '{}', propertySourceLocations = '{}', propertySourceProperties = '{org.springframework.boot.test.context.SpringBootTestContextBootstrapper=true}', contextCustomizers = set[[ImportsContextCustomizer@cf08c97 key = [org.springframework.boot.test.autoconfigure.web.servlet.MockMvcAutoConfiguration, org.springframework.boot.test.autoconfigure.web.servlet.MockMvcSecurityAutoConfiguration, org.springframework.boot.test.autoconfigure.web.servlet.MockMvcWebClientAutoConfiguration, org.springframework.boot.test.autoconfigure.web.servlet.MockMvcWebDriverAutoConfiguration]], org.springframework.boot.test.context.filter.ExcludeFilterContextCustomizer@290dbf45, org.springframework.boot.test.json.DuplicateJsonObjectContextCustomizerFactory$DuplicateJsonObjectContextCustomizer@69a10787, org.springframework.boot.test.mock.mockito.MockitoContextCustomizer@0, org.springframework.boot.test.web.client.TestRestTemplateContextCustomizer@712cfb63, org.springframework.boot.test.autoconfigure.properties.PropertyMappingContextCustomizer@e7e8512, org.springframework.boot.test.autoconfigure.web.servlet.WebDriverContextCustomizerFactory$Customizer@7f9fcf7f], resourceBasePath = 'src/main/webapp', contextLoader = 'org.springframework.boot.test.context.SpringBootContextLoader', parent = [null]]]
10:45:09,267 DEBUG org.springframework.test.context.cache:290 - Spring test ApplicationContext cache statistics: [DefaultContextCache@1431267b size = 6, maxSize = 32, parentContextCount = 0, hitCount = 81, missCount = 6]
10:45:09,267 DEBUG org.springframework.test.context.cache:290 - Spring test ApplicationContext cache statistics: [DefaultContextCache@1431267b size = 6, maxSize = 32, parentContextCount = 0, hitCount = 81, missCount = 6]
10:45:09,269 DEBUG org.springframework.beans.factory.support.DefaultListableBeanFactory:254 - Returning cached instance of singleton bean 'org.springframework.boot.test.mock.mockito.MockitoBeans'
10:45:09,269 DEBUG org.springframework.beans.factory.support.DefaultListableBeanFactory:254 - Returning cached instance of singleton bean 'org.springframework.boot.test.mock.mockito.MockitoBeans'
10:45:09,270 DEBUG org.springframework.test.context.support.AbstractDirtiesContextTestExecutionListener:107 - After test method: context [DefaultTestContext@be616f0 testClass = SecurityIntegrationTest, testInstance = pro.abacus.javatutor.SecurityIntegrationTest@25e796fe, testMethod = loginWithMockUser@SecurityIntegrationTest, testException = org.springframework.web.util.NestedServletException: Request processing failed; nested exception is org.springframework.dao.DataAccessResourceFailureException: Timed out after 30000 ms while waiting to connect. Client view of cluster state is {type=UNKNOWN, servers=[{address=localhost:27017, type=UNKNOWN, state=CONNECTING, exception={com.mongodb.MongoSocketOpenException: Exception opening socket}, caused by {java.net.ConnectException: Connection refused: connect}}]; nested exception is com.mongodb.MongoTimeoutException: Timed out after 30000 ms while waiting to connect. Client view of cluster state is {type=UNKNOWN, servers=[{address=localhost:27017, type=UNKNOWN, state=CONNECTING, exception={com.mongodb.MongoSocketOpenException: Exception opening socket}, caused by {java.net.ConnectException: Connection refused: connect}}], mergedContextConfiguration = [WebMergedContextConfiguration@1f5d7fd5 testClass = SecurityIntegrationTest, locations = '{}', classes = '{class pro.abacus.javatutor.JavaTutorApplication}', contextInitializerClasses = '[]', activeProfiles = '{}', propertySourceLocations = '{}', propertySourceProperties = '{org.springframework.boot.test.context.SpringBootTestContextBootstrapper=true}', contextCustomizers = set[[ImportsContextCustomizer@cf08c97 key = [org.springframework.boot.test.autoconfigure.web.servlet.MockMvcAutoConfiguration, org.springframework.boot.test.autoconfigure.web.servlet.MockMvcSecurityAutoConfiguration, org.springframework.boot.test.autoconfigure.web.servlet.MockMvcWebClientAutoConfiguration, org.springframework.boot.test.autoconfigure.web.servlet.MockMvcWebDriverAutoConfiguration]], org.springframework.boot.test.context.filter.ExcludeFilterContextCustomizer@290dbf45, org.springframework.boot.test.json.DuplicateJsonObjectContextCustomizerFactory$DuplicateJsonObjectContextCustomizer@69a10787, org.springframework.boot.test.mock.mockito.MockitoContextCustomizer@0, org.springframework.boot.test.web.client.TestRestTemplateContextCustomizer@712cfb63, org.springframework.boot.test.autoconfigure.properties.PropertyMappingContextCustomizer@e7e8512, org.springframework.boot.test.autoconfigure.web.servlet.WebDriverContextCustomizerFactory$Customizer@7f9fcf7f], resourceBasePath = 'src/main/webapp', contextLoader = 'org.springframework.boot.test.context.SpringBootContextLoader', parent = [null]], attributes = map['org.springframework.test.context.web.ServletTestExecutionListener.activateListener' -> true, 'org.springframework.test.context.web.ServletTestExecutionListener.populatedRequestContextHolder' -> true, 'org.springframework.test.context.web.ServletTestExecutionListener.resetRequestContextHolder' -> true]], class annotated with @DirtiesContext [false] with mode [null], method annotated with @DirtiesContext [false] with mode [null].
10:45:09,270 DEBUG org.springframework.test.context.support.AbstractDirtiesContextTestExecutionListener:107 - After test method: context [DefaultTestContext@be616f0 testClass = SecurityIntegrationTest, testInstance = pro.abacus.javatutor.SecurityIntegrationTest@25e796fe, testMethod = loginWithMockUser@SecurityIntegrationTest, testException = org.springframework.web.util.NestedServletException: Request processing failed; nested exception is org.springframework.dao.DataAccessResourceFailureException: Timed out after 30000 ms while waiting to connect. Client view of cluster state is {type=UNKNOWN, servers=[{address=localhost:27017, type=UNKNOWN, state=CONNECTING, exception={com.mongodb.MongoSocketOpenException: Exception opening socket}, caused by {java.net.ConnectException: Connection refused: connect}}]; nested exception is com.mongodb.MongoTimeoutException: Timed out after 30000 ms while waiting to connect. Client view of cluster state is {type=UNKNOWN, servers=[{address=localhost:27017, type=UNKNOWN, state=CONNECTING, exception={com.mongodb.MongoSocketOpenException: Exception opening socket}, caused by {java.net.ConnectException: Connection refused: connect}}], mergedContextConfiguration = [WebMergedContextConfiguration@1f5d7fd5 testClass = SecurityIntegrationTest, locations = '{}', classes = '{class pro.abacus.javatutor.JavaTutorApplication}', contextInitializerClasses = '[]', activeProfiles = '{}', propertySourceLocations = '{}', propertySourceProperties = '{org.springframework.boot.test.context.SpringBootTestContextBootstrapper=true}', contextCustomizers = set[[ImportsContextCustomizer@cf08c97 key = [org.springframework.boot.test.autoconfigure.web.servlet.MockMvcAutoConfiguration, org.springframework.boot.test.autoconfigure.web.servlet.MockMvcSecurityAutoConfiguration, org.springframework.boot.test.autoconfigure.web.servlet.MockMvcWebClientAutoConfiguration, org.springframework.boot.test.autoconfigure.web.servlet.MockMvcWebDriverAutoConfiguration]], org.springframework.boot.test.context.filter.ExcludeFilterContextCustomizer@290dbf45, org.springframework.boot.test.json.DuplicateJsonObjectContextCustomizerFactory$DuplicateJsonObjectContextCustomizer@69a10787, org.springframework.boot.test.mock.mockito.MockitoContextCustomizer@0, org.springframework.boot.test.web.client.TestRestTemplateContextCustomizer@712cfb63, org.springframework.boot.test.autoconfigure.properties.PropertyMappingContextCustomizer@e7e8512, org.springframework.boot.test.autoconfigure.web.servlet.WebDriverContextCustomizerFactory$Customizer@7f9fcf7f], resourceBasePath = 'src/main/webapp', contextLoader = 'org.springframework.boot.test.context.SpringBootContextLoader', parent = [null]], attributes = map['org.springframework.test.context.web.ServletTestExecutionListener.activateListener' -> true, 'org.springframework.test.context.web.ServletTestExecutionListener.populatedRequestContextHolder' -> true, 'org.springframework.test.context.web.ServletTestExecutionListener.resetRequestContextHolder' -> true]], class annotated with @DirtiesContext [false] with mode [null], method annotated with @DirtiesContext [false] with mode [null].
10:45:09,276 DEBUG org.springframework.test.context.web.ServletTestExecutionListener:166 - Resetting RequestContextHolder for test context [DefaultTestContext@be616f0 testClass = SecurityIntegrationTest, testInstance = pro.abacus.javatutor.SecurityIntegrationTest@25e796fe, testMethod = loginWithMockUser@SecurityIntegrationTest, testException = org.springframework.web.util.NestedServletException: Request processing failed; nested exception is org.springframework.dao.DataAccessResourceFailureException: Timed out after 30000 ms while waiting to connect. Client view of cluster state is {type=UNKNOWN, servers=[{address=localhost:27017, type=UNKNOWN, state=CONNECTING, exception={com.mongodb.MongoSocketOpenException: Exception opening socket}, caused by {java.net.ConnectException: Connection refused: connect}}]; nested exception is com.mongodb.MongoTimeoutException: Timed out after 30000 ms while waiting to connect. Client view of cluster state is {type=UNKNOWN, servers=[{address=localhost:27017, type=UNKNOWN, state=CONNECTING, exception={com.mongodb.MongoSocketOpenException: Exception opening socket}, caused by {java.net.ConnectException: Connection refused: connect}}], mergedContextConfiguration = [WebMergedContextConfiguration@1f5d7fd5 testClass = SecurityIntegrationTest, locations = '{}', classes = '{class pro.abacus.javatutor.JavaTutorApplication}', contextInitializerClasses = '[]', activeProfiles = '{}', propertySourceLocations = '{}', propertySourceProperties = '{org.springframework.boot.test.context.SpringBootTestContextBootstrapper=true}', contextCustomizers = set[[ImportsContextCustomizer@cf08c97 key = [org.springframework.boot.test.autoconfigure.web.servlet.MockMvcAutoConfiguration, org.springframework.boot.test.autoconfigure.web.servlet.MockMvcSecurityAutoConfiguration, org.springframework.boot.test.autoconfigure.web.servlet.MockMvcWebClientAutoConfiguration, org.springframework.boot.test.autoconfigure.web.servlet.MockMvcWebDriverAutoConfiguration]], org.springframework.boot.test.context.filter.ExcludeFilterContextCustomizer@290dbf45, org.springframework.boot.test.json.DuplicateJsonObjectContextCustomizerFactory$DuplicateJsonObjectContextCustomizer@69a10787, org.springframework.boot.test.mock.mockito.MockitoContextCustomizer@0, org.springframework.boot.test.web.client.TestRestTemplateContextCustomizer@712cfb63, org.springframework.boot.test.autoconfigure.properties.PropertyMappingContextCustomizer@e7e8512, org.springframework.boot.test.autoconfigure.web.servlet.WebDriverContextCustomizerFactory$Customizer@7f9fcf7f], resourceBasePath = 'src/main/webapp', contextLoader = 'org.springframework.boot.test.context.SpringBootContextLoader', parent = [null]], attributes = map['org.springframework.test.context.web.ServletTestExecutionListener.activateListener' -> true, 'org.springframework.test.context.web.ServletTestExecutionListener.populatedRequestContextHolder' -> true, 'org.springframework.test.context.web.ServletTestExecutionListener.resetRequestContextHolder' -> true]].
10:45:09,276 DEBUG org.springframework.test.context.web.ServletTestExecutionListener:166 - Resetting RequestContextHolder for test context [DefaultTestContext@be616f0 testClass = SecurityIntegrationTest, testInstance = pro.abacus.javatutor.SecurityIntegrationTest@25e796fe, testMethod = loginWithMockUser@SecurityIntegrationTest, testException = org.springframework.web.util.NestedServletException: Request processing failed; nested exception is org.springframework.dao.DataAccessResourceFailureException: Timed out after 30000 ms while waiting to connect. Client view of cluster state is {type=UNKNOWN, servers=[{address=localhost:27017, type=UNKNOWN, state=CONNECTING, exception={com.mongodb.MongoSocketOpenException: Exception opening socket}, caused by {java.net.ConnectException: Connection refused: connect}}]; nested exception is com.mongodb.MongoTimeoutException: Timed out after 30000 ms while waiting to connect. Client view of cluster state is {type=UNKNOWN, servers=[{address=localhost:27017, type=UNKNOWN, state=CONNECTING, exception={com.mongodb.MongoSocketOpenException: Exception opening socket}, caused by {java.net.ConnectException: Connection refused: connect}}], mergedContextConfiguration = [WebMergedContextConfiguration@1f5d7fd5 testClass = SecurityIntegrationTest, locations = '{}', classes = '{class pro.abacus.javatutor.JavaTutorApplication}', contextInitializerClasses = '[]', activeProfiles = '{}', propertySourceLocations = '{}', propertySourceProperties = '{org.springframework.boot.test.context.SpringBootTestContextBootstrapper=true}', contextCustomizers = set[[ImportsContextCustomizer@cf08c97 key = [org.springframework.boot.test.autoconfigure.web.servlet.MockMvcAutoConfiguration, org.springframework.boot.test.autoconfigure.web.servlet.MockMvcSecurityAutoConfiguration, org.springframework.boot.test.autoconfigure.web.servlet.MockMvcWebClientAutoConfiguration, org.springframework.boot.test.autoconfigure.web.servlet.MockMvcWebDriverAutoConfiguration]], org.springframework.boot.test.context.filter.ExcludeFilterContextCustomizer@290dbf45, org.springframework.boot.test.json.DuplicateJsonObjectContextCustomizerFactory$DuplicateJsonObjectContextCustomizer@69a10787, org.springframework.boot.test.mock.mockito.MockitoContextCustomizer@0, org.springframework.boot.test.web.client.TestRestTemplateContextCustomizer@712cfb63, org.springframework.boot.test.autoconfigure.properties.PropertyMappingContextCustomizer@e7e8512, org.springframework.boot.test.autoconfigure.web.servlet.WebDriverContextCustomizerFactory$Customizer@7f9fcf7f], resourceBasePath = 'src/main/webapp', contextLoader = 'org.springframework.boot.test.context.SpringBootContextLoader', parent = [null]], attributes = map['org.springframework.test.context.web.ServletTestExecutionListener.activateListener' -> true, 'org.springframework.test.context.web.ServletTestExecutionListener.populatedRequestContextHolder' -> true, 'org.springframework.test.context.web.ServletTestExecutionListener.resetRequestContextHolder' -> true]].
]]></system-out>
  </testcase>
  <testcase name="loginUser" classname="pro.abacus.javatutor.SecurityIntegrationTest" time="30.018">
    <failure message="Authentication should not be null" type="java.lang.AssertionError">java.lang.AssertionError: Authentication should not be null
	at pro.abacus.javatutor.SecurityIntegrationTest.loginUser(SecurityIntegrationTest.java:45)
</failure>
    <system-out><![CDATA[10:45:09,279 DEBUG org.springframework.test.annotation.ProfileValueUtils:70 - Retrieved @ProfileValueSourceConfiguration [null] for test class [pro.abacus.javatutor.SecurityIntegrationTest]
10:45:09,279 DEBUG org.springframework.test.annotation.ProfileValueUtils:70 - Retrieved @ProfileValueSourceConfiguration [null] for test class [pro.abacus.javatutor.SecurityIntegrationTest]
10:45:09,280 DEBUG org.springframework.test.annotation.ProfileValueUtils:83 - Retrieved ProfileValueSource type [class org.springframework.test.annotation.SystemProfileValueSource] for class [pro.abacus.javatutor.SecurityIntegrationTest]
10:45:09,280 DEBUG org.springframework.test.annotation.ProfileValueUtils:83 - Retrieved ProfileValueSource type [class org.springframework.test.annotation.SystemProfileValueSource] for class [pro.abacus.javatutor.SecurityIntegrationTest]
10:45:09,280 TRACE org.springframework.test.context.TestContextManager:240 - prepareTestInstance(): instance [pro.abacus.javatutor.SecurityIntegrationTest@19d76106]
10:45:09,280 TRACE org.springframework.test.context.TestContextManager:240 - prepareTestInstance(): instance [pro.abacus.javatutor.SecurityIntegrationTest@19d76106]
10:45:09,281 DEBUG org.springframework.test.context.cache.DefaultCacheAwareContextLoaderDelegate:130 - Retrieved ApplicationContext from cache with key [[WebMergedContextConfiguration@1f5d7fd5 testClass = SecurityIntegrationTest, locations = '{}', classes = '{class pro.abacus.javatutor.JavaTutorApplication}', contextInitializerClasses = '[]', activeProfiles = '{}', propertySourceLocations = '{}', propertySourceProperties = '{org.springframework.boot.test.context.SpringBootTestContextBootstrapper=true}', contextCustomizers = set[[ImportsContextCustomizer@cf08c97 key = [org.springframework.boot.test.autoconfigure.web.servlet.MockMvcAutoConfiguration, org.springframework.boot.test.autoconfigure.web.servlet.MockMvcSecurityAutoConfiguration, org.springframework.boot.test.autoconfigure.web.servlet.MockMvcWebClientAutoConfiguration, org.springframework.boot.test.autoconfigure.web.servlet.MockMvcWebDriverAutoConfiguration]], org.springframework.boot.test.context.filter.ExcludeFilterContextCustomizer@290dbf45, org.springframework.boot.test.json.DuplicateJsonObjectContextCustomizerFactory$DuplicateJsonObjectContextCustomizer@69a10787, org.springframework.boot.test.mock.mockito.MockitoContextCustomizer@0, org.springframework.boot.test.web.client.TestRestTemplateContextCustomizer@712cfb63, org.springframework.boot.test.autoconfigure.properties.PropertyMappingContextCustomizer@e7e8512, org.springframework.boot.test.autoconfigure.web.servlet.WebDriverContextCustomizerFactory$Customizer@7f9fcf7f], resourceBasePath = 'src/main/webapp', contextLoader = 'org.springframework.boot.test.context.SpringBootContextLoader', parent = [null]]]
10:45:09,281 DEBUG org.springframework.test.context.cache.DefaultCacheAwareContextLoaderDelegate:130 - Retrieved ApplicationContext from cache with key [[WebMergedContextConfiguration@1f5d7fd5 testClass = SecurityIntegrationTest, locations = '{}', classes = '{class pro.abacus.javatutor.JavaTutorApplication}', contextInitializerClasses = '[]', activeProfiles = '{}', propertySourceLocations = '{}', propertySourceProperties = '{org.springframework.boot.test.context.SpringBootTestContextBootstrapper=true}', contextCustomizers = set[[ImportsContextCustomizer@cf08c97 key = [org.springframework.boot.test.autoconfigure.web.servlet.MockMvcAutoConfiguration, org.springframework.boot.test.autoconfigure.web.servlet.MockMvcSecurityAutoConfiguration, org.springframework.boot.test.autoconfigure.web.servlet.MockMvcWebClientAutoConfiguration, org.springframework.boot.test.autoconfigure.web.servlet.MockMvcWebDriverAutoConfiguration]], org.springframework.boot.test.context.filter.ExcludeFilterContextCustomizer@290dbf45, org.springframework.boot.test.json.DuplicateJsonObjectContextCustomizerFactory$DuplicateJsonObjectContextCustomizer@69a10787, org.springframework.boot.test.mock.mockito.MockitoContextCustomizer@0, org.springframework.boot.test.web.client.TestRestTemplateContextCustomizer@712cfb63, org.springframework.boot.test.autoconfigure.properties.PropertyMappingContextCustomizer@e7e8512, org.springframework.boot.test.autoconfigure.web.servlet.WebDriverContextCustomizerFactory$Customizer@7f9fcf7f], resourceBasePath = 'src/main/webapp', contextLoader = 'org.springframework.boot.test.context.SpringBootContextLoader', parent = [null]]]
10:45:09,282 DEBUG org.springframework.test.context.cache:290 - Spring test ApplicationContext cache statistics: [DefaultContextCache@1431267b size = 6, maxSize = 32, parentContextCount = 0, hitCount = 82, missCount = 6]
10:45:09,282 DEBUG org.springframework.test.context.cache:290 - Spring test ApplicationContext cache statistics: [DefaultContextCache@1431267b size = 6, maxSize = 32, parentContextCount = 0, hitCount = 82, missCount = 6]
10:45:09,283 DEBUG org.springframework.test.context.web.ServletTestExecutionListener:200 - Setting up MockHttpServletRequest, MockHttpServletResponse, ServletWebRequest, and RequestContextHolder for test context [DefaultTestContext@be616f0 testClass = SecurityIntegrationTest, testInstance = pro.abacus.javatutor.SecurityIntegrationTest@19d76106, testMethod = [null], testException = [null], mergedContextConfiguration = [WebMergedContextConfiguration@1f5d7fd5 testClass = SecurityIntegrationTest, locations = '{}', classes = '{class pro.abacus.javatutor.JavaTutorApplication}', contextInitializerClasses = '[]', activeProfiles = '{}', propertySourceLocations = '{}', propertySourceProperties = '{org.springframework.boot.test.context.SpringBootTestContextBootstrapper=true}', contextCustomizers = set[[ImportsContextCustomizer@cf08c97 key = [org.springframework.boot.test.autoconfigure.web.servlet.MockMvcAutoConfiguration, org.springframework.boot.test.autoconfigure.web.servlet.MockMvcSecurityAutoConfiguration, org.springframework.boot.test.autoconfigure.web.servlet.MockMvcWebClientAutoConfiguration, org.springframework.boot.test.autoconfigure.web.servlet.MockMvcWebDriverAutoConfiguration]], org.springframework.boot.test.context.filter.ExcludeFilterContextCustomizer@290dbf45, org.springframework.boot.test.json.DuplicateJsonObjectContextCustomizerFactory$DuplicateJsonObjectContextCustomizer@69a10787, org.springframework.boot.test.mock.mockito.MockitoContextCustomizer@0, org.springframework.boot.test.web.client.TestRestTemplateContextCustomizer@712cfb63, org.springframework.boot.test.autoconfigure.properties.PropertyMappingContextCustomizer@e7e8512, org.springframework.boot.test.autoconfigure.web.servlet.WebDriverContextCustomizerFactory$Customizer@7f9fcf7f], resourceBasePath = 'src/main/webapp', contextLoader = 'org.springframework.boot.test.context.SpringBootContextLoader', parent = [null]], attributes = map['org.springframework.test.context.web.ServletTestExecutionListener.activateListener' -> true, 'org.springframework.test.context.support.DependencyInjectionTestExecutionListener.reinjectDependencies' -> true]].
10:45:09,283 DEBUG org.springframework.test.context.web.ServletTestExecutionListener:200 - Setting up MockHttpServletRequest, MockHttpServletResponse, ServletWebRequest, and RequestContextHolder for test context [DefaultTestContext@be616f0 testClass = SecurityIntegrationTest, testInstance = pro.abacus.javatutor.SecurityIntegrationTest@19d76106, testMethod = [null], testException = [null], mergedContextConfiguration = [WebMergedContextConfiguration@1f5d7fd5 testClass = SecurityIntegrationTest, locations = '{}', classes = '{class pro.abacus.javatutor.JavaTutorApplication}', contextInitializerClasses = '[]', activeProfiles = '{}', propertySourceLocations = '{}', propertySourceProperties = '{org.springframework.boot.test.context.SpringBootTestContextBootstrapper=true}', contextCustomizers = set[[ImportsContextCustomizer@cf08c97 key = [org.springframework.boot.test.autoconfigure.web.servlet.MockMvcAutoConfiguration, org.springframework.boot.test.autoconfigure.web.servlet.MockMvcSecurityAutoConfiguration, org.springframework.boot.test.autoconfigure.web.servlet.MockMvcWebClientAutoConfiguration, org.springframework.boot.test.autoconfigure.web.servlet.MockMvcWebDriverAutoConfiguration]], org.springframework.boot.test.context.filter.ExcludeFilterContextCustomizer@290dbf45, org.springframework.boot.test.json.DuplicateJsonObjectContextCustomizerFactory$DuplicateJsonObjectContextCustomizer@69a10787, org.springframework.boot.test.mock.mockito.MockitoContextCustomizer@0, org.springframework.boot.test.web.client.TestRestTemplateContextCustomizer@712cfb63, org.springframework.boot.test.autoconfigure.properties.PropertyMappingContextCustomizer@e7e8512, org.springframework.boot.test.autoconfigure.web.servlet.WebDriverContextCustomizerFactory$Customizer@7f9fcf7f], resourceBasePath = 'src/main/webapp', contextLoader = 'org.springframework.boot.test.context.SpringBootContextLoader', parent = [null]], attributes = map['org.springframework.test.context.web.ServletTestExecutionListener.activateListener' -> true, 'org.springframework.test.context.support.DependencyInjectionTestExecutionListener.reinjectDependencies' -> true]].
10:45:09,285 DEBUG org.springframework.test.context.support.DependencyInjectionTestExecutionListener:81 - Performing dependency injection for test context [[DefaultTestContext@be616f0 testClass = SecurityIntegrationTest, testInstance = pro.abacus.javatutor.SecurityIntegrationTest@19d76106, testMethod = [null], testException = [null], mergedContextConfiguration = [WebMergedContextConfiguration@1f5d7fd5 testClass = SecurityIntegrationTest, locations = '{}', classes = '{class pro.abacus.javatutor.JavaTutorApplication}', contextInitializerClasses = '[]', activeProfiles = '{}', propertySourceLocations = '{}', propertySourceProperties = '{org.springframework.boot.test.context.SpringBootTestContextBootstrapper=true}', contextCustomizers = set[[ImportsContextCustomizer@cf08c97 key = [org.springframework.boot.test.autoconfigure.web.servlet.MockMvcAutoConfiguration, org.springframework.boot.test.autoconfigure.web.servlet.MockMvcSecurityAutoConfiguration, org.springframework.boot.test.autoconfigure.web.servlet.MockMvcWebClientAutoConfiguration, org.springframework.boot.test.autoconfigure.web.servlet.MockMvcWebDriverAutoConfiguration]], org.springframework.boot.test.context.filter.ExcludeFilterContextCustomizer@290dbf45, org.springframework.boot.test.json.DuplicateJsonObjectContextCustomizerFactory$DuplicateJsonObjectContextCustomizer@69a10787, org.springframework.boot.test.mock.mockito.MockitoContextCustomizer@0, org.springframework.boot.test.web.client.TestRestTemplateContextCustomizer@712cfb63, org.springframework.boot.test.autoconfigure.properties.PropertyMappingContextCustomizer@e7e8512, org.springframework.boot.test.autoconfigure.web.servlet.WebDriverContextCustomizerFactory$Customizer@7f9fcf7f], resourceBasePath = 'src/main/webapp', contextLoader = 'org.springframework.boot.test.context.SpringBootContextLoader', parent = [null]], attributes = map['org.springframework.test.context.web.ServletTestExecutionListener.activateListener' -> true, 'org.springframework.test.context.web.ServletTestExecutionListener.populatedRequestContextHolder' -> true, 'org.springframework.test.context.web.ServletTestExecutionListener.resetRequestContextHolder' -> true, 'org.springframework.test.context.support.DependencyInjectionTestExecutionListener.reinjectDependencies' -> true]]].
10:45:09,285 DEBUG org.springframework.test.context.support.DependencyInjectionTestExecutionListener:81 - Performing dependency injection for test context [[DefaultTestContext@be616f0 testClass = SecurityIntegrationTest, testInstance = pro.abacus.javatutor.SecurityIntegrationTest@19d76106, testMethod = [null], testException = [null], mergedContextConfiguration = [WebMergedContextConfiguration@1f5d7fd5 testClass = SecurityIntegrationTest, locations = '{}', classes = '{class pro.abacus.javatutor.JavaTutorApplication}', contextInitializerClasses = '[]', activeProfiles = '{}', propertySourceLocations = '{}', propertySourceProperties = '{org.springframework.boot.test.context.SpringBootTestContextBootstrapper=true}', contextCustomizers = set[[ImportsContextCustomizer@cf08c97 key = [org.springframework.boot.test.autoconfigure.web.servlet.MockMvcAutoConfiguration, org.springframework.boot.test.autoconfigure.web.servlet.MockMvcSecurityAutoConfiguration, org.springframework.boot.test.autoconfigure.web.servlet.MockMvcWebClientAutoConfiguration, org.springframework.boot.test.autoconfigure.web.servlet.MockMvcWebDriverAutoConfiguration]], org.springframework.boot.test.context.filter.ExcludeFilterContextCustomizer@290dbf45, org.springframework.boot.test.json.DuplicateJsonObjectContextCustomizerFactory$DuplicateJsonObjectContextCustomizer@69a10787, org.springframework.boot.test.mock.mockito.MockitoContextCustomizer@0, org.springframework.boot.test.web.client.TestRestTemplateContextCustomizer@712cfb63, org.springframework.boot.test.autoconfigure.properties.PropertyMappingContextCustomizer@e7e8512, org.springframework.boot.test.autoconfigure.web.servlet.WebDriverContextCustomizerFactory$Customizer@7f9fcf7f], resourceBasePath = 'src/main/webapp', contextLoader = 'org.springframework.boot.test.context.SpringBootContextLoader', parent = [null]], attributes = map['org.springframework.test.context.web.ServletTestExecutionListener.activateListener' -> true, 'org.springframework.test.context.web.ServletTestExecutionListener.populatedRequestContextHolder' -> true, 'org.springframework.test.context.web.ServletTestExecutionListener.resetRequestContextHolder' -> true, 'org.springframework.test.context.support.DependencyInjectionTestExecutionListener.reinjectDependencies' -> true]]].
10:45:09,286 DEBUG org.springframework.test.context.cache.DefaultCacheAwareContextLoaderDelegate:130 - Retrieved ApplicationContext from cache with key [[WebMergedContextConfiguration@1f5d7fd5 testClass = SecurityIntegrationTest, locations = '{}', classes = '{class pro.abacus.javatutor.JavaTutorApplication}', contextInitializerClasses = '[]', activeProfiles = '{}', propertySourceLocations = '{}', propertySourceProperties = '{org.springframework.boot.test.context.SpringBootTestContextBootstrapper=true}', contextCustomizers = set[[ImportsContextCustomizer@cf08c97 key = [org.springframework.boot.test.autoconfigure.web.servlet.MockMvcAutoConfiguration, org.springframework.boot.test.autoconfigure.web.servlet.MockMvcSecurityAutoConfiguration, org.springframework.boot.test.autoconfigure.web.servlet.MockMvcWebClientAutoConfiguration, org.springframework.boot.test.autoconfigure.web.servlet.MockMvcWebDriverAutoConfiguration]], org.springframework.boot.test.context.filter.ExcludeFilterContextCustomizer@290dbf45, org.springframework.boot.test.json.DuplicateJsonObjectContextCustomizerFactory$DuplicateJsonObjectContextCustomizer@69a10787, org.springframework.boot.test.mock.mockito.MockitoContextCustomizer@0, org.springframework.boot.test.web.client.TestRestTemplateContextCustomizer@712cfb63, org.springframework.boot.test.autoconfigure.properties.PropertyMappingContextCustomizer@e7e8512, org.springframework.boot.test.autoconfigure.web.servlet.WebDriverContextCustomizerFactory$Customizer@7f9fcf7f], resourceBasePath = 'src/main/webapp', contextLoader = 'org.springframework.boot.test.context.SpringBootContextLoader', parent = [null]]]
10:45:09,286 DEBUG org.springframework.test.context.cache.DefaultCacheAwareContextLoaderDelegate:130 - Retrieved ApplicationContext from cache with key [[WebMergedContextConfiguration@1f5d7fd5 testClass = SecurityIntegrationTest, locations = '{}', classes = '{class pro.abacus.javatutor.JavaTutorApplication}', contextInitializerClasses = '[]', activeProfiles = '{}', propertySourceLocations = '{}', propertySourceProperties = '{org.springframework.boot.test.context.SpringBootTestContextBootstrapper=true}', contextCustomizers = set[[ImportsContextCustomizer@cf08c97 key = [org.springframework.boot.test.autoconfigure.web.servlet.MockMvcAutoConfiguration, org.springframework.boot.test.autoconfigure.web.servlet.MockMvcSecurityAutoConfiguration, org.springframework.boot.test.autoconfigure.web.servlet.MockMvcWebClientAutoConfiguration, org.springframework.boot.test.autoconfigure.web.servlet.MockMvcWebDriverAutoConfiguration]], org.springframework.boot.test.context.filter.ExcludeFilterContextCustomizer@290dbf45, org.springframework.boot.test.json.DuplicateJsonObjectContextCustomizerFactory$DuplicateJsonObjectContextCustomizer@69a10787, org.springframework.boot.test.mock.mockito.MockitoContextCustomizer@0, org.springframework.boot.test.web.client.TestRestTemplateContextCustomizer@712cfb63, org.springframework.boot.test.autoconfigure.properties.PropertyMappingContextCustomizer@e7e8512, org.springframework.boot.test.autoconfigure.web.servlet.WebDriverContextCustomizerFactory$Customizer@7f9fcf7f], resourceBasePath = 'src/main/webapp', contextLoader = 'org.springframework.boot.test.context.SpringBootContextLoader', parent = [null]]]
10:45:09,286 DEBUG org.springframework.test.context.cache:290 - Spring test ApplicationContext cache statistics: [DefaultContextCache@1431267b size = 6, maxSize = 32, parentContextCount = 0, hitCount = 83, missCount = 6]
10:45:09,286 DEBUG org.springframework.test.context.cache:290 - Spring test ApplicationContext cache statistics: [DefaultContextCache@1431267b size = 6, maxSize = 32, parentContextCount = 0, hitCount = 83, missCount = 6]
10:45:09,287 DEBUG org.springframework.beans.factory.annotation.InjectionMetadata:89 - Processing injected element of bean 'pro.abacus.javatutor.SecurityIntegrationTest': AutowiredFieldElement for private org.springframework.test.web.servlet.MockMvc pro.abacus.javatutor.SecurityIntegrationTest.mockMvc
10:45:09,287 DEBUG org.springframework.beans.factory.annotation.InjectionMetadata:89 - Processing injected element of bean 'pro.abacus.javatutor.SecurityIntegrationTest': AutowiredFieldElement for private org.springframework.test.web.servlet.MockMvc pro.abacus.javatutor.SecurityIntegrationTest.mockMvc
10:45:09,290 DEBUG org.springframework.beans.factory.support.DefaultListableBeanFactory:254 - Returning cached instance of singleton bean 'mockMvc'
10:45:09,290 DEBUG org.springframework.beans.factory.support.DefaultListableBeanFactory:254 - Returning cached instance of singleton bean 'mockMvc'
10:45:09,292 TRACE org.springframework.test.context.TestContextManager:512 - beforeTestMethod(): instance [pro.abacus.javatutor.SecurityIntegrationTest@19d76106], method [public void pro.abacus.javatutor.SecurityIntegrationTest.loginUser() throws java.lang.Exception]
10:45:09,292 TRACE org.springframework.test.context.TestContextManager:512 - beforeTestMethod(): instance [pro.abacus.javatutor.SecurityIntegrationTest@19d76106], method [public void pro.abacus.javatutor.SecurityIntegrationTest.loginUser() throws java.lang.Exception]
10:45:09,295 DEBUG org.springframework.test.context.support.AbstractDirtiesContextTestExecutionListener:107 - Before test method: context [DefaultTestContext@be616f0 testClass = SecurityIntegrationTest, testInstance = pro.abacus.javatutor.SecurityIntegrationTest@19d76106, testMethod = loginUser@SecurityIntegrationTest, testException = [null], mergedContextConfiguration = [WebMergedContextConfiguration@1f5d7fd5 testClass = SecurityIntegrationTest, locations = '{}', classes = '{class pro.abacus.javatutor.JavaTutorApplication}', contextInitializerClasses = '[]', activeProfiles = '{}', propertySourceLocations = '{}', propertySourceProperties = '{org.springframework.boot.test.context.SpringBootTestContextBootstrapper=true}', contextCustomizers = set[[ImportsContextCustomizer@cf08c97 key = [org.springframework.boot.test.autoconfigure.web.servlet.MockMvcAutoConfiguration, org.springframework.boot.test.autoconfigure.web.servlet.MockMvcSecurityAutoConfiguration, org.springframework.boot.test.autoconfigure.web.servlet.MockMvcWebClientAutoConfiguration, org.springframework.boot.test.autoconfigure.web.servlet.MockMvcWebDriverAutoConfiguration]], org.springframework.boot.test.context.filter.ExcludeFilterContextCustomizer@290dbf45, org.springframework.boot.test.json.DuplicateJsonObjectContextCustomizerFactory$DuplicateJsonObjectContextCustomizer@69a10787, org.springframework.boot.test.mock.mockito.MockitoContextCustomizer@0, org.springframework.boot.test.web.client.TestRestTemplateContextCustomizer@712cfb63, org.springframework.boot.test.autoconfigure.properties.PropertyMappingContextCustomizer@e7e8512, org.springframework.boot.test.autoconfigure.web.servlet.WebDriverContextCustomizerFactory$Customizer@7f9fcf7f], resourceBasePath = 'src/main/webapp', contextLoader = 'org.springframework.boot.test.context.SpringBootContextLoader', parent = [null]], attributes = map['org.springframework.test.context.web.ServletTestExecutionListener.activateListener' -> true, 'org.springframework.test.context.web.ServletTestExecutionListener.populatedRequestContextHolder' -> true, 'org.springframework.test.context.web.ServletTestExecutionListener.resetRequestContextHolder' -> true]], class annotated with @DirtiesContext [false] with mode [null], method annotated with @DirtiesContext [false] with mode [null].
10:45:09,295 DEBUG org.springframework.test.context.support.AbstractDirtiesContextTestExecutionListener:107 - Before test method: context [DefaultTestContext@be616f0 testClass = SecurityIntegrationTest, testInstance = pro.abacus.javatutor.SecurityIntegrationTest@19d76106, testMethod = loginUser@SecurityIntegrationTest, testException = [null], mergedContextConfiguration = [WebMergedContextConfiguration@1f5d7fd5 testClass = SecurityIntegrationTest, locations = '{}', classes = '{class pro.abacus.javatutor.JavaTutorApplication}', contextInitializerClasses = '[]', activeProfiles = '{}', propertySourceLocations = '{}', propertySourceProperties = '{org.springframework.boot.test.context.SpringBootTestContextBootstrapper=true}', contextCustomizers = set[[ImportsContextCustomizer@cf08c97 key = [org.springframework.boot.test.autoconfigure.web.servlet.MockMvcAutoConfiguration, org.springframework.boot.test.autoconfigure.web.servlet.MockMvcSecurityAutoConfiguration, org.springframework.boot.test.autoconfigure.web.servlet.MockMvcWebClientAutoConfiguration, org.springframework.boot.test.autoconfigure.web.servlet.MockMvcWebDriverAutoConfiguration]], org.springframework.boot.test.context.filter.ExcludeFilterContextCustomizer@290dbf45, org.springframework.boot.test.json.DuplicateJsonObjectContextCustomizerFactory$DuplicateJsonObjectContextCustomizer@69a10787, org.springframework.boot.test.mock.mockito.MockitoContextCustomizer@0, org.springframework.boot.test.web.client.TestRestTemplateContextCustomizer@712cfb63, org.springframework.boot.test.autoconfigure.properties.PropertyMappingContextCustomizer@e7e8512, org.springframework.boot.test.autoconfigure.web.servlet.WebDriverContextCustomizerFactory$Customizer@7f9fcf7f], resourceBasePath = 'src/main/webapp', contextLoader = 'org.springframework.boot.test.context.SpringBootContextLoader', parent = [null]], attributes = map['org.springframework.test.context.web.ServletTestExecutionListener.activateListener' -> true, 'org.springframework.test.context.web.ServletTestExecutionListener.populatedRequestContextHolder' -> true, 'org.springframework.test.context.web.ServletTestExecutionListener.resetRequestContextHolder' -> true]], class annotated with @DirtiesContext [false] with mode [null], method annotated with @DirtiesContext [false] with mode [null].
10:45:09,297 DEBUG org.springframework.test.context.cache.DefaultCacheAwareContextLoaderDelegate:130 - Retrieved ApplicationContext from cache with key [[WebMergedContextConfiguration@1f5d7fd5 testClass = SecurityIntegrationTest, locations = '{}', classes = '{class pro.abacus.javatutor.JavaTutorApplication}', contextInitializerClasses = '[]', activeProfiles = '{}', propertySourceLocations = '{}', propertySourceProperties = '{org.springframework.boot.test.context.SpringBootTestContextBootstrapper=true}', contextCustomizers = set[[ImportsContextCustomizer@cf08c97 key = [org.springframework.boot.test.autoconfigure.web.servlet.MockMvcAutoConfiguration, org.springframework.boot.test.autoconfigure.web.servlet.MockMvcSecurityAutoConfiguration, org.springframework.boot.test.autoconfigure.web.servlet.MockMvcWebClientAutoConfiguration, org.springframework.boot.test.autoconfigure.web.servlet.MockMvcWebDriverAutoConfiguration]], org.springframework.boot.test.context.filter.ExcludeFilterContextCustomizer@290dbf45, org.springframework.boot.test.json.DuplicateJsonObjectContextCustomizerFactory$DuplicateJsonObjectContextCustomizer@69a10787, org.springframework.boot.test.mock.mockito.MockitoContextCustomizer@0, org.springframework.boot.test.web.client.TestRestTemplateContextCustomizer@712cfb63, org.springframework.boot.test.autoconfigure.properties.PropertyMappingContextCustomizer@e7e8512, org.springframework.boot.test.autoconfigure.web.servlet.WebDriverContextCustomizerFactory$Customizer@7f9fcf7f], resourceBasePath = 'src/main/webapp', contextLoader = 'org.springframework.boot.test.context.SpringBootContextLoader', parent = [null]]]
10:45:09,297 DEBUG org.springframework.test.context.cache.DefaultCacheAwareContextLoaderDelegate:130 - Retrieved ApplicationContext from cache with key [[WebMergedContextConfiguration@1f5d7fd5 testClass = SecurityIntegrationTest, locations = '{}', classes = '{class pro.abacus.javatutor.JavaTutorApplication}', contextInitializerClasses = '[]', activeProfiles = '{}', propertySourceLocations = '{}', propertySourceProperties = '{org.springframework.boot.test.context.SpringBootTestContextBootstrapper=true}', contextCustomizers = set[[ImportsContextCustomizer@cf08c97 key = [org.springframework.boot.test.autoconfigure.web.servlet.MockMvcAutoConfiguration, org.springframework.boot.test.autoconfigure.web.servlet.MockMvcSecurityAutoConfiguration, org.springframework.boot.test.autoconfigure.web.servlet.MockMvcWebClientAutoConfiguration, org.springframework.boot.test.autoconfigure.web.servlet.MockMvcWebDriverAutoConfiguration]], org.springframework.boot.test.context.filter.ExcludeFilterContextCustomizer@290dbf45, org.springframework.boot.test.json.DuplicateJsonObjectContextCustomizerFactory$DuplicateJsonObjectContextCustomizer@69a10787, org.springframework.boot.test.mock.mockito.MockitoContextCustomizer@0, org.springframework.boot.test.web.client.TestRestTemplateContextCustomizer@712cfb63, org.springframework.boot.test.autoconfigure.properties.PropertyMappingContextCustomizer@e7e8512, org.springframework.boot.test.autoconfigure.web.servlet.WebDriverContextCustomizerFactory$Customizer@7f9fcf7f], resourceBasePath = 'src/main/webapp', contextLoader = 'org.springframework.boot.test.context.SpringBootContextLoader', parent = [null]]]
10:45:09,298 DEBUG org.springframework.test.context.cache:290 - Spring test ApplicationContext cache statistics: [DefaultContextCache@1431267b size = 6, maxSize = 32, parentContextCount = 0, hitCount = 84, missCount = 6]
10:45:09,298 DEBUG org.springframework.test.context.cache:290 - Spring test ApplicationContext cache statistics: [DefaultContextCache@1431267b size = 6, maxSize = 32, parentContextCount = 0, hitCount = 84, missCount = 6]
10:45:09,301 DEBUG org.springframework.beans.factory.support.DefaultListableBeanFactory:254 - Returning cached instance of singleton bean 'org.springframework.boot.test.mock.mockito.MockitoBeans'
10:45:09,301 DEBUG org.springframework.beans.factory.support.DefaultListableBeanFactory:254 - Returning cached instance of singleton bean 'org.springframework.boot.test.mock.mockito.MockitoBeans'
10:45:09,351 TRACE org.springframework.test.context.TestContextManager:512 - beforeTestExecution(): instance [pro.abacus.javatutor.SecurityIntegrationTest@19d76106], method [public void pro.abacus.javatutor.SecurityIntegrationTest.loginUser() throws java.lang.Exception]
10:45:09,351 TRACE org.springframework.test.context.TestContextManager:512 - beforeTestExecution(): instance [pro.abacus.javatutor.SecurityIntegrationTest@19d76106], method [public void pro.abacus.javatutor.SecurityIntegrationTest.loginUser() throws java.lang.Exception]
10:45:09,354 TRACE org.springframework.beans.factory.support.DefaultListableBeanFactory:684 - No bean named 'flashMapManager' found in org.springframework.beans.factory.support.DefaultListableBeanFactory@839755f: defining beans [org.springframework.context.annotation.internalConfigurationAnnotationProcessor,org.springframework.context.annotation.internalAutowiredAnnotationProcessor,org.springframework.context.annotation.internalRequiredAnnotationProcessor,org.springframework.context.annotation.internalCommonAnnotationProcessor,org.springframework.context.event.internalEventListenerProcessor,org.springframework.context.event.internalEventListenerFactory,org.springframework.boot.test.context.ImportsContextCustomizer$ImportsCleanupPostProcessor,org.springframework.boot.test.mock.mockito.MockitoPostProcessor$SpyPostProcessor,org.springframework.boot.test.mock.mockito.MockitoPostProcessor,javaTutorApplication,org.springframework.boot.autoconfigure.internalCachingMetadataReaderFactory,questionRestController,registrationController,databaseConfiguration,userDetailsServiceImpl,securityConfiguration,javaQuestionsServiceImpl,userServiceImpl,org.springframework.boot.autoconfigure.condition.BeanTypeRegistry,org.springframework.boot.autoconfigure.mongo.MongoAutoConfiguration,mongo,spring.data.mongodb-org.springframework.boot.autoconfigure.mongo.MongoProperties,org.springframework.boot.context.properties.ConfigurationPropertiesBindingPostProcessor,org.springframework.boot.context.properties.ConfigurationBeanFactoryMetadata,validatingMongoEventListener,validator,org.springframework.data.mongodb.repository.config.MongoRepositoryConfigurationExtension#0,mongoMappingContext,userRepository,authorityRepository,javaQuestionRepository,org.springframework.security.config.annotation.configuration.ObjectPostProcessorConfiguration,objectPostProcessor,org.springframework.security.config.annotation.authentication.configuration.AuthenticationConfiguration,authenticationManagerBuilder,enableGlobalAuthenticationAutowiredConfigurer,initializeUserDetailsBeanManagerConfigurer,initializeAuthenticationProviderBeanManagerConfigurer,org.springframework.security.config.annotation.web.configuration.WebSecurityConfiguration,delegatingApplicationListener,webSecurityExpressionHandler,springSecurityFilterChain,privilegeEvaluator,autowiredWebSecurityConfigurersIgnoreParents,org.springframework.security.config.annotation.web.configuration.WebMvcSecurityConfiguration,requestDataValueProcessor,org.springframework.security.config.annotation.method.configuration.GlobalMethodSecurityConfiguration,methodSecurityInterceptor,methodSecurityMetadataSource,preInvocationAuthorizationAdvice,authSuccessHandler,authFailureHandler,logoutSuccessHandlerImpl,bCryptPasswordEncoder,corsConfigurationSource,metaDataSourceAdvisor,org.springframework.aop.config.internalAutoProxyCreator,org.springframework.boot.autoconfigure.AutoConfigurationPackages,org.springframework.boot.autoconfigure.context.PropertyPlaceholderAutoConfiguration,propertySourcesPlaceholderConfigurer,org.springframework.boot.autoconfigure.websocket.servlet.WebSocketServletAutoConfiguration$TomcatWebSocketConfiguration,websocketContainerCustomizer,org.springframework.boot.autoconfigure.websocket.servlet.WebSocketServletAutoConfiguration,org.springframework.boot.autoconfigure.web.servlet.ServletWebServerFactoryConfiguration$EmbeddedTomcat,tomcatServletWebServerFactory,org.springframework.boot.autoconfigure.web.servlet.ServletWebServerFactoryAutoConfiguration,servletWebServerFactoryCustomizer,tomcatServletWebServerFactoryCustomizer,server-org.springframework.boot.autoconfigure.web.ServerProperties,webServerFactoryCustomizerBeanPostProcessor,errorPageRegistrarBeanPostProcessor,org.springframework.boot.autoconfigure.web.servlet.DispatcherServletAutoConfiguration$DispatcherServletConfiguration,dispatcherServlet,mainDispatcherServletPathProvider,spring.mvc-org.springframework.boot.autoconfigure.web.servlet.WebMvcProperties,org.springframework.boot.autoconfigure.web.servlet.DispatcherServletAutoConfiguration$DispatcherServletRegistrationConfiguration,dispatcherServletRegistration,org.springframework.boot.autoconfigure.web.servlet.DispatcherServletAutoConfiguration,org.springframework.boot.autoconfigure.validation.ValidationAutoConfiguration,methodValidationPostProcessor,org.springframework.boot.autoconfigure.web.servlet.error.ErrorMvcAutoConfiguration$WhitelabelErrorViewConfiguration,error,beanNameViewResolver,org.springframework.boot.autoconfigure.web.servlet.error.ErrorMvcAutoConfiguration$DefaultErrorViewResolverConfiguration,conventionErrorViewResolver,org.springframework.boot.autoconfigure.web.servlet.error.ErrorMvcAutoConfiguration,errorAttributes,basicErrorController,errorPageCustomizer,preserveErrorControllerTargetClassPostProcessor,spring.resources-org.springframework.boot.autoconfigure.web.ResourceProperties,org.springframework.boot.autoconfigure.web.servlet.WebMvcAutoConfiguration$WebMvcAutoConfigurationAdapter$FaviconConfiguration,faviconHandlerMapping,faviconRequestHandler,org.springframework.boot.autoconfigure.web.servlet.WebMvcAutoConfiguration$EnableWebMvcConfiguration,requestMappingHandlerAdapter,requestMappingHandlerMapping,mvcConversionService,mvcValidator,mvcContentNegotiationManager,mvcPathMatcher,mvcUrlPathHelper,viewControllerHandlerMapping,beanNameHandlerMapping,resourceHandlerMapping,mvcResourceUrlProvider,defaultServletHandlerMapping,mvcUriComponentsContributor,httpRequestHandlerAdapter,simpleControllerHandlerAdapter,handlerExceptionResolver,mvcViewResolver,mvcHandlerMappingIntrospector,org.springframework.boot.autoconfigure.web.servlet.WebMvcAutoConfiguration$WebMvcAutoConfigurationAdapter,defaultViewResolver,viewResolver,welcomePageHandlerMapping,requestContextFilter,org.springframework.boot.autoconfigure.web.servlet.WebMvcAutoConfiguration,hiddenHttpMethodFilter,httpPutFormContentFilter,org.springframework.boot.actuate.autoconfigure.audit.AuditAutoConfiguration$AuditEventRepositoryConfiguration,auditEventRepository,org.springframework.boot.actuate.autoconfigure.audit.AuditAutoConfiguration,auditListener,authenticationAuditListener,authorizationAuditListener,org.springframework.boot.actuate.autoconfigure.audit.AuditEventsEndpointAutoConfiguration,auditEventsEndpoint,org.springframework.boot.actuate.autoconfigure.beans.BeansEndpointAutoConfiguration,beansEndpoint,org.springframework.boot.actuate.autoconfigure.system.DiskSpaceHealthIndicatorAutoConfiguration,diskSpaceHealthIndicator,diskSpaceHealthIndicatorProperties,org.springframework.boot.autoconfigure.data.mongo.MongoDataAutoConfiguration,mongoDbFactory,mongoTemplate,mappingMongoConverter,gridFsTemplate,mongoCustomConversions,org.springframework.boot.actuate.autoconfigure.mongo.MongoHealthIndicatorConfiguration,mongoHealthIndicator,org.springframework.boot.actuate.autoconfigure.mongo.MongoHealthIndicatorAutoConfiguration,org.springframework.boot.actuate.autoconfigure.redis.RedisHealthIndicatorAutoConfiguration,org.springframework.boot.actuate.autoconfigure.elasticsearch.ElasticsearchHealthIndicatorAutoConfiguration,org.springframework.boot.actuate.autoconfigure.health.HealthIndicatorAutoConfiguration,healthAggregator,management.health.status-org.springframework.boot.actuate.autoconfigure.health.HealthIndicatorProperties,org.springframework.boot.actuate.autoconfigure.health.HealthEndpointConfiguration,healthEndpoint,org.springframework.boot.actuate.autoconfigure.health.HealthEndpointWebExtensionConfiguration$ServletWebHealthConfiguration,healthEndpointWebExtension,org.springframework.boot.actuate.autoconfigure.health.HealthEndpointWebExtensionConfiguration,createHealthStatusHttpMapper,healthWebEndpointResponseMapper,org.springframework.boot.actuate.autoconfigure.health.HealthEndpointAutoConfiguration,management.endpoint.health-org.springframework.boot.actuate.autoconfigure.health.HealthEndpointProperties,org.springframework.boot.actuate.autoconfigure.web.servlet.ServletManagementContextAutoConfiguration,servletWebChildContextFactory,managementServletContext,org.springframework.boot.actuate.autoconfigure.condition.ConditionsReportEndpointAutoConfiguration,conditionsReportEndpoint,org.springframework.boot.actuate.autoconfigure.context.ShutdownEndpointAutoConfiguration,org.springframework.boot.actuate.autoconfigure.context.properties.ConfigurationPropertiesReportEndpointAutoConfiguration,configurationPropertiesReportEndpoint,management.endpoint.configprops-org.springframework.boot.actuate.autoconfigure.context.properties.ConfigurationPropertiesReportEndpointProperties,org.springframework.boot.actuate.autoconfigure.endpoint.EndpointAutoConfiguration,endpointOperationParameterMapper,endpointCachingOperationInvokerAdvisor,org.springframework.boot.actuate.autoconfigure.endpoint.jmx.JmxEndpointAutoConfiguration,jmxAnnotationEndpointDiscoverer,jmxIncludeExcludePropertyEndpointFilter,management.endpoints.jmx-org.springframework.boot.actuate.autoconfigure.endpoint.jmx.JmxEndpointProperties,org.springframework.boot.actuate.autoconfigure.endpoint.web.WebEndpointAutoConfiguration$WebEndpointServletConfiguration,servletEndpointDiscoverer,org.springframework.boot.actuate.autoconfigure.endpoint.web.WebEndpointAutoConfiguration,webEndpointPathMapper,endpointMediaTypes,webEndpointDiscoverer,controllerEndpointDiscoverer,pathMappedEndpoints,webExposeExcludePropertyEndpointFilter,controllerExposeExcludePropertyEndpointFilter,management.endpoints.web-org.springframework.boot.actuate.autoconfigure.endpoint.web.WebEndpointProperties,org.springframework.boot.actuate.autoconfigure.env.EnvironmentEndpointAutoConfiguration,environmentEndpoint,environmentEndpointWebExtension,management.endpoint.env-org.springframework.boot.actuate.autoconfigure.env.EnvironmentEndpointProperties,org.springframework.boot.autoconfigure.info.ProjectInfoAutoConfiguration,spring.info-org.springframework.boot.autoconfigure.info.ProjectInfoProperties,org.springframework.boot.actuate.autoconfigure.info.InfoContributorAutoConfiguration,envInfoContributor,management.info-org.springframework.boot.actuate.autoconfigure.info.InfoContributorProperties,org.springframework.boot.actuate.autoconfigure.info.InfoEndpointAutoConfiguration,infoEndpoint,org.springframework.boot.actuate.autoconfigure.logging.LogFileWebEndpointAutoConfiguration,management.endpoint.logfile-org.springframework.boot.actuate.autoconfigure.logging.LogFileWebEndpointProperties,org.springframework.boot.actuate.autoconfigure.logging.LoggersEndpointAutoConfiguration,loggersEndpoint,org.springframework.boot.actuate.autoconfigure.management.HeapDumpWebEndpointAutoConfiguration,heapDumpWebEndpoint,org.springframework.boot.actuate.autoconfigure.management.ThreadDumpEndpointAutoConfiguration,dumpEndpoint,org.springframework.boot.actuate.autoconfigure.metrics.MetricsAutoConfiguration$MeterBindersConfiguration,uptimeMetrics,processorMetrics,fileDescriptorMetrics,org.springframework.boot.actuate.autoconfigure.metrics.MetricsAutoConfiguration$JvmMeterBindersConfiguration,jvmGcMetrics,jvmMemoryMetrics,jvmThreadMetrics,classLoaderMetrics,org.springframework.boot.actuate.autoconfigure.metrics.MetricsAutoConfiguration,micrometerClock,meterRegistryPostProcessor,propertiesMeterFilter,management.metrics-org.springframework.boot.actuate.autoconfigure.metrics.MetricsProperties,org.springframework.boot.actuate.autoconfigure.metrics.export.simple.SimpleMetricsExportAutoConfiguration,simpleMeterRegistry,simpleConfig,management.metrics.export.simple-org.springframework.boot.actuate.autoconfigure.metrics.export.simple.SimpleProperties,org.springframework.boot.actuate.autoconfigure.metrics.CompositeMeterRegistryAutoConfiguration,org.springframework.boot.actuate.autoconfigure.metrics.MetricsEndpointAutoConfiguration,metricsEndpoint,org.springframework.boot.autoconfigure.jackson.JacksonAutoConfiguration$Jackson2ObjectMapperBuilderCustomizerConfiguration,standardJacksonObjectMapperBuilderCustomizer,spring.jackson-org.springframework.boot.autoconfigure.jackson.JacksonProperties,org.springframework.boot.autoconfigure.jackson.JacksonAutoConfiguration$JacksonObjectMapperBuilderConfiguration,jacksonObjectMapperBuilder,org.springframework.boot.autoconfigure.jackson.JacksonAutoConfiguration$ParameterNamesModuleConfiguration,parameterNamesModule,org.springframework.boot.autoconfigure.jackson.JacksonAutoConfiguration$JacksonObjectMapperConfiguration,jacksonObjectMapper,org.springframework.boot.autoconfigure.jackson.JacksonAutoConfiguration,jsonComponentModule,org.springframework.boot.autoconfigure.http.HttpMessageConvertersAutoConfiguration$StringHttpMessageConverterConfiguration,stringHttpMessageConverter,spring.http.encoding-org.springframework.boot.autoconfigure.http.HttpEncodingProperties,org.springframework.boot.autoconfigure.http.JacksonHttpMessageConvertersConfiguration$MappingJackson2HttpMessageConverterConfiguration,mappingJackson2HttpMessageConverter,org.springframework.boot.autoconfigure.http.JacksonHttpMessageConvertersConfiguration,org.springframework.boot.autoconfigure.http.HttpMessageConvertersAutoConfiguration,messageConverters,org.springframework.boot.autoconfigure.web.client.RestTemplateAutoConfiguration,restTemplateBuilder,org.springframework.boot.actuate.autoconfigure.metrics.web.client.RestTemplateMetricsAutoConfiguration,restTemplateTagConfigurer,metricsRestTemplateCustomizer,metricsWebClientUriTagFilter,org.springframework.boot.actuate.autoconfigure.metrics.web.servlet.WebMvcMetricsAutoConfiguration,webMvcTagsProvider,webMvcMetricsFilter,org.springframework.boot.actuate.autoconfigure.metrics.web.tomcat.TomcatMetricsAutoConfiguration,tomcatMetrics,contextCapturingServletTomcatCustomizer,org.springframework.boot.actuate.autoconfigure.scheduling.ScheduledTasksEndpointAutoConfiguration,scheduledTasksEndpoint,org.springframework.boot.actuate.autoconfigure.trace.http.HttpTraceAutoConfiguration$ServletTraceFilterConfiguration,httpTraceFilter,org.springframework.boot.actuate.autoconfigure.trace.http.HttpTraceAutoConfiguration,traceRepository,httpExchangeTracer,management.trace.http-org.springframework.boot.actuate.autoconfigure.trace.http.HttpTraceProperties,org.springframework.boot.actuate.autoconfigure.trace.http.HttpTraceEndpointAutoConfiguration,httpTraceEndpoint,org.springframework.boot.actuate.autoconfigure.web.mappings.MappingsEndpointAutoConfiguration$ServletWebConfiguration$SpringMvcConfiguration,dispatcherServletMappingDescriptionProvider,org.springframework.boot.actuate.autoconfigure.web.mappings.MappingsEndpointAutoConfiguration$ServletWebConfiguration,servletMappingDescriptionProvider,filterMappingDescriptionProvider,org.springframework.boot.actuate.autoconfigure.web.mappings.MappingsEndpointAutoConfiguration,mappingsEndpoint,org.springframework.boot.autoconfigure.context.ConfigurationPropertiesAutoConfiguration,org.springframework.boot.autoconfigure.dao.PersistenceExceptionTranslationAutoConfiguration,persistenceExceptionTranslationPostProcessor,org.springframework.data.web.config.ProjectingArgumentResolverRegistrar,projectingArgumentResolverBeanPostProcessor,org.springframework.data.web.config.SpringDataWebConfiguration,pageableResolver,sortResolver,org.springframework.data.mongodb.config.GeoJsonConfiguration,geoJsonModule,org.springframework.data.web.config.SpringDataJacksonConfiguration,jacksonGeoModule,org.springframework.boot.autoconfigure.data.web.SpringDataWebAutoConfiguration,pageableCustomizer,sortCustomizer,spring.data.web-org.springframework.boot.autoconfigure.data.web.SpringDataWebProperties,org.springframework.boot.autoconfigure.http.codec.CodecsAutoConfiguration$JacksonCodecConfiguration,jacksonCodecCustomizer,org.springframework.boot.autoconfigure.http.codec.CodecsAutoConfiguration,org.springframework.boot.autoconfigure.security.reactive.ReactiveSecurityAutoConfiguration,spring.security-org.springframework.boot.autoconfigure.security.SecurityProperties,org.springframework.boot.autoconfigure.security.servlet.SecurityAutoConfiguration,authenticationEventPublisher,org.springframework.boot.autoconfigure.security.servlet.SecurityFilterAutoConfiguration,securityFilterChainRegistration,org.springframework.boot.autoconfigure.transaction.TransactionAutoConfiguration,platformTransactionManagerCustomizers,spring.transaction-org.springframework.boot.autoconfigure.transaction.TransactionProperties,org.springframework.boot.autoconfigure.web.embedded.EmbeddedWebServerFactoryCustomizerAutoConfiguration$TomcatWebServerFactoryCustomizerConfiguration,tomcatWebServerFactoryCustomizer,org.springframework.boot.autoconfigure.web.embedded.EmbeddedWebServerFactoryCustomizerAutoConfiguration,org.springframework.boot.autoconfigure.web.servlet.HttpEncodingAutoConfiguration,characterEncodingFilter,localeCharsetMappingsCustomizer,org.springframework.boot.autoconfigure.web.servlet.MultipartAutoConfiguration,multipartConfigElement,multipartResolver,spring.servlet.multipart-org.springframework.boot.autoconfigure.web.servlet.MultipartProperties,org.springframework.boot.test.autoconfigure.web.servlet.MockMvcAutoConfiguration,mockMvcBuilder,springBootMockMvcBuilderCustomizer,mockMvc,org.springframework.boot.test.autoconfigure.web.servlet.MockMvcSecurityConfiguration,securityMockMvcBuilderCustomizer,org.springframework.boot.test.autoconfigure.web.servlet.MockMvcSecurityAutoConfiguration,org.springframework.boot.actuate.autoconfigure.endpoint.web.ServletEndpointManagementContextConfiguration,servletEndpointRegistrar,servletExposeExcludePropertyEndpointFilter,org.springframework.boot.actuate.autoconfigure.endpoint.web.servlet.WebMvcEndpointManagementContextConfiguration,webEndpointServletHandlerMapping,controllerEndpointHandlerMapping,management.endpoints.web.cors-org.springframework.boot.actuate.autoconfigure.endpoint.web.CorsEndpointProperties,org.springframework.boot.actuate.autoconfigure.web.server.ManagementContextAutoConfiguration$SameManagementContextConfiguration$EnableSameManagementContextConfiguration,org.springframework.boot.actuate.autoconfigure.web.server.ManagementContextAutoConfiguration$SameManagementContextConfiguration,org.springframework.boot.actuate.autoconfigure.web.server.ManagementContextAutoConfiguration,management.server-org.springframework.boot.actuate.autoconfigure.web.server.ManagementServerProperties]; root of factory hierarchy
10:45:09,354 TRACE org.springframework.beans.factory.support.DefaultListableBeanFactory:684 - No bean named 'flashMapManager' found in org.springframework.beans.factory.support.DefaultListableBeanFactory@839755f: defining beans [org.springframework.context.annotation.internalConfigurationAnnotationProcessor,org.springframework.context.annotation.internalAutowiredAnnotationProcessor,org.springframework.context.annotation.internalRequiredAnnotationProcessor,org.springframework.context.annotation.internalCommonAnnotationProcessor,org.springframework.context.event.internalEventListenerProcessor,org.springframework.context.event.internalEventListenerFactory,org.springframework.boot.test.context.ImportsContextCustomizer$ImportsCleanupPostProcessor,org.springframework.boot.test.mock.mockito.MockitoPostProcessor$SpyPostProcessor,org.springframework.boot.test.mock.mockito.MockitoPostProcessor,javaTutorApplication,org.springframework.boot.autoconfigure.internalCachingMetadataReaderFactory,questionRestController,registrationController,databaseConfiguration,userDetailsServiceImpl,securityConfiguration,javaQuestionsServiceImpl,userServiceImpl,org.springframework.boot.autoconfigure.condition.BeanTypeRegistry,org.springframework.boot.autoconfigure.mongo.MongoAutoConfiguration,mongo,spring.data.mongodb-org.springframework.boot.autoconfigure.mongo.MongoProperties,org.springframework.boot.context.properties.ConfigurationPropertiesBindingPostProcessor,org.springframework.boot.context.properties.ConfigurationBeanFactoryMetadata,validatingMongoEventListener,validator,org.springframework.data.mongodb.repository.config.MongoRepositoryConfigurationExtension#0,mongoMappingContext,userRepository,authorityRepository,javaQuestionRepository,org.springframework.security.config.annotation.configuration.ObjectPostProcessorConfiguration,objectPostProcessor,org.springframework.security.config.annotation.authentication.configuration.AuthenticationConfiguration,authenticationManagerBuilder,enableGlobalAuthenticationAutowiredConfigurer,initializeUserDetailsBeanManagerConfigurer,initializeAuthenticationProviderBeanManagerConfigurer,org.springframework.security.config.annotation.web.configuration.WebSecurityConfiguration,delegatingApplicationListener,webSecurityExpressionHandler,springSecurityFilterChain,privilegeEvaluator,autowiredWebSecurityConfigurersIgnoreParents,org.springframework.security.config.annotation.web.configuration.WebMvcSecurityConfiguration,requestDataValueProcessor,org.springframework.security.config.annotation.method.configuration.GlobalMethodSecurityConfiguration,methodSecurityInterceptor,methodSecurityMetadataSource,preInvocationAuthorizationAdvice,authSuccessHandler,authFailureHandler,logoutSuccessHandlerImpl,bCryptPasswordEncoder,corsConfigurationSource,metaDataSourceAdvisor,org.springframework.aop.config.internalAutoProxyCreator,org.springframework.boot.autoconfigure.AutoConfigurationPackages,org.springframework.boot.autoconfigure.context.PropertyPlaceholderAutoConfiguration,propertySourcesPlaceholderConfigurer,org.springframework.boot.autoconfigure.websocket.servlet.WebSocketServletAutoConfiguration$TomcatWebSocketConfiguration,websocketContainerCustomizer,org.springframework.boot.autoconfigure.websocket.servlet.WebSocketServletAutoConfiguration,org.springframework.boot.autoconfigure.web.servlet.ServletWebServerFactoryConfiguration$EmbeddedTomcat,tomcatServletWebServerFactory,org.springframework.boot.autoconfigure.web.servlet.ServletWebServerFactoryAutoConfiguration,servletWebServerFactoryCustomizer,tomcatServletWebServerFactoryCustomizer,server-org.springframework.boot.autoconfigure.web.ServerProperties,webServerFactoryCustomizerBeanPostProcessor,errorPageRegistrarBeanPostProcessor,org.springframework.boot.autoconfigure.web.servlet.DispatcherServletAutoConfiguration$DispatcherServletConfiguration,dispatcherServlet,mainDispatcherServletPathProvider,spring.mvc-org.springframework.boot.autoconfigure.web.servlet.WebMvcProperties,org.springframework.boot.autoconfigure.web.servlet.DispatcherServletAutoConfiguration$DispatcherServletRegistrationConfiguration,dispatcherServletRegistration,org.springframework.boot.autoconfigure.web.servlet.DispatcherServletAutoConfiguration,org.springframework.boot.autoconfigure.validation.ValidationAutoConfiguration,methodValidationPostProcessor,org.springframework.boot.autoconfigure.web.servlet.error.ErrorMvcAutoConfiguration$WhitelabelErrorViewConfiguration,error,beanNameViewResolver,org.springframework.boot.autoconfigure.web.servlet.error.ErrorMvcAutoConfiguration$DefaultErrorViewResolverConfiguration,conventionErrorViewResolver,org.springframework.boot.autoconfigure.web.servlet.error.ErrorMvcAutoConfiguration,errorAttributes,basicErrorController,errorPageCustomizer,preserveErrorControllerTargetClassPostProcessor,spring.resources-org.springframework.boot.autoconfigure.web.ResourceProperties,org.springframework.boot.autoconfigure.web.servlet.WebMvcAutoConfiguration$WebMvcAutoConfigurationAdapter$FaviconConfiguration,faviconHandlerMapping,faviconRequestHandler,org.springframework.boot.autoconfigure.web.servlet.WebMvcAutoConfiguration$EnableWebMvcConfiguration,requestMappingHandlerAdapter,requestMappingHandlerMapping,mvcConversionService,mvcValidator,mvcContentNegotiationManager,mvcPathMatcher,mvcUrlPathHelper,viewControllerHandlerMapping,beanNameHandlerMapping,resourceHandlerMapping,mvcResourceUrlProvider,defaultServletHandlerMapping,mvcUriComponentsContributor,httpRequestHandlerAdapter,simpleControllerHandlerAdapter,handlerExceptionResolver,mvcViewResolver,mvcHandlerMappingIntrospector,org.springframework.boot.autoconfigure.web.servlet.WebMvcAutoConfiguration$WebMvcAutoConfigurationAdapter,defaultViewResolver,viewResolver,welcomePageHandlerMapping,requestContextFilter,org.springframework.boot.autoconfigure.web.servlet.WebMvcAutoConfiguration,hiddenHttpMethodFilter,httpPutFormContentFilter,org.springframework.boot.actuate.autoconfigure.audit.AuditAutoConfiguration$AuditEventRepositoryConfiguration,auditEventRepository,org.springframework.boot.actuate.autoconfigure.audit.AuditAutoConfiguration,auditListener,authenticationAuditListener,authorizationAuditListener,org.springframework.boot.actuate.autoconfigure.audit.AuditEventsEndpointAutoConfiguration,auditEventsEndpoint,org.springframework.boot.actuate.autoconfigure.beans.BeansEndpointAutoConfiguration,beansEndpoint,org.springframework.boot.actuate.autoconfigure.system.DiskSpaceHealthIndicatorAutoConfiguration,diskSpaceHealthIndicator,diskSpaceHealthIndicatorProperties,org.springframework.boot.autoconfigure.data.mongo.MongoDataAutoConfiguration,mongoDbFactory,mongoTemplate,mappingMongoConverter,gridFsTemplate,mongoCustomConversions,org.springframework.boot.actuate.autoconfigure.mongo.MongoHealthIndicatorConfiguration,mongoHealthIndicator,org.springframework.boot.actuate.autoconfigure.mongo.MongoHealthIndicatorAutoConfiguration,org.springframework.boot.actuate.autoconfigure.redis.RedisHealthIndicatorAutoConfiguration,org.springframework.boot.actuate.autoconfigure.elasticsearch.ElasticsearchHealthIndicatorAutoConfiguration,org.springframework.boot.actuate.autoconfigure.health.HealthIndicatorAutoConfiguration,healthAggregator,management.health.status-org.springframework.boot.actuate.autoconfigure.health.HealthIndicatorProperties,org.springframework.boot.actuate.autoconfigure.health.HealthEndpointConfiguration,healthEndpoint,org.springframework.boot.actuate.autoconfigure.health.HealthEndpointWebExtensionConfiguration$ServletWebHealthConfiguration,healthEndpointWebExtension,org.springframework.boot.actuate.autoconfigure.health.HealthEndpointWebExtensionConfiguration,createHealthStatusHttpMapper,healthWebEndpointResponseMapper,org.springframework.boot.actuate.autoconfigure.health.HealthEndpointAutoConfiguration,management.endpoint.health-org.springframework.boot.actuate.autoconfigure.health.HealthEndpointProperties,org.springframework.boot.actuate.autoconfigure.web.servlet.ServletManagementContextAutoConfiguration,servletWebChildContextFactory,managementServletContext,org.springframework.boot.actuate.autoconfigure.condition.ConditionsReportEndpointAutoConfiguration,conditionsReportEndpoint,org.springframework.boot.actuate.autoconfigure.context.ShutdownEndpointAutoConfiguration,org.springframework.boot.actuate.autoconfigure.context.properties.ConfigurationPropertiesReportEndpointAutoConfiguration,configurationPropertiesReportEndpoint,management.endpoint.configprops-org.springframework.boot.actuate.autoconfigure.context.properties.ConfigurationPropertiesReportEndpointProperties,org.springframework.boot.actuate.autoconfigure.endpoint.EndpointAutoConfiguration,endpointOperationParameterMapper,endpointCachingOperationInvokerAdvisor,org.springframework.boot.actuate.autoconfigure.endpoint.jmx.JmxEndpointAutoConfiguration,jmxAnnotationEndpointDiscoverer,jmxIncludeExcludePropertyEndpointFilter,management.endpoints.jmx-org.springframework.boot.actuate.autoconfigure.endpoint.jmx.JmxEndpointProperties,org.springframework.boot.actuate.autoconfigure.endpoint.web.WebEndpointAutoConfiguration$WebEndpointServletConfiguration,servletEndpointDiscoverer,org.springframework.boot.actuate.autoconfigure.endpoint.web.WebEndpointAutoConfiguration,webEndpointPathMapper,endpointMediaTypes,webEndpointDiscoverer,controllerEndpointDiscoverer,pathMappedEndpoints,webExposeExcludePropertyEndpointFilter,controllerExposeExcludePropertyEndpointFilter,management.endpoints.web-org.springframework.boot.actuate.autoconfigure.endpoint.web.WebEndpointProperties,org.springframework.boot.actuate.autoconfigure.env.EnvironmentEndpointAutoConfiguration,environmentEndpoint,environmentEndpointWebExtension,management.endpoint.env-org.springframework.boot.actuate.autoconfigure.env.EnvironmentEndpointProperties,org.springframework.boot.autoconfigure.info.ProjectInfoAutoConfiguration,spring.info-org.springframework.boot.autoconfigure.info.ProjectInfoProperties,org.springframework.boot.actuate.autoconfigure.info.InfoContributorAutoConfiguration,envInfoContributor,management.info-org.springframework.boot.actuate.autoconfigure.info.InfoContributorProperties,org.springframework.boot.actuate.autoconfigure.info.InfoEndpointAutoConfiguration,infoEndpoint,org.springframework.boot.actuate.autoconfigure.logging.LogFileWebEndpointAutoConfiguration,management.endpoint.logfile-org.springframework.boot.actuate.autoconfigure.logging.LogFileWebEndpointProperties,org.springframework.boot.actuate.autoconfigure.logging.LoggersEndpointAutoConfiguration,loggersEndpoint,org.springframework.boot.actuate.autoconfigure.management.HeapDumpWebEndpointAutoConfiguration,heapDumpWebEndpoint,org.springframework.boot.actuate.autoconfigure.management.ThreadDumpEndpointAutoConfiguration,dumpEndpoint,org.springframework.boot.actuate.autoconfigure.metrics.MetricsAutoConfiguration$MeterBindersConfiguration,uptimeMetrics,processorMetrics,fileDescriptorMetrics,org.springframework.boot.actuate.autoconfigure.metrics.MetricsAutoConfiguration$JvmMeterBindersConfiguration,jvmGcMetrics,jvmMemoryMetrics,jvmThreadMetrics,classLoaderMetrics,org.springframework.boot.actuate.autoconfigure.metrics.MetricsAutoConfiguration,micrometerClock,meterRegistryPostProcessor,propertiesMeterFilter,management.metrics-org.springframework.boot.actuate.autoconfigure.metrics.MetricsProperties,org.springframework.boot.actuate.autoconfigure.metrics.export.simple.SimpleMetricsExportAutoConfiguration,simpleMeterRegistry,simpleConfig,management.metrics.export.simple-org.springframework.boot.actuate.autoconfigure.metrics.export.simple.SimpleProperties,org.springframework.boot.actuate.autoconfigure.metrics.CompositeMeterRegistryAutoConfiguration,org.springframework.boot.actuate.autoconfigure.metrics.MetricsEndpointAutoConfiguration,metricsEndpoint,org.springframework.boot.autoconfigure.jackson.JacksonAutoConfiguration$Jackson2ObjectMapperBuilderCustomizerConfiguration,standardJacksonObjectMapperBuilderCustomizer,spring.jackson-org.springframework.boot.autoconfigure.jackson.JacksonProperties,org.springframework.boot.autoconfigure.jackson.JacksonAutoConfiguration$JacksonObjectMapperBuilderConfiguration,jacksonObjectMapperBuilder,org.springframework.boot.autoconfigure.jackson.JacksonAutoConfiguration$ParameterNamesModuleConfiguration,parameterNamesModule,org.springframework.boot.autoconfigure.jackson.JacksonAutoConfiguration$JacksonObjectMapperConfiguration,jacksonObjectMapper,org.springframework.boot.autoconfigure.jackson.JacksonAutoConfiguration,jsonComponentModule,org.springframework.boot.autoconfigure.http.HttpMessageConvertersAutoConfiguration$StringHttpMessageConverterConfiguration,stringHttpMessageConverter,spring.http.encoding-org.springframework.boot.autoconfigure.http.HttpEncodingProperties,org.springframework.boot.autoconfigure.http.JacksonHttpMessageConvertersConfiguration$MappingJackson2HttpMessageConverterConfiguration,mappingJackson2HttpMessageConverter,org.springframework.boot.autoconfigure.http.JacksonHttpMessageConvertersConfiguration,org.springframework.boot.autoconfigure.http.HttpMessageConvertersAutoConfiguration,messageConverters,org.springframework.boot.autoconfigure.web.client.RestTemplateAutoConfiguration,restTemplateBuilder,org.springframework.boot.actuate.autoconfigure.metrics.web.client.RestTemplateMetricsAutoConfiguration,restTemplateTagConfigurer,metricsRestTemplateCustomizer,metricsWebClientUriTagFilter,org.springframework.boot.actuate.autoconfigure.metrics.web.servlet.WebMvcMetricsAutoConfiguration,webMvcTagsProvider,webMvcMetricsFilter,org.springframework.boot.actuate.autoconfigure.metrics.web.tomcat.TomcatMetricsAutoConfiguration,tomcatMetrics,contextCapturingServletTomcatCustomizer,org.springframework.boot.actuate.autoconfigure.scheduling.ScheduledTasksEndpointAutoConfiguration,scheduledTasksEndpoint,org.springframework.boot.actuate.autoconfigure.trace.http.HttpTraceAutoConfiguration$ServletTraceFilterConfiguration,httpTraceFilter,org.springframework.boot.actuate.autoconfigure.trace.http.HttpTraceAutoConfiguration,traceRepository,httpExchangeTracer,management.trace.http-org.springframework.boot.actuate.autoconfigure.trace.http.HttpTraceProperties,org.springframework.boot.actuate.autoconfigure.trace.http.HttpTraceEndpointAutoConfiguration,httpTraceEndpoint,org.springframework.boot.actuate.autoconfigure.web.mappings.MappingsEndpointAutoConfiguration$ServletWebConfiguration$SpringMvcConfiguration,dispatcherServletMappingDescriptionProvider,org.springframework.boot.actuate.autoconfigure.web.mappings.MappingsEndpointAutoConfiguration$ServletWebConfiguration,servletMappingDescriptionProvider,filterMappingDescriptionProvider,org.springframework.boot.actuate.autoconfigure.web.mappings.MappingsEndpointAutoConfiguration,mappingsEndpoint,org.springframework.boot.autoconfigure.context.ConfigurationPropertiesAutoConfiguration,org.springframework.boot.autoconfigure.dao.PersistenceExceptionTranslationAutoConfiguration,persistenceExceptionTranslationPostProcessor,org.springframework.data.web.config.ProjectingArgumentResolverRegistrar,projectingArgumentResolverBeanPostProcessor,org.springframework.data.web.config.SpringDataWebConfiguration,pageableResolver,sortResolver,org.springframework.data.mongodb.config.GeoJsonConfiguration,geoJsonModule,org.springframework.data.web.config.SpringDataJacksonConfiguration,jacksonGeoModule,org.springframework.boot.autoconfigure.data.web.SpringDataWebAutoConfiguration,pageableCustomizer,sortCustomizer,spring.data.web-org.springframework.boot.autoconfigure.data.web.SpringDataWebProperties,org.springframework.boot.autoconfigure.http.codec.CodecsAutoConfiguration$JacksonCodecConfiguration,jacksonCodecCustomizer,org.springframework.boot.autoconfigure.http.codec.CodecsAutoConfiguration,org.springframework.boot.autoconfigure.security.reactive.ReactiveSecurityAutoConfiguration,spring.security-org.springframework.boot.autoconfigure.security.SecurityProperties,org.springframework.boot.autoconfigure.security.servlet.SecurityAutoConfiguration,authenticationEventPublisher,org.springframework.boot.autoconfigure.security.servlet.SecurityFilterAutoConfiguration,securityFilterChainRegistration,org.springframework.boot.autoconfigure.transaction.TransactionAutoConfiguration,platformTransactionManagerCustomizers,spring.transaction-org.springframework.boot.autoconfigure.transaction.TransactionProperties,org.springframework.boot.autoconfigure.web.embedded.EmbeddedWebServerFactoryCustomizerAutoConfiguration$TomcatWebServerFactoryCustomizerConfiguration,tomcatWebServerFactoryCustomizer,org.springframework.boot.autoconfigure.web.embedded.EmbeddedWebServerFactoryCustomizerAutoConfiguration,org.springframework.boot.autoconfigure.web.servlet.HttpEncodingAutoConfiguration,characterEncodingFilter,localeCharsetMappingsCustomizer,org.springframework.boot.autoconfigure.web.servlet.MultipartAutoConfiguration,multipartConfigElement,multipartResolver,spring.servlet.multipart-org.springframework.boot.autoconfigure.web.servlet.MultipartProperties,org.springframework.boot.test.autoconfigure.web.servlet.MockMvcAutoConfiguration,mockMvcBuilder,springBootMockMvcBuilderCustomizer,mockMvc,org.springframework.boot.test.autoconfigure.web.servlet.MockMvcSecurityConfiguration,securityMockMvcBuilderCustomizer,org.springframework.boot.test.autoconfigure.web.servlet.MockMvcSecurityAutoConfiguration,org.springframework.boot.actuate.autoconfigure.endpoint.web.ServletEndpointManagementContextConfiguration,servletEndpointRegistrar,servletExposeExcludePropertyEndpointFilter,org.springframework.boot.actuate.autoconfigure.endpoint.web.servlet.WebMvcEndpointManagementContextConfiguration,webEndpointServletHandlerMapping,controllerEndpointHandlerMapping,management.endpoints.web.cors-org.springframework.boot.actuate.autoconfigure.endpoint.web.CorsEndpointProperties,org.springframework.boot.actuate.autoconfigure.web.server.ManagementContextAutoConfiguration$SameManagementContextConfiguration$EnableSameManagementContextConfiguration,org.springframework.boot.actuate.autoconfigure.web.server.ManagementContextAutoConfiguration$SameManagementContextConfiguration,org.springframework.boot.actuate.autoconfigure.web.server.ManagementContextAutoConfiguration,management.server-org.springframework.boot.actuate.autoconfigure.web.server.ManagementServerProperties]; root of factory hierarchy
10:45:09,369 DEBUG org.springframework.beans.factory.support.DefaultListableBeanFactory:254 - Returning cached instance of singleton bean 'springSecurityFilterChain'
10:45:09,369 DEBUG org.springframework.beans.factory.support.DefaultListableBeanFactory:254 - Returning cached instance of singleton bean 'springSecurityFilterChain'
10:45:09,370 DEBUG org.springframework.test.util.ReflectionTestUtils:433 - Invoking method 'getFilters' on target object [FilterChainProxy[Filter Chains: [[ Ant [pattern='/**', OPTIONS], []], [ org.springframework.security.web.util.matcher.AnyRequestMatcher@1, [org.springframework.security.web.context.request.async.WebAsyncManagerIntegrationFilter@495e8a3, org.springframework.security.web.context.SecurityContextPersistenceFilter@291cbe70, org.springframework.security.web.header.HeaderWriterFilter@57b3d869, org.springframework.web.filter.CorsFilter@6a7aa675, org.springframework.security.web.authentication.logout.LogoutFilter@1d654b5f, org.springframework.security.web.authentication.UsernamePasswordAuthenticationFilter@575d48db, org.springframework.security.web.authentication.ui.DefaultLoginPageGeneratingFilter@51468039, org.springframework.security.web.savedrequest.RequestCacheAwareFilter@6be422da, org.springframework.security.web.servletapi.SecurityContextHolderAwareRequestFilter@225ddf5f, org.springframework.security.web.authentication.rememberme.RememberMeAuthenticationFilter@1b36d248, org.springframework.security.web.authentication.AnonymousAuthenticationFilter@6eded11a, org.springframework.security.web.session.SessionManagementFilter@51f4439e, org.springframework.security.web.access.ExceptionTranslationFilter@5da3f32a, org.springframework.security.web.access.intercept.FilterSecurityInterceptor@66dd04e2]]]]] with arguments {org.springframework.mock.web.MockHttpServletRequest@3f87780b}
10:45:09,370 DEBUG org.springframework.test.util.ReflectionTestUtils:433 - Invoking method 'getFilters' on target object [FilterChainProxy[Filter Chains: [[ Ant [pattern='/**', OPTIONS], []], [ org.springframework.security.web.util.matcher.AnyRequestMatcher@1, [org.springframework.security.web.context.request.async.WebAsyncManagerIntegrationFilter@495e8a3, org.springframework.security.web.context.SecurityContextPersistenceFilter@291cbe70, org.springframework.security.web.header.HeaderWriterFilter@57b3d869, org.springframework.web.filter.CorsFilter@6a7aa675, org.springframework.security.web.authentication.logout.LogoutFilter@1d654b5f, org.springframework.security.web.authentication.UsernamePasswordAuthenticationFilter@575d48db, org.springframework.security.web.authentication.ui.DefaultLoginPageGeneratingFilter@51468039, org.springframework.security.web.savedrequest.RequestCacheAwareFilter@6be422da, org.springframework.security.web.servletapi.SecurityContextHolderAwareRequestFilter@225ddf5f, org.springframework.security.web.authentication.rememberme.RememberMeAuthenticationFilter@1b36d248, org.springframework.security.web.authentication.AnonymousAuthenticationFilter@6eded11a, org.springframework.security.web.session.SessionManagementFilter@51f4439e, org.springframework.security.web.access.ExceptionTranslationFilter@5da3f32a, org.springframework.security.web.access.intercept.FilterSecurityInterceptor@66dd04e2]]]]] with arguments {org.springframework.mock.web.MockHttpServletRequest@3f87780b}
10:45:09,370 DEBUG org.springframework.security.web.util.matcher.AntPathRequestMatcher:137 - Request 'POST /api/signin' doesn't match 'OPTIONS /**
10:45:09,370 DEBUG org.springframework.security.web.util.matcher.AntPathRequestMatcher:137 - Request 'POST /api/signin' doesn't match 'OPTIONS /**
10:45:09,371 DEBUG org.springframework.beans.factory.support.DefaultListableBeanFactory:254 - Returning cached instance of singleton bean 'springSecurityFilterChain'
10:45:09,371 DEBUG org.springframework.beans.factory.support.DefaultListableBeanFactory:254 - Returning cached instance of singleton bean 'springSecurityFilterChain'
10:45:09,372 DEBUG org.springframework.test.util.ReflectionTestUtils:433 - Invoking method 'getFilters' on target object [FilterChainProxy[Filter Chains: [[ Ant [pattern='/**', OPTIONS], []], [ org.springframework.security.web.util.matcher.AnyRequestMatcher@1, [org.springframework.security.web.context.request.async.WebAsyncManagerIntegrationFilter@495e8a3, org.springframework.security.web.context.SecurityContextPersistenceFilter@291cbe70, org.springframework.security.web.header.HeaderWriterFilter@57b3d869, org.springframework.web.filter.CorsFilter@6a7aa675, org.springframework.security.web.authentication.logout.LogoutFilter@1d654b5f, org.springframework.security.web.authentication.UsernamePasswordAuthenticationFilter@575d48db, org.springframework.security.web.authentication.ui.DefaultLoginPageGeneratingFilter@51468039, org.springframework.security.web.savedrequest.RequestCacheAwareFilter@6be422da, org.springframework.security.web.servletapi.SecurityContextHolderAwareRequestFilter@225ddf5f, org.springframework.security.web.authentication.rememberme.RememberMeAuthenticationFilter@1b36d248, org.springframework.security.web.authentication.AnonymousAuthenticationFilter@6eded11a, org.springframework.security.web.session.SessionManagementFilter@51f4439e, org.springframework.security.web.access.ExceptionTranslationFilter@5da3f32a, org.springframework.security.web.access.intercept.FilterSecurityInterceptor@66dd04e2]]]]] with arguments {org.springframework.mock.web.MockHttpServletRequest@3f87780b}
10:45:09,372 DEBUG org.springframework.test.util.ReflectionTestUtils:433 - Invoking method 'getFilters' on target object [FilterChainProxy[Filter Chains: [[ Ant [pattern='/**', OPTIONS], []], [ org.springframework.security.web.util.matcher.AnyRequestMatcher@1, [org.springframework.security.web.context.request.async.WebAsyncManagerIntegrationFilter@495e8a3, org.springframework.security.web.context.SecurityContextPersistenceFilter@291cbe70, org.springframework.security.web.header.HeaderWriterFilter@57b3d869, org.springframework.web.filter.CorsFilter@6a7aa675, org.springframework.security.web.authentication.logout.LogoutFilter@1d654b5f, org.springframework.security.web.authentication.UsernamePasswordAuthenticationFilter@575d48db, org.springframework.security.web.authentication.ui.DefaultLoginPageGeneratingFilter@51468039, org.springframework.security.web.savedrequest.RequestCacheAwareFilter@6be422da, org.springframework.security.web.servletapi.SecurityContextHolderAwareRequestFilter@225ddf5f, org.springframework.security.web.authentication.rememberme.RememberMeAuthenticationFilter@1b36d248, org.springframework.security.web.authentication.AnonymousAuthenticationFilter@6eded11a, org.springframework.security.web.session.SessionManagementFilter@51f4439e, org.springframework.security.web.access.ExceptionTranslationFilter@5da3f32a, org.springframework.security.web.access.intercept.FilterSecurityInterceptor@66dd04e2]]]]] with arguments {org.springframework.mock.web.MockHttpServletRequest@3f87780b}
10:45:09,373 DEBUG org.springframework.security.web.util.matcher.AntPathRequestMatcher:137 - Request 'POST /api/signin' doesn't match 'OPTIONS /**
10:45:09,373 DEBUG org.springframework.security.web.util.matcher.AntPathRequestMatcher:137 - Request 'POST /api/signin' doesn't match 'OPTIONS /**
10:45:09,373 DEBUG org.springframework.boot.web.servlet.filter.OrderedRequestContextFilter:114 - Bound request context to thread: org.springframework.mock.web.MockHttpServletRequest@3f87780b
10:45:09,373 DEBUG org.springframework.boot.web.servlet.filter.OrderedRequestContextFilter:114 - Bound request context to thread: org.springframework.mock.web.MockHttpServletRequest@3f87780b
10:45:09,374 DEBUG org.springframework.security.web.util.matcher.AntPathRequestMatcher:137 - Request 'POST /api/signin' doesn't match 'OPTIONS /**
10:45:09,374 DEBUG org.springframework.security.web.util.matcher.AntPathRequestMatcher:137 - Request 'POST /api/signin' doesn't match 'OPTIONS /**
10:45:09,375 DEBUG org.springframework.security.web.FilterChainProxy:328 - /api/signin at position 1 of 14 in additional filter chain; firing Filter: 'WebAsyncManagerIntegrationFilter'
10:45:09,375 DEBUG org.springframework.security.web.FilterChainProxy:328 - /api/signin at position 1 of 14 in additional filter chain; firing Filter: 'WebAsyncManagerIntegrationFilter'
10:45:09,376 DEBUG org.springframework.security.web.FilterChainProxy:328 - /api/signin at position 2 of 14 in additional filter chain; firing Filter: 'SecurityContextPersistenceFilter'
10:45:09,376 DEBUG org.springframework.security.web.FilterChainProxy:328 - /api/signin at position 2 of 14 in additional filter chain; firing Filter: 'SecurityContextPersistenceFilter'
10:45:09,377 DEBUG org.springframework.security.web.context.HttpSessionSecurityContextRepository:174 - No HttpSession currently exists
10:45:09,377 DEBUG org.springframework.security.web.context.HttpSessionSecurityContextRepository:174 - No HttpSession currently exists
10:45:09,378 DEBUG org.springframework.security.web.context.HttpSessionSecurityContextRepository:116 - No SecurityContext was available from the HttpSession: null. A new one will be created.
10:45:09,378 DEBUG org.springframework.security.web.context.HttpSessionSecurityContextRepository:116 - No SecurityContext was available from the HttpSession: null. A new one will be created.
10:45:09,379 DEBUG org.springframework.security.web.FilterChainProxy:328 - /api/signin at position 3 of 14 in additional filter chain; firing Filter: 'HeaderWriterFilter'
10:45:09,379 DEBUG org.springframework.security.web.FilterChainProxy:328 - /api/signin at position 3 of 14 in additional filter chain; firing Filter: 'HeaderWriterFilter'
10:45:09,380 DEBUG org.springframework.security.web.FilterChainProxy:328 - /api/signin at position 4 of 14 in additional filter chain; firing Filter: 'CorsFilter'
10:45:09,380 DEBUG org.springframework.security.web.FilterChainProxy:328 - /api/signin at position 4 of 14 in additional filter chain; firing Filter: 'CorsFilter'
10:45:09,380 DEBUG org.springframework.security.web.FilterChainProxy:328 - /api/signin at position 5 of 14 in additional filter chain; firing Filter: 'LogoutFilter'
10:45:09,380 DEBUG org.springframework.security.web.FilterChainProxy:328 - /api/signin at position 5 of 14 in additional filter chain; firing Filter: 'LogoutFilter'
10:45:09,381 DEBUG org.springframework.security.web.util.matcher.OrRequestMatcher:65 - Trying to match using Ant [pattern='/api/logout', GET]
10:45:09,381 DEBUG org.springframework.security.web.util.matcher.OrRequestMatcher:65 - Trying to match using Ant [pattern='/api/logout', GET]
10:45:09,382 DEBUG org.springframework.security.web.util.matcher.AntPathRequestMatcher:137 - Request 'POST /api/signin' doesn't match 'GET /api/logout
10:45:09,382 DEBUG org.springframework.security.web.util.matcher.AntPathRequestMatcher:137 - Request 'POST /api/signin' doesn't match 'GET /api/logout
10:45:09,382 DEBUG org.springframework.security.web.util.matcher.OrRequestMatcher:65 - Trying to match using Ant [pattern='/api/logout', POST]
10:45:09,382 DEBUG org.springframework.security.web.util.matcher.OrRequestMatcher:65 - Trying to match using Ant [pattern='/api/logout', POST]
10:45:09,383 DEBUG org.springframework.security.web.util.matcher.AntPathRequestMatcher:157 - Checking match of request : '/api/signin'; against '/api/logout'
10:45:09,383 DEBUG org.springframework.security.web.util.matcher.AntPathRequestMatcher:157 - Checking match of request : '/api/signin'; against '/api/logout'
10:45:09,384 DEBUG org.springframework.security.web.util.matcher.OrRequestMatcher:65 - Trying to match using Ant [pattern='/api/logout', PUT]
10:45:09,384 DEBUG org.springframework.security.web.util.matcher.OrRequestMatcher:65 - Trying to match using Ant [pattern='/api/logout', PUT]
10:45:09,384 DEBUG org.springframework.security.web.util.matcher.AntPathRequestMatcher:137 - Request 'POST /api/signin' doesn't match 'PUT /api/logout
10:45:09,384 DEBUG org.springframework.security.web.util.matcher.AntPathRequestMatcher:137 - Request 'POST /api/signin' doesn't match 'PUT /api/logout
10:45:09,385 DEBUG org.springframework.security.web.util.matcher.OrRequestMatcher:65 - Trying to match using Ant [pattern='/api/logout', DELETE]
10:45:09,385 DEBUG org.springframework.security.web.util.matcher.OrRequestMatcher:65 - Trying to match using Ant [pattern='/api/logout', DELETE]
10:45:09,386 DEBUG org.springframework.security.web.util.matcher.AntPathRequestMatcher:137 - Request 'POST /api/signin' doesn't match 'DELETE /api/logout
10:45:09,386 DEBUG org.springframework.security.web.util.matcher.AntPathRequestMatcher:137 - Request 'POST /api/signin' doesn't match 'DELETE /api/logout
10:45:09,387 DEBUG org.springframework.security.web.util.matcher.OrRequestMatcher:72 - No matches found
10:45:09,387 DEBUG org.springframework.security.web.util.matcher.OrRequestMatcher:72 - No matches found
10:45:09,387 DEBUG org.springframework.security.web.FilterChainProxy:328 - /api/signin at position 6 of 14 in additional filter chain; firing Filter: 'UsernamePasswordAuthenticationFilter'
10:45:09,387 DEBUG org.springframework.security.web.FilterChainProxy:328 - /api/signin at position 6 of 14 in additional filter chain; firing Filter: 'UsernamePasswordAuthenticationFilter'
10:45:09,388 DEBUG org.springframework.security.web.util.matcher.AntPathRequestMatcher:157 - Checking match of request : '/api/signin'; against '/api/signin'
10:45:09,388 DEBUG org.springframework.security.web.util.matcher.AntPathRequestMatcher:157 - Checking match of request : '/api/signin'; against '/api/signin'
10:45:09,389 DEBUG org.springframework.security.web.authentication.UsernamePasswordAuthenticationFilter:206 - Request is to process authentication
10:45:09,389 DEBUG org.springframework.security.web.authentication.UsernamePasswordAuthenticationFilter:206 - Request is to process authentication
10:45:09,389 DEBUG org.springframework.security.authentication.ProviderManager:169 - Authentication attempt using org.springframework.security.authentication.dao.DaoAuthenticationProvider
10:45:09,389 DEBUG org.springframework.security.authentication.ProviderManager:169 - Authentication attempt using org.springframework.security.authentication.dao.DaoAuthenticationProvider
10:45:09,392 DEBUG org.springframework.data.mongodb.repository.query.MongoQueryCreator:159 - Created query Query: { "username" : "Tom" }, Fields: { }, Sort: { }
10:45:09,392 DEBUG org.springframework.data.mongodb.repository.query.MongoQueryCreator:159 - Created query Query: { "username" : "Tom" }, Fields: { }, Sort: { }
10:45:09,395 DEBUG org.springframework.data.mongodb.core.MongoTemplate:2261 - find using query: { "username" : "Tom" } fields: Document{{}} for class: class pro.abacus.javatutor.domain.User in collection: user
10:45:09,395 DEBUG org.springframework.data.mongodb.core.MongoTemplate:2261 - find using query: { "username" : "Tom" } fields: Document{{}} for class: class pro.abacus.javatutor.domain.User in collection: user
10:45:39,398 DEBUG org.springframework.security.authentication.DefaultAuthenticationEventPublisher:129 - No event was found for the exception org.springframework.security.authentication.InternalAuthenticationServiceException
10:45:39,398 DEBUG org.springframework.security.authentication.DefaultAuthenticationEventPublisher:129 - No event was found for the exception org.springframework.security.authentication.InternalAuthenticationServiceException
10:45:39,399 ERROR org.springframework.security.web.authentication.UsernamePasswordAuthenticationFilter:221 - An internal error occurred while trying to authenticate the user.
org.springframework.security.authentication.InternalAuthenticationServiceException: Timed out after 30000 ms while waiting to connect. Client view of cluster state is {type=UNKNOWN, servers=[{address=localhost:27017, type=UNKNOWN, state=CONNECTING, exception={com.mongodb.MongoSocketOpenException: Exception opening socket}, caused by {java.net.ConnectException: Connection refused: connect}}]; nested exception is com.mongodb.MongoTimeoutException: Timed out after 30000 ms while waiting to connect. Client view of cluster state is {type=UNKNOWN, servers=[{address=localhost:27017, type=UNKNOWN, state=CONNECTING, exception={com.mongodb.MongoSocketOpenException: Exception opening socket}, caused by {java.net.ConnectException: Connection refused: connect}}]
	at org.springframework.security.authentication.dao.DaoAuthenticationProvider.retrieveUser(DaoAuthenticationProvider.java:119)
	at org.springframework.security.authentication.dao.AbstractUserDetailsAuthenticationProvider.authenticate(AbstractUserDetailsAuthenticationProvider.java:144)
	at org.springframework.security.authentication.ProviderManager.authenticate(ProviderManager.java:174)
	at org.springframework.security.authentication.ProviderManager.authenticate(ProviderManager.java:199)
	at org.springframework.security.web.authentication.UsernamePasswordAuthenticationFilter.attemptAuthentication(UsernamePasswordAuthenticationFilter.java:94)
	at org.springframework.security.web.authentication.AbstractAuthenticationProcessingFilter.doFilter(AbstractAuthenticationProcessingFilter.java:212)
	at org.springframework.security.web.FilterChainProxy$VirtualFilterChain.doFilter(FilterChainProxy.java:334)
	at org.springframework.security.web.authentication.logout.LogoutFilter.doFilter(LogoutFilter.java:116)
	at org.springframework.security.web.FilterChainProxy$VirtualFilterChain.doFilter(FilterChainProxy.java:334)
	at org.springframework.web.filter.CorsFilter.doFilterInternal(CorsFilter.java:96)
	at org.springframework.web.filter.OncePerRequestFilter.doFilter(OncePerRequestFilter.java:107)
	at org.springframework.security.web.FilterChainProxy$VirtualFilterChain.doFilter(FilterChainProxy.java:334)
	at org.springframework.security.web.header.HeaderWriterFilter.doFilterInternal(HeaderWriterFilter.java:66)
	at org.springframework.web.filter.OncePerRequestFilter.doFilter(OncePerRequestFilter.java:107)
	at org.springframework.security.web.FilterChainProxy$VirtualFilterChain.doFilter(FilterChainProxy.java:334)
	at org.springframework.security.web.context.SecurityContextPersistenceFilter.doFilter(SecurityContextPersistenceFilter.java:105)
	at org.springframework.security.web.FilterChainProxy$VirtualFilterChain.doFilter(FilterChainProxy.java:334)
	at org.springframework.security.web.context.request.async.WebAsyncManagerIntegrationFilter.doFilterInternal(WebAsyncManagerIntegrationFilter.java:56)
	at org.springframework.web.filter.OncePerRequestFilter.doFilter(OncePerRequestFilter.java:107)
	at org.springframework.security.web.FilterChainProxy$VirtualFilterChain.doFilter(FilterChainProxy.java:334)
	at org.springframework.security.web.FilterChainProxy.doFilterInternal(FilterChainProxy.java:215)
	at org.springframework.security.web.FilterChainProxy.doFilter(FilterChainProxy.java:178)
	at org.springframework.web.filter.DelegatingFilterProxy.invokeDelegate(DelegatingFilterProxy.java:357)
	at org.springframework.web.filter.DelegatingFilterProxy.doFilter(DelegatingFilterProxy.java:270)
	at org.springframework.mock.web.MockFilterChain.doFilter(MockFilterChain.java:133)
	at org.springframework.web.filter.RequestContextFilter.doFilterInternal(RequestContextFilter.java:99)
	at org.springframework.web.filter.OncePerRequestFilter.doFilter(OncePerRequestFilter.java:107)
	at org.springframework.mock.web.MockFilterChain.doFilter(MockFilterChain.java:133)
	at org.springframework.web.filter.HttpPutFormContentFilter.doFilterInternal(HttpPutFormContentFilter.java:109)
	at org.springframework.web.filter.OncePerRequestFilter.doFilter(OncePerRequestFilter.java:107)
	at org.springframework.mock.web.MockFilterChain.doFilter(MockFilterChain.java:133)
	at org.springframework.web.filter.HiddenHttpMethodFilter.doFilterInternal(HiddenHttpMethodFilter.java:81)
	at org.springframework.web.filter.OncePerRequestFilter.doFilter(OncePerRequestFilter.java:107)
	at org.springframework.mock.web.MockFilterChain.doFilter(MockFilterChain.java:133)
	at org.springframework.web.filter.CharacterEncodingFilter.doFilterInternal(CharacterEncodingFilter.java:200)
	at org.springframework.web.filter.OncePerRequestFilter.doFilter(OncePerRequestFilter.java:107)
	at org.springframework.mock.web.MockFilterChain.doFilter(MockFilterChain.java:133)
	at org.springframework.test.web.servlet.MockMvc.perform(MockMvc.java:165)
	at pro.abacus.javatutor.SecurityIntegrationTest.loginUser(SecurityIntegrationTest.java:44)
	at sun.reflect.NativeMethodAccessorImpl.invoke0(Native Method)
	at sun.reflect.NativeMethodAccessorImpl.invoke(NativeMethodAccessorImpl.java:62)
	at sun.reflect.DelegatingMethodAccessorImpl.invoke(DelegatingMethodAccessorImpl.java:43)
	at java.lang.reflect.Method.invoke(Method.java:498)
	at org.junit.runners.model.FrameworkMethod$1.runReflectiveCall(FrameworkMethod.java:50)
	at org.junit.internal.runners.model.ReflectiveCallable.run(ReflectiveCallable.java:12)
	at org.junit.runners.model.FrameworkMethod.invokeExplosively(FrameworkMethod.java:47)
	at org.junit.internal.runners.statements.InvokeMethod.evaluate(InvokeMethod.java:17)
	at org.springframework.test.context.junit4.statements.RunBeforeTestExecutionCallbacks.evaluate(RunBeforeTestExecutionCallbacks.java:73)
	at org.springframework.test.context.junit4.statements.RunAfterTestExecutionCallbacks.evaluate(RunAfterTestExecutionCallbacks.java:83)
	at org.springframework.test.context.junit4.statements.RunBeforeTestMethodCallbacks.evaluate(RunBeforeTestMethodCallbacks.java:75)
	at org.springframework.test.context.junit4.statements.RunAfterTestMethodCallbacks.evaluate(RunAfterTestMethodCallbacks.java:86)
	at org.springframework.test.context.junit4.statements.SpringRepeat.evaluate(SpringRepeat.java:84)
	at org.junit.runners.ParentRunner.runLeaf(ParentRunner.java:325)
	at org.springframework.test.context.junit4.SpringJUnit4ClassRunner.runChild(SpringJUnit4ClassRunner.java:251)
	at org.springframework.test.context.junit4.SpringJUnit4ClassRunner.runChild(SpringJUnit4ClassRunner.java:97)
	at org.junit.runners.ParentRunner$3.run(ParentRunner.java:290)
	at org.junit.runners.ParentRunner$1.schedule(ParentRunner.java:71)
	at org.junit.runners.ParentRunner.runChildren(ParentRunner.java:288)
	at org.junit.runners.ParentRunner.access$000(ParentRunner.java:58)
	at org.junit.runners.ParentRunner$2.evaluate(ParentRunner.java:268)
	at org.springframework.test.context.junit4.statements.RunBeforeTestClassCallbacks.evaluate(RunBeforeTestClassCallbacks.java:61)
	at org.springframework.test.context.junit4.statements.RunAfterTestClassCallbacks.evaluate(RunAfterTestClassCallbacks.java:70)
	at org.junit.runners.ParentRunner.run(ParentRunner.java:363)
	at org.springframework.test.context.junit4.SpringJUnit4ClassRunner.run(SpringJUnit4ClassRunner.java:190)
	at org.apache.maven.surefire.junit4.JUnit4Provider.execute(JUnit4Provider.java:365)
	at org.apache.maven.surefire.junit4.JUnit4Provider.executeWithRerun(JUnit4Provider.java:273)
	at org.apache.maven.surefire.junit4.JUnit4Provider.executeTestSet(JUnit4Provider.java:238)
	at org.apache.maven.surefire.junit4.JUnit4Provider.invoke(JUnit4Provider.java:159)
	at org.apache.maven.surefire.booter.ForkedBooter.invokeProviderInSameClassLoader(ForkedBooter.java:379)
	at org.apache.maven.surefire.booter.ForkedBooter.runSuitesInProcess(ForkedBooter.java:340)
	at org.apache.maven.surefire.booter.ForkedBooter.execute(ForkedBooter.java:125)
	at org.apache.maven.surefire.booter.ForkedBooter.main(ForkedBooter.java:413)
Caused by: org.springframework.dao.DataAccessResourceFailureException: Timed out after 30000 ms while waiting to connect. Client view of cluster state is {type=UNKNOWN, servers=[{address=localhost:27017, type=UNKNOWN, state=CONNECTING, exception={com.mongodb.MongoSocketOpenException: Exception opening socket}, caused by {java.net.ConnectException: Connection refused: connect}}]; nested exception is com.mongodb.MongoTimeoutException: Timed out after 30000 ms while waiting to connect. Client view of cluster state is {type=UNKNOWN, servers=[{address=localhost:27017, type=UNKNOWN, state=CONNECTING, exception={com.mongodb.MongoSocketOpenException: Exception opening socket}, caused by {java.net.ConnectException: Connection refused: connect}}]
	at org.springframework.data.mongodb.core.MongoExceptionTranslator.translateExceptionIfPossible(MongoExceptionTranslator.java:87)
	at org.springframework.data.mongodb.core.MongoTemplate.potentiallyConvertRuntimeException(MongoTemplate.java:2589)
	at org.springframework.data.mongodb.core.MongoTemplate.executeFindMultiInternal(MongoTemplate.java:2457)
	at org.springframework.data.mongodb.core.MongoTemplate.doFind(MongoTemplate.java:2265)
	at org.springframework.data.mongodb.core.ExecutableFindOperationSupport$ExecutableFindSupport.doFind(ExecutableFindOperationSupport.java:213)
	at org.springframework.data.mongodb.core.ExecutableFindOperationSupport$ExecutableFindSupport.oneValue(ExecutableFindOperationSupport.java:138)
	at org.springframework.data.mongodb.repository.query.AbstractMongoQuery.lambda$getExecution$4(AbstractMongoQuery.java:124)
	at org.springframework.data.mongodb.repository.query.AbstractMongoQuery.execute(AbstractMongoQuery.java:97)
	at org.springframework.data.repository.core.support.RepositoryFactorySupport$QueryExecutorMethodInterceptor.doInvoke(RepositoryFactorySupport.java:590)
	at org.springframework.data.repository.core.support.RepositoryFactorySupport$QueryExecutorMethodInterceptor.invoke(RepositoryFactorySupport.java:578)
	at org.springframework.aop.framework.ReflectiveMethodInvocation.proceed(ReflectiveMethodInvocation.java:185)
	at org.springframework.data.projection.DefaultMethodInvokingMethodInterceptor.invoke(DefaultMethodInvokingMethodInterceptor.java:59)
	at org.springframework.aop.framework.ReflectiveMethodInvocation.proceed(ReflectiveMethodInvocation.java:185)
	at org.springframework.aop.interceptor.ExposeInvocationInterceptor.invoke(ExposeInvocationInterceptor.java:92)
	at org.springframework.aop.framework.ReflectiveMethodInvocation.proceed(ReflectiveMethodInvocation.java:185)
	at org.springframework.data.repository.core.support.SurroundingTransactionDetectorMethodInterceptor.invoke(SurroundingTransactionDetectorMethodInterceptor.java:61)
	at org.springframework.aop.framework.ReflectiveMethodInvocation.proceed(ReflectiveMethodInvocation.java:185)
	at org.springframework.aop.framework.JdkDynamicAopProxy.invoke(JdkDynamicAopProxy.java:212)
	at com.sun.proxy.$Proxy140.findByUsername(Unknown Source)
	at sun.reflect.NativeMethodAccessorImpl.invoke0(Native Method)
	at sun.reflect.NativeMethodAccessorImpl.invoke(NativeMethodAccessorImpl.java:62)
	at sun.reflect.DelegatingMethodAccessorImpl.invoke(DelegatingMethodAccessorImpl.java:43)
	at java.lang.reflect.Method.invoke(Method.java:498)
	at org.springframework.aop.support.AopUtils.invokeJoinpointUsingReflection(AopUtils.java:343)
	at org.springframework.aop.framework.ReflectiveMethodInvocation.invokeJoinpoint(ReflectiveMethodInvocation.java:197)
	at org.springframework.aop.framework.ReflectiveMethodInvocation.proceed(ReflectiveMethodInvocation.java:163)
	at org.springframework.dao.support.PersistenceExceptionTranslationInterceptor.invoke(PersistenceExceptionTranslationInterceptor.java:139)
	at org.springframework.aop.framework.ReflectiveMethodInvocation.proceed(ReflectiveMethodInvocation.java:185)
	at org.springframework.aop.framework.JdkDynamicAopProxy.invoke(JdkDynamicAopProxy.java:212)
	at com.sun.proxy.$Proxy140.findByUsername(Unknown Source)
	at pro.abacus.javatutor.security.UserDetailsServiceImpl.loadUserByUsername(UserDetailsServiceImpl.java:33)
	at org.springframework.security.authentication.dao.DaoAuthenticationProvider.retrieveUser(DaoAuthenticationProvider.java:104)
	... 71 more
Caused by: com.mongodb.MongoTimeoutException: Timed out after 30000 ms while waiting to connect. Client view of cluster state is {type=UNKNOWN, servers=[{address=localhost:27017, type=UNKNOWN, state=CONNECTING, exception={com.mongodb.MongoSocketOpenException: Exception opening socket}, caused by {java.net.ConnectException: Connection refused: connect}}]
	at com.mongodb.connection.BaseCluster.getDescription(BaseCluster.java:167)
	at com.mongodb.Mongo.getConnectedClusterDescription(Mongo.java:881)
	at com.mongodb.Mongo.createClientSession(Mongo.java:873)
	at com.mongodb.Mongo$3.getClientSession(Mongo.java:862)
	at com.mongodb.Mongo$3.execute(Mongo.java:819)
	at com.mongodb.MongoIterableImpl.execute(MongoIterableImpl.java:130)
	at com.mongodb.MongoIterableImpl.iterator(MongoIterableImpl.java:77)
	at org.springframework.data.mongodb.core.MongoTemplate.executeFindMultiInternal(MongoTemplate.java:2440)
	... 100 more
10:45:39,399 ERROR org.springframework.security.web.authentication.UsernamePasswordAuthenticationFilter:221 - An internal error occurred while trying to authenticate the user.
org.springframework.security.authentication.InternalAuthenticationServiceException: Timed out after 30000 ms while waiting to connect. Client view of cluster state is {type=UNKNOWN, servers=[{address=localhost:27017, type=UNKNOWN, state=CONNECTING, exception={com.mongodb.MongoSocketOpenException: Exception opening socket}, caused by {java.net.ConnectException: Connection refused: connect}}]; nested exception is com.mongodb.MongoTimeoutException: Timed out after 30000 ms while waiting to connect. Client view of cluster state is {type=UNKNOWN, servers=[{address=localhost:27017, type=UNKNOWN, state=CONNECTING, exception={com.mongodb.MongoSocketOpenException: Exception opening socket}, caused by {java.net.ConnectException: Connection refused: connect}}]
	at org.springframework.security.authentication.dao.DaoAuthenticationProvider.retrieveUser(DaoAuthenticationProvider.java:119)
	at org.springframework.security.authentication.dao.AbstractUserDetailsAuthenticationProvider.authenticate(AbstractUserDetailsAuthenticationProvider.java:144)
	at org.springframework.security.authentication.ProviderManager.authenticate(ProviderManager.java:174)
	at org.springframework.security.authentication.ProviderManager.authenticate(ProviderManager.java:199)
	at org.springframework.security.web.authentication.UsernamePasswordAuthenticationFilter.attemptAuthentication(UsernamePasswordAuthenticationFilter.java:94)
	at org.springframework.security.web.authentication.AbstractAuthenticationProcessingFilter.doFilter(AbstractAuthenticationProcessingFilter.java:212)
	at org.springframework.security.web.FilterChainProxy$VirtualFilterChain.doFilter(FilterChainProxy.java:334)
	at org.springframework.security.web.authentication.logout.LogoutFilter.doFilter(LogoutFilter.java:116)
	at org.springframework.security.web.FilterChainProxy$VirtualFilterChain.doFilter(FilterChainProxy.java:334)
	at org.springframework.web.filter.CorsFilter.doFilterInternal(CorsFilter.java:96)
	at org.springframework.web.filter.OncePerRequestFilter.doFilter(OncePerRequestFilter.java:107)
	at org.springframework.security.web.FilterChainProxy$VirtualFilterChain.doFilter(FilterChainProxy.java:334)
	at org.springframework.security.web.header.HeaderWriterFilter.doFilterInternal(HeaderWriterFilter.java:66)
	at org.springframework.web.filter.OncePerRequestFilter.doFilter(OncePerRequestFilter.java:107)
	at org.springframework.security.web.FilterChainProxy$VirtualFilterChain.doFilter(FilterChainProxy.java:334)
	at org.springframework.security.web.context.SecurityContextPersistenceFilter.doFilter(SecurityContextPersistenceFilter.java:105)
	at org.springframework.security.web.FilterChainProxy$VirtualFilterChain.doFilter(FilterChainProxy.java:334)
	at org.springframework.security.web.context.request.async.WebAsyncManagerIntegrationFilter.doFilterInternal(WebAsyncManagerIntegrationFilter.java:56)
	at org.springframework.web.filter.OncePerRequestFilter.doFilter(OncePerRequestFilter.java:107)
	at org.springframework.security.web.FilterChainProxy$VirtualFilterChain.doFilter(FilterChainProxy.java:334)
	at org.springframework.security.web.FilterChainProxy.doFilterInternal(FilterChainProxy.java:215)
	at org.springframework.security.web.FilterChainProxy.doFilter(FilterChainProxy.java:178)
	at org.springframework.web.filter.DelegatingFilterProxy.invokeDelegate(DelegatingFilterProxy.java:357)
	at org.springframework.web.filter.DelegatingFilterProxy.doFilter(DelegatingFilterProxy.java:270)
	at org.springframework.mock.web.MockFilterChain.doFilter(MockFilterChain.java:133)
	at org.springframework.web.filter.RequestContextFilter.doFilterInternal(RequestContextFilter.java:99)
	at org.springframework.web.filter.OncePerRequestFilter.doFilter(OncePerRequestFilter.java:107)
	at org.springframework.mock.web.MockFilterChain.doFilter(MockFilterChain.java:133)
	at org.springframework.web.filter.HttpPutFormContentFilter.doFilterInternal(HttpPutFormContentFilter.java:109)
	at org.springframework.web.filter.OncePerRequestFilter.doFilter(OncePerRequestFilter.java:107)
	at org.springframework.mock.web.MockFilterChain.doFilter(MockFilterChain.java:133)
	at org.springframework.web.filter.HiddenHttpMethodFilter.doFilterInternal(HiddenHttpMethodFilter.java:81)
	at org.springframework.web.filter.OncePerRequestFilter.doFilter(OncePerRequestFilter.java:107)
	at org.springframework.mock.web.MockFilterChain.doFilter(MockFilterChain.java:133)
	at org.springframework.web.filter.CharacterEncodingFilter.doFilterInternal(CharacterEncodingFilter.java:200)
	at org.springframework.web.filter.OncePerRequestFilter.doFilter(OncePerRequestFilter.java:107)
	at org.springframework.mock.web.MockFilterChain.doFilter(MockFilterChain.java:133)
	at org.springframework.test.web.servlet.MockMvc.perform(MockMvc.java:165)
	at pro.abacus.javatutor.SecurityIntegrationTest.loginUser(SecurityIntegrationTest.java:44)
	at sun.reflect.NativeMethodAccessorImpl.invoke0(Native Method)
	at sun.reflect.NativeMethodAccessorImpl.invoke(NativeMethodAccessorImpl.java:62)
	at sun.reflect.DelegatingMethodAccessorImpl.invoke(DelegatingMethodAccessorImpl.java:43)
	at java.lang.reflect.Method.invoke(Method.java:498)
	at org.junit.runners.model.FrameworkMethod$1.runReflectiveCall(FrameworkMethod.java:50)
	at org.junit.internal.runners.model.ReflectiveCallable.run(ReflectiveCallable.java:12)
	at org.junit.runners.model.FrameworkMethod.invokeExplosively(FrameworkMethod.java:47)
	at org.junit.internal.runners.statements.InvokeMethod.evaluate(InvokeMethod.java:17)
	at org.springframework.test.context.junit4.statements.RunBeforeTestExecutionCallbacks.evaluate(RunBeforeTestExecutionCallbacks.java:73)
	at org.springframework.test.context.junit4.statements.RunAfterTestExecutionCallbacks.evaluate(RunAfterTestExecutionCallbacks.java:83)
	at org.springframework.test.context.junit4.statements.RunBeforeTestMethodCallbacks.evaluate(RunBeforeTestMethodCallbacks.java:75)
	at org.springframework.test.context.junit4.statements.RunAfterTestMethodCallbacks.evaluate(RunAfterTestMethodCallbacks.java:86)
	at org.springframework.test.context.junit4.statements.SpringRepeat.evaluate(SpringRepeat.java:84)
	at org.junit.runners.ParentRunner.runLeaf(ParentRunner.java:325)
	at org.springframework.test.context.junit4.SpringJUnit4ClassRunner.runChild(SpringJUnit4ClassRunner.java:251)
	at org.springframework.test.context.junit4.SpringJUnit4ClassRunner.runChild(SpringJUnit4ClassRunner.java:97)
	at org.junit.runners.ParentRunner$3.run(ParentRunner.java:290)
	at org.junit.runners.ParentRunner$1.schedule(ParentRunner.java:71)
	at org.junit.runners.ParentRunner.runChildren(ParentRunner.java:288)
	at org.junit.runners.ParentRunner.access$000(ParentRunner.java:58)
	at org.junit.runners.ParentRunner$2.evaluate(ParentRunner.java:268)
	at org.springframework.test.context.junit4.statements.RunBeforeTestClassCallbacks.evaluate(RunBeforeTestClassCallbacks.java:61)
	at org.springframework.test.context.junit4.statements.RunAfterTestClassCallbacks.evaluate(RunAfterTestClassCallbacks.java:70)
	at org.junit.runners.ParentRunner.run(ParentRunner.java:363)
	at org.springframework.test.context.junit4.SpringJUnit4ClassRunner.run(SpringJUnit4ClassRunner.java:190)
	at org.apache.maven.surefire.junit4.JUnit4Provider.execute(JUnit4Provider.java:365)
	at org.apache.maven.surefire.junit4.JUnit4Provider.executeWithRerun(JUnit4Provider.java:273)
	at org.apache.maven.surefire.junit4.JUnit4Provider.executeTestSet(JUnit4Provider.java:238)
	at org.apache.maven.surefire.junit4.JUnit4Provider.invoke(JUnit4Provider.java:159)
	at org.apache.maven.surefire.booter.ForkedBooter.invokeProviderInSameClassLoader(ForkedBooter.java:379)
	at org.apache.maven.surefire.booter.ForkedBooter.runSuitesInProcess(ForkedBooter.java:340)
	at org.apache.maven.surefire.booter.ForkedBooter.execute(ForkedBooter.java:125)
	at org.apache.maven.surefire.booter.ForkedBooter.main(ForkedBooter.java:413)
Caused by: org.springframework.dao.DataAccessResourceFailureException: Timed out after 30000 ms while waiting to connect. Client view of cluster state is {type=UNKNOWN, servers=[{address=localhost:27017, type=UNKNOWN, state=CONNECTING, exception={com.mongodb.MongoSocketOpenException: Exception opening socket}, caused by {java.net.ConnectException: Connection refused: connect}}]; nested exception is com.mongodb.MongoTimeoutException: Timed out after 30000 ms while waiting to connect. Client view of cluster state is {type=UNKNOWN, servers=[{address=localhost:27017, type=UNKNOWN, state=CONNECTING, exception={com.mongodb.MongoSocketOpenException: Exception opening socket}, caused by {java.net.ConnectException: Connection refused: connect}}]
	at org.springframework.data.mongodb.core.MongoExceptionTranslator.translateExceptionIfPossible(MongoExceptionTranslator.java:87)
	at org.springframework.data.mongodb.core.MongoTemplate.potentiallyConvertRuntimeException(MongoTemplate.java:2589)
	at org.springframework.data.mongodb.core.MongoTemplate.executeFindMultiInternal(MongoTemplate.java:2457)
	at org.springframework.data.mongodb.core.MongoTemplate.doFind(MongoTemplate.java:2265)
	at org.springframework.data.mongodb.core.ExecutableFindOperationSupport$ExecutableFindSupport.doFind(ExecutableFindOperationSupport.java:213)
	at org.springframework.data.mongodb.core.ExecutableFindOperationSupport$ExecutableFindSupport.oneValue(ExecutableFindOperationSupport.java:138)
	at org.springframework.data.mongodb.repository.query.AbstractMongoQuery.lambda$getExecution$4(AbstractMongoQuery.java:124)
	at org.springframework.data.mongodb.repository.query.AbstractMongoQuery.execute(AbstractMongoQuery.java:97)
	at org.springframework.data.repository.core.support.RepositoryFactorySupport$QueryExecutorMethodInterceptor.doInvoke(RepositoryFactorySupport.java:590)
	at org.springframework.data.repository.core.support.RepositoryFactorySupport$QueryExecutorMethodInterceptor.invoke(RepositoryFactorySupport.java:578)
	at org.springframework.aop.framework.ReflectiveMethodInvocation.proceed(ReflectiveMethodInvocation.java:185)
	at org.springframework.data.projection.DefaultMethodInvokingMethodInterceptor.invoke(DefaultMethodInvokingMethodInterceptor.java:59)
	at org.springframework.aop.framework.ReflectiveMethodInvocation.proceed(ReflectiveMethodInvocation.java:185)
	at org.springframework.aop.interceptor.ExposeInvocationInterceptor.invoke(ExposeInvocationInterceptor.java:92)
	at org.springframework.aop.framework.ReflectiveMethodInvocation.proceed(ReflectiveMethodInvocation.java:185)
	at org.springframework.data.repository.core.support.SurroundingTransactionDetectorMethodInterceptor.invoke(SurroundingTransactionDetectorMethodInterceptor.java:61)
	at org.springframework.aop.framework.ReflectiveMethodInvocation.proceed(ReflectiveMethodInvocation.java:185)
	at org.springframework.aop.framework.JdkDynamicAopProxy.invoke(JdkDynamicAopProxy.java:212)
	at com.sun.proxy.$Proxy140.findByUsername(Unknown Source)
	at sun.reflect.NativeMethodAccessorImpl.invoke0(Native Method)
	at sun.reflect.NativeMethodAccessorImpl.invoke(NativeMethodAccessorImpl.java:62)
	at sun.reflect.DelegatingMethodAccessorImpl.invoke(DelegatingMethodAccessorImpl.java:43)
	at java.lang.reflect.Method.invoke(Method.java:498)
	at org.springframework.aop.support.AopUtils.invokeJoinpointUsingReflection(AopUtils.java:343)
	at org.springframework.aop.framework.ReflectiveMethodInvocation.invokeJoinpoint(ReflectiveMethodInvocation.java:197)
	at org.springframework.aop.framework.ReflectiveMethodInvocation.proceed(ReflectiveMethodInvocation.java:163)
	at org.springframework.dao.support.PersistenceExceptionTranslationInterceptor.invoke(PersistenceExceptionTranslationInterceptor.java:139)
	at org.springframework.aop.framework.ReflectiveMethodInvocation.proceed(ReflectiveMethodInvocation.java:185)
	at org.springframework.aop.framework.JdkDynamicAopProxy.invoke(JdkDynamicAopProxy.java:212)
	at com.sun.proxy.$Proxy140.findByUsername(Unknown Source)
	at pro.abacus.javatutor.security.UserDetailsServiceImpl.loadUserByUsername(UserDetailsServiceImpl.java:33)
	at org.springframework.security.authentication.dao.DaoAuthenticationProvider.retrieveUser(DaoAuthenticationProvider.java:104)
	... 71 more
Caused by: com.mongodb.MongoTimeoutException: Timed out after 30000 ms while waiting to connect. Client view of cluster state is {type=UNKNOWN, servers=[{address=localhost:27017, type=UNKNOWN, state=CONNECTING, exception={com.mongodb.MongoSocketOpenException: Exception opening socket}, caused by {java.net.ConnectException: Connection refused: connect}}]
	at com.mongodb.connection.BaseCluster.getDescription(BaseCluster.java:167)
	at com.mongodb.Mongo.getConnectedClusterDescription(Mongo.java:881)
	at com.mongodb.Mongo.createClientSession(Mongo.java:873)
	at com.mongodb.Mongo$3.getClientSession(Mongo.java:862)
	at com.mongodb.Mongo$3.execute(Mongo.java:819)
	at com.mongodb.MongoIterableImpl.execute(MongoIterableImpl.java:130)
	at com.mongodb.MongoIterableImpl.iterator(MongoIterableImpl.java:77)
	at org.springframework.data.mongodb.core.MongoTemplate.executeFindMultiInternal(MongoTemplate.java:2440)
	... 100 more
10:45:39,404 DEBUG org.springframework.security.web.authentication.UsernamePasswordAuthenticationFilter:345 - Authentication request failed: org.springframework.security.authentication.InternalAuthenticationServiceException: Timed out after 30000 ms while waiting to connect. Client view of cluster state is {type=UNKNOWN, servers=[{address=localhost:27017, type=UNKNOWN, state=CONNECTING, exception={com.mongodb.MongoSocketOpenException: Exception opening socket}, caused by {java.net.ConnectException: Connection refused: connect}}]; nested exception is com.mongodb.MongoTimeoutException: Timed out after 30000 ms while waiting to connect. Client view of cluster state is {type=UNKNOWN, servers=[{address=localhost:27017, type=UNKNOWN, state=CONNECTING, exception={com.mongodb.MongoSocketOpenException: Exception opening socket}, caused by {java.net.ConnectException: Connection refused: connect}}]
org.springframework.security.authentication.InternalAuthenticationServiceException: Timed out after 30000 ms while waiting to connect. Client view of cluster state is {type=UNKNOWN, servers=[{address=localhost:27017, type=UNKNOWN, state=CONNECTING, exception={com.mongodb.MongoSocketOpenException: Exception opening socket}, caused by {java.net.ConnectException: Connection refused: connect}}]; nested exception is com.mongodb.MongoTimeoutException: Timed out after 30000 ms while waiting to connect. Client view of cluster state is {type=UNKNOWN, servers=[{address=localhost:27017, type=UNKNOWN, state=CONNECTING, exception={com.mongodb.MongoSocketOpenException: Exception opening socket}, caused by {java.net.ConnectException: Connection refused: connect}}]
	at org.springframework.security.authentication.dao.DaoAuthenticationProvider.retrieveUser(DaoAuthenticationProvider.java:119)
	at org.springframework.security.authentication.dao.AbstractUserDetailsAuthenticationProvider.authenticate(AbstractUserDetailsAuthenticationProvider.java:144)
	at org.springframework.security.authentication.ProviderManager.authenticate(ProviderManager.java:174)
	at org.springframework.security.authentication.ProviderManager.authenticate(ProviderManager.java:199)
	at org.springframework.security.web.authentication.UsernamePasswordAuthenticationFilter.attemptAuthentication(UsernamePasswordAuthenticationFilter.java:94)
	at org.springframework.security.web.authentication.AbstractAuthenticationProcessingFilter.doFilter(AbstractAuthenticationProcessingFilter.java:212)
	at org.springframework.security.web.FilterChainProxy$VirtualFilterChain.doFilter(FilterChainProxy.java:334)
	at org.springframework.security.web.authentication.logout.LogoutFilter.doFilter(LogoutFilter.java:116)
	at org.springframework.security.web.FilterChainProxy$VirtualFilterChain.doFilter(FilterChainProxy.java:334)
	at org.springframework.web.filter.CorsFilter.doFilterInternal(CorsFilter.java:96)
	at org.springframework.web.filter.OncePerRequestFilter.doFilter(OncePerRequestFilter.java:107)
	at org.springframework.security.web.FilterChainProxy$VirtualFilterChain.doFilter(FilterChainProxy.java:334)
	at org.springframework.security.web.header.HeaderWriterFilter.doFilterInternal(HeaderWriterFilter.java:66)
	at org.springframework.web.filter.OncePerRequestFilter.doFilter(OncePerRequestFilter.java:107)
	at org.springframework.security.web.FilterChainProxy$VirtualFilterChain.doFilter(FilterChainProxy.java:334)
	at org.springframework.security.web.context.SecurityContextPersistenceFilter.doFilter(SecurityContextPersistenceFilter.java:105)
	at org.springframework.security.web.FilterChainProxy$VirtualFilterChain.doFilter(FilterChainProxy.java:334)
	at org.springframework.security.web.context.request.async.WebAsyncManagerIntegrationFilter.doFilterInternal(WebAsyncManagerIntegrationFilter.java:56)
	at org.springframework.web.filter.OncePerRequestFilter.doFilter(OncePerRequestFilter.java:107)
	at org.springframework.security.web.FilterChainProxy$VirtualFilterChain.doFilter(FilterChainProxy.java:334)
	at org.springframework.security.web.FilterChainProxy.doFilterInternal(FilterChainProxy.java:215)
	at org.springframework.security.web.FilterChainProxy.doFilter(FilterChainProxy.java:178)
	at org.springframework.web.filter.DelegatingFilterProxy.invokeDelegate(DelegatingFilterProxy.java:357)
	at org.springframework.web.filter.DelegatingFilterProxy.doFilter(DelegatingFilterProxy.java:270)
	at org.springframework.mock.web.MockFilterChain.doFilter(MockFilterChain.java:133)
	at org.springframework.web.filter.RequestContextFilter.doFilterInternal(RequestContextFilter.java:99)
	at org.springframework.web.filter.OncePerRequestFilter.doFilter(OncePerRequestFilter.java:107)
	at org.springframework.mock.web.MockFilterChain.doFilter(MockFilterChain.java:133)
	at org.springframework.web.filter.HttpPutFormContentFilter.doFilterInternal(HttpPutFormContentFilter.java:109)
	at org.springframework.web.filter.OncePerRequestFilter.doFilter(OncePerRequestFilter.java:107)
	at org.springframework.mock.web.MockFilterChain.doFilter(MockFilterChain.java:133)
	at org.springframework.web.filter.HiddenHttpMethodFilter.doFilterInternal(HiddenHttpMethodFilter.java:81)
	at org.springframework.web.filter.OncePerRequestFilter.doFilter(OncePerRequestFilter.java:107)
	at org.springframework.mock.web.MockFilterChain.doFilter(MockFilterChain.java:133)
	at org.springframework.web.filter.CharacterEncodingFilter.doFilterInternal(CharacterEncodingFilter.java:200)
	at org.springframework.web.filter.OncePerRequestFilter.doFilter(OncePerRequestFilter.java:107)
	at org.springframework.mock.web.MockFilterChain.doFilter(MockFilterChain.java:133)
	at org.springframework.test.web.servlet.MockMvc.perform(MockMvc.java:165)
	at pro.abacus.javatutor.SecurityIntegrationTest.loginUser(SecurityIntegrationTest.java:44)
	at sun.reflect.NativeMethodAccessorImpl.invoke0(Native Method)
	at sun.reflect.NativeMethodAccessorImpl.invoke(NativeMethodAccessorImpl.java:62)
	at sun.reflect.DelegatingMethodAccessorImpl.invoke(DelegatingMethodAccessorImpl.java:43)
	at java.lang.reflect.Method.invoke(Method.java:498)
	at org.junit.runners.model.FrameworkMethod$1.runReflectiveCall(FrameworkMethod.java:50)
	at org.junit.internal.runners.model.ReflectiveCallable.run(ReflectiveCallable.java:12)
	at org.junit.runners.model.FrameworkMethod.invokeExplosively(FrameworkMethod.java:47)
	at org.junit.internal.runners.statements.InvokeMethod.evaluate(InvokeMethod.java:17)
	at org.springframework.test.context.junit4.statements.RunBeforeTestExecutionCallbacks.evaluate(RunBeforeTestExecutionCallbacks.java:73)
	at org.springframework.test.context.junit4.statements.RunAfterTestExecutionCallbacks.evaluate(RunAfterTestExecutionCallbacks.java:83)
	at org.springframework.test.context.junit4.statements.RunBeforeTestMethodCallbacks.evaluate(RunBeforeTestMethodCallbacks.java:75)
	at org.springframework.test.context.junit4.statements.RunAfterTestMethodCallbacks.evaluate(RunAfterTestMethodCallbacks.java:86)
	at org.springframework.test.context.junit4.statements.SpringRepeat.evaluate(SpringRepeat.java:84)
	at org.junit.runners.ParentRunner.runLeaf(ParentRunner.java:325)
	at org.springframework.test.context.junit4.SpringJUnit4ClassRunner.runChild(SpringJUnit4ClassRunner.java:251)
	at org.springframework.test.context.junit4.SpringJUnit4ClassRunner.runChild(SpringJUnit4ClassRunner.java:97)
	at org.junit.runners.ParentRunner$3.run(ParentRunner.java:290)
	at org.junit.runners.ParentRunner$1.schedule(ParentRunner.java:71)
	at org.junit.runners.ParentRunner.runChildren(ParentRunner.java:288)
	at org.junit.runners.ParentRunner.access$000(ParentRunner.java:58)
	at org.junit.runners.ParentRunner$2.evaluate(ParentRunner.java:268)
	at org.springframework.test.context.junit4.statements.RunBeforeTestClassCallbacks.evaluate(RunBeforeTestClassCallbacks.java:61)
	at org.springframework.test.context.junit4.statements.RunAfterTestClassCallbacks.evaluate(RunAfterTestClassCallbacks.java:70)
	at org.junit.runners.ParentRunner.run(ParentRunner.java:363)
	at org.springframework.test.context.junit4.SpringJUnit4ClassRunner.run(SpringJUnit4ClassRunner.java:190)
	at org.apache.maven.surefire.junit4.JUnit4Provider.execute(JUnit4Provider.java:365)
	at org.apache.maven.surefire.junit4.JUnit4Provider.executeWithRerun(JUnit4Provider.java:273)
	at org.apache.maven.surefire.junit4.JUnit4Provider.executeTestSet(JUnit4Provider.java:238)
	at org.apache.maven.surefire.junit4.JUnit4Provider.invoke(JUnit4Provider.java:159)
	at org.apache.maven.surefire.booter.ForkedBooter.invokeProviderInSameClassLoader(ForkedBooter.java:379)
	at org.apache.maven.surefire.booter.ForkedBooter.runSuitesInProcess(ForkedBooter.java:340)
	at org.apache.maven.surefire.booter.ForkedBooter.execute(ForkedBooter.java:125)
	at org.apache.maven.surefire.booter.ForkedBooter.main(ForkedBooter.java:413)
Caused by: org.springframework.dao.DataAccessResourceFailureException: Timed out after 30000 ms while waiting to connect. Client view of cluster state is {type=UNKNOWN, servers=[{address=localhost:27017, type=UNKNOWN, state=CONNECTING, exception={com.mongodb.MongoSocketOpenException: Exception opening socket}, caused by {java.net.ConnectException: Connection refused: connect}}]; nested exception is com.mongodb.MongoTimeoutException: Timed out after 30000 ms while waiting to connect. Client view of cluster state is {type=UNKNOWN, servers=[{address=localhost:27017, type=UNKNOWN, state=CONNECTING, exception={com.mongodb.MongoSocketOpenException: Exception opening socket}, caused by {java.net.ConnectException: Connection refused: connect}}]
	at org.springframework.data.mongodb.core.MongoExceptionTranslator.translateExceptionIfPossible(MongoExceptionTranslator.java:87)
	at org.springframework.data.mongodb.core.MongoTemplate.potentiallyConvertRuntimeException(MongoTemplate.java:2589)
	at org.springframework.data.mongodb.core.MongoTemplate.executeFindMultiInternal(MongoTemplate.java:2457)
	at org.springframework.data.mongodb.core.MongoTemplate.doFind(MongoTemplate.java:2265)
	at org.springframework.data.mongodb.core.ExecutableFindOperationSupport$ExecutableFindSupport.doFind(ExecutableFindOperationSupport.java:213)
	at org.springframework.data.mongodb.core.ExecutableFindOperationSupport$ExecutableFindSupport.oneValue(ExecutableFindOperationSupport.java:138)
	at org.springframework.data.mongodb.repository.query.AbstractMongoQuery.lambda$getExecution$4(AbstractMongoQuery.java:124)
	at org.springframework.data.mongodb.repository.query.AbstractMongoQuery.execute(AbstractMongoQuery.java:97)
	at org.springframework.data.repository.core.support.RepositoryFactorySupport$QueryExecutorMethodInterceptor.doInvoke(RepositoryFactorySupport.java:590)
	at org.springframework.data.repository.core.support.RepositoryFactorySupport$QueryExecutorMethodInterceptor.invoke(RepositoryFactorySupport.java:578)
	at org.springframework.aop.framework.ReflectiveMethodInvocation.proceed(ReflectiveMethodInvocation.java:185)
	at org.springframework.data.projection.DefaultMethodInvokingMethodInterceptor.invoke(DefaultMethodInvokingMethodInterceptor.java:59)
	at org.springframework.aop.framework.ReflectiveMethodInvocation.proceed(ReflectiveMethodInvocation.java:185)
	at org.springframework.aop.interceptor.ExposeInvocationInterceptor.invoke(ExposeInvocationInterceptor.java:92)
	at org.springframework.aop.framework.ReflectiveMethodInvocation.proceed(ReflectiveMethodInvocation.java:185)
	at org.springframework.data.repository.core.support.SurroundingTransactionDetectorMethodInterceptor.invoke(SurroundingTransactionDetectorMethodInterceptor.java:61)
	at org.springframework.aop.framework.ReflectiveMethodInvocation.proceed(ReflectiveMethodInvocation.java:185)
	at org.springframework.aop.framework.JdkDynamicAopProxy.invoke(JdkDynamicAopProxy.java:212)
	at com.sun.proxy.$Proxy140.findByUsername(Unknown Source)
	at sun.reflect.NativeMethodAccessorImpl.invoke0(Native Method)
	at sun.reflect.NativeMethodAccessorImpl.invoke(NativeMethodAccessorImpl.java:62)
	at sun.reflect.DelegatingMethodAccessorImpl.invoke(DelegatingMethodAccessorImpl.java:43)
	at java.lang.reflect.Method.invoke(Method.java:498)
	at org.springframework.aop.support.AopUtils.invokeJoinpointUsingReflection(AopUtils.java:343)
	at org.springframework.aop.framework.ReflectiveMethodInvocation.invokeJoinpoint(ReflectiveMethodInvocation.java:197)
	at org.springframework.aop.framework.ReflectiveMethodInvocation.proceed(ReflectiveMethodInvocation.java:163)
	at org.springframework.dao.support.PersistenceExceptionTranslationInterceptor.invoke(PersistenceExceptionTranslationInterceptor.java:139)
	at org.springframework.aop.framework.ReflectiveMethodInvocation.proceed(ReflectiveMethodInvocation.java:185)
	at org.springframework.aop.framework.JdkDynamicAopProxy.invoke(JdkDynamicAopProxy.java:212)
	at com.sun.proxy.$Proxy140.findByUsername(Unknown Source)
	at pro.abacus.javatutor.security.UserDetailsServiceImpl.loadUserByUsername(UserDetailsServiceImpl.java:33)
	at org.springframework.security.authentication.dao.DaoAuthenticationProvider.retrieveUser(DaoAuthenticationProvider.java:104)
	... 71 more
Caused by: com.mongodb.MongoTimeoutException: Timed out after 30000 ms while waiting to connect. Client view of cluster state is {type=UNKNOWN, servers=[{address=localhost:27017, type=UNKNOWN, state=CONNECTING, exception={com.mongodb.MongoSocketOpenException: Exception opening socket}, caused by {java.net.ConnectException: Connection refused: connect}}]
	at com.mongodb.connection.BaseCluster.getDescription(BaseCluster.java:167)
	at com.mongodb.Mongo.getConnectedClusterDescription(Mongo.java:881)
	at com.mongodb.Mongo.createClientSession(Mongo.java:873)
	at com.mongodb.Mongo$3.getClientSession(Mongo.java:862)
	at com.mongodb.Mongo$3.execute(Mongo.java:819)
	at com.mongodb.MongoIterableImpl.execute(MongoIterableImpl.java:130)
	at com.mongodb.MongoIterableImpl.iterator(MongoIterableImpl.java:77)
	at org.springframework.data.mongodb.core.MongoTemplate.executeFindMultiInternal(MongoTemplate.java:2440)
	... 100 more
10:45:39,404 DEBUG org.springframework.security.web.authentication.UsernamePasswordAuthenticationFilter:345 - Authentication request failed: org.springframework.security.authentication.InternalAuthenticationServiceException: Timed out after 30000 ms while waiting to connect. Client view of cluster state is {type=UNKNOWN, servers=[{address=localhost:27017, type=UNKNOWN, state=CONNECTING, exception={com.mongodb.MongoSocketOpenException: Exception opening socket}, caused by {java.net.ConnectException: Connection refused: connect}}]; nested exception is com.mongodb.MongoTimeoutException: Timed out after 30000 ms while waiting to connect. Client view of cluster state is {type=UNKNOWN, servers=[{address=localhost:27017, type=UNKNOWN, state=CONNECTING, exception={com.mongodb.MongoSocketOpenException: Exception opening socket}, caused by {java.net.ConnectException: Connection refused: connect}}]
org.springframework.security.authentication.InternalAuthenticationServiceException: Timed out after 30000 ms while waiting to connect. Client view of cluster state is {type=UNKNOWN, servers=[{address=localhost:27017, type=UNKNOWN, state=CONNECTING, exception={com.mongodb.MongoSocketOpenException: Exception opening socket}, caused by {java.net.ConnectException: Connection refused: connect}}]; nested exception is com.mongodb.MongoTimeoutException: Timed out after 30000 ms while waiting to connect. Client view of cluster state is {type=UNKNOWN, servers=[{address=localhost:27017, type=UNKNOWN, state=CONNECTING, exception={com.mongodb.MongoSocketOpenException: Exception opening socket}, caused by {java.net.ConnectException: Connection refused: connect}}]
	at org.springframework.security.authentication.dao.DaoAuthenticationProvider.retrieveUser(DaoAuthenticationProvider.java:119)
	at org.springframework.security.authentication.dao.AbstractUserDetailsAuthenticationProvider.authenticate(AbstractUserDetailsAuthenticationProvider.java:144)
	at org.springframework.security.authentication.ProviderManager.authenticate(ProviderManager.java:174)
	at org.springframework.security.authentication.ProviderManager.authenticate(ProviderManager.java:199)
	at org.springframework.security.web.authentication.UsernamePasswordAuthenticationFilter.attemptAuthentication(UsernamePasswordAuthenticationFilter.java:94)
	at org.springframework.security.web.authentication.AbstractAuthenticationProcessingFilter.doFilter(AbstractAuthenticationProcessingFilter.java:212)
	at org.springframework.security.web.FilterChainProxy$VirtualFilterChain.doFilter(FilterChainProxy.java:334)
	at org.springframework.security.web.authentication.logout.LogoutFilter.doFilter(LogoutFilter.java:116)
	at org.springframework.security.web.FilterChainProxy$VirtualFilterChain.doFilter(FilterChainProxy.java:334)
	at org.springframework.web.filter.CorsFilter.doFilterInternal(CorsFilter.java:96)
	at org.springframework.web.filter.OncePerRequestFilter.doFilter(OncePerRequestFilter.java:107)
	at org.springframework.security.web.FilterChainProxy$VirtualFilterChain.doFilter(FilterChainProxy.java:334)
	at org.springframework.security.web.header.HeaderWriterFilter.doFilterInternal(HeaderWriterFilter.java:66)
	at org.springframework.web.filter.OncePerRequestFilter.doFilter(OncePerRequestFilter.java:107)
	at org.springframework.security.web.FilterChainProxy$VirtualFilterChain.doFilter(FilterChainProxy.java:334)
	at org.springframework.security.web.context.SecurityContextPersistenceFilter.doFilter(SecurityContextPersistenceFilter.java:105)
	at org.springframework.security.web.FilterChainProxy$VirtualFilterChain.doFilter(FilterChainProxy.java:334)
	at org.springframework.security.web.context.request.async.WebAsyncManagerIntegrationFilter.doFilterInternal(WebAsyncManagerIntegrationFilter.java:56)
	at org.springframework.web.filter.OncePerRequestFilter.doFilter(OncePerRequestFilter.java:107)
	at org.springframework.security.web.FilterChainProxy$VirtualFilterChain.doFilter(FilterChainProxy.java:334)
	at org.springframework.security.web.FilterChainProxy.doFilterInternal(FilterChainProxy.java:215)
	at org.springframework.security.web.FilterChainProxy.doFilter(FilterChainProxy.java:178)
	at org.springframework.web.filter.DelegatingFilterProxy.invokeDelegate(DelegatingFilterProxy.java:357)
	at org.springframework.web.filter.DelegatingFilterProxy.doFilter(DelegatingFilterProxy.java:270)
	at org.springframework.mock.web.MockFilterChain.doFilter(MockFilterChain.java:133)
	at org.springframework.web.filter.RequestContextFilter.doFilterInternal(RequestContextFilter.java:99)
	at org.springframework.web.filter.OncePerRequestFilter.doFilter(OncePerRequestFilter.java:107)
	at org.springframework.mock.web.MockFilterChain.doFilter(MockFilterChain.java:133)
	at org.springframework.web.filter.HttpPutFormContentFilter.doFilterInternal(HttpPutFormContentFilter.java:109)
	at org.springframework.web.filter.OncePerRequestFilter.doFilter(OncePerRequestFilter.java:107)
	at org.springframework.mock.web.MockFilterChain.doFilter(MockFilterChain.java:133)
	at org.springframework.web.filter.HiddenHttpMethodFilter.doFilterInternal(HiddenHttpMethodFilter.java:81)
	at org.springframework.web.filter.OncePerRequestFilter.doFilter(OncePerRequestFilter.java:107)
	at org.springframework.mock.web.MockFilterChain.doFilter(MockFilterChain.java:133)
	at org.springframework.web.filter.CharacterEncodingFilter.doFilterInternal(CharacterEncodingFilter.java:200)
	at org.springframework.web.filter.OncePerRequestFilter.doFilter(OncePerRequestFilter.java:107)
	at org.springframework.mock.web.MockFilterChain.doFilter(MockFilterChain.java:133)
	at org.springframework.test.web.servlet.MockMvc.perform(MockMvc.java:165)
	at pro.abacus.javatutor.SecurityIntegrationTest.loginUser(SecurityIntegrationTest.java:44)
	at sun.reflect.NativeMethodAccessorImpl.invoke0(Native Method)
	at sun.reflect.NativeMethodAccessorImpl.invoke(NativeMethodAccessorImpl.java:62)
	at sun.reflect.DelegatingMethodAccessorImpl.invoke(DelegatingMethodAccessorImpl.java:43)
	at java.lang.reflect.Method.invoke(Method.java:498)
	at org.junit.runners.model.FrameworkMethod$1.runReflectiveCall(FrameworkMethod.java:50)
	at org.junit.internal.runners.model.ReflectiveCallable.run(ReflectiveCallable.java:12)
	at org.junit.runners.model.FrameworkMethod.invokeExplosively(FrameworkMethod.java:47)
	at org.junit.internal.runners.statements.InvokeMethod.evaluate(InvokeMethod.java:17)
	at org.springframework.test.context.junit4.statements.RunBeforeTestExecutionCallbacks.evaluate(RunBeforeTestExecutionCallbacks.java:73)
	at org.springframework.test.context.junit4.statements.RunAfterTestExecutionCallbacks.evaluate(RunAfterTestExecutionCallbacks.java:83)
	at org.springframework.test.context.junit4.statements.RunBeforeTestMethodCallbacks.evaluate(RunBeforeTestMethodCallbacks.java:75)
	at org.springframework.test.context.junit4.statements.RunAfterTestMethodCallbacks.evaluate(RunAfterTestMethodCallbacks.java:86)
	at org.springframework.test.context.junit4.statements.SpringRepeat.evaluate(SpringRepeat.java:84)
	at org.junit.runners.ParentRunner.runLeaf(ParentRunner.java:325)
	at org.springframework.test.context.junit4.SpringJUnit4ClassRunner.runChild(SpringJUnit4ClassRunner.java:251)
	at org.springframework.test.context.junit4.SpringJUnit4ClassRunner.runChild(SpringJUnit4ClassRunner.java:97)
	at org.junit.runners.ParentRunner$3.run(ParentRunner.java:290)
	at org.junit.runners.ParentRunner$1.schedule(ParentRunner.java:71)
	at org.junit.runners.ParentRunner.runChildren(ParentRunner.java:288)
	at org.junit.runners.ParentRunner.access$000(ParentRunner.java:58)
	at org.junit.runners.ParentRunner$2.evaluate(ParentRunner.java:268)
	at org.springframework.test.context.junit4.statements.RunBeforeTestClassCallbacks.evaluate(RunBeforeTestClassCallbacks.java:61)
	at org.springframework.test.context.junit4.statements.RunAfterTestClassCallbacks.evaluate(RunAfterTestClassCallbacks.java:70)
	at org.junit.runners.ParentRunner.run(ParentRunner.java:363)
	at org.springframework.test.context.junit4.SpringJUnit4ClassRunner.run(SpringJUnit4ClassRunner.java:190)
	at org.apache.maven.surefire.junit4.JUnit4Provider.execute(JUnit4Provider.java:365)
	at org.apache.maven.surefire.junit4.JUnit4Provider.executeWithRerun(JUnit4Provider.java:273)
	at org.apache.maven.surefire.junit4.JUnit4Provider.executeTestSet(JUnit4Provider.java:238)
	at org.apache.maven.surefire.junit4.JUnit4Provider.invoke(JUnit4Provider.java:159)
	at org.apache.maven.surefire.booter.ForkedBooter.invokeProviderInSameClassLoader(ForkedBooter.java:379)
	at org.apache.maven.surefire.booter.ForkedBooter.runSuitesInProcess(ForkedBooter.java:340)
	at org.apache.maven.surefire.booter.ForkedBooter.execute(ForkedBooter.java:125)
	at org.apache.maven.surefire.booter.ForkedBooter.main(ForkedBooter.java:413)
Caused by: org.springframework.dao.DataAccessResourceFailureException: Timed out after 30000 ms while waiting to connect. Client view of cluster state is {type=UNKNOWN, servers=[{address=localhost:27017, type=UNKNOWN, state=CONNECTING, exception={com.mongodb.MongoSocketOpenException: Exception opening socket}, caused by {java.net.ConnectException: Connection refused: connect}}]; nested exception is com.mongodb.MongoTimeoutException: Timed out after 30000 ms while waiting to connect. Client view of cluster state is {type=UNKNOWN, servers=[{address=localhost:27017, type=UNKNOWN, state=CONNECTING, exception={com.mongodb.MongoSocketOpenException: Exception opening socket}, caused by {java.net.ConnectException: Connection refused: connect}}]
	at org.springframework.data.mongodb.core.MongoExceptionTranslator.translateExceptionIfPossible(MongoExceptionTranslator.java:87)
	at org.springframework.data.mongodb.core.MongoTemplate.potentiallyConvertRuntimeException(MongoTemplate.java:2589)
	at org.springframework.data.mongodb.core.MongoTemplate.executeFindMultiInternal(MongoTemplate.java:2457)
	at org.springframework.data.mongodb.core.MongoTemplate.doFind(MongoTemplate.java:2265)
	at org.springframework.data.mongodb.core.ExecutableFindOperationSupport$ExecutableFindSupport.doFind(ExecutableFindOperationSupport.java:213)
	at org.springframework.data.mongodb.core.ExecutableFindOperationSupport$ExecutableFindSupport.oneValue(ExecutableFindOperationSupport.java:138)
	at org.springframework.data.mongodb.repository.query.AbstractMongoQuery.lambda$getExecution$4(AbstractMongoQuery.java:124)
	at org.springframework.data.mongodb.repository.query.AbstractMongoQuery.execute(AbstractMongoQuery.java:97)
	at org.springframework.data.repository.core.support.RepositoryFactorySupport$QueryExecutorMethodInterceptor.doInvoke(RepositoryFactorySupport.java:590)
	at org.springframework.data.repository.core.support.RepositoryFactorySupport$QueryExecutorMethodInterceptor.invoke(RepositoryFactorySupport.java:578)
	at org.springframework.aop.framework.ReflectiveMethodInvocation.proceed(ReflectiveMethodInvocation.java:185)
	at org.springframework.data.projection.DefaultMethodInvokingMethodInterceptor.invoke(DefaultMethodInvokingMethodInterceptor.java:59)
	at org.springframework.aop.framework.ReflectiveMethodInvocation.proceed(ReflectiveMethodInvocation.java:185)
	at org.springframework.aop.interceptor.ExposeInvocationInterceptor.invoke(ExposeInvocationInterceptor.java:92)
	at org.springframework.aop.framework.ReflectiveMethodInvocation.proceed(ReflectiveMethodInvocation.java:185)
	at org.springframework.data.repository.core.support.SurroundingTransactionDetectorMethodInterceptor.invoke(SurroundingTransactionDetectorMethodInterceptor.java:61)
	at org.springframework.aop.framework.ReflectiveMethodInvocation.proceed(ReflectiveMethodInvocation.java:185)
	at org.springframework.aop.framework.JdkDynamicAopProxy.invoke(JdkDynamicAopProxy.java:212)
	at com.sun.proxy.$Proxy140.findByUsername(Unknown Source)
	at sun.reflect.NativeMethodAccessorImpl.invoke0(Native Method)
	at sun.reflect.NativeMethodAccessorImpl.invoke(NativeMethodAccessorImpl.java:62)
	at sun.reflect.DelegatingMethodAccessorImpl.invoke(DelegatingMethodAccessorImpl.java:43)
	at java.lang.reflect.Method.invoke(Method.java:498)
	at org.springframework.aop.support.AopUtils.invokeJoinpointUsingReflection(AopUtils.java:343)
	at org.springframework.aop.framework.ReflectiveMethodInvocation.invokeJoinpoint(ReflectiveMethodInvocation.java:197)
	at org.springframework.aop.framework.ReflectiveMethodInvocation.proceed(ReflectiveMethodInvocation.java:163)
	at org.springframework.dao.support.PersistenceExceptionTranslationInterceptor.invoke(PersistenceExceptionTranslationInterceptor.java:139)
	at org.springframework.aop.framework.ReflectiveMethodInvocation.proceed(ReflectiveMethodInvocation.java:185)
	at org.springframework.aop.framework.JdkDynamicAopProxy.invoke(JdkDynamicAopProxy.java:212)
	at com.sun.proxy.$Proxy140.findByUsername(Unknown Source)
	at pro.abacus.javatutor.security.UserDetailsServiceImpl.loadUserByUsername(UserDetailsServiceImpl.java:33)
	at org.springframework.security.authentication.dao.DaoAuthenticationProvider.retrieveUser(DaoAuthenticationProvider.java:104)
	... 71 more
Caused by: com.mongodb.MongoTimeoutException: Timed out after 30000 ms while waiting to connect. Client view of cluster state is {type=UNKNOWN, servers=[{address=localhost:27017, type=UNKNOWN, state=CONNECTING, exception={com.mongodb.MongoSocketOpenException: Exception opening socket}, caused by {java.net.ConnectException: Connection refused: connect}}]
	at com.mongodb.connection.BaseCluster.getDescription(BaseCluster.java:167)
	at com.mongodb.Mongo.getConnectedClusterDescription(Mongo.java:881)
	at com.mongodb.Mongo.createClientSession(Mongo.java:873)
	at com.mongodb.Mongo$3.getClientSession(Mongo.java:862)
	at com.mongodb.Mongo$3.execute(Mongo.java:819)
	at com.mongodb.MongoIterableImpl.execute(MongoIterableImpl.java:130)
	at com.mongodb.MongoIterableImpl.iterator(MongoIterableImpl.java:77)
	at org.springframework.data.mongodb.core.MongoTemplate.executeFindMultiInternal(MongoTemplate.java:2440)
	... 100 more
10:45:39,406 DEBUG org.springframework.security.web.authentication.UsernamePasswordAuthenticationFilter:346 - Updated SecurityContextHolder to contain null Authentication
10:45:39,406 DEBUG org.springframework.security.web.authentication.UsernamePasswordAuthenticationFilter:346 - Updated SecurityContextHolder to contain null Authentication
10:45:39,407 DEBUG org.springframework.security.web.authentication.UsernamePasswordAuthenticationFilter:347 - Delegating to authentication failure handler pro.abacus.javatutor.security.AuthFailureHandler@625db0e0
10:45:39,407 DEBUG org.springframework.security.web.authentication.UsernamePasswordAuthenticationFilter:347 - Delegating to authentication failure handler pro.abacus.javatutor.security.AuthFailureHandler@625db0e0
10:45:39,407 DEBUG org.springframework.security.web.authentication.rememberme.TokenBasedRememberMeServices:289 - Interactive login attempt was unsuccessful.
10:45:39,407 DEBUG org.springframework.security.web.authentication.rememberme.TokenBasedRememberMeServices:289 - Interactive login attempt was unsuccessful.
10:45:39,407 DEBUG org.springframework.security.web.authentication.rememberme.TokenBasedRememberMeServices:384 - Cancelling cookie
10:45:39,407 DEBUG org.springframework.security.web.authentication.rememberme.TokenBasedRememberMeServices:384 - Cancelling cookie
10:45:39,409 DEBUG org.springframework.security.web.header.writers.HstsHeaderWriter:129 - Not injecting HSTS header since it did not match the requestMatcher org.springframework.security.web.header.writers.HstsHeaderWriter$SecureRequestMatcher@4e3ffd0
10:45:39,409 DEBUG org.springframework.security.web.header.writers.HstsHeaderWriter:129 - Not injecting HSTS header since it did not match the requestMatcher org.springframework.security.web.header.writers.HstsHeaderWriter$SecureRequestMatcher@4e3ffd0
10:45:39,410 DEBUG org.springframework.security.web.context.HttpSessionSecurityContextRepository:352 - SecurityContext is empty or contents are anonymous - context will not be stored in HttpSession.
10:45:39,410 DEBUG org.springframework.security.web.context.HttpSessionSecurityContextRepository:352 - SecurityContext is empty or contents are anonymous - context will not be stored in HttpSession.
10:45:39,410 DEBUG org.springframework.security.web.context.SecurityContextPersistenceFilter:119 - SecurityContextHolder now cleared, as request processing completed
10:45:39,410 DEBUG org.springframework.security.web.context.SecurityContextPersistenceFilter:119 - SecurityContextHolder now cleared, as request processing completed
10:45:39,411 DEBUG org.springframework.boot.web.servlet.filter.OrderedRequestContextFilter:104 - Cleared thread-bound request context: org.springframework.mock.web.MockHttpServletRequest@3f87780b
10:45:39,411 DEBUG org.springframework.boot.web.servlet.filter.OrderedRequestContextFilter:104 - Cleared thread-bound request context: org.springframework.mock.web.MockHttpServletRequest@3f87780b
10:45:39,413 DEBUG org.springframework.beans.factory.support.DefaultListableBeanFactory:254 - Returning cached instance of singleton bean 'springSecurityFilterChain'
10:45:39,413 DEBUG org.springframework.beans.factory.support.DefaultListableBeanFactory:254 - Returning cached instance of singleton bean 'springSecurityFilterChain'
10:45:39,413 DEBUG org.springframework.test.util.ReflectionTestUtils:433 - Invoking method 'getFilters' on target object [FilterChainProxy[Filter Chains: [[ Ant [pattern='/**', OPTIONS], []], [ org.springframework.security.web.util.matcher.AnyRequestMatcher@1, [org.springframework.security.web.context.request.async.WebAsyncManagerIntegrationFilter@495e8a3, org.springframework.security.web.context.SecurityContextPersistenceFilter@291cbe70, org.springframework.security.web.header.HeaderWriterFilter@57b3d869, org.springframework.web.filter.CorsFilter@6a7aa675, org.springframework.security.web.authentication.logout.LogoutFilter@1d654b5f, org.springframework.security.web.authentication.UsernamePasswordAuthenticationFilter@575d48db, org.springframework.security.web.authentication.ui.DefaultLoginPageGeneratingFilter@51468039, org.springframework.security.web.savedrequest.RequestCacheAwareFilter@6be422da, org.springframework.security.web.servletapi.SecurityContextHolderAwareRequestFilter@225ddf5f, org.springframework.security.web.authentication.rememberme.RememberMeAuthenticationFilter@1b36d248, org.springframework.security.web.authentication.AnonymousAuthenticationFilter@6eded11a, org.springframework.security.web.session.SessionManagementFilter@51f4439e, org.springframework.security.web.access.ExceptionTranslationFilter@5da3f32a, org.springframework.security.web.access.intercept.FilterSecurityInterceptor@66dd04e2]]]]] with arguments {org.springframework.mock.web.MockHttpServletRequest@3f87780b}
10:45:39,413 DEBUG org.springframework.test.util.ReflectionTestUtils:433 - Invoking method 'getFilters' on target object [FilterChainProxy[Filter Chains: [[ Ant [pattern='/**', OPTIONS], []], [ org.springframework.security.web.util.matcher.AnyRequestMatcher@1, [org.springframework.security.web.context.request.async.WebAsyncManagerIntegrationFilter@495e8a3, org.springframework.security.web.context.SecurityContextPersistenceFilter@291cbe70, org.springframework.security.web.header.HeaderWriterFilter@57b3d869, org.springframework.web.filter.CorsFilter@6a7aa675, org.springframework.security.web.authentication.logout.LogoutFilter@1d654b5f, org.springframework.security.web.authentication.UsernamePasswordAuthenticationFilter@575d48db, org.springframework.security.web.authentication.ui.DefaultLoginPageGeneratingFilter@51468039, org.springframework.security.web.savedrequest.RequestCacheAwareFilter@6be422da, org.springframework.security.web.servletapi.SecurityContextHolderAwareRequestFilter@225ddf5f, org.springframework.security.web.authentication.rememberme.RememberMeAuthenticationFilter@1b36d248, org.springframework.security.web.authentication.AnonymousAuthenticationFilter@6eded11a, org.springframework.security.web.session.SessionManagementFilter@51f4439e, org.springframework.security.web.access.ExceptionTranslationFilter@5da3f32a, org.springframework.security.web.access.intercept.FilterSecurityInterceptor@66dd04e2]]]]] with arguments {org.springframework.mock.web.MockHttpServletRequest@3f87780b}
10:45:39,414 DEBUG org.springframework.security.web.util.matcher.AntPathRequestMatcher:137 - Request 'POST /api/signin' doesn't match 'OPTIONS /**
10:45:39,414 DEBUG org.springframework.security.web.util.matcher.AntPathRequestMatcher:137 - Request 'POST /api/signin' doesn't match 'OPTIONS /**
10:45:39,415 DEBUG org.springframework.test.util.ReflectionTestUtils:275 - Getting field 'repo' from target object [org.springframework.security.web.context.SecurityContextPersistenceFilter@291cbe70] or target class [class org.springframework.security.web.context.SecurityContextPersistenceFilter]
10:45:39,415 DEBUG org.springframework.test.util.ReflectionTestUtils:275 - Getting field 'repo' from target object [org.springframework.security.web.context.SecurityContextPersistenceFilter@291cbe70] or target class [class org.springframework.security.web.context.SecurityContextPersistenceFilter]
10:45:39,415 DEBUG org.springframework.security.web.context.HttpSessionSecurityContextRepository:174 - No HttpSession currently exists
10:45:39,415 DEBUG org.springframework.security.web.context.HttpSessionSecurityContextRepository:174 - No HttpSession currently exists
10:45:39,416 DEBUG org.springframework.security.web.context.HttpSessionSecurityContextRepository:116 - No SecurityContext was available from the HttpSession: null. A new one will be created.
10:45:39,416 DEBUG org.springframework.security.web.context.HttpSessionSecurityContextRepository:116 - No SecurityContext was available from the HttpSession: null. A new one will be created.
10:45:39,416 TRACE org.springframework.test.context.TestContextManager:521 - afterTestExecution(): instance [pro.abacus.javatutor.SecurityIntegrationTest@19d76106], method [public void pro.abacus.javatutor.SecurityIntegrationTest.loginUser() throws java.lang.Exception], exception [java.lang.AssertionError: Authentication should not be null]
10:45:39,416 TRACE org.springframework.test.context.TestContextManager:521 - afterTestExecution(): instance [pro.abacus.javatutor.SecurityIntegrationTest@19d76106], method [public void pro.abacus.javatutor.SecurityIntegrationTest.loginUser() throws java.lang.Exception], exception [java.lang.AssertionError: Authentication should not be null]
10:45:39,417 TRACE org.springframework.test.context.TestContextManager:521 - afterTestMethod(): instance [pro.abacus.javatutor.SecurityIntegrationTest@19d76106], method [public void pro.abacus.javatutor.SecurityIntegrationTest.loginUser() throws java.lang.Exception], exception [java.lang.AssertionError: Authentication should not be null]
10:45:39,417 TRACE org.springframework.test.context.TestContextManager:521 - afterTestMethod(): instance [pro.abacus.javatutor.SecurityIntegrationTest@19d76106], method [public void pro.abacus.javatutor.SecurityIntegrationTest.loginUser() throws java.lang.Exception], exception [java.lang.AssertionError: Authentication should not be null]
10:45:39,418 DEBUG org.springframework.test.context.cache.DefaultCacheAwareContextLoaderDelegate:130 - Retrieved ApplicationContext from cache with key [[WebMergedContextConfiguration@1f5d7fd5 testClass = SecurityIntegrationTest, locations = '{}', classes = '{class pro.abacus.javatutor.JavaTutorApplication}', contextInitializerClasses = '[]', activeProfiles = '{}', propertySourceLocations = '{}', propertySourceProperties = '{org.springframework.boot.test.context.SpringBootTestContextBootstrapper=true}', contextCustomizers = set[[ImportsContextCustomizer@cf08c97 key = [org.springframework.boot.test.autoconfigure.web.servlet.MockMvcAutoConfiguration, org.springframework.boot.test.autoconfigure.web.servlet.MockMvcSecurityAutoConfiguration, org.springframework.boot.test.autoconfigure.web.servlet.MockMvcWebClientAutoConfiguration, org.springframework.boot.test.autoconfigure.web.servlet.MockMvcWebDriverAutoConfiguration]], org.springframework.boot.test.context.filter.ExcludeFilterContextCustomizer@290dbf45, org.springframework.boot.test.json.DuplicateJsonObjectContextCustomizerFactory$DuplicateJsonObjectContextCustomizer@69a10787, org.springframework.boot.test.mock.mockito.MockitoContextCustomizer@0, org.springframework.boot.test.web.client.TestRestTemplateContextCustomizer@712cfb63, org.springframework.boot.test.autoconfigure.properties.PropertyMappingContextCustomizer@e7e8512, org.springframework.boot.test.autoconfigure.web.servlet.WebDriverContextCustomizerFactory$Customizer@7f9fcf7f], resourceBasePath = 'src/main/webapp', contextLoader = 'org.springframework.boot.test.context.SpringBootContextLoader', parent = [null]]]
10:45:39,418 DEBUG org.springframework.test.context.cache.DefaultCacheAwareContextLoaderDelegate:130 - Retrieved ApplicationContext from cache with key [[WebMergedContextConfiguration@1f5d7fd5 testClass = SecurityIntegrationTest, locations = '{}', classes = '{class pro.abacus.javatutor.JavaTutorApplication}', contextInitializerClasses = '[]', activeProfiles = '{}', propertySourceLocations = '{}', propertySourceProperties = '{org.springframework.boot.test.context.SpringBootTestContextBootstrapper=true}', contextCustomizers = set[[ImportsContextCustomizer@cf08c97 key = [org.springframework.boot.test.autoconfigure.web.servlet.MockMvcAutoConfiguration, org.springframework.boot.test.autoconfigure.web.servlet.MockMvcSecurityAutoConfiguration, org.springframework.boot.test.autoconfigure.web.servlet.MockMvcWebClientAutoConfiguration, org.springframework.boot.test.autoconfigure.web.servlet.MockMvcWebDriverAutoConfiguration]], org.springframework.boot.test.context.filter.ExcludeFilterContextCustomizer@290dbf45, org.springframework.boot.test.json.DuplicateJsonObjectContextCustomizerFactory$DuplicateJsonObjectContextCustomizer@69a10787, org.springframework.boot.test.mock.mockito.MockitoContextCustomizer@0, org.springframework.boot.test.web.client.TestRestTemplateContextCustomizer@712cfb63, org.springframework.boot.test.autoconfigure.properties.PropertyMappingContextCustomizer@e7e8512, org.springframework.boot.test.autoconfigure.web.servlet.WebDriverContextCustomizerFactory$Customizer@7f9fcf7f], resourceBasePath = 'src/main/webapp', contextLoader = 'org.springframework.boot.test.context.SpringBootContextLoader', parent = [null]]]
10:45:39,419 DEBUG org.springframework.test.context.cache:290 - Spring test ApplicationContext cache statistics: [DefaultContextCache@1431267b size = 6, maxSize = 32, parentContextCount = 0, hitCount = 85, missCount = 6]
10:45:39,419 DEBUG org.springframework.test.context.cache:290 - Spring test ApplicationContext cache statistics: [DefaultContextCache@1431267b size = 6, maxSize = 32, parentContextCount = 0, hitCount = 85, missCount = 6]
10:45:39,419 DEBUG org.springframework.test.context.cache.DefaultCacheAwareContextLoaderDelegate:130 - Retrieved ApplicationContext from cache with key [[WebMergedContextConfiguration@1f5d7fd5 testClass = SecurityIntegrationTest, locations = '{}', classes = '{class pro.abacus.javatutor.JavaTutorApplication}', contextInitializerClasses = '[]', activeProfiles = '{}', propertySourceLocations = '{}', propertySourceProperties = '{org.springframework.boot.test.context.SpringBootTestContextBootstrapper=true}', contextCustomizers = set[[ImportsContextCustomizer@cf08c97 key = [org.springframework.boot.test.autoconfigure.web.servlet.MockMvcAutoConfiguration, org.springframework.boot.test.autoconfigure.web.servlet.MockMvcSecurityAutoConfiguration, org.springframework.boot.test.autoconfigure.web.servlet.MockMvcWebClientAutoConfiguration, org.springframework.boot.test.autoconfigure.web.servlet.MockMvcWebDriverAutoConfiguration]], org.springframework.boot.test.context.filter.ExcludeFilterContextCustomizer@290dbf45, org.springframework.boot.test.json.DuplicateJsonObjectContextCustomizerFactory$DuplicateJsonObjectContextCustomizer@69a10787, org.springframework.boot.test.mock.mockito.MockitoContextCustomizer@0, org.springframework.boot.test.web.client.TestRestTemplateContextCustomizer@712cfb63, org.springframework.boot.test.autoconfigure.properties.PropertyMappingContextCustomizer@e7e8512, org.springframework.boot.test.autoconfigure.web.servlet.WebDriverContextCustomizerFactory$Customizer@7f9fcf7f], resourceBasePath = 'src/main/webapp', contextLoader = 'org.springframework.boot.test.context.SpringBootContextLoader', parent = [null]]]
10:45:39,419 DEBUG org.springframework.test.context.cache.DefaultCacheAwareContextLoaderDelegate:130 - Retrieved ApplicationContext from cache with key [[WebMergedContextConfiguration@1f5d7fd5 testClass = SecurityIntegrationTest, locations = '{}', classes = '{class pro.abacus.javatutor.JavaTutorApplication}', contextInitializerClasses = '[]', activeProfiles = '{}', propertySourceLocations = '{}', propertySourceProperties = '{org.springframework.boot.test.context.SpringBootTestContextBootstrapper=true}', contextCustomizers = set[[ImportsContextCustomizer@cf08c97 key = [org.springframework.boot.test.autoconfigure.web.servlet.MockMvcAutoConfiguration, org.springframework.boot.test.autoconfigure.web.servlet.MockMvcSecurityAutoConfiguration, org.springframework.boot.test.autoconfigure.web.servlet.MockMvcWebClientAutoConfiguration, org.springframework.boot.test.autoconfigure.web.servlet.MockMvcWebDriverAutoConfiguration]], org.springframework.boot.test.context.filter.ExcludeFilterContextCustomizer@290dbf45, org.springframework.boot.test.json.DuplicateJsonObjectContextCustomizerFactory$DuplicateJsonObjectContextCustomizer@69a10787, org.springframework.boot.test.mock.mockito.MockitoContextCustomizer@0, org.springframework.boot.test.web.client.TestRestTemplateContextCustomizer@712cfb63, org.springframework.boot.test.autoconfigure.properties.PropertyMappingContextCustomizer@e7e8512, org.springframework.boot.test.autoconfigure.web.servlet.WebDriverContextCustomizerFactory$Customizer@7f9fcf7f], resourceBasePath = 'src/main/webapp', contextLoader = 'org.springframework.boot.test.context.SpringBootContextLoader', parent = [null]]]
10:45:39,420 DEBUG org.springframework.test.context.cache:290 - Spring test ApplicationContext cache statistics: [DefaultContextCache@1431267b size = 6, maxSize = 32, parentContextCount = 0, hitCount = 86, missCount = 6]
10:45:39,420 DEBUG org.springframework.test.context.cache:290 - Spring test ApplicationContext cache statistics: [DefaultContextCache@1431267b size = 6, maxSize = 32, parentContextCount = 0, hitCount = 86, missCount = 6]
10:45:39,420 DEBUG org.springframework.beans.factory.support.DefaultListableBeanFactory:254 - Returning cached instance of singleton bean 'org.springframework.boot.test.autoconfigure.web.servlet.SpringBootMockMvcBuilderCustomizer$DeferredLinesWriter'
10:45:39,420 DEBUG org.springframework.beans.factory.support.DefaultListableBeanFactory:254 - Returning cached instance of singleton bean 'org.springframework.boot.test.autoconfigure.web.servlet.SpringBootMockMvcBuilderCustomizer$DeferredLinesWriter'

MockHttpServletRequest:
      HTTP Method = GET
      Request URI = /api/signup
       Parameters = {}
          Headers = {}
             Body = null
    Session Attrs = {}

Handler:
             Type = pro.abacus.javatutor.controller.RegistrationController
           Method = public void pro.abacus.javatutor.controller.RegistrationController.register()

Async:
    Async started = false
     Async result = null

Resolved Exception:
             Type = null

ModelAndView:
        View name = null
             View = null
            Model = null

FlashMap:
       Attributes = null

MockHttpServletResponse:
           Status = 200
    Error message = null
          Headers = {X-Content-Type-Options=[nosniff], X-XSS-Protection=[1; mode=block], Cache-Control=[no-cache, no-store, max-age=0, must-revalidate], Pragma=[no-cache], Expires=[0]}
     Content type = null
             Body = 
    Forwarded URL = null
   Redirected URL = null
          Cookies = []

MockHttpServletRequest:
      HTTP Method = POST
      Request URI = /api/signin
       Parameters = {username=[Tom], password=[qwerty], _csrf=[d41d9bb4-f64b-4fda-86b8-77a51ce8960e]}
          Headers = {Accept=[application/x-www-form-urlencoded]}
             Body = null
    Session Attrs = {}

Handler:
             Type = null

Async:
    Async started = false
     Async result = null

Resolved Exception:
             Type = null

ModelAndView:
        View name = null
             View = null
            Model = null

FlashMap:
       Attributes = null

MockHttpServletResponse:
           Status = 401
    Error message = Authentication failed
          Headers = {Set-Cookie=[remember-me=; Path=/; Max-Age=0; Expires=Thu, 1 Jan 1970 00:00:00 GMT], X-Content-Type-Options=[nosniff], X-XSS-Protection=[1; mode=block], Cache-Control=[no-cache, no-store, max-age=0, must-revalidate], Pragma=[no-cache], Expires=[0]}
     Content type = null
             Body = 
    Forwarded URL = null
   Redirected URL = null
          Cookies = [[Cookie@511d568f name = 'remember-me', value = [null], comment = [null], domain = [null], maxAge = 0, path = '/', secure = false, version = 0, httpOnly = false]]

MockHttpServletRequest:
      HTTP Method = POST
      Request URI = /api/signin
       Parameters = {username=[Tom], password=[qwerty], _csrf=[89ab7912-a211-4565-8b4a-962b3d77050c]}
          Headers = {Accept=[application/x-www-form-urlencoded]}
             Body = null
    Session Attrs = {}

Handler:
             Type = null

Async:
    Async started = false
     Async result = null

Resolved Exception:
             Type = null

ModelAndView:
        View name = null
             View = null
            Model = null

FlashMap:
       Attributes = null

MockHttpServletResponse:
           Status = 401
    Error message = Authentication failed
          Headers = {Set-Cookie=[remember-me=; Path=/; Max-Age=0; Expires=Thu, 1 Jan 1970 00:00:00 GMT], X-Content-Type-Options=[nosniff], X-XSS-Protection=[1; mode=block], Cache-Control=[no-cache, no-store, max-age=0, must-revalidate], Pragma=[no-cache], Expires=[0]}
     Content type = null
             Body = 
    Forwarded URL = null
   Redirected URL = null
          Cookies = [[Cookie@240f2efd name = 'remember-me', value = [null], comment = [null], domain = [null], maxAge = 0, path = '/', secure = false, version = 0, httpOnly = false]]
10:45:39,423 DEBUG org.springframework.test.context.cache.DefaultCacheAwareContextLoaderDelegate:130 - Retrieved ApplicationContext from cache with key [[WebMergedContextConfiguration@1f5d7fd5 testClass = SecurityIntegrationTest, locations = '{}', classes = '{class pro.abacus.javatutor.JavaTutorApplication}', contextInitializerClasses = '[]', activeProfiles = '{}', propertySourceLocations = '{}', propertySourceProperties = '{org.springframework.boot.test.context.SpringBootTestContextBootstrapper=true}', contextCustomizers = set[[ImportsContextCustomizer@cf08c97 key = [org.springframework.boot.test.autoconfigure.web.servlet.MockMvcAutoConfiguration, org.springframework.boot.test.autoconfigure.web.servlet.MockMvcSecurityAutoConfiguration, org.springframework.boot.test.autoconfigure.web.servlet.MockMvcWebClientAutoConfiguration, org.springframework.boot.test.autoconfigure.web.servlet.MockMvcWebDriverAutoConfiguration]], org.springframework.boot.test.context.filter.ExcludeFilterContextCustomizer@290dbf45, org.springframework.boot.test.json.DuplicateJsonObjectContextCustomizerFactory$DuplicateJsonObjectContextCustomizer@69a10787, org.springframework.boot.test.mock.mockito.MockitoContextCustomizer@0, org.springframework.boot.test.web.client.TestRestTemplateContextCustomizer@712cfb63, org.springframework.boot.test.autoconfigure.properties.PropertyMappingContextCustomizer@e7e8512, org.springframework.boot.test.autoconfigure.web.servlet.WebDriverContextCustomizerFactory$Customizer@7f9fcf7f], resourceBasePath = 'src/main/webapp', contextLoader = 'org.springframework.boot.test.context.SpringBootContextLoader', parent = [null]]]
10:45:39,423 DEBUG org.springframework.test.context.cache.DefaultCacheAwareContextLoaderDelegate:130 - Retrieved ApplicationContext from cache with key [[WebMergedContextConfiguration@1f5d7fd5 testClass = SecurityIntegrationTest, locations = '{}', classes = '{class pro.abacus.javatutor.JavaTutorApplication}', contextInitializerClasses = '[]', activeProfiles = '{}', propertySourceLocations = '{}', propertySourceProperties = '{org.springframework.boot.test.context.SpringBootTestContextBootstrapper=true}', contextCustomizers = set[[ImportsContextCustomizer@cf08c97 key = [org.springframework.boot.test.autoconfigure.web.servlet.MockMvcAutoConfiguration, org.springframework.boot.test.autoconfigure.web.servlet.MockMvcSecurityAutoConfiguration, org.springframework.boot.test.autoconfigure.web.servlet.MockMvcWebClientAutoConfiguration, org.springframework.boot.test.autoconfigure.web.servlet.MockMvcWebDriverAutoConfiguration]], org.springframework.boot.test.context.filter.ExcludeFilterContextCustomizer@290dbf45, org.springframework.boot.test.json.DuplicateJsonObjectContextCustomizerFactory$DuplicateJsonObjectContextCustomizer@69a10787, org.springframework.boot.test.mock.mockito.MockitoContextCustomizer@0, org.springframework.boot.test.web.client.TestRestTemplateContextCustomizer@712cfb63, org.springframework.boot.test.autoconfigure.properties.PropertyMappingContextCustomizer@e7e8512, org.springframework.boot.test.autoconfigure.web.servlet.WebDriverContextCustomizerFactory$Customizer@7f9fcf7f], resourceBasePath = 'src/main/webapp', contextLoader = 'org.springframework.boot.test.context.SpringBootContextLoader', parent = [null]]]
10:45:39,424 DEBUG org.springframework.test.context.cache:290 - Spring test ApplicationContext cache statistics: [DefaultContextCache@1431267b size = 6, maxSize = 32, parentContextCount = 0, hitCount = 87, missCount = 6]
10:45:39,424 DEBUG org.springframework.test.context.cache:290 - Spring test ApplicationContext cache statistics: [DefaultContextCache@1431267b size = 6, maxSize = 32, parentContextCount = 0, hitCount = 87, missCount = 6]
10:45:39,427 DEBUG org.springframework.test.context.cache.DefaultCacheAwareContextLoaderDelegate:130 - Retrieved ApplicationContext from cache with key [[WebMergedContextConfiguration@1f5d7fd5 testClass = SecurityIntegrationTest, locations = '{}', classes = '{class pro.abacus.javatutor.JavaTutorApplication}', contextInitializerClasses = '[]', activeProfiles = '{}', propertySourceLocations = '{}', propertySourceProperties = '{org.springframework.boot.test.context.SpringBootTestContextBootstrapper=true}', contextCustomizers = set[[ImportsContextCustomizer@cf08c97 key = [org.springframework.boot.test.autoconfigure.web.servlet.MockMvcAutoConfiguration, org.springframework.boot.test.autoconfigure.web.servlet.MockMvcSecurityAutoConfiguration, org.springframework.boot.test.autoconfigure.web.servlet.MockMvcWebClientAutoConfiguration, org.springframework.boot.test.autoconfigure.web.servlet.MockMvcWebDriverAutoConfiguration]], org.springframework.boot.test.context.filter.ExcludeFilterContextCustomizer@290dbf45, org.springframework.boot.test.json.DuplicateJsonObjectContextCustomizerFactory$DuplicateJsonObjectContextCustomizer@69a10787, org.springframework.boot.test.mock.mockito.MockitoContextCustomizer@0, org.springframework.boot.test.web.client.TestRestTemplateContextCustomizer@712cfb63, org.springframework.boot.test.autoconfigure.properties.PropertyMappingContextCustomizer@e7e8512, org.springframework.boot.test.autoconfigure.web.servlet.WebDriverContextCustomizerFactory$Customizer@7f9fcf7f], resourceBasePath = 'src/main/webapp', contextLoader = 'org.springframework.boot.test.context.SpringBootContextLoader', parent = [null]]]
10:45:39,427 DEBUG org.springframework.test.context.cache.DefaultCacheAwareContextLoaderDelegate:130 - Retrieved ApplicationContext from cache with key [[WebMergedContextConfiguration@1f5d7fd5 testClass = SecurityIntegrationTest, locations = '{}', classes = '{class pro.abacus.javatutor.JavaTutorApplication}', contextInitializerClasses = '[]', activeProfiles = '{}', propertySourceLocations = '{}', propertySourceProperties = '{org.springframework.boot.test.context.SpringBootTestContextBootstrapper=true}', contextCustomizers = set[[ImportsContextCustomizer@cf08c97 key = [org.springframework.boot.test.autoconfigure.web.servlet.MockMvcAutoConfiguration, org.springframework.boot.test.autoconfigure.web.servlet.MockMvcSecurityAutoConfiguration, org.springframework.boot.test.autoconfigure.web.servlet.MockMvcWebClientAutoConfiguration, org.springframework.boot.test.autoconfigure.web.servlet.MockMvcWebDriverAutoConfiguration]], org.springframework.boot.test.context.filter.ExcludeFilterContextCustomizer@290dbf45, org.springframework.boot.test.json.DuplicateJsonObjectContextCustomizerFactory$DuplicateJsonObjectContextCustomizer@69a10787, org.springframework.boot.test.mock.mockito.MockitoContextCustomizer@0, org.springframework.boot.test.web.client.TestRestTemplateContextCustomizer@712cfb63, org.springframework.boot.test.autoconfigure.properties.PropertyMappingContextCustomizer@e7e8512, org.springframework.boot.test.autoconfigure.web.servlet.WebDriverContextCustomizerFactory$Customizer@7f9fcf7f], resourceBasePath = 'src/main/webapp', contextLoader = 'org.springframework.boot.test.context.SpringBootContextLoader', parent = [null]]]
10:45:39,428 DEBUG org.springframework.test.context.cache:290 - Spring test ApplicationContext cache statistics: [DefaultContextCache@1431267b size = 6, maxSize = 32, parentContextCount = 0, hitCount = 88, missCount = 6]
10:45:39,428 DEBUG org.springframework.test.context.cache:290 - Spring test ApplicationContext cache statistics: [DefaultContextCache@1431267b size = 6, maxSize = 32, parentContextCount = 0, hitCount = 88, missCount = 6]
10:45:39,429 DEBUG org.springframework.beans.factory.support.DefaultListableBeanFactory:254 - Returning cached instance of singleton bean 'org.springframework.boot.test.mock.mockito.MockitoBeans'
10:45:39,429 DEBUG org.springframework.beans.factory.support.DefaultListableBeanFactory:254 - Returning cached instance of singleton bean 'org.springframework.boot.test.mock.mockito.MockitoBeans'
10:45:39,430 DEBUG org.springframework.test.context.support.AbstractDirtiesContextTestExecutionListener:107 - After test method: context [DefaultTestContext@be616f0 testClass = SecurityIntegrationTest, testInstance = pro.abacus.javatutor.SecurityIntegrationTest@19d76106, testMethod = loginUser@SecurityIntegrationTest, testException = java.lang.AssertionError: Authentication should not be null, mergedContextConfiguration = [WebMergedContextConfiguration@1f5d7fd5 testClass = SecurityIntegrationTest, locations = '{}', classes = '{class pro.abacus.javatutor.JavaTutorApplication}', contextInitializerClasses = '[]', activeProfiles = '{}', propertySourceLocations = '{}', propertySourceProperties = '{org.springframework.boot.test.context.SpringBootTestContextBootstrapper=true}', contextCustomizers = set[[ImportsContextCustomizer@cf08c97 key = [org.springframework.boot.test.autoconfigure.web.servlet.MockMvcAutoConfiguration, org.springframework.boot.test.autoconfigure.web.servlet.MockMvcSecurityAutoConfiguration, org.springframework.boot.test.autoconfigure.web.servlet.MockMvcWebClientAutoConfiguration, org.springframework.boot.test.autoconfigure.web.servlet.MockMvcWebDriverAutoConfiguration]], org.springframework.boot.test.context.filter.ExcludeFilterContextCustomizer@290dbf45, org.springframework.boot.test.json.DuplicateJsonObjectContextCustomizerFactory$DuplicateJsonObjectContextCustomizer@69a10787, org.springframework.boot.test.mock.mockito.MockitoContextCustomizer@0, org.springframework.boot.test.web.client.TestRestTemplateContextCustomizer@712cfb63, org.springframework.boot.test.autoconfigure.properties.PropertyMappingContextCustomizer@e7e8512, org.springframework.boot.test.autoconfigure.web.servlet.WebDriverContextCustomizerFactory$Customizer@7f9fcf7f], resourceBasePath = 'src/main/webapp', contextLoader = 'org.springframework.boot.test.context.SpringBootContextLoader', parent = [null]], attributes = map['org.springframework.test.context.web.ServletTestExecutionListener.activateListener' -> true, 'org.springframework.test.context.web.ServletTestExecutionListener.populatedRequestContextHolder' -> true, 'org.springframework.test.context.web.ServletTestExecutionListener.resetRequestContextHolder' -> true]], class annotated with @DirtiesContext [false] with mode [null], method annotated with @DirtiesContext [false] with mode [null].
10:45:39,430 DEBUG org.springframework.test.context.support.AbstractDirtiesContextTestExecutionListener:107 - After test method: context [DefaultTestContext@be616f0 testClass = SecurityIntegrationTest, testInstance = pro.abacus.javatutor.SecurityIntegrationTest@19d76106, testMethod = loginUser@SecurityIntegrationTest, testException = java.lang.AssertionError: Authentication should not be null, mergedContextConfiguration = [WebMergedContextConfiguration@1f5d7fd5 testClass = SecurityIntegrationTest, locations = '{}', classes = '{class pro.abacus.javatutor.JavaTutorApplication}', contextInitializerClasses = '[]', activeProfiles = '{}', propertySourceLocations = '{}', propertySourceProperties = '{org.springframework.boot.test.context.SpringBootTestContextBootstrapper=true}', contextCustomizers = set[[ImportsContextCustomizer@cf08c97 key = [org.springframework.boot.test.autoconfigure.web.servlet.MockMvcAutoConfiguration, org.springframework.boot.test.autoconfigure.web.servlet.MockMvcSecurityAutoConfiguration, org.springframework.boot.test.autoconfigure.web.servlet.MockMvcWebClientAutoConfiguration, org.springframework.boot.test.autoconfigure.web.servlet.MockMvcWebDriverAutoConfiguration]], org.springframework.boot.test.context.filter.ExcludeFilterContextCustomizer@290dbf45, org.springframework.boot.test.json.DuplicateJsonObjectContextCustomizerFactory$DuplicateJsonObjectContextCustomizer@69a10787, org.springframework.boot.test.mock.mockito.MockitoContextCustomizer@0, org.springframework.boot.test.web.client.TestRestTemplateContextCustomizer@712cfb63, org.springframework.boot.test.autoconfigure.properties.PropertyMappingContextCustomizer@e7e8512, org.springframework.boot.test.autoconfigure.web.servlet.WebDriverContextCustomizerFactory$Customizer@7f9fcf7f], resourceBasePath = 'src/main/webapp', contextLoader = 'org.springframework.boot.test.context.SpringBootContextLoader', parent = [null]], attributes = map['org.springframework.test.context.web.ServletTestExecutionListener.activateListener' -> true, 'org.springframework.test.context.web.ServletTestExecutionListener.populatedRequestContextHolder' -> true, 'org.springframework.test.context.web.ServletTestExecutionListener.resetRequestContextHolder' -> true]], class annotated with @DirtiesContext [false] with mode [null], method annotated with @DirtiesContext [false] with mode [null].
10:45:39,431 DEBUG org.springframework.test.context.web.ServletTestExecutionListener:166 - Resetting RequestContextHolder for test context [DefaultTestContext@be616f0 testClass = SecurityIntegrationTest, testInstance = pro.abacus.javatutor.SecurityIntegrationTest@19d76106, testMethod = loginUser@SecurityIntegrationTest, testException = java.lang.AssertionError: Authentication should not be null, mergedContextConfiguration = [WebMergedContextConfiguration@1f5d7fd5 testClass = SecurityIntegrationTest, locations = '{}', classes = '{class pro.abacus.javatutor.JavaTutorApplication}', contextInitializerClasses = '[]', activeProfiles = '{}', propertySourceLocations = '{}', propertySourceProperties = '{org.springframework.boot.test.context.SpringBootTestContextBootstrapper=true}', contextCustomizers = set[[ImportsContextCustomizer@cf08c97 key = [org.springframework.boot.test.autoconfigure.web.servlet.MockMvcAutoConfiguration, org.springframework.boot.test.autoconfigure.web.servlet.MockMvcSecurityAutoConfiguration, org.springframework.boot.test.autoconfigure.web.servlet.MockMvcWebClientAutoConfiguration, org.springframework.boot.test.autoconfigure.web.servlet.MockMvcWebDriverAutoConfiguration]], org.springframework.boot.test.context.filter.ExcludeFilterContextCustomizer@290dbf45, org.springframework.boot.test.json.DuplicateJsonObjectContextCustomizerFactory$DuplicateJsonObjectContextCustomizer@69a10787, org.springframework.boot.test.mock.mockito.MockitoContextCustomizer@0, org.springframework.boot.test.web.client.TestRestTemplateContextCustomizer@712cfb63, org.springframework.boot.test.autoconfigure.properties.PropertyMappingContextCustomizer@e7e8512, org.springframework.boot.test.autoconfigure.web.servlet.WebDriverContextCustomizerFactory$Customizer@7f9fcf7f], resourceBasePath = 'src/main/webapp', contextLoader = 'org.springframework.boot.test.context.SpringBootContextLoader', parent = [null]], attributes = map['org.springframework.test.context.web.ServletTestExecutionListener.activateListener' -> true, 'org.springframework.test.context.web.ServletTestExecutionListener.populatedRequestContextHolder' -> true, 'org.springframework.test.context.web.ServletTestExecutionListener.resetRequestContextHolder' -> true]].
10:45:39,431 DEBUG org.springframework.test.context.web.ServletTestExecutionListener:166 - Resetting RequestContextHolder for test context [DefaultTestContext@be616f0 testClass = SecurityIntegrationTest, testInstance = pro.abacus.javatutor.SecurityIntegrationTest@19d76106, testMethod = loginUser@SecurityIntegrationTest, testException = java.lang.AssertionError: Authentication should not be null, mergedContextConfiguration = [WebMergedContextConfiguration@1f5d7fd5 testClass = SecurityIntegrationTest, locations = '{}', classes = '{class pro.abacus.javatutor.JavaTutorApplication}', contextInitializerClasses = '[]', activeProfiles = '{}', propertySourceLocations = '{}', propertySourceProperties = '{org.springframework.boot.test.context.SpringBootTestContextBootstrapper=true}', contextCustomizers = set[[ImportsContextCustomizer@cf08c97 key = [org.springframework.boot.test.autoconfigure.web.servlet.MockMvcAutoConfiguration, org.springframework.boot.test.autoconfigure.web.servlet.MockMvcSecurityAutoConfiguration, org.springframework.boot.test.autoconfigure.web.servlet.MockMvcWebClientAutoConfiguration, org.springframework.boot.test.autoconfigure.web.servlet.MockMvcWebDriverAutoConfiguration]], org.springframework.boot.test.context.filter.ExcludeFilterContextCustomizer@290dbf45, org.springframework.boot.test.json.DuplicateJsonObjectContextCustomizerFactory$DuplicateJsonObjectContextCustomizer@69a10787, org.springframework.boot.test.mock.mockito.MockitoContextCustomizer@0, org.springframework.boot.test.web.client.TestRestTemplateContextCustomizer@712cfb63, org.springframework.boot.test.autoconfigure.properties.PropertyMappingContextCustomizer@e7e8512, org.springframework.boot.test.autoconfigure.web.servlet.WebDriverContextCustomizerFactory$Customizer@7f9fcf7f], resourceBasePath = 'src/main/webapp', contextLoader = 'org.springframework.boot.test.context.SpringBootContextLoader', parent = [null]], attributes = map['org.springframework.test.context.web.ServletTestExecutionListener.activateListener' -> true, 'org.springframework.test.context.web.ServletTestExecutionListener.populatedRequestContextHolder' -> true, 'org.springframework.test.context.web.ServletTestExecutionListener.resetRequestContextHolder' -> true]].
]]></system-out>
  </testcase>
  <testcase name="accessProtectedApiRedirectsToLogin" classname="pro.abacus.javatutor.SecurityIntegrationTest" time="0.181"/>
  <testcase name="loginInvalidUser" classname="pro.abacus.javatutor.SecurityIntegrationTest" time="30.165"/>
</testsuite>