<?xml version="1.0" encoding="UTF-8"?>
<testsuite xmlns:xsi="http://www.w3.org/2001/XMLSchema-instance" xsi:noNamespaceSchemaLocation="https://maven.apache.org/surefire/maven-surefire-plugin/xsd/surefire-test-report.xsd" name="pro.abacus.javatutor.repository.UserRepositoryTest" time="64.206" tests="2" errors="2" skipped="0" failures="0">
  <properties>
    <property name="sun.desktop" value="windows"/>
    <property name="awt.toolkit" value="sun.awt.windows.WToolkit"/>
    <property name="file.encoding.pkg" value="sun.io"/>
    <property name="java.specification.version" value="1.8"/>
    <property name="sun.cpu.isalist" value="amd64"/>
    <property name="sun.jnu.encoding" value="Cp1252"/>
    <property name="java.class.path" value="E:\java\repos\JavaTutorAPI\javatutor\target\test-classes;E:\java\repos\JavaTutorAPI\javatutor\target\classes;C:\Users\Maryna Savchenko\.m2\repository\org\springframework\boot\spring-boot-starter-web\2.0.2.RELEASE\spring-boot-starter-web-2.0.2.RELEASE.jar;C:\Users\Maryna Savchenko\.m2\repository\org\springframework\boot\spring-boot-starter\2.0.2.RELEASE\spring-boot-starter-2.0.2.RELEASE.jar;C:\Users\Maryna Savchenko\.m2\repository\javax\annotation\javax.annotation-api\1.3.2\javax.annotation-api-1.3.2.jar;C:\Users\Maryna Savchenko\.m2\repository\org\yaml\snakeyaml\1.19\snakeyaml-1.19.jar;C:\Users\Maryna Savchenko\.m2\repository\org\springframework\boot\spring-boot-starter-json\2.0.2.RELEASE\spring-boot-starter-json-2.0.2.RELEASE.jar;C:\Users\Maryna Savchenko\.m2\repository\com\fasterxml\jackson\core\jackson-databind\2.9.5\jackson-databind-2.9.5.jar;C:\Users\Maryna Savchenko\.m2\repository\com\fasterxml\jackson\core\jackson-annotations\2.9.0\jackson-annotations-2.9.0.jar;C:\Users\Maryna Savchenko\.m2\repository\com\fasterxml\jackson\core\jackson-core\2.9.5\jackson-core-2.9.5.jar;C:\Users\Maryna Savchenko\.m2\repository\com\fasterxml\jackson\datatype\jackson-datatype-jdk8\2.9.5\jackson-datatype-jdk8-2.9.5.jar;C:\Users\Maryna Savchenko\.m2\repository\com\fasterxml\jackson\datatype\jackson-datatype-jsr310\2.9.5\jackson-datatype-jsr310-2.9.5.jar;C:\Users\Maryna Savchenko\.m2\repository\com\fasterxml\jackson\module\jackson-module-parameter-names\2.9.5\jackson-module-parameter-names-2.9.5.jar;C:\Users\Maryna Savchenko\.m2\repository\org\springframework\boot\spring-boot-starter-tomcat\2.0.2.RELEASE\spring-boot-starter-tomcat-2.0.2.RELEASE.jar;C:\Users\Maryna Savchenko\.m2\repository\org\apache\tomcat\embed\tomcat-embed-websocket\8.5.31\tomcat-embed-websocket-8.5.31.jar;C:\Users\Maryna Savchenko\.m2\repository\org\hibernate\validator\hibernate-validator\6.0.9.Final\hibernate-validator-6.0.9.Final.jar;C:\Users\Maryna Savchenko\.m2\repository\javax\validation\validation-api\2.0.1.Final\validation-api-2.0.1.Final.jar;C:\Users\Maryna Savchenko\.m2\repository\org\jboss\logging\jboss-logging\3.3.2.Final\jboss-logging-3.3.2.Final.jar;C:\Users\Maryna Savchenko\.m2\repository\com\fasterxml\classmate\1.3.4\classmate-1.3.4.jar;C:\Users\Maryna Savchenko\.m2\repository\org\springframework\spring-web\5.0.6.RELEASE\spring-web-5.0.6.RELEASE.jar;C:\Users\Maryna Savchenko\.m2\repository\org\springframework\spring-beans\5.0.6.RELEASE\spring-beans-5.0.6.RELEASE.jar;C:\Users\Maryna Savchenko\.m2\repository\org\springframework\spring-webmvc\5.0.6.RELEASE\spring-webmvc-5.0.6.RELEASE.jar;C:\Users\Maryna Savchenko\.m2\repository\org\springframework\spring-context\5.0.6.RELEASE\spring-context-5.0.6.RELEASE.jar;C:\Users\Maryna Savchenko\.m2\repository\org\springframework\spring-expression\5.0.6.RELEASE\spring-expression-5.0.6.RELEASE.jar;C:\Users\Maryna Savchenko\.m2\repository\org\slf4j\jcl-over-slf4j\1.7.25\jcl-over-slf4j-1.7.25.jar;C:\Users\Maryna Savchenko\.m2\repository\org\slf4j\slf4j-api\1.7.25\slf4j-api-1.7.25.jar;C:\Users\Maryna Savchenko\.m2\repository\org\slf4j\jul-to-slf4j\1.7.25\jul-to-slf4j-1.7.25.jar;C:\Users\Maryna Savchenko\.m2\repository\org\slf4j\slf4j-log4j12\1.7.25\slf4j-log4j12-1.7.25.jar;C:\Users\Maryna Savchenko\.m2\repository\log4j\log4j\1.2.17\log4j-1.2.17.jar;C:\Users\Maryna Savchenko\.m2\repository\org\springframework\boot\spring-boot-starter-data-mongodb\2.0.2.RELEASE\spring-boot-starter-data-mongodb-2.0.2.RELEASE.jar;C:\Users\Maryna Savchenko\.m2\repository\org\mongodb\mongodb-driver\3.6.0\mongodb-driver-3.6.0.jar;C:\Users\Maryna Savchenko\.m2\repository\org\mongodb\bson\3.6.0\bson-3.6.0.jar;C:\Users\Maryna Savchenko\.m2\repository\org\mongodb\mongodb-driver-core\3.6.0\mongodb-driver-core-3.6.0.jar;C:\Users\Maryna Savchenko\.m2\repository\org\springframework\data\spring-data-mongodb\2.0.7.RELEASE\spring-data-mongodb-2.0.7.RELEASE.jar;C:\Users\Maryna Savchenko\.m2\repository\org\springframework\spring-tx\5.0.6.RELEASE\spring-tx-5.0.6.RELEASE.jar;C:\Users\Maryna Savchenko\.m2\repository\org\springframework\data\spring-data-commons\2.0.7.RELEASE\spring-data-commons-2.0.7.RELEASE.jar;C:\Users\Maryna Savchenko\.m2\repository\org\springframework\boot\spring-boot-starter-actuator\2.0.2.RELEASE\spring-boot-starter-actuator-2.0.2.RELEASE.jar;C:\Users\Maryna Savchenko\.m2\repository\org\springframework\boot\spring-boot-actuator-autoconfigure\2.0.2.RELEASE\spring-boot-actuator-autoconfigure-2.0.2.RELEASE.jar;C:\Users\Maryna Savchenko\.m2\repository\org\springframework\boot\spring-boot-actuator\2.0.2.RELEASE\spring-boot-actuator-2.0.2.RELEASE.jar;C:\Users\Maryna Savchenko\.m2\repository\io\micrometer\micrometer-core\1.0.4\micrometer-core-1.0.4.jar;C:\Users\Maryna Savchenko\.m2\repository\org\hdrhistogram\HdrHistogram\2.1.10\HdrHistogram-2.1.10.jar;C:\Users\Maryna Savchenko\.m2\repository\org\latencyutils\LatencyUtils\2.0.3\LatencyUtils-2.0.3.jar;C:\Users\Maryna Savchenko\.m2\repository\org\springframework\boot\spring-boot-starter-security\2.0.2.RELEASE\spring-boot-starter-security-2.0.2.RELEASE.jar;C:\Users\Maryna Savchenko\.m2\repository\org\springframework\spring-aop\5.0.6.RELEASE\spring-aop-5.0.6.RELEASE.jar;C:\Users\Maryna Savchenko\.m2\repository\org\springframework\security\spring-security-config\5.0.5.RELEASE\spring-security-config-5.0.5.RELEASE.jar;C:\Users\Maryna Savchenko\.m2\repository\org\springframework\security\spring-security-web\5.0.5.RELEASE\spring-security-web-5.0.5.RELEASE.jar;C:\Users\Maryna Savchenko\.m2\repository\org\springframework\security\spring-security-test\5.0.5.RELEASE\spring-security-test-5.0.5.RELEASE.jar;C:\Users\Maryna Savchenko\.m2\repository\org\springframework\security\spring-security-core\5.0.5.RELEASE\spring-security-core-5.0.5.RELEASE.jar;C:\Users\Maryna Savchenko\.m2\repository\org\springframework\spring-core\5.0.6.RELEASE\spring-core-5.0.6.RELEASE.jar;C:\Users\Maryna Savchenko\.m2\repository\org\springframework\spring-jcl\5.0.6.RELEASE\spring-jcl-5.0.6.RELEASE.jar;C:\Users\Maryna Savchenko\.m2\repository\org\springframework\spring-test\5.0.6.RELEASE\spring-test-5.0.6.RELEASE.jar;C:\Users\Maryna Savchenko\.m2\repository\org\springframework\boot\spring-boot-devtools\2.0.2.RELEASE\spring-boot-devtools-2.0.2.RELEASE.jar;C:\Users\Maryna Savchenko\.m2\repository\org\springframework\boot\spring-boot\2.0.2.RELEASE\spring-boot-2.0.2.RELEASE.jar;C:\Users\Maryna Savchenko\.m2\repository\org\springframework\boot\spring-boot-autoconfigure\2.0.2.RELEASE\spring-boot-autoconfigure-2.0.2.RELEASE.jar;C:\Users\Maryna Savchenko\.m2\repository\org\springframework\boot\spring-boot-starter-test\2.0.2.RELEASE\spring-boot-starter-test-2.0.2.RELEASE.jar;C:\Users\Maryna Savchenko\.m2\repository\org\springframework\boot\spring-boot-test\2.0.2.RELEASE\spring-boot-test-2.0.2.RELEASE.jar;C:\Users\Maryna Savchenko\.m2\repository\org\springframework\boot\spring-boot-test-autoconfigure\2.0.2.RELEASE\spring-boot-test-autoconfigure-2.0.2.RELEASE.jar;C:\Users\Maryna Savchenko\.m2\repository\com\jayway\jsonpath\json-path\2.4.0\json-path-2.4.0.jar;C:\Users\Maryna Savchenko\.m2\repository\net\minidev\json-smart\2.3\json-smart-2.3.jar;C:\Users\Maryna Savchenko\.m2\repository\net\minidev\accessors-smart\1.2\accessors-smart-1.2.jar;C:\Users\Maryna Savchenko\.m2\repository\org\ow2\asm\asm\5.0.4\asm-5.0.4.jar;C:\Users\Maryna Savchenko\.m2\repository\org\assertj\assertj-core\3.9.1\assertj-core-3.9.1.jar;C:\Users\Maryna Savchenko\.m2\repository\org\mockito\mockito-core\2.15.0\mockito-core-2.15.0.jar;C:\Users\Maryna Savchenko\.m2\repository\net\bytebuddy\byte-buddy\1.7.11\byte-buddy-1.7.11.jar;C:\Users\Maryna Savchenko\.m2\repository\net\bytebuddy\byte-buddy-agent\1.7.11\byte-buddy-agent-1.7.11.jar;C:\Users\Maryna Savchenko\.m2\repository\org\objenesis\objenesis\2.6\objenesis-2.6.jar;C:\Users\Maryna Savchenko\.m2\repository\org\hamcrest\hamcrest-core\1.3\hamcrest-core-1.3.jar;C:\Users\Maryna Savchenko\.m2\repository\org\hamcrest\hamcrest-library\1.3\hamcrest-library-1.3.jar;C:\Users\Maryna Savchenko\.m2\repository\org\skyscreamer\jsonassert\1.5.0\jsonassert-1.5.0.jar;C:\Users\Maryna Savchenko\.m2\repository\com\vaadin\external\google\android-json\0.0.20131108.vaadin1\android-json-0.0.20131108.vaadin1.jar;C:\Users\Maryna Savchenko\.m2\repository\org\xmlunit\xmlunit-core\2.5.1\xmlunit-core-2.5.1.jar;C:\Users\Maryna Savchenko\.m2\repository\pl\pragmatists\JUnitParams\1.1.1\JUnitParams-1.1.1.jar;C:\Users\Maryna Savchenko\.m2\repository\org\apache\tomcat\embed\tomcat-embed-jasper\8.5.31\tomcat-embed-jasper-8.5.31.jar;C:\Users\Maryna Savchenko\.m2\repository\org\apache\tomcat\embed\tomcat-embed-core\8.5.31\tomcat-embed-core-8.5.31.jar;C:\Users\Maryna Savchenko\.m2\repository\org\apache\tomcat\tomcat-annotations-api\8.5.31\tomcat-annotations-api-8.5.31.jar;C:\Users\Maryna Savchenko\.m2\repository\org\apache\tomcat\embed\tomcat-embed-el\8.5.31\tomcat-embed-el-8.5.31.jar;C:\Users\Maryna Savchenko\.m2\repository\org\eclipse\jdt\ecj\3.12.3\ecj-3.12.3.jar;C:\Users\Maryna Savchenko\.m2\repository\junit\junit\4.12\junit-4.12.jar;C:\Users\Maryna Savchenko\.m2\repository\org\projectlombok\lombok\1.16.20\lombok-1.16.20.jar;C:\Users\Maryna Savchenko\.m2\repository\org\projectlombok\lombok-maven-plugin\1.16.20.0\lombok-maven-plugin-1.16.20.0.jar;C:\Users\Maryna Savchenko\.m2\repository\org\apache\commons\commons-lang3\3.7\commons-lang3-3.7.jar;C:\Users\Maryna Savchenko\.m2\repository\org\sonatype\plexus\plexus-build-api\0.0.7\plexus-build-api-0.0.7.jar;C:\Users\Maryna Savchenko\.m2\repository\org\codehaus\plexus\plexus-utils\1.5.8\plexus-utils-1.5.8.jar;"/>
    <property name="java.vm.vendor" value="Oracle Corporation"/>
    <property name="sun.arch.data.model" value="64"/>
    <property name="user.variant" value=""/>
    <property name="java.vendor.url" value="http://java.oracle.com/"/>
    <property name="user.timezone" value=""/>
    <property name="user.country.format" value="UA"/>
    <property name="java.vm.specification.version" value="1.8"/>
    <property name="os.name" value="Windows 10"/>
    <property name="user.country" value="US"/>
    <property name="sun.java.launcher" value="SUN_STANDARD"/>
    <property name="sun.boot.library.path" value="C:\Program Files\Java\jdk1.8.0_131\jre\bin"/>
    <property name="sun.java.command" value="C:\Users\MARYNA~1\AppData\Local\Temp\surefire1244754544745437156\surefirebooter7935569149334272143.jar C:\Users\Maryna Savchenko\AppData\Local\Temp\surefire1244754544745437156 2018-10-11T10-37-06_854-jvmRun1 surefire6084229711424990350tmp surefire_01445494788152468973tmp"/>
    <property name="surefire.test.class.path" value="E:\java\repos\JavaTutorAPI\javatutor\target\test-classes;E:\java\repos\JavaTutorAPI\javatutor\target\classes;C:\Users\Maryna Savchenko\.m2\repository\org\springframework\boot\spring-boot-starter-web\2.0.2.RELEASE\spring-boot-starter-web-2.0.2.RELEASE.jar;C:\Users\Maryna Savchenko\.m2\repository\org\springframework\boot\spring-boot-starter\2.0.2.RELEASE\spring-boot-starter-2.0.2.RELEASE.jar;C:\Users\Maryna Savchenko\.m2\repository\javax\annotation\javax.annotation-api\1.3.2\javax.annotation-api-1.3.2.jar;C:\Users\Maryna Savchenko\.m2\repository\org\yaml\snakeyaml\1.19\snakeyaml-1.19.jar;C:\Users\Maryna Savchenko\.m2\repository\org\springframework\boot\spring-boot-starter-json\2.0.2.RELEASE\spring-boot-starter-json-2.0.2.RELEASE.jar;C:\Users\Maryna Savchenko\.m2\repository\com\fasterxml\jackson\core\jackson-databind\2.9.5\jackson-databind-2.9.5.jar;C:\Users\Maryna Savchenko\.m2\repository\com\fasterxml\jackson\core\jackson-annotations\2.9.0\jackson-annotations-2.9.0.jar;C:\Users\Maryna Savchenko\.m2\repository\com\fasterxml\jackson\core\jackson-core\2.9.5\jackson-core-2.9.5.jar;C:\Users\Maryna Savchenko\.m2\repository\com\fasterxml\jackson\datatype\jackson-datatype-jdk8\2.9.5\jackson-datatype-jdk8-2.9.5.jar;C:\Users\Maryna Savchenko\.m2\repository\com\fasterxml\jackson\datatype\jackson-datatype-jsr310\2.9.5\jackson-datatype-jsr310-2.9.5.jar;C:\Users\Maryna Savchenko\.m2\repository\com\fasterxml\jackson\module\jackson-module-parameter-names\2.9.5\jackson-module-parameter-names-2.9.5.jar;C:\Users\Maryna Savchenko\.m2\repository\org\springframework\boot\spring-boot-starter-tomcat\2.0.2.RELEASE\spring-boot-starter-tomcat-2.0.2.RELEASE.jar;C:\Users\Maryna Savchenko\.m2\repository\org\apache\tomcat\embed\tomcat-embed-websocket\8.5.31\tomcat-embed-websocket-8.5.31.jar;C:\Users\Maryna Savchenko\.m2\repository\org\hibernate\validator\hibernate-validator\6.0.9.Final\hibernate-validator-6.0.9.Final.jar;C:\Users\Maryna Savchenko\.m2\repository\javax\validation\validation-api\2.0.1.Final\validation-api-2.0.1.Final.jar;C:\Users\Maryna Savchenko\.m2\repository\org\jboss\logging\jboss-logging\3.3.2.Final\jboss-logging-3.3.2.Final.jar;C:\Users\Maryna Savchenko\.m2\repository\com\fasterxml\classmate\1.3.4\classmate-1.3.4.jar;C:\Users\Maryna Savchenko\.m2\repository\org\springframework\spring-web\5.0.6.RELEASE\spring-web-5.0.6.RELEASE.jar;C:\Users\Maryna Savchenko\.m2\repository\org\springframework\spring-beans\5.0.6.RELEASE\spring-beans-5.0.6.RELEASE.jar;C:\Users\Maryna Savchenko\.m2\repository\org\springframework\spring-webmvc\5.0.6.RELEASE\spring-webmvc-5.0.6.RELEASE.jar;C:\Users\Maryna Savchenko\.m2\repository\org\springframework\spring-context\5.0.6.RELEASE\spring-context-5.0.6.RELEASE.jar;C:\Users\Maryna Savchenko\.m2\repository\org\springframework\spring-expression\5.0.6.RELEASE\spring-expression-5.0.6.RELEASE.jar;C:\Users\Maryna Savchenko\.m2\repository\org\slf4j\jcl-over-slf4j\1.7.25\jcl-over-slf4j-1.7.25.jar;C:\Users\Maryna Savchenko\.m2\repository\org\slf4j\slf4j-api\1.7.25\slf4j-api-1.7.25.jar;C:\Users\Maryna Savchenko\.m2\repository\org\slf4j\jul-to-slf4j\1.7.25\jul-to-slf4j-1.7.25.jar;C:\Users\Maryna Savchenko\.m2\repository\org\slf4j\slf4j-log4j12\1.7.25\slf4j-log4j12-1.7.25.jar;C:\Users\Maryna Savchenko\.m2\repository\log4j\log4j\1.2.17\log4j-1.2.17.jar;C:\Users\Maryna Savchenko\.m2\repository\org\springframework\boot\spring-boot-starter-data-mongodb\2.0.2.RELEASE\spring-boot-starter-data-mongodb-2.0.2.RELEASE.jar;C:\Users\Maryna Savchenko\.m2\repository\org\mongodb\mongodb-driver\3.6.0\mongodb-driver-3.6.0.jar;C:\Users\Maryna Savchenko\.m2\repository\org\mongodb\bson\3.6.0\bson-3.6.0.jar;C:\Users\Maryna Savchenko\.m2\repository\org\mongodb\mongodb-driver-core\3.6.0\mongodb-driver-core-3.6.0.jar;C:\Users\Maryna Savchenko\.m2\repository\org\springframework\data\spring-data-mongodb\2.0.7.RELEASE\spring-data-mongodb-2.0.7.RELEASE.jar;C:\Users\Maryna Savchenko\.m2\repository\org\springframework\spring-tx\5.0.6.RELEASE\spring-tx-5.0.6.RELEASE.jar;C:\Users\Maryna Savchenko\.m2\repository\org\springframework\data\spring-data-commons\2.0.7.RELEASE\spring-data-commons-2.0.7.RELEASE.jar;C:\Users\Maryna Savchenko\.m2\repository\org\springframework\boot\spring-boot-starter-actuator\2.0.2.RELEASE\spring-boot-starter-actuator-2.0.2.RELEASE.jar;C:\Users\Maryna Savchenko\.m2\repository\org\springframework\boot\spring-boot-actuator-autoconfigure\2.0.2.RELEASE\spring-boot-actuator-autoconfigure-2.0.2.RELEASE.jar;C:\Users\Maryna Savchenko\.m2\repository\org\springframework\boot\spring-boot-actuator\2.0.2.RELEASE\spring-boot-actuator-2.0.2.RELEASE.jar;C:\Users\Maryna Savchenko\.m2\repository\io\micrometer\micrometer-core\1.0.4\micrometer-core-1.0.4.jar;C:\Users\Maryna Savchenko\.m2\repository\org\hdrhistogram\HdrHistogram\2.1.10\HdrHistogram-2.1.10.jar;C:\Users\Maryna Savchenko\.m2\repository\org\latencyutils\LatencyUtils\2.0.3\LatencyUtils-2.0.3.jar;C:\Users\Maryna Savchenko\.m2\repository\org\springframework\boot\spring-boot-starter-security\2.0.2.RELEASE\spring-boot-starter-security-2.0.2.RELEASE.jar;C:\Users\Maryna Savchenko\.m2\repository\org\springframework\spring-aop\5.0.6.RELEASE\spring-aop-5.0.6.RELEASE.jar;C:\Users\Maryna Savchenko\.m2\repository\org\springframework\security\spring-security-config\5.0.5.RELEASE\spring-security-config-5.0.5.RELEASE.jar;C:\Users\Maryna Savchenko\.m2\repository\org\springframework\security\spring-security-web\5.0.5.RELEASE\spring-security-web-5.0.5.RELEASE.jar;C:\Users\Maryna Savchenko\.m2\repository\org\springframework\security\spring-security-test\5.0.5.RELEASE\spring-security-test-5.0.5.RELEASE.jar;C:\Users\Maryna Savchenko\.m2\repository\org\springframework\security\spring-security-core\5.0.5.RELEASE\spring-security-core-5.0.5.RELEASE.jar;C:\Users\Maryna Savchenko\.m2\repository\org\springframework\spring-core\5.0.6.RELEASE\spring-core-5.0.6.RELEASE.jar;C:\Users\Maryna Savchenko\.m2\repository\org\springframework\spring-jcl\5.0.6.RELEASE\spring-jcl-5.0.6.RELEASE.jar;C:\Users\Maryna Savchenko\.m2\repository\org\springframework\spring-test\5.0.6.RELEASE\spring-test-5.0.6.RELEASE.jar;C:\Users\Maryna Savchenko\.m2\repository\org\springframework\boot\spring-boot-devtools\2.0.2.RELEASE\spring-boot-devtools-2.0.2.RELEASE.jar;C:\Users\Maryna Savchenko\.m2\repository\org\springframework\boot\spring-boot\2.0.2.RELEASE\spring-boot-2.0.2.RELEASE.jar;C:\Users\Maryna Savchenko\.m2\repository\org\springframework\boot\spring-boot-autoconfigure\2.0.2.RELEASE\spring-boot-autoconfigure-2.0.2.RELEASE.jar;C:\Users\Maryna Savchenko\.m2\repository\org\springframework\boot\spring-boot-starter-test\2.0.2.RELEASE\spring-boot-starter-test-2.0.2.RELEASE.jar;C:\Users\Maryna Savchenko\.m2\repository\org\springframework\boot\spring-boot-test\2.0.2.RELEASE\spring-boot-test-2.0.2.RELEASE.jar;C:\Users\Maryna Savchenko\.m2\repository\org\springframework\boot\spring-boot-test-autoconfigure\2.0.2.RELEASE\spring-boot-test-autoconfigure-2.0.2.RELEASE.jar;C:\Users\Maryna Savchenko\.m2\repository\com\jayway\jsonpath\json-path\2.4.0\json-path-2.4.0.jar;C:\Users\Maryna Savchenko\.m2\repository\net\minidev\json-smart\2.3\json-smart-2.3.jar;C:\Users\Maryna Savchenko\.m2\repository\net\minidev\accessors-smart\1.2\accessors-smart-1.2.jar;C:\Users\Maryna Savchenko\.m2\repository\org\ow2\asm\asm\5.0.4\asm-5.0.4.jar;C:\Users\Maryna Savchenko\.m2\repository\org\assertj\assertj-core\3.9.1\assertj-core-3.9.1.jar;C:\Users\Maryna Savchenko\.m2\repository\org\mockito\mockito-core\2.15.0\mockito-core-2.15.0.jar;C:\Users\Maryna Savchenko\.m2\repository\net\bytebuddy\byte-buddy\1.7.11\byte-buddy-1.7.11.jar;C:\Users\Maryna Savchenko\.m2\repository\net\bytebuddy\byte-buddy-agent\1.7.11\byte-buddy-agent-1.7.11.jar;C:\Users\Maryna Savchenko\.m2\repository\org\objenesis\objenesis\2.6\objenesis-2.6.jar;C:\Users\Maryna Savchenko\.m2\repository\org\hamcrest\hamcrest-core\1.3\hamcrest-core-1.3.jar;C:\Users\Maryna Savchenko\.m2\repository\org\hamcrest\hamcrest-library\1.3\hamcrest-library-1.3.jar;C:\Users\Maryna Savchenko\.m2\repository\org\skyscreamer\jsonassert\1.5.0\jsonassert-1.5.0.jar;C:\Users\Maryna Savchenko\.m2\repository\com\vaadin\external\google\android-json\0.0.20131108.vaadin1\android-json-0.0.20131108.vaadin1.jar;C:\Users\Maryna Savchenko\.m2\repository\org\xmlunit\xmlunit-core\2.5.1\xmlunit-core-2.5.1.jar;C:\Users\Maryna Savchenko\.m2\repository\pl\pragmatists\JUnitParams\1.1.1\JUnitParams-1.1.1.jar;C:\Users\Maryna Savchenko\.m2\repository\org\apache\tomcat\embed\tomcat-embed-jasper\8.5.31\tomcat-embed-jasper-8.5.31.jar;C:\Users\Maryna Savchenko\.m2\repository\org\apache\tomcat\embed\tomcat-embed-core\8.5.31\tomcat-embed-core-8.5.31.jar;C:\Users\Maryna Savchenko\.m2\repository\org\apache\tomcat\tomcat-annotations-api\8.5.31\tomcat-annotations-api-8.5.31.jar;C:\Users\Maryna Savchenko\.m2\repository\org\apache\tomcat\embed\tomcat-embed-el\8.5.31\tomcat-embed-el-8.5.31.jar;C:\Users\Maryna Savchenko\.m2\repository\org\eclipse\jdt\ecj\3.12.3\ecj-3.12.3.jar;C:\Users\Maryna Savchenko\.m2\repository\junit\junit\4.12\junit-4.12.jar;C:\Users\Maryna Savchenko\.m2\repository\org\projectlombok\lombok\1.16.20\lombok-1.16.20.jar;C:\Users\Maryna Savchenko\.m2\repository\org\projectlombok\lombok-maven-plugin\1.16.20.0\lombok-maven-plugin-1.16.20.0.jar;C:\Users\Maryna Savchenko\.m2\repository\org\apache\commons\commons-lang3\3.7\commons-lang3-3.7.jar;C:\Users\Maryna Savchenko\.m2\repository\org\sonatype\plexus\plexus-build-api\0.0.7\plexus-build-api-0.0.7.jar;C:\Users\Maryna Savchenko\.m2\repository\org\codehaus\plexus\plexus-utils\1.5.8\plexus-utils-1.5.8.jar;"/>
    <property name="sun.cpu.endian" value="little"/>
    <property name="user.home" value="C:\Users\Maryna Savchenko"/>
    <property name="user.language" value="en"/>
    <property name="java.specification.vendor" value="Oracle Corporation"/>
    <property name="java.home" value="C:\Program Files\Java\jdk1.8.0_131\jre"/>
    <property name="basedir" value="E:\java\repos\JavaTutorAPI\javatutor"/>
    <property name="file.separator" value="\"/>
    <property name="line.separator" value="&#10;"/>
    <property name="java.vm.specification.vendor" value="Oracle Corporation"/>
    <property name="java.specification.name" value="Java Platform API Specification"/>
    <property name="java.awt.graphicsenv" value="sun.awt.Win32GraphicsEnvironment"/>
    <property name="surefire.real.class.path" value="C:\Users\MARYNA~1\AppData\Local\Temp\surefire1244754544745437156\surefirebooter7935569149334272143.jar"/>
    <property name="sun.boot.class.path" value="C:\Program Files\Java\jdk1.8.0_131\jre\lib\resources.jar;C:\Program Files\Java\jdk1.8.0_131\jre\lib\rt.jar;C:\Program Files\Java\jdk1.8.0_131\jre\lib\sunrsasign.jar;C:\Program Files\Java\jdk1.8.0_131\jre\lib\jsse.jar;C:\Program Files\Java\jdk1.8.0_131\jre\lib\jce.jar;C:\Program Files\Java\jdk1.8.0_131\jre\lib\charsets.jar;C:\Program Files\Java\jdk1.8.0_131\jre\lib\jfr.jar;C:\Program Files\Java\jdk1.8.0_131\jre\classes"/>
    <property name="user.script" value=""/>
    <property name="sun.management.compiler" value="HotSpot 64-Bit Tiered Compilers"/>
    <property name="java.runtime.version" value="1.8.0_131-b11"/>
    <property name="user.name" value="Maryna Savchenko"/>
    <property name="path.separator" value=";"/>
    <property name="os.version" value="10.0"/>
    <property name="java.endorsed.dirs" value="C:\Program Files\Java\jdk1.8.0_131\jre\lib\endorsed"/>
    <property name="java.runtime.name" value="Java(TM) SE Runtime Environment"/>
    <property name="file.encoding" value="Cp1252"/>
    <property name="java.vm.name" value="Java HotSpot(TM) 64-Bit Server VM"/>
    <property name="localRepository" value="C:\Users\Maryna Savchenko\.m2\repository"/>
    <property name="java.vendor.url.bug" value="http://bugreport.sun.com/bugreport/"/>
    <property name="java.io.tmpdir" value="C:\Users\MARYNA~1\AppData\Local\Temp\"/>
    <property name="java.version" value="1.8.0_131"/>
    <property name="user.dir" value="E:\java\repos\JavaTutorAPI\javatutor"/>
    <property name="os.arch" value="amd64"/>
    <property name="java.vm.specification.name" value="Java Virtual Machine Specification"/>
    <property name="java.awt.printerjob" value="sun.awt.windows.WPrinterJob"/>
    <property name="user.language.format" value="uk"/>
    <property name="sun.os.patch.level" value=""/>
    <property name="java.library.path" value="C:\Program Files\Java\jdk1.8.0_131\jre\bin;C:\WINDOWS\Sun\Java\bin;C:\WINDOWS\system32;C:\WINDOWS;C:\Users\Maryna Savchenko\bin;C:\Program Files\Git\mingw64\bin;C:\Program Files\Git\usr\local\bin;C:\Program Files\Git\usr\bin;C:\Program Files\Git\usr\bin;C:\Program Files\Git\mingw64\bin;C:\Program Files\Git\usr\bin;C:\Users\Maryna Savchenko\bin;C:\Program Files\Docker\Docker\Resources\bin;C:\ProgramData\Oracle\Java\javapath;C:\Program Files (x86)\Intel\TXE Components\TCS;C:\Program Files\Intel\TXE Components\TCS;C:\WINDOWS\system32;C:\WINDOWS;C:\WINDOWS\System32\Wbem;C:\WINDOWS\System32\WindowsPowerShell\v1.0;C:\Program Files\Intel\TXE Components\DAL;C:\Program Files (x86)\Intel\TXE Components\DAL;C:\Program Files\Intel\TXE Components\IPT;C:\Program Files (x86)\Intel\TXE Components\IPT;E:\java\apache-maven-3.5.0-bin\apache-maven-3.5.0\bin;C:\Program Files\Git\cmd;C:\Program Files\Java\jdk1.8.0_131\bin;C:\Program Files\MySQL\MySQL Utilities 1.6;C:\Program Files (x86)\bin;C:\Program Files (x86)\sbt\bin;C:\Program Files (x86)\Yarn\bin;C:\ProgramData\chocolatey\bin;C:\Program Files\nodejs;C:\Users\Maryna Savchenko\AppData\Local\Microsoft\WindowsApps;E:\java\spark-2.2.0-bin-hadoop2.7\bin;C:\Program Files\Java\jdk1.8.0_131\bin;C:\Program Files (x86)\sbt\bin;C:\winutils\bin;C:\Program Files\Docker Toolbox;C:\Users\Maryna Savchenko\AppData\Local\Yarn\bin;C:\Users\Maryna Savchenko\AppData\Roaming\npm;C:\Program Files\Git\usr\bin\vendor_perl;C:\Program Files\Git\usr\bin\core_perl;."/>
    <property name="java.vm.info" value="mixed mode"/>
    <property name="java.vendor" value="Oracle Corporation"/>
    <property name="java.vm.version" value="25.131-b11"/>
    <property name="java.ext.dirs" value="C:\Program Files\Java\jdk1.8.0_131\jre\lib\ext;C:\WINDOWS\Sun\Java\lib\ext"/>
    <property name="sun.io.unicode.encoding" value="UnicodeLittle"/>
    <property name="java.class.version" value="52.0"/>
  </properties>
  <testcase name="shouldLookUpSavedAccount" classname="pro.abacus.javatutor.repository.UserRepositoryTest" time="56.396">
    <error message="Timed out after 30000 ms while waiting to connect. Client view of cluster state is {type=UNKNOWN, servers=[{address=localhost:27017, type=UNKNOWN, state=CONNECTING, exception={com.mongodb.MongoSocketOpenException: Exception opening socket}, caused by {java.net.ConnectException: Connection refused: connect}}]; nested exception is com.mongodb.MongoTimeoutException: Timed out after 30000 ms while waiting to connect. Client view of cluster state is {type=UNKNOWN, servers=[{address=localhost:27017, type=UNKNOWN, state=CONNECTING, exception={com.mongodb.MongoSocketOpenException: Exception opening socket}, caused by {java.net.ConnectException: Connection refused: connect}}]" type="org.springframework.dao.DataAccessResourceFailureException">org.springframework.dao.DataAccessResourceFailureException: Timed out after 30000 ms while waiting to connect. Client view of cluster state is {type=UNKNOWN, servers=[{address=localhost:27017, type=UNKNOWN, state=CONNECTING, exception={com.mongodb.MongoSocketOpenException: Exception opening socket}, caused by {java.net.ConnectException: Connection refused: connect}}]; nested exception is com.mongodb.MongoTimeoutException: Timed out after 30000 ms while waiting to connect. Client view of cluster state is {type=UNKNOWN, servers=[{address=localhost:27017, type=UNKNOWN, state=CONNECTING, exception={com.mongodb.MongoSocketOpenException: Exception opening socket}, caused by {java.net.ConnectException: Connection refused: connect}}]
	at pro.abacus.javatutor.repository.UserRepositoryTest.shouldLookUpSavedAccount(UserRepositoryTest.java:50)
Caused by: com.mongodb.MongoTimeoutException: Timed out after 30000 ms while waiting to connect. Client view of cluster state is {type=UNKNOWN, servers=[{address=localhost:27017, type=UNKNOWN, state=CONNECTING, exception={com.mongodb.MongoSocketOpenException: Exception opening socket}, caused by {java.net.ConnectException: Connection refused: connect}}]
	at pro.abacus.javatutor.repository.UserRepositoryTest.shouldLookUpSavedAccount(UserRepositoryTest.java:50)
</error>
    <system-out><![CDATA[10:42:17,743 DEBUG org.springframework.test.context.junit4.SpringJUnit4ClassRunner:139 - SpringJUnit4ClassRunner constructor called with [class pro.abacus.javatutor.repository.UserRepositoryTest]
10:42:17,743 DEBUG org.springframework.test.context.junit4.SpringJUnit4ClassRunner:139 - SpringJUnit4ClassRunner constructor called with [class pro.abacus.javatutor.repository.UserRepositoryTest]
10:42:17,744 DEBUG org.springframework.test.context.BootstrapUtils:97 - Instantiating CacheAwareContextLoaderDelegate from class [org.springframework.test.context.cache.DefaultCacheAwareContextLoaderDelegate]
10:42:17,744 DEBUG org.springframework.test.context.BootstrapUtils:97 - Instantiating CacheAwareContextLoaderDelegate from class [org.springframework.test.context.cache.DefaultCacheAwareContextLoaderDelegate]
10:42:17,745 DEBUG org.springframework.test.context.BootstrapUtils:80 - Instantiating BootstrapContext using constructor [public org.springframework.test.context.support.DefaultBootstrapContext(java.lang.Class,org.springframework.test.context.CacheAwareContextLoaderDelegate)]
10:42:17,745 DEBUG org.springframework.test.context.BootstrapUtils:80 - Instantiating BootstrapContext using constructor [public org.springframework.test.context.support.DefaultBootstrapContext(java.lang.Class,org.springframework.test.context.CacheAwareContextLoaderDelegate)]
10:42:17,747 DEBUG org.springframework.test.context.BootstrapUtils:133 - Instantiating TestContextBootstrapper for test class [pro.abacus.javatutor.repository.UserRepositoryTest] from class [org.springframework.boot.test.context.SpringBootTestContextBootstrapper]
10:42:17,747 DEBUG org.springframework.test.context.BootstrapUtils:133 - Instantiating TestContextBootstrapper for test class [pro.abacus.javatutor.repository.UserRepositoryTest] from class [org.springframework.boot.test.context.SpringBootTestContextBootstrapper]
10:42:17,749 TRACE org.springframework.boot.test.context.SpringBootTestContextBootstrapper:488 - Resolving ContextLoader for context configuration attributes [ContextConfigurationAttributes@c82d925 declaringClass = 'pro.abacus.javatutor.repository.UserRepositoryTest', classes = '{}', locations = '{}', inheritLocations = false, initializers = '{}', inheritInitializers = true, name = [null], contextLoaderClass = 'org.springframework.test.context.ContextLoader']
10:42:17,749 TRACE org.springframework.boot.test.context.SpringBootTestContextBootstrapper:488 - Resolving ContextLoader for context configuration attributes [ContextConfigurationAttributes@c82d925 declaringClass = 'pro.abacus.javatutor.repository.UserRepositoryTest', classes = '{}', locations = '{}', inheritLocations = false, initializers = '{}', inheritInitializers = true, name = [null], contextLoaderClass = 'org.springframework.test.context.ContextLoader']
10:42:17,750 TRACE org.springframework.boot.test.context.SpringBootTestContextBootstrapper:454 - Using ContextLoader class [org.springframework.boot.test.context.SpringBootContextLoader] for test class [pro.abacus.javatutor.repository.UserRepositoryTest]
10:42:17,750 TRACE org.springframework.boot.test.context.SpringBootTestContextBootstrapper:454 - Using ContextLoader class [org.springframework.boot.test.context.SpringBootContextLoader] for test class [pro.abacus.javatutor.repository.UserRepositoryTest]
10:42:17,751  INFO org.springframework.boot.test.context.SpringBootTestContextBootstrapper:308 - Neither @ContextConfiguration nor @ContextHierarchy found for test class [pro.abacus.javatutor.repository.UserRepositoryTest], using SpringBootContextLoader
10:42:17,751  INFO org.springframework.boot.test.context.SpringBootTestContextBootstrapper:308 - Neither @ContextConfiguration nor @ContextHierarchy found for test class [pro.abacus.javatutor.repository.UserRepositoryTest], using SpringBootContextLoader
10:42:17,758 TRACE org.springframework.boot.test.context.SpringBootTestContextBootstrapper:488 - Resolving ContextLoader for context configuration attributes [ContextConfigurationAttributes@c82d925 declaringClass = 'pro.abacus.javatutor.repository.UserRepositoryTest', classes = '{}', locations = '{}', inheritLocations = false, initializers = '{}', inheritInitializers = true, name = [null], contextLoaderClass = 'org.springframework.test.context.ContextLoader']
10:42:17,758 TRACE org.springframework.boot.test.context.SpringBootTestContextBootstrapper:488 - Resolving ContextLoader for context configuration attributes [ContextConfigurationAttributes@c82d925 declaringClass = 'pro.abacus.javatutor.repository.UserRepositoryTest', classes = '{}', locations = '{}', inheritLocations = false, initializers = '{}', inheritInitializers = true, name = [null], contextLoaderClass = 'org.springframework.test.context.ContextLoader']
10:42:17,758 TRACE org.springframework.boot.test.context.SpringBootTestContextBootstrapper:454 - Using ContextLoader class [org.springframework.boot.test.context.SpringBootContextLoader] for test class [pro.abacus.javatutor.repository.UserRepositoryTest]
10:42:17,758 TRACE org.springframework.boot.test.context.SpringBootTestContextBootstrapper:454 - Using ContextLoader class [org.springframework.boot.test.context.SpringBootContextLoader] for test class [pro.abacus.javatutor.repository.UserRepositoryTest]
10:42:17,759 TRACE org.springframework.boot.test.context.SpringBootTestContextBootstrapper:355 - Processing locations and classes for context configuration attributes [ContextConfigurationAttributes@c82d925 declaringClass = 'pro.abacus.javatutor.repository.UserRepositoryTest', classes = '{}', locations = '{}', inheritLocations = false, initializers = '{}', inheritInitializers = true, name = [null], contextLoaderClass = 'org.springframework.test.context.ContextLoader']
10:42:17,759 TRACE org.springframework.boot.test.context.SpringBootTestContextBootstrapper:355 - Processing locations and classes for context configuration attributes [ContextConfigurationAttributes@c82d925 declaringClass = 'pro.abacus.javatutor.repository.UserRepositoryTest', classes = '{}', locations = '{}', inheritLocations = false, initializers = '{}', inheritInitializers = true, name = [null], contextLoaderClass = 'org.springframework.test.context.ContextLoader']
10:42:17,761 DEBUG org.springframework.test.context.support.AbstractContextLoader:258 - Did not detect default resource location for test class [pro.abacus.javatutor.repository.UserRepositoryTest]: class path resource [pro/abacus/javatutor/repository/UserRepositoryTest-context.xml] does not exist
10:42:17,761 DEBUG org.springframework.test.context.support.AbstractContextLoader:258 - Did not detect default resource location for test class [pro.abacus.javatutor.repository.UserRepositoryTest]: class path resource [pro/abacus/javatutor/repository/UserRepositoryTest-context.xml] does not exist
10:42:17,762 DEBUG org.springframework.test.context.support.AbstractContextLoader:258 - Did not detect default resource location for test class [pro.abacus.javatutor.repository.UserRepositoryTest]: class path resource [pro/abacus/javatutor/repository/UserRepositoryTestContext.groovy] does not exist
10:42:17,762 DEBUG org.springframework.test.context.support.AbstractContextLoader:258 - Did not detect default resource location for test class [pro.abacus.javatutor.repository.UserRepositoryTest]: class path resource [pro/abacus/javatutor/repository/UserRepositoryTestContext.groovy] does not exist
10:42:17,763  INFO org.springframework.test.context.support.AbstractContextLoader:264 - Could not detect default resource locations for test class [pro.abacus.javatutor.repository.UserRepositoryTest]: no resource found for suffixes {-context.xml, Context.groovy}.
10:42:17,763  INFO org.springframework.test.context.support.AbstractContextLoader:264 - Could not detect default resource locations for test class [pro.abacus.javatutor.repository.UserRepositoryTest]: no resource found for suffixes {-context.xml, Context.groovy}.
10:42:17,763  INFO org.springframework.test.context.support.AnnotationConfigContextLoaderUtils:83 - Could not detect default configuration classes for test class [pro.abacus.javatutor.repository.UserRepositoryTest]: UserRepositoryTest does not declare any static, non-private, non-final, nested classes annotated with @Configuration.
10:42:17,763  INFO org.springframework.test.context.support.AnnotationConfigContextLoaderUtils:83 - Could not detect default configuration classes for test class [pro.abacus.javatutor.repository.UserRepositoryTest]: UserRepositoryTest does not declare any static, non-private, non-final, nested classes annotated with @Configuration.
10:42:17,766 TRACE org.springframework.core.io.support.SpringFactoriesLoader:97 - Loaded [org.springframework.test.context.ContextCustomizerFactory] names: [org.springframework.test.context.web.socket.MockServerContainerContextCustomizerFactory, org.springframework.boot.test.context.ImportsContextCustomizerFactory, org.springframework.boot.test.context.filter.ExcludeFilterContextCustomizerFactory, org.springframework.boot.test.json.DuplicateJsonObjectContextCustomizerFactory, org.springframework.boot.test.mock.mockito.MockitoContextCustomizerFactory, org.springframework.boot.test.web.client.TestRestTemplateContextCustomizerFactory, org.springframework.boot.test.web.reactive.server.WebTestClientContextCustomizerFactory, org.springframework.boot.test.autoconfigure.OverrideAutoConfigurationContextCustomizerFactory, org.springframework.boot.test.autoconfigure.filter.TypeExcludeFiltersContextCustomizerFactory, org.springframework.boot.test.autoconfigure.properties.PropertyMappingContextCustomizerFactory, org.springframework.boot.test.autoconfigure.web.servlet.WebDriverContextCustomizerFactory]
10:42:17,766 TRACE org.springframework.core.io.support.SpringFactoriesLoader:97 - Loaded [org.springframework.test.context.ContextCustomizerFactory] names: [org.springframework.test.context.web.socket.MockServerContainerContextCustomizerFactory, org.springframework.boot.test.context.ImportsContextCustomizerFactory, org.springframework.boot.test.context.filter.ExcludeFilterContextCustomizerFactory, org.springframework.boot.test.json.DuplicateJsonObjectContextCustomizerFactory, org.springframework.boot.test.mock.mockito.MockitoContextCustomizerFactory, org.springframework.boot.test.web.client.TestRestTemplateContextCustomizerFactory, org.springframework.boot.test.web.reactive.server.WebTestClientContextCustomizerFactory, org.springframework.boot.test.autoconfigure.OverrideAutoConfigurationContextCustomizerFactory, org.springframework.boot.test.autoconfigure.filter.TypeExcludeFiltersContextCustomizerFactory, org.springframework.boot.test.autoconfigure.properties.PropertyMappingContextCustomizerFactory, org.springframework.boot.test.autoconfigure.web.servlet.WebDriverContextCustomizerFactory]
10:42:17,779 TRACE org.springframework.test.context.support.ApplicationContextInitializerUtils:73 - Processing context initializers for configuration attributes [ContextConfigurationAttributes@c82d925 declaringClass = 'pro.abacus.javatutor.repository.UserRepositoryTest', classes = '{}', locations = '{}', inheritLocations = false, initializers = '{}', inheritInitializers = true, name = [null], contextLoaderClass = 'org.springframework.test.context.ContextLoader']
10:42:17,779 TRACE org.springframework.test.context.support.ApplicationContextInitializerUtils:73 - Processing context initializers for configuration attributes [ContextConfigurationAttributes@c82d925 declaringClass = 'pro.abacus.javatutor.repository.UserRepositoryTest', classes = '{}', locations = '{}', inheritLocations = false, initializers = '{}', inheritInitializers = true, name = [null], contextLoaderClass = 'org.springframework.test.context.ContextLoader']
10:42:17,780 DEBUG org.springframework.test.context.support.ActiveProfilesUtils:79 - Could not find an 'annotation declaring class' for annotation type [org.springframework.test.context.ActiveProfiles] and class [pro.abacus.javatutor.repository.UserRepositoryTest]
10:42:17,780 DEBUG org.springframework.test.context.support.ActiveProfilesUtils:79 - Could not find an 'annotation declaring class' for annotation type [org.springframework.test.context.ActiveProfiles] and class [pro.abacus.javatutor.repository.UserRepositoryTest]
10:42:17,781 DEBUG org.springframework.core.env.StandardEnvironment:109 - Adding PropertySource 'systemProperties' with lowest search precedence
10:42:17,781 DEBUG org.springframework.core.env.StandardEnvironment:109 - Adding PropertySource 'systemProperties' with lowest search precedence
10:42:17,781 DEBUG org.springframework.core.env.StandardEnvironment:109 - Adding PropertySource 'systemEnvironment' with lowest search precedence
10:42:17,781 DEBUG org.springframework.core.env.StandardEnvironment:109 - Adding PropertySource 'systemEnvironment' with lowest search precedence
10:42:17,783 DEBUG org.springframework.core.env.StandardEnvironment:125 - Initialized StandardEnvironment with PropertySources [MapPropertySource@350179923 {name='systemProperties', properties={java.runtime.name=Java(TM) SE Runtime Environment, sun.boot.library.path=C:\Program Files\Java\jdk1.8.0_131\jre\bin, java.vm.version=25.131-b11, user.country.format=UA, java.vm.vendor=Oracle Corporation, java.vendor.url=http://java.oracle.com/, path.separator=;, java.vm.name=Java HotSpot(TM) 64-Bit Server VM, file.encoding.pkg=sun.io, user.country=US, user.script=, sun.java.launcher=SUN_STANDARD, sun.os.patch.level=, PID=5372, java.vm.specification.name=Java Virtual Machine Specification, user.dir=E:\java\repos\JavaTutorAPI\javatutor, java.runtime.version=1.8.0_131-b11, basedir=E:\java\repos\JavaTutorAPI\javatutor, java.awt.graphicsenv=sun.awt.Win32GraphicsEnvironment, java.endorsed.dirs=C:\Program Files\Java\jdk1.8.0_131\jre\lib\endorsed, os.arch=amd64, surefire.real.class.path=C:\Users\MARYNA~1\AppData\Local\Temp\surefire1244754544745437156\surefirebooter7935569149334272143.jar, java.io.tmpdir=C:\Users\MARYNA~1\AppData\Local\Temp\, line.separator=
, java.vm.specification.vendor=Oracle Corporation, user.variant=, os.name=Windows 10, sun.jnu.encoding=Cp1252, spring.beaninfo.ignore=true, java.library.path=C:\Program Files\Java\jdk1.8.0_131\jre\bin;C:\WINDOWS\Sun\Java\bin;C:\WINDOWS\system32;C:\WINDOWS;C:\Users\Maryna Savchenko\bin;C:\Program Files\Git\mingw64\bin;C:\Program Files\Git\usr\local\bin;C:\Program Files\Git\usr\bin;C:\Program Files\Git\usr\bin;C:\Program Files\Git\mingw64\bin;C:\Program Files\Git\usr\bin;C:\Users\Maryna Savchenko\bin;C:\Program Files\Docker\Docker\Resources\bin;C:\ProgramData\Oracle\Java\javapath;C:\Program Files (x86)\Intel\TXE Components\TCS;C:\Program Files\Intel\TXE Components\TCS;C:\WINDOWS\system32;C:\WINDOWS;C:\WINDOWS\System32\Wbem;C:\WINDOWS\System32\WindowsPowerShell\v1.0;C:\Program Files\Intel\TXE Components\DAL;C:\Program Files (x86)\Intel\TXE Components\DAL;C:\Program Files\Intel\TXE Components\IPT;C:\Program Files (x86)\Intel\TXE Components\IPT;E:\java\apache-maven-3.5.0-bin\apache-maven-3.5.0\bin;C:\Program Files\Git\cmd;C:\Program Files\Java\jdk1.8.0_131\bin;C:\Program Files\MySQL\MySQL Utilities 1.6;C:\Program Files (x86)\bin;C:\Program Files (x86)\sbt\bin;C:\Program Files (x86)\Yarn\bin;C:\ProgramData\chocolatey\bin;C:\Program Files\nodejs;C:\Users\Maryna Savchenko\AppData\Local\Microsoft\WindowsApps;E:\java\spark-2.2.0-bin-hadoop2.7\bin;C:\Program Files\Java\jdk1.8.0_131\bin;C:\Program Files (x86)\sbt\bin;C:\winutils\bin;C:\Program Files\Docker Toolbox;C:\Users\Maryna Savchenko\AppData\Local\Yarn\bin;C:\Users\Maryna Savchenko\AppData\Roaming\npm;C:\Program Files\Git\usr\bin\vendor_perl;C:\Program Files\Git\usr\bin\core_perl;., surefire.test.class.path=E:\java\repos\JavaTutorAPI\javatutor\target\test-classes;E:\java\repos\JavaTutorAPI\javatutor\target\classes;C:\Users\Maryna Savchenko\.m2\repository\org\springframework\boot\spring-boot-starter-web\2.0.2.RELEASE\spring-boot-starter-web-2.0.2.RELEASE.jar;C:\Users\Maryna Savchenko\.m2\repository\org\springframework\boot\spring-boot-starter\2.0.2.RELEASE\spring-boot-starter-2.0.2.RELEASE.jar;C:\Users\Maryna Savchenko\.m2\repository\javax\annotation\javax.annotation-api\1.3.2\javax.annotation-api-1.3.2.jar;C:\Users\Maryna Savchenko\.m2\repository\org\yaml\snakeyaml\1.19\snakeyaml-1.19.jar;C:\Users\Maryna Savchenko\.m2\repository\org\springframework\boot\spring-boot-starter-json\2.0.2.RELEASE\spring-boot-starter-json-2.0.2.RELEASE.jar;C:\Users\Maryna Savchenko\.m2\repository\com\fasterxml\jackson\core\jackson-databind\2.9.5\jackson-databind-2.9.5.jar;C:\Users\Maryna Savchenko\.m2\repository\com\fasterxml\jackson\core\jackson-annotations\2.9.0\jackson-annotations-2.9.0.jar;C:\Users\Maryna Savchenko\.m2\repository\com\fasterxml\jackson\core\jackson-core\2.9.5\jackson-core-2.9.5.jar;C:\Users\Maryna Savchenko\.m2\repository\com\fasterxml\jackson\datatype\jackson-datatype-jdk8\2.9.5\jackson-datatype-jdk8-2.9.5.jar;C:\Users\Maryna Savchenko\.m2\repository\com\fasterxml\jackson\datatype\jackson-datatype-jsr310\2.9.5\jackson-datatype-jsr310-2.9.5.jar;C:\Users\Maryna Savchenko\.m2\repository\com\fasterxml\jackson\module\jackson-module-parameter-names\2.9.5\jackson-module-parameter-names-2.9.5.jar;C:\Users\Maryna Savchenko\.m2\repository\org\springframework\boot\spring-boot-starter-tomcat\2.0.2.RELEASE\spring-boot-starter-tomcat-2.0.2.RELEASE.jar;C:\Users\Maryna Savchenko\.m2\repository\org\apache\tomcat\embed\tomcat-embed-websocket\8.5.31\tomcat-embed-websocket-8.5.31.jar;C:\Users\Maryna Savchenko\.m2\repository\org\hibernate\validator\hibernate-validator\6.0.9.Final\hibernate-validator-6.0.9.Final.jar;C:\Users\Maryna Savchenko\.m2\repository\javax\validation\validation-api\2.0.1.Final\validation-api-2.0.1.Final.jar;C:\Users\Maryna Savchenko\.m2\repository\org\jboss\logging\jboss-logging\3.3.2.Final\jboss-logging-3.3.2.Final.jar;C:\Users\Maryna Savchenko\.m2\repository\com\fasterxml\classmate\1.3.4\classmate-1.3.4.jar;C:\Users\Maryna Savchenko\.m2\repository\org\springframework\spring-web\5.0.6.RELEASE\spring-web-5.0.6.RELEASE.jar;C:\Users\Maryna Savchenko\.m2\repository\org\springframework\spring-beans\5.0.6.RELEASE\spring-beans-5.0.6.RELEASE.jar;C:\Users\Maryna Savchenko\.m2\repository\org\springframework\spring-webmvc\5.0.6.RELEASE\spring-webmvc-5.0.6.RELEASE.jar;C:\Users\Maryna Savchenko\.m2\repository\org\springframework\spring-context\5.0.6.RELEASE\spring-context-5.0.6.RELEASE.jar;C:\Users\Maryna Savchenko\.m2\repository\org\springframework\spring-expression\5.0.6.RELEASE\spring-expression-5.0.6.RELEASE.jar;C:\Users\Maryna Savchenko\.m2\repository\org\slf4j\jcl-over-slf4j\1.7.25\jcl-over-slf4j-1.7.25.jar;C:\Users\Maryna Savchenko\.m2\repository\org\slf4j\slf4j-api\1.7.25\slf4j-api-1.7.25.jar;C:\Users\Maryna Savchenko\.m2\repository\org\slf4j\jul-to-slf4j\1.7.25\jul-to-slf4j-1.7.25.jar;C:\Users\Maryna Savchenko\.m2\repository\org\slf4j\slf4j-log4j12\1.7.25\slf4j-log4j12-1.7.25.jar;C:\Users\Maryna Savchenko\.m2\repository\log4j\log4j\1.2.17\log4j-1.2.17.jar;C:\Users\Maryna Savchenko\.m2\repository\org\springframework\boot\spring-boot-starter-data-mongodb\2.0.2.RELEASE\spring-boot-starter-data-mongodb-2.0.2.RELEASE.jar;C:\Users\Maryna Savchenko\.m2\repository\org\mongodb\mongodb-driver\3.6.0\mongodb-driver-3.6.0.jar;C:\Users\Maryna Savchenko\.m2\repository\org\mongodb\bson\3.6.0\bson-3.6.0.jar;C:\Users\Maryna Savchenko\.m2\repository\org\mongodb\mongodb-driver-core\3.6.0\mongodb-driver-core-3.6.0.jar;C:\Users\Maryna Savchenko\.m2\repository\org\springframework\data\spring-data-mongodb\2.0.7.RELEASE\spring-data-mongodb-2.0.7.RELEASE.jar;C:\Users\Maryna Savchenko\.m2\repository\org\springframework\spring-tx\5.0.6.RELEASE\spring-tx-5.0.6.RELEASE.jar;C:\Users\Maryna Savchenko\.m2\repository\org\springframework\data\spring-data-commons\2.0.7.RELEASE\spring-data-commons-2.0.7.RELEASE.jar;C:\Users\Maryna Savchenko\.m2\repository\org\springframework\boot\spring-boot-starter-actuator\2.0.2.RELEASE\spring-boot-starter-actuator-2.0.2.RELEASE.jar;C:\Users\Maryna Savchenko\.m2\repository\org\springframework\boot\spring-boot-actuator-autoconfigure\2.0.2.RELEASE\spring-boot-actuator-autoconfigure-2.0.2.RELEASE.jar;C:\Users\Maryna Savchenko\.m2\repository\org\springframework\boot\spring-boot-actuator\2.0.2.RELEASE\spring-boot-actuator-2.0.2.RELEASE.jar;C:\Users\Maryna Savchenko\.m2\repository\io\micrometer\micrometer-core\1.0.4\micrometer-core-1.0.4.jar;C:\Users\Maryna Savchenko\.m2\repository\org\hdrhistogram\HdrHistogram\2.1.10\HdrHistogram-2.1.10.jar;C:\Users\Maryna Savchenko\.m2\repository\org\latencyutils\LatencyUtils\2.0.3\LatencyUtils-2.0.3.jar;C:\Users\Maryna Savchenko\.m2\repository\org\springframework\boot\spring-boot-starter-security\2.0.2.RELEASE\spring-boot-starter-security-2.0.2.RELEASE.jar;C:\Users\Maryna Savchenko\.m2\repository\org\springframework\spring-aop\5.0.6.RELEASE\spring-aop-5.0.6.RELEASE.jar;C:\Users\Maryna Savchenko\.m2\repository\org\springframework\security\spring-security-config\5.0.5.RELEASE\spring-security-config-5.0.5.RELEASE.jar;C:\Users\Maryna Savchenko\.m2\repository\org\springframework\security\spring-security-web\5.0.5.RELEASE\spring-security-web-5.0.5.RELEASE.jar;C:\Users\Maryna Savchenko\.m2\repository\org\springframework\security\spring-security-test\5.0.5.RELEASE\spring-security-test-5.0.5.RELEASE.jar;C:\Users\Maryna Savchenko\.m2\repository\org\springframework\security\spring-security-core\5.0.5.RELEASE\spring-security-core-5.0.5.RELEASE.jar;C:\Users\Maryna Savchenko\.m2\repository\org\springframework\spring-core\5.0.6.RELEASE\spring-core-5.0.6.RELEASE.jar;C:\Users\Maryna Savchenko\.m2\repository\org\springframework\spring-jcl\5.0.6.RELEASE\spring-jcl-5.0.6.RELEASE.jar;C:\Users\Maryna Savchenko\.m2\repository\org\springframework\spring-test\5.0.6.RELEASE\spring-test-5.0.6.RELEASE.jar;C:\Users\Maryna Savchenko\.m2\repository\org\springframework\boot\spring-boot-devtools\2.0.2.RELEASE\spring-boot-devtools-2.0.2.RELEASE.jar;C:\Users\Maryna Savchenko\.m2\repository\org\springframework\boot\spring-boot\2.0.2.RELEASE\spring-boot-2.0.2.RELEASE.jar;C:\Users\Maryna Savchenko\.m2\repository\org\springframework\boot\spring-boot-autoconfigure\2.0.2.RELEASE\spring-boot-autoconfigure-2.0.2.RELEASE.jar;C:\Users\Maryna Savchenko\.m2\repository\org\springframework\boot\spring-boot-starter-test\2.0.2.RELEASE\spring-boot-starter-test-2.0.2.RELEASE.jar;C:\Users\Maryna Savchenko\.m2\repository\org\springframework\boot\spring-boot-test\2.0.2.RELEASE\spring-boot-test-2.0.2.RELEASE.jar;C:\Users\Maryna Savchenko\.m2\repository\org\springframework\boot\spring-boot-test-autoconfigure\2.0.2.RELEASE\spring-boot-test-autoconfigure-2.0.2.RELEASE.jar;C:\Users\Maryna Savchenko\.m2\repository\com\jayway\jsonpath\json-path\2.4.0\json-path-2.4.0.jar;C:\Users\Maryna Savchenko\.m2\repository\net\minidev\json-smart\2.3\json-smart-2.3.jar;C:\Users\Maryna Savchenko\.m2\repository\net\minidev\accessors-smart\1.2\accessors-smart-1.2.jar;C:\Users\Maryna Savchenko\.m2\repository\org\ow2\asm\asm\5.0.4\asm-5.0.4.jar;C:\Users\Maryna Savchenko\.m2\repository\org\assertj\assertj-core\3.9.1\assertj-core-3.9.1.jar;C:\Users\Maryna Savchenko\.m2\repository\org\mockito\mockito-core\2.15.0\mockito-core-2.15.0.jar;C:\Users\Maryna Savchenko\.m2\repository\net\bytebuddy\byte-buddy\1.7.11\byte-buddy-1.7.11.jar;C:\Users\Maryna Savchenko\.m2\repository\net\bytebuddy\byte-buddy-agent\1.7.11\byte-buddy-agent-1.7.11.jar;C:\Users\Maryna Savchenko\.m2\repository\org\objenesis\objenesis\2.6\objenesis-2.6.jar;C:\Users\Maryna Savchenko\.m2\repository\org\hamcrest\hamcrest-core\1.3\hamcrest-core-1.3.jar;C:\Users\Maryna Savchenko\.m2\repository\org\hamcrest\hamcrest-library\1.3\hamcrest-library-1.3.jar;C:\Users\Maryna Savchenko\.m2\repository\org\skyscreamer\jsonassert\1.5.0\jsonassert-1.5.0.jar;C:\Users\Maryna Savchenko\.m2\repository\com\vaadin\external\google\android-json\0.0.20131108.vaadin1\android-json-0.0.20131108.vaadin1.jar;C:\Users\Maryna Savchenko\.m2\repository\org\xmlunit\xmlunit-core\2.5.1\xmlunit-core-2.5.1.jar;C:\Users\Maryna Savchenko\.m2\repository\pl\pragmatists\JUnitParams\1.1.1\JUnitParams-1.1.1.jar;C:\Users\Maryna Savchenko\.m2\repository\org\apache\tomcat\embed\tomcat-embed-jasper\8.5.31\tomcat-embed-jasper-8.5.31.jar;C:\Users\Maryna Savchenko\.m2\repository\org\apache\tomcat\embed\tomcat-embed-core\8.5.31\tomcat-embed-core-8.5.31.jar;C:\Users\Maryna Savchenko\.m2\repository\org\apache\tomcat\tomcat-annotations-api\8.5.31\tomcat-annotations-api-8.5.31.jar;C:\Users\Maryna Savchenko\.m2\repository\org\apache\tomcat\embed\tomcat-embed-el\8.5.31\tomcat-embed-el-8.5.31.jar;C:\Users\Maryna Savchenko\.m2\repository\org\eclipse\jdt\ecj\3.12.3\ecj-3.12.3.jar;C:\Users\Maryna Savchenko\.m2\repository\junit\junit\4.12\junit-4.12.jar;C:\Users\Maryna Savchenko\.m2\repository\org\projectlombok\lombok\1.16.20\lombok-1.16.20.jar;C:\Users\Maryna Savchenko\.m2\repository\org\projectlombok\lombok-maven-plugin\1.16.20.0\lombok-maven-plugin-1.16.20.0.jar;C:\Users\Maryna Savchenko\.m2\repository\org\apache\commons\commons-lang3\3.7\commons-lang3-3.7.jar;C:\Users\Maryna Savchenko\.m2\repository\org\sonatype\plexus\plexus-build-api\0.0.7\plexus-build-api-0.0.7.jar;C:\Users\Maryna Savchenko\.m2\repository\org\codehaus\plexus\plexus-utils\1.5.8\plexus-utils-1.5.8.jar;, java.specification.name=Java Platform API Specification, java.class.version=52.0, sun.management.compiler=HotSpot 64-Bit Tiered Compilers, os.version=10.0, user.home=C:\Users\Maryna Savchenko, user.timezone=Europe/Belgrade, java.awt.printerjob=sun.awt.windows.WPrinterJob, file.encoding=Cp1252, java.specification.version=1.8, java.class.path=E:\java\repos\JavaTutorAPI\javatutor\target\test-classes;E:\java\repos\JavaTutorAPI\javatutor\target\classes;C:\Users\Maryna Savchenko\.m2\repository\org\springframework\boot\spring-boot-starter-web\2.0.2.RELEASE\spring-boot-starter-web-2.0.2.RELEASE.jar;C:\Users\Maryna Savchenko\.m2\repository\org\springframework\boot\spring-boot-starter\2.0.2.RELEASE\spring-boot-starter-2.0.2.RELEASE.jar;C:\Users\Maryna Savchenko\.m2\repository\javax\annotation\javax.annotation-api\1.3.2\javax.annotation-api-1.3.2.jar;C:\Users\Maryna Savchenko\.m2\repository\org\yaml\snakeyaml\1.19\snakeyaml-1.19.jar;C:\Users\Maryna Savchenko\.m2\repository\org\springframework\boot\spring-boot-starter-json\2.0.2.RELEASE\spring-boot-starter-json-2.0.2.RELEASE.jar;C:\Users\Maryna Savchenko\.m2\repository\com\fasterxml\jackson\core\jackson-databind\2.9.5\jackson-databind-2.9.5.jar;C:\Users\Maryna Savchenko\.m2\repository\com\fasterxml\jackson\core\jackson-annotations\2.9.0\jackson-annotations-2.9.0.jar;C:\Users\Maryna Savchenko\.m2\repository\com\fasterxml\jackson\core\jackson-core\2.9.5\jackson-core-2.9.5.jar;C:\Users\Maryna Savchenko\.m2\repository\com\fasterxml\jackson\datatype\jackson-datatype-jdk8\2.9.5\jackson-datatype-jdk8-2.9.5.jar;C:\Users\Maryna Savchenko\.m2\repository\com\fasterxml\jackson\datatype\jackson-datatype-jsr310\2.9.5\jackson-datatype-jsr310-2.9.5.jar;C:\Users\Maryna Savchenko\.m2\repository\com\fasterxml\jackson\module\jackson-module-parameter-names\2.9.5\jackson-module-parameter-names-2.9.5.jar;C:\Users\Maryna Savchenko\.m2\repository\org\springframework\boot\spring-boot-starter-tomcat\2.0.2.RELEASE\spring-boot-starter-tomcat-2.0.2.RELEASE.jar;C:\Users\Maryna Savchenko\.m2\repository\org\apache\tomcat\embed\tomcat-embed-websocket\8.5.31\tomcat-embed-websocket-8.5.31.jar;C:\Users\Maryna Savchenko\.m2\repository\org\hibernate\validator\hibernate-validator\6.0.9.Final\hibernate-validator-6.0.9.Final.jar;C:\Users\Maryna Savchenko\.m2\repository\javax\validation\validation-api\2.0.1.Final\validation-api-2.0.1.Final.jar;C:\Users\Maryna Savchenko\.m2\repository\org\jboss\logging\jboss-logging\3.3.2.Final\jboss-logging-3.3.2.Final.jar;C:\Users\Maryna Savchenko\.m2\repository\com\fasterxml\classmate\1.3.4\classmate-1.3.4.jar;C:\Users\Maryna Savchenko\.m2\repository\org\springframework\spring-web\5.0.6.RELEASE\spring-web-5.0.6.RELEASE.jar;C:\Users\Maryna Savchenko\.m2\repository\org\springframework\spring-beans\5.0.6.RELEASE\spring-beans-5.0.6.RELEASE.jar;C:\Users\Maryna Savchenko\.m2\repository\org\springframework\spring-webmvc\5.0.6.RELEASE\spring-webmvc-5.0.6.RELEASE.jar;C:\Users\Maryna Savchenko\.m2\repository\org\springframework\spring-context\5.0.6.RELEASE\spring-context-5.0.6.RELEASE.jar;C:\Users\Maryna Savchenko\.m2\repository\org\springframework\spring-expression\5.0.6.RELEASE\spring-expression-5.0.6.RELEASE.jar;C:\Users\Maryna Savchenko\.m2\repository\org\slf4j\jcl-over-slf4j\1.7.25\jcl-over-slf4j-1.7.25.jar;C:\Users\Maryna Savchenko\.m2\repository\org\slf4j\slf4j-api\1.7.25\slf4j-api-1.7.25.jar;C:\Users\Maryna Savchenko\.m2\repository\org\slf4j\jul-to-slf4j\1.7.25\jul-to-slf4j-1.7.25.jar;C:\Users\Maryna Savchenko\.m2\repository\org\slf4j\slf4j-log4j12\1.7.25\slf4j-log4j12-1.7.25.jar;C:\Users\Maryna Savchenko\.m2\repository\log4j\log4j\1.2.17\log4j-1.2.17.jar;C:\Users\Maryna Savchenko\.m2\repository\org\springframework\boot\spring-boot-starter-data-mongodb\2.0.2.RELEASE\spring-boot-starter-data-mongodb-2.0.2.RELEASE.jar;C:\Users\Maryna Savchenko\.m2\repository\org\mongodb\mongodb-driver\3.6.0\mongodb-driver-3.6.0.jar;C:\Users\Maryna Savchenko\.m2\repository\org\mongodb\bson\3.6.0\bson-3.6.0.jar;C:\Users\Maryna Savchenko\.m2\repository\org\mongodb\mongodb-driver-core\3.6.0\mongodb-driver-core-3.6.0.jar;C:\Users\Maryna Savchenko\.m2\repository\org\springframework\data\spring-data-mongodb\2.0.7.RELEASE\spring-data-mongodb-2.0.7.RELEASE.jar;C:\Users\Maryna Savchenko\.m2\repository\org\springframework\spring-tx\5.0.6.RELEASE\spring-tx-5.0.6.RELEASE.jar;C:\Users\Maryna Savchenko\.m2\repository\org\springframework\data\spring-data-commons\2.0.7.RELEASE\spring-data-commons-2.0.7.RELEASE.jar;C:\Users\Maryna Savchenko\.m2\repository\org\springframework\boot\spring-boot-starter-actuator\2.0.2.RELEASE\spring-boot-starter-actuator-2.0.2.RELEASE.jar;C:\Users\Maryna Savchenko\.m2\repository\org\springframework\boot\spring-boot-actuator-autoconfigure\2.0.2.RELEASE\spring-boot-actuator-autoconfigure-2.0.2.RELEASE.jar;C:\Users\Maryna Savchenko\.m2\repository\org\springframework\boot\spring-boot-actuator\2.0.2.RELEASE\spring-boot-actuator-2.0.2.RELEASE.jar;C:\Users\Maryna Savchenko\.m2\repository\io\micrometer\micrometer-core\1.0.4\micrometer-core-1.0.4.jar;C:\Users\Maryna Savchenko\.m2\repository\org\hdrhistogram\HdrHistogram\2.1.10\HdrHistogram-2.1.10.jar;C:\Users\Maryna Savchenko\.m2\repository\org\latencyutils\LatencyUtils\2.0.3\LatencyUtils-2.0.3.jar;C:\Users\Maryna Savchenko\.m2\repository\org\springframework\boot\spring-boot-starter-security\2.0.2.RELEASE\spring-boot-starter-security-2.0.2.RELEASE.jar;C:\Users\Maryna Savchenko\.m2\repository\org\springframework\spring-aop\5.0.6.RELEASE\spring-aop-5.0.6.RELEASE.jar;C:\Users\Maryna Savchenko\.m2\repository\org\springframework\security\spring-security-config\5.0.5.RELEASE\spring-security-config-5.0.5.RELEASE.jar;C:\Users\Maryna Savchenko\.m2\repository\org\springframework\security\spring-security-web\5.0.5.RELEASE\spring-security-web-5.0.5.RELEASE.jar;C:\Users\Maryna Savchenko\.m2\repository\org\springframework\security\spring-security-test\5.0.5.RELEASE\spring-security-test-5.0.5.RELEASE.jar;C:\Users\Maryna Savchenko\.m2\repository\org\springframework\security\spring-security-core\5.0.5.RELEASE\spring-security-core-5.0.5.RELEASE.jar;C:\Users\Maryna Savchenko\.m2\repository\org\springframework\spring-core\5.0.6.RELEASE\spring-core-5.0.6.RELEASE.jar;C:\Users\Maryna Savchenko\.m2\repository\org\springframework\spring-jcl\5.0.6.RELEASE\spring-jcl-5.0.6.RELEASE.jar;C:\Users\Maryna Savchenko\.m2\repository\org\springframework\spring-test\5.0.6.RELEASE\spring-test-5.0.6.RELEASE.jar;C:\Users\Maryna Savchenko\.m2\repository\org\springframework\boot\spring-boot-devtools\2.0.2.RELEASE\spring-boot-devtools-2.0.2.RELEASE.jar;C:\Users\Maryna Savchenko\.m2\repository\org\springframework\boot\spring-boot\2.0.2.RELEASE\spring-boot-2.0.2.RELEASE.jar;C:\Users\Maryna Savchenko\.m2\repository\org\springframework\boot\spring-boot-autoconfigure\2.0.2.RELEASE\spring-boot-autoconfigure-2.0.2.RELEASE.jar;C:\Users\Maryna Savchenko\.m2\repository\org\springframework\boot\spring-boot-starter-test\2.0.2.RELEASE\spring-boot-starter-test-2.0.2.RELEASE.jar;C:\Users\Maryna Savchenko\.m2\repository\org\springframework\boot\spring-boot-test\2.0.2.RELEASE\spring-boot-test-2.0.2.RELEASE.jar;C:\Users\Maryna Savchenko\.m2\repository\org\springframework\boot\spring-boot-test-autoconfigure\2.0.2.RELEASE\spring-boot-test-autoconfigure-2.0.2.RELEASE.jar;C:\Users\Maryna Savchenko\.m2\repository\com\jayway\jsonpath\json-path\2.4.0\json-path-2.4.0.jar;C:\Users\Maryna Savchenko\.m2\repository\net\minidev\json-smart\2.3\json-smart-2.3.jar;C:\Users\Maryna Savchenko\.m2\repository\net\minidev\accessors-smart\1.2\accessors-smart-1.2.jar;C:\Users\Maryna Savchenko\.m2\repository\org\ow2\asm\asm\5.0.4\asm-5.0.4.jar;C:\Users\Maryna Savchenko\.m2\repository\org\assertj\assertj-core\3.9.1\assertj-core-3.9.1.jar;C:\Users\Maryna Savchenko\.m2\repository\org\mockito\mockito-core\2.15.0\mockito-core-2.15.0.jar;C:\Users\Maryna Savchenko\.m2\repository\net\bytebuddy\byte-buddy\1.7.11\byte-buddy-1.7.11.jar;C:\Users\Maryna Savchenko\.m2\repository\net\bytebuddy\byte-buddy-agent\1.7.11\byte-buddy-agent-1.7.11.jar;C:\Users\Maryna Savchenko\.m2\repository\org\objenesis\objenesis\2.6\objenesis-2.6.jar;C:\Users\Maryna Savchenko\.m2\repository\org\hamcrest\hamcrest-core\1.3\hamcrest-core-1.3.jar;C:\Users\Maryna Savchenko\.m2\repository\org\hamcrest\hamcrest-library\1.3\hamcrest-library-1.3.jar;C:\Users\Maryna Savchenko\.m2\repository\org\skyscreamer\jsonassert\1.5.0\jsonassert-1.5.0.jar;C:\Users\Maryna Savchenko\.m2\repository\com\vaadin\external\google\android-json\0.0.20131108.vaadin1\android-json-0.0.20131108.vaadin1.jar;C:\Users\Maryna Savchenko\.m2\repository\org\xmlunit\xmlunit-core\2.5.1\xmlunit-core-2.5.1.jar;C:\Users\Maryna Savchenko\.m2\repository\pl\pragmatists\JUnitParams\1.1.1\JUnitParams-1.1.1.jar;C:\Users\Maryna Savchenko\.m2\repository\org\apache\tomcat\embed\tomcat-embed-jasper\8.5.31\tomcat-embed-jasper-8.5.31.jar;C:\Users\Maryna Savchenko\.m2\repository\org\apache\tomcat\embed\tomcat-embed-core\8.5.31\tomcat-embed-core-8.5.31.jar;C:\Users\Maryna Savchenko\.m2\repository\org\apache\tomcat\tomcat-annotations-api\8.5.31\tomcat-annotations-api-8.5.31.jar;C:\Users\Maryna Savchenko\.m2\repository\org\apache\tomcat\embed\tomcat-embed-el\8.5.31\tomcat-embed-el-8.5.31.jar;C:\Users\Maryna Savchenko\.m2\repository\org\eclipse\jdt\ecj\3.12.3\ecj-3.12.3.jar;C:\Users\Maryna Savchenko\.m2\repository\junit\junit\4.12\junit-4.12.jar;C:\Users\Maryna Savchenko\.m2\repository\org\projectlombok\lombok\1.16.20\lombok-1.16.20.jar;C:\Users\Maryna Savchenko\.m2\repository\org\projectlombok\lombok-maven-plugin\1.16.20.0\lombok-maven-plugin-1.16.20.0.jar;C:\Users\Maryna Savchenko\.m2\repository\org\apache\commons\commons-lang3\3.7\commons-lang3-3.7.jar;C:\Users\Maryna Savchenko\.m2\repository\org\sonatype\plexus\plexus-build-api\0.0.7\plexus-build-api-0.0.7.jar;C:\Users\Maryna Savchenko\.m2\repository\org\codehaus\plexus\plexus-utils\1.5.8\plexus-utils-1.5.8.jar;, user.name=Maryna Savchenko, java.vm.specification.version=1.8, sun.java.command=C:\Users\MARYNA~1\AppData\Local\Temp\surefire1244754544745437156\surefirebooter7935569149334272143.jar C:\Users\Maryna Savchenko\AppData\Local\Temp\surefire1244754544745437156 2018-10-11T10-37-06_854-jvmRun1 surefire6084229711424990350tmp surefire_01445494788152468973tmp, java.home=C:\Program Files\Java\jdk1.8.0_131\jre, sun.arch.data.model=64, user.language=en, java.specification.vendor=Oracle Corporation, user.language.format=uk, awt.toolkit=sun.awt.windows.WToolkit, java.vm.info=mixed mode, java.version=1.8.0_131, java.ext.dirs=C:\Program Files\Java\jdk1.8.0_131\jre\lib\ext;C:\WINDOWS\Sun\Java\lib\ext, sun.boot.class.path=C:\Program Files\Java\jdk1.8.0_131\jre\lib\resources.jar;C:\Program Files\Java\jdk1.8.0_131\jre\lib\rt.jar;C:\Program Files\Java\jdk1.8.0_131\jre\lib\sunrsasign.jar;C:\Program Files\Java\jdk1.8.0_131\jre\lib\jsse.jar;C:\Program Files\Java\jdk1.8.0_131\jre\lib\jce.jar;C:\Program Files\Java\jdk1.8.0_131\jre\lib\charsets.jar;C:\Program Files\Java\jdk1.8.0_131\jre\lib\jfr.jar;C:\Program Files\Java\jdk1.8.0_131\jre\classes, java.awt.headless=true, java.vendor=Oracle Corporation, localRepository=C:\Users\Maryna Savchenko\.m2\repository, file.separator=\, java.vendor.url.bug=http://bugreport.sun.com/bugreport/, sun.io.unicode.encoding=UnicodeLittle, sun.cpu.endian=little, sun.desktop=windows, sun.cpu.isalist=amd64}}, SystemEnvironmentPropertySource@1616818290 {name='systemEnvironment', properties={PATH=C:\Users\Maryna Savchenko\bin;C:\Program Files\Git\mingw64\bin;C:\Program Files\Git\usr\local\bin;C:\Program Files\Git\usr\bin;C:\Program Files\Git\usr\bin;C:\Program Files\Git\mingw64\bin;C:\Program Files\Git\usr\bin;C:\Users\Maryna Savchenko\bin;C:\Program Files\Docker\Docker\Resources\bin;C:\ProgramData\Oracle\Java\javapath;C:\Program Files (x86)\Intel\TXE Components\TCS;C:\Program Files\Intel\TXE Components\TCS;C:\WINDOWS\system32;C:\WINDOWS;C:\WINDOWS\System32\Wbem;C:\WINDOWS\System32\WindowsPowerShell\v1.0;C:\Program Files\Intel\TXE Components\DAL;C:\Program Files (x86)\Intel\TXE Components\DAL;C:\Program Files\Intel\TXE Components\IPT;C:\Program Files (x86)\Intel\TXE Components\IPT;E:\java\apache-maven-3.5.0-bin\apache-maven-3.5.0\bin;C:\Program Files\Git\cmd;C:\Program Files\Java\jdk1.8.0_131\bin;C:\Program Files\MySQL\MySQL Utilities 1.6;C:\Program Files (x86)\bin;C:\Program Files (x86)\sbt\bin;C:\Program Files (x86)\Yarn\bin;C:\ProgramData\chocolatey\bin;C:\Program Files\nodejs;C:\Users\Maryna Savchenko\AppData\Local\Microsoft\WindowsApps;E:\java\spark-2.2.0-bin-hadoop2.7\bin;C:\Program Files\Java\jdk1.8.0_131\bin;C:\Program Files (x86)\sbt\bin;C:\winutils\bin;C:\Program Files\Docker Toolbox;C:\Users\Maryna Savchenko\AppData\Local\Yarn\bin;C:\Users\Maryna Savchenko\AppData\Roaming\npm;C:\Program Files\Git\usr\bin\vendor_perl;C:\Program Files\Git\usr\bin\core_perl, USERDOMAIN_ROAMINGPROFILE=BigBrother, PKG_CONFIG_PATH=C:\Program Files\Git\mingw64\lib\pkgconfig;C:\Program Files\Git\mingw64\share\pkgconfig, MSYSTEM_PREFIX=C:/Program Files/Git/mingw64, PROCESSOR_LEVEL=6, SYSTEMDRIVE=C:, CONFIG_SITE=C:/Program Files/Git/mingw64/etc/config.site, FP_NO_HOST_CHECK=NO, POSTGIS_GDAL_ENABLED_DRIVERS=GTiff PNG JPEG GIF XYZ DTED USGSDEM AAIGrid, SESSIONNAME=Console, ALLUSERSPROFILE=C:\ProgramData, GDAL_DATA=C:\Program Files\PostgreSQL\9.6\gdal-data, PROCESSOR_ARCHITECTURE=AMD64, MSYSTEM_CHOST=x86_64-w64-mingw32, =E:=E:\java\repos\JavaTutorAPI\javatutor, ORIGINAL_TEMP=C:/Users/MARYNA~1/AppData/Local/Temp, PROGRAMFILES=C:\Program Files, POSTGIS_ENABLE_OUTDB_RASTERS=1, PSMODULEPATH=C:\WINDOWS\system32\WindowsPowerShell\v1.0\Modules\, PROGRAMDATA=C:\ProgramData, CHOCOLATEYLASTPATHUPDATE=?? ??? 24 11:36:27 2018, USERNAME=Maryna Savchenko, PWD=E:/java/repos/JavaTutorAPI/javatutor, INFOPATH=C:\Program Files\Git\usr\local\info;C:\Program Files\Git\usr\share\info;C:\Program Files\Git\usr\info;C:\Program Files\Git\share\info, FPS_BROWSER_USER_PROFILE_STRING=Default, ONEDRIVE=C:\Users\Maryna Savchenko\OneDrive, PATHEXT=.COM;.EXE;.BAT;.CMD;.VBS;.VBE;.JS;.JSE;.WSF;.WSH;.MSC, SHELL=C:\Program Files\Git\usr\bin\bash.exe, ORIGINAL_TMP=C:/Users/MARYNA~1/AppData/Local/Temp, OLDPWD=E:/java/repos/JavaTutorAPI/javatutor, TMPDIR=C:\Users\MARYNA~1\AppData\Local\Temp, WINDIR=C:\WINDOWS, SSH_ASKPASS=C:/Program Files/Git/mingw64/libexec/git-core/git-gui--askpass, HOMEPATH=\Users\Maryna Savchenko, PROCESSOR_IDENTIFIER=Intel64 Family 6 Model 76 Stepping 3, GenuineIntel, HADOOP_HOME=C:\winutils, M2_HOME=E:\java\apache-maven-3.5.0-bin\apache-maven-3.5.0, PUBLIC=C:\Users\Public, MINGW_CHOST=x86_64-w64-mingw32, =::=::\, EXEPATH=C:\Program Files\Git, SHLVL=1, LOCALAPPDATA=C:\Users\Maryna Savchenko\AppData\Local, ORIGINAL_PATH=C:\Program Files\Git\mingw64\bin;C:\Program Files\Git\usr\bin;C:\Users\Maryna Savchenko\bin;C:\Program Files\Docker\Docker\Resources\bin;C:\ProgramData\Oracle\Java\javapath;C:\Program Files (x86)\Intel\TXE Components\TCS;C:\Program Files\Intel\TXE Components\TCS;C:\WINDOWS\system32;C:\WINDOWS;C:\WINDOWS\System32\Wbem;C:\WINDOWS\System32\WindowsPowerShell\v1.0;C:\Program Files\Intel\TXE Components\DAL;C:\Program Files (x86)\Intel\TXE Components\DAL;C:\Program Files\Intel\TXE Components\IPT;C:\Program Files (x86)\Intel\TXE Components\IPT;E:\java\apache-maven-3.5.0-bin\apache-maven-3.5.0\bin;C:\Program Files\Git\cmd;C:\Program Files\Java\jdk1.8.0_131\bin;C:\Program Files\MySQL\MySQL Utilities 1.6;C:\Program Files (x86)\bin;C:\Program Files (x86)\sbt\bin;C:\Program Files (x86)\Yarn\bin;C:\ProgramData\chocolatey\bin;C:\Program Files\nodejs;C:\Users\Maryna Savchenko\AppData\Local\Microsoft\WindowsApps;E:\java\spark-2.2.0-bin-hadoop2.7\bin;C:\Program Files\Java\jdk1.8.0_131\bin;C:\Program Files (x86)\sbt\bin;C:\winutils\bin;C:\Program Files\Docker Toolbox;C:\Users\Maryna Savchenko\AppData\Local\Yarn\bin;C:\Users\Maryna Savchenko\AppData\Roaming\npm, MANPATH=C:\Program Files\Git\mingw64\share\man;C:\Program Files\Git\usr\local\man;C:\Program Files\Git\usr\share\man;C:\Program Files\Git\usr\man;C:\Program Files\Git\share\man, COMMONPROGRAMFILES(X86)=C:\Program Files (x86)\Common Files, MINGW_PACKAGE_PREFIX=mingw-w64-x86_64, USERDOMAIN=BigBrother, FPS_BROWSER_APP_PROFILE_STRING=Internet Explorer, LOGONSERVER=\\BIGBROTHER, JAVA_HOME=C:/Program Files/Java/jdk1.8.0_131, PLINK_PROTOCOL=ssh, PROMPT=$P$G, PROGRAMFILES(X86)=C:\Program Files (x86), TERM=xterm, LANG=en_US.UTF-8, MINGW_PREFIX=C:/Program Files/Git/mingw64, DISPLAY=needs-to-be-defined, MSYSTEM=MINGW64, APPDATA=C:\Users\Maryna Savchenko\AppData\Roaming, SPARK_HOME=E:\java\spark-2.2.0-bin-hadoop2.7, PROGRAMW6432=C:\Program Files, SYSTEMROOT=C:\WINDOWS, CHOCOLATEYINSTALL=C:\ProgramData\chocolatey, MAVEN_CMD_LINE_ARGS= test, SCALA_HOME=C:\Program Files (x86)\sbt, VBOX_MSI_INSTALL_PATH=C:\Program Files\Oracle\VirtualBox\, OS=Windows_NT, COMMONPROGRAMW6432=C:\Program Files\Common Files, COMPUTERNAME=BIGBROTHER, COMMONPROGRAMFILES=C:\Program Files\Common Files, COMSPEC=C:\WINDOWS\system32\cmd.exe, SBT_HOME=C:\Program Files (x86)\sbt\, MAVEN_PROJECTBASEDIR=E:/java/repos/JavaTutorAPI/javatutor, PROCESSOR_REVISION=4c03, ACLOCAL_PATH=C:\Program Files\Git\mingw64\share\aclocal;C:\Program Files\Git\usr\share\aclocal, MSYSTEM_CARCH=x86_64, PRINTER=Foxit Reader PDF Printer, TEMP=C:\Users\MARYNA~1\AppData\Local\Temp, HOSTNAME=BigBrother, HOMEDRIVE=C:, USERPROFILE=C:\Users\Maryna Savchenko, TMP=C:\Users\MARYNA~1\AppData\Local\Temp, NUMBER_OF_PROCESSORS=4, DOCKER_TOOLBOX_INSTALL_PATH=C:\Program Files\Docker Toolbox, HOME=C:\Users\Maryna Savchenko}}]
10:42:17,783 DEBUG org.springframework.core.env.StandardEnvironment:125 - Initialized StandardEnvironment with PropertySources [MapPropertySource@350179923 {name='systemProperties', properties={java.runtime.name=Java(TM) SE Runtime Environment, sun.boot.library.path=C:\Program Files\Java\jdk1.8.0_131\jre\bin, java.vm.version=25.131-b11, user.country.format=UA, java.vm.vendor=Oracle Corporation, java.vendor.url=http://java.oracle.com/, path.separator=;, java.vm.name=Java HotSpot(TM) 64-Bit Server VM, file.encoding.pkg=sun.io, user.country=US, user.script=, sun.java.launcher=SUN_STANDARD, sun.os.patch.level=, PID=5372, java.vm.specification.name=Java Virtual Machine Specification, user.dir=E:\java\repos\JavaTutorAPI\javatutor, java.runtime.version=1.8.0_131-b11, basedir=E:\java\repos\JavaTutorAPI\javatutor, java.awt.graphicsenv=sun.awt.Win32GraphicsEnvironment, java.endorsed.dirs=C:\Program Files\Java\jdk1.8.0_131\jre\lib\endorsed, os.arch=amd64, surefire.real.class.path=C:\Users\MARYNA~1\AppData\Local\Temp\surefire1244754544745437156\surefirebooter7935569149334272143.jar, java.io.tmpdir=C:\Users\MARYNA~1\AppData\Local\Temp\, line.separator=
, java.vm.specification.vendor=Oracle Corporation, user.variant=, os.name=Windows 10, sun.jnu.encoding=Cp1252, spring.beaninfo.ignore=true, java.library.path=C:\Program Files\Java\jdk1.8.0_131\jre\bin;C:\WINDOWS\Sun\Java\bin;C:\WINDOWS\system32;C:\WINDOWS;C:\Users\Maryna Savchenko\bin;C:\Program Files\Git\mingw64\bin;C:\Program Files\Git\usr\local\bin;C:\Program Files\Git\usr\bin;C:\Program Files\Git\usr\bin;C:\Program Files\Git\mingw64\bin;C:\Program Files\Git\usr\bin;C:\Users\Maryna Savchenko\bin;C:\Program Files\Docker\Docker\Resources\bin;C:\ProgramData\Oracle\Java\javapath;C:\Program Files (x86)\Intel\TXE Components\TCS;C:\Program Files\Intel\TXE Components\TCS;C:\WINDOWS\system32;C:\WINDOWS;C:\WINDOWS\System32\Wbem;C:\WINDOWS\System32\WindowsPowerShell\v1.0;C:\Program Files\Intel\TXE Components\DAL;C:\Program Files (x86)\Intel\TXE Components\DAL;C:\Program Files\Intel\TXE Components\IPT;C:\Program Files (x86)\Intel\TXE Components\IPT;E:\java\apache-maven-3.5.0-bin\apache-maven-3.5.0\bin;C:\Program Files\Git\cmd;C:\Program Files\Java\jdk1.8.0_131\bin;C:\Program Files\MySQL\MySQL Utilities 1.6;C:\Program Files (x86)\bin;C:\Program Files (x86)\sbt\bin;C:\Program Files (x86)\Yarn\bin;C:\ProgramData\chocolatey\bin;C:\Program Files\nodejs;C:\Users\Maryna Savchenko\AppData\Local\Microsoft\WindowsApps;E:\java\spark-2.2.0-bin-hadoop2.7\bin;C:\Program Files\Java\jdk1.8.0_131\bin;C:\Program Files (x86)\sbt\bin;C:\winutils\bin;C:\Program Files\Docker Toolbox;C:\Users\Maryna Savchenko\AppData\Local\Yarn\bin;C:\Users\Maryna Savchenko\AppData\Roaming\npm;C:\Program Files\Git\usr\bin\vendor_perl;C:\Program Files\Git\usr\bin\core_perl;., surefire.test.class.path=E:\java\repos\JavaTutorAPI\javatutor\target\test-classes;E:\java\repos\JavaTutorAPI\javatutor\target\classes;C:\Users\Maryna Savchenko\.m2\repository\org\springframework\boot\spring-boot-starter-web\2.0.2.RELEASE\spring-boot-starter-web-2.0.2.RELEASE.jar;C:\Users\Maryna Savchenko\.m2\repository\org\springframework\boot\spring-boot-starter\2.0.2.RELEASE\spring-boot-starter-2.0.2.RELEASE.jar;C:\Users\Maryna Savchenko\.m2\repository\javax\annotation\javax.annotation-api\1.3.2\javax.annotation-api-1.3.2.jar;C:\Users\Maryna Savchenko\.m2\repository\org\yaml\snakeyaml\1.19\snakeyaml-1.19.jar;C:\Users\Maryna Savchenko\.m2\repository\org\springframework\boot\spring-boot-starter-json\2.0.2.RELEASE\spring-boot-starter-json-2.0.2.RELEASE.jar;C:\Users\Maryna Savchenko\.m2\repository\com\fasterxml\jackson\core\jackson-databind\2.9.5\jackson-databind-2.9.5.jar;C:\Users\Maryna Savchenko\.m2\repository\com\fasterxml\jackson\core\jackson-annotations\2.9.0\jackson-annotations-2.9.0.jar;C:\Users\Maryna Savchenko\.m2\repository\com\fasterxml\jackson\core\jackson-core\2.9.5\jackson-core-2.9.5.jar;C:\Users\Maryna Savchenko\.m2\repository\com\fasterxml\jackson\datatype\jackson-datatype-jdk8\2.9.5\jackson-datatype-jdk8-2.9.5.jar;C:\Users\Maryna Savchenko\.m2\repository\com\fasterxml\jackson\datatype\jackson-datatype-jsr310\2.9.5\jackson-datatype-jsr310-2.9.5.jar;C:\Users\Maryna Savchenko\.m2\repository\com\fasterxml\jackson\module\jackson-module-parameter-names\2.9.5\jackson-module-parameter-names-2.9.5.jar;C:\Users\Maryna Savchenko\.m2\repository\org\springframework\boot\spring-boot-starter-tomcat\2.0.2.RELEASE\spring-boot-starter-tomcat-2.0.2.RELEASE.jar;C:\Users\Maryna Savchenko\.m2\repository\org\apache\tomcat\embed\tomcat-embed-websocket\8.5.31\tomcat-embed-websocket-8.5.31.jar;C:\Users\Maryna Savchenko\.m2\repository\org\hibernate\validator\hibernate-validator\6.0.9.Final\hibernate-validator-6.0.9.Final.jar;C:\Users\Maryna Savchenko\.m2\repository\javax\validation\validation-api\2.0.1.Final\validation-api-2.0.1.Final.jar;C:\Users\Maryna Savchenko\.m2\repository\org\jboss\logging\jboss-logging\3.3.2.Final\jboss-logging-3.3.2.Final.jar;C:\Users\Maryna Savchenko\.m2\repository\com\fasterxml\classmate\1.3.4\classmate-1.3.4.jar;C:\Users\Maryna Savchenko\.m2\repository\org\springframework\spring-web\5.0.6.RELEASE\spring-web-5.0.6.RELEASE.jar;C:\Users\Maryna Savchenko\.m2\repository\org\springframework\spring-beans\5.0.6.RELEASE\spring-beans-5.0.6.RELEASE.jar;C:\Users\Maryna Savchenko\.m2\repository\org\springframework\spring-webmvc\5.0.6.RELEASE\spring-webmvc-5.0.6.RELEASE.jar;C:\Users\Maryna Savchenko\.m2\repository\org\springframework\spring-context\5.0.6.RELEASE\spring-context-5.0.6.RELEASE.jar;C:\Users\Maryna Savchenko\.m2\repository\org\springframework\spring-expression\5.0.6.RELEASE\spring-expression-5.0.6.RELEASE.jar;C:\Users\Maryna Savchenko\.m2\repository\org\slf4j\jcl-over-slf4j\1.7.25\jcl-over-slf4j-1.7.25.jar;C:\Users\Maryna Savchenko\.m2\repository\org\slf4j\slf4j-api\1.7.25\slf4j-api-1.7.25.jar;C:\Users\Maryna Savchenko\.m2\repository\org\slf4j\jul-to-slf4j\1.7.25\jul-to-slf4j-1.7.25.jar;C:\Users\Maryna Savchenko\.m2\repository\org\slf4j\slf4j-log4j12\1.7.25\slf4j-log4j12-1.7.25.jar;C:\Users\Maryna Savchenko\.m2\repository\log4j\log4j\1.2.17\log4j-1.2.17.jar;C:\Users\Maryna Savchenko\.m2\repository\org\springframework\boot\spring-boot-starter-data-mongodb\2.0.2.RELEASE\spring-boot-starter-data-mongodb-2.0.2.RELEASE.jar;C:\Users\Maryna Savchenko\.m2\repository\org\mongodb\mongodb-driver\3.6.0\mongodb-driver-3.6.0.jar;C:\Users\Maryna Savchenko\.m2\repository\org\mongodb\bson\3.6.0\bson-3.6.0.jar;C:\Users\Maryna Savchenko\.m2\repository\org\mongodb\mongodb-driver-core\3.6.0\mongodb-driver-core-3.6.0.jar;C:\Users\Maryna Savchenko\.m2\repository\org\springframework\data\spring-data-mongodb\2.0.7.RELEASE\spring-data-mongodb-2.0.7.RELEASE.jar;C:\Users\Maryna Savchenko\.m2\repository\org\springframework\spring-tx\5.0.6.RELEASE\spring-tx-5.0.6.RELEASE.jar;C:\Users\Maryna Savchenko\.m2\repository\org\springframework\data\spring-data-commons\2.0.7.RELEASE\spring-data-commons-2.0.7.RELEASE.jar;C:\Users\Maryna Savchenko\.m2\repository\org\springframework\boot\spring-boot-starter-actuator\2.0.2.RELEASE\spring-boot-starter-actuator-2.0.2.RELEASE.jar;C:\Users\Maryna Savchenko\.m2\repository\org\springframework\boot\spring-boot-actuator-autoconfigure\2.0.2.RELEASE\spring-boot-actuator-autoconfigure-2.0.2.RELEASE.jar;C:\Users\Maryna Savchenko\.m2\repository\org\springframework\boot\spring-boot-actuator\2.0.2.RELEASE\spring-boot-actuator-2.0.2.RELEASE.jar;C:\Users\Maryna Savchenko\.m2\repository\io\micrometer\micrometer-core\1.0.4\micrometer-core-1.0.4.jar;C:\Users\Maryna Savchenko\.m2\repository\org\hdrhistogram\HdrHistogram\2.1.10\HdrHistogram-2.1.10.jar;C:\Users\Maryna Savchenko\.m2\repository\org\latencyutils\LatencyUtils\2.0.3\LatencyUtils-2.0.3.jar;C:\Users\Maryna Savchenko\.m2\repository\org\springframework\boot\spring-boot-starter-security\2.0.2.RELEASE\spring-boot-starter-security-2.0.2.RELEASE.jar;C:\Users\Maryna Savchenko\.m2\repository\org\springframework\spring-aop\5.0.6.RELEASE\spring-aop-5.0.6.RELEASE.jar;C:\Users\Maryna Savchenko\.m2\repository\org\springframework\security\spring-security-config\5.0.5.RELEASE\spring-security-config-5.0.5.RELEASE.jar;C:\Users\Maryna Savchenko\.m2\repository\org\springframework\security\spring-security-web\5.0.5.RELEASE\spring-security-web-5.0.5.RELEASE.jar;C:\Users\Maryna Savchenko\.m2\repository\org\springframework\security\spring-security-test\5.0.5.RELEASE\spring-security-test-5.0.5.RELEASE.jar;C:\Users\Maryna Savchenko\.m2\repository\org\springframework\security\spring-security-core\5.0.5.RELEASE\spring-security-core-5.0.5.RELEASE.jar;C:\Users\Maryna Savchenko\.m2\repository\org\springframework\spring-core\5.0.6.RELEASE\spring-core-5.0.6.RELEASE.jar;C:\Users\Maryna Savchenko\.m2\repository\org\springframework\spring-jcl\5.0.6.RELEASE\spring-jcl-5.0.6.RELEASE.jar;C:\Users\Maryna Savchenko\.m2\repository\org\springframework\spring-test\5.0.6.RELEASE\spring-test-5.0.6.RELEASE.jar;C:\Users\Maryna Savchenko\.m2\repository\org\springframework\boot\spring-boot-devtools\2.0.2.RELEASE\spring-boot-devtools-2.0.2.RELEASE.jar;C:\Users\Maryna Savchenko\.m2\repository\org\springframework\boot\spring-boot\2.0.2.RELEASE\spring-boot-2.0.2.RELEASE.jar;C:\Users\Maryna Savchenko\.m2\repository\org\springframework\boot\spring-boot-autoconfigure\2.0.2.RELEASE\spring-boot-autoconfigure-2.0.2.RELEASE.jar;C:\Users\Maryna Savchenko\.m2\repository\org\springframework\boot\spring-boot-starter-test\2.0.2.RELEASE\spring-boot-starter-test-2.0.2.RELEASE.jar;C:\Users\Maryna Savchenko\.m2\repository\org\springframework\boot\spring-boot-test\2.0.2.RELEASE\spring-boot-test-2.0.2.RELEASE.jar;C:\Users\Maryna Savchenko\.m2\repository\org\springframework\boot\spring-boot-test-autoconfigure\2.0.2.RELEASE\spring-boot-test-autoconfigure-2.0.2.RELEASE.jar;C:\Users\Maryna Savchenko\.m2\repository\com\jayway\jsonpath\json-path\2.4.0\json-path-2.4.0.jar;C:\Users\Maryna Savchenko\.m2\repository\net\minidev\json-smart\2.3\json-smart-2.3.jar;C:\Users\Maryna Savchenko\.m2\repository\net\minidev\accessors-smart\1.2\accessors-smart-1.2.jar;C:\Users\Maryna Savchenko\.m2\repository\org\ow2\asm\asm\5.0.4\asm-5.0.4.jar;C:\Users\Maryna Savchenko\.m2\repository\org\assertj\assertj-core\3.9.1\assertj-core-3.9.1.jar;C:\Users\Maryna Savchenko\.m2\repository\org\mockito\mockito-core\2.15.0\mockito-core-2.15.0.jar;C:\Users\Maryna Savchenko\.m2\repository\net\bytebuddy\byte-buddy\1.7.11\byte-buddy-1.7.11.jar;C:\Users\Maryna Savchenko\.m2\repository\net\bytebuddy\byte-buddy-agent\1.7.11\byte-buddy-agent-1.7.11.jar;C:\Users\Maryna Savchenko\.m2\repository\org\objenesis\objenesis\2.6\objenesis-2.6.jar;C:\Users\Maryna Savchenko\.m2\repository\org\hamcrest\hamcrest-core\1.3\hamcrest-core-1.3.jar;C:\Users\Maryna Savchenko\.m2\repository\org\hamcrest\hamcrest-library\1.3\hamcrest-library-1.3.jar;C:\Users\Maryna Savchenko\.m2\repository\org\skyscreamer\jsonassert\1.5.0\jsonassert-1.5.0.jar;C:\Users\Maryna Savchenko\.m2\repository\com\vaadin\external\google\android-json\0.0.20131108.vaadin1\android-json-0.0.20131108.vaadin1.jar;C:\Users\Maryna Savchenko\.m2\repository\org\xmlunit\xmlunit-core\2.5.1\xmlunit-core-2.5.1.jar;C:\Users\Maryna Savchenko\.m2\repository\pl\pragmatists\JUnitParams\1.1.1\JUnitParams-1.1.1.jar;C:\Users\Maryna Savchenko\.m2\repository\org\apache\tomcat\embed\tomcat-embed-jasper\8.5.31\tomcat-embed-jasper-8.5.31.jar;C:\Users\Maryna Savchenko\.m2\repository\org\apache\tomcat\embed\tomcat-embed-core\8.5.31\tomcat-embed-core-8.5.31.jar;C:\Users\Maryna Savchenko\.m2\repository\org\apache\tomcat\tomcat-annotations-api\8.5.31\tomcat-annotations-api-8.5.31.jar;C:\Users\Maryna Savchenko\.m2\repository\org\apache\tomcat\embed\tomcat-embed-el\8.5.31\tomcat-embed-el-8.5.31.jar;C:\Users\Maryna Savchenko\.m2\repository\org\eclipse\jdt\ecj\3.12.3\ecj-3.12.3.jar;C:\Users\Maryna Savchenko\.m2\repository\junit\junit\4.12\junit-4.12.jar;C:\Users\Maryna Savchenko\.m2\repository\org\projectlombok\lombok\1.16.20\lombok-1.16.20.jar;C:\Users\Maryna Savchenko\.m2\repository\org\projectlombok\lombok-maven-plugin\1.16.20.0\lombok-maven-plugin-1.16.20.0.jar;C:\Users\Maryna Savchenko\.m2\repository\org\apache\commons\commons-lang3\3.7\commons-lang3-3.7.jar;C:\Users\Maryna Savchenko\.m2\repository\org\sonatype\plexus\plexus-build-api\0.0.7\plexus-build-api-0.0.7.jar;C:\Users\Maryna Savchenko\.m2\repository\org\codehaus\plexus\plexus-utils\1.5.8\plexus-utils-1.5.8.jar;, java.specification.name=Java Platform API Specification, java.class.version=52.0, sun.management.compiler=HotSpot 64-Bit Tiered Compilers, os.version=10.0, user.home=C:\Users\Maryna Savchenko, user.timezone=Europe/Belgrade, java.awt.printerjob=sun.awt.windows.WPrinterJob, file.encoding=Cp1252, java.specification.version=1.8, java.class.path=E:\java\repos\JavaTutorAPI\javatutor\target\test-classes;E:\java\repos\JavaTutorAPI\javatutor\target\classes;C:\Users\Maryna Savchenko\.m2\repository\org\springframework\boot\spring-boot-starter-web\2.0.2.RELEASE\spring-boot-starter-web-2.0.2.RELEASE.jar;C:\Users\Maryna Savchenko\.m2\repository\org\springframework\boot\spring-boot-starter\2.0.2.RELEASE\spring-boot-starter-2.0.2.RELEASE.jar;C:\Users\Maryna Savchenko\.m2\repository\javax\annotation\javax.annotation-api\1.3.2\javax.annotation-api-1.3.2.jar;C:\Users\Maryna Savchenko\.m2\repository\org\yaml\snakeyaml\1.19\snakeyaml-1.19.jar;C:\Users\Maryna Savchenko\.m2\repository\org\springframework\boot\spring-boot-starter-json\2.0.2.RELEASE\spring-boot-starter-json-2.0.2.RELEASE.jar;C:\Users\Maryna Savchenko\.m2\repository\com\fasterxml\jackson\core\jackson-databind\2.9.5\jackson-databind-2.9.5.jar;C:\Users\Maryna Savchenko\.m2\repository\com\fasterxml\jackson\core\jackson-annotations\2.9.0\jackson-annotations-2.9.0.jar;C:\Users\Maryna Savchenko\.m2\repository\com\fasterxml\jackson\core\jackson-core\2.9.5\jackson-core-2.9.5.jar;C:\Users\Maryna Savchenko\.m2\repository\com\fasterxml\jackson\datatype\jackson-datatype-jdk8\2.9.5\jackson-datatype-jdk8-2.9.5.jar;C:\Users\Maryna Savchenko\.m2\repository\com\fasterxml\jackson\datatype\jackson-datatype-jsr310\2.9.5\jackson-datatype-jsr310-2.9.5.jar;C:\Users\Maryna Savchenko\.m2\repository\com\fasterxml\jackson\module\jackson-module-parameter-names\2.9.5\jackson-module-parameter-names-2.9.5.jar;C:\Users\Maryna Savchenko\.m2\repository\org\springframework\boot\spring-boot-starter-tomcat\2.0.2.RELEASE\spring-boot-starter-tomcat-2.0.2.RELEASE.jar;C:\Users\Maryna Savchenko\.m2\repository\org\apache\tomcat\embed\tomcat-embed-websocket\8.5.31\tomcat-embed-websocket-8.5.31.jar;C:\Users\Maryna Savchenko\.m2\repository\org\hibernate\validator\hibernate-validator\6.0.9.Final\hibernate-validator-6.0.9.Final.jar;C:\Users\Maryna Savchenko\.m2\repository\javax\validation\validation-api\2.0.1.Final\validation-api-2.0.1.Final.jar;C:\Users\Maryna Savchenko\.m2\repository\org\jboss\logging\jboss-logging\3.3.2.Final\jboss-logging-3.3.2.Final.jar;C:\Users\Maryna Savchenko\.m2\repository\com\fasterxml\classmate\1.3.4\classmate-1.3.4.jar;C:\Users\Maryna Savchenko\.m2\repository\org\springframework\spring-web\5.0.6.RELEASE\spring-web-5.0.6.RELEASE.jar;C:\Users\Maryna Savchenko\.m2\repository\org\springframework\spring-beans\5.0.6.RELEASE\spring-beans-5.0.6.RELEASE.jar;C:\Users\Maryna Savchenko\.m2\repository\org\springframework\spring-webmvc\5.0.6.RELEASE\spring-webmvc-5.0.6.RELEASE.jar;C:\Users\Maryna Savchenko\.m2\repository\org\springframework\spring-context\5.0.6.RELEASE\spring-context-5.0.6.RELEASE.jar;C:\Users\Maryna Savchenko\.m2\repository\org\springframework\spring-expression\5.0.6.RELEASE\spring-expression-5.0.6.RELEASE.jar;C:\Users\Maryna Savchenko\.m2\repository\org\slf4j\jcl-over-slf4j\1.7.25\jcl-over-slf4j-1.7.25.jar;C:\Users\Maryna Savchenko\.m2\repository\org\slf4j\slf4j-api\1.7.25\slf4j-api-1.7.25.jar;C:\Users\Maryna Savchenko\.m2\repository\org\slf4j\jul-to-slf4j\1.7.25\jul-to-slf4j-1.7.25.jar;C:\Users\Maryna Savchenko\.m2\repository\org\slf4j\slf4j-log4j12\1.7.25\slf4j-log4j12-1.7.25.jar;C:\Users\Maryna Savchenko\.m2\repository\log4j\log4j\1.2.17\log4j-1.2.17.jar;C:\Users\Maryna Savchenko\.m2\repository\org\springframework\boot\spring-boot-starter-data-mongodb\2.0.2.RELEASE\spring-boot-starter-data-mongodb-2.0.2.RELEASE.jar;C:\Users\Maryna Savchenko\.m2\repository\org\mongodb\mongodb-driver\3.6.0\mongodb-driver-3.6.0.jar;C:\Users\Maryna Savchenko\.m2\repository\org\mongodb\bson\3.6.0\bson-3.6.0.jar;C:\Users\Maryna Savchenko\.m2\repository\org\mongodb\mongodb-driver-core\3.6.0\mongodb-driver-core-3.6.0.jar;C:\Users\Maryna Savchenko\.m2\repository\org\springframework\data\spring-data-mongodb\2.0.7.RELEASE\spring-data-mongodb-2.0.7.RELEASE.jar;C:\Users\Maryna Savchenko\.m2\repository\org\springframework\spring-tx\5.0.6.RELEASE\spring-tx-5.0.6.RELEASE.jar;C:\Users\Maryna Savchenko\.m2\repository\org\springframework\data\spring-data-commons\2.0.7.RELEASE\spring-data-commons-2.0.7.RELEASE.jar;C:\Users\Maryna Savchenko\.m2\repository\org\springframework\boot\spring-boot-starter-actuator\2.0.2.RELEASE\spring-boot-starter-actuator-2.0.2.RELEASE.jar;C:\Users\Maryna Savchenko\.m2\repository\org\springframework\boot\spring-boot-actuator-autoconfigure\2.0.2.RELEASE\spring-boot-actuator-autoconfigure-2.0.2.RELEASE.jar;C:\Users\Maryna Savchenko\.m2\repository\org\springframework\boot\spring-boot-actuator\2.0.2.RELEASE\spring-boot-actuator-2.0.2.RELEASE.jar;C:\Users\Maryna Savchenko\.m2\repository\io\micrometer\micrometer-core\1.0.4\micrometer-core-1.0.4.jar;C:\Users\Maryna Savchenko\.m2\repository\org\hdrhistogram\HdrHistogram\2.1.10\HdrHistogram-2.1.10.jar;C:\Users\Maryna Savchenko\.m2\repository\org\latencyutils\LatencyUtils\2.0.3\LatencyUtils-2.0.3.jar;C:\Users\Maryna Savchenko\.m2\repository\org\springframework\boot\spring-boot-starter-security\2.0.2.RELEASE\spring-boot-starter-security-2.0.2.RELEASE.jar;C:\Users\Maryna Savchenko\.m2\repository\org\springframework\spring-aop\5.0.6.RELEASE\spring-aop-5.0.6.RELEASE.jar;C:\Users\Maryna Savchenko\.m2\repository\org\springframework\security\spring-security-config\5.0.5.RELEASE\spring-security-config-5.0.5.RELEASE.jar;C:\Users\Maryna Savchenko\.m2\repository\org\springframework\security\spring-security-web\5.0.5.RELEASE\spring-security-web-5.0.5.RELEASE.jar;C:\Users\Maryna Savchenko\.m2\repository\org\springframework\security\spring-security-test\5.0.5.RELEASE\spring-security-test-5.0.5.RELEASE.jar;C:\Users\Maryna Savchenko\.m2\repository\org\springframework\security\spring-security-core\5.0.5.RELEASE\spring-security-core-5.0.5.RELEASE.jar;C:\Users\Maryna Savchenko\.m2\repository\org\springframework\spring-core\5.0.6.RELEASE\spring-core-5.0.6.RELEASE.jar;C:\Users\Maryna Savchenko\.m2\repository\org\springframework\spring-jcl\5.0.6.RELEASE\spring-jcl-5.0.6.RELEASE.jar;C:\Users\Maryna Savchenko\.m2\repository\org\springframework\spring-test\5.0.6.RELEASE\spring-test-5.0.6.RELEASE.jar;C:\Users\Maryna Savchenko\.m2\repository\org\springframework\boot\spring-boot-devtools\2.0.2.RELEASE\spring-boot-devtools-2.0.2.RELEASE.jar;C:\Users\Maryna Savchenko\.m2\repository\org\springframework\boot\spring-boot\2.0.2.RELEASE\spring-boot-2.0.2.RELEASE.jar;C:\Users\Maryna Savchenko\.m2\repository\org\springframework\boot\spring-boot-autoconfigure\2.0.2.RELEASE\spring-boot-autoconfigure-2.0.2.RELEASE.jar;C:\Users\Maryna Savchenko\.m2\repository\org\springframework\boot\spring-boot-starter-test\2.0.2.RELEASE\spring-boot-starter-test-2.0.2.RELEASE.jar;C:\Users\Maryna Savchenko\.m2\repository\org\springframework\boot\spring-boot-test\2.0.2.RELEASE\spring-boot-test-2.0.2.RELEASE.jar;C:\Users\Maryna Savchenko\.m2\repository\org\springframework\boot\spring-boot-test-autoconfigure\2.0.2.RELEASE\spring-boot-test-autoconfigure-2.0.2.RELEASE.jar;C:\Users\Maryna Savchenko\.m2\repository\com\jayway\jsonpath\json-path\2.4.0\json-path-2.4.0.jar;C:\Users\Maryna Savchenko\.m2\repository\net\minidev\json-smart\2.3\json-smart-2.3.jar;C:\Users\Maryna Savchenko\.m2\repository\net\minidev\accessors-smart\1.2\accessors-smart-1.2.jar;C:\Users\Maryna Savchenko\.m2\repository\org\ow2\asm\asm\5.0.4\asm-5.0.4.jar;C:\Users\Maryna Savchenko\.m2\repository\org\assertj\assertj-core\3.9.1\assertj-core-3.9.1.jar;C:\Users\Maryna Savchenko\.m2\repository\org\mockito\mockito-core\2.15.0\mockito-core-2.15.0.jar;C:\Users\Maryna Savchenko\.m2\repository\net\bytebuddy\byte-buddy\1.7.11\byte-buddy-1.7.11.jar;C:\Users\Maryna Savchenko\.m2\repository\net\bytebuddy\byte-buddy-agent\1.7.11\byte-buddy-agent-1.7.11.jar;C:\Users\Maryna Savchenko\.m2\repository\org\objenesis\objenesis\2.6\objenesis-2.6.jar;C:\Users\Maryna Savchenko\.m2\repository\org\hamcrest\hamcrest-core\1.3\hamcrest-core-1.3.jar;C:\Users\Maryna Savchenko\.m2\repository\org\hamcrest\hamcrest-library\1.3\hamcrest-library-1.3.jar;C:\Users\Maryna Savchenko\.m2\repository\org\skyscreamer\jsonassert\1.5.0\jsonassert-1.5.0.jar;C:\Users\Maryna Savchenko\.m2\repository\com\vaadin\external\google\android-json\0.0.20131108.vaadin1\android-json-0.0.20131108.vaadin1.jar;C:\Users\Maryna Savchenko\.m2\repository\org\xmlunit\xmlunit-core\2.5.1\xmlunit-core-2.5.1.jar;C:\Users\Maryna Savchenko\.m2\repository\pl\pragmatists\JUnitParams\1.1.1\JUnitParams-1.1.1.jar;C:\Users\Maryna Savchenko\.m2\repository\org\apache\tomcat\embed\tomcat-embed-jasper\8.5.31\tomcat-embed-jasper-8.5.31.jar;C:\Users\Maryna Savchenko\.m2\repository\org\apache\tomcat\embed\tomcat-embed-core\8.5.31\tomcat-embed-core-8.5.31.jar;C:\Users\Maryna Savchenko\.m2\repository\org\apache\tomcat\tomcat-annotations-api\8.5.31\tomcat-annotations-api-8.5.31.jar;C:\Users\Maryna Savchenko\.m2\repository\org\apache\tomcat\embed\tomcat-embed-el\8.5.31\tomcat-embed-el-8.5.31.jar;C:\Users\Maryna Savchenko\.m2\repository\org\eclipse\jdt\ecj\3.12.3\ecj-3.12.3.jar;C:\Users\Maryna Savchenko\.m2\repository\junit\junit\4.12\junit-4.12.jar;C:\Users\Maryna Savchenko\.m2\repository\org\projectlombok\lombok\1.16.20\lombok-1.16.20.jar;C:\Users\Maryna Savchenko\.m2\repository\org\projectlombok\lombok-maven-plugin\1.16.20.0\lombok-maven-plugin-1.16.20.0.jar;C:\Users\Maryna Savchenko\.m2\repository\org\apache\commons\commons-lang3\3.7\commons-lang3-3.7.jar;C:\Users\Maryna Savchenko\.m2\repository\org\sonatype\plexus\plexus-build-api\0.0.7\plexus-build-api-0.0.7.jar;C:\Users\Maryna Savchenko\.m2\repository\org\codehaus\plexus\plexus-utils\1.5.8\plexus-utils-1.5.8.jar;, user.name=Maryna Savchenko, java.vm.specification.version=1.8, sun.java.command=C:\Users\MARYNA~1\AppData\Local\Temp\surefire1244754544745437156\surefirebooter7935569149334272143.jar C:\Users\Maryna Savchenko\AppData\Local\Temp\surefire1244754544745437156 2018-10-11T10-37-06_854-jvmRun1 surefire6084229711424990350tmp surefire_01445494788152468973tmp, java.home=C:\Program Files\Java\jdk1.8.0_131\jre, sun.arch.data.model=64, user.language=en, java.specification.vendor=Oracle Corporation, user.language.format=uk, awt.toolkit=sun.awt.windows.WToolkit, java.vm.info=mixed mode, java.version=1.8.0_131, java.ext.dirs=C:\Program Files\Java\jdk1.8.0_131\jre\lib\ext;C:\WINDOWS\Sun\Java\lib\ext, sun.boot.class.path=C:\Program Files\Java\jdk1.8.0_131\jre\lib\resources.jar;C:\Program Files\Java\jdk1.8.0_131\jre\lib\rt.jar;C:\Program Files\Java\jdk1.8.0_131\jre\lib\sunrsasign.jar;C:\Program Files\Java\jdk1.8.0_131\jre\lib\jsse.jar;C:\Program Files\Java\jdk1.8.0_131\jre\lib\jce.jar;C:\Program Files\Java\jdk1.8.0_131\jre\lib\charsets.jar;C:\Program Files\Java\jdk1.8.0_131\jre\lib\jfr.jar;C:\Program Files\Java\jdk1.8.0_131\jre\classes, java.awt.headless=true, java.vendor=Oracle Corporation, localRepository=C:\Users\Maryna Savchenko\.m2\repository, file.separator=\, java.vendor.url.bug=http://bugreport.sun.com/bugreport/, sun.io.unicode.encoding=UnicodeLittle, sun.cpu.endian=little, sun.desktop=windows, sun.cpu.isalist=amd64}}, SystemEnvironmentPropertySource@1616818290 {name='systemEnvironment', properties={PATH=C:\Users\Maryna Savchenko\bin;C:\Program Files\Git\mingw64\bin;C:\Program Files\Git\usr\local\bin;C:\Program Files\Git\usr\bin;C:\Program Files\Git\usr\bin;C:\Program Files\Git\mingw64\bin;C:\Program Files\Git\usr\bin;C:\Users\Maryna Savchenko\bin;C:\Program Files\Docker\Docker\Resources\bin;C:\ProgramData\Oracle\Java\javapath;C:\Program Files (x86)\Intel\TXE Components\TCS;C:\Program Files\Intel\TXE Components\TCS;C:\WINDOWS\system32;C:\WINDOWS;C:\WINDOWS\System32\Wbem;C:\WINDOWS\System32\WindowsPowerShell\v1.0;C:\Program Files\Intel\TXE Components\DAL;C:\Program Files (x86)\Intel\TXE Components\DAL;C:\Program Files\Intel\TXE Components\IPT;C:\Program Files (x86)\Intel\TXE Components\IPT;E:\java\apache-maven-3.5.0-bin\apache-maven-3.5.0\bin;C:\Program Files\Git\cmd;C:\Program Files\Java\jdk1.8.0_131\bin;C:\Program Files\MySQL\MySQL Utilities 1.6;C:\Program Files (x86)\bin;C:\Program Files (x86)\sbt\bin;C:\Program Files (x86)\Yarn\bin;C:\ProgramData\chocolatey\bin;C:\Program Files\nodejs;C:\Users\Maryna Savchenko\AppData\Local\Microsoft\WindowsApps;E:\java\spark-2.2.0-bin-hadoop2.7\bin;C:\Program Files\Java\jdk1.8.0_131\bin;C:\Program Files (x86)\sbt\bin;C:\winutils\bin;C:\Program Files\Docker Toolbox;C:\Users\Maryna Savchenko\AppData\Local\Yarn\bin;C:\Users\Maryna Savchenko\AppData\Roaming\npm;C:\Program Files\Git\usr\bin\vendor_perl;C:\Program Files\Git\usr\bin\core_perl, USERDOMAIN_ROAMINGPROFILE=BigBrother, PKG_CONFIG_PATH=C:\Program Files\Git\mingw64\lib\pkgconfig;C:\Program Files\Git\mingw64\share\pkgconfig, MSYSTEM_PREFIX=C:/Program Files/Git/mingw64, PROCESSOR_LEVEL=6, SYSTEMDRIVE=C:, CONFIG_SITE=C:/Program Files/Git/mingw64/etc/config.site, FP_NO_HOST_CHECK=NO, POSTGIS_GDAL_ENABLED_DRIVERS=GTiff PNG JPEG GIF XYZ DTED USGSDEM AAIGrid, SESSIONNAME=Console, ALLUSERSPROFILE=C:\ProgramData, GDAL_DATA=C:\Program Files\PostgreSQL\9.6\gdal-data, PROCESSOR_ARCHITECTURE=AMD64, MSYSTEM_CHOST=x86_64-w64-mingw32, =E:=E:\java\repos\JavaTutorAPI\javatutor, ORIGINAL_TEMP=C:/Users/MARYNA~1/AppData/Local/Temp, PROGRAMFILES=C:\Program Files, POSTGIS_ENABLE_OUTDB_RASTERS=1, PSMODULEPATH=C:\WINDOWS\system32\WindowsPowerShell\v1.0\Modules\, PROGRAMDATA=C:\ProgramData, CHOCOLATEYLASTPATHUPDATE=?? ??? 24 11:36:27 2018, USERNAME=Maryna Savchenko, PWD=E:/java/repos/JavaTutorAPI/javatutor, INFOPATH=C:\Program Files\Git\usr\local\info;C:\Program Files\Git\usr\share\info;C:\Program Files\Git\usr\info;C:\Program Files\Git\share\info, FPS_BROWSER_USER_PROFILE_STRING=Default, ONEDRIVE=C:\Users\Maryna Savchenko\OneDrive, PATHEXT=.COM;.EXE;.BAT;.CMD;.VBS;.VBE;.JS;.JSE;.WSF;.WSH;.MSC, SHELL=C:\Program Files\Git\usr\bin\bash.exe, ORIGINAL_TMP=C:/Users/MARYNA~1/AppData/Local/Temp, OLDPWD=E:/java/repos/JavaTutorAPI/javatutor, TMPDIR=C:\Users\MARYNA~1\AppData\Local\Temp, WINDIR=C:\WINDOWS, SSH_ASKPASS=C:/Program Files/Git/mingw64/libexec/git-core/git-gui--askpass, HOMEPATH=\Users\Maryna Savchenko, PROCESSOR_IDENTIFIER=Intel64 Family 6 Model 76 Stepping 3, GenuineIntel, HADOOP_HOME=C:\winutils, M2_HOME=E:\java\apache-maven-3.5.0-bin\apache-maven-3.5.0, PUBLIC=C:\Users\Public, MINGW_CHOST=x86_64-w64-mingw32, =::=::\, EXEPATH=C:\Program Files\Git, SHLVL=1, LOCALAPPDATA=C:\Users\Maryna Savchenko\AppData\Local, ORIGINAL_PATH=C:\Program Files\Git\mingw64\bin;C:\Program Files\Git\usr\bin;C:\Users\Maryna Savchenko\bin;C:\Program Files\Docker\Docker\Resources\bin;C:\ProgramData\Oracle\Java\javapath;C:\Program Files (x86)\Intel\TXE Components\TCS;C:\Program Files\Intel\TXE Components\TCS;C:\WINDOWS\system32;C:\WINDOWS;C:\WINDOWS\System32\Wbem;C:\WINDOWS\System32\WindowsPowerShell\v1.0;C:\Program Files\Intel\TXE Components\DAL;C:\Program Files (x86)\Intel\TXE Components\DAL;C:\Program Files\Intel\TXE Components\IPT;C:\Program Files (x86)\Intel\TXE Components\IPT;E:\java\apache-maven-3.5.0-bin\apache-maven-3.5.0\bin;C:\Program Files\Git\cmd;C:\Program Files\Java\jdk1.8.0_131\bin;C:\Program Files\MySQL\MySQL Utilities 1.6;C:\Program Files (x86)\bin;C:\Program Files (x86)\sbt\bin;C:\Program Files (x86)\Yarn\bin;C:\ProgramData\chocolatey\bin;C:\Program Files\nodejs;C:\Users\Maryna Savchenko\AppData\Local\Microsoft\WindowsApps;E:\java\spark-2.2.0-bin-hadoop2.7\bin;C:\Program Files\Java\jdk1.8.0_131\bin;C:\Program Files (x86)\sbt\bin;C:\winutils\bin;C:\Program Files\Docker Toolbox;C:\Users\Maryna Savchenko\AppData\Local\Yarn\bin;C:\Users\Maryna Savchenko\AppData\Roaming\npm, MANPATH=C:\Program Files\Git\mingw64\share\man;C:\Program Files\Git\usr\local\man;C:\Program Files\Git\usr\share\man;C:\Program Files\Git\usr\man;C:\Program Files\Git\share\man, COMMONPROGRAMFILES(X86)=C:\Program Files (x86)\Common Files, MINGW_PACKAGE_PREFIX=mingw-w64-x86_64, USERDOMAIN=BigBrother, FPS_BROWSER_APP_PROFILE_STRING=Internet Explorer, LOGONSERVER=\\BIGBROTHER, JAVA_HOME=C:/Program Files/Java/jdk1.8.0_131, PLINK_PROTOCOL=ssh, PROMPT=$P$G, PROGRAMFILES(X86)=C:\Program Files (x86), TERM=xterm, LANG=en_US.UTF-8, MINGW_PREFIX=C:/Program Files/Git/mingw64, DISPLAY=needs-to-be-defined, MSYSTEM=MINGW64, APPDATA=C:\Users\Maryna Savchenko\AppData\Roaming, SPARK_HOME=E:\java\spark-2.2.0-bin-hadoop2.7, PROGRAMW6432=C:\Program Files, SYSTEMROOT=C:\WINDOWS, CHOCOLATEYINSTALL=C:\ProgramData\chocolatey, MAVEN_CMD_LINE_ARGS= test, SCALA_HOME=C:\Program Files (x86)\sbt, VBOX_MSI_INSTALL_PATH=C:\Program Files\Oracle\VirtualBox\, OS=Windows_NT, COMMONPROGRAMW6432=C:\Program Files\Common Files, COMPUTERNAME=BIGBROTHER, COMMONPROGRAMFILES=C:\Program Files\Common Files, COMSPEC=C:\WINDOWS\system32\cmd.exe, SBT_HOME=C:\Program Files (x86)\sbt\, MAVEN_PROJECTBASEDIR=E:/java/repos/JavaTutorAPI/javatutor, PROCESSOR_REVISION=4c03, ACLOCAL_PATH=C:\Program Files\Git\mingw64\share\aclocal;C:\Program Files\Git\usr\share\aclocal, MSYSTEM_CARCH=x86_64, PRINTER=Foxit Reader PDF Printer, TEMP=C:\Users\MARYNA~1\AppData\Local\Temp, HOSTNAME=BigBrother, HOMEDRIVE=C:, USERPROFILE=C:\Users\Maryna Savchenko, TMP=C:\Users\MARYNA~1\AppData\Local\Temp, NUMBER_OF_PROCESSORS=4, DOCKER_TOOLBOX_INSTALL_PATH=C:\Program Files\Docker Toolbox, HOME=C:\Users\Maryna Savchenko}}]
10:42:17,787  INFO org.springframework.boot.test.context.SpringBootTestContextBootstrapper:244 - Found @SpringBootConfiguration pro.abacus.javatutor.JavaTutorApplication for test class pro.abacus.javatutor.repository.UserRepositoryTest
10:42:17,787  INFO org.springframework.boot.test.context.SpringBootTestContextBootstrapper:244 - Found @SpringBootConfiguration pro.abacus.javatutor.JavaTutorApplication for test class pro.abacus.javatutor.repository.UserRepositoryTest
10:42:17,788 DEBUG org.springframework.boot.test.context.SpringBootTestContextBootstrapper:125 - @TestExecutionListeners is not present for class [pro.abacus.javatutor.repository.UserRepositoryTest]: using defaults.
10:42:17,788 DEBUG org.springframework.boot.test.context.SpringBootTestContextBootstrapper:125 - @TestExecutionListeners is not present for class [pro.abacus.javatutor.repository.UserRepositoryTest]: using defaults.
10:42:17,789  INFO org.springframework.boot.test.context.SpringBootTestContextBootstrapper:248 - Loaded default TestExecutionListener class names from location [META-INF/spring.factories]: [org.springframework.security.test.context.support.WithSecurityContextTestExecutionListener, org.springframework.security.test.context.support.ReactorContextTestExecutionListener, org.springframework.test.context.web.ServletTestExecutionListener, org.springframework.test.context.support.DirtiesContextBeforeModesTestExecutionListener, org.springframework.test.context.support.DependencyInjectionTestExecutionListener, org.springframework.test.context.support.DirtiesContextTestExecutionListener, org.springframework.test.context.transaction.TransactionalTestExecutionListener, org.springframework.test.context.jdbc.SqlScriptsTestExecutionListener, org.springframework.boot.test.mock.mockito.MockitoTestExecutionListener, org.springframework.boot.test.mock.mockito.ResetMocksTestExecutionListener, org.springframework.boot.test.autoconfigure.restdocs.RestDocsTestExecutionListener, org.springframework.boot.test.autoconfigure.web.client.MockRestServiceServerResetTestExecutionListener, org.springframework.boot.test.autoconfigure.web.servlet.MockMvcPrintOnlyOnFailureTestExecutionListener, org.springframework.boot.test.autoconfigure.web.servlet.WebDriverTestExecutionListener]
10:42:17,789  INFO org.springframework.boot.test.context.SpringBootTestContextBootstrapper:248 - Loaded default TestExecutionListener class names from location [META-INF/spring.factories]: [org.springframework.security.test.context.support.WithSecurityContextTestExecutionListener, org.springframework.security.test.context.support.ReactorContextTestExecutionListener, org.springframework.test.context.web.ServletTestExecutionListener, org.springframework.test.context.support.DirtiesContextBeforeModesTestExecutionListener, org.springframework.test.context.support.DependencyInjectionTestExecutionListener, org.springframework.test.context.support.DirtiesContextTestExecutionListener, org.springframework.test.context.transaction.TransactionalTestExecutionListener, org.springframework.test.context.jdbc.SqlScriptsTestExecutionListener, org.springframework.boot.test.mock.mockito.MockitoTestExecutionListener, org.springframework.boot.test.mock.mockito.ResetMocksTestExecutionListener, org.springframework.boot.test.autoconfigure.restdocs.RestDocsTestExecutionListener, org.springframework.boot.test.autoconfigure.web.client.MockRestServiceServerResetTestExecutionListener, org.springframework.boot.test.autoconfigure.web.servlet.MockMvcPrintOnlyOnFailureTestExecutionListener, org.springframework.boot.test.autoconfigure.web.servlet.WebDriverTestExecutionListener]
10:42:17,790 TRACE org.springframework.core.io.support.SpringFactoriesLoader:97 - Loaded [org.springframework.boot.test.context.DefaultTestExecutionListenersPostProcessor] names: [org.springframework.boot.test.autoconfigure.SpringBootDependencyInjectionTestExecutionListener$PostProcessor]
10:42:17,790 TRACE org.springframework.core.io.support.SpringFactoriesLoader:97 - Loaded [org.springframework.boot.test.context.DefaultTestExecutionListenersPostProcessor] names: [org.springframework.boot.test.autoconfigure.SpringBootDependencyInjectionTestExecutionListener$PostProcessor]
10:42:17,792  INFO org.springframework.boot.test.context.SpringBootTestContextBootstrapper:177 - Using TestExecutionListeners: [org.springframework.test.context.web.ServletTestExecutionListener@7a0f06ad, org.springframework.test.context.support.DirtiesContextBeforeModesTestExecutionListener@1fa9692b, org.springframework.boot.test.mock.mockito.MockitoTestExecutionListener@710afd47, org.springframework.boot.test.autoconfigure.SpringBootDependencyInjectionTestExecutionListener@64420e34, org.springframework.test.context.support.DirtiesContextTestExecutionListener@667a467f, org.springframework.test.context.transaction.TransactionalTestExecutionListener@324e8baa, org.springframework.test.context.jdbc.SqlScriptsTestExecutionListener@1488a861, org.springframework.security.test.context.support.WithSecurityContextTestExecutionListener@604f376a, org.springframework.security.test.context.support.ReactorContextTestExecutionListener@5432dca2, org.springframework.boot.test.mock.mockito.ResetMocksTestExecutionListener@12670e55, org.springframework.boot.test.autoconfigure.restdocs.RestDocsTestExecutionListener@43fd77d8, org.springframework.boot.test.autoconfigure.web.client.MockRestServiceServerResetTestExecutionListener@5a90fcaa, org.springframework.boot.test.autoconfigure.web.servlet.MockMvcPrintOnlyOnFailureTestExecutionListener@1805ec96, org.springframework.boot.test.autoconfigure.web.servlet.WebDriverTestExecutionListener@32ba5c65]
10:42:17,792  INFO org.springframework.boot.test.context.SpringBootTestContextBootstrapper:177 - Using TestExecutionListeners: [org.springframework.test.context.web.ServletTestExecutionListener@7a0f06ad, org.springframework.test.context.support.DirtiesContextBeforeModesTestExecutionListener@1fa9692b, org.springframework.boot.test.mock.mockito.MockitoTestExecutionListener@710afd47, org.springframework.boot.test.autoconfigure.SpringBootDependencyInjectionTestExecutionListener@64420e34, org.springframework.test.context.support.DirtiesContextTestExecutionListener@667a467f, org.springframework.test.context.transaction.TransactionalTestExecutionListener@324e8baa, org.springframework.test.context.jdbc.SqlScriptsTestExecutionListener@1488a861, org.springframework.security.test.context.support.WithSecurityContextTestExecutionListener@604f376a, org.springframework.security.test.context.support.ReactorContextTestExecutionListener@5432dca2, org.springframework.boot.test.mock.mockito.ResetMocksTestExecutionListener@12670e55, org.springframework.boot.test.autoconfigure.restdocs.RestDocsTestExecutionListener@43fd77d8, org.springframework.boot.test.autoconfigure.web.client.MockRestServiceServerResetTestExecutionListener@5a90fcaa, org.springframework.boot.test.autoconfigure.web.servlet.MockMvcPrintOnlyOnFailureTestExecutionListener@1805ec96, org.springframework.boot.test.autoconfigure.web.servlet.WebDriverTestExecutionListener@32ba5c65]
10:42:17,793 TRACE org.springframework.test.context.TestContextManager:166 - Registering TestExecutionListener: org.springframework.test.context.web.ServletTestExecutionListener@7a0f06ad
10:42:17,793 TRACE org.springframework.test.context.TestContextManager:166 - Registering TestExecutionListener: org.springframework.test.context.web.ServletTestExecutionListener@7a0f06ad
10:42:17,793 TRACE org.springframework.test.context.TestContextManager:166 - Registering TestExecutionListener: org.springframework.test.context.support.DirtiesContextBeforeModesTestExecutionListener@1fa9692b
10:42:17,793 TRACE org.springframework.test.context.TestContextManager:166 - Registering TestExecutionListener: org.springframework.test.context.support.DirtiesContextBeforeModesTestExecutionListener@1fa9692b
10:42:17,794 TRACE org.springframework.test.context.TestContextManager:166 - Registering TestExecutionListener: org.springframework.boot.test.mock.mockito.MockitoTestExecutionListener@710afd47
10:42:17,794 TRACE org.springframework.test.context.TestContextManager:166 - Registering TestExecutionListener: org.springframework.boot.test.mock.mockito.MockitoTestExecutionListener@710afd47
10:42:17,794 TRACE org.springframework.test.context.TestContextManager:166 - Registering TestExecutionListener: org.springframework.boot.test.autoconfigure.SpringBootDependencyInjectionTestExecutionListener@64420e34
10:42:17,794 TRACE org.springframework.test.context.TestContextManager:166 - Registering TestExecutionListener: org.springframework.boot.test.autoconfigure.SpringBootDependencyInjectionTestExecutionListener@64420e34
10:42:17,794 TRACE org.springframework.test.context.TestContextManager:166 - Registering TestExecutionListener: org.springframework.test.context.support.DirtiesContextTestExecutionListener@667a467f
10:42:17,794 TRACE org.springframework.test.context.TestContextManager:166 - Registering TestExecutionListener: org.springframework.test.context.support.DirtiesContextTestExecutionListener@667a467f
10:42:17,795 TRACE org.springframework.test.context.TestContextManager:166 - Registering TestExecutionListener: org.springframework.test.context.transaction.TransactionalTestExecutionListener@324e8baa
10:42:17,795 TRACE org.springframework.test.context.TestContextManager:166 - Registering TestExecutionListener: org.springframework.test.context.transaction.TransactionalTestExecutionListener@324e8baa
10:42:17,795 TRACE org.springframework.test.context.TestContextManager:166 - Registering TestExecutionListener: org.springframework.test.context.jdbc.SqlScriptsTestExecutionListener@1488a861
10:42:17,795 TRACE org.springframework.test.context.TestContextManager:166 - Registering TestExecutionListener: org.springframework.test.context.jdbc.SqlScriptsTestExecutionListener@1488a861
10:42:17,796 TRACE org.springframework.test.context.TestContextManager:166 - Registering TestExecutionListener: org.springframework.security.test.context.support.WithSecurityContextTestExecutionListener@604f376a
10:42:17,796 TRACE org.springframework.test.context.TestContextManager:166 - Registering TestExecutionListener: org.springframework.security.test.context.support.WithSecurityContextTestExecutionListener@604f376a
10:42:17,797 TRACE org.springframework.test.context.TestContextManager:166 - Registering TestExecutionListener: org.springframework.security.test.context.support.ReactorContextTestExecutionListener@5432dca2
10:42:17,797 TRACE org.springframework.test.context.TestContextManager:166 - Registering TestExecutionListener: org.springframework.security.test.context.support.ReactorContextTestExecutionListener@5432dca2
10:42:17,797 TRACE org.springframework.test.context.TestContextManager:166 - Registering TestExecutionListener: org.springframework.boot.test.mock.mockito.ResetMocksTestExecutionListener@12670e55
10:42:17,797 TRACE org.springframework.test.context.TestContextManager:166 - Registering TestExecutionListener: org.springframework.boot.test.mock.mockito.ResetMocksTestExecutionListener@12670e55
10:42:17,798 TRACE org.springframework.test.context.TestContextManager:166 - Registering TestExecutionListener: org.springframework.boot.test.autoconfigure.restdocs.RestDocsTestExecutionListener@43fd77d8
10:42:17,798 TRACE org.springframework.test.context.TestContextManager:166 - Registering TestExecutionListener: org.springframework.boot.test.autoconfigure.restdocs.RestDocsTestExecutionListener@43fd77d8
10:42:17,798 TRACE org.springframework.test.context.TestContextManager:166 - Registering TestExecutionListener: org.springframework.boot.test.autoconfigure.web.client.MockRestServiceServerResetTestExecutionListener@5a90fcaa
10:42:17,798 TRACE org.springframework.test.context.TestContextManager:166 - Registering TestExecutionListener: org.springframework.boot.test.autoconfigure.web.client.MockRestServiceServerResetTestExecutionListener@5a90fcaa
10:42:17,798 TRACE org.springframework.test.context.TestContextManager:166 - Registering TestExecutionListener: org.springframework.boot.test.autoconfigure.web.servlet.MockMvcPrintOnlyOnFailureTestExecutionListener@1805ec96
10:42:17,798 TRACE org.springframework.test.context.TestContextManager:166 - Registering TestExecutionListener: org.springframework.boot.test.autoconfigure.web.servlet.MockMvcPrintOnlyOnFailureTestExecutionListener@1805ec96
10:42:17,799 TRACE org.springframework.test.context.TestContextManager:166 - Registering TestExecutionListener: org.springframework.boot.test.autoconfigure.web.servlet.WebDriverTestExecutionListener@32ba5c65
10:42:17,799 TRACE org.springframework.test.context.TestContextManager:166 - Registering TestExecutionListener: org.springframework.boot.test.autoconfigure.web.servlet.WebDriverTestExecutionListener@32ba5c65
10:42:17,799 DEBUG org.springframework.test.annotation.ProfileValueUtils:70 - Retrieved @ProfileValueSourceConfiguration [null] for test class [pro.abacus.javatutor.repository.UserRepositoryTest]
10:42:17,799 DEBUG org.springframework.test.annotation.ProfileValueUtils:70 - Retrieved @ProfileValueSourceConfiguration [null] for test class [pro.abacus.javatutor.repository.UserRepositoryTest]
10:42:17,799 DEBUG org.springframework.test.annotation.ProfileValueUtils:83 - Retrieved ProfileValueSource type [class org.springframework.test.annotation.SystemProfileValueSource] for class [pro.abacus.javatutor.repository.UserRepositoryTest]
10:42:17,799 DEBUG org.springframework.test.annotation.ProfileValueUtils:83 - Retrieved ProfileValueSource type [class org.springframework.test.annotation.SystemProfileValueSource] for class [pro.abacus.javatutor.repository.UserRepositoryTest]
10:42:17,800 DEBUG org.springframework.test.annotation.ProfileValueUtils:70 - Retrieved @ProfileValueSourceConfiguration [null] for test class [pro.abacus.javatutor.repository.UserRepositoryTest]
10:42:17,800 DEBUG org.springframework.test.annotation.ProfileValueUtils:70 - Retrieved @ProfileValueSourceConfiguration [null] for test class [pro.abacus.javatutor.repository.UserRepositoryTest]
10:42:17,800 DEBUG org.springframework.test.annotation.ProfileValueUtils:83 - Retrieved ProfileValueSource type [class org.springframework.test.annotation.SystemProfileValueSource] for class [pro.abacus.javatutor.repository.UserRepositoryTest]
10:42:17,800 DEBUG org.springframework.test.annotation.ProfileValueUtils:83 - Retrieved ProfileValueSource type [class org.springframework.test.annotation.SystemProfileValueSource] for class [pro.abacus.javatutor.repository.UserRepositoryTest]
10:42:17,800 DEBUG org.springframework.test.annotation.ProfileValueUtils:70 - Retrieved @ProfileValueSourceConfiguration [null] for test class [pro.abacus.javatutor.repository.UserRepositoryTest]
10:42:17,800 DEBUG org.springframework.test.annotation.ProfileValueUtils:70 - Retrieved @ProfileValueSourceConfiguration [null] for test class [pro.abacus.javatutor.repository.UserRepositoryTest]
10:42:17,801 DEBUG org.springframework.test.annotation.ProfileValueUtils:83 - Retrieved ProfileValueSource type [class org.springframework.test.annotation.SystemProfileValueSource] for class [pro.abacus.javatutor.repository.UserRepositoryTest]
10:42:17,801 DEBUG org.springframework.test.annotation.ProfileValueUtils:83 - Retrieved ProfileValueSource type [class org.springframework.test.annotation.SystemProfileValueSource] for class [pro.abacus.javatutor.repository.UserRepositoryTest]
10:42:17,801 TRACE org.springframework.test.context.TestContextManager:209 - beforeTestClass(): class [pro.abacus.javatutor.repository.UserRepositoryTest]
10:42:17,801 TRACE org.springframework.test.context.TestContextManager:209 - beforeTestClass(): class [pro.abacus.javatutor.repository.UserRepositoryTest]
10:42:17,802 DEBUG org.springframework.test.context.support.AbstractDirtiesContextTestExecutionListener:142 - Before test class: context [DefaultTestContext@1ad1be5d testClass = UserRepositoryTest, testInstance = [null], testMethod = [null], testException = [null], mergedContextConfiguration = [MergedContextConfiguration@47797401 testClass = UserRepositoryTest, locations = '{}', classes = '{class pro.abacus.javatutor.JavaTutorApplication}', contextInitializerClasses = '[]', activeProfiles = '{}', propertySourceLocations = '{}', propertySourceProperties = '{org.springframework.boot.test.context.SpringBootTestContextBootstrapper=true}', contextCustomizers = set[[ImportsContextCustomizer@702f4124 key = [org.springframework.boot.autoconfigure.cache.CacheAutoConfiguration, org.springframework.boot.autoconfigure.data.mongo.MongoDataAutoConfiguration, org.springframework.boot.autoconfigure.data.mongo.MongoReactiveDataAutoConfiguration, org.springframework.boot.autoconfigure.data.mongo.MongoReactiveRepositoriesAutoConfiguration, org.springframework.boot.autoconfigure.data.mongo.MongoRepositoriesAutoConfiguration, org.springframework.boot.autoconfigure.mongo.MongoAutoConfiguration, org.springframework.boot.autoconfigure.mongo.MongoReactiveAutoConfiguration]], org.springframework.boot.test.context.filter.ExcludeFilterContextCustomizer@290dbf45, org.springframework.boot.test.json.DuplicateJsonObjectContextCustomizerFactory$DuplicateJsonObjectContextCustomizer@69a10787, org.springframework.boot.test.mock.mockito.MockitoContextCustomizer@0, org.springframework.boot.test.autoconfigure.OverrideAutoConfigurationContextCustomizerFactory$DisableAutoConfigurationContextCustomizer@1c72da34, org.springframework.boot.test.autoconfigure.filter.TypeExcludeFiltersContextCustomizer@351584c0, org.springframework.boot.test.autoconfigure.properties.PropertyMappingContextCustomizer@9c19a3b8, org.springframework.boot.test.autoconfigure.web.servlet.WebDriverContextCustomizerFactory$Customizer@7f9fcf7f], contextLoader = 'org.springframework.boot.test.context.SpringBootContextLoader', parent = [null]], attributes = map[[empty]]], class annotated with @DirtiesContext [false] with mode [null].
10:42:17,802 DEBUG org.springframework.test.context.support.AbstractDirtiesContextTestExecutionListener:142 - Before test class: context [DefaultTestContext@1ad1be5d testClass = UserRepositoryTest, testInstance = [null], testMethod = [null], testException = [null], mergedContextConfiguration = [MergedContextConfiguration@47797401 testClass = UserRepositoryTest, locations = '{}', classes = '{class pro.abacus.javatutor.JavaTutorApplication}', contextInitializerClasses = '[]', activeProfiles = '{}', propertySourceLocations = '{}', propertySourceProperties = '{org.springframework.boot.test.context.SpringBootTestContextBootstrapper=true}', contextCustomizers = set[[ImportsContextCustomizer@702f4124 key = [org.springframework.boot.autoconfigure.cache.CacheAutoConfiguration, org.springframework.boot.autoconfigure.data.mongo.MongoDataAutoConfiguration, org.springframework.boot.autoconfigure.data.mongo.MongoReactiveDataAutoConfiguration, org.springframework.boot.autoconfigure.data.mongo.MongoReactiveRepositoriesAutoConfiguration, org.springframework.boot.autoconfigure.data.mongo.MongoRepositoriesAutoConfiguration, org.springframework.boot.autoconfigure.mongo.MongoAutoConfiguration, org.springframework.boot.autoconfigure.mongo.MongoReactiveAutoConfiguration]], org.springframework.boot.test.context.filter.ExcludeFilterContextCustomizer@290dbf45, org.springframework.boot.test.json.DuplicateJsonObjectContextCustomizerFactory$DuplicateJsonObjectContextCustomizer@69a10787, org.springframework.boot.test.mock.mockito.MockitoContextCustomizer@0, org.springframework.boot.test.autoconfigure.OverrideAutoConfigurationContextCustomizerFactory$DisableAutoConfigurationContextCustomizer@1c72da34, org.springframework.boot.test.autoconfigure.filter.TypeExcludeFiltersContextCustomizer@351584c0, org.springframework.boot.test.autoconfigure.properties.PropertyMappingContextCustomizer@9c19a3b8, org.springframework.boot.test.autoconfigure.web.servlet.WebDriverContextCustomizerFactory$Customizer@7f9fcf7f], contextLoader = 'org.springframework.boot.test.context.SpringBootContextLoader', parent = [null]], attributes = map[[empty]]], class annotated with @DirtiesContext [false] with mode [null].
10:42:17,803 DEBUG org.springframework.test.annotation.ProfileValueUtils:70 - Retrieved @ProfileValueSourceConfiguration [null] for test class [pro.abacus.javatutor.repository.UserRepositoryTest]
10:42:17,803 DEBUG org.springframework.test.annotation.ProfileValueUtils:70 - Retrieved @ProfileValueSourceConfiguration [null] for test class [pro.abacus.javatutor.repository.UserRepositoryTest]
10:42:17,804 DEBUG org.springframework.test.annotation.ProfileValueUtils:83 - Retrieved ProfileValueSource type [class org.springframework.test.annotation.SystemProfileValueSource] for class [pro.abacus.javatutor.repository.UserRepositoryTest]
10:42:17,804 DEBUG org.springframework.test.annotation.ProfileValueUtils:83 - Retrieved ProfileValueSource type [class org.springframework.test.annotation.SystemProfileValueSource] for class [pro.abacus.javatutor.repository.UserRepositoryTest]
10:42:17,804 TRACE org.springframework.test.context.TestContextManager:240 - prepareTestInstance(): instance [pro.abacus.javatutor.repository.UserRepositoryTest@10166230]
10:42:17,804 TRACE org.springframework.test.context.TestContextManager:240 - prepareTestInstance(): instance [pro.abacus.javatutor.repository.UserRepositoryTest@10166230]
10:42:17,807 DEBUG org.springframework.test.context.support.DependencyInjectionTestExecutionListener:81 - Performing dependency injection for test context [[DefaultTestContext@1ad1be5d testClass = UserRepositoryTest, testInstance = pro.abacus.javatutor.repository.UserRepositoryTest@10166230, testMethod = [null], testException = [null], mergedContextConfiguration = [MergedContextConfiguration@47797401 testClass = UserRepositoryTest, locations = '{}', classes = '{class pro.abacus.javatutor.JavaTutorApplication}', contextInitializerClasses = '[]', activeProfiles = '{}', propertySourceLocations = '{}', propertySourceProperties = '{org.springframework.boot.test.context.SpringBootTestContextBootstrapper=true}', contextCustomizers = set[[ImportsContextCustomizer@702f4124 key = [org.springframework.boot.autoconfigure.cache.CacheAutoConfiguration, org.springframework.boot.autoconfigure.data.mongo.MongoDataAutoConfiguration, org.springframework.boot.autoconfigure.data.mongo.MongoReactiveDataAutoConfiguration, org.springframework.boot.autoconfigure.data.mongo.MongoReactiveRepositoriesAutoConfiguration, org.springframework.boot.autoconfigure.data.mongo.MongoRepositoriesAutoConfiguration, org.springframework.boot.autoconfigure.mongo.MongoAutoConfiguration, org.springframework.boot.autoconfigure.mongo.MongoReactiveAutoConfiguration]], org.springframework.boot.test.context.filter.ExcludeFilterContextCustomizer@290dbf45, org.springframework.boot.test.json.DuplicateJsonObjectContextCustomizerFactory$DuplicateJsonObjectContextCustomizer@69a10787, org.springframework.boot.test.mock.mockito.MockitoContextCustomizer@0, org.springframework.boot.test.autoconfigure.OverrideAutoConfigurationContextCustomizerFactory$DisableAutoConfigurationContextCustomizer@1c72da34, org.springframework.boot.test.autoconfigure.filter.TypeExcludeFiltersContextCustomizer@351584c0, org.springframework.boot.test.autoconfigure.properties.PropertyMappingContextCustomizer@9c19a3b8, org.springframework.boot.test.autoconfigure.web.servlet.WebDriverContextCustomizerFactory$Customizer@7f9fcf7f], contextLoader = 'org.springframework.boot.test.context.SpringBootContextLoader', parent = [null]], attributes = map[[empty]]]].
10:42:17,807 DEBUG org.springframework.test.context.support.DependencyInjectionTestExecutionListener:81 - Performing dependency injection for test context [[DefaultTestContext@1ad1be5d testClass = UserRepositoryTest, testInstance = pro.abacus.javatutor.repository.UserRepositoryTest@10166230, testMethod = [null], testException = [null], mergedContextConfiguration = [MergedContextConfiguration@47797401 testClass = UserRepositoryTest, locations = '{}', classes = '{class pro.abacus.javatutor.JavaTutorApplication}', contextInitializerClasses = '[]', activeProfiles = '{}', propertySourceLocations = '{}', propertySourceProperties = '{org.springframework.boot.test.context.SpringBootTestContextBootstrapper=true}', contextCustomizers = set[[ImportsContextCustomizer@702f4124 key = [org.springframework.boot.autoconfigure.cache.CacheAutoConfiguration, org.springframework.boot.autoconfigure.data.mongo.MongoDataAutoConfiguration, org.springframework.boot.autoconfigure.data.mongo.MongoReactiveDataAutoConfiguration, org.springframework.boot.autoconfigure.data.mongo.MongoReactiveRepositoriesAutoConfiguration, org.springframework.boot.autoconfigure.data.mongo.MongoRepositoriesAutoConfiguration, org.springframework.boot.autoconfigure.mongo.MongoAutoConfiguration, org.springframework.boot.autoconfigure.mongo.MongoReactiveAutoConfiguration]], org.springframework.boot.test.context.filter.ExcludeFilterContextCustomizer@290dbf45, org.springframework.boot.test.json.DuplicateJsonObjectContextCustomizerFactory$DuplicateJsonObjectContextCustomizer@69a10787, org.springframework.boot.test.mock.mockito.MockitoContextCustomizer@0, org.springframework.boot.test.autoconfigure.OverrideAutoConfigurationContextCustomizerFactory$DisableAutoConfigurationContextCustomizer@1c72da34, org.springframework.boot.test.autoconfigure.filter.TypeExcludeFiltersContextCustomizer@351584c0, org.springframework.boot.test.autoconfigure.properties.PropertyMappingContextCustomizer@9c19a3b8, org.springframework.boot.test.autoconfigure.web.servlet.WebDriverContextCustomizerFactory$Customizer@7f9fcf7f], contextLoader = 'org.springframework.boot.test.context.SpringBootContextLoader', parent = [null]], attributes = map[[empty]]]].
10:42:17,811 DEBUG org.springframework.core.env.StandardEnvironment:109 - Adding PropertySource 'systemProperties' with lowest search precedence
10:42:17,811 DEBUG org.springframework.core.env.StandardEnvironment:109 - Adding PropertySource 'systemProperties' with lowest search precedence
10:42:17,811 DEBUG org.springframework.core.env.StandardEnvironment:109 - Adding PropertySource 'systemEnvironment' with lowest search precedence
10:42:17,811 DEBUG org.springframework.core.env.StandardEnvironment:109 - Adding PropertySource 'systemEnvironment' with lowest search precedence
10:42:17,812 DEBUG org.springframework.core.env.StandardEnvironment:125 - Initialized StandardEnvironment with PropertySources [MapPropertySource@119674169 {name='systemProperties', properties={java.runtime.name=Java(TM) SE Runtime Environment, sun.boot.library.path=C:\Program Files\Java\jdk1.8.0_131\jre\bin, java.vm.version=25.131-b11, user.country.format=UA, java.vm.vendor=Oracle Corporation, java.vendor.url=http://java.oracle.com/, path.separator=;, java.vm.name=Java HotSpot(TM) 64-Bit Server VM, file.encoding.pkg=sun.io, user.country=US, user.script=, sun.java.launcher=SUN_STANDARD, sun.os.patch.level=, PID=5372, java.vm.specification.name=Java Virtual Machine Specification, user.dir=E:\java\repos\JavaTutorAPI\javatutor, java.runtime.version=1.8.0_131-b11, basedir=E:\java\repos\JavaTutorAPI\javatutor, java.awt.graphicsenv=sun.awt.Win32GraphicsEnvironment, java.endorsed.dirs=C:\Program Files\Java\jdk1.8.0_131\jre\lib\endorsed, os.arch=amd64, surefire.real.class.path=C:\Users\MARYNA~1\AppData\Local\Temp\surefire1244754544745437156\surefirebooter7935569149334272143.jar, java.io.tmpdir=C:\Users\MARYNA~1\AppData\Local\Temp\, line.separator=
, java.vm.specification.vendor=Oracle Corporation, user.variant=, os.name=Windows 10, sun.jnu.encoding=Cp1252, spring.beaninfo.ignore=true, java.library.path=C:\Program Files\Java\jdk1.8.0_131\jre\bin;C:\WINDOWS\Sun\Java\bin;C:\WINDOWS\system32;C:\WINDOWS;C:\Users\Maryna Savchenko\bin;C:\Program Files\Git\mingw64\bin;C:\Program Files\Git\usr\local\bin;C:\Program Files\Git\usr\bin;C:\Program Files\Git\usr\bin;C:\Program Files\Git\mingw64\bin;C:\Program Files\Git\usr\bin;C:\Users\Maryna Savchenko\bin;C:\Program Files\Docker\Docker\Resources\bin;C:\ProgramData\Oracle\Java\javapath;C:\Program Files (x86)\Intel\TXE Components\TCS;C:\Program Files\Intel\TXE Components\TCS;C:\WINDOWS\system32;C:\WINDOWS;C:\WINDOWS\System32\Wbem;C:\WINDOWS\System32\WindowsPowerShell\v1.0;C:\Program Files\Intel\TXE Components\DAL;C:\Program Files (x86)\Intel\TXE Components\DAL;C:\Program Files\Intel\TXE Components\IPT;C:\Program Files (x86)\Intel\TXE Components\IPT;E:\java\apache-maven-3.5.0-bin\apache-maven-3.5.0\bin;C:\Program Files\Git\cmd;C:\Program Files\Java\jdk1.8.0_131\bin;C:\Program Files\MySQL\MySQL Utilities 1.6;C:\Program Files (x86)\bin;C:\Program Files (x86)\sbt\bin;C:\Program Files (x86)\Yarn\bin;C:\ProgramData\chocolatey\bin;C:\Program Files\nodejs;C:\Users\Maryna Savchenko\AppData\Local\Microsoft\WindowsApps;E:\java\spark-2.2.0-bin-hadoop2.7\bin;C:\Program Files\Java\jdk1.8.0_131\bin;C:\Program Files (x86)\sbt\bin;C:\winutils\bin;C:\Program Files\Docker Toolbox;C:\Users\Maryna Savchenko\AppData\Local\Yarn\bin;C:\Users\Maryna Savchenko\AppData\Roaming\npm;C:\Program Files\Git\usr\bin\vendor_perl;C:\Program Files\Git\usr\bin\core_perl;., surefire.test.class.path=E:\java\repos\JavaTutorAPI\javatutor\target\test-classes;E:\java\repos\JavaTutorAPI\javatutor\target\classes;C:\Users\Maryna Savchenko\.m2\repository\org\springframework\boot\spring-boot-starter-web\2.0.2.RELEASE\spring-boot-starter-web-2.0.2.RELEASE.jar;C:\Users\Maryna Savchenko\.m2\repository\org\springframework\boot\spring-boot-starter\2.0.2.RELEASE\spring-boot-starter-2.0.2.RELEASE.jar;C:\Users\Maryna Savchenko\.m2\repository\javax\annotation\javax.annotation-api\1.3.2\javax.annotation-api-1.3.2.jar;C:\Users\Maryna Savchenko\.m2\repository\org\yaml\snakeyaml\1.19\snakeyaml-1.19.jar;C:\Users\Maryna Savchenko\.m2\repository\org\springframework\boot\spring-boot-starter-json\2.0.2.RELEASE\spring-boot-starter-json-2.0.2.RELEASE.jar;C:\Users\Maryna Savchenko\.m2\repository\com\fasterxml\jackson\core\jackson-databind\2.9.5\jackson-databind-2.9.5.jar;C:\Users\Maryna Savchenko\.m2\repository\com\fasterxml\jackson\core\jackson-annotations\2.9.0\jackson-annotations-2.9.0.jar;C:\Users\Maryna Savchenko\.m2\repository\com\fasterxml\jackson\core\jackson-core\2.9.5\jackson-core-2.9.5.jar;C:\Users\Maryna Savchenko\.m2\repository\com\fasterxml\jackson\datatype\jackson-datatype-jdk8\2.9.5\jackson-datatype-jdk8-2.9.5.jar;C:\Users\Maryna Savchenko\.m2\repository\com\fasterxml\jackson\datatype\jackson-datatype-jsr310\2.9.5\jackson-datatype-jsr310-2.9.5.jar;C:\Users\Maryna Savchenko\.m2\repository\com\fasterxml\jackson\module\jackson-module-parameter-names\2.9.5\jackson-module-parameter-names-2.9.5.jar;C:\Users\Maryna Savchenko\.m2\repository\org\springframework\boot\spring-boot-starter-tomcat\2.0.2.RELEASE\spring-boot-starter-tomcat-2.0.2.RELEASE.jar;C:\Users\Maryna Savchenko\.m2\repository\org\apache\tomcat\embed\tomcat-embed-websocket\8.5.31\tomcat-embed-websocket-8.5.31.jar;C:\Users\Maryna Savchenko\.m2\repository\org\hibernate\validator\hibernate-validator\6.0.9.Final\hibernate-validator-6.0.9.Final.jar;C:\Users\Maryna Savchenko\.m2\repository\javax\validation\validation-api\2.0.1.Final\validation-api-2.0.1.Final.jar;C:\Users\Maryna Savchenko\.m2\repository\org\jboss\logging\jboss-logging\3.3.2.Final\jboss-logging-3.3.2.Final.jar;C:\Users\Maryna Savchenko\.m2\repository\com\fasterxml\classmate\1.3.4\classmate-1.3.4.jar;C:\Users\Maryna Savchenko\.m2\repository\org\springframework\spring-web\5.0.6.RELEASE\spring-web-5.0.6.RELEASE.jar;C:\Users\Maryna Savchenko\.m2\repository\org\springframework\spring-beans\5.0.6.RELEASE\spring-beans-5.0.6.RELEASE.jar;C:\Users\Maryna Savchenko\.m2\repository\org\springframework\spring-webmvc\5.0.6.RELEASE\spring-webmvc-5.0.6.RELEASE.jar;C:\Users\Maryna Savchenko\.m2\repository\org\springframework\spring-context\5.0.6.RELEASE\spring-context-5.0.6.RELEASE.jar;C:\Users\Maryna Savchenko\.m2\repository\org\springframework\spring-expression\5.0.6.RELEASE\spring-expression-5.0.6.RELEASE.jar;C:\Users\Maryna Savchenko\.m2\repository\org\slf4j\jcl-over-slf4j\1.7.25\jcl-over-slf4j-1.7.25.jar;C:\Users\Maryna Savchenko\.m2\repository\org\slf4j\slf4j-api\1.7.25\slf4j-api-1.7.25.jar;C:\Users\Maryna Savchenko\.m2\repository\org\slf4j\jul-to-slf4j\1.7.25\jul-to-slf4j-1.7.25.jar;C:\Users\Maryna Savchenko\.m2\repository\org\slf4j\slf4j-log4j12\1.7.25\slf4j-log4j12-1.7.25.jar;C:\Users\Maryna Savchenko\.m2\repository\log4j\log4j\1.2.17\log4j-1.2.17.jar;C:\Users\Maryna Savchenko\.m2\repository\org\springframework\boot\spring-boot-starter-data-mongodb\2.0.2.RELEASE\spring-boot-starter-data-mongodb-2.0.2.RELEASE.jar;C:\Users\Maryna Savchenko\.m2\repository\org\mongodb\mongodb-driver\3.6.0\mongodb-driver-3.6.0.jar;C:\Users\Maryna Savchenko\.m2\repository\org\mongodb\bson\3.6.0\bson-3.6.0.jar;C:\Users\Maryna Savchenko\.m2\repository\org\mongodb\mongodb-driver-core\3.6.0\mongodb-driver-core-3.6.0.jar;C:\Users\Maryna Savchenko\.m2\repository\org\springframework\data\spring-data-mongodb\2.0.7.RELEASE\spring-data-mongodb-2.0.7.RELEASE.jar;C:\Users\Maryna Savchenko\.m2\repository\org\springframework\spring-tx\5.0.6.RELEASE\spring-tx-5.0.6.RELEASE.jar;C:\Users\Maryna Savchenko\.m2\repository\org\springframework\data\spring-data-commons\2.0.7.RELEASE\spring-data-commons-2.0.7.RELEASE.jar;C:\Users\Maryna Savchenko\.m2\repository\org\springframework\boot\spring-boot-starter-actuator\2.0.2.RELEASE\spring-boot-starter-actuator-2.0.2.RELEASE.jar;C:\Users\Maryna Savchenko\.m2\repository\org\springframework\boot\spring-boot-actuator-autoconfigure\2.0.2.RELEASE\spring-boot-actuator-autoconfigure-2.0.2.RELEASE.jar;C:\Users\Maryna Savchenko\.m2\repository\org\springframework\boot\spring-boot-actuator\2.0.2.RELEASE\spring-boot-actuator-2.0.2.RELEASE.jar;C:\Users\Maryna Savchenko\.m2\repository\io\micrometer\micrometer-core\1.0.4\micrometer-core-1.0.4.jar;C:\Users\Maryna Savchenko\.m2\repository\org\hdrhistogram\HdrHistogram\2.1.10\HdrHistogram-2.1.10.jar;C:\Users\Maryna Savchenko\.m2\repository\org\latencyutils\LatencyUtils\2.0.3\LatencyUtils-2.0.3.jar;C:\Users\Maryna Savchenko\.m2\repository\org\springframework\boot\spring-boot-starter-security\2.0.2.RELEASE\spring-boot-starter-security-2.0.2.RELEASE.jar;C:\Users\Maryna Savchenko\.m2\repository\org\springframework\spring-aop\5.0.6.RELEASE\spring-aop-5.0.6.RELEASE.jar;C:\Users\Maryna Savchenko\.m2\repository\org\springframework\security\spring-security-config\5.0.5.RELEASE\spring-security-config-5.0.5.RELEASE.jar;C:\Users\Maryna Savchenko\.m2\repository\org\springframework\security\spring-security-web\5.0.5.RELEASE\spring-security-web-5.0.5.RELEASE.jar;C:\Users\Maryna Savchenko\.m2\repository\org\springframework\security\spring-security-test\5.0.5.RELEASE\spring-security-test-5.0.5.RELEASE.jar;C:\Users\Maryna Savchenko\.m2\repository\org\springframework\security\spring-security-core\5.0.5.RELEASE\spring-security-core-5.0.5.RELEASE.jar;C:\Users\Maryna Savchenko\.m2\repository\org\springframework\spring-core\5.0.6.RELEASE\spring-core-5.0.6.RELEASE.jar;C:\Users\Maryna Savchenko\.m2\repository\org\springframework\spring-jcl\5.0.6.RELEASE\spring-jcl-5.0.6.RELEASE.jar;C:\Users\Maryna Savchenko\.m2\repository\org\springframework\spring-test\5.0.6.RELEASE\spring-test-5.0.6.RELEASE.jar;C:\Users\Maryna Savchenko\.m2\repository\org\springframework\boot\spring-boot-devtools\2.0.2.RELEASE\spring-boot-devtools-2.0.2.RELEASE.jar;C:\Users\Maryna Savchenko\.m2\repository\org\springframework\boot\spring-boot\2.0.2.RELEASE\spring-boot-2.0.2.RELEASE.jar;C:\Users\Maryna Savchenko\.m2\repository\org\springframework\boot\spring-boot-autoconfigure\2.0.2.RELEASE\spring-boot-autoconfigure-2.0.2.RELEASE.jar;C:\Users\Maryna Savchenko\.m2\repository\org\springframework\boot\spring-boot-starter-test\2.0.2.RELEASE\spring-boot-starter-test-2.0.2.RELEASE.jar;C:\Users\Maryna Savchenko\.m2\repository\org\springframework\boot\spring-boot-test\2.0.2.RELEASE\spring-boot-test-2.0.2.RELEASE.jar;C:\Users\Maryna Savchenko\.m2\repository\org\springframework\boot\spring-boot-test-autoconfigure\2.0.2.RELEASE\spring-boot-test-autoconfigure-2.0.2.RELEASE.jar;C:\Users\Maryna Savchenko\.m2\repository\com\jayway\jsonpath\json-path\2.4.0\json-path-2.4.0.jar;C:\Users\Maryna Savchenko\.m2\repository\net\minidev\json-smart\2.3\json-smart-2.3.jar;C:\Users\Maryna Savchenko\.m2\repository\net\minidev\accessors-smart\1.2\accessors-smart-1.2.jar;C:\Users\Maryna Savchenko\.m2\repository\org\ow2\asm\asm\5.0.4\asm-5.0.4.jar;C:\Users\Maryna Savchenko\.m2\repository\org\assertj\assertj-core\3.9.1\assertj-core-3.9.1.jar;C:\Users\Maryna Savchenko\.m2\repository\org\mockito\mockito-core\2.15.0\mockito-core-2.15.0.jar;C:\Users\Maryna Savchenko\.m2\repository\net\bytebuddy\byte-buddy\1.7.11\byte-buddy-1.7.11.jar;C:\Users\Maryna Savchenko\.m2\repository\net\bytebuddy\byte-buddy-agent\1.7.11\byte-buddy-agent-1.7.11.jar;C:\Users\Maryna Savchenko\.m2\repository\org\objenesis\objenesis\2.6\objenesis-2.6.jar;C:\Users\Maryna Savchenko\.m2\repository\org\hamcrest\hamcrest-core\1.3\hamcrest-core-1.3.jar;C:\Users\Maryna Savchenko\.m2\repository\org\hamcrest\hamcrest-library\1.3\hamcrest-library-1.3.jar;C:\Users\Maryna Savchenko\.m2\repository\org\skyscreamer\jsonassert\1.5.0\jsonassert-1.5.0.jar;C:\Users\Maryna Savchenko\.m2\repository\com\vaadin\external\google\android-json\0.0.20131108.vaadin1\android-json-0.0.20131108.vaadin1.jar;C:\Users\Maryna Savchenko\.m2\repository\org\xmlunit\xmlunit-core\2.5.1\xmlunit-core-2.5.1.jar;C:\Users\Maryna Savchenko\.m2\repository\pl\pragmatists\JUnitParams\1.1.1\JUnitParams-1.1.1.jar;C:\Users\Maryna Savchenko\.m2\repository\org\apache\tomcat\embed\tomcat-embed-jasper\8.5.31\tomcat-embed-jasper-8.5.31.jar;C:\Users\Maryna Savchenko\.m2\repository\org\apache\tomcat\embed\tomcat-embed-core\8.5.31\tomcat-embed-core-8.5.31.jar;C:\Users\Maryna Savchenko\.m2\repository\org\apache\tomcat\tomcat-annotations-api\8.5.31\tomcat-annotations-api-8.5.31.jar;C:\Users\Maryna Savchenko\.m2\repository\org\apache\tomcat\embed\tomcat-embed-el\8.5.31\tomcat-embed-el-8.5.31.jar;C:\Users\Maryna Savchenko\.m2\repository\org\eclipse\jdt\ecj\3.12.3\ecj-3.12.3.jar;C:\Users\Maryna Savchenko\.m2\repository\junit\junit\4.12\junit-4.12.jar;C:\Users\Maryna Savchenko\.m2\repository\org\projectlombok\lombok\1.16.20\lombok-1.16.20.jar;C:\Users\Maryna Savchenko\.m2\repository\org\projectlombok\lombok-maven-plugin\1.16.20.0\lombok-maven-plugin-1.16.20.0.jar;C:\Users\Maryna Savchenko\.m2\repository\org\apache\commons\commons-lang3\3.7\commons-lang3-3.7.jar;C:\Users\Maryna Savchenko\.m2\repository\org\sonatype\plexus\plexus-build-api\0.0.7\plexus-build-api-0.0.7.jar;C:\Users\Maryna Savchenko\.m2\repository\org\codehaus\plexus\plexus-utils\1.5.8\plexus-utils-1.5.8.jar;, java.specification.name=Java Platform API Specification, java.class.version=52.0, sun.management.compiler=HotSpot 64-Bit Tiered Compilers, os.version=10.0, user.home=C:\Users\Maryna Savchenko, user.timezone=Europe/Belgrade, java.awt.printerjob=sun.awt.windows.WPrinterJob, file.encoding=Cp1252, java.specification.version=1.8, java.class.path=E:\java\repos\JavaTutorAPI\javatutor\target\test-classes;E:\java\repos\JavaTutorAPI\javatutor\target\classes;C:\Users\Maryna Savchenko\.m2\repository\org\springframework\boot\spring-boot-starter-web\2.0.2.RELEASE\spring-boot-starter-web-2.0.2.RELEASE.jar;C:\Users\Maryna Savchenko\.m2\repository\org\springframework\boot\spring-boot-starter\2.0.2.RELEASE\spring-boot-starter-2.0.2.RELEASE.jar;C:\Users\Maryna Savchenko\.m2\repository\javax\annotation\javax.annotation-api\1.3.2\javax.annotation-api-1.3.2.jar;C:\Users\Maryna Savchenko\.m2\repository\org\yaml\snakeyaml\1.19\snakeyaml-1.19.jar;C:\Users\Maryna Savchenko\.m2\repository\org\springframework\boot\spring-boot-starter-json\2.0.2.RELEASE\spring-boot-starter-json-2.0.2.RELEASE.jar;C:\Users\Maryna Savchenko\.m2\repository\com\fasterxml\jackson\core\jackson-databind\2.9.5\jackson-databind-2.9.5.jar;C:\Users\Maryna Savchenko\.m2\repository\com\fasterxml\jackson\core\jackson-annotations\2.9.0\jackson-annotations-2.9.0.jar;C:\Users\Maryna Savchenko\.m2\repository\com\fasterxml\jackson\core\jackson-core\2.9.5\jackson-core-2.9.5.jar;C:\Users\Maryna Savchenko\.m2\repository\com\fasterxml\jackson\datatype\jackson-datatype-jdk8\2.9.5\jackson-datatype-jdk8-2.9.5.jar;C:\Users\Maryna Savchenko\.m2\repository\com\fasterxml\jackson\datatype\jackson-datatype-jsr310\2.9.5\jackson-datatype-jsr310-2.9.5.jar;C:\Users\Maryna Savchenko\.m2\repository\com\fasterxml\jackson\module\jackson-module-parameter-names\2.9.5\jackson-module-parameter-names-2.9.5.jar;C:\Users\Maryna Savchenko\.m2\repository\org\springframework\boot\spring-boot-starter-tomcat\2.0.2.RELEASE\spring-boot-starter-tomcat-2.0.2.RELEASE.jar;C:\Users\Maryna Savchenko\.m2\repository\org\apache\tomcat\embed\tomcat-embed-websocket\8.5.31\tomcat-embed-websocket-8.5.31.jar;C:\Users\Maryna Savchenko\.m2\repository\org\hibernate\validator\hibernate-validator\6.0.9.Final\hibernate-validator-6.0.9.Final.jar;C:\Users\Maryna Savchenko\.m2\repository\javax\validation\validation-api\2.0.1.Final\validation-api-2.0.1.Final.jar;C:\Users\Maryna Savchenko\.m2\repository\org\jboss\logging\jboss-logging\3.3.2.Final\jboss-logging-3.3.2.Final.jar;C:\Users\Maryna Savchenko\.m2\repository\com\fasterxml\classmate\1.3.4\classmate-1.3.4.jar;C:\Users\Maryna Savchenko\.m2\repository\org\springframework\spring-web\5.0.6.RELEASE\spring-web-5.0.6.RELEASE.jar;C:\Users\Maryna Savchenko\.m2\repository\org\springframework\spring-beans\5.0.6.RELEASE\spring-beans-5.0.6.RELEASE.jar;C:\Users\Maryna Savchenko\.m2\repository\org\springframework\spring-webmvc\5.0.6.RELEASE\spring-webmvc-5.0.6.RELEASE.jar;C:\Users\Maryna Savchenko\.m2\repository\org\springframework\spring-context\5.0.6.RELEASE\spring-context-5.0.6.RELEASE.jar;C:\Users\Maryna Savchenko\.m2\repository\org\springframework\spring-expression\5.0.6.RELEASE\spring-expression-5.0.6.RELEASE.jar;C:\Users\Maryna Savchenko\.m2\repository\org\slf4j\jcl-over-slf4j\1.7.25\jcl-over-slf4j-1.7.25.jar;C:\Users\Maryna Savchenko\.m2\repository\org\slf4j\slf4j-api\1.7.25\slf4j-api-1.7.25.jar;C:\Users\Maryna Savchenko\.m2\repository\org\slf4j\jul-to-slf4j\1.7.25\jul-to-slf4j-1.7.25.jar;C:\Users\Maryna Savchenko\.m2\repository\org\slf4j\slf4j-log4j12\1.7.25\slf4j-log4j12-1.7.25.jar;C:\Users\Maryna Savchenko\.m2\repository\log4j\log4j\1.2.17\log4j-1.2.17.jar;C:\Users\Maryna Savchenko\.m2\repository\org\springframework\boot\spring-boot-starter-data-mongodb\2.0.2.RELEASE\spring-boot-starter-data-mongodb-2.0.2.RELEASE.jar;C:\Users\Maryna Savchenko\.m2\repository\org\mongodb\mongodb-driver\3.6.0\mongodb-driver-3.6.0.jar;C:\Users\Maryna Savchenko\.m2\repository\org\mongodb\bson\3.6.0\bson-3.6.0.jar;C:\Users\Maryna Savchenko\.m2\repository\org\mongodb\mongodb-driver-core\3.6.0\mongodb-driver-core-3.6.0.jar;C:\Users\Maryna Savchenko\.m2\repository\org\springframework\data\spring-data-mongodb\2.0.7.RELEASE\spring-data-mongodb-2.0.7.RELEASE.jar;C:\Users\Maryna Savchenko\.m2\repository\org\springframework\spring-tx\5.0.6.RELEASE\spring-tx-5.0.6.RELEASE.jar;C:\Users\Maryna Savchenko\.m2\repository\org\springframework\data\spring-data-commons\2.0.7.RELEASE\spring-data-commons-2.0.7.RELEASE.jar;C:\Users\Maryna Savchenko\.m2\repository\org\springframework\boot\spring-boot-starter-actuator\2.0.2.RELEASE\spring-boot-starter-actuator-2.0.2.RELEASE.jar;C:\Users\Maryna Savchenko\.m2\repository\org\springframework\boot\spring-boot-actuator-autoconfigure\2.0.2.RELEASE\spring-boot-actuator-autoconfigure-2.0.2.RELEASE.jar;C:\Users\Maryna Savchenko\.m2\repository\org\springframework\boot\spring-boot-actuator\2.0.2.RELEASE\spring-boot-actuator-2.0.2.RELEASE.jar;C:\Users\Maryna Savchenko\.m2\repository\io\micrometer\micrometer-core\1.0.4\micrometer-core-1.0.4.jar;C:\Users\Maryna Savchenko\.m2\repository\org\hdrhistogram\HdrHistogram\2.1.10\HdrHistogram-2.1.10.jar;C:\Users\Maryna Savchenko\.m2\repository\org\latencyutils\LatencyUtils\2.0.3\LatencyUtils-2.0.3.jar;C:\Users\Maryna Savchenko\.m2\repository\org\springframework\boot\spring-boot-starter-security\2.0.2.RELEASE\spring-boot-starter-security-2.0.2.RELEASE.jar;C:\Users\Maryna Savchenko\.m2\repository\org\springframework\spring-aop\5.0.6.RELEASE\spring-aop-5.0.6.RELEASE.jar;C:\Users\Maryna Savchenko\.m2\repository\org\springframework\security\spring-security-config\5.0.5.RELEASE\spring-security-config-5.0.5.RELEASE.jar;C:\Users\Maryna Savchenko\.m2\repository\org\springframework\security\spring-security-web\5.0.5.RELEASE\spring-security-web-5.0.5.RELEASE.jar;C:\Users\Maryna Savchenko\.m2\repository\org\springframework\security\spring-security-test\5.0.5.RELEASE\spring-security-test-5.0.5.RELEASE.jar;C:\Users\Maryna Savchenko\.m2\repository\org\springframework\security\spring-security-core\5.0.5.RELEASE\spring-security-core-5.0.5.RELEASE.jar;C:\Users\Maryna Savchenko\.m2\repository\org\springframework\spring-core\5.0.6.RELEASE\spring-core-5.0.6.RELEASE.jar;C:\Users\Maryna Savchenko\.m2\repository\org\springframework\spring-jcl\5.0.6.RELEASE\spring-jcl-5.0.6.RELEASE.jar;C:\Users\Maryna Savchenko\.m2\repository\org\springframework\spring-test\5.0.6.RELEASE\spring-test-5.0.6.RELEASE.jar;C:\Users\Maryna Savchenko\.m2\repository\org\springframework\boot\spring-boot-devtools\2.0.2.RELEASE\spring-boot-devtools-2.0.2.RELEASE.jar;C:\Users\Maryna Savchenko\.m2\repository\org\springframework\boot\spring-boot\2.0.2.RELEASE\spring-boot-2.0.2.RELEASE.jar;C:\Users\Maryna Savchenko\.m2\repository\org\springframework\boot\spring-boot-autoconfigure\2.0.2.RELEASE\spring-boot-autoconfigure-2.0.2.RELEASE.jar;C:\Users\Maryna Savchenko\.m2\repository\org\springframework\boot\spring-boot-starter-test\2.0.2.RELEASE\spring-boot-starter-test-2.0.2.RELEASE.jar;C:\Users\Maryna Savchenko\.m2\repository\org\springframework\boot\spring-boot-test\2.0.2.RELEASE\spring-boot-test-2.0.2.RELEASE.jar;C:\Users\Maryna Savchenko\.m2\repository\org\springframework\boot\spring-boot-test-autoconfigure\2.0.2.RELEASE\spring-boot-test-autoconfigure-2.0.2.RELEASE.jar;C:\Users\Maryna Savchenko\.m2\repository\com\jayway\jsonpath\json-path\2.4.0\json-path-2.4.0.jar;C:\Users\Maryna Savchenko\.m2\repository\net\minidev\json-smart\2.3\json-smart-2.3.jar;C:\Users\Maryna Savchenko\.m2\repository\net\minidev\accessors-smart\1.2\accessors-smart-1.2.jar;C:\Users\Maryna Savchenko\.m2\repository\org\ow2\asm\asm\5.0.4\asm-5.0.4.jar;C:\Users\Maryna Savchenko\.m2\repository\org\assertj\assertj-core\3.9.1\assertj-core-3.9.1.jar;C:\Users\Maryna Savchenko\.m2\repository\org\mockito\mockito-core\2.15.0\mockito-core-2.15.0.jar;C:\Users\Maryna Savchenko\.m2\repository\net\bytebuddy\byte-buddy\1.7.11\byte-buddy-1.7.11.jar;C:\Users\Maryna Savchenko\.m2\repository\net\bytebuddy\byte-buddy-agent\1.7.11\byte-buddy-agent-1.7.11.jar;C:\Users\Maryna Savchenko\.m2\repository\org\objenesis\objenesis\2.6\objenesis-2.6.jar;C:\Users\Maryna Savchenko\.m2\repository\org\hamcrest\hamcrest-core\1.3\hamcrest-core-1.3.jar;C:\Users\Maryna Savchenko\.m2\repository\org\hamcrest\hamcrest-library\1.3\hamcrest-library-1.3.jar;C:\Users\Maryna Savchenko\.m2\repository\org\skyscreamer\jsonassert\1.5.0\jsonassert-1.5.0.jar;C:\Users\Maryna Savchenko\.m2\repository\com\vaadin\external\google\android-json\0.0.20131108.vaadin1\android-json-0.0.20131108.vaadin1.jar;C:\Users\Maryna Savchenko\.m2\repository\org\xmlunit\xmlunit-core\2.5.1\xmlunit-core-2.5.1.jar;C:\Users\Maryna Savchenko\.m2\repository\pl\pragmatists\JUnitParams\1.1.1\JUnitParams-1.1.1.jar;C:\Users\Maryna Savchenko\.m2\repository\org\apache\tomcat\embed\tomcat-embed-jasper\8.5.31\tomcat-embed-jasper-8.5.31.jar;C:\Users\Maryna Savchenko\.m2\repository\org\apache\tomcat\embed\tomcat-embed-core\8.5.31\tomcat-embed-core-8.5.31.jar;C:\Users\Maryna Savchenko\.m2\repository\org\apache\tomcat\tomcat-annotations-api\8.5.31\tomcat-annotations-api-8.5.31.jar;C:\Users\Maryna Savchenko\.m2\repository\org\apache\tomcat\embed\tomcat-embed-el\8.5.31\tomcat-embed-el-8.5.31.jar;C:\Users\Maryna Savchenko\.m2\repository\org\eclipse\jdt\ecj\3.12.3\ecj-3.12.3.jar;C:\Users\Maryna Savchenko\.m2\repository\junit\junit\4.12\junit-4.12.jar;C:\Users\Maryna Savchenko\.m2\repository\org\projectlombok\lombok\1.16.20\lombok-1.16.20.jar;C:\Users\Maryna Savchenko\.m2\repository\org\projectlombok\lombok-maven-plugin\1.16.20.0\lombok-maven-plugin-1.16.20.0.jar;C:\Users\Maryna Savchenko\.m2\repository\org\apache\commons\commons-lang3\3.7\commons-lang3-3.7.jar;C:\Users\Maryna Savchenko\.m2\repository\org\sonatype\plexus\plexus-build-api\0.0.7\plexus-build-api-0.0.7.jar;C:\Users\Maryna Savchenko\.m2\repository\org\codehaus\plexus\plexus-utils\1.5.8\plexus-utils-1.5.8.jar;, user.name=Maryna Savchenko, java.vm.specification.version=1.8, sun.java.command=C:\Users\MARYNA~1\AppData\Local\Temp\surefire1244754544745437156\surefirebooter7935569149334272143.jar C:\Users\Maryna Savchenko\AppData\Local\Temp\surefire1244754544745437156 2018-10-11T10-37-06_854-jvmRun1 surefire6084229711424990350tmp surefire_01445494788152468973tmp, java.home=C:\Program Files\Java\jdk1.8.0_131\jre, sun.arch.data.model=64, user.language=en, java.specification.vendor=Oracle Corporation, user.language.format=uk, awt.toolkit=sun.awt.windows.WToolkit, java.vm.info=mixed mode, java.version=1.8.0_131, java.ext.dirs=C:\Program Files\Java\jdk1.8.0_131\jre\lib\ext;C:\WINDOWS\Sun\Java\lib\ext, sun.boot.class.path=C:\Program Files\Java\jdk1.8.0_131\jre\lib\resources.jar;C:\Program Files\Java\jdk1.8.0_131\jre\lib\rt.jar;C:\Program Files\Java\jdk1.8.0_131\jre\lib\sunrsasign.jar;C:\Program Files\Java\jdk1.8.0_131\jre\lib\jsse.jar;C:\Program Files\Java\jdk1.8.0_131\jre\lib\jce.jar;C:\Program Files\Java\jdk1.8.0_131\jre\lib\charsets.jar;C:\Program Files\Java\jdk1.8.0_131\jre\lib\jfr.jar;C:\Program Files\Java\jdk1.8.0_131\jre\classes, java.awt.headless=true, java.vendor=Oracle Corporation, localRepository=C:\Users\Maryna Savchenko\.m2\repository, file.separator=\, java.vendor.url.bug=http://bugreport.sun.com/bugreport/, sun.io.unicode.encoding=UnicodeLittle, sun.cpu.endian=little, sun.desktop=windows, sun.cpu.isalist=amd64}}, SystemEnvironmentPropertySource@192393376 {name='systemEnvironment', properties={PATH=C:\Users\Maryna Savchenko\bin;C:\Program Files\Git\mingw64\bin;C:\Program Files\Git\usr\local\bin;C:\Program Files\Git\usr\bin;C:\Program Files\Git\usr\bin;C:\Program Files\Git\mingw64\bin;C:\Program Files\Git\usr\bin;C:\Users\Maryna Savchenko\bin;C:\Program Files\Docker\Docker\Resources\bin;C:\ProgramData\Oracle\Java\javapath;C:\Program Files (x86)\Intel\TXE Components\TCS;C:\Program Files\Intel\TXE Components\TCS;C:\WINDOWS\system32;C:\WINDOWS;C:\WINDOWS\System32\Wbem;C:\WINDOWS\System32\WindowsPowerShell\v1.0;C:\Program Files\Intel\TXE Components\DAL;C:\Program Files (x86)\Intel\TXE Components\DAL;C:\Program Files\Intel\TXE Components\IPT;C:\Program Files (x86)\Intel\TXE Components\IPT;E:\java\apache-maven-3.5.0-bin\apache-maven-3.5.0\bin;C:\Program Files\Git\cmd;C:\Program Files\Java\jdk1.8.0_131\bin;C:\Program Files\MySQL\MySQL Utilities 1.6;C:\Program Files (x86)\bin;C:\Program Files (x86)\sbt\bin;C:\Program Files (x86)\Yarn\bin;C:\ProgramData\chocolatey\bin;C:\Program Files\nodejs;C:\Users\Maryna Savchenko\AppData\Local\Microsoft\WindowsApps;E:\java\spark-2.2.0-bin-hadoop2.7\bin;C:\Program Files\Java\jdk1.8.0_131\bin;C:\Program Files (x86)\sbt\bin;C:\winutils\bin;C:\Program Files\Docker Toolbox;C:\Users\Maryna Savchenko\AppData\Local\Yarn\bin;C:\Users\Maryna Savchenko\AppData\Roaming\npm;C:\Program Files\Git\usr\bin\vendor_perl;C:\Program Files\Git\usr\bin\core_perl, USERDOMAIN_ROAMINGPROFILE=BigBrother, PKG_CONFIG_PATH=C:\Program Files\Git\mingw64\lib\pkgconfig;C:\Program Files\Git\mingw64\share\pkgconfig, MSYSTEM_PREFIX=C:/Program Files/Git/mingw64, PROCESSOR_LEVEL=6, SYSTEMDRIVE=C:, CONFIG_SITE=C:/Program Files/Git/mingw64/etc/config.site, FP_NO_HOST_CHECK=NO, POSTGIS_GDAL_ENABLED_DRIVERS=GTiff PNG JPEG GIF XYZ DTED USGSDEM AAIGrid, SESSIONNAME=Console, ALLUSERSPROFILE=C:\ProgramData, GDAL_DATA=C:\Program Files\PostgreSQL\9.6\gdal-data, PROCESSOR_ARCHITECTURE=AMD64, MSYSTEM_CHOST=x86_64-w64-mingw32, =E:=E:\java\repos\JavaTutorAPI\javatutor, ORIGINAL_TEMP=C:/Users/MARYNA~1/AppData/Local/Temp, PROGRAMFILES=C:\Program Files, POSTGIS_ENABLE_OUTDB_RASTERS=1, PSMODULEPATH=C:\WINDOWS\system32\WindowsPowerShell\v1.0\Modules\, PROGRAMDATA=C:\ProgramData, CHOCOLATEYLASTPATHUPDATE=?? ??? 24 11:36:27 2018, USERNAME=Maryna Savchenko, PWD=E:/java/repos/JavaTutorAPI/javatutor, INFOPATH=C:\Program Files\Git\usr\local\info;C:\Program Files\Git\usr\share\info;C:\Program Files\Git\usr\info;C:\Program Files\Git\share\info, FPS_BROWSER_USER_PROFILE_STRING=Default, ONEDRIVE=C:\Users\Maryna Savchenko\OneDrive, PATHEXT=.COM;.EXE;.BAT;.CMD;.VBS;.VBE;.JS;.JSE;.WSF;.WSH;.MSC, SHELL=C:\Program Files\Git\usr\bin\bash.exe, ORIGINAL_TMP=C:/Users/MARYNA~1/AppData/Local/Temp, OLDPWD=E:/java/repos/JavaTutorAPI/javatutor, TMPDIR=C:\Users\MARYNA~1\AppData\Local\Temp, WINDIR=C:\WINDOWS, SSH_ASKPASS=C:/Program Files/Git/mingw64/libexec/git-core/git-gui--askpass, HOMEPATH=\Users\Maryna Savchenko, PROCESSOR_IDENTIFIER=Intel64 Family 6 Model 76 Stepping 3, GenuineIntel, HADOOP_HOME=C:\winutils, M2_HOME=E:\java\apache-maven-3.5.0-bin\apache-maven-3.5.0, PUBLIC=C:\Users\Public, MINGW_CHOST=x86_64-w64-mingw32, =::=::\, EXEPATH=C:\Program Files\Git, SHLVL=1, LOCALAPPDATA=C:\Users\Maryna Savchenko\AppData\Local, ORIGINAL_PATH=C:\Program Files\Git\mingw64\bin;C:\Program Files\Git\usr\bin;C:\Users\Maryna Savchenko\bin;C:\Program Files\Docker\Docker\Resources\bin;C:\ProgramData\Oracle\Java\javapath;C:\Program Files (x86)\Intel\TXE Components\TCS;C:\Program Files\Intel\TXE Components\TCS;C:\WINDOWS\system32;C:\WINDOWS;C:\WINDOWS\System32\Wbem;C:\WINDOWS\System32\WindowsPowerShell\v1.0;C:\Program Files\Intel\TXE Components\DAL;C:\Program Files (x86)\Intel\TXE Components\DAL;C:\Program Files\Intel\TXE Components\IPT;C:\Program Files (x86)\Intel\TXE Components\IPT;E:\java\apache-maven-3.5.0-bin\apache-maven-3.5.0\bin;C:\Program Files\Git\cmd;C:\Program Files\Java\jdk1.8.0_131\bin;C:\Program Files\MySQL\MySQL Utilities 1.6;C:\Program Files (x86)\bin;C:\Program Files (x86)\sbt\bin;C:\Program Files (x86)\Yarn\bin;C:\ProgramData\chocolatey\bin;C:\Program Files\nodejs;C:\Users\Maryna Savchenko\AppData\Local\Microsoft\WindowsApps;E:\java\spark-2.2.0-bin-hadoop2.7\bin;C:\Program Files\Java\jdk1.8.0_131\bin;C:\Program Files (x86)\sbt\bin;C:\winutils\bin;C:\Program Files\Docker Toolbox;C:\Users\Maryna Savchenko\AppData\Local\Yarn\bin;C:\Users\Maryna Savchenko\AppData\Roaming\npm, MANPATH=C:\Program Files\Git\mingw64\share\man;C:\Program Files\Git\usr\local\man;C:\Program Files\Git\usr\share\man;C:\Program Files\Git\usr\man;C:\Program Files\Git\share\man, COMMONPROGRAMFILES(X86)=C:\Program Files (x86)\Common Files, MINGW_PACKAGE_PREFIX=mingw-w64-x86_64, USERDOMAIN=BigBrother, FPS_BROWSER_APP_PROFILE_STRING=Internet Explorer, LOGONSERVER=\\BIGBROTHER, JAVA_HOME=C:/Program Files/Java/jdk1.8.0_131, PLINK_PROTOCOL=ssh, PROMPT=$P$G, PROGRAMFILES(X86)=C:\Program Files (x86), TERM=xterm, LANG=en_US.UTF-8, MINGW_PREFIX=C:/Program Files/Git/mingw64, DISPLAY=needs-to-be-defined, MSYSTEM=MINGW64, APPDATA=C:\Users\Maryna Savchenko\AppData\Roaming, SPARK_HOME=E:\java\spark-2.2.0-bin-hadoop2.7, PROGRAMW6432=C:\Program Files, SYSTEMROOT=C:\WINDOWS, CHOCOLATEYINSTALL=C:\ProgramData\chocolatey, MAVEN_CMD_LINE_ARGS= test, SCALA_HOME=C:\Program Files (x86)\sbt, VBOX_MSI_INSTALL_PATH=C:\Program Files\Oracle\VirtualBox\, OS=Windows_NT, COMMONPROGRAMW6432=C:\Program Files\Common Files, COMPUTERNAME=BIGBROTHER, COMMONPROGRAMFILES=C:\Program Files\Common Files, COMSPEC=C:\WINDOWS\system32\cmd.exe, SBT_HOME=C:\Program Files (x86)\sbt\, MAVEN_PROJECTBASEDIR=E:/java/repos/JavaTutorAPI/javatutor, PROCESSOR_REVISION=4c03, ACLOCAL_PATH=C:\Program Files\Git\mingw64\share\aclocal;C:\Program Files\Git\usr\share\aclocal, MSYSTEM_CARCH=x86_64, PRINTER=Foxit Reader PDF Printer, TEMP=C:\Users\MARYNA~1\AppData\Local\Temp, HOSTNAME=BigBrother, HOMEDRIVE=C:, USERPROFILE=C:\Users\Maryna Savchenko, TMP=C:\Users\MARYNA~1\AppData\Local\Temp, NUMBER_OF_PROCESSORS=4, DOCKER_TOOLBOX_INSTALL_PATH=C:\Program Files\Docker Toolbox, HOME=C:\Users\Maryna Savchenko}}]
10:42:17,812 DEBUG org.springframework.core.env.StandardEnvironment:125 - Initialized StandardEnvironment with PropertySources [MapPropertySource@119674169 {name='systemProperties', properties={java.runtime.name=Java(TM) SE Runtime Environment, sun.boot.library.path=C:\Program Files\Java\jdk1.8.0_131\jre\bin, java.vm.version=25.131-b11, user.country.format=UA, java.vm.vendor=Oracle Corporation, java.vendor.url=http://java.oracle.com/, path.separator=;, java.vm.name=Java HotSpot(TM) 64-Bit Server VM, file.encoding.pkg=sun.io, user.country=US, user.script=, sun.java.launcher=SUN_STANDARD, sun.os.patch.level=, PID=5372, java.vm.specification.name=Java Virtual Machine Specification, user.dir=E:\java\repos\JavaTutorAPI\javatutor, java.runtime.version=1.8.0_131-b11, basedir=E:\java\repos\JavaTutorAPI\javatutor, java.awt.graphicsenv=sun.awt.Win32GraphicsEnvironment, java.endorsed.dirs=C:\Program Files\Java\jdk1.8.0_131\jre\lib\endorsed, os.arch=amd64, surefire.real.class.path=C:\Users\MARYNA~1\AppData\Local\Temp\surefire1244754544745437156\surefirebooter7935569149334272143.jar, java.io.tmpdir=C:\Users\MARYNA~1\AppData\Local\Temp\, line.separator=
, java.vm.specification.vendor=Oracle Corporation, user.variant=, os.name=Windows 10, sun.jnu.encoding=Cp1252, spring.beaninfo.ignore=true, java.library.path=C:\Program Files\Java\jdk1.8.0_131\jre\bin;C:\WINDOWS\Sun\Java\bin;C:\WINDOWS\system32;C:\WINDOWS;C:\Users\Maryna Savchenko\bin;C:\Program Files\Git\mingw64\bin;C:\Program Files\Git\usr\local\bin;C:\Program Files\Git\usr\bin;C:\Program Files\Git\usr\bin;C:\Program Files\Git\mingw64\bin;C:\Program Files\Git\usr\bin;C:\Users\Maryna Savchenko\bin;C:\Program Files\Docker\Docker\Resources\bin;C:\ProgramData\Oracle\Java\javapath;C:\Program Files (x86)\Intel\TXE Components\TCS;C:\Program Files\Intel\TXE Components\TCS;C:\WINDOWS\system32;C:\WINDOWS;C:\WINDOWS\System32\Wbem;C:\WINDOWS\System32\WindowsPowerShell\v1.0;C:\Program Files\Intel\TXE Components\DAL;C:\Program Files (x86)\Intel\TXE Components\DAL;C:\Program Files\Intel\TXE Components\IPT;C:\Program Files (x86)\Intel\TXE Components\IPT;E:\java\apache-maven-3.5.0-bin\apache-maven-3.5.0\bin;C:\Program Files\Git\cmd;C:\Program Files\Java\jdk1.8.0_131\bin;C:\Program Files\MySQL\MySQL Utilities 1.6;C:\Program Files (x86)\bin;C:\Program Files (x86)\sbt\bin;C:\Program Files (x86)\Yarn\bin;C:\ProgramData\chocolatey\bin;C:\Program Files\nodejs;C:\Users\Maryna Savchenko\AppData\Local\Microsoft\WindowsApps;E:\java\spark-2.2.0-bin-hadoop2.7\bin;C:\Program Files\Java\jdk1.8.0_131\bin;C:\Program Files (x86)\sbt\bin;C:\winutils\bin;C:\Program Files\Docker Toolbox;C:\Users\Maryna Savchenko\AppData\Local\Yarn\bin;C:\Users\Maryna Savchenko\AppData\Roaming\npm;C:\Program Files\Git\usr\bin\vendor_perl;C:\Program Files\Git\usr\bin\core_perl;., surefire.test.class.path=E:\java\repos\JavaTutorAPI\javatutor\target\test-classes;E:\java\repos\JavaTutorAPI\javatutor\target\classes;C:\Users\Maryna Savchenko\.m2\repository\org\springframework\boot\spring-boot-starter-web\2.0.2.RELEASE\spring-boot-starter-web-2.0.2.RELEASE.jar;C:\Users\Maryna Savchenko\.m2\repository\org\springframework\boot\spring-boot-starter\2.0.2.RELEASE\spring-boot-starter-2.0.2.RELEASE.jar;C:\Users\Maryna Savchenko\.m2\repository\javax\annotation\javax.annotation-api\1.3.2\javax.annotation-api-1.3.2.jar;C:\Users\Maryna Savchenko\.m2\repository\org\yaml\snakeyaml\1.19\snakeyaml-1.19.jar;C:\Users\Maryna Savchenko\.m2\repository\org\springframework\boot\spring-boot-starter-json\2.0.2.RELEASE\spring-boot-starter-json-2.0.2.RELEASE.jar;C:\Users\Maryna Savchenko\.m2\repository\com\fasterxml\jackson\core\jackson-databind\2.9.5\jackson-databind-2.9.5.jar;C:\Users\Maryna Savchenko\.m2\repository\com\fasterxml\jackson\core\jackson-annotations\2.9.0\jackson-annotations-2.9.0.jar;C:\Users\Maryna Savchenko\.m2\repository\com\fasterxml\jackson\core\jackson-core\2.9.5\jackson-core-2.9.5.jar;C:\Users\Maryna Savchenko\.m2\repository\com\fasterxml\jackson\datatype\jackson-datatype-jdk8\2.9.5\jackson-datatype-jdk8-2.9.5.jar;C:\Users\Maryna Savchenko\.m2\repository\com\fasterxml\jackson\datatype\jackson-datatype-jsr310\2.9.5\jackson-datatype-jsr310-2.9.5.jar;C:\Users\Maryna Savchenko\.m2\repository\com\fasterxml\jackson\module\jackson-module-parameter-names\2.9.5\jackson-module-parameter-names-2.9.5.jar;C:\Users\Maryna Savchenko\.m2\repository\org\springframework\boot\spring-boot-starter-tomcat\2.0.2.RELEASE\spring-boot-starter-tomcat-2.0.2.RELEASE.jar;C:\Users\Maryna Savchenko\.m2\repository\org\apache\tomcat\embed\tomcat-embed-websocket\8.5.31\tomcat-embed-websocket-8.5.31.jar;C:\Users\Maryna Savchenko\.m2\repository\org\hibernate\validator\hibernate-validator\6.0.9.Final\hibernate-validator-6.0.9.Final.jar;C:\Users\Maryna Savchenko\.m2\repository\javax\validation\validation-api\2.0.1.Final\validation-api-2.0.1.Final.jar;C:\Users\Maryna Savchenko\.m2\repository\org\jboss\logging\jboss-logging\3.3.2.Final\jboss-logging-3.3.2.Final.jar;C:\Users\Maryna Savchenko\.m2\repository\com\fasterxml\classmate\1.3.4\classmate-1.3.4.jar;C:\Users\Maryna Savchenko\.m2\repository\org\springframework\spring-web\5.0.6.RELEASE\spring-web-5.0.6.RELEASE.jar;C:\Users\Maryna Savchenko\.m2\repository\org\springframework\spring-beans\5.0.6.RELEASE\spring-beans-5.0.6.RELEASE.jar;C:\Users\Maryna Savchenko\.m2\repository\org\springframework\spring-webmvc\5.0.6.RELEASE\spring-webmvc-5.0.6.RELEASE.jar;C:\Users\Maryna Savchenko\.m2\repository\org\springframework\spring-context\5.0.6.RELEASE\spring-context-5.0.6.RELEASE.jar;C:\Users\Maryna Savchenko\.m2\repository\org\springframework\spring-expression\5.0.6.RELEASE\spring-expression-5.0.6.RELEASE.jar;C:\Users\Maryna Savchenko\.m2\repository\org\slf4j\jcl-over-slf4j\1.7.25\jcl-over-slf4j-1.7.25.jar;C:\Users\Maryna Savchenko\.m2\repository\org\slf4j\slf4j-api\1.7.25\slf4j-api-1.7.25.jar;C:\Users\Maryna Savchenko\.m2\repository\org\slf4j\jul-to-slf4j\1.7.25\jul-to-slf4j-1.7.25.jar;C:\Users\Maryna Savchenko\.m2\repository\org\slf4j\slf4j-log4j12\1.7.25\slf4j-log4j12-1.7.25.jar;C:\Users\Maryna Savchenko\.m2\repository\log4j\log4j\1.2.17\log4j-1.2.17.jar;C:\Users\Maryna Savchenko\.m2\repository\org\springframework\boot\spring-boot-starter-data-mongodb\2.0.2.RELEASE\spring-boot-starter-data-mongodb-2.0.2.RELEASE.jar;C:\Users\Maryna Savchenko\.m2\repository\org\mongodb\mongodb-driver\3.6.0\mongodb-driver-3.6.0.jar;C:\Users\Maryna Savchenko\.m2\repository\org\mongodb\bson\3.6.0\bson-3.6.0.jar;C:\Users\Maryna Savchenko\.m2\repository\org\mongodb\mongodb-driver-core\3.6.0\mongodb-driver-core-3.6.0.jar;C:\Users\Maryna Savchenko\.m2\repository\org\springframework\data\spring-data-mongodb\2.0.7.RELEASE\spring-data-mongodb-2.0.7.RELEASE.jar;C:\Users\Maryna Savchenko\.m2\repository\org\springframework\spring-tx\5.0.6.RELEASE\spring-tx-5.0.6.RELEASE.jar;C:\Users\Maryna Savchenko\.m2\repository\org\springframework\data\spring-data-commons\2.0.7.RELEASE\spring-data-commons-2.0.7.RELEASE.jar;C:\Users\Maryna Savchenko\.m2\repository\org\springframework\boot\spring-boot-starter-actuator\2.0.2.RELEASE\spring-boot-starter-actuator-2.0.2.RELEASE.jar;C:\Users\Maryna Savchenko\.m2\repository\org\springframework\boot\spring-boot-actuator-autoconfigure\2.0.2.RELEASE\spring-boot-actuator-autoconfigure-2.0.2.RELEASE.jar;C:\Users\Maryna Savchenko\.m2\repository\org\springframework\boot\spring-boot-actuator\2.0.2.RELEASE\spring-boot-actuator-2.0.2.RELEASE.jar;C:\Users\Maryna Savchenko\.m2\repository\io\micrometer\micrometer-core\1.0.4\micrometer-core-1.0.4.jar;C:\Users\Maryna Savchenko\.m2\repository\org\hdrhistogram\HdrHistogram\2.1.10\HdrHistogram-2.1.10.jar;C:\Users\Maryna Savchenko\.m2\repository\org\latencyutils\LatencyUtils\2.0.3\LatencyUtils-2.0.3.jar;C:\Users\Maryna Savchenko\.m2\repository\org\springframework\boot\spring-boot-starter-security\2.0.2.RELEASE\spring-boot-starter-security-2.0.2.RELEASE.jar;C:\Users\Maryna Savchenko\.m2\repository\org\springframework\spring-aop\5.0.6.RELEASE\spring-aop-5.0.6.RELEASE.jar;C:\Users\Maryna Savchenko\.m2\repository\org\springframework\security\spring-security-config\5.0.5.RELEASE\spring-security-config-5.0.5.RELEASE.jar;C:\Users\Maryna Savchenko\.m2\repository\org\springframework\security\spring-security-web\5.0.5.RELEASE\spring-security-web-5.0.5.RELEASE.jar;C:\Users\Maryna Savchenko\.m2\repository\org\springframework\security\spring-security-test\5.0.5.RELEASE\spring-security-test-5.0.5.RELEASE.jar;C:\Users\Maryna Savchenko\.m2\repository\org\springframework\security\spring-security-core\5.0.5.RELEASE\spring-security-core-5.0.5.RELEASE.jar;C:\Users\Maryna Savchenko\.m2\repository\org\springframework\spring-core\5.0.6.RELEASE\spring-core-5.0.6.RELEASE.jar;C:\Users\Maryna Savchenko\.m2\repository\org\springframework\spring-jcl\5.0.6.RELEASE\spring-jcl-5.0.6.RELEASE.jar;C:\Users\Maryna Savchenko\.m2\repository\org\springframework\spring-test\5.0.6.RELEASE\spring-test-5.0.6.RELEASE.jar;C:\Users\Maryna Savchenko\.m2\repository\org\springframework\boot\spring-boot-devtools\2.0.2.RELEASE\spring-boot-devtools-2.0.2.RELEASE.jar;C:\Users\Maryna Savchenko\.m2\repository\org\springframework\boot\spring-boot\2.0.2.RELEASE\spring-boot-2.0.2.RELEASE.jar;C:\Users\Maryna Savchenko\.m2\repository\org\springframework\boot\spring-boot-autoconfigure\2.0.2.RELEASE\spring-boot-autoconfigure-2.0.2.RELEASE.jar;C:\Users\Maryna Savchenko\.m2\repository\org\springframework\boot\spring-boot-starter-test\2.0.2.RELEASE\spring-boot-starter-test-2.0.2.RELEASE.jar;C:\Users\Maryna Savchenko\.m2\repository\org\springframework\boot\spring-boot-test\2.0.2.RELEASE\spring-boot-test-2.0.2.RELEASE.jar;C:\Users\Maryna Savchenko\.m2\repository\org\springframework\boot\spring-boot-test-autoconfigure\2.0.2.RELEASE\spring-boot-test-autoconfigure-2.0.2.RELEASE.jar;C:\Users\Maryna Savchenko\.m2\repository\com\jayway\jsonpath\json-path\2.4.0\json-path-2.4.0.jar;C:\Users\Maryna Savchenko\.m2\repository\net\minidev\json-smart\2.3\json-smart-2.3.jar;C:\Users\Maryna Savchenko\.m2\repository\net\minidev\accessors-smart\1.2\accessors-smart-1.2.jar;C:\Users\Maryna Savchenko\.m2\repository\org\ow2\asm\asm\5.0.4\asm-5.0.4.jar;C:\Users\Maryna Savchenko\.m2\repository\org\assertj\assertj-core\3.9.1\assertj-core-3.9.1.jar;C:\Users\Maryna Savchenko\.m2\repository\org\mockito\mockito-core\2.15.0\mockito-core-2.15.0.jar;C:\Users\Maryna Savchenko\.m2\repository\net\bytebuddy\byte-buddy\1.7.11\byte-buddy-1.7.11.jar;C:\Users\Maryna Savchenko\.m2\repository\net\bytebuddy\byte-buddy-agent\1.7.11\byte-buddy-agent-1.7.11.jar;C:\Users\Maryna Savchenko\.m2\repository\org\objenesis\objenesis\2.6\objenesis-2.6.jar;C:\Users\Maryna Savchenko\.m2\repository\org\hamcrest\hamcrest-core\1.3\hamcrest-core-1.3.jar;C:\Users\Maryna Savchenko\.m2\repository\org\hamcrest\hamcrest-library\1.3\hamcrest-library-1.3.jar;C:\Users\Maryna Savchenko\.m2\repository\org\skyscreamer\jsonassert\1.5.0\jsonassert-1.5.0.jar;C:\Users\Maryna Savchenko\.m2\repository\com\vaadin\external\google\android-json\0.0.20131108.vaadin1\android-json-0.0.20131108.vaadin1.jar;C:\Users\Maryna Savchenko\.m2\repository\org\xmlunit\xmlunit-core\2.5.1\xmlunit-core-2.5.1.jar;C:\Users\Maryna Savchenko\.m2\repository\pl\pragmatists\JUnitParams\1.1.1\JUnitParams-1.1.1.jar;C:\Users\Maryna Savchenko\.m2\repository\org\apache\tomcat\embed\tomcat-embed-jasper\8.5.31\tomcat-embed-jasper-8.5.31.jar;C:\Users\Maryna Savchenko\.m2\repository\org\apache\tomcat\embed\tomcat-embed-core\8.5.31\tomcat-embed-core-8.5.31.jar;C:\Users\Maryna Savchenko\.m2\repository\org\apache\tomcat\tomcat-annotations-api\8.5.31\tomcat-annotations-api-8.5.31.jar;C:\Users\Maryna Savchenko\.m2\repository\org\apache\tomcat\embed\tomcat-embed-el\8.5.31\tomcat-embed-el-8.5.31.jar;C:\Users\Maryna Savchenko\.m2\repository\org\eclipse\jdt\ecj\3.12.3\ecj-3.12.3.jar;C:\Users\Maryna Savchenko\.m2\repository\junit\junit\4.12\junit-4.12.jar;C:\Users\Maryna Savchenko\.m2\repository\org\projectlombok\lombok\1.16.20\lombok-1.16.20.jar;C:\Users\Maryna Savchenko\.m2\repository\org\projectlombok\lombok-maven-plugin\1.16.20.0\lombok-maven-plugin-1.16.20.0.jar;C:\Users\Maryna Savchenko\.m2\repository\org\apache\commons\commons-lang3\3.7\commons-lang3-3.7.jar;C:\Users\Maryna Savchenko\.m2\repository\org\sonatype\plexus\plexus-build-api\0.0.7\plexus-build-api-0.0.7.jar;C:\Users\Maryna Savchenko\.m2\repository\org\codehaus\plexus\plexus-utils\1.5.8\plexus-utils-1.5.8.jar;, java.specification.name=Java Platform API Specification, java.class.version=52.0, sun.management.compiler=HotSpot 64-Bit Tiered Compilers, os.version=10.0, user.home=C:\Users\Maryna Savchenko, user.timezone=Europe/Belgrade, java.awt.printerjob=sun.awt.windows.WPrinterJob, file.encoding=Cp1252, java.specification.version=1.8, java.class.path=E:\java\repos\JavaTutorAPI\javatutor\target\test-classes;E:\java\repos\JavaTutorAPI\javatutor\target\classes;C:\Users\Maryna Savchenko\.m2\repository\org\springframework\boot\spring-boot-starter-web\2.0.2.RELEASE\spring-boot-starter-web-2.0.2.RELEASE.jar;C:\Users\Maryna Savchenko\.m2\repository\org\springframework\boot\spring-boot-starter\2.0.2.RELEASE\spring-boot-starter-2.0.2.RELEASE.jar;C:\Users\Maryna Savchenko\.m2\repository\javax\annotation\javax.annotation-api\1.3.2\javax.annotation-api-1.3.2.jar;C:\Users\Maryna Savchenko\.m2\repository\org\yaml\snakeyaml\1.19\snakeyaml-1.19.jar;C:\Users\Maryna Savchenko\.m2\repository\org\springframework\boot\spring-boot-starter-json\2.0.2.RELEASE\spring-boot-starter-json-2.0.2.RELEASE.jar;C:\Users\Maryna Savchenko\.m2\repository\com\fasterxml\jackson\core\jackson-databind\2.9.5\jackson-databind-2.9.5.jar;C:\Users\Maryna Savchenko\.m2\repository\com\fasterxml\jackson\core\jackson-annotations\2.9.0\jackson-annotations-2.9.0.jar;C:\Users\Maryna Savchenko\.m2\repository\com\fasterxml\jackson\core\jackson-core\2.9.5\jackson-core-2.9.5.jar;C:\Users\Maryna Savchenko\.m2\repository\com\fasterxml\jackson\datatype\jackson-datatype-jdk8\2.9.5\jackson-datatype-jdk8-2.9.5.jar;C:\Users\Maryna Savchenko\.m2\repository\com\fasterxml\jackson\datatype\jackson-datatype-jsr310\2.9.5\jackson-datatype-jsr310-2.9.5.jar;C:\Users\Maryna Savchenko\.m2\repository\com\fasterxml\jackson\module\jackson-module-parameter-names\2.9.5\jackson-module-parameter-names-2.9.5.jar;C:\Users\Maryna Savchenko\.m2\repository\org\springframework\boot\spring-boot-starter-tomcat\2.0.2.RELEASE\spring-boot-starter-tomcat-2.0.2.RELEASE.jar;C:\Users\Maryna Savchenko\.m2\repository\org\apache\tomcat\embed\tomcat-embed-websocket\8.5.31\tomcat-embed-websocket-8.5.31.jar;C:\Users\Maryna Savchenko\.m2\repository\org\hibernate\validator\hibernate-validator\6.0.9.Final\hibernate-validator-6.0.9.Final.jar;C:\Users\Maryna Savchenko\.m2\repository\javax\validation\validation-api\2.0.1.Final\validation-api-2.0.1.Final.jar;C:\Users\Maryna Savchenko\.m2\repository\org\jboss\logging\jboss-logging\3.3.2.Final\jboss-logging-3.3.2.Final.jar;C:\Users\Maryna Savchenko\.m2\repository\com\fasterxml\classmate\1.3.4\classmate-1.3.4.jar;C:\Users\Maryna Savchenko\.m2\repository\org\springframework\spring-web\5.0.6.RELEASE\spring-web-5.0.6.RELEASE.jar;C:\Users\Maryna Savchenko\.m2\repository\org\springframework\spring-beans\5.0.6.RELEASE\spring-beans-5.0.6.RELEASE.jar;C:\Users\Maryna Savchenko\.m2\repository\org\springframework\spring-webmvc\5.0.6.RELEASE\spring-webmvc-5.0.6.RELEASE.jar;C:\Users\Maryna Savchenko\.m2\repository\org\springframework\spring-context\5.0.6.RELEASE\spring-context-5.0.6.RELEASE.jar;C:\Users\Maryna Savchenko\.m2\repository\org\springframework\spring-expression\5.0.6.RELEASE\spring-expression-5.0.6.RELEASE.jar;C:\Users\Maryna Savchenko\.m2\repository\org\slf4j\jcl-over-slf4j\1.7.25\jcl-over-slf4j-1.7.25.jar;C:\Users\Maryna Savchenko\.m2\repository\org\slf4j\slf4j-api\1.7.25\slf4j-api-1.7.25.jar;C:\Users\Maryna Savchenko\.m2\repository\org\slf4j\jul-to-slf4j\1.7.25\jul-to-slf4j-1.7.25.jar;C:\Users\Maryna Savchenko\.m2\repository\org\slf4j\slf4j-log4j12\1.7.25\slf4j-log4j12-1.7.25.jar;C:\Users\Maryna Savchenko\.m2\repository\log4j\log4j\1.2.17\log4j-1.2.17.jar;C:\Users\Maryna Savchenko\.m2\repository\org\springframework\boot\spring-boot-starter-data-mongodb\2.0.2.RELEASE\spring-boot-starter-data-mongodb-2.0.2.RELEASE.jar;C:\Users\Maryna Savchenko\.m2\repository\org\mongodb\mongodb-driver\3.6.0\mongodb-driver-3.6.0.jar;C:\Users\Maryna Savchenko\.m2\repository\org\mongodb\bson\3.6.0\bson-3.6.0.jar;C:\Users\Maryna Savchenko\.m2\repository\org\mongodb\mongodb-driver-core\3.6.0\mongodb-driver-core-3.6.0.jar;C:\Users\Maryna Savchenko\.m2\repository\org\springframework\data\spring-data-mongodb\2.0.7.RELEASE\spring-data-mongodb-2.0.7.RELEASE.jar;C:\Users\Maryna Savchenko\.m2\repository\org\springframework\spring-tx\5.0.6.RELEASE\spring-tx-5.0.6.RELEASE.jar;C:\Users\Maryna Savchenko\.m2\repository\org\springframework\data\spring-data-commons\2.0.7.RELEASE\spring-data-commons-2.0.7.RELEASE.jar;C:\Users\Maryna Savchenko\.m2\repository\org\springframework\boot\spring-boot-starter-actuator\2.0.2.RELEASE\spring-boot-starter-actuator-2.0.2.RELEASE.jar;C:\Users\Maryna Savchenko\.m2\repository\org\springframework\boot\spring-boot-actuator-autoconfigure\2.0.2.RELEASE\spring-boot-actuator-autoconfigure-2.0.2.RELEASE.jar;C:\Users\Maryna Savchenko\.m2\repository\org\springframework\boot\spring-boot-actuator\2.0.2.RELEASE\spring-boot-actuator-2.0.2.RELEASE.jar;C:\Users\Maryna Savchenko\.m2\repository\io\micrometer\micrometer-core\1.0.4\micrometer-core-1.0.4.jar;C:\Users\Maryna Savchenko\.m2\repository\org\hdrhistogram\HdrHistogram\2.1.10\HdrHistogram-2.1.10.jar;C:\Users\Maryna Savchenko\.m2\repository\org\latencyutils\LatencyUtils\2.0.3\LatencyUtils-2.0.3.jar;C:\Users\Maryna Savchenko\.m2\repository\org\springframework\boot\spring-boot-starter-security\2.0.2.RELEASE\spring-boot-starter-security-2.0.2.RELEASE.jar;C:\Users\Maryna Savchenko\.m2\repository\org\springframework\spring-aop\5.0.6.RELEASE\spring-aop-5.0.6.RELEASE.jar;C:\Users\Maryna Savchenko\.m2\repository\org\springframework\security\spring-security-config\5.0.5.RELEASE\spring-security-config-5.0.5.RELEASE.jar;C:\Users\Maryna Savchenko\.m2\repository\org\springframework\security\spring-security-web\5.0.5.RELEASE\spring-security-web-5.0.5.RELEASE.jar;C:\Users\Maryna Savchenko\.m2\repository\org\springframework\security\spring-security-test\5.0.5.RELEASE\spring-security-test-5.0.5.RELEASE.jar;C:\Users\Maryna Savchenko\.m2\repository\org\springframework\security\spring-security-core\5.0.5.RELEASE\spring-security-core-5.0.5.RELEASE.jar;C:\Users\Maryna Savchenko\.m2\repository\org\springframework\spring-core\5.0.6.RELEASE\spring-core-5.0.6.RELEASE.jar;C:\Users\Maryna Savchenko\.m2\repository\org\springframework\spring-jcl\5.0.6.RELEASE\spring-jcl-5.0.6.RELEASE.jar;C:\Users\Maryna Savchenko\.m2\repository\org\springframework\spring-test\5.0.6.RELEASE\spring-test-5.0.6.RELEASE.jar;C:\Users\Maryna Savchenko\.m2\repository\org\springframework\boot\spring-boot-devtools\2.0.2.RELEASE\spring-boot-devtools-2.0.2.RELEASE.jar;C:\Users\Maryna Savchenko\.m2\repository\org\springframework\boot\spring-boot\2.0.2.RELEASE\spring-boot-2.0.2.RELEASE.jar;C:\Users\Maryna Savchenko\.m2\repository\org\springframework\boot\spring-boot-autoconfigure\2.0.2.RELEASE\spring-boot-autoconfigure-2.0.2.RELEASE.jar;C:\Users\Maryna Savchenko\.m2\repository\org\springframework\boot\spring-boot-starter-test\2.0.2.RELEASE\spring-boot-starter-test-2.0.2.RELEASE.jar;C:\Users\Maryna Savchenko\.m2\repository\org\springframework\boot\spring-boot-test\2.0.2.RELEASE\spring-boot-test-2.0.2.RELEASE.jar;C:\Users\Maryna Savchenko\.m2\repository\org\springframework\boot\spring-boot-test-autoconfigure\2.0.2.RELEASE\spring-boot-test-autoconfigure-2.0.2.RELEASE.jar;C:\Users\Maryna Savchenko\.m2\repository\com\jayway\jsonpath\json-path\2.4.0\json-path-2.4.0.jar;C:\Users\Maryna Savchenko\.m2\repository\net\minidev\json-smart\2.3\json-smart-2.3.jar;C:\Users\Maryna Savchenko\.m2\repository\net\minidev\accessors-smart\1.2\accessors-smart-1.2.jar;C:\Users\Maryna Savchenko\.m2\repository\org\ow2\asm\asm\5.0.4\asm-5.0.4.jar;C:\Users\Maryna Savchenko\.m2\repository\org\assertj\assertj-core\3.9.1\assertj-core-3.9.1.jar;C:\Users\Maryna Savchenko\.m2\repository\org\mockito\mockito-core\2.15.0\mockito-core-2.15.0.jar;C:\Users\Maryna Savchenko\.m2\repository\net\bytebuddy\byte-buddy\1.7.11\byte-buddy-1.7.11.jar;C:\Users\Maryna Savchenko\.m2\repository\net\bytebuddy\byte-buddy-agent\1.7.11\byte-buddy-agent-1.7.11.jar;C:\Users\Maryna Savchenko\.m2\repository\org\objenesis\objenesis\2.6\objenesis-2.6.jar;C:\Users\Maryna Savchenko\.m2\repository\org\hamcrest\hamcrest-core\1.3\hamcrest-core-1.3.jar;C:\Users\Maryna Savchenko\.m2\repository\org\hamcrest\hamcrest-library\1.3\hamcrest-library-1.3.jar;C:\Users\Maryna Savchenko\.m2\repository\org\skyscreamer\jsonassert\1.5.0\jsonassert-1.5.0.jar;C:\Users\Maryna Savchenko\.m2\repository\com\vaadin\external\google\android-json\0.0.20131108.vaadin1\android-json-0.0.20131108.vaadin1.jar;C:\Users\Maryna Savchenko\.m2\repository\org\xmlunit\xmlunit-core\2.5.1\xmlunit-core-2.5.1.jar;C:\Users\Maryna Savchenko\.m2\repository\pl\pragmatists\JUnitParams\1.1.1\JUnitParams-1.1.1.jar;C:\Users\Maryna Savchenko\.m2\repository\org\apache\tomcat\embed\tomcat-embed-jasper\8.5.31\tomcat-embed-jasper-8.5.31.jar;C:\Users\Maryna Savchenko\.m2\repository\org\apache\tomcat\embed\tomcat-embed-core\8.5.31\tomcat-embed-core-8.5.31.jar;C:\Users\Maryna Savchenko\.m2\repository\org\apache\tomcat\tomcat-annotations-api\8.5.31\tomcat-annotations-api-8.5.31.jar;C:\Users\Maryna Savchenko\.m2\repository\org\apache\tomcat\embed\tomcat-embed-el\8.5.31\tomcat-embed-el-8.5.31.jar;C:\Users\Maryna Savchenko\.m2\repository\org\eclipse\jdt\ecj\3.12.3\ecj-3.12.3.jar;C:\Users\Maryna Savchenko\.m2\repository\junit\junit\4.12\junit-4.12.jar;C:\Users\Maryna Savchenko\.m2\repository\org\projectlombok\lombok\1.16.20\lombok-1.16.20.jar;C:\Users\Maryna Savchenko\.m2\repository\org\projectlombok\lombok-maven-plugin\1.16.20.0\lombok-maven-plugin-1.16.20.0.jar;C:\Users\Maryna Savchenko\.m2\repository\org\apache\commons\commons-lang3\3.7\commons-lang3-3.7.jar;C:\Users\Maryna Savchenko\.m2\repository\org\sonatype\plexus\plexus-build-api\0.0.7\plexus-build-api-0.0.7.jar;C:\Users\Maryna Savchenko\.m2\repository\org\codehaus\plexus\plexus-utils\1.5.8\plexus-utils-1.5.8.jar;, user.name=Maryna Savchenko, java.vm.specification.version=1.8, sun.java.command=C:\Users\MARYNA~1\AppData\Local\Temp\surefire1244754544745437156\surefirebooter7935569149334272143.jar C:\Users\Maryna Savchenko\AppData\Local\Temp\surefire1244754544745437156 2018-10-11T10-37-06_854-jvmRun1 surefire6084229711424990350tmp surefire_01445494788152468973tmp, java.home=C:\Program Files\Java\jdk1.8.0_131\jre, sun.arch.data.model=64, user.language=en, java.specification.vendor=Oracle Corporation, user.language.format=uk, awt.toolkit=sun.awt.windows.WToolkit, java.vm.info=mixed mode, java.version=1.8.0_131, java.ext.dirs=C:\Program Files\Java\jdk1.8.0_131\jre\lib\ext;C:\WINDOWS\Sun\Java\lib\ext, sun.boot.class.path=C:\Program Files\Java\jdk1.8.0_131\jre\lib\resources.jar;C:\Program Files\Java\jdk1.8.0_131\jre\lib\rt.jar;C:\Program Files\Java\jdk1.8.0_131\jre\lib\sunrsasign.jar;C:\Program Files\Java\jdk1.8.0_131\jre\lib\jsse.jar;C:\Program Files\Java\jdk1.8.0_131\jre\lib\jce.jar;C:\Program Files\Java\jdk1.8.0_131\jre\lib\charsets.jar;C:\Program Files\Java\jdk1.8.0_131\jre\lib\jfr.jar;C:\Program Files\Java\jdk1.8.0_131\jre\classes, java.awt.headless=true, java.vendor=Oracle Corporation, localRepository=C:\Users\Maryna Savchenko\.m2\repository, file.separator=\, java.vendor.url.bug=http://bugreport.sun.com/bugreport/, sun.io.unicode.encoding=UnicodeLittle, sun.cpu.endian=little, sun.desktop=windows, sun.cpu.isalist=amd64}}, SystemEnvironmentPropertySource@192393376 {name='systemEnvironment', properties={PATH=C:\Users\Maryna Savchenko\bin;C:\Program Files\Git\mingw64\bin;C:\Program Files\Git\usr\local\bin;C:\Program Files\Git\usr\bin;C:\Program Files\Git\usr\bin;C:\Program Files\Git\mingw64\bin;C:\Program Files\Git\usr\bin;C:\Users\Maryna Savchenko\bin;C:\Program Files\Docker\Docker\Resources\bin;C:\ProgramData\Oracle\Java\javapath;C:\Program Files (x86)\Intel\TXE Components\TCS;C:\Program Files\Intel\TXE Components\TCS;C:\WINDOWS\system32;C:\WINDOWS;C:\WINDOWS\System32\Wbem;C:\WINDOWS\System32\WindowsPowerShell\v1.0;C:\Program Files\Intel\TXE Components\DAL;C:\Program Files (x86)\Intel\TXE Components\DAL;C:\Program Files\Intel\TXE Components\IPT;C:\Program Files (x86)\Intel\TXE Components\IPT;E:\java\apache-maven-3.5.0-bin\apache-maven-3.5.0\bin;C:\Program Files\Git\cmd;C:\Program Files\Java\jdk1.8.0_131\bin;C:\Program Files\MySQL\MySQL Utilities 1.6;C:\Program Files (x86)\bin;C:\Program Files (x86)\sbt\bin;C:\Program Files (x86)\Yarn\bin;C:\ProgramData\chocolatey\bin;C:\Program Files\nodejs;C:\Users\Maryna Savchenko\AppData\Local\Microsoft\WindowsApps;E:\java\spark-2.2.0-bin-hadoop2.7\bin;C:\Program Files\Java\jdk1.8.0_131\bin;C:\Program Files (x86)\sbt\bin;C:\winutils\bin;C:\Program Files\Docker Toolbox;C:\Users\Maryna Savchenko\AppData\Local\Yarn\bin;C:\Users\Maryna Savchenko\AppData\Roaming\npm;C:\Program Files\Git\usr\bin\vendor_perl;C:\Program Files\Git\usr\bin\core_perl, USERDOMAIN_ROAMINGPROFILE=BigBrother, PKG_CONFIG_PATH=C:\Program Files\Git\mingw64\lib\pkgconfig;C:\Program Files\Git\mingw64\share\pkgconfig, MSYSTEM_PREFIX=C:/Program Files/Git/mingw64, PROCESSOR_LEVEL=6, SYSTEMDRIVE=C:, CONFIG_SITE=C:/Program Files/Git/mingw64/etc/config.site, FP_NO_HOST_CHECK=NO, POSTGIS_GDAL_ENABLED_DRIVERS=GTiff PNG JPEG GIF XYZ DTED USGSDEM AAIGrid, SESSIONNAME=Console, ALLUSERSPROFILE=C:\ProgramData, GDAL_DATA=C:\Program Files\PostgreSQL\9.6\gdal-data, PROCESSOR_ARCHITECTURE=AMD64, MSYSTEM_CHOST=x86_64-w64-mingw32, =E:=E:\java\repos\JavaTutorAPI\javatutor, ORIGINAL_TEMP=C:/Users/MARYNA~1/AppData/Local/Temp, PROGRAMFILES=C:\Program Files, POSTGIS_ENABLE_OUTDB_RASTERS=1, PSMODULEPATH=C:\WINDOWS\system32\WindowsPowerShell\v1.0\Modules\, PROGRAMDATA=C:\ProgramData, CHOCOLATEYLASTPATHUPDATE=?? ??? 24 11:36:27 2018, USERNAME=Maryna Savchenko, PWD=E:/java/repos/JavaTutorAPI/javatutor, INFOPATH=C:\Program Files\Git\usr\local\info;C:\Program Files\Git\usr\share\info;C:\Program Files\Git\usr\info;C:\Program Files\Git\share\info, FPS_BROWSER_USER_PROFILE_STRING=Default, ONEDRIVE=C:\Users\Maryna Savchenko\OneDrive, PATHEXT=.COM;.EXE;.BAT;.CMD;.VBS;.VBE;.JS;.JSE;.WSF;.WSH;.MSC, SHELL=C:\Program Files\Git\usr\bin\bash.exe, ORIGINAL_TMP=C:/Users/MARYNA~1/AppData/Local/Temp, OLDPWD=E:/java/repos/JavaTutorAPI/javatutor, TMPDIR=C:\Users\MARYNA~1\AppData\Local\Temp, WINDIR=C:\WINDOWS, SSH_ASKPASS=C:/Program Files/Git/mingw64/libexec/git-core/git-gui--askpass, HOMEPATH=\Users\Maryna Savchenko, PROCESSOR_IDENTIFIER=Intel64 Family 6 Model 76 Stepping 3, GenuineIntel, HADOOP_HOME=C:\winutils, M2_HOME=E:\java\apache-maven-3.5.0-bin\apache-maven-3.5.0, PUBLIC=C:\Users\Public, MINGW_CHOST=x86_64-w64-mingw32, =::=::\, EXEPATH=C:\Program Files\Git, SHLVL=1, LOCALAPPDATA=C:\Users\Maryna Savchenko\AppData\Local, ORIGINAL_PATH=C:\Program Files\Git\mingw64\bin;C:\Program Files\Git\usr\bin;C:\Users\Maryna Savchenko\bin;C:\Program Files\Docker\Docker\Resources\bin;C:\ProgramData\Oracle\Java\javapath;C:\Program Files (x86)\Intel\TXE Components\TCS;C:\Program Files\Intel\TXE Components\TCS;C:\WINDOWS\system32;C:\WINDOWS;C:\WINDOWS\System32\Wbem;C:\WINDOWS\System32\WindowsPowerShell\v1.0;C:\Program Files\Intel\TXE Components\DAL;C:\Program Files (x86)\Intel\TXE Components\DAL;C:\Program Files\Intel\TXE Components\IPT;C:\Program Files (x86)\Intel\TXE Components\IPT;E:\java\apache-maven-3.5.0-bin\apache-maven-3.5.0\bin;C:\Program Files\Git\cmd;C:\Program Files\Java\jdk1.8.0_131\bin;C:\Program Files\MySQL\MySQL Utilities 1.6;C:\Program Files (x86)\bin;C:\Program Files (x86)\sbt\bin;C:\Program Files (x86)\Yarn\bin;C:\ProgramData\chocolatey\bin;C:\Program Files\nodejs;C:\Users\Maryna Savchenko\AppData\Local\Microsoft\WindowsApps;E:\java\spark-2.2.0-bin-hadoop2.7\bin;C:\Program Files\Java\jdk1.8.0_131\bin;C:\Program Files (x86)\sbt\bin;C:\winutils\bin;C:\Program Files\Docker Toolbox;C:\Users\Maryna Savchenko\AppData\Local\Yarn\bin;C:\Users\Maryna Savchenko\AppData\Roaming\npm, MANPATH=C:\Program Files\Git\mingw64\share\man;C:\Program Files\Git\usr\local\man;C:\Program Files\Git\usr\share\man;C:\Program Files\Git\usr\man;C:\Program Files\Git\share\man, COMMONPROGRAMFILES(X86)=C:\Program Files (x86)\Common Files, MINGW_PACKAGE_PREFIX=mingw-w64-x86_64, USERDOMAIN=BigBrother, FPS_BROWSER_APP_PROFILE_STRING=Internet Explorer, LOGONSERVER=\\BIGBROTHER, JAVA_HOME=C:/Program Files/Java/jdk1.8.0_131, PLINK_PROTOCOL=ssh, PROMPT=$P$G, PROGRAMFILES(X86)=C:\Program Files (x86), TERM=xterm, LANG=en_US.UTF-8, MINGW_PREFIX=C:/Program Files/Git/mingw64, DISPLAY=needs-to-be-defined, MSYSTEM=MINGW64, APPDATA=C:\Users\Maryna Savchenko\AppData\Roaming, SPARK_HOME=E:\java\spark-2.2.0-bin-hadoop2.7, PROGRAMW6432=C:\Program Files, SYSTEMROOT=C:\WINDOWS, CHOCOLATEYINSTALL=C:\ProgramData\chocolatey, MAVEN_CMD_LINE_ARGS= test, SCALA_HOME=C:\Program Files (x86)\sbt, VBOX_MSI_INSTALL_PATH=C:\Program Files\Oracle\VirtualBox\, OS=Windows_NT, COMMONPROGRAMW6432=C:\Program Files\Common Files, COMPUTERNAME=BIGBROTHER, COMMONPROGRAMFILES=C:\Program Files\Common Files, COMSPEC=C:\WINDOWS\system32\cmd.exe, SBT_HOME=C:\Program Files (x86)\sbt\, MAVEN_PROJECTBASEDIR=E:/java/repos/JavaTutorAPI/javatutor, PROCESSOR_REVISION=4c03, ACLOCAL_PATH=C:\Program Files\Git\mingw64\share\aclocal;C:\Program Files\Git\usr\share\aclocal, MSYSTEM_CARCH=x86_64, PRINTER=Foxit Reader PDF Printer, TEMP=C:\Users\MARYNA~1\AppData\Local\Temp, HOSTNAME=BigBrother, HOMEDRIVE=C:, USERPROFILE=C:\Users\Maryna Savchenko, TMP=C:\Users\MARYNA~1\AppData\Local\Temp, NUMBER_OF_PROCESSORS=4, DOCKER_TOOLBOX_INSTALL_PATH=C:\Program Files\Docker Toolbox, HOME=C:\Users\Maryna Savchenko}}]
10:42:17,817 DEBUG org.springframework.test.context.support.TestPropertySourceUtils:244 - Adding inlined properties to environment: {spring.jmx.enabled=false, org.springframework.boot.test.context.SpringBootTestContextBootstrapper=true, server.port=-1}
10:42:17,817 DEBUG org.springframework.test.context.support.TestPropertySourceUtils:244 - Adding inlined properties to environment: {spring.jmx.enabled=false, org.springframework.boot.test.context.SpringBootTestContextBootstrapper=true, server.port=-1}
10:42:17,817 DEBUG org.springframework.core.env.StandardEnvironment:98 - Adding PropertySource 'Inlined Test Properties' with highest search precedence
10:42:17,817 DEBUG org.springframework.core.env.StandardEnvironment:98 - Adding PropertySource 'Inlined Test Properties' with highest search precedence
10:42:17,835 TRACE org.springframework.core.env.PropertySourcesPropertyResolver:82 - Searching for key 'spring.profiles.active' in PropertySource 'Inlined Test Properties'
10:42:17,835 TRACE org.springframework.core.env.PropertySourcesPropertyResolver:82 - Searching for key 'spring.profiles.active' in PropertySource 'Inlined Test Properties'
10:42:17,835 TRACE org.springframework.core.env.PropertySourcesPropertyResolver:82 - Searching for key 'spring.profiles.active' in PropertySource 'systemProperties'
10:42:17,835 TRACE org.springframework.core.env.PropertySourcesPropertyResolver:82 - Searching for key 'spring.profiles.active' in PropertySource 'systemProperties'
10:42:17,836 TRACE org.springframework.core.env.PropertySourcesPropertyResolver:82 - Searching for key 'spring.profiles.active' in PropertySource 'systemEnvironment'
10:42:17,836 TRACE org.springframework.core.env.PropertySourcesPropertyResolver:82 - Searching for key 'spring.profiles.active' in PropertySource 'systemEnvironment'
10:42:17,836 DEBUG org.springframework.core.env.PropertySourcesPropertyResolver:96 - Could not find key 'spring.profiles.active' in any property source
10:42:17,836 DEBUG org.springframework.core.env.PropertySourcesPropertyResolver:96 - Could not find key 'spring.profiles.active' in any property source
10:42:17,836 TRACE org.springframework.core.env.PropertySourcesPropertyResolver:82 - Searching for key 'spring.profiles.active' in PropertySource 'Inlined Test Properties'
10:42:17,836 TRACE org.springframework.core.env.PropertySourcesPropertyResolver:82 - Searching for key 'spring.profiles.active' in PropertySource 'Inlined Test Properties'
10:42:17,836 TRACE org.springframework.core.env.PropertySourcesPropertyResolver:82 - Searching for key 'spring.profiles.active' in PropertySource 'systemProperties'
10:42:17,836 TRACE org.springframework.core.env.PropertySourcesPropertyResolver:82 - Searching for key 'spring.profiles.active' in PropertySource 'systemProperties'
10:42:17,837 TRACE org.springframework.core.env.PropertySourcesPropertyResolver:82 - Searching for key 'spring.profiles.active' in PropertySource 'systemEnvironment'
10:42:17,837 TRACE org.springframework.core.env.PropertySourcesPropertyResolver:82 - Searching for key 'spring.profiles.active' in PropertySource 'systemEnvironment'
10:42:17,837 DEBUG org.springframework.core.env.PropertySourcesPropertyResolver:96 - Could not find key 'spring.profiles.active' in any property source
10:42:17,837 DEBUG org.springframework.core.env.PropertySourcesPropertyResolver:96 - Could not find key 'spring.profiles.active' in any property source
10:42:17,838 TRACE org.springframework.core.io.support.SpringFactoriesLoader:97 - Loaded [org.springframework.boot.env.EnvironmentPostProcessor] names: [org.springframework.boot.devtools.env.DevToolsHomePropertiesPostProcessor, org.springframework.boot.devtools.env.DevToolsPropertyDefaultsPostProcessor, org.springframework.boot.cloud.CloudFoundryVcapEnvironmentPostProcessor, org.springframework.boot.env.SpringApplicationJsonEnvironmentPostProcessor, org.springframework.boot.env.SystemEnvironmentPropertySourceEnvironmentPostProcessor]
10:42:17,838 TRACE org.springframework.core.io.support.SpringFactoriesLoader:97 - Loaded [org.springframework.boot.env.EnvironmentPostProcessor] names: [org.springframework.boot.devtools.env.DevToolsHomePropertiesPostProcessor, org.springframework.boot.devtools.env.DevToolsPropertyDefaultsPostProcessor, org.springframework.boot.cloud.CloudFoundryVcapEnvironmentPostProcessor, org.springframework.boot.env.SpringApplicationJsonEnvironmentPostProcessor, org.springframework.boot.env.SystemEnvironmentPropertySourceEnvironmentPostProcessor]
10:42:17,842 DEBUG org.springframework.core.env.StandardEnvironment:174 - Replacing PropertySource 'systemEnvironment' with 'systemEnvironment'
10:42:17,842 DEBUG org.springframework.core.env.StandardEnvironment:174 - Replacing PropertySource 'systemEnvironment' with 'systemEnvironment'
10:42:17,843 DEBUG org.springframework.core.env.StandardEnvironment:136 - Adding PropertySource 'random' with search precedence immediately lower than 'systemEnvironment'
10:42:17,843 DEBUG org.springframework.core.env.StandardEnvironment:136 - Adding PropertySource 'random' with search precedence immediately lower than 'systemEnvironment'
10:42:17,844 TRACE org.springframework.boot.env.RandomValuePropertySource:143 - RandomValuePropertySource add to Environment
10:42:17,844 TRACE org.springframework.boot.env.RandomValuePropertySource:143 - RandomValuePropertySource add to Environment
10:42:17,844 TRACE org.springframework.core.io.support.SpringFactoriesLoader:97 - Loaded [org.springframework.boot.env.PropertySourceLoader] names: [org.springframework.boot.env.PropertiesPropertySourceLoader, org.springframework.boot.env.YamlPropertySourceLoader]
10:42:17,844 TRACE org.springframework.core.io.support.SpringFactoriesLoader:97 - Loaded [org.springframework.boot.env.PropertySourceLoader] names: [org.springframework.boot.env.PropertiesPropertySourceLoader, org.springframework.boot.env.YamlPropertySourceLoader]
10:42:17,845 TRACE org.springframework.core.env.PropertySourcesPropertyResolver:82 - Searching for key 'spring.profiles.active' in PropertySource 'Inlined Test Properties'
10:42:17,845 TRACE org.springframework.core.env.PropertySourcesPropertyResolver:82 - Searching for key 'spring.profiles.active' in PropertySource 'Inlined Test Properties'
10:42:17,845 TRACE org.springframework.core.env.PropertySourcesPropertyResolver:82 - Searching for key 'spring.profiles.active' in PropertySource 'systemProperties'
10:42:17,845 TRACE org.springframework.core.env.PropertySourcesPropertyResolver:82 - Searching for key 'spring.profiles.active' in PropertySource 'systemProperties'
10:42:17,846 TRACE org.springframework.core.env.PropertySourcesPropertyResolver:82 - Searching for key 'spring.profiles.active' in PropertySource 'systemEnvironment'
10:42:17,846 TRACE org.springframework.core.env.PropertySourcesPropertyResolver:82 - Searching for key 'spring.profiles.active' in PropertySource 'systemEnvironment'
10:42:17,846 TRACE org.springframework.core.env.PropertySourcesPropertyResolver:82 - Searching for key 'spring.profiles.active' in PropertySource 'random'
10:42:17,846 TRACE org.springframework.core.env.PropertySourcesPropertyResolver:82 - Searching for key 'spring.profiles.active' in PropertySource 'random'
10:42:17,846 DEBUG org.springframework.core.env.PropertySourcesPropertyResolver:96 - Could not find key 'spring.profiles.active' in any property source
10:42:17,846 DEBUG org.springframework.core.env.PropertySourcesPropertyResolver:96 - Could not find key 'spring.profiles.active' in any property source
10:42:17,847 TRACE org.springframework.core.env.PropertySourcesPropertyResolver:82 - Searching for key 'spring.profiles.default' in PropertySource 'Inlined Test Properties'
10:42:17,847 TRACE org.springframework.core.env.PropertySourcesPropertyResolver:82 - Searching for key 'spring.profiles.default' in PropertySource 'Inlined Test Properties'
10:42:17,847 TRACE org.springframework.core.env.PropertySourcesPropertyResolver:82 - Searching for key 'spring.profiles.default' in PropertySource 'systemProperties'
10:42:17,847 TRACE org.springframework.core.env.PropertySourcesPropertyResolver:82 - Searching for key 'spring.profiles.default' in PropertySource 'systemProperties'
10:42:17,848 TRACE org.springframework.core.env.PropertySourcesPropertyResolver:82 - Searching for key 'spring.profiles.default' in PropertySource 'systemEnvironment'
10:42:17,848 TRACE org.springframework.core.env.PropertySourcesPropertyResolver:82 - Searching for key 'spring.profiles.default' in PropertySource 'systemEnvironment'
10:42:17,848 TRACE org.springframework.core.env.PropertySourcesPropertyResolver:82 - Searching for key 'spring.profiles.default' in PropertySource 'random'
10:42:17,848 TRACE org.springframework.core.env.PropertySourcesPropertyResolver:82 - Searching for key 'spring.profiles.default' in PropertySource 'random'
10:42:17,849 DEBUG org.springframework.core.env.PropertySourcesPropertyResolver:96 - Could not find key 'spring.profiles.default' in any property source
10:42:17,849 DEBUG org.springframework.core.env.PropertySourcesPropertyResolver:96 - Could not find key 'spring.profiles.default' in any property source
10:42:17,866 DEBUG org.springframework.core.env.MutablePropertySources:109 - Adding PropertySource 'applicationConfig: [classpath:/application.properties]' with lowest search precedence
10:42:17,866 DEBUG org.springframework.core.env.MutablePropertySources:109 - Adding PropertySource 'applicationConfig: [classpath:/application.properties]' with lowest search precedence
10:42:17,957 DEBUG org.springframework.core.env.StandardEnvironment:109 - Adding PropertySource 'applicationConfig: [classpath:/application.properties]' with lowest search precedence
10:42:17,957 DEBUG org.springframework.core.env.StandardEnvironment:109 - Adding PropertySource 'applicationConfig: [classpath:/application.properties]' with lowest search precedence
10:42:17,961 TRACE org.springframework.core.env.PropertySourcesPropertyResolver:82 - Searching for key 'spring.output.ansi.console-available' in PropertySource 'Inlined Test Properties'
10:42:17,961 TRACE org.springframework.core.env.PropertySourcesPropertyResolver:82 - Searching for key 'spring.output.ansi.console-available' in PropertySource 'Inlined Test Properties'
10:42:17,961 TRACE org.springframework.core.env.PropertySourcesPropertyResolver:82 - Searching for key 'spring.output.ansi.console-available' in PropertySource 'systemProperties'
10:42:17,961 TRACE org.springframework.core.env.PropertySourcesPropertyResolver:82 - Searching for key 'spring.output.ansi.console-available' in PropertySource 'systemProperties'
10:42:17,962 TRACE org.springframework.core.env.PropertySourcesPropertyResolver:82 - Searching for key 'spring.output.ansi.console-available' in PropertySource 'systemEnvironment'
10:42:17,962 TRACE org.springframework.core.env.PropertySourcesPropertyResolver:82 - Searching for key 'spring.output.ansi.console-available' in PropertySource 'systemEnvironment'
10:42:17,962 TRACE org.springframework.core.env.PropertySourcesPropertyResolver:82 - Searching for key 'spring.output.ansi.console-available' in PropertySource 'random'
10:42:17,962 TRACE org.springframework.core.env.PropertySourcesPropertyResolver:82 - Searching for key 'spring.output.ansi.console-available' in PropertySource 'random'
10:42:17,963 TRACE org.springframework.core.env.PropertySourcesPropertyResolver:82 - Searching for key 'spring.output.ansi.console-available' in PropertySource 'applicationConfig: [classpath:/application.properties]'
10:42:17,963 TRACE org.springframework.core.env.PropertySourcesPropertyResolver:82 - Searching for key 'spring.output.ansi.console-available' in PropertySource 'applicationConfig: [classpath:/application.properties]'
10:42:17,963 DEBUG org.springframework.core.env.PropertySourcesPropertyResolver:96 - Could not find key 'spring.output.ansi.console-available' in any property source
10:42:17,963 DEBUG org.springframework.core.env.PropertySourcesPropertyResolver:96 - Could not find key 'spring.output.ansi.console-available' in any property source
10:42:17,963 TRACE org.springframework.core.env.PropertySourcesPropertyResolver:82 - Searching for key 'logging.exception-conversion-word' in PropertySource 'Inlined Test Properties'
10:42:17,963 TRACE org.springframework.core.env.PropertySourcesPropertyResolver:82 - Searching for key 'logging.exception-conversion-word' in PropertySource 'Inlined Test Properties'
10:42:17,964 TRACE org.springframework.core.env.PropertySourcesPropertyResolver:82 - Searching for key 'logging.exception-conversion-word' in PropertySource 'systemProperties'
10:42:17,964 TRACE org.springframework.core.env.PropertySourcesPropertyResolver:82 - Searching for key 'logging.exception-conversion-word' in PropertySource 'systemProperties'
10:42:17,964 TRACE org.springframework.core.env.PropertySourcesPropertyResolver:82 - Searching for key 'logging.exception-conversion-word' in PropertySource 'systemEnvironment'
10:42:17,964 TRACE org.springframework.core.env.PropertySourcesPropertyResolver:82 - Searching for key 'logging.exception-conversion-word' in PropertySource 'systemEnvironment'
10:42:17,965 TRACE org.springframework.core.env.PropertySourcesPropertyResolver:82 - Searching for key 'logging.exception-conversion-word' in PropertySource 'random'
10:42:17,965 TRACE org.springframework.core.env.PropertySourcesPropertyResolver:82 - Searching for key 'logging.exception-conversion-word' in PropertySource 'random'
10:42:17,965 TRACE org.springframework.core.env.PropertySourcesPropertyResolver:82 - Searching for key 'logging.exception-conversion-word' in PropertySource 'applicationConfig: [classpath:/application.properties]'
10:42:17,965 TRACE org.springframework.core.env.PropertySourcesPropertyResolver:82 - Searching for key 'logging.exception-conversion-word' in PropertySource 'applicationConfig: [classpath:/application.properties]'
10:42:17,966 DEBUG org.springframework.core.env.PropertySourcesPropertyResolver:96 - Could not find key 'logging.exception-conversion-word' in any property source
10:42:17,966 DEBUG org.springframework.core.env.PropertySourcesPropertyResolver:96 - Could not find key 'logging.exception-conversion-word' in any property source
10:42:17,968 TRACE org.springframework.core.env.PropertySourcesPropertyResolver:82 - Searching for key 'logging.pattern.console' in PropertySource 'Inlined Test Properties'
10:42:17,968 TRACE org.springframework.core.env.PropertySourcesPropertyResolver:82 - Searching for key 'logging.pattern.console' in PropertySource 'Inlined Test Properties'
10:42:17,969 TRACE org.springframework.core.env.PropertySourcesPropertyResolver:82 - Searching for key 'logging.pattern.console' in PropertySource 'systemProperties'
10:42:17,969 TRACE org.springframework.core.env.PropertySourcesPropertyResolver:82 - Searching for key 'logging.pattern.console' in PropertySource 'systemProperties'
10:42:17,969 TRACE org.springframework.core.env.PropertySourcesPropertyResolver:82 - Searching for key 'logging.pattern.console' in PropertySource 'systemEnvironment'
10:42:17,969 TRACE org.springframework.core.env.PropertySourcesPropertyResolver:82 - Searching for key 'logging.pattern.console' in PropertySource 'systemEnvironment'
10:42:17,970 TRACE org.springframework.core.env.PropertySourcesPropertyResolver:82 - Searching for key 'logging.pattern.console' in PropertySource 'random'
10:42:17,970 TRACE org.springframework.core.env.PropertySourcesPropertyResolver:82 - Searching for key 'logging.pattern.console' in PropertySource 'random'
10:42:17,971 TRACE org.springframework.core.env.PropertySourcesPropertyResolver:82 - Searching for key 'logging.pattern.console' in PropertySource 'applicationConfig: [classpath:/application.properties]'
10:42:17,971 TRACE org.springframework.core.env.PropertySourcesPropertyResolver:82 - Searching for key 'logging.pattern.console' in PropertySource 'applicationConfig: [classpath:/application.properties]'
10:42:17,972 DEBUG org.springframework.core.env.PropertySourcesPropertyResolver:96 - Could not find key 'logging.pattern.console' in any property source
10:42:17,972 DEBUG org.springframework.core.env.PropertySourcesPropertyResolver:96 - Could not find key 'logging.pattern.console' in any property source
10:42:17,972 TRACE org.springframework.core.env.PropertySourcesPropertyResolver:82 - Searching for key 'logging.pattern.file' in PropertySource 'Inlined Test Properties'
10:42:17,972 TRACE org.springframework.core.env.PropertySourcesPropertyResolver:82 - Searching for key 'logging.pattern.file' in PropertySource 'Inlined Test Properties'
10:42:17,973 TRACE org.springframework.core.env.PropertySourcesPropertyResolver:82 - Searching for key 'logging.pattern.file' in PropertySource 'systemProperties'
10:42:17,973 TRACE org.springframework.core.env.PropertySourcesPropertyResolver:82 - Searching for key 'logging.pattern.file' in PropertySource 'systemProperties'
10:42:17,974 TRACE org.springframework.core.env.PropertySourcesPropertyResolver:82 - Searching for key 'logging.pattern.file' in PropertySource 'systemEnvironment'
10:42:17,974 TRACE org.springframework.core.env.PropertySourcesPropertyResolver:82 - Searching for key 'logging.pattern.file' in PropertySource 'systemEnvironment'
10:42:17,975 TRACE org.springframework.core.env.PropertySourcesPropertyResolver:82 - Searching for key 'logging.pattern.file' in PropertySource 'random'
10:42:17,975 TRACE org.springframework.core.env.PropertySourcesPropertyResolver:82 - Searching for key 'logging.pattern.file' in PropertySource 'random'
10:42:17,975 TRACE org.springframework.core.env.PropertySourcesPropertyResolver:82 - Searching for key 'logging.pattern.file' in PropertySource 'applicationConfig: [classpath:/application.properties]'
10:42:17,975 TRACE org.springframework.core.env.PropertySourcesPropertyResolver:82 - Searching for key 'logging.pattern.file' in PropertySource 'applicationConfig: [classpath:/application.properties]'
10:42:17,975 DEBUG org.springframework.core.env.PropertySourcesPropertyResolver:96 - Could not find key 'logging.pattern.file' in any property source
10:42:17,975 DEBUG org.springframework.core.env.PropertySourcesPropertyResolver:96 - Could not find key 'logging.pattern.file' in any property source
10:42:17,976 TRACE org.springframework.core.env.PropertySourcesPropertyResolver:82 - Searching for key 'logging.file.max-history' in PropertySource 'Inlined Test Properties'
10:42:17,976 TRACE org.springframework.core.env.PropertySourcesPropertyResolver:82 - Searching for key 'logging.file.max-history' in PropertySource 'Inlined Test Properties'
10:42:17,976 TRACE org.springframework.core.env.PropertySourcesPropertyResolver:82 - Searching for key 'logging.file.max-history' in PropertySource 'systemProperties'
10:42:17,976 TRACE org.springframework.core.env.PropertySourcesPropertyResolver:82 - Searching for key 'logging.file.max-history' in PropertySource 'systemProperties'
10:42:17,976 TRACE org.springframework.core.env.PropertySourcesPropertyResolver:82 - Searching for key 'logging.file.max-history' in PropertySource 'systemEnvironment'
10:42:17,976 TRACE org.springframework.core.env.PropertySourcesPropertyResolver:82 - Searching for key 'logging.file.max-history' in PropertySource 'systemEnvironment'
10:42:17,977 TRACE org.springframework.core.env.PropertySourcesPropertyResolver:82 - Searching for key 'logging.file.max-history' in PropertySource 'random'
10:42:17,977 TRACE org.springframework.core.env.PropertySourcesPropertyResolver:82 - Searching for key 'logging.file.max-history' in PropertySource 'random'
10:42:17,977 TRACE org.springframework.core.env.PropertySourcesPropertyResolver:82 - Searching for key 'logging.file.max-history' in PropertySource 'applicationConfig: [classpath:/application.properties]'
10:42:17,977 TRACE org.springframework.core.env.PropertySourcesPropertyResolver:82 - Searching for key 'logging.file.max-history' in PropertySource 'applicationConfig: [classpath:/application.properties]'
10:42:17,977 DEBUG org.springframework.core.env.PropertySourcesPropertyResolver:96 - Could not find key 'logging.file.max-history' in any property source
10:42:17,977 DEBUG org.springframework.core.env.PropertySourcesPropertyResolver:96 - Could not find key 'logging.file.max-history' in any property source
10:42:17,977 TRACE org.springframework.core.env.PropertySourcesPropertyResolver:82 - Searching for key 'logging.file.max-size' in PropertySource 'Inlined Test Properties'
10:42:17,977 TRACE org.springframework.core.env.PropertySourcesPropertyResolver:82 - Searching for key 'logging.file.max-size' in PropertySource 'Inlined Test Properties'
10:42:17,978 TRACE org.springframework.core.env.PropertySourcesPropertyResolver:82 - Searching for key 'logging.file.max-size' in PropertySource 'systemProperties'
10:42:17,978 TRACE org.springframework.core.env.PropertySourcesPropertyResolver:82 - Searching for key 'logging.file.max-size' in PropertySource 'systemProperties'
10:42:17,978 TRACE org.springframework.core.env.PropertySourcesPropertyResolver:82 - Searching for key 'logging.file.max-size' in PropertySource 'systemEnvironment'
10:42:17,978 TRACE org.springframework.core.env.PropertySourcesPropertyResolver:82 - Searching for key 'logging.file.max-size' in PropertySource 'systemEnvironment'
10:42:17,979 TRACE org.springframework.core.env.PropertySourcesPropertyResolver:82 - Searching for key 'logging.file.max-size' in PropertySource 'random'
10:42:17,979 TRACE org.springframework.core.env.PropertySourcesPropertyResolver:82 - Searching for key 'logging.file.max-size' in PropertySource 'random'
10:42:17,979 TRACE org.springframework.core.env.PropertySourcesPropertyResolver:82 - Searching for key 'logging.file.max-size' in PropertySource 'applicationConfig: [classpath:/application.properties]'
10:42:17,979 TRACE org.springframework.core.env.PropertySourcesPropertyResolver:82 - Searching for key 'logging.file.max-size' in PropertySource 'applicationConfig: [classpath:/application.properties]'
10:42:17,979 DEBUG org.springframework.core.env.PropertySourcesPropertyResolver:96 - Could not find key 'logging.file.max-size' in any property source
10:42:17,979 DEBUG org.springframework.core.env.PropertySourcesPropertyResolver:96 - Could not find key 'logging.file.max-size' in any property source
10:42:17,980 TRACE org.springframework.core.env.PropertySourcesPropertyResolver:82 - Searching for key 'logging.pattern.level' in PropertySource 'Inlined Test Properties'
10:42:17,980 TRACE org.springframework.core.env.PropertySourcesPropertyResolver:82 - Searching for key 'logging.pattern.level' in PropertySource 'Inlined Test Properties'
10:42:17,980 TRACE org.springframework.core.env.PropertySourcesPropertyResolver:82 - Searching for key 'logging.pattern.level' in PropertySource 'systemProperties'
10:42:17,980 TRACE org.springframework.core.env.PropertySourcesPropertyResolver:82 - Searching for key 'logging.pattern.level' in PropertySource 'systemProperties'
10:42:17,980 TRACE org.springframework.core.env.PropertySourcesPropertyResolver:82 - Searching for key 'logging.pattern.level' in PropertySource 'systemEnvironment'
10:42:17,980 TRACE org.springframework.core.env.PropertySourcesPropertyResolver:82 - Searching for key 'logging.pattern.level' in PropertySource 'systemEnvironment'
10:42:17,981 TRACE org.springframework.core.env.PropertySourcesPropertyResolver:82 - Searching for key 'logging.pattern.level' in PropertySource 'random'
10:42:17,981 TRACE org.springframework.core.env.PropertySourcesPropertyResolver:82 - Searching for key 'logging.pattern.level' in PropertySource 'random'
10:42:17,981 TRACE org.springframework.core.env.PropertySourcesPropertyResolver:82 - Searching for key 'logging.pattern.level' in PropertySource 'applicationConfig: [classpath:/application.properties]'
10:42:17,981 TRACE org.springframework.core.env.PropertySourcesPropertyResolver:82 - Searching for key 'logging.pattern.level' in PropertySource 'applicationConfig: [classpath:/application.properties]'
10:42:17,981 DEBUG org.springframework.core.env.PropertySourcesPropertyResolver:96 - Could not find key 'logging.pattern.level' in any property source
10:42:17,981 DEBUG org.springframework.core.env.PropertySourcesPropertyResolver:96 - Could not find key 'logging.pattern.level' in any property source
10:42:17,982 TRACE org.springframework.core.env.PropertySourcesPropertyResolver:82 - Searching for key 'logging.pattern.dateformat' in PropertySource 'Inlined Test Properties'
10:42:17,982 TRACE org.springframework.core.env.PropertySourcesPropertyResolver:82 - Searching for key 'logging.pattern.dateformat' in PropertySource 'Inlined Test Properties'
10:42:17,982 TRACE org.springframework.core.env.PropertySourcesPropertyResolver:82 - Searching for key 'logging.pattern.dateformat' in PropertySource 'systemProperties'
10:42:17,982 TRACE org.springframework.core.env.PropertySourcesPropertyResolver:82 - Searching for key 'logging.pattern.dateformat' in PropertySource 'systemProperties'
10:42:17,983 TRACE org.springframework.core.env.PropertySourcesPropertyResolver:82 - Searching for key 'logging.pattern.dateformat' in PropertySource 'systemEnvironment'
10:42:17,983 TRACE org.springframework.core.env.PropertySourcesPropertyResolver:82 - Searching for key 'logging.pattern.dateformat' in PropertySource 'systemEnvironment'
10:42:17,983 TRACE org.springframework.core.env.PropertySourcesPropertyResolver:82 - Searching for key 'logging.pattern.dateformat' in PropertySource 'random'
10:42:17,983 TRACE org.springframework.core.env.PropertySourcesPropertyResolver:82 - Searching for key 'logging.pattern.dateformat' in PropertySource 'random'
10:42:17,983 TRACE org.springframework.core.env.PropertySourcesPropertyResolver:82 - Searching for key 'logging.pattern.dateformat' in PropertySource 'applicationConfig: [classpath:/application.properties]'
10:42:17,983 TRACE org.springframework.core.env.PropertySourcesPropertyResolver:82 - Searching for key 'logging.pattern.dateformat' in PropertySource 'applicationConfig: [classpath:/application.properties]'
10:42:17,983 DEBUG org.springframework.core.env.PropertySourcesPropertyResolver:96 - Could not find key 'logging.pattern.dateformat' in any property source
10:42:17,983 DEBUG org.springframework.core.env.PropertySourcesPropertyResolver:96 - Could not find key 'logging.pattern.dateformat' in any property source
10:42:17,984 TRACE org.springframework.core.env.PropertySourcesPropertyResolver:82 - Searching for key 'logging.file' in PropertySource 'Inlined Test Properties'
10:42:17,984 TRACE org.springframework.core.env.PropertySourcesPropertyResolver:82 - Searching for key 'logging.file' in PropertySource 'Inlined Test Properties'
10:42:17,984 TRACE org.springframework.core.env.PropertySourcesPropertyResolver:82 - Searching for key 'logging.file' in PropertySource 'systemProperties'
10:42:17,984 TRACE org.springframework.core.env.PropertySourcesPropertyResolver:82 - Searching for key 'logging.file' in PropertySource 'systemProperties'
10:42:17,984 TRACE org.springframework.core.env.PropertySourcesPropertyResolver:82 - Searching for key 'logging.file' in PropertySource 'systemEnvironment'
10:42:17,984 TRACE org.springframework.core.env.PropertySourcesPropertyResolver:82 - Searching for key 'logging.file' in PropertySource 'systemEnvironment'
10:42:17,985 TRACE org.springframework.core.env.PropertySourcesPropertyResolver:82 - Searching for key 'logging.file' in PropertySource 'random'
10:42:17,985 TRACE org.springframework.core.env.PropertySourcesPropertyResolver:82 - Searching for key 'logging.file' in PropertySource 'random'
10:42:17,985 TRACE org.springframework.core.env.PropertySourcesPropertyResolver:82 - Searching for key 'logging.file' in PropertySource 'applicationConfig: [classpath:/application.properties]'
10:42:17,985 TRACE org.springframework.core.env.PropertySourcesPropertyResolver:82 - Searching for key 'logging.file' in PropertySource 'applicationConfig: [classpath:/application.properties]'
10:42:17,985 DEBUG org.springframework.core.env.PropertySourcesPropertyResolver:96 - Could not find key 'logging.file' in any property source
10:42:17,985 DEBUG org.springframework.core.env.PropertySourcesPropertyResolver:96 - Could not find key 'logging.file' in any property source
10:42:17,985 TRACE org.springframework.core.env.PropertySourcesPropertyResolver:82 - Searching for key 'logging.path' in PropertySource 'Inlined Test Properties'
10:42:17,985 TRACE org.springframework.core.env.PropertySourcesPropertyResolver:82 - Searching for key 'logging.path' in PropertySource 'Inlined Test Properties'
10:42:17,986 TRACE org.springframework.core.env.PropertySourcesPropertyResolver:82 - Searching for key 'logging.path' in PropertySource 'systemProperties'
10:42:17,986 TRACE org.springframework.core.env.PropertySourcesPropertyResolver:82 - Searching for key 'logging.path' in PropertySource 'systemProperties'
10:42:17,986 TRACE org.springframework.core.env.PropertySourcesPropertyResolver:82 - Searching for key 'logging.path' in PropertySource 'systemEnvironment'
10:42:17,986 TRACE org.springframework.core.env.PropertySourcesPropertyResolver:82 - Searching for key 'logging.path' in PropertySource 'systemEnvironment'
10:42:17,987 TRACE org.springframework.core.env.PropertySourcesPropertyResolver:82 - Searching for key 'logging.path' in PropertySource 'random'
10:42:17,987 TRACE org.springframework.core.env.PropertySourcesPropertyResolver:82 - Searching for key 'logging.path' in PropertySource 'random'
10:42:17,988 TRACE org.springframework.core.env.PropertySourcesPropertyResolver:82 - Searching for key 'logging.path' in PropertySource 'applicationConfig: [classpath:/application.properties]'
10:42:17,988 TRACE org.springframework.core.env.PropertySourcesPropertyResolver:82 - Searching for key 'logging.path' in PropertySource 'applicationConfig: [classpath:/application.properties]'
10:42:17,989 DEBUG org.springframework.core.env.PropertySourcesPropertyResolver:96 - Could not find key 'logging.path' in any property source
10:42:17,989 DEBUG org.springframework.core.env.PropertySourcesPropertyResolver:96 - Could not find key 'logging.path' in any property source
10:42:17,990 TRACE org.springframework.core.env.PropertySourcesPropertyResolver:82 - Searching for key 'debug' in PropertySource 'Inlined Test Properties'
10:42:17,990 TRACE org.springframework.core.env.PropertySourcesPropertyResolver:82 - Searching for key 'debug' in PropertySource 'Inlined Test Properties'
10:42:17,991 TRACE org.springframework.core.env.PropertySourcesPropertyResolver:82 - Searching for key 'debug' in PropertySource 'systemProperties'
10:42:17,991 TRACE org.springframework.core.env.PropertySourcesPropertyResolver:82 - Searching for key 'debug' in PropertySource 'systemProperties'
10:42:17,991 TRACE org.springframework.core.env.PropertySourcesPropertyResolver:82 - Searching for key 'debug' in PropertySource 'systemEnvironment'
10:42:17,991 TRACE org.springframework.core.env.PropertySourcesPropertyResolver:82 - Searching for key 'debug' in PropertySource 'systemEnvironment'
10:42:17,992 TRACE org.springframework.core.env.PropertySourcesPropertyResolver:82 - Searching for key 'debug' in PropertySource 'random'
10:42:17,992 TRACE org.springframework.core.env.PropertySourcesPropertyResolver:82 - Searching for key 'debug' in PropertySource 'random'
10:42:17,993 TRACE org.springframework.core.env.PropertySourcesPropertyResolver:82 - Searching for key 'debug' in PropertySource 'applicationConfig: [classpath:/application.properties]'
10:42:17,993 TRACE org.springframework.core.env.PropertySourcesPropertyResolver:82 - Searching for key 'debug' in PropertySource 'applicationConfig: [classpath:/application.properties]'
10:42:17,993 DEBUG org.springframework.core.env.PropertySourcesPropertyResolver:96 - Could not find key 'debug' in any property source
10:42:17,993 DEBUG org.springframework.core.env.PropertySourcesPropertyResolver:96 - Could not find key 'debug' in any property source
10:42:17,994 TRACE org.springframework.core.env.PropertySourcesPropertyResolver:82 - Searching for key 'trace' in PropertySource 'Inlined Test Properties'
10:42:17,994 TRACE org.springframework.core.env.PropertySourcesPropertyResolver:82 - Searching for key 'trace' in PropertySource 'Inlined Test Properties'
10:42:17,994 TRACE org.springframework.core.env.PropertySourcesPropertyResolver:82 - Searching for key 'trace' in PropertySource 'systemProperties'
10:42:17,994 TRACE org.springframework.core.env.PropertySourcesPropertyResolver:82 - Searching for key 'trace' in PropertySource 'systemProperties'
10:42:17,995 TRACE org.springframework.core.env.PropertySourcesPropertyResolver:82 - Searching for key 'trace' in PropertySource 'systemEnvironment'
10:42:17,995 TRACE org.springframework.core.env.PropertySourcesPropertyResolver:82 - Searching for key 'trace' in PropertySource 'systemEnvironment'
10:42:17,995 TRACE org.springframework.core.env.PropertySourcesPropertyResolver:82 - Searching for key 'trace' in PropertySource 'random'
10:42:17,995 TRACE org.springframework.core.env.PropertySourcesPropertyResolver:82 - Searching for key 'trace' in PropertySource 'random'
10:42:17,996 TRACE org.springframework.core.env.PropertySourcesPropertyResolver:82 - Searching for key 'trace' in PropertySource 'applicationConfig: [classpath:/application.properties]'
10:42:17,996 TRACE org.springframework.core.env.PropertySourcesPropertyResolver:82 - Searching for key 'trace' in PropertySource 'applicationConfig: [classpath:/application.properties]'
10:42:17,996 DEBUG org.springframework.core.env.PropertySourcesPropertyResolver:96 - Could not find key 'trace' in any property source
10:42:17,996 DEBUG org.springframework.core.env.PropertySourcesPropertyResolver:96 - Could not find key 'trace' in any property source
10:42:17,996 TRACE org.springframework.core.env.PropertySourcesPropertyResolver:82 - Searching for key 'logging.config' in PropertySource 'Inlined Test Properties'
10:42:17,996 TRACE org.springframework.core.env.PropertySourcesPropertyResolver:82 - Searching for key 'logging.config' in PropertySource 'Inlined Test Properties'
10:42:17,997 TRACE org.springframework.core.env.PropertySourcesPropertyResolver:82 - Searching for key 'logging.config' in PropertySource 'systemProperties'
10:42:17,997 TRACE org.springframework.core.env.PropertySourcesPropertyResolver:82 - Searching for key 'logging.config' in PropertySource 'systemProperties'
10:42:17,997 TRACE org.springframework.core.env.PropertySourcesPropertyResolver:82 - Searching for key 'logging.config' in PropertySource 'systemEnvironment'
10:42:17,997 TRACE org.springframework.core.env.PropertySourcesPropertyResolver:82 - Searching for key 'logging.config' in PropertySource 'systemEnvironment'
10:42:17,997 TRACE org.springframework.core.env.PropertySourcesPropertyResolver:82 - Searching for key 'logging.config' in PropertySource 'random'
10:42:17,997 TRACE org.springframework.core.env.PropertySourcesPropertyResolver:82 - Searching for key 'logging.config' in PropertySource 'random'
10:42:17,998 TRACE org.springframework.core.env.PropertySourcesPropertyResolver:82 - Searching for key 'logging.config' in PropertySource 'applicationConfig: [classpath:/application.properties]'
10:42:17,998 TRACE org.springframework.core.env.PropertySourcesPropertyResolver:82 - Searching for key 'logging.config' in PropertySource 'applicationConfig: [classpath:/application.properties]'
10:42:17,998 DEBUG org.springframework.core.env.PropertySourcesPropertyResolver:96 - Could not find key 'logging.config' in any property source
10:42:17,998 DEBUG org.springframework.core.env.PropertySourcesPropertyResolver:96 - Could not find key 'logging.config' in any property source
10:42:18,004 TRACE org.springframework.core.env.PropertySourcesPropertyResolver:82 - Searching for key 'logging.register-shutdown-hook' in PropertySource 'Inlined Test Properties'
10:42:18,004 TRACE org.springframework.core.env.PropertySourcesPropertyResolver:82 - Searching for key 'logging.register-shutdown-hook' in PropertySource 'Inlined Test Properties'
10:42:18,006 TRACE org.springframework.core.env.PropertySourcesPropertyResolver:82 - Searching for key 'logging.register-shutdown-hook' in PropertySource 'systemProperties'
10:42:18,006 TRACE org.springframework.core.env.PropertySourcesPropertyResolver:82 - Searching for key 'logging.register-shutdown-hook' in PropertySource 'systemProperties'
10:42:18,006 TRACE org.springframework.core.env.PropertySourcesPropertyResolver:82 - Searching for key 'logging.register-shutdown-hook' in PropertySource 'systemEnvironment'
10:42:18,006 TRACE org.springframework.core.env.PropertySourcesPropertyResolver:82 - Searching for key 'logging.register-shutdown-hook' in PropertySource 'systemEnvironment'
10:42:18,007 TRACE org.springframework.core.env.PropertySourcesPropertyResolver:82 - Searching for key 'logging.register-shutdown-hook' in PropertySource 'random'
10:42:18,007 TRACE org.springframework.core.env.PropertySourcesPropertyResolver:82 - Searching for key 'logging.register-shutdown-hook' in PropertySource 'random'
10:42:18,008 TRACE org.springframework.core.env.PropertySourcesPropertyResolver:82 - Searching for key 'logging.register-shutdown-hook' in PropertySource 'applicationConfig: [classpath:/application.properties]'
10:42:18,008 TRACE org.springframework.core.env.PropertySourcesPropertyResolver:82 - Searching for key 'logging.register-shutdown-hook' in PropertySource 'applicationConfig: [classpath:/application.properties]'
10:42:18,008 DEBUG org.springframework.core.env.PropertySourcesPropertyResolver:96 - Could not find key 'logging.register-shutdown-hook' in any property source
10:42:18,008 DEBUG org.springframework.core.env.PropertySourcesPropertyResolver:96 - Could not find key 'logging.register-shutdown-hook' in any property source
10:42:18,009 DEBUG org.springframework.boot.context.logging.ClasspathLoggingApplicationListener:53 - Application started with classpath: [file:/C:/Users/Maryna%20Savchenko/AppData/Local/Temp/surefire1244754544745437156/surefirebooter7935569149334272143.jar]
10:42:18,009 DEBUG org.springframework.boot.context.logging.ClasspathLoggingApplicationListener:53 - Application started with classpath: [file:/C:/Users/Maryna%20Savchenko/AppData/Local/Temp/surefire1244754544745437156/surefirebooter7935569149334272143.jar]
10:42:18,010 TRACE org.springframework.core.env.PropertySourcesPropertyResolver:82 - Searching for key 'context.listener.classes' in PropertySource 'Inlined Test Properties'
10:42:18,010 TRACE org.springframework.core.env.PropertySourcesPropertyResolver:82 - Searching for key 'context.listener.classes' in PropertySource 'Inlined Test Properties'
10:42:18,010 TRACE org.springframework.core.env.PropertySourcesPropertyResolver:82 - Searching for key 'context.listener.classes' in PropertySource 'systemProperties'
10:42:18,010 TRACE org.springframework.core.env.PropertySourcesPropertyResolver:82 - Searching for key 'context.listener.classes' in PropertySource 'systemProperties'
10:42:18,011 TRACE org.springframework.core.env.PropertySourcesPropertyResolver:82 - Searching for key 'context.listener.classes' in PropertySource 'systemEnvironment'
10:42:18,011 TRACE org.springframework.core.env.PropertySourcesPropertyResolver:82 - Searching for key 'context.listener.classes' in PropertySource 'systemEnvironment'
10:42:18,011 TRACE org.springframework.core.env.PropertySourcesPropertyResolver:82 - Searching for key 'context.listener.classes' in PropertySource 'random'
10:42:18,011 TRACE org.springframework.core.env.PropertySourcesPropertyResolver:82 - Searching for key 'context.listener.classes' in PropertySource 'random'
10:42:18,011 TRACE org.springframework.core.env.PropertySourcesPropertyResolver:82 - Searching for key 'context.listener.classes' in PropertySource 'applicationConfig: [classpath:/application.properties]'
10:42:18,011 TRACE org.springframework.core.env.PropertySourcesPropertyResolver:82 - Searching for key 'context.listener.classes' in PropertySource 'applicationConfig: [classpath:/application.properties]'
10:42:18,012 DEBUG org.springframework.core.env.PropertySourcesPropertyResolver:96 - Could not find key 'context.listener.classes' in any property source
10:42:18,012 DEBUG org.springframework.core.env.PropertySourcesPropertyResolver:96 - Could not find key 'context.listener.classes' in any property source
10:42:18,014 DEBUG org.springframework.core.env.StandardEnvironment:98 - Adding PropertySource 'configurationProperties' with highest search precedence
10:42:18,014 DEBUG org.springframework.core.env.StandardEnvironment:98 - Adding PropertySource 'configurationProperties' with highest search precedence
10:42:18,014 TRACE org.springframework.core.env.PropertySourcesPropertyResolver:82 - Searching for key 'spring.banner.image.location' in PropertySource 'configurationProperties'
10:42:18,014 TRACE org.springframework.core.env.PropertySourcesPropertyResolver:82 - Searching for key 'spring.banner.image.location' in PropertySource 'configurationProperties'
10:42:18,015 TRACE org.springframework.core.env.PropertySourcesPropertyResolver:82 - Searching for key 'spring.banner.image.location' in PropertySource 'Inlined Test Properties'
10:42:18,015 TRACE org.springframework.core.env.PropertySourcesPropertyResolver:82 - Searching for key 'spring.banner.image.location' in PropertySource 'Inlined Test Properties'
10:42:18,016 TRACE org.springframework.core.env.PropertySourcesPropertyResolver:82 - Searching for key 'spring.banner.image.location' in PropertySource 'systemProperties'
10:42:18,016 TRACE org.springframework.core.env.PropertySourcesPropertyResolver:82 - Searching for key 'spring.banner.image.location' in PropertySource 'systemProperties'
10:42:18,016 TRACE org.springframework.core.env.PropertySourcesPropertyResolver:82 - Searching for key 'spring.banner.image.location' in PropertySource 'systemEnvironment'
10:42:18,016 TRACE org.springframework.core.env.PropertySourcesPropertyResolver:82 - Searching for key 'spring.banner.image.location' in PropertySource 'systemEnvironment'
10:42:18,016 TRACE org.springframework.core.env.PropertySourcesPropertyResolver:82 - Searching for key 'spring.banner.image.location' in PropertySource 'random'
10:42:18,016 TRACE org.springframework.core.env.PropertySourcesPropertyResolver:82 - Searching for key 'spring.banner.image.location' in PropertySource 'random'
10:42:18,017 TRACE org.springframework.core.env.PropertySourcesPropertyResolver:82 - Searching for key 'spring.banner.image.location' in PropertySource 'applicationConfig: [classpath:/application.properties]'
10:42:18,017 TRACE org.springframework.core.env.PropertySourcesPropertyResolver:82 - Searching for key 'spring.banner.image.location' in PropertySource 'applicationConfig: [classpath:/application.properties]'
10:42:18,017 DEBUG org.springframework.core.env.PropertySourcesPropertyResolver:96 - Could not find key 'spring.banner.image.location' in any property source
10:42:18,017 DEBUG org.springframework.core.env.PropertySourcesPropertyResolver:96 - Could not find key 'spring.banner.image.location' in any property source
10:42:18,019 TRACE org.springframework.core.env.PropertySourcesPropertyResolver:82 - Searching for key 'spring.banner.location' in PropertySource 'configurationProperties'
10:42:18,019 TRACE org.springframework.core.env.PropertySourcesPropertyResolver:82 - Searching for key 'spring.banner.location' in PropertySource 'configurationProperties'
10:42:18,020 TRACE org.springframework.core.env.PropertySourcesPropertyResolver:82 - Searching for key 'spring.banner.location' in PropertySource 'Inlined Test Properties'
10:42:18,020 TRACE org.springframework.core.env.PropertySourcesPropertyResolver:82 - Searching for key 'spring.banner.location' in PropertySource 'Inlined Test Properties'
10:42:18,021 TRACE org.springframework.core.env.PropertySourcesPropertyResolver:82 - Searching for key 'spring.banner.location' in PropertySource 'systemProperties'
10:42:18,021 TRACE org.springframework.core.env.PropertySourcesPropertyResolver:82 - Searching for key 'spring.banner.location' in PropertySource 'systemProperties'
10:42:18,022 TRACE org.springframework.core.env.PropertySourcesPropertyResolver:82 - Searching for key 'spring.banner.location' in PropertySource 'systemEnvironment'
10:42:18,022 TRACE org.springframework.core.env.PropertySourcesPropertyResolver:82 - Searching for key 'spring.banner.location' in PropertySource 'systemEnvironment'
10:42:18,022 TRACE org.springframework.core.env.PropertySourcesPropertyResolver:82 - Searching for key 'spring.banner.location' in PropertySource 'random'
10:42:18,022 TRACE org.springframework.core.env.PropertySourcesPropertyResolver:82 - Searching for key 'spring.banner.location' in PropertySource 'random'
10:42:18,023 TRACE org.springframework.core.env.PropertySourcesPropertyResolver:82 - Searching for key 'spring.banner.location' in PropertySource 'applicationConfig: [classpath:/application.properties]'
10:42:18,023 TRACE org.springframework.core.env.PropertySourcesPropertyResolver:82 - Searching for key 'spring.banner.location' in PropertySource 'applicationConfig: [classpath:/application.properties]'
10:42:18,024 DEBUG org.springframework.core.env.PropertySourcesPropertyResolver:96 - Could not find key 'spring.banner.location' in any property source
10:42:18,024 DEBUG org.springframework.core.env.PropertySourcesPropertyResolver:96 - Could not find key 'spring.banner.location' in any property source

  .   ____          _            __ _ _
 /\\ / ___'_ __ _ _(_)_ __  __ _ \ \ \ \
( ( )\___ | '_ | '_| | '_ \/ _` | \ \ \ \
 \\/  ___)| |_)| | | | | || (_| |  ) ) ) )
  '  |____| .__|_| |_|_| |_\__, | / / / /
 =========|_|==============|___/=/_/_/_/
 :: Spring Boot ::        (v2.0.2.RELEASE)

10:42:18,026 DEBUG org.springframework.core.env.StandardEnvironment:109 - Adding PropertySource 'systemProperties' with lowest search precedence
10:42:18,026 DEBUG org.springframework.core.env.StandardEnvironment:109 - Adding PropertySource 'systemProperties' with lowest search precedence
10:42:18,026 DEBUG org.springframework.core.env.StandardEnvironment:109 - Adding PropertySource 'systemEnvironment' with lowest search precedence
10:42:18,026 DEBUG org.springframework.core.env.StandardEnvironment:109 - Adding PropertySource 'systemEnvironment' with lowest search precedence
10:42:18,028 DEBUG org.springframework.core.env.StandardEnvironment:125 - Initialized StandardEnvironment with PropertySources [MapPropertySource@449951543 {name='systemProperties', properties={java.runtime.name=Java(TM) SE Runtime Environment, sun.boot.library.path=C:\Program Files\Java\jdk1.8.0_131\jre\bin, java.vm.version=25.131-b11, user.country.format=UA, java.vm.vendor=Oracle Corporation, java.vendor.url=http://java.oracle.com/, path.separator=;, java.vm.name=Java HotSpot(TM) 64-Bit Server VM, file.encoding.pkg=sun.io, user.country=US, user.script=, sun.java.launcher=SUN_STANDARD, sun.os.patch.level=, PID=5372, java.vm.specification.name=Java Virtual Machine Specification, user.dir=E:\java\repos\JavaTutorAPI\javatutor, java.runtime.version=1.8.0_131-b11, basedir=E:\java\repos\JavaTutorAPI\javatutor, java.awt.graphicsenv=sun.awt.Win32GraphicsEnvironment, java.endorsed.dirs=C:\Program Files\Java\jdk1.8.0_131\jre\lib\endorsed, os.arch=amd64, surefire.real.class.path=C:\Users\MARYNA~1\AppData\Local\Temp\surefire1244754544745437156\surefirebooter7935569149334272143.jar, java.io.tmpdir=C:\Users\MARYNA~1\AppData\Local\Temp\, line.separator=
, java.vm.specification.vendor=Oracle Corporation, user.variant=, os.name=Windows 10, sun.jnu.encoding=Cp1252, spring.beaninfo.ignore=true, java.library.path=C:\Program Files\Java\jdk1.8.0_131\jre\bin;C:\WINDOWS\Sun\Java\bin;C:\WINDOWS\system32;C:\WINDOWS;C:\Users\Maryna Savchenko\bin;C:\Program Files\Git\mingw64\bin;C:\Program Files\Git\usr\local\bin;C:\Program Files\Git\usr\bin;C:\Program Files\Git\usr\bin;C:\Program Files\Git\mingw64\bin;C:\Program Files\Git\usr\bin;C:\Users\Maryna Savchenko\bin;C:\Program Files\Docker\Docker\Resources\bin;C:\ProgramData\Oracle\Java\javapath;C:\Program Files (x86)\Intel\TXE Components\TCS;C:\Program Files\Intel\TXE Components\TCS;C:\WINDOWS\system32;C:\WINDOWS;C:\WINDOWS\System32\Wbem;C:\WINDOWS\System32\WindowsPowerShell\v1.0;C:\Program Files\Intel\TXE Components\DAL;C:\Program Files (x86)\Intel\TXE Components\DAL;C:\Program Files\Intel\TXE Components\IPT;C:\Program Files (x86)\Intel\TXE Components\IPT;E:\java\apache-maven-3.5.0-bin\apache-maven-3.5.0\bin;C:\Program Files\Git\cmd;C:\Program Files\Java\jdk1.8.0_131\bin;C:\Program Files\MySQL\MySQL Utilities 1.6;C:\Program Files (x86)\bin;C:\Program Files (x86)\sbt\bin;C:\Program Files (x86)\Yarn\bin;C:\ProgramData\chocolatey\bin;C:\Program Files\nodejs;C:\Users\Maryna Savchenko\AppData\Local\Microsoft\WindowsApps;E:\java\spark-2.2.0-bin-hadoop2.7\bin;C:\Program Files\Java\jdk1.8.0_131\bin;C:\Program Files (x86)\sbt\bin;C:\winutils\bin;C:\Program Files\Docker Toolbox;C:\Users\Maryna Savchenko\AppData\Local\Yarn\bin;C:\Users\Maryna Savchenko\AppData\Roaming\npm;C:\Program Files\Git\usr\bin\vendor_perl;C:\Program Files\Git\usr\bin\core_perl;., surefire.test.class.path=E:\java\repos\JavaTutorAPI\javatutor\target\test-classes;E:\java\repos\JavaTutorAPI\javatutor\target\classes;C:\Users\Maryna Savchenko\.m2\repository\org\springframework\boot\spring-boot-starter-web\2.0.2.RELEASE\spring-boot-starter-web-2.0.2.RELEASE.jar;C:\Users\Maryna Savchenko\.m2\repository\org\springframework\boot\spring-boot-starter\2.0.2.RELEASE\spring-boot-starter-2.0.2.RELEASE.jar;C:\Users\Maryna Savchenko\.m2\repository\javax\annotation\javax.annotation-api\1.3.2\javax.annotation-api-1.3.2.jar;C:\Users\Maryna Savchenko\.m2\repository\org\yaml\snakeyaml\1.19\snakeyaml-1.19.jar;C:\Users\Maryna Savchenko\.m2\repository\org\springframework\boot\spring-boot-starter-json\2.0.2.RELEASE\spring-boot-starter-json-2.0.2.RELEASE.jar;C:\Users\Maryna Savchenko\.m2\repository\com\fasterxml\jackson\core\jackson-databind\2.9.5\jackson-databind-2.9.5.jar;C:\Users\Maryna Savchenko\.m2\repository\com\fasterxml\jackson\core\jackson-annotations\2.9.0\jackson-annotations-2.9.0.jar;C:\Users\Maryna Savchenko\.m2\repository\com\fasterxml\jackson\core\jackson-core\2.9.5\jackson-core-2.9.5.jar;C:\Users\Maryna Savchenko\.m2\repository\com\fasterxml\jackson\datatype\jackson-datatype-jdk8\2.9.5\jackson-datatype-jdk8-2.9.5.jar;C:\Users\Maryna Savchenko\.m2\repository\com\fasterxml\jackson\datatype\jackson-datatype-jsr310\2.9.5\jackson-datatype-jsr310-2.9.5.jar;C:\Users\Maryna Savchenko\.m2\repository\com\fasterxml\jackson\module\jackson-module-parameter-names\2.9.5\jackson-module-parameter-names-2.9.5.jar;C:\Users\Maryna Savchenko\.m2\repository\org\springframework\boot\spring-boot-starter-tomcat\2.0.2.RELEASE\spring-boot-starter-tomcat-2.0.2.RELEASE.jar;C:\Users\Maryna Savchenko\.m2\repository\org\apache\tomcat\embed\tomcat-embed-websocket\8.5.31\tomcat-embed-websocket-8.5.31.jar;C:\Users\Maryna Savchenko\.m2\repository\org\hibernate\validator\hibernate-validator\6.0.9.Final\hibernate-validator-6.0.9.Final.jar;C:\Users\Maryna Savchenko\.m2\repository\javax\validation\validation-api\2.0.1.Final\validation-api-2.0.1.Final.jar;C:\Users\Maryna Savchenko\.m2\repository\org\jboss\logging\jboss-logging\3.3.2.Final\jboss-logging-3.3.2.Final.jar;C:\Users\Maryna Savchenko\.m2\repository\com\fasterxml\classmate\1.3.4\classmate-1.3.4.jar;C:\Users\Maryna Savchenko\.m2\repository\org\springframework\spring-web\5.0.6.RELEASE\spring-web-5.0.6.RELEASE.jar;C:\Users\Maryna Savchenko\.m2\repository\org\springframework\spring-beans\5.0.6.RELEASE\spring-beans-5.0.6.RELEASE.jar;C:\Users\Maryna Savchenko\.m2\repository\org\springframework\spring-webmvc\5.0.6.RELEASE\spring-webmvc-5.0.6.RELEASE.jar;C:\Users\Maryna Savchenko\.m2\repository\org\springframework\spring-context\5.0.6.RELEASE\spring-context-5.0.6.RELEASE.jar;C:\Users\Maryna Savchenko\.m2\repository\org\springframework\spring-expression\5.0.6.RELEASE\spring-expression-5.0.6.RELEASE.jar;C:\Users\Maryna Savchenko\.m2\repository\org\slf4j\jcl-over-slf4j\1.7.25\jcl-over-slf4j-1.7.25.jar;C:\Users\Maryna Savchenko\.m2\repository\org\slf4j\slf4j-api\1.7.25\slf4j-api-1.7.25.jar;C:\Users\Maryna Savchenko\.m2\repository\org\slf4j\jul-to-slf4j\1.7.25\jul-to-slf4j-1.7.25.jar;C:\Users\Maryna Savchenko\.m2\repository\org\slf4j\slf4j-log4j12\1.7.25\slf4j-log4j12-1.7.25.jar;C:\Users\Maryna Savchenko\.m2\repository\log4j\log4j\1.2.17\log4j-1.2.17.jar;C:\Users\Maryna Savchenko\.m2\repository\org\springframework\boot\spring-boot-starter-data-mongodb\2.0.2.RELEASE\spring-boot-starter-data-mongodb-2.0.2.RELEASE.jar;C:\Users\Maryna Savchenko\.m2\repository\org\mongodb\mongodb-driver\3.6.0\mongodb-driver-3.6.0.jar;C:\Users\Maryna Savchenko\.m2\repository\org\mongodb\bson\3.6.0\bson-3.6.0.jar;C:\Users\Maryna Savchenko\.m2\repository\org\mongodb\mongodb-driver-core\3.6.0\mongodb-driver-core-3.6.0.jar;C:\Users\Maryna Savchenko\.m2\repository\org\springframework\data\spring-data-mongodb\2.0.7.RELEASE\spring-data-mongodb-2.0.7.RELEASE.jar;C:\Users\Maryna Savchenko\.m2\repository\org\springframework\spring-tx\5.0.6.RELEASE\spring-tx-5.0.6.RELEASE.jar;C:\Users\Maryna Savchenko\.m2\repository\org\springframework\data\spring-data-commons\2.0.7.RELEASE\spring-data-commons-2.0.7.RELEASE.jar;C:\Users\Maryna Savchenko\.m2\repository\org\springframework\boot\spring-boot-starter-actuator\2.0.2.RELEASE\spring-boot-starter-actuator-2.0.2.RELEASE.jar;C:\Users\Maryna Savchenko\.m2\repository\org\springframework\boot\spring-boot-actuator-autoconfigure\2.0.2.RELEASE\spring-boot-actuator-autoconfigure-2.0.2.RELEASE.jar;C:\Users\Maryna Savchenko\.m2\repository\org\springframework\boot\spring-boot-actuator\2.0.2.RELEASE\spring-boot-actuator-2.0.2.RELEASE.jar;C:\Users\Maryna Savchenko\.m2\repository\io\micrometer\micrometer-core\1.0.4\micrometer-core-1.0.4.jar;C:\Users\Maryna Savchenko\.m2\repository\org\hdrhistogram\HdrHistogram\2.1.10\HdrHistogram-2.1.10.jar;C:\Users\Maryna Savchenko\.m2\repository\org\latencyutils\LatencyUtils\2.0.3\LatencyUtils-2.0.3.jar;C:\Users\Maryna Savchenko\.m2\repository\org\springframework\boot\spring-boot-starter-security\2.0.2.RELEASE\spring-boot-starter-security-2.0.2.RELEASE.jar;C:\Users\Maryna Savchenko\.m2\repository\org\springframework\spring-aop\5.0.6.RELEASE\spring-aop-5.0.6.RELEASE.jar;C:\Users\Maryna Savchenko\.m2\repository\org\springframework\security\spring-security-config\5.0.5.RELEASE\spring-security-config-5.0.5.RELEASE.jar;C:\Users\Maryna Savchenko\.m2\repository\org\springframework\security\spring-security-web\5.0.5.RELEASE\spring-security-web-5.0.5.RELEASE.jar;C:\Users\Maryna Savchenko\.m2\repository\org\springframework\security\spring-security-test\5.0.5.RELEASE\spring-security-test-5.0.5.RELEASE.jar;C:\Users\Maryna Savchenko\.m2\repository\org\springframework\security\spring-security-core\5.0.5.RELEASE\spring-security-core-5.0.5.RELEASE.jar;C:\Users\Maryna Savchenko\.m2\repository\org\springframework\spring-core\5.0.6.RELEASE\spring-core-5.0.6.RELEASE.jar;C:\Users\Maryna Savchenko\.m2\repository\org\springframework\spring-jcl\5.0.6.RELEASE\spring-jcl-5.0.6.RELEASE.jar;C:\Users\Maryna Savchenko\.m2\repository\org\springframework\spring-test\5.0.6.RELEASE\spring-test-5.0.6.RELEASE.jar;C:\Users\Maryna Savchenko\.m2\repository\org\springframework\boot\spring-boot-devtools\2.0.2.RELEASE\spring-boot-devtools-2.0.2.RELEASE.jar;C:\Users\Maryna Savchenko\.m2\repository\org\springframework\boot\spring-boot\2.0.2.RELEASE\spring-boot-2.0.2.RELEASE.jar;C:\Users\Maryna Savchenko\.m2\repository\org\springframework\boot\spring-boot-autoconfigure\2.0.2.RELEASE\spring-boot-autoconfigure-2.0.2.RELEASE.jar;C:\Users\Maryna Savchenko\.m2\repository\org\springframework\boot\spring-boot-starter-test\2.0.2.RELEASE\spring-boot-starter-test-2.0.2.RELEASE.jar;C:\Users\Maryna Savchenko\.m2\repository\org\springframework\boot\spring-boot-test\2.0.2.RELEASE\spring-boot-test-2.0.2.RELEASE.jar;C:\Users\Maryna Savchenko\.m2\repository\org\springframework\boot\spring-boot-test-autoconfigure\2.0.2.RELEASE\spring-boot-test-autoconfigure-2.0.2.RELEASE.jar;C:\Users\Maryna Savchenko\.m2\repository\com\jayway\jsonpath\json-path\2.4.0\json-path-2.4.0.jar;C:\Users\Maryna Savchenko\.m2\repository\net\minidev\json-smart\2.3\json-smart-2.3.jar;C:\Users\Maryna Savchenko\.m2\repository\net\minidev\accessors-smart\1.2\accessors-smart-1.2.jar;C:\Users\Maryna Savchenko\.m2\repository\org\ow2\asm\asm\5.0.4\asm-5.0.4.jar;C:\Users\Maryna Savchenko\.m2\repository\org\assertj\assertj-core\3.9.1\assertj-core-3.9.1.jar;C:\Users\Maryna Savchenko\.m2\repository\org\mockito\mockito-core\2.15.0\mockito-core-2.15.0.jar;C:\Users\Maryna Savchenko\.m2\repository\net\bytebuddy\byte-buddy\1.7.11\byte-buddy-1.7.11.jar;C:\Users\Maryna Savchenko\.m2\repository\net\bytebuddy\byte-buddy-agent\1.7.11\byte-buddy-agent-1.7.11.jar;C:\Users\Maryna Savchenko\.m2\repository\org\objenesis\objenesis\2.6\objenesis-2.6.jar;C:\Users\Maryna Savchenko\.m2\repository\org\hamcrest\hamcrest-core\1.3\hamcrest-core-1.3.jar;C:\Users\Maryna Savchenko\.m2\repository\org\hamcrest\hamcrest-library\1.3\hamcrest-library-1.3.jar;C:\Users\Maryna Savchenko\.m2\repository\org\skyscreamer\jsonassert\1.5.0\jsonassert-1.5.0.jar;C:\Users\Maryna Savchenko\.m2\repository\com\vaadin\external\google\android-json\0.0.20131108.vaadin1\android-json-0.0.20131108.vaadin1.jar;C:\Users\Maryna Savchenko\.m2\repository\org\xmlunit\xmlunit-core\2.5.1\xmlunit-core-2.5.1.jar;C:\Users\Maryna Savchenko\.m2\repository\pl\pragmatists\JUnitParams\1.1.1\JUnitParams-1.1.1.jar;C:\Users\Maryna Savchenko\.m2\repository\org\apache\tomcat\embed\tomcat-embed-jasper\8.5.31\tomcat-embed-jasper-8.5.31.jar;C:\Users\Maryna Savchenko\.m2\repository\org\apache\tomcat\embed\tomcat-embed-core\8.5.31\tomcat-embed-core-8.5.31.jar;C:\Users\Maryna Savchenko\.m2\repository\org\apache\tomcat\tomcat-annotations-api\8.5.31\tomcat-annotations-api-8.5.31.jar;C:\Users\Maryna Savchenko\.m2\repository\org\apache\tomcat\embed\tomcat-embed-el\8.5.31\tomcat-embed-el-8.5.31.jar;C:\Users\Maryna Savchenko\.m2\repository\org\eclipse\jdt\ecj\3.12.3\ecj-3.12.3.jar;C:\Users\Maryna Savchenko\.m2\repository\junit\junit\4.12\junit-4.12.jar;C:\Users\Maryna Savchenko\.m2\repository\org\projectlombok\lombok\1.16.20\lombok-1.16.20.jar;C:\Users\Maryna Savchenko\.m2\repository\org\projectlombok\lombok-maven-plugin\1.16.20.0\lombok-maven-plugin-1.16.20.0.jar;C:\Users\Maryna Savchenko\.m2\repository\org\apache\commons\commons-lang3\3.7\commons-lang3-3.7.jar;C:\Users\Maryna Savchenko\.m2\repository\org\sonatype\plexus\plexus-build-api\0.0.7\plexus-build-api-0.0.7.jar;C:\Users\Maryna Savchenko\.m2\repository\org\codehaus\plexus\plexus-utils\1.5.8\plexus-utils-1.5.8.jar;, java.specification.name=Java Platform API Specification, java.class.version=52.0, sun.management.compiler=HotSpot 64-Bit Tiered Compilers, os.version=10.0, user.home=C:\Users\Maryna Savchenko, user.timezone=Europe/Belgrade, java.awt.printerjob=sun.awt.windows.WPrinterJob, file.encoding=Cp1252, java.specification.version=1.8, java.class.path=E:\java\repos\JavaTutorAPI\javatutor\target\test-classes;E:\java\repos\JavaTutorAPI\javatutor\target\classes;C:\Users\Maryna Savchenko\.m2\repository\org\springframework\boot\spring-boot-starter-web\2.0.2.RELEASE\spring-boot-starter-web-2.0.2.RELEASE.jar;C:\Users\Maryna Savchenko\.m2\repository\org\springframework\boot\spring-boot-starter\2.0.2.RELEASE\spring-boot-starter-2.0.2.RELEASE.jar;C:\Users\Maryna Savchenko\.m2\repository\javax\annotation\javax.annotation-api\1.3.2\javax.annotation-api-1.3.2.jar;C:\Users\Maryna Savchenko\.m2\repository\org\yaml\snakeyaml\1.19\snakeyaml-1.19.jar;C:\Users\Maryna Savchenko\.m2\repository\org\springframework\boot\spring-boot-starter-json\2.0.2.RELEASE\spring-boot-starter-json-2.0.2.RELEASE.jar;C:\Users\Maryna Savchenko\.m2\repository\com\fasterxml\jackson\core\jackson-databind\2.9.5\jackson-databind-2.9.5.jar;C:\Users\Maryna Savchenko\.m2\repository\com\fasterxml\jackson\core\jackson-annotations\2.9.0\jackson-annotations-2.9.0.jar;C:\Users\Maryna Savchenko\.m2\repository\com\fasterxml\jackson\core\jackson-core\2.9.5\jackson-core-2.9.5.jar;C:\Users\Maryna Savchenko\.m2\repository\com\fasterxml\jackson\datatype\jackson-datatype-jdk8\2.9.5\jackson-datatype-jdk8-2.9.5.jar;C:\Users\Maryna Savchenko\.m2\repository\com\fasterxml\jackson\datatype\jackson-datatype-jsr310\2.9.5\jackson-datatype-jsr310-2.9.5.jar;C:\Users\Maryna Savchenko\.m2\repository\com\fasterxml\jackson\module\jackson-module-parameter-names\2.9.5\jackson-module-parameter-names-2.9.5.jar;C:\Users\Maryna Savchenko\.m2\repository\org\springframework\boot\spring-boot-starter-tomcat\2.0.2.RELEASE\spring-boot-starter-tomcat-2.0.2.RELEASE.jar;C:\Users\Maryna Savchenko\.m2\repository\org\apache\tomcat\embed\tomcat-embed-websocket\8.5.31\tomcat-embed-websocket-8.5.31.jar;C:\Users\Maryna Savchenko\.m2\repository\org\hibernate\validator\hibernate-validator\6.0.9.Final\hibernate-validator-6.0.9.Final.jar;C:\Users\Maryna Savchenko\.m2\repository\javax\validation\validation-api\2.0.1.Final\validation-api-2.0.1.Final.jar;C:\Users\Maryna Savchenko\.m2\repository\org\jboss\logging\jboss-logging\3.3.2.Final\jboss-logging-3.3.2.Final.jar;C:\Users\Maryna Savchenko\.m2\repository\com\fasterxml\classmate\1.3.4\classmate-1.3.4.jar;C:\Users\Maryna Savchenko\.m2\repository\org\springframework\spring-web\5.0.6.RELEASE\spring-web-5.0.6.RELEASE.jar;C:\Users\Maryna Savchenko\.m2\repository\org\springframework\spring-beans\5.0.6.RELEASE\spring-beans-5.0.6.RELEASE.jar;C:\Users\Maryna Savchenko\.m2\repository\org\springframework\spring-webmvc\5.0.6.RELEASE\spring-webmvc-5.0.6.RELEASE.jar;C:\Users\Maryna Savchenko\.m2\repository\org\springframework\spring-context\5.0.6.RELEASE\spring-context-5.0.6.RELEASE.jar;C:\Users\Maryna Savchenko\.m2\repository\org\springframework\spring-expression\5.0.6.RELEASE\spring-expression-5.0.6.RELEASE.jar;C:\Users\Maryna Savchenko\.m2\repository\org\slf4j\jcl-over-slf4j\1.7.25\jcl-over-slf4j-1.7.25.jar;C:\Users\Maryna Savchenko\.m2\repository\org\slf4j\slf4j-api\1.7.25\slf4j-api-1.7.25.jar;C:\Users\Maryna Savchenko\.m2\repository\org\slf4j\jul-to-slf4j\1.7.25\jul-to-slf4j-1.7.25.jar;C:\Users\Maryna Savchenko\.m2\repository\org\slf4j\slf4j-log4j12\1.7.25\slf4j-log4j12-1.7.25.jar;C:\Users\Maryna Savchenko\.m2\repository\log4j\log4j\1.2.17\log4j-1.2.17.jar;C:\Users\Maryna Savchenko\.m2\repository\org\springframework\boot\spring-boot-starter-data-mongodb\2.0.2.RELEASE\spring-boot-starter-data-mongodb-2.0.2.RELEASE.jar;C:\Users\Maryna Savchenko\.m2\repository\org\mongodb\mongodb-driver\3.6.0\mongodb-driver-3.6.0.jar;C:\Users\Maryna Savchenko\.m2\repository\org\mongodb\bson\3.6.0\bson-3.6.0.jar;C:\Users\Maryna Savchenko\.m2\repository\org\mongodb\mongodb-driver-core\3.6.0\mongodb-driver-core-3.6.0.jar;C:\Users\Maryna Savchenko\.m2\repository\org\springframework\data\spring-data-mongodb\2.0.7.RELEASE\spring-data-mongodb-2.0.7.RELEASE.jar;C:\Users\Maryna Savchenko\.m2\repository\org\springframework\spring-tx\5.0.6.RELEASE\spring-tx-5.0.6.RELEASE.jar;C:\Users\Maryna Savchenko\.m2\repository\org\springframework\data\spring-data-commons\2.0.7.RELEASE\spring-data-commons-2.0.7.RELEASE.jar;C:\Users\Maryna Savchenko\.m2\repository\org\springframework\boot\spring-boot-starter-actuator\2.0.2.RELEASE\spring-boot-starter-actuator-2.0.2.RELEASE.jar;C:\Users\Maryna Savchenko\.m2\repository\org\springframework\boot\spring-boot-actuator-autoconfigure\2.0.2.RELEASE\spring-boot-actuator-autoconfigure-2.0.2.RELEASE.jar;C:\Users\Maryna Savchenko\.m2\repository\org\springframework\boot\spring-boot-actuator\2.0.2.RELEASE\spring-boot-actuator-2.0.2.RELEASE.jar;C:\Users\Maryna Savchenko\.m2\repository\io\micrometer\micrometer-core\1.0.4\micrometer-core-1.0.4.jar;C:\Users\Maryna Savchenko\.m2\repository\org\hdrhistogram\HdrHistogram\2.1.10\HdrHistogram-2.1.10.jar;C:\Users\Maryna Savchenko\.m2\repository\org\latencyutils\LatencyUtils\2.0.3\LatencyUtils-2.0.3.jar;C:\Users\Maryna Savchenko\.m2\repository\org\springframework\boot\spring-boot-starter-security\2.0.2.RELEASE\spring-boot-starter-security-2.0.2.RELEASE.jar;C:\Users\Maryna Savchenko\.m2\repository\org\springframework\spring-aop\5.0.6.RELEASE\spring-aop-5.0.6.RELEASE.jar;C:\Users\Maryna Savchenko\.m2\repository\org\springframework\security\spring-security-config\5.0.5.RELEASE\spring-security-config-5.0.5.RELEASE.jar;C:\Users\Maryna Savchenko\.m2\repository\org\springframework\security\spring-security-web\5.0.5.RELEASE\spring-security-web-5.0.5.RELEASE.jar;C:\Users\Maryna Savchenko\.m2\repository\org\springframework\security\spring-security-test\5.0.5.RELEASE\spring-security-test-5.0.5.RELEASE.jar;C:\Users\Maryna Savchenko\.m2\repository\org\springframework\security\spring-security-core\5.0.5.RELEASE\spring-security-core-5.0.5.RELEASE.jar;C:\Users\Maryna Savchenko\.m2\repository\org\springframework\spring-core\5.0.6.RELEASE\spring-core-5.0.6.RELEASE.jar;C:\Users\Maryna Savchenko\.m2\repository\org\springframework\spring-jcl\5.0.6.RELEASE\spring-jcl-5.0.6.RELEASE.jar;C:\Users\Maryna Savchenko\.m2\repository\org\springframework\spring-test\5.0.6.RELEASE\spring-test-5.0.6.RELEASE.jar;C:\Users\Maryna Savchenko\.m2\repository\org\springframework\boot\spring-boot-devtools\2.0.2.RELEASE\spring-boot-devtools-2.0.2.RELEASE.jar;C:\Users\Maryna Savchenko\.m2\repository\org\springframework\boot\spring-boot\2.0.2.RELEASE\spring-boot-2.0.2.RELEASE.jar;C:\Users\Maryna Savchenko\.m2\repository\org\springframework\boot\spring-boot-autoconfigure\2.0.2.RELEASE\spring-boot-autoconfigure-2.0.2.RELEASE.jar;C:\Users\Maryna Savchenko\.m2\repository\org\springframework\boot\spring-boot-starter-test\2.0.2.RELEASE\spring-boot-starter-test-2.0.2.RELEASE.jar;C:\Users\Maryna Savchenko\.m2\repository\org\springframework\boot\spring-boot-test\2.0.2.RELEASE\spring-boot-test-2.0.2.RELEASE.jar;C:\Users\Maryna Savchenko\.m2\repository\org\springframework\boot\spring-boot-test-autoconfigure\2.0.2.RELEASE\spring-boot-test-autoconfigure-2.0.2.RELEASE.jar;C:\Users\Maryna Savchenko\.m2\repository\com\jayway\jsonpath\json-path\2.4.0\json-path-2.4.0.jar;C:\Users\Maryna Savchenko\.m2\repository\net\minidev\json-smart\2.3\json-smart-2.3.jar;C:\Users\Maryna Savchenko\.m2\repository\net\minidev\accessors-smart\1.2\accessors-smart-1.2.jar;C:\Users\Maryna Savchenko\.m2\repository\org\ow2\asm\asm\5.0.4\asm-5.0.4.jar;C:\Users\Maryna Savchenko\.m2\repository\org\assertj\assertj-core\3.9.1\assertj-core-3.9.1.jar;C:\Users\Maryna Savchenko\.m2\repository\org\mockito\mockito-core\2.15.0\mockito-core-2.15.0.jar;C:\Users\Maryna Savchenko\.m2\repository\net\bytebuddy\byte-buddy\1.7.11\byte-buddy-1.7.11.jar;C:\Users\Maryna Savchenko\.m2\repository\net\bytebuddy\byte-buddy-agent\1.7.11\byte-buddy-agent-1.7.11.jar;C:\Users\Maryna Savchenko\.m2\repository\org\objenesis\objenesis\2.6\objenesis-2.6.jar;C:\Users\Maryna Savchenko\.m2\repository\org\hamcrest\hamcrest-core\1.3\hamcrest-core-1.3.jar;C:\Users\Maryna Savchenko\.m2\repository\org\hamcrest\hamcrest-library\1.3\hamcrest-library-1.3.jar;C:\Users\Maryna Savchenko\.m2\repository\org\skyscreamer\jsonassert\1.5.0\jsonassert-1.5.0.jar;C:\Users\Maryna Savchenko\.m2\repository\com\vaadin\external\google\android-json\0.0.20131108.vaadin1\android-json-0.0.20131108.vaadin1.jar;C:\Users\Maryna Savchenko\.m2\repository\org\xmlunit\xmlunit-core\2.5.1\xmlunit-core-2.5.1.jar;C:\Users\Maryna Savchenko\.m2\repository\pl\pragmatists\JUnitParams\1.1.1\JUnitParams-1.1.1.jar;C:\Users\Maryna Savchenko\.m2\repository\org\apache\tomcat\embed\tomcat-embed-jasper\8.5.31\tomcat-embed-jasper-8.5.31.jar;C:\Users\Maryna Savchenko\.m2\repository\org\apache\tomcat\embed\tomcat-embed-core\8.5.31\tomcat-embed-core-8.5.31.jar;C:\Users\Maryna Savchenko\.m2\repository\org\apache\tomcat\tomcat-annotations-api\8.5.31\tomcat-annotations-api-8.5.31.jar;C:\Users\Maryna Savchenko\.m2\repository\org\apache\tomcat\embed\tomcat-embed-el\8.5.31\tomcat-embed-el-8.5.31.jar;C:\Users\Maryna Savchenko\.m2\repository\org\eclipse\jdt\ecj\3.12.3\ecj-3.12.3.jar;C:\Users\Maryna Savchenko\.m2\repository\junit\junit\4.12\junit-4.12.jar;C:\Users\Maryna Savchenko\.m2\repository\org\projectlombok\lombok\1.16.20\lombok-1.16.20.jar;C:\Users\Maryna Savchenko\.m2\repository\org\projectlombok\lombok-maven-plugin\1.16.20.0\lombok-maven-plugin-1.16.20.0.jar;C:\Users\Maryna Savchenko\.m2\repository\org\apache\commons\commons-lang3\3.7\commons-lang3-3.7.jar;C:\Users\Maryna Savchenko\.m2\repository\org\sonatype\plexus\plexus-build-api\0.0.7\plexus-build-api-0.0.7.jar;C:\Users\Maryna Savchenko\.m2\repository\org\codehaus\plexus\plexus-utils\1.5.8\plexus-utils-1.5.8.jar;, user.name=Maryna Savchenko, java.vm.specification.version=1.8, sun.java.command=C:\Users\MARYNA~1\AppData\Local\Temp\surefire1244754544745437156\surefirebooter7935569149334272143.jar C:\Users\Maryna Savchenko\AppData\Local\Temp\surefire1244754544745437156 2018-10-11T10-37-06_854-jvmRun1 surefire6084229711424990350tmp surefire_01445494788152468973tmp, java.home=C:\Program Files\Java\jdk1.8.0_131\jre, sun.arch.data.model=64, user.language=en, java.specification.vendor=Oracle Corporation, user.language.format=uk, awt.toolkit=sun.awt.windows.WToolkit, java.vm.info=mixed mode, java.version=1.8.0_131, java.ext.dirs=C:\Program Files\Java\jdk1.8.0_131\jre\lib\ext;C:\WINDOWS\Sun\Java\lib\ext, sun.boot.class.path=C:\Program Files\Java\jdk1.8.0_131\jre\lib\resources.jar;C:\Program Files\Java\jdk1.8.0_131\jre\lib\rt.jar;C:\Program Files\Java\jdk1.8.0_131\jre\lib\sunrsasign.jar;C:\Program Files\Java\jdk1.8.0_131\jre\lib\jsse.jar;C:\Program Files\Java\jdk1.8.0_131\jre\lib\jce.jar;C:\Program Files\Java\jdk1.8.0_131\jre\lib\charsets.jar;C:\Program Files\Java\jdk1.8.0_131\jre\lib\jfr.jar;C:\Program Files\Java\jdk1.8.0_131\jre\classes, java.awt.headless=true, java.vendor=Oracle Corporation, localRepository=C:\Users\Maryna Savchenko\.m2\repository, file.separator=\, java.vendor.url.bug=http://bugreport.sun.com/bugreport/, sun.io.unicode.encoding=UnicodeLittle, sun.cpu.endian=little, sun.desktop=windows, sun.cpu.isalist=amd64}}, SystemEnvironmentPropertySource@875175812 {name='systemEnvironment', properties={PATH=C:\Users\Maryna Savchenko\bin;C:\Program Files\Git\mingw64\bin;C:\Program Files\Git\usr\local\bin;C:\Program Files\Git\usr\bin;C:\Program Files\Git\usr\bin;C:\Program Files\Git\mingw64\bin;C:\Program Files\Git\usr\bin;C:\Users\Maryna Savchenko\bin;C:\Program Files\Docker\Docker\Resources\bin;C:\ProgramData\Oracle\Java\javapath;C:\Program Files (x86)\Intel\TXE Components\TCS;C:\Program Files\Intel\TXE Components\TCS;C:\WINDOWS\system32;C:\WINDOWS;C:\WINDOWS\System32\Wbem;C:\WINDOWS\System32\WindowsPowerShell\v1.0;C:\Program Files\Intel\TXE Components\DAL;C:\Program Files (x86)\Intel\TXE Components\DAL;C:\Program Files\Intel\TXE Components\IPT;C:\Program Files (x86)\Intel\TXE Components\IPT;E:\java\apache-maven-3.5.0-bin\apache-maven-3.5.0\bin;C:\Program Files\Git\cmd;C:\Program Files\Java\jdk1.8.0_131\bin;C:\Program Files\MySQL\MySQL Utilities 1.6;C:\Program Files (x86)\bin;C:\Program Files (x86)\sbt\bin;C:\Program Files (x86)\Yarn\bin;C:\ProgramData\chocolatey\bin;C:\Program Files\nodejs;C:\Users\Maryna Savchenko\AppData\Local\Microsoft\WindowsApps;E:\java\spark-2.2.0-bin-hadoop2.7\bin;C:\Program Files\Java\jdk1.8.0_131\bin;C:\Program Files (x86)\sbt\bin;C:\winutils\bin;C:\Program Files\Docker Toolbox;C:\Users\Maryna Savchenko\AppData\Local\Yarn\bin;C:\Users\Maryna Savchenko\AppData\Roaming\npm;C:\Program Files\Git\usr\bin\vendor_perl;C:\Program Files\Git\usr\bin\core_perl, USERDOMAIN_ROAMINGPROFILE=BigBrother, PKG_CONFIG_PATH=C:\Program Files\Git\mingw64\lib\pkgconfig;C:\Program Files\Git\mingw64\share\pkgconfig, MSYSTEM_PREFIX=C:/Program Files/Git/mingw64, PROCESSOR_LEVEL=6, SYSTEMDRIVE=C:, CONFIG_SITE=C:/Program Files/Git/mingw64/etc/config.site, FP_NO_HOST_CHECK=NO, POSTGIS_GDAL_ENABLED_DRIVERS=GTiff PNG JPEG GIF XYZ DTED USGSDEM AAIGrid, SESSIONNAME=Console, ALLUSERSPROFILE=C:\ProgramData, GDAL_DATA=C:\Program Files\PostgreSQL\9.6\gdal-data, PROCESSOR_ARCHITECTURE=AMD64, MSYSTEM_CHOST=x86_64-w64-mingw32, =E:=E:\java\repos\JavaTutorAPI\javatutor, ORIGINAL_TEMP=C:/Users/MARYNA~1/AppData/Local/Temp, PROGRAMFILES=C:\Program Files, POSTGIS_ENABLE_OUTDB_RASTERS=1, PSMODULEPATH=C:\WINDOWS\system32\WindowsPowerShell\v1.0\Modules\, PROGRAMDATA=C:\ProgramData, CHOCOLATEYLASTPATHUPDATE=?? ??? 24 11:36:27 2018, USERNAME=Maryna Savchenko, PWD=E:/java/repos/JavaTutorAPI/javatutor, INFOPATH=C:\Program Files\Git\usr\local\info;C:\Program Files\Git\usr\share\info;C:\Program Files\Git\usr\info;C:\Program Files\Git\share\info, FPS_BROWSER_USER_PROFILE_STRING=Default, ONEDRIVE=C:\Users\Maryna Savchenko\OneDrive, PATHEXT=.COM;.EXE;.BAT;.CMD;.VBS;.VBE;.JS;.JSE;.WSF;.WSH;.MSC, SHELL=C:\Program Files\Git\usr\bin\bash.exe, ORIGINAL_TMP=C:/Users/MARYNA~1/AppData/Local/Temp, OLDPWD=E:/java/repos/JavaTutorAPI/javatutor, TMPDIR=C:\Users\MARYNA~1\AppData\Local\Temp, WINDIR=C:\WINDOWS, SSH_ASKPASS=C:/Program Files/Git/mingw64/libexec/git-core/git-gui--askpass, HOMEPATH=\Users\Maryna Savchenko, PROCESSOR_IDENTIFIER=Intel64 Family 6 Model 76 Stepping 3, GenuineIntel, HADOOP_HOME=C:\winutils, M2_HOME=E:\java\apache-maven-3.5.0-bin\apache-maven-3.5.0, PUBLIC=C:\Users\Public, MINGW_CHOST=x86_64-w64-mingw32, =::=::\, EXEPATH=C:\Program Files\Git, SHLVL=1, LOCALAPPDATA=C:\Users\Maryna Savchenko\AppData\Local, ORIGINAL_PATH=C:\Program Files\Git\mingw64\bin;C:\Program Files\Git\usr\bin;C:\Users\Maryna Savchenko\bin;C:\Program Files\Docker\Docker\Resources\bin;C:\ProgramData\Oracle\Java\javapath;C:\Program Files (x86)\Intel\TXE Components\TCS;C:\Program Files\Intel\TXE Components\TCS;C:\WINDOWS\system32;C:\WINDOWS;C:\WINDOWS\System32\Wbem;C:\WINDOWS\System32\WindowsPowerShell\v1.0;C:\Program Files\Intel\TXE Components\DAL;C:\Program Files (x86)\Intel\TXE Components\DAL;C:\Program Files\Intel\TXE Components\IPT;C:\Program Files (x86)\Intel\TXE Components\IPT;E:\java\apache-maven-3.5.0-bin\apache-maven-3.5.0\bin;C:\Program Files\Git\cmd;C:\Program Files\Java\jdk1.8.0_131\bin;C:\Program Files\MySQL\MySQL Utilities 1.6;C:\Program Files (x86)\bin;C:\Program Files (x86)\sbt\bin;C:\Program Files (x86)\Yarn\bin;C:\ProgramData\chocolatey\bin;C:\Program Files\nodejs;C:\Users\Maryna Savchenko\AppData\Local\Microsoft\WindowsApps;E:\java\spark-2.2.0-bin-hadoop2.7\bin;C:\Program Files\Java\jdk1.8.0_131\bin;C:\Program Files (x86)\sbt\bin;C:\winutils\bin;C:\Program Files\Docker Toolbox;C:\Users\Maryna Savchenko\AppData\Local\Yarn\bin;C:\Users\Maryna Savchenko\AppData\Roaming\npm, MANPATH=C:\Program Files\Git\mingw64\share\man;C:\Program Files\Git\usr\local\man;C:\Program Files\Git\usr\share\man;C:\Program Files\Git\usr\man;C:\Program Files\Git\share\man, COMMONPROGRAMFILES(X86)=C:\Program Files (x86)\Common Files, MINGW_PACKAGE_PREFIX=mingw-w64-x86_64, USERDOMAIN=BigBrother, FPS_BROWSER_APP_PROFILE_STRING=Internet Explorer, LOGONSERVER=\\BIGBROTHER, JAVA_HOME=C:/Program Files/Java/jdk1.8.0_131, PLINK_PROTOCOL=ssh, PROMPT=$P$G, PROGRAMFILES(X86)=C:\Program Files (x86), TERM=xterm, LANG=en_US.UTF-8, MINGW_PREFIX=C:/Program Files/Git/mingw64, DISPLAY=needs-to-be-defined, MSYSTEM=MINGW64, APPDATA=C:\Users\Maryna Savchenko\AppData\Roaming, SPARK_HOME=E:\java\spark-2.2.0-bin-hadoop2.7, PROGRAMW6432=C:\Program Files, SYSTEMROOT=C:\WINDOWS, CHOCOLATEYINSTALL=C:\ProgramData\chocolatey, MAVEN_CMD_LINE_ARGS= test, SCALA_HOME=C:\Program Files (x86)\sbt, VBOX_MSI_INSTALL_PATH=C:\Program Files\Oracle\VirtualBox\, OS=Windows_NT, COMMONPROGRAMW6432=C:\Program Files\Common Files, COMPUTERNAME=BIGBROTHER, COMMONPROGRAMFILES=C:\Program Files\Common Files, COMSPEC=C:\WINDOWS\system32\cmd.exe, SBT_HOME=C:\Program Files (x86)\sbt\, MAVEN_PROJECTBASEDIR=E:/java/repos/JavaTutorAPI/javatutor, PROCESSOR_REVISION=4c03, ACLOCAL_PATH=C:\Program Files\Git\mingw64\share\aclocal;C:\Program Files\Git\usr\share\aclocal, MSYSTEM_CARCH=x86_64, PRINTER=Foxit Reader PDF Printer, TEMP=C:\Users\MARYNA~1\AppData\Local\Temp, HOSTNAME=BigBrother, HOMEDRIVE=C:, USERPROFILE=C:\Users\Maryna Savchenko, TMP=C:\Users\MARYNA~1\AppData\Local\Temp, NUMBER_OF_PROCESSORS=4, DOCKER_TOOLBOX_INSTALL_PATH=C:\Program Files\Docker Toolbox, HOME=C:\Users\Maryna Savchenko}}]
10:42:18,028 DEBUG org.springframework.core.env.StandardEnvironment:125 - Initialized StandardEnvironment with PropertySources [MapPropertySource@449951543 {name='systemProperties', properties={java.runtime.name=Java(TM) SE Runtime Environment, sun.boot.library.path=C:\Program Files\Java\jdk1.8.0_131\jre\bin, java.vm.version=25.131-b11, user.country.format=UA, java.vm.vendor=Oracle Corporation, java.vendor.url=http://java.oracle.com/, path.separator=;, java.vm.name=Java HotSpot(TM) 64-Bit Server VM, file.encoding.pkg=sun.io, user.country=US, user.script=, sun.java.launcher=SUN_STANDARD, sun.os.patch.level=, PID=5372, java.vm.specification.name=Java Virtual Machine Specification, user.dir=E:\java\repos\JavaTutorAPI\javatutor, java.runtime.version=1.8.0_131-b11, basedir=E:\java\repos\JavaTutorAPI\javatutor, java.awt.graphicsenv=sun.awt.Win32GraphicsEnvironment, java.endorsed.dirs=C:\Program Files\Java\jdk1.8.0_131\jre\lib\endorsed, os.arch=amd64, surefire.real.class.path=C:\Users\MARYNA~1\AppData\Local\Temp\surefire1244754544745437156\surefirebooter7935569149334272143.jar, java.io.tmpdir=C:\Users\MARYNA~1\AppData\Local\Temp\, line.separator=
, java.vm.specification.vendor=Oracle Corporation, user.variant=, os.name=Windows 10, sun.jnu.encoding=Cp1252, spring.beaninfo.ignore=true, java.library.path=C:\Program Files\Java\jdk1.8.0_131\jre\bin;C:\WINDOWS\Sun\Java\bin;C:\WINDOWS\system32;C:\WINDOWS;C:\Users\Maryna Savchenko\bin;C:\Program Files\Git\mingw64\bin;C:\Program Files\Git\usr\local\bin;C:\Program Files\Git\usr\bin;C:\Program Files\Git\usr\bin;C:\Program Files\Git\mingw64\bin;C:\Program Files\Git\usr\bin;C:\Users\Maryna Savchenko\bin;C:\Program Files\Docker\Docker\Resources\bin;C:\ProgramData\Oracle\Java\javapath;C:\Program Files (x86)\Intel\TXE Components\TCS;C:\Program Files\Intel\TXE Components\TCS;C:\WINDOWS\system32;C:\WINDOWS;C:\WINDOWS\System32\Wbem;C:\WINDOWS\System32\WindowsPowerShell\v1.0;C:\Program Files\Intel\TXE Components\DAL;C:\Program Files (x86)\Intel\TXE Components\DAL;C:\Program Files\Intel\TXE Components\IPT;C:\Program Files (x86)\Intel\TXE Components\IPT;E:\java\apache-maven-3.5.0-bin\apache-maven-3.5.0\bin;C:\Program Files\Git\cmd;C:\Program Files\Java\jdk1.8.0_131\bin;C:\Program Files\MySQL\MySQL Utilities 1.6;C:\Program Files (x86)\bin;C:\Program Files (x86)\sbt\bin;C:\Program Files (x86)\Yarn\bin;C:\ProgramData\chocolatey\bin;C:\Program Files\nodejs;C:\Users\Maryna Savchenko\AppData\Local\Microsoft\WindowsApps;E:\java\spark-2.2.0-bin-hadoop2.7\bin;C:\Program Files\Java\jdk1.8.0_131\bin;C:\Program Files (x86)\sbt\bin;C:\winutils\bin;C:\Program Files\Docker Toolbox;C:\Users\Maryna Savchenko\AppData\Local\Yarn\bin;C:\Users\Maryna Savchenko\AppData\Roaming\npm;C:\Program Files\Git\usr\bin\vendor_perl;C:\Program Files\Git\usr\bin\core_perl;., surefire.test.class.path=E:\java\repos\JavaTutorAPI\javatutor\target\test-classes;E:\java\repos\JavaTutorAPI\javatutor\target\classes;C:\Users\Maryna Savchenko\.m2\repository\org\springframework\boot\spring-boot-starter-web\2.0.2.RELEASE\spring-boot-starter-web-2.0.2.RELEASE.jar;C:\Users\Maryna Savchenko\.m2\repository\org\springframework\boot\spring-boot-starter\2.0.2.RELEASE\spring-boot-starter-2.0.2.RELEASE.jar;C:\Users\Maryna Savchenko\.m2\repository\javax\annotation\javax.annotation-api\1.3.2\javax.annotation-api-1.3.2.jar;C:\Users\Maryna Savchenko\.m2\repository\org\yaml\snakeyaml\1.19\snakeyaml-1.19.jar;C:\Users\Maryna Savchenko\.m2\repository\org\springframework\boot\spring-boot-starter-json\2.0.2.RELEASE\spring-boot-starter-json-2.0.2.RELEASE.jar;C:\Users\Maryna Savchenko\.m2\repository\com\fasterxml\jackson\core\jackson-databind\2.9.5\jackson-databind-2.9.5.jar;C:\Users\Maryna Savchenko\.m2\repository\com\fasterxml\jackson\core\jackson-annotations\2.9.0\jackson-annotations-2.9.0.jar;C:\Users\Maryna Savchenko\.m2\repository\com\fasterxml\jackson\core\jackson-core\2.9.5\jackson-core-2.9.5.jar;C:\Users\Maryna Savchenko\.m2\repository\com\fasterxml\jackson\datatype\jackson-datatype-jdk8\2.9.5\jackson-datatype-jdk8-2.9.5.jar;C:\Users\Maryna Savchenko\.m2\repository\com\fasterxml\jackson\datatype\jackson-datatype-jsr310\2.9.5\jackson-datatype-jsr310-2.9.5.jar;C:\Users\Maryna Savchenko\.m2\repository\com\fasterxml\jackson\module\jackson-module-parameter-names\2.9.5\jackson-module-parameter-names-2.9.5.jar;C:\Users\Maryna Savchenko\.m2\repository\org\springframework\boot\spring-boot-starter-tomcat\2.0.2.RELEASE\spring-boot-starter-tomcat-2.0.2.RELEASE.jar;C:\Users\Maryna Savchenko\.m2\repository\org\apache\tomcat\embed\tomcat-embed-websocket\8.5.31\tomcat-embed-websocket-8.5.31.jar;C:\Users\Maryna Savchenko\.m2\repository\org\hibernate\validator\hibernate-validator\6.0.9.Final\hibernate-validator-6.0.9.Final.jar;C:\Users\Maryna Savchenko\.m2\repository\javax\validation\validation-api\2.0.1.Final\validation-api-2.0.1.Final.jar;C:\Users\Maryna Savchenko\.m2\repository\org\jboss\logging\jboss-logging\3.3.2.Final\jboss-logging-3.3.2.Final.jar;C:\Users\Maryna Savchenko\.m2\repository\com\fasterxml\classmate\1.3.4\classmate-1.3.4.jar;C:\Users\Maryna Savchenko\.m2\repository\org\springframework\spring-web\5.0.6.RELEASE\spring-web-5.0.6.RELEASE.jar;C:\Users\Maryna Savchenko\.m2\repository\org\springframework\spring-beans\5.0.6.RELEASE\spring-beans-5.0.6.RELEASE.jar;C:\Users\Maryna Savchenko\.m2\repository\org\springframework\spring-webmvc\5.0.6.RELEASE\spring-webmvc-5.0.6.RELEASE.jar;C:\Users\Maryna Savchenko\.m2\repository\org\springframework\spring-context\5.0.6.RELEASE\spring-context-5.0.6.RELEASE.jar;C:\Users\Maryna Savchenko\.m2\repository\org\springframework\spring-expression\5.0.6.RELEASE\spring-expression-5.0.6.RELEASE.jar;C:\Users\Maryna Savchenko\.m2\repository\org\slf4j\jcl-over-slf4j\1.7.25\jcl-over-slf4j-1.7.25.jar;C:\Users\Maryna Savchenko\.m2\repository\org\slf4j\slf4j-api\1.7.25\slf4j-api-1.7.25.jar;C:\Users\Maryna Savchenko\.m2\repository\org\slf4j\jul-to-slf4j\1.7.25\jul-to-slf4j-1.7.25.jar;C:\Users\Maryna Savchenko\.m2\repository\org\slf4j\slf4j-log4j12\1.7.25\slf4j-log4j12-1.7.25.jar;C:\Users\Maryna Savchenko\.m2\repository\log4j\log4j\1.2.17\log4j-1.2.17.jar;C:\Users\Maryna Savchenko\.m2\repository\org\springframework\boot\spring-boot-starter-data-mongodb\2.0.2.RELEASE\spring-boot-starter-data-mongodb-2.0.2.RELEASE.jar;C:\Users\Maryna Savchenko\.m2\repository\org\mongodb\mongodb-driver\3.6.0\mongodb-driver-3.6.0.jar;C:\Users\Maryna Savchenko\.m2\repository\org\mongodb\bson\3.6.0\bson-3.6.0.jar;C:\Users\Maryna Savchenko\.m2\repository\org\mongodb\mongodb-driver-core\3.6.0\mongodb-driver-core-3.6.0.jar;C:\Users\Maryna Savchenko\.m2\repository\org\springframework\data\spring-data-mongodb\2.0.7.RELEASE\spring-data-mongodb-2.0.7.RELEASE.jar;C:\Users\Maryna Savchenko\.m2\repository\org\springframework\spring-tx\5.0.6.RELEASE\spring-tx-5.0.6.RELEASE.jar;C:\Users\Maryna Savchenko\.m2\repository\org\springframework\data\spring-data-commons\2.0.7.RELEASE\spring-data-commons-2.0.7.RELEASE.jar;C:\Users\Maryna Savchenko\.m2\repository\org\springframework\boot\spring-boot-starter-actuator\2.0.2.RELEASE\spring-boot-starter-actuator-2.0.2.RELEASE.jar;C:\Users\Maryna Savchenko\.m2\repository\org\springframework\boot\spring-boot-actuator-autoconfigure\2.0.2.RELEASE\spring-boot-actuator-autoconfigure-2.0.2.RELEASE.jar;C:\Users\Maryna Savchenko\.m2\repository\org\springframework\boot\spring-boot-actuator\2.0.2.RELEASE\spring-boot-actuator-2.0.2.RELEASE.jar;C:\Users\Maryna Savchenko\.m2\repository\io\micrometer\micrometer-core\1.0.4\micrometer-core-1.0.4.jar;C:\Users\Maryna Savchenko\.m2\repository\org\hdrhistogram\HdrHistogram\2.1.10\HdrHistogram-2.1.10.jar;C:\Users\Maryna Savchenko\.m2\repository\org\latencyutils\LatencyUtils\2.0.3\LatencyUtils-2.0.3.jar;C:\Users\Maryna Savchenko\.m2\repository\org\springframework\boot\spring-boot-starter-security\2.0.2.RELEASE\spring-boot-starter-security-2.0.2.RELEASE.jar;C:\Users\Maryna Savchenko\.m2\repository\org\springframework\spring-aop\5.0.6.RELEASE\spring-aop-5.0.6.RELEASE.jar;C:\Users\Maryna Savchenko\.m2\repository\org\springframework\security\spring-security-config\5.0.5.RELEASE\spring-security-config-5.0.5.RELEASE.jar;C:\Users\Maryna Savchenko\.m2\repository\org\springframework\security\spring-security-web\5.0.5.RELEASE\spring-security-web-5.0.5.RELEASE.jar;C:\Users\Maryna Savchenko\.m2\repository\org\springframework\security\spring-security-test\5.0.5.RELEASE\spring-security-test-5.0.5.RELEASE.jar;C:\Users\Maryna Savchenko\.m2\repository\org\springframework\security\spring-security-core\5.0.5.RELEASE\spring-security-core-5.0.5.RELEASE.jar;C:\Users\Maryna Savchenko\.m2\repository\org\springframework\spring-core\5.0.6.RELEASE\spring-core-5.0.6.RELEASE.jar;C:\Users\Maryna Savchenko\.m2\repository\org\springframework\spring-jcl\5.0.6.RELEASE\spring-jcl-5.0.6.RELEASE.jar;C:\Users\Maryna Savchenko\.m2\repository\org\springframework\spring-test\5.0.6.RELEASE\spring-test-5.0.6.RELEASE.jar;C:\Users\Maryna Savchenko\.m2\repository\org\springframework\boot\spring-boot-devtools\2.0.2.RELEASE\spring-boot-devtools-2.0.2.RELEASE.jar;C:\Users\Maryna Savchenko\.m2\repository\org\springframework\boot\spring-boot\2.0.2.RELEASE\spring-boot-2.0.2.RELEASE.jar;C:\Users\Maryna Savchenko\.m2\repository\org\springframework\boot\spring-boot-autoconfigure\2.0.2.RELEASE\spring-boot-autoconfigure-2.0.2.RELEASE.jar;C:\Users\Maryna Savchenko\.m2\repository\org\springframework\boot\spring-boot-starter-test\2.0.2.RELEASE\spring-boot-starter-test-2.0.2.RELEASE.jar;C:\Users\Maryna Savchenko\.m2\repository\org\springframework\boot\spring-boot-test\2.0.2.RELEASE\spring-boot-test-2.0.2.RELEASE.jar;C:\Users\Maryna Savchenko\.m2\repository\org\springframework\boot\spring-boot-test-autoconfigure\2.0.2.RELEASE\spring-boot-test-autoconfigure-2.0.2.RELEASE.jar;C:\Users\Maryna Savchenko\.m2\repository\com\jayway\jsonpath\json-path\2.4.0\json-path-2.4.0.jar;C:\Users\Maryna Savchenko\.m2\repository\net\minidev\json-smart\2.3\json-smart-2.3.jar;C:\Users\Maryna Savchenko\.m2\repository\net\minidev\accessors-smart\1.2\accessors-smart-1.2.jar;C:\Users\Maryna Savchenko\.m2\repository\org\ow2\asm\asm\5.0.4\asm-5.0.4.jar;C:\Users\Maryna Savchenko\.m2\repository\org\assertj\assertj-core\3.9.1\assertj-core-3.9.1.jar;C:\Users\Maryna Savchenko\.m2\repository\org\mockito\mockito-core\2.15.0\mockito-core-2.15.0.jar;C:\Users\Maryna Savchenko\.m2\repository\net\bytebuddy\byte-buddy\1.7.11\byte-buddy-1.7.11.jar;C:\Users\Maryna Savchenko\.m2\repository\net\bytebuddy\byte-buddy-agent\1.7.11\byte-buddy-agent-1.7.11.jar;C:\Users\Maryna Savchenko\.m2\repository\org\objenesis\objenesis\2.6\objenesis-2.6.jar;C:\Users\Maryna Savchenko\.m2\repository\org\hamcrest\hamcrest-core\1.3\hamcrest-core-1.3.jar;C:\Users\Maryna Savchenko\.m2\repository\org\hamcrest\hamcrest-library\1.3\hamcrest-library-1.3.jar;C:\Users\Maryna Savchenko\.m2\repository\org\skyscreamer\jsonassert\1.5.0\jsonassert-1.5.0.jar;C:\Users\Maryna Savchenko\.m2\repository\com\vaadin\external\google\android-json\0.0.20131108.vaadin1\android-json-0.0.20131108.vaadin1.jar;C:\Users\Maryna Savchenko\.m2\repository\org\xmlunit\xmlunit-core\2.5.1\xmlunit-core-2.5.1.jar;C:\Users\Maryna Savchenko\.m2\repository\pl\pragmatists\JUnitParams\1.1.1\JUnitParams-1.1.1.jar;C:\Users\Maryna Savchenko\.m2\repository\org\apache\tomcat\embed\tomcat-embed-jasper\8.5.31\tomcat-embed-jasper-8.5.31.jar;C:\Users\Maryna Savchenko\.m2\repository\org\apache\tomcat\embed\tomcat-embed-core\8.5.31\tomcat-embed-core-8.5.31.jar;C:\Users\Maryna Savchenko\.m2\repository\org\apache\tomcat\tomcat-annotations-api\8.5.31\tomcat-annotations-api-8.5.31.jar;C:\Users\Maryna Savchenko\.m2\repository\org\apache\tomcat\embed\tomcat-embed-el\8.5.31\tomcat-embed-el-8.5.31.jar;C:\Users\Maryna Savchenko\.m2\repository\org\eclipse\jdt\ecj\3.12.3\ecj-3.12.3.jar;C:\Users\Maryna Savchenko\.m2\repository\junit\junit\4.12\junit-4.12.jar;C:\Users\Maryna Savchenko\.m2\repository\org\projectlombok\lombok\1.16.20\lombok-1.16.20.jar;C:\Users\Maryna Savchenko\.m2\repository\org\projectlombok\lombok-maven-plugin\1.16.20.0\lombok-maven-plugin-1.16.20.0.jar;C:\Users\Maryna Savchenko\.m2\repository\org\apache\commons\commons-lang3\3.7\commons-lang3-3.7.jar;C:\Users\Maryna Savchenko\.m2\repository\org\sonatype\plexus\plexus-build-api\0.0.7\plexus-build-api-0.0.7.jar;C:\Users\Maryna Savchenko\.m2\repository\org\codehaus\plexus\plexus-utils\1.5.8\plexus-utils-1.5.8.jar;, java.specification.name=Java Platform API Specification, java.class.version=52.0, sun.management.compiler=HotSpot 64-Bit Tiered Compilers, os.version=10.0, user.home=C:\Users\Maryna Savchenko, user.timezone=Europe/Belgrade, java.awt.printerjob=sun.awt.windows.WPrinterJob, file.encoding=Cp1252, java.specification.version=1.8, java.class.path=E:\java\repos\JavaTutorAPI\javatutor\target\test-classes;E:\java\repos\JavaTutorAPI\javatutor\target\classes;C:\Users\Maryna Savchenko\.m2\repository\org\springframework\boot\spring-boot-starter-web\2.0.2.RELEASE\spring-boot-starter-web-2.0.2.RELEASE.jar;C:\Users\Maryna Savchenko\.m2\repository\org\springframework\boot\spring-boot-starter\2.0.2.RELEASE\spring-boot-starter-2.0.2.RELEASE.jar;C:\Users\Maryna Savchenko\.m2\repository\javax\annotation\javax.annotation-api\1.3.2\javax.annotation-api-1.3.2.jar;C:\Users\Maryna Savchenko\.m2\repository\org\yaml\snakeyaml\1.19\snakeyaml-1.19.jar;C:\Users\Maryna Savchenko\.m2\repository\org\springframework\boot\spring-boot-starter-json\2.0.2.RELEASE\spring-boot-starter-json-2.0.2.RELEASE.jar;C:\Users\Maryna Savchenko\.m2\repository\com\fasterxml\jackson\core\jackson-databind\2.9.5\jackson-databind-2.9.5.jar;C:\Users\Maryna Savchenko\.m2\repository\com\fasterxml\jackson\core\jackson-annotations\2.9.0\jackson-annotations-2.9.0.jar;C:\Users\Maryna Savchenko\.m2\repository\com\fasterxml\jackson\core\jackson-core\2.9.5\jackson-core-2.9.5.jar;C:\Users\Maryna Savchenko\.m2\repository\com\fasterxml\jackson\datatype\jackson-datatype-jdk8\2.9.5\jackson-datatype-jdk8-2.9.5.jar;C:\Users\Maryna Savchenko\.m2\repository\com\fasterxml\jackson\datatype\jackson-datatype-jsr310\2.9.5\jackson-datatype-jsr310-2.9.5.jar;C:\Users\Maryna Savchenko\.m2\repository\com\fasterxml\jackson\module\jackson-module-parameter-names\2.9.5\jackson-module-parameter-names-2.9.5.jar;C:\Users\Maryna Savchenko\.m2\repository\org\springframework\boot\spring-boot-starter-tomcat\2.0.2.RELEASE\spring-boot-starter-tomcat-2.0.2.RELEASE.jar;C:\Users\Maryna Savchenko\.m2\repository\org\apache\tomcat\embed\tomcat-embed-websocket\8.5.31\tomcat-embed-websocket-8.5.31.jar;C:\Users\Maryna Savchenko\.m2\repository\org\hibernate\validator\hibernate-validator\6.0.9.Final\hibernate-validator-6.0.9.Final.jar;C:\Users\Maryna Savchenko\.m2\repository\javax\validation\validation-api\2.0.1.Final\validation-api-2.0.1.Final.jar;C:\Users\Maryna Savchenko\.m2\repository\org\jboss\logging\jboss-logging\3.3.2.Final\jboss-logging-3.3.2.Final.jar;C:\Users\Maryna Savchenko\.m2\repository\com\fasterxml\classmate\1.3.4\classmate-1.3.4.jar;C:\Users\Maryna Savchenko\.m2\repository\org\springframework\spring-web\5.0.6.RELEASE\spring-web-5.0.6.RELEASE.jar;C:\Users\Maryna Savchenko\.m2\repository\org\springframework\spring-beans\5.0.6.RELEASE\spring-beans-5.0.6.RELEASE.jar;C:\Users\Maryna Savchenko\.m2\repository\org\springframework\spring-webmvc\5.0.6.RELEASE\spring-webmvc-5.0.6.RELEASE.jar;C:\Users\Maryna Savchenko\.m2\repository\org\springframework\spring-context\5.0.6.RELEASE\spring-context-5.0.6.RELEASE.jar;C:\Users\Maryna Savchenko\.m2\repository\org\springframework\spring-expression\5.0.6.RELEASE\spring-expression-5.0.6.RELEASE.jar;C:\Users\Maryna Savchenko\.m2\repository\org\slf4j\jcl-over-slf4j\1.7.25\jcl-over-slf4j-1.7.25.jar;C:\Users\Maryna Savchenko\.m2\repository\org\slf4j\slf4j-api\1.7.25\slf4j-api-1.7.25.jar;C:\Users\Maryna Savchenko\.m2\repository\org\slf4j\jul-to-slf4j\1.7.25\jul-to-slf4j-1.7.25.jar;C:\Users\Maryna Savchenko\.m2\repository\org\slf4j\slf4j-log4j12\1.7.25\slf4j-log4j12-1.7.25.jar;C:\Users\Maryna Savchenko\.m2\repository\log4j\log4j\1.2.17\log4j-1.2.17.jar;C:\Users\Maryna Savchenko\.m2\repository\org\springframework\boot\spring-boot-starter-data-mongodb\2.0.2.RELEASE\spring-boot-starter-data-mongodb-2.0.2.RELEASE.jar;C:\Users\Maryna Savchenko\.m2\repository\org\mongodb\mongodb-driver\3.6.0\mongodb-driver-3.6.0.jar;C:\Users\Maryna Savchenko\.m2\repository\org\mongodb\bson\3.6.0\bson-3.6.0.jar;C:\Users\Maryna Savchenko\.m2\repository\org\mongodb\mongodb-driver-core\3.6.0\mongodb-driver-core-3.6.0.jar;C:\Users\Maryna Savchenko\.m2\repository\org\springframework\data\spring-data-mongodb\2.0.7.RELEASE\spring-data-mongodb-2.0.7.RELEASE.jar;C:\Users\Maryna Savchenko\.m2\repository\org\springframework\spring-tx\5.0.6.RELEASE\spring-tx-5.0.6.RELEASE.jar;C:\Users\Maryna Savchenko\.m2\repository\org\springframework\data\spring-data-commons\2.0.7.RELEASE\spring-data-commons-2.0.7.RELEASE.jar;C:\Users\Maryna Savchenko\.m2\repository\org\springframework\boot\spring-boot-starter-actuator\2.0.2.RELEASE\spring-boot-starter-actuator-2.0.2.RELEASE.jar;C:\Users\Maryna Savchenko\.m2\repository\org\springframework\boot\spring-boot-actuator-autoconfigure\2.0.2.RELEASE\spring-boot-actuator-autoconfigure-2.0.2.RELEASE.jar;C:\Users\Maryna Savchenko\.m2\repository\org\springframework\boot\spring-boot-actuator\2.0.2.RELEASE\spring-boot-actuator-2.0.2.RELEASE.jar;C:\Users\Maryna Savchenko\.m2\repository\io\micrometer\micrometer-core\1.0.4\micrometer-core-1.0.4.jar;C:\Users\Maryna Savchenko\.m2\repository\org\hdrhistogram\HdrHistogram\2.1.10\HdrHistogram-2.1.10.jar;C:\Users\Maryna Savchenko\.m2\repository\org\latencyutils\LatencyUtils\2.0.3\LatencyUtils-2.0.3.jar;C:\Users\Maryna Savchenko\.m2\repository\org\springframework\boot\spring-boot-starter-security\2.0.2.RELEASE\spring-boot-starter-security-2.0.2.RELEASE.jar;C:\Users\Maryna Savchenko\.m2\repository\org\springframework\spring-aop\5.0.6.RELEASE\spring-aop-5.0.6.RELEASE.jar;C:\Users\Maryna Savchenko\.m2\repository\org\springframework\security\spring-security-config\5.0.5.RELEASE\spring-security-config-5.0.5.RELEASE.jar;C:\Users\Maryna Savchenko\.m2\repository\org\springframework\security\spring-security-web\5.0.5.RELEASE\spring-security-web-5.0.5.RELEASE.jar;C:\Users\Maryna Savchenko\.m2\repository\org\springframework\security\spring-security-test\5.0.5.RELEASE\spring-security-test-5.0.5.RELEASE.jar;C:\Users\Maryna Savchenko\.m2\repository\org\springframework\security\spring-security-core\5.0.5.RELEASE\spring-security-core-5.0.5.RELEASE.jar;C:\Users\Maryna Savchenko\.m2\repository\org\springframework\spring-core\5.0.6.RELEASE\spring-core-5.0.6.RELEASE.jar;C:\Users\Maryna Savchenko\.m2\repository\org\springframework\spring-jcl\5.0.6.RELEASE\spring-jcl-5.0.6.RELEASE.jar;C:\Users\Maryna Savchenko\.m2\repository\org\springframework\spring-test\5.0.6.RELEASE\spring-test-5.0.6.RELEASE.jar;C:\Users\Maryna Savchenko\.m2\repository\org\springframework\boot\spring-boot-devtools\2.0.2.RELEASE\spring-boot-devtools-2.0.2.RELEASE.jar;C:\Users\Maryna Savchenko\.m2\repository\org\springframework\boot\spring-boot\2.0.2.RELEASE\spring-boot-2.0.2.RELEASE.jar;C:\Users\Maryna Savchenko\.m2\repository\org\springframework\boot\spring-boot-autoconfigure\2.0.2.RELEASE\spring-boot-autoconfigure-2.0.2.RELEASE.jar;C:\Users\Maryna Savchenko\.m2\repository\org\springframework\boot\spring-boot-starter-test\2.0.2.RELEASE\spring-boot-starter-test-2.0.2.RELEASE.jar;C:\Users\Maryna Savchenko\.m2\repository\org\springframework\boot\spring-boot-test\2.0.2.RELEASE\spring-boot-test-2.0.2.RELEASE.jar;C:\Users\Maryna Savchenko\.m2\repository\org\springframework\boot\spring-boot-test-autoconfigure\2.0.2.RELEASE\spring-boot-test-autoconfigure-2.0.2.RELEASE.jar;C:\Users\Maryna Savchenko\.m2\repository\com\jayway\jsonpath\json-path\2.4.0\json-path-2.4.0.jar;C:\Users\Maryna Savchenko\.m2\repository\net\minidev\json-smart\2.3\json-smart-2.3.jar;C:\Users\Maryna Savchenko\.m2\repository\net\minidev\accessors-smart\1.2\accessors-smart-1.2.jar;C:\Users\Maryna Savchenko\.m2\repository\org\ow2\asm\asm\5.0.4\asm-5.0.4.jar;C:\Users\Maryna Savchenko\.m2\repository\org\assertj\assertj-core\3.9.1\assertj-core-3.9.1.jar;C:\Users\Maryna Savchenko\.m2\repository\org\mockito\mockito-core\2.15.0\mockito-core-2.15.0.jar;C:\Users\Maryna Savchenko\.m2\repository\net\bytebuddy\byte-buddy\1.7.11\byte-buddy-1.7.11.jar;C:\Users\Maryna Savchenko\.m2\repository\net\bytebuddy\byte-buddy-agent\1.7.11\byte-buddy-agent-1.7.11.jar;C:\Users\Maryna Savchenko\.m2\repository\org\objenesis\objenesis\2.6\objenesis-2.6.jar;C:\Users\Maryna Savchenko\.m2\repository\org\hamcrest\hamcrest-core\1.3\hamcrest-core-1.3.jar;C:\Users\Maryna Savchenko\.m2\repository\org\hamcrest\hamcrest-library\1.3\hamcrest-library-1.3.jar;C:\Users\Maryna Savchenko\.m2\repository\org\skyscreamer\jsonassert\1.5.0\jsonassert-1.5.0.jar;C:\Users\Maryna Savchenko\.m2\repository\com\vaadin\external\google\android-json\0.0.20131108.vaadin1\android-json-0.0.20131108.vaadin1.jar;C:\Users\Maryna Savchenko\.m2\repository\org\xmlunit\xmlunit-core\2.5.1\xmlunit-core-2.5.1.jar;C:\Users\Maryna Savchenko\.m2\repository\pl\pragmatists\JUnitParams\1.1.1\JUnitParams-1.1.1.jar;C:\Users\Maryna Savchenko\.m2\repository\org\apache\tomcat\embed\tomcat-embed-jasper\8.5.31\tomcat-embed-jasper-8.5.31.jar;C:\Users\Maryna Savchenko\.m2\repository\org\apache\tomcat\embed\tomcat-embed-core\8.5.31\tomcat-embed-core-8.5.31.jar;C:\Users\Maryna Savchenko\.m2\repository\org\apache\tomcat\tomcat-annotations-api\8.5.31\tomcat-annotations-api-8.5.31.jar;C:\Users\Maryna Savchenko\.m2\repository\org\apache\tomcat\embed\tomcat-embed-el\8.5.31\tomcat-embed-el-8.5.31.jar;C:\Users\Maryna Savchenko\.m2\repository\org\eclipse\jdt\ecj\3.12.3\ecj-3.12.3.jar;C:\Users\Maryna Savchenko\.m2\repository\junit\junit\4.12\junit-4.12.jar;C:\Users\Maryna Savchenko\.m2\repository\org\projectlombok\lombok\1.16.20\lombok-1.16.20.jar;C:\Users\Maryna Savchenko\.m2\repository\org\projectlombok\lombok-maven-plugin\1.16.20.0\lombok-maven-plugin-1.16.20.0.jar;C:\Users\Maryna Savchenko\.m2\repository\org\apache\commons\commons-lang3\3.7\commons-lang3-3.7.jar;C:\Users\Maryna Savchenko\.m2\repository\org\sonatype\plexus\plexus-build-api\0.0.7\plexus-build-api-0.0.7.jar;C:\Users\Maryna Savchenko\.m2\repository\org\codehaus\plexus\plexus-utils\1.5.8\plexus-utils-1.5.8.jar;, user.name=Maryna Savchenko, java.vm.specification.version=1.8, sun.java.command=C:\Users\MARYNA~1\AppData\Local\Temp\surefire1244754544745437156\surefirebooter7935569149334272143.jar C:\Users\Maryna Savchenko\AppData\Local\Temp\surefire1244754544745437156 2018-10-11T10-37-06_854-jvmRun1 surefire6084229711424990350tmp surefire_01445494788152468973tmp, java.home=C:\Program Files\Java\jdk1.8.0_131\jre, sun.arch.data.model=64, user.language=en, java.specification.vendor=Oracle Corporation, user.language.format=uk, awt.toolkit=sun.awt.windows.WToolkit, java.vm.info=mixed mode, java.version=1.8.0_131, java.ext.dirs=C:\Program Files\Java\jdk1.8.0_131\jre\lib\ext;C:\WINDOWS\Sun\Java\lib\ext, sun.boot.class.path=C:\Program Files\Java\jdk1.8.0_131\jre\lib\resources.jar;C:\Program Files\Java\jdk1.8.0_131\jre\lib\rt.jar;C:\Program Files\Java\jdk1.8.0_131\jre\lib\sunrsasign.jar;C:\Program Files\Java\jdk1.8.0_131\jre\lib\jsse.jar;C:\Program Files\Java\jdk1.8.0_131\jre\lib\jce.jar;C:\Program Files\Java\jdk1.8.0_131\jre\lib\charsets.jar;C:\Program Files\Java\jdk1.8.0_131\jre\lib\jfr.jar;C:\Program Files\Java\jdk1.8.0_131\jre\classes, java.awt.headless=true, java.vendor=Oracle Corporation, localRepository=C:\Users\Maryna Savchenko\.m2\repository, file.separator=\, java.vendor.url.bug=http://bugreport.sun.com/bugreport/, sun.io.unicode.encoding=UnicodeLittle, sun.cpu.endian=little, sun.desktop=windows, sun.cpu.isalist=amd64}}, SystemEnvironmentPropertySource@875175812 {name='systemEnvironment', properties={PATH=C:\Users\Maryna Savchenko\bin;C:\Program Files\Git\mingw64\bin;C:\Program Files\Git\usr\local\bin;C:\Program Files\Git\usr\bin;C:\Program Files\Git\usr\bin;C:\Program Files\Git\mingw64\bin;C:\Program Files\Git\usr\bin;C:\Users\Maryna Savchenko\bin;C:\Program Files\Docker\Docker\Resources\bin;C:\ProgramData\Oracle\Java\javapath;C:\Program Files (x86)\Intel\TXE Components\TCS;C:\Program Files\Intel\TXE Components\TCS;C:\WINDOWS\system32;C:\WINDOWS;C:\WINDOWS\System32\Wbem;C:\WINDOWS\System32\WindowsPowerShell\v1.0;C:\Program Files\Intel\TXE Components\DAL;C:\Program Files (x86)\Intel\TXE Components\DAL;C:\Program Files\Intel\TXE Components\IPT;C:\Program Files (x86)\Intel\TXE Components\IPT;E:\java\apache-maven-3.5.0-bin\apache-maven-3.5.0\bin;C:\Program Files\Git\cmd;C:\Program Files\Java\jdk1.8.0_131\bin;C:\Program Files\MySQL\MySQL Utilities 1.6;C:\Program Files (x86)\bin;C:\Program Files (x86)\sbt\bin;C:\Program Files (x86)\Yarn\bin;C:\ProgramData\chocolatey\bin;C:\Program Files\nodejs;C:\Users\Maryna Savchenko\AppData\Local\Microsoft\WindowsApps;E:\java\spark-2.2.0-bin-hadoop2.7\bin;C:\Program Files\Java\jdk1.8.0_131\bin;C:\Program Files (x86)\sbt\bin;C:\winutils\bin;C:\Program Files\Docker Toolbox;C:\Users\Maryna Savchenko\AppData\Local\Yarn\bin;C:\Users\Maryna Savchenko\AppData\Roaming\npm;C:\Program Files\Git\usr\bin\vendor_perl;C:\Program Files\Git\usr\bin\core_perl, USERDOMAIN_ROAMINGPROFILE=BigBrother, PKG_CONFIG_PATH=C:\Program Files\Git\mingw64\lib\pkgconfig;C:\Program Files\Git\mingw64\share\pkgconfig, MSYSTEM_PREFIX=C:/Program Files/Git/mingw64, PROCESSOR_LEVEL=6, SYSTEMDRIVE=C:, CONFIG_SITE=C:/Program Files/Git/mingw64/etc/config.site, FP_NO_HOST_CHECK=NO, POSTGIS_GDAL_ENABLED_DRIVERS=GTiff PNG JPEG GIF XYZ DTED USGSDEM AAIGrid, SESSIONNAME=Console, ALLUSERSPROFILE=C:\ProgramData, GDAL_DATA=C:\Program Files\PostgreSQL\9.6\gdal-data, PROCESSOR_ARCHITECTURE=AMD64, MSYSTEM_CHOST=x86_64-w64-mingw32, =E:=E:\java\repos\JavaTutorAPI\javatutor, ORIGINAL_TEMP=C:/Users/MARYNA~1/AppData/Local/Temp, PROGRAMFILES=C:\Program Files, POSTGIS_ENABLE_OUTDB_RASTERS=1, PSMODULEPATH=C:\WINDOWS\system32\WindowsPowerShell\v1.0\Modules\, PROGRAMDATA=C:\ProgramData, CHOCOLATEYLASTPATHUPDATE=?? ??? 24 11:36:27 2018, USERNAME=Maryna Savchenko, PWD=E:/java/repos/JavaTutorAPI/javatutor, INFOPATH=C:\Program Files\Git\usr\local\info;C:\Program Files\Git\usr\share\info;C:\Program Files\Git\usr\info;C:\Program Files\Git\share\info, FPS_BROWSER_USER_PROFILE_STRING=Default, ONEDRIVE=C:\Users\Maryna Savchenko\OneDrive, PATHEXT=.COM;.EXE;.BAT;.CMD;.VBS;.VBE;.JS;.JSE;.WSF;.WSH;.MSC, SHELL=C:\Program Files\Git\usr\bin\bash.exe, ORIGINAL_TMP=C:/Users/MARYNA~1/AppData/Local/Temp, OLDPWD=E:/java/repos/JavaTutorAPI/javatutor, TMPDIR=C:\Users\MARYNA~1\AppData\Local\Temp, WINDIR=C:\WINDOWS, SSH_ASKPASS=C:/Program Files/Git/mingw64/libexec/git-core/git-gui--askpass, HOMEPATH=\Users\Maryna Savchenko, PROCESSOR_IDENTIFIER=Intel64 Family 6 Model 76 Stepping 3, GenuineIntel, HADOOP_HOME=C:\winutils, M2_HOME=E:\java\apache-maven-3.5.0-bin\apache-maven-3.5.0, PUBLIC=C:\Users\Public, MINGW_CHOST=x86_64-w64-mingw32, =::=::\, EXEPATH=C:\Program Files\Git, SHLVL=1, LOCALAPPDATA=C:\Users\Maryna Savchenko\AppData\Local, ORIGINAL_PATH=C:\Program Files\Git\mingw64\bin;C:\Program Files\Git\usr\bin;C:\Users\Maryna Savchenko\bin;C:\Program Files\Docker\Docker\Resources\bin;C:\ProgramData\Oracle\Java\javapath;C:\Program Files (x86)\Intel\TXE Components\TCS;C:\Program Files\Intel\TXE Components\TCS;C:\WINDOWS\system32;C:\WINDOWS;C:\WINDOWS\System32\Wbem;C:\WINDOWS\System32\WindowsPowerShell\v1.0;C:\Program Files\Intel\TXE Components\DAL;C:\Program Files (x86)\Intel\TXE Components\DAL;C:\Program Files\Intel\TXE Components\IPT;C:\Program Files (x86)\Intel\TXE Components\IPT;E:\java\apache-maven-3.5.0-bin\apache-maven-3.5.0\bin;C:\Program Files\Git\cmd;C:\Program Files\Java\jdk1.8.0_131\bin;C:\Program Files\MySQL\MySQL Utilities 1.6;C:\Program Files (x86)\bin;C:\Program Files (x86)\sbt\bin;C:\Program Files (x86)\Yarn\bin;C:\ProgramData\chocolatey\bin;C:\Program Files\nodejs;C:\Users\Maryna Savchenko\AppData\Local\Microsoft\WindowsApps;E:\java\spark-2.2.0-bin-hadoop2.7\bin;C:\Program Files\Java\jdk1.8.0_131\bin;C:\Program Files (x86)\sbt\bin;C:\winutils\bin;C:\Program Files\Docker Toolbox;C:\Users\Maryna Savchenko\AppData\Local\Yarn\bin;C:\Users\Maryna Savchenko\AppData\Roaming\npm, MANPATH=C:\Program Files\Git\mingw64\share\man;C:\Program Files\Git\usr\local\man;C:\Program Files\Git\usr\share\man;C:\Program Files\Git\usr\man;C:\Program Files\Git\share\man, COMMONPROGRAMFILES(X86)=C:\Program Files (x86)\Common Files, MINGW_PACKAGE_PREFIX=mingw-w64-x86_64, USERDOMAIN=BigBrother, FPS_BROWSER_APP_PROFILE_STRING=Internet Explorer, LOGONSERVER=\\BIGBROTHER, JAVA_HOME=C:/Program Files/Java/jdk1.8.0_131, PLINK_PROTOCOL=ssh, PROMPT=$P$G, PROGRAMFILES(X86)=C:\Program Files (x86), TERM=xterm, LANG=en_US.UTF-8, MINGW_PREFIX=C:/Program Files/Git/mingw64, DISPLAY=needs-to-be-defined, MSYSTEM=MINGW64, APPDATA=C:\Users\Maryna Savchenko\AppData\Roaming, SPARK_HOME=E:\java\spark-2.2.0-bin-hadoop2.7, PROGRAMW6432=C:\Program Files, SYSTEMROOT=C:\WINDOWS, CHOCOLATEYINSTALL=C:\ProgramData\chocolatey, MAVEN_CMD_LINE_ARGS= test, SCALA_HOME=C:\Program Files (x86)\sbt, VBOX_MSI_INSTALL_PATH=C:\Program Files\Oracle\VirtualBox\, OS=Windows_NT, COMMONPROGRAMW6432=C:\Program Files\Common Files, COMPUTERNAME=BIGBROTHER, COMMONPROGRAMFILES=C:\Program Files\Common Files, COMSPEC=C:\WINDOWS\system32\cmd.exe, SBT_HOME=C:\Program Files (x86)\sbt\, MAVEN_PROJECTBASEDIR=E:/java/repos/JavaTutorAPI/javatutor, PROCESSOR_REVISION=4c03, ACLOCAL_PATH=C:\Program Files\Git\mingw64\share\aclocal;C:\Program Files\Git\usr\share\aclocal, MSYSTEM_CARCH=x86_64, PRINTER=Foxit Reader PDF Printer, TEMP=C:\Users\MARYNA~1\AppData\Local\Temp, HOSTNAME=BigBrother, HOMEDRIVE=C:, USERPROFILE=C:\Users\Maryna Savchenko, TMP=C:\Users\MARYNA~1\AppData\Local\Temp, NUMBER_OF_PROCESSORS=4, DOCKER_TOOLBOX_INSTALL_PATH=C:\Program Files\Docker Toolbox, HOME=C:\Users\Maryna Savchenko}}]
10:42:18,033 DEBUG org.springframework.context.annotation.ClassPathBeanDefinitionScanner:212 - JSR-250 'javax.annotation.ManagedBean' found and supported for component scanning
10:42:18,033 DEBUG org.springframework.context.annotation.ClassPathBeanDefinitionScanner:212 - JSR-250 'javax.annotation.ManagedBean' found and supported for component scanning
10:42:18,038 TRACE org.springframework.boot.diagnostics.FailureAnalyzers:81 - Failed to load org.springframework.boot.autoconfigure.jdbc.HikariDriverConfigurationFailureAnalyzer
java.lang.NoClassDefFoundError: org/springframework/jdbc/CannotGetJdbcConnectionException
	at java.lang.Class.getDeclaredConstructors0(Native Method)
	at java.lang.Class.privateGetDeclaredConstructors(Class.java:2671)
	at java.lang.Class.getConstructor0(Class.java:3075)
	at java.lang.Class.getDeclaredConstructor(Class.java:2178)
	at org.springframework.boot.diagnostics.FailureAnalyzers.loadFailureAnalyzers(FailureAnalyzers.java:76)
	at org.springframework.boot.diagnostics.FailureAnalyzers.<init>(FailureAnalyzers.java:65)
	at org.springframework.boot.diagnostics.FailureAnalyzers.<init>(FailureAnalyzers.java:59)
	at sun.reflect.NativeConstructorAccessorImpl.newInstance0(Native Method)
	at sun.reflect.NativeConstructorAccessorImpl.newInstance(NativeConstructorAccessorImpl.java:62)
	at sun.reflect.DelegatingConstructorAccessorImpl.newInstance(DelegatingConstructorAccessorImpl.java:45)
	at java.lang.reflect.Constructor.newInstance(Constructor.java:423)
	at org.springframework.beans.BeanUtils.instantiateClass(BeanUtils.java:170)
	at org.springframework.boot.SpringApplication.createSpringFactoriesInstances(SpringApplication.java:444)
	at org.springframework.boot.SpringApplication.getSpringFactoriesInstances(SpringApplication.java:427)
	at org.springframework.boot.SpringApplication.run(SpringApplication.java:322)
	at org.springframework.boot.test.context.SpringBootContextLoader.loadContext(SpringBootContextLoader.java:139)
	at org.springframework.test.context.cache.DefaultCacheAwareContextLoaderDelegate.loadContextInternal(DefaultCacheAwareContextLoaderDelegate.java:99)
	at org.springframework.test.context.cache.DefaultCacheAwareContextLoaderDelegate.loadContext(DefaultCacheAwareContextLoaderDelegate.java:117)
	at org.springframework.test.context.support.DefaultTestContext.getApplicationContext(DefaultTestContext.java:108)
	at org.springframework.test.context.support.DependencyInjectionTestExecutionListener.injectDependencies(DependencyInjectionTestExecutionListener.java:117)
	at org.springframework.test.context.support.DependencyInjectionTestExecutionListener.prepareTestInstance(DependencyInjectionTestExecutionListener.java:83)
	at org.springframework.boot.test.autoconfigure.SpringBootDependencyInjectionTestExecutionListener.prepareTestInstance(SpringBootDependencyInjectionTestExecutionListener.java:44)
	at org.springframework.test.context.TestContextManager.prepareTestInstance(TestContextManager.java:246)
	at org.springframework.test.context.junit4.SpringJUnit4ClassRunner.createTest(SpringJUnit4ClassRunner.java:227)
	at org.springframework.test.context.junit4.SpringJUnit4ClassRunner$1.runReflectiveCall(SpringJUnit4ClassRunner.java:289)
	at org.junit.internal.runners.model.ReflectiveCallable.run(ReflectiveCallable.java:12)
	at org.springframework.test.context.junit4.SpringJUnit4ClassRunner.methodBlock(SpringJUnit4ClassRunner.java:291)
	at org.springframework.test.context.junit4.SpringJUnit4ClassRunner.runChild(SpringJUnit4ClassRunner.java:246)
	at org.springframework.test.context.junit4.SpringJUnit4ClassRunner.runChild(SpringJUnit4ClassRunner.java:97)
	at org.junit.runners.ParentRunner$3.run(ParentRunner.java:290)
	at org.junit.runners.ParentRunner$1.schedule(ParentRunner.java:71)
	at org.junit.runners.ParentRunner.runChildren(ParentRunner.java:288)
	at org.junit.runners.ParentRunner.access$000(ParentRunner.java:58)
	at org.junit.runners.ParentRunner$2.evaluate(ParentRunner.java:268)
	at org.springframework.test.context.junit4.statements.RunBeforeTestClassCallbacks.evaluate(RunBeforeTestClassCallbacks.java:61)
	at org.springframework.test.context.junit4.statements.RunAfterTestClassCallbacks.evaluate(RunAfterTestClassCallbacks.java:70)
	at org.junit.runners.ParentRunner.run(ParentRunner.java:363)
	at org.springframework.test.context.junit4.SpringJUnit4ClassRunner.run(SpringJUnit4ClassRunner.java:190)
	at org.apache.maven.surefire.junit4.JUnit4Provider.execute(JUnit4Provider.java:365)
	at org.apache.maven.surefire.junit4.JUnit4Provider.executeWithRerun(JUnit4Provider.java:273)
	at org.apache.maven.surefire.junit4.JUnit4Provider.executeTestSet(JUnit4Provider.java:238)
	at org.apache.maven.surefire.junit4.JUnit4Provider.invoke(JUnit4Provider.java:159)
	at org.apache.maven.surefire.booter.ForkedBooter.invokeProviderInSameClassLoader(ForkedBooter.java:379)
	at org.apache.maven.surefire.booter.ForkedBooter.runSuitesInProcess(ForkedBooter.java:340)
	at org.apache.maven.surefire.booter.ForkedBooter.execute(ForkedBooter.java:125)
	at org.apache.maven.surefire.booter.ForkedBooter.main(ForkedBooter.java:413)
Caused by: java.lang.ClassNotFoundException: org.springframework.jdbc.CannotGetJdbcConnectionException
	at java.net.URLClassLoader.findClass(URLClassLoader.java:381)
	at java.lang.ClassLoader.loadClass(ClassLoader.java:424)
	at sun.misc.Launcher$AppClassLoader.loadClass(Launcher.java:335)
	at java.lang.ClassLoader.loadClass(ClassLoader.java:357)
	... 46 more
10:42:18,038 TRACE org.springframework.boot.diagnostics.FailureAnalyzers:81 - Failed to load org.springframework.boot.autoconfigure.jdbc.HikariDriverConfigurationFailureAnalyzer
java.lang.NoClassDefFoundError: org/springframework/jdbc/CannotGetJdbcConnectionException
	at java.lang.Class.getDeclaredConstructors0(Native Method)
	at java.lang.Class.privateGetDeclaredConstructors(Class.java:2671)
	at java.lang.Class.getConstructor0(Class.java:3075)
	at java.lang.Class.getDeclaredConstructor(Class.java:2178)
	at org.springframework.boot.diagnostics.FailureAnalyzers.loadFailureAnalyzers(FailureAnalyzers.java:76)
	at org.springframework.boot.diagnostics.FailureAnalyzers.<init>(FailureAnalyzers.java:65)
	at org.springframework.boot.diagnostics.FailureAnalyzers.<init>(FailureAnalyzers.java:59)
	at sun.reflect.NativeConstructorAccessorImpl.newInstance0(Native Method)
	at sun.reflect.NativeConstructorAccessorImpl.newInstance(NativeConstructorAccessorImpl.java:62)
	at sun.reflect.DelegatingConstructorAccessorImpl.newInstance(DelegatingConstructorAccessorImpl.java:45)
	at java.lang.reflect.Constructor.newInstance(Constructor.java:423)
	at org.springframework.beans.BeanUtils.instantiateClass(BeanUtils.java:170)
	at org.springframework.boot.SpringApplication.createSpringFactoriesInstances(SpringApplication.java:444)
	at org.springframework.boot.SpringApplication.getSpringFactoriesInstances(SpringApplication.java:427)
	at org.springframework.boot.SpringApplication.run(SpringApplication.java:322)
	at org.springframework.boot.test.context.SpringBootContextLoader.loadContext(SpringBootContextLoader.java:139)
	at org.springframework.test.context.cache.DefaultCacheAwareContextLoaderDelegate.loadContextInternal(DefaultCacheAwareContextLoaderDelegate.java:99)
	at org.springframework.test.context.cache.DefaultCacheAwareContextLoaderDelegate.loadContext(DefaultCacheAwareContextLoaderDelegate.java:117)
	at org.springframework.test.context.support.DefaultTestContext.getApplicationContext(DefaultTestContext.java:108)
	at org.springframework.test.context.support.DependencyInjectionTestExecutionListener.injectDependencies(DependencyInjectionTestExecutionListener.java:117)
	at org.springframework.test.context.support.DependencyInjectionTestExecutionListener.prepareTestInstance(DependencyInjectionTestExecutionListener.java:83)
	at org.springframework.boot.test.autoconfigure.SpringBootDependencyInjectionTestExecutionListener.prepareTestInstance(SpringBootDependencyInjectionTestExecutionListener.java:44)
	at org.springframework.test.context.TestContextManager.prepareTestInstance(TestContextManager.java:246)
	at org.springframework.test.context.junit4.SpringJUnit4ClassRunner.createTest(SpringJUnit4ClassRunner.java:227)
	at org.springframework.test.context.junit4.SpringJUnit4ClassRunner$1.runReflectiveCall(SpringJUnit4ClassRunner.java:289)
	at org.junit.internal.runners.model.ReflectiveCallable.run(ReflectiveCallable.java:12)
	at org.springframework.test.context.junit4.SpringJUnit4ClassRunner.methodBlock(SpringJUnit4ClassRunner.java:291)
	at org.springframework.test.context.junit4.SpringJUnit4ClassRunner.runChild(SpringJUnit4ClassRunner.java:246)
	at org.springframework.test.context.junit4.SpringJUnit4ClassRunner.runChild(SpringJUnit4ClassRunner.java:97)
	at org.junit.runners.ParentRunner$3.run(ParentRunner.java:290)
	at org.junit.runners.ParentRunner$1.schedule(ParentRunner.java:71)
	at org.junit.runners.ParentRunner.runChildren(ParentRunner.java:288)
	at org.junit.runners.ParentRunner.access$000(ParentRunner.java:58)
	at org.junit.runners.ParentRunner$2.evaluate(ParentRunner.java:268)
	at org.springframework.test.context.junit4.statements.RunBeforeTestClassCallbacks.evaluate(RunBeforeTestClassCallbacks.java:61)
	at org.springframework.test.context.junit4.statements.RunAfterTestClassCallbacks.evaluate(RunAfterTestClassCallbacks.java:70)
	at org.junit.runners.ParentRunner.run(ParentRunner.java:363)
	at org.springframework.test.context.junit4.SpringJUnit4ClassRunner.run(SpringJUnit4ClassRunner.java:190)
	at org.apache.maven.surefire.junit4.JUnit4Provider.execute(JUnit4Provider.java:365)
	at org.apache.maven.surefire.junit4.JUnit4Provider.executeWithRerun(JUnit4Provider.java:273)
	at org.apache.maven.surefire.junit4.JUnit4Provider.executeTestSet(JUnit4Provider.java:238)
	at org.apache.maven.surefire.junit4.JUnit4Provider.invoke(JUnit4Provider.java:159)
	at org.apache.maven.surefire.booter.ForkedBooter.invokeProviderInSameClassLoader(ForkedBooter.java:379)
	at org.apache.maven.surefire.booter.ForkedBooter.runSuitesInProcess(ForkedBooter.java:340)
	at org.apache.maven.surefire.booter.ForkedBooter.execute(ForkedBooter.java:125)
	at org.apache.maven.surefire.booter.ForkedBooter.main(ForkedBooter.java:413)
Caused by: java.lang.ClassNotFoundException: org.springframework.jdbc.CannotGetJdbcConnectionException
	at java.net.URLClassLoader.findClass(URLClassLoader.java:381)
	at java.lang.ClassLoader.loadClass(ClassLoader.java:424)
	at sun.misc.Launcher$AppClassLoader.loadClass(Launcher.java:335)
	at java.lang.ClassLoader.loadClass(ClassLoader.java:357)
	... 46 more
10:42:18,045 TRACE org.springframework.core.env.PropertySourcesPropertyResolver:82 - Searching for key 'context.initializer.classes' in PropertySource 'configurationProperties'
10:42:18,045 TRACE org.springframework.core.env.PropertySourcesPropertyResolver:82 - Searching for key 'context.initializer.classes' in PropertySource 'configurationProperties'
10:42:18,045 TRACE org.springframework.core.env.PropertySourcesPropertyResolver:82 - Searching for key 'context.initializer.classes' in PropertySource 'Inlined Test Properties'
10:42:18,045 TRACE org.springframework.core.env.PropertySourcesPropertyResolver:82 - Searching for key 'context.initializer.classes' in PropertySource 'Inlined Test Properties'
10:42:18,046 TRACE org.springframework.core.env.PropertySourcesPropertyResolver:82 - Searching for key 'context.initializer.classes' in PropertySource 'systemProperties'
10:42:18,046 TRACE org.springframework.core.env.PropertySourcesPropertyResolver:82 - Searching for key 'context.initializer.classes' in PropertySource 'systemProperties'
10:42:18,046 TRACE org.springframework.core.env.PropertySourcesPropertyResolver:82 - Searching for key 'context.initializer.classes' in PropertySource 'systemEnvironment'
10:42:18,046 TRACE org.springframework.core.env.PropertySourcesPropertyResolver:82 - Searching for key 'context.initializer.classes' in PropertySource 'systemEnvironment'
10:42:18,047 TRACE org.springframework.core.env.PropertySourcesPropertyResolver:82 - Searching for key 'context.initializer.classes' in PropertySource 'random'
10:42:18,047 TRACE org.springframework.core.env.PropertySourcesPropertyResolver:82 - Searching for key 'context.initializer.classes' in PropertySource 'random'
10:42:18,047 TRACE org.springframework.core.env.PropertySourcesPropertyResolver:82 - Searching for key 'context.initializer.classes' in PropertySource 'applicationConfig: [classpath:/application.properties]'
10:42:18,047 TRACE org.springframework.core.env.PropertySourcesPropertyResolver:82 - Searching for key 'context.initializer.classes' in PropertySource 'applicationConfig: [classpath:/application.properties]'
10:42:18,048 DEBUG org.springframework.core.env.PropertySourcesPropertyResolver:96 - Could not find key 'context.initializer.classes' in any property source
10:42:18,048 DEBUG org.springframework.core.env.PropertySourcesPropertyResolver:96 - Could not find key 'context.initializer.classes' in any property source
10:42:18,048 TRACE org.springframework.core.env.PropertySourcesPropertyResolver:82 - Searching for key 'spring.application.name' in PropertySource 'configurationProperties'
10:42:18,048 TRACE org.springframework.core.env.PropertySourcesPropertyResolver:82 - Searching for key 'spring.application.name' in PropertySource 'configurationProperties'
10:42:18,049 TRACE org.springframework.core.env.PropertySourcesPropertyResolver:82 - Searching for key 'spring.application.name' in PropertySource 'Inlined Test Properties'
10:42:18,049 TRACE org.springframework.core.env.PropertySourcesPropertyResolver:82 - Searching for key 'spring.application.name' in PropertySource 'Inlined Test Properties'
10:42:18,049 TRACE org.springframework.core.env.PropertySourcesPropertyResolver:82 - Searching for key 'spring.application.name' in PropertySource 'systemProperties'
10:42:18,049 TRACE org.springframework.core.env.PropertySourcesPropertyResolver:82 - Searching for key 'spring.application.name' in PropertySource 'systemProperties'
10:42:18,050 TRACE org.springframework.core.env.PropertySourcesPropertyResolver:82 - Searching for key 'spring.application.name' in PropertySource 'systemEnvironment'
10:42:18,050 TRACE org.springframework.core.env.PropertySourcesPropertyResolver:82 - Searching for key 'spring.application.name' in PropertySource 'systemEnvironment'
10:42:18,050 TRACE org.springframework.core.env.PropertySourcesPropertyResolver:82 - Searching for key 'spring.application.name' in PropertySource 'random'
10:42:18,050 TRACE org.springframework.core.env.PropertySourcesPropertyResolver:82 - Searching for key 'spring.application.name' in PropertySource 'random'
10:42:18,050 TRACE org.springframework.core.env.PropertySourcesPropertyResolver:82 - Searching for key 'spring.application.name' in PropertySource 'applicationConfig: [classpath:/application.properties]'
10:42:18,050 TRACE org.springframework.core.env.PropertySourcesPropertyResolver:82 - Searching for key 'spring.application.name' in PropertySource 'applicationConfig: [classpath:/application.properties]'
10:42:18,051 DEBUG org.springframework.core.env.PropertySourcesPropertyResolver:96 - Could not find key 'spring.application.name' in any property source
10:42:18,051 DEBUG org.springframework.core.env.PropertySourcesPropertyResolver:96 - Could not find key 'spring.application.name' in any property source
10:42:18,053 DEBUG org.springframework.core.env.StandardEnvironment:98 - Adding PropertySource 'test' with highest search precedence
10:42:18,053 DEBUG org.springframework.core.env.StandardEnvironment:98 - Adding PropertySource 'test' with highest search precedence
10:42:18,054 DEBUG org.springframework.core.env.StandardEnvironment:159 - Removing PropertySource 'configurationProperties'
10:42:18,054 DEBUG org.springframework.core.env.StandardEnvironment:159 - Removing PropertySource 'configurationProperties'
10:42:18,055 DEBUG org.springframework.core.env.StandardEnvironment:98 - Adding PropertySource 'configurationProperties' with highest search precedence
10:42:18,055 DEBUG org.springframework.core.env.StandardEnvironment:98 - Adding PropertySource 'configurationProperties' with highest search precedence
10:42:18,056 DEBUG org.springframework.core.env.StandardEnvironment:98 - Adding PropertySource 'Annotations' with highest search precedence
10:42:18,056 DEBUG org.springframework.core.env.StandardEnvironment:98 - Adding PropertySource 'Annotations' with highest search precedence
10:42:18,060 DEBUG org.springframework.beans.factory.support.DefaultListableBeanFactory:908 - Registering scope 'restart' with implementation [org.springframework.boot.devtools.restart.RestartScopeInitializer$RestartScope@120411ec]
10:42:18,060 DEBUG org.springframework.beans.factory.support.DefaultListableBeanFactory:908 - Registering scope 'restart' with implementation [org.springframework.boot.devtools.restart.RestartScopeInitializer$RestartScope@120411ec]
10:42:18,060 DEBUG org.springframework.beans.factory.support.DefaultListableBeanFactory:254 - Returning cached instance of singleton bean 'autoConfigurationReport'
10:42:18,060 DEBUG org.springframework.beans.factory.support.DefaultListableBeanFactory:254 - Returning cached instance of singleton bean 'autoConfigurationReport'
10:42:18,063  INFO pro.abacus.javatutor.repository.UserRepositoryTest:50 - Starting UserRepositoryTest on BigBrother with PID 5372 (started by Maryna Savchenko in E:\java\repos\JavaTutorAPI\javatutor)
10:42:18,064 TRACE org.springframework.core.env.PropertySourcesPropertyResolver:82 - Searching for key 'spring.profiles.active' in PropertySource 'Annotations'
10:42:18,064 TRACE org.springframework.core.env.PropertySourcesPropertyResolver:82 - Searching for key 'spring.profiles.active' in PropertySource 'Annotations'
10:42:18,065 TRACE org.springframework.core.env.PropertySourcesPropertyResolver:82 - Searching for key 'spring.profiles.active' in PropertySource 'configurationProperties'
10:42:18,065 TRACE org.springframework.core.env.PropertySourcesPropertyResolver:82 - Searching for key 'spring.profiles.active' in PropertySource 'configurationProperties'
10:42:18,066 TRACE org.springframework.core.env.PropertySourcesPropertyResolver:82 - Searching for key 'spring.profiles.active' in PropertySource 'test'
10:42:18,066 TRACE org.springframework.core.env.PropertySourcesPropertyResolver:82 - Searching for key 'spring.profiles.active' in PropertySource 'test'
10:42:18,066 TRACE org.springframework.core.env.PropertySourcesPropertyResolver:82 - Searching for key 'spring.profiles.active' in PropertySource 'Inlined Test Properties'
10:42:18,066 TRACE org.springframework.core.env.PropertySourcesPropertyResolver:82 - Searching for key 'spring.profiles.active' in PropertySource 'Inlined Test Properties'
10:42:18,066 TRACE org.springframework.core.env.PropertySourcesPropertyResolver:82 - Searching for key 'spring.profiles.active' in PropertySource 'systemProperties'
10:42:18,066 TRACE org.springframework.core.env.PropertySourcesPropertyResolver:82 - Searching for key 'spring.profiles.active' in PropertySource 'systemProperties'
10:42:18,067 TRACE org.springframework.core.env.PropertySourcesPropertyResolver:82 - Searching for key 'spring.profiles.active' in PropertySource 'systemEnvironment'
10:42:18,067 TRACE org.springframework.core.env.PropertySourcesPropertyResolver:82 - Searching for key 'spring.profiles.active' in PropertySource 'systemEnvironment'
10:42:18,067 TRACE org.springframework.core.env.PropertySourcesPropertyResolver:82 - Searching for key 'spring.profiles.active' in PropertySource 'random'
10:42:18,067 TRACE org.springframework.core.env.PropertySourcesPropertyResolver:82 - Searching for key 'spring.profiles.active' in PropertySource 'random'
10:42:18,067 TRACE org.springframework.core.env.PropertySourcesPropertyResolver:82 - Searching for key 'spring.profiles.active' in PropertySource 'applicationConfig: [classpath:/application.properties]'
10:42:18,067 TRACE org.springframework.core.env.PropertySourcesPropertyResolver:82 - Searching for key 'spring.profiles.active' in PropertySource 'applicationConfig: [classpath:/application.properties]'
10:42:18,068 DEBUG org.springframework.core.env.PropertySourcesPropertyResolver:96 - Could not find key 'spring.profiles.active' in any property source
10:42:18,068 DEBUG org.springframework.core.env.PropertySourcesPropertyResolver:96 - Could not find key 'spring.profiles.active' in any property source
10:42:18,068 TRACE org.springframework.core.env.PropertySourcesPropertyResolver:82 - Searching for key 'spring.profiles.default' in PropertySource 'Annotations'
10:42:18,068 TRACE org.springframework.core.env.PropertySourcesPropertyResolver:82 - Searching for key 'spring.profiles.default' in PropertySource 'Annotations'
10:42:18,068 TRACE org.springframework.core.env.PropertySourcesPropertyResolver:82 - Searching for key 'spring.profiles.default' in PropertySource 'configurationProperties'
10:42:18,068 TRACE org.springframework.core.env.PropertySourcesPropertyResolver:82 - Searching for key 'spring.profiles.default' in PropertySource 'configurationProperties'
10:42:18,069 TRACE org.springframework.core.env.PropertySourcesPropertyResolver:82 - Searching for key 'spring.profiles.default' in PropertySource 'test'
10:42:18,069 TRACE org.springframework.core.env.PropertySourcesPropertyResolver:82 - Searching for key 'spring.profiles.default' in PropertySource 'test'
10:42:18,069 TRACE org.springframework.core.env.PropertySourcesPropertyResolver:82 - Searching for key 'spring.profiles.default' in PropertySource 'Inlined Test Properties'
10:42:18,069 TRACE org.springframework.core.env.PropertySourcesPropertyResolver:82 - Searching for key 'spring.profiles.default' in PropertySource 'Inlined Test Properties'
10:42:18,070 TRACE org.springframework.core.env.PropertySourcesPropertyResolver:82 - Searching for key 'spring.profiles.default' in PropertySource 'systemProperties'
10:42:18,070 TRACE org.springframework.core.env.PropertySourcesPropertyResolver:82 - Searching for key 'spring.profiles.default' in PropertySource 'systemProperties'
10:42:18,070 TRACE org.springframework.core.env.PropertySourcesPropertyResolver:82 - Searching for key 'spring.profiles.default' in PropertySource 'systemEnvironment'
10:42:18,070 TRACE org.springframework.core.env.PropertySourcesPropertyResolver:82 - Searching for key 'spring.profiles.default' in PropertySource 'systemEnvironment'
10:42:18,071 TRACE org.springframework.core.env.PropertySourcesPropertyResolver:82 - Searching for key 'spring.profiles.default' in PropertySource 'random'
10:42:18,071 TRACE org.springframework.core.env.PropertySourcesPropertyResolver:82 - Searching for key 'spring.profiles.default' in PropertySource 'random'
10:42:18,071 TRACE org.springframework.core.env.PropertySourcesPropertyResolver:82 - Searching for key 'spring.profiles.default' in PropertySource 'applicationConfig: [classpath:/application.properties]'
10:42:18,071 TRACE org.springframework.core.env.PropertySourcesPropertyResolver:82 - Searching for key 'spring.profiles.default' in PropertySource 'applicationConfig: [classpath:/application.properties]'
10:42:18,072 DEBUG org.springframework.core.env.PropertySourcesPropertyResolver:96 - Could not find key 'spring.profiles.default' in any property source
10:42:18,072 DEBUG org.springframework.core.env.PropertySourcesPropertyResolver:96 - Could not find key 'spring.profiles.default' in any property source
10:42:18,072  INFO pro.abacus.javatutor.repository.UserRepositoryTest:659 - No active profile set, falling back to default profiles: default
10:42:18,073 DEBUG org.springframework.boot.SpringApplication:687 - Loading source class pro.abacus.javatutor.JavaTutorApplication
10:42:18,073 DEBUG org.springframework.boot.SpringApplication:687 - Loading source class pro.abacus.javatutor.JavaTutorApplication
10:42:18,075 DEBUG org.springframework.context.annotation.ClassPathBeanDefinitionScanner:212 - JSR-250 'javax.annotation.ManagedBean' found and supported for component scanning
10:42:18,075 DEBUG org.springframework.context.annotation.ClassPathBeanDefinitionScanner:212 - JSR-250 'javax.annotation.ManagedBean' found and supported for component scanning
10:42:18,081 TRACE org.springframework.boot.context.config.ConfigFileApplicationListener:169 - Skipped missing config 'file:./config/application.properties' (file:./config/application.properties)
10:42:18,081 TRACE org.springframework.boot.context.config.ConfigFileApplicationListener:169 - Skipped missing config 'file:./config/application.properties' (file:./config/application.properties)
10:42:18,081 TRACE org.springframework.boot.context.config.ConfigFileApplicationListener:169 - Skipped missing config 'file:./config/application.xml' (file:./config/application.xml)
10:42:18,081 TRACE org.springframework.boot.context.config.ConfigFileApplicationListener:169 - Skipped missing config 'file:./config/application.xml' (file:./config/application.xml)
10:42:18,082 TRACE org.springframework.boot.context.config.ConfigFileApplicationListener:169 - Skipped missing config 'file:./config/application.yml' (file:./config/application.yml)
10:42:18,082 TRACE org.springframework.boot.context.config.ConfigFileApplicationListener:169 - Skipped missing config 'file:./config/application.yml' (file:./config/application.yml)
10:42:18,082 TRACE org.springframework.boot.context.config.ConfigFileApplicationListener:169 - Skipped missing config 'file:./config/application.yaml' (file:./config/application.yaml)
10:42:18,082 TRACE org.springframework.boot.context.config.ConfigFileApplicationListener:169 - Skipped missing config 'file:./config/application.yaml' (file:./config/application.yaml)
10:42:18,082 TRACE org.springframework.boot.context.config.ConfigFileApplicationListener:169 - Skipped missing config 'file:./application.properties' (file:./application.properties)
10:42:18,082 TRACE org.springframework.boot.context.config.ConfigFileApplicationListener:169 - Skipped missing config 'file:./application.properties' (file:./application.properties)
10:42:18,083 TRACE org.springframework.boot.context.config.ConfigFileApplicationListener:169 - Skipped missing config 'file:./application.xml' (file:./application.xml)
10:42:18,083 TRACE org.springframework.boot.context.config.ConfigFileApplicationListener:169 - Skipped missing config 'file:./application.xml' (file:./application.xml)
10:42:18,083 TRACE org.springframework.boot.context.config.ConfigFileApplicationListener:169 - Skipped missing config 'file:./application.yml' (file:./application.yml)
10:42:18,083 TRACE org.springframework.boot.context.config.ConfigFileApplicationListener:169 - Skipped missing config 'file:./application.yml' (file:./application.yml)
10:42:18,084 TRACE org.springframework.boot.context.config.ConfigFileApplicationListener:169 - Skipped missing config 'file:./application.yaml' (file:./application.yaml)
10:42:18,084 TRACE org.springframework.boot.context.config.ConfigFileApplicationListener:169 - Skipped missing config 'file:./application.yaml' (file:./application.yaml)
10:42:18,084 TRACE org.springframework.boot.context.config.ConfigFileApplicationListener:169 - Skipped missing config 'classpath:/config/application.properties'
10:42:18,084 TRACE org.springframework.boot.context.config.ConfigFileApplicationListener:169 - Skipped missing config 'classpath:/config/application.properties'
10:42:18,084 TRACE org.springframework.boot.context.config.ConfigFileApplicationListener:169 - Skipped missing config 'classpath:/config/application.xml'
10:42:18,084 TRACE org.springframework.boot.context.config.ConfigFileApplicationListener:169 - Skipped missing config 'classpath:/config/application.xml'
10:42:18,084 TRACE org.springframework.boot.context.config.ConfigFileApplicationListener:169 - Skipped missing config 'classpath:/config/application.yml'
10:42:18,084 TRACE org.springframework.boot.context.config.ConfigFileApplicationListener:169 - Skipped missing config 'classpath:/config/application.yml'
10:42:18,085 TRACE org.springframework.boot.context.config.ConfigFileApplicationListener:169 - Skipped missing config 'classpath:/config/application.yaml'
10:42:18,085 TRACE org.springframework.boot.context.config.ConfigFileApplicationListener:169 - Skipped missing config 'classpath:/config/application.yaml'
10:42:18,085 DEBUG org.springframework.boot.context.config.ConfigFileApplicationListener:172 - Loaded config file 'file:/E:/java/repos/JavaTutorAPI/javatutor/target/classes/application.properties' (classpath:/application.properties)
10:42:18,085 DEBUG org.springframework.boot.context.config.ConfigFileApplicationListener:172 - Loaded config file 'file:/E:/java/repos/JavaTutorAPI/javatutor/target/classes/application.properties' (classpath:/application.properties)
10:42:18,085 TRACE org.springframework.boot.context.config.ConfigFileApplicationListener:169 - Skipped missing config 'classpath:/application.xml'
10:42:18,085 TRACE org.springframework.boot.context.config.ConfigFileApplicationListener:169 - Skipped missing config 'classpath:/application.xml'
10:42:18,086 TRACE org.springframework.boot.context.config.ConfigFileApplicationListener:169 - Skipped missing config 'classpath:/application.yml'
10:42:18,086 TRACE org.springframework.boot.context.config.ConfigFileApplicationListener:169 - Skipped missing config 'classpath:/application.yml'
10:42:18,086 TRACE org.springframework.boot.context.config.ConfigFileApplicationListener:169 - Skipped missing config 'classpath:/application.yaml'
10:42:18,086 TRACE org.springframework.boot.context.config.ConfigFileApplicationListener:169 - Skipped missing config 'classpath:/application.yaml'
10:42:18,087 TRACE org.springframework.boot.context.config.ConfigFileApplicationListener:169 - Skipped missing config 'file:./config/application-default.properties' (file:./config/application-default.properties) for profile default
10:42:18,087 TRACE org.springframework.boot.context.config.ConfigFileApplicationListener:169 - Skipped missing config 'file:./config/application-default.properties' (file:./config/application-default.properties) for profile default
10:42:18,087 TRACE org.springframework.boot.context.config.ConfigFileApplicationListener:169 - Skipped missing config 'file:./config/application-default.properties' (file:./config/application-default.properties) for profile default
10:42:18,087 TRACE org.springframework.boot.context.config.ConfigFileApplicationListener:169 - Skipped missing config 'file:./config/application-default.properties' (file:./config/application-default.properties) for profile default
10:42:18,087 TRACE org.springframework.boot.context.config.ConfigFileApplicationListener:169 - Skipped missing config 'file:./config/application.properties' (file:./config/application.properties) for profile default
10:42:18,087 TRACE org.springframework.boot.context.config.ConfigFileApplicationListener:169 - Skipped missing config 'file:./config/application.properties' (file:./config/application.properties) for profile default
10:42:18,088 TRACE org.springframework.boot.context.config.ConfigFileApplicationListener:169 - Skipped missing config 'file:./config/application-default.xml' (file:./config/application-default.xml) for profile default
10:42:18,088 TRACE org.springframework.boot.context.config.ConfigFileApplicationListener:169 - Skipped missing config 'file:./config/application-default.xml' (file:./config/application-default.xml) for profile default
10:42:18,088 TRACE org.springframework.boot.context.config.ConfigFileApplicationListener:169 - Skipped missing config 'file:./config/application-default.xml' (file:./config/application-default.xml) for profile default
10:42:18,088 TRACE org.springframework.boot.context.config.ConfigFileApplicationListener:169 - Skipped missing config 'file:./config/application-default.xml' (file:./config/application-default.xml) for profile default
10:42:18,091 TRACE org.springframework.boot.context.config.ConfigFileApplicationListener:169 - Skipped missing config 'file:./config/application.xml' (file:./config/application.xml) for profile default
10:42:18,091 TRACE org.springframework.boot.context.config.ConfigFileApplicationListener:169 - Skipped missing config 'file:./config/application.xml' (file:./config/application.xml) for profile default
10:42:18,092 TRACE org.springframework.boot.context.config.ConfigFileApplicationListener:169 - Skipped missing config 'file:./config/application-default.yml' (file:./config/application-default.yml) for profile default
10:42:18,092 TRACE org.springframework.boot.context.config.ConfigFileApplicationListener:169 - Skipped missing config 'file:./config/application-default.yml' (file:./config/application-default.yml) for profile default
10:42:18,092 TRACE org.springframework.boot.context.config.ConfigFileApplicationListener:169 - Skipped missing config 'file:./config/application-default.yml' (file:./config/application-default.yml) for profile default
10:42:18,092 TRACE org.springframework.boot.context.config.ConfigFileApplicationListener:169 - Skipped missing config 'file:./config/application-default.yml' (file:./config/application-default.yml) for profile default
10:42:18,093 TRACE org.springframework.boot.context.config.ConfigFileApplicationListener:169 - Skipped missing config 'file:./config/application.yml' (file:./config/application.yml) for profile default
10:42:18,093 TRACE org.springframework.boot.context.config.ConfigFileApplicationListener:169 - Skipped missing config 'file:./config/application.yml' (file:./config/application.yml) for profile default
10:42:18,093 TRACE org.springframework.boot.context.config.ConfigFileApplicationListener:169 - Skipped missing config 'file:./config/application-default.yaml' (file:./config/application-default.yaml) for profile default
10:42:18,093 TRACE org.springframework.boot.context.config.ConfigFileApplicationListener:169 - Skipped missing config 'file:./config/application-default.yaml' (file:./config/application-default.yaml) for profile default
10:42:18,093 TRACE org.springframework.boot.context.config.ConfigFileApplicationListener:169 - Skipped missing config 'file:./config/application-default.yaml' (file:./config/application-default.yaml) for profile default
10:42:18,093 TRACE org.springframework.boot.context.config.ConfigFileApplicationListener:169 - Skipped missing config 'file:./config/application-default.yaml' (file:./config/application-default.yaml) for profile default
10:42:18,093 TRACE org.springframework.boot.context.config.ConfigFileApplicationListener:169 - Skipped missing config 'file:./config/application.yaml' (file:./config/application.yaml) for profile default
10:42:18,093 TRACE org.springframework.boot.context.config.ConfigFileApplicationListener:169 - Skipped missing config 'file:./config/application.yaml' (file:./config/application.yaml) for profile default
10:42:18,094 TRACE org.springframework.boot.context.config.ConfigFileApplicationListener:169 - Skipped missing config 'file:./application-default.properties' (file:./application-default.properties) for profile default
10:42:18,094 TRACE org.springframework.boot.context.config.ConfigFileApplicationListener:169 - Skipped missing config 'file:./application-default.properties' (file:./application-default.properties) for profile default
10:42:18,094 TRACE org.springframework.boot.context.config.ConfigFileApplicationListener:169 - Skipped missing config 'file:./application-default.properties' (file:./application-default.properties) for profile default
10:42:18,094 TRACE org.springframework.boot.context.config.ConfigFileApplicationListener:169 - Skipped missing config 'file:./application-default.properties' (file:./application-default.properties) for profile default
10:42:18,094 TRACE org.springframework.boot.context.config.ConfigFileApplicationListener:169 - Skipped missing config 'file:./application.properties' (file:./application.properties) for profile default
10:42:18,094 TRACE org.springframework.boot.context.config.ConfigFileApplicationListener:169 - Skipped missing config 'file:./application.properties' (file:./application.properties) for profile default
10:42:18,095 TRACE org.springframework.boot.context.config.ConfigFileApplicationListener:169 - Skipped missing config 'file:./application-default.xml' (file:./application-default.xml) for profile default
10:42:18,095 TRACE org.springframework.boot.context.config.ConfigFileApplicationListener:169 - Skipped missing config 'file:./application-default.xml' (file:./application-default.xml) for profile default
10:42:18,095 TRACE org.springframework.boot.context.config.ConfigFileApplicationListener:169 - Skipped missing config 'file:./application-default.xml' (file:./application-default.xml) for profile default
10:42:18,095 TRACE org.springframework.boot.context.config.ConfigFileApplicationListener:169 - Skipped missing config 'file:./application-default.xml' (file:./application-default.xml) for profile default
10:42:18,096 TRACE org.springframework.boot.context.config.ConfigFileApplicationListener:169 - Skipped missing config 'file:./application.xml' (file:./application.xml) for profile default
10:42:18,096 TRACE org.springframework.boot.context.config.ConfigFileApplicationListener:169 - Skipped missing config 'file:./application.xml' (file:./application.xml) for profile default
10:42:18,097 TRACE org.springframework.boot.context.config.ConfigFileApplicationListener:169 - Skipped missing config 'file:./application-default.yml' (file:./application-default.yml) for profile default
10:42:18,097 TRACE org.springframework.boot.context.config.ConfigFileApplicationListener:169 - Skipped missing config 'file:./application-default.yml' (file:./application-default.yml) for profile default
10:42:18,097 TRACE org.springframework.boot.context.config.ConfigFileApplicationListener:169 - Skipped missing config 'file:./application-default.yml' (file:./application-default.yml) for profile default
10:42:18,097 TRACE org.springframework.boot.context.config.ConfigFileApplicationListener:169 - Skipped missing config 'file:./application-default.yml' (file:./application-default.yml) for profile default
10:42:18,097 TRACE org.springframework.boot.context.config.ConfigFileApplicationListener:169 - Skipped missing config 'file:./application.yml' (file:./application.yml) for profile default
10:42:18,097 TRACE org.springframework.boot.context.config.ConfigFileApplicationListener:169 - Skipped missing config 'file:./application.yml' (file:./application.yml) for profile default
10:42:18,098 TRACE org.springframework.boot.context.config.ConfigFileApplicationListener:169 - Skipped missing config 'file:./application-default.yaml' (file:./application-default.yaml) for profile default
10:42:18,098 TRACE org.springframework.boot.context.config.ConfigFileApplicationListener:169 - Skipped missing config 'file:./application-default.yaml' (file:./application-default.yaml) for profile default
10:42:18,098 TRACE org.springframework.boot.context.config.ConfigFileApplicationListener:169 - Skipped missing config 'file:./application-default.yaml' (file:./application-default.yaml) for profile default
10:42:18,098 TRACE org.springframework.boot.context.config.ConfigFileApplicationListener:169 - Skipped missing config 'file:./application-default.yaml' (file:./application-default.yaml) for profile default
10:42:18,098 TRACE org.springframework.boot.context.config.ConfigFileApplicationListener:169 - Skipped missing config 'file:./application.yaml' (file:./application.yaml) for profile default
10:42:18,098 TRACE org.springframework.boot.context.config.ConfigFileApplicationListener:169 - Skipped missing config 'file:./application.yaml' (file:./application.yaml) for profile default
10:42:18,099 TRACE org.springframework.boot.context.config.ConfigFileApplicationListener:169 - Skipped missing config 'classpath:/config/application-default.properties' for profile default
10:42:18,099 TRACE org.springframework.boot.context.config.ConfigFileApplicationListener:169 - Skipped missing config 'classpath:/config/application-default.properties' for profile default
10:42:18,099 TRACE org.springframework.boot.context.config.ConfigFileApplicationListener:169 - Skipped missing config 'classpath:/config/application-default.properties' for profile default
10:42:18,099 TRACE org.springframework.boot.context.config.ConfigFileApplicationListener:169 - Skipped missing config 'classpath:/config/application-default.properties' for profile default
10:42:18,100 TRACE org.springframework.boot.context.config.ConfigFileApplicationListener:169 - Skipped missing config 'classpath:/config/application.properties' for profile default
10:42:18,100 TRACE org.springframework.boot.context.config.ConfigFileApplicationListener:169 - Skipped missing config 'classpath:/config/application.properties' for profile default
10:42:18,101 TRACE org.springframework.boot.context.config.ConfigFileApplicationListener:169 - Skipped missing config 'classpath:/config/application-default.xml' for profile default
10:42:18,101 TRACE org.springframework.boot.context.config.ConfigFileApplicationListener:169 - Skipped missing config 'classpath:/config/application-default.xml' for profile default
10:42:18,101 TRACE org.springframework.boot.context.config.ConfigFileApplicationListener:169 - Skipped missing config 'classpath:/config/application-default.xml' for profile default
10:42:18,101 TRACE org.springframework.boot.context.config.ConfigFileApplicationListener:169 - Skipped missing config 'classpath:/config/application-default.xml' for profile default
10:42:18,102 TRACE org.springframework.boot.context.config.ConfigFileApplicationListener:169 - Skipped missing config 'classpath:/config/application.xml' for profile default
10:42:18,102 TRACE org.springframework.boot.context.config.ConfigFileApplicationListener:169 - Skipped missing config 'classpath:/config/application.xml' for profile default
10:42:18,102 TRACE org.springframework.boot.context.config.ConfigFileApplicationListener:169 - Skipped missing config 'classpath:/config/application-default.yml' for profile default
10:42:18,102 TRACE org.springframework.boot.context.config.ConfigFileApplicationListener:169 - Skipped missing config 'classpath:/config/application-default.yml' for profile default
10:42:18,103 TRACE org.springframework.boot.context.config.ConfigFileApplicationListener:169 - Skipped missing config 'classpath:/config/application-default.yml' for profile default
10:42:18,103 TRACE org.springframework.boot.context.config.ConfigFileApplicationListener:169 - Skipped missing config 'classpath:/config/application-default.yml' for profile default
10:42:18,104 TRACE org.springframework.boot.context.config.ConfigFileApplicationListener:169 - Skipped missing config 'classpath:/config/application.yml' for profile default
10:42:18,104 TRACE org.springframework.boot.context.config.ConfigFileApplicationListener:169 - Skipped missing config 'classpath:/config/application.yml' for profile default
10:42:18,107 TRACE org.springframework.boot.context.config.ConfigFileApplicationListener:169 - Skipped missing config 'classpath:/config/application-default.yaml' for profile default
10:42:18,107 TRACE org.springframework.boot.context.config.ConfigFileApplicationListener:169 - Skipped missing config 'classpath:/config/application-default.yaml' for profile default
10:42:18,109 TRACE org.springframework.boot.context.config.ConfigFileApplicationListener:169 - Skipped missing config 'classpath:/config/application-default.yaml' for profile default
10:42:18,109 TRACE org.springframework.boot.context.config.ConfigFileApplicationListener:169 - Skipped missing config 'classpath:/config/application-default.yaml' for profile default
10:42:18,110 TRACE org.springframework.boot.context.config.ConfigFileApplicationListener:169 - Skipped missing config 'classpath:/config/application.yaml' for profile default
10:42:18,110 TRACE org.springframework.boot.context.config.ConfigFileApplicationListener:169 - Skipped missing config 'classpath:/config/application.yaml' for profile default
10:42:18,111 TRACE org.springframework.boot.context.config.ConfigFileApplicationListener:169 - Skipped missing config 'classpath:/application-default.properties' for profile default
10:42:18,111 TRACE org.springframework.boot.context.config.ConfigFileApplicationListener:169 - Skipped missing config 'classpath:/application-default.properties' for profile default
10:42:18,113 TRACE org.springframework.boot.context.config.ConfigFileApplicationListener:169 - Skipped missing config 'classpath:/application-default.properties' for profile default
10:42:18,113 TRACE org.springframework.boot.context.config.ConfigFileApplicationListener:169 - Skipped missing config 'classpath:/application-default.properties' for profile default
10:42:18,113 TRACE org.springframework.boot.context.config.ConfigFileApplicationListener:169 - Skipped missing config 'classpath:/application-default.xml' for profile default
10:42:18,113 TRACE org.springframework.boot.context.config.ConfigFileApplicationListener:169 - Skipped missing config 'classpath:/application-default.xml' for profile default
10:42:18,114 TRACE org.springframework.boot.context.config.ConfigFileApplicationListener:169 - Skipped missing config 'classpath:/application-default.xml' for profile default
10:42:18,114 TRACE org.springframework.boot.context.config.ConfigFileApplicationListener:169 - Skipped missing config 'classpath:/application-default.xml' for profile default
10:42:18,114 TRACE org.springframework.boot.context.config.ConfigFileApplicationListener:169 - Skipped missing config 'classpath:/application.xml' for profile default
10:42:18,114 TRACE org.springframework.boot.context.config.ConfigFileApplicationListener:169 - Skipped missing config 'classpath:/application.xml' for profile default
10:42:18,115 TRACE org.springframework.boot.context.config.ConfigFileApplicationListener:169 - Skipped missing config 'classpath:/application-default.yml' for profile default
10:42:18,115 TRACE org.springframework.boot.context.config.ConfigFileApplicationListener:169 - Skipped missing config 'classpath:/application-default.yml' for profile default
10:42:18,115 TRACE org.springframework.boot.context.config.ConfigFileApplicationListener:169 - Skipped missing config 'classpath:/application-default.yml' for profile default
10:42:18,115 TRACE org.springframework.boot.context.config.ConfigFileApplicationListener:169 - Skipped missing config 'classpath:/application-default.yml' for profile default
10:42:18,116 TRACE org.springframework.boot.context.config.ConfigFileApplicationListener:169 - Skipped missing config 'classpath:/application.yml' for profile default
10:42:18,116 TRACE org.springframework.boot.context.config.ConfigFileApplicationListener:169 - Skipped missing config 'classpath:/application.yml' for profile default
10:42:18,116 TRACE org.springframework.boot.context.config.ConfigFileApplicationListener:169 - Skipped missing config 'classpath:/application-default.yaml' for profile default
10:42:18,116 TRACE org.springframework.boot.context.config.ConfigFileApplicationListener:169 - Skipped missing config 'classpath:/application-default.yaml' for profile default
10:42:18,116 TRACE org.springframework.boot.context.config.ConfigFileApplicationListener:169 - Skipped missing config 'classpath:/application-default.yaml' for profile default
10:42:18,116 TRACE org.springframework.boot.context.config.ConfigFileApplicationListener:169 - Skipped missing config 'classpath:/application-default.yaml' for profile default
10:42:18,117 TRACE org.springframework.boot.context.config.ConfigFileApplicationListener:169 - Skipped missing config 'classpath:/application.yaml' for profile default
10:42:18,117 TRACE org.springframework.boot.context.config.ConfigFileApplicationListener:169 - Skipped missing config 'classpath:/application.yaml' for profile default
10:42:18,117 TRACE org.springframework.boot.context.config.ConfigFileApplicationListener:169 - Skipped missing config 'file:./config/application.properties' (file:./config/application.properties)
10:42:18,117 TRACE org.springframework.boot.context.config.ConfigFileApplicationListener:169 - Skipped missing config 'file:./config/application.properties' (file:./config/application.properties)
10:42:18,117 TRACE org.springframework.boot.context.config.ConfigFileApplicationListener:169 - Skipped missing config 'file:./config/application.xml' (file:./config/application.xml)
10:42:18,117 TRACE org.springframework.boot.context.config.ConfigFileApplicationListener:169 - Skipped missing config 'file:./config/application.xml' (file:./config/application.xml)
10:42:18,117 TRACE org.springframework.boot.context.config.ConfigFileApplicationListener:169 - Skipped missing config 'file:./config/application.yml' (file:./config/application.yml)
10:42:18,117 TRACE org.springframework.boot.context.config.ConfigFileApplicationListener:169 - Skipped missing config 'file:./config/application.yml' (file:./config/application.yml)
10:42:18,118 TRACE org.springframework.boot.context.config.ConfigFileApplicationListener:169 - Skipped missing config 'file:./config/application.yaml' (file:./config/application.yaml)
10:42:18,118 TRACE org.springframework.boot.context.config.ConfigFileApplicationListener:169 - Skipped missing config 'file:./config/application.yaml' (file:./config/application.yaml)
10:42:18,118 TRACE org.springframework.boot.context.config.ConfigFileApplicationListener:169 - Skipped missing config 'file:./application.properties' (file:./application.properties)
10:42:18,118 TRACE org.springframework.boot.context.config.ConfigFileApplicationListener:169 - Skipped missing config 'file:./application.properties' (file:./application.properties)
10:42:18,118 TRACE org.springframework.boot.context.config.ConfigFileApplicationListener:169 - Skipped missing config 'file:./application.xml' (file:./application.xml)
10:42:18,118 TRACE org.springframework.boot.context.config.ConfigFileApplicationListener:169 - Skipped missing config 'file:./application.xml' (file:./application.xml)
10:42:18,119 TRACE org.springframework.boot.context.config.ConfigFileApplicationListener:169 - Skipped missing config 'file:./application.yml' (file:./application.yml)
10:42:18,119 TRACE org.springframework.boot.context.config.ConfigFileApplicationListener:169 - Skipped missing config 'file:./application.yml' (file:./application.yml)
10:42:18,119 TRACE org.springframework.boot.context.config.ConfigFileApplicationListener:169 - Skipped missing config 'file:./application.yaml' (file:./application.yaml)
10:42:18,119 TRACE org.springframework.boot.context.config.ConfigFileApplicationListener:169 - Skipped missing config 'file:./application.yaml' (file:./application.yaml)
10:42:18,120 TRACE org.springframework.boot.context.config.ConfigFileApplicationListener:169 - Skipped missing config 'classpath:/config/application.properties'
10:42:18,120 TRACE org.springframework.boot.context.config.ConfigFileApplicationListener:169 - Skipped missing config 'classpath:/config/application.properties'
10:42:18,123 TRACE org.springframework.boot.context.config.ConfigFileApplicationListener:169 - Skipped missing config 'classpath:/config/application.xml'
10:42:18,123 TRACE org.springframework.boot.context.config.ConfigFileApplicationListener:169 - Skipped missing config 'classpath:/config/application.xml'
10:42:18,125 TRACE org.springframework.boot.context.config.ConfigFileApplicationListener:169 - Skipped missing config 'classpath:/config/application.yml'
10:42:18,125 TRACE org.springframework.boot.context.config.ConfigFileApplicationListener:169 - Skipped missing config 'classpath:/config/application.yml'
10:42:18,126 TRACE org.springframework.boot.context.config.ConfigFileApplicationListener:169 - Skipped missing config 'classpath:/config/application.yaml'
10:42:18,126 TRACE org.springframework.boot.context.config.ConfigFileApplicationListener:169 - Skipped missing config 'classpath:/config/application.yaml'
10:42:18,126 TRACE org.springframework.boot.context.config.ConfigFileApplicationListener:169 - Skipped missing config 'classpath:/application.xml'
10:42:18,126 TRACE org.springframework.boot.context.config.ConfigFileApplicationListener:169 - Skipped missing config 'classpath:/application.xml'
10:42:18,126 TRACE org.springframework.boot.context.config.ConfigFileApplicationListener:169 - Skipped missing config 'classpath:/application.yml'
10:42:18,126 TRACE org.springframework.boot.context.config.ConfigFileApplicationListener:169 - Skipped missing config 'classpath:/application.yml'
10:42:18,127 TRACE org.springframework.boot.context.config.ConfigFileApplicationListener:169 - Skipped missing config 'classpath:/application.yaml'
10:42:18,127 TRACE org.springframework.boot.context.config.ConfigFileApplicationListener:169 - Skipped missing config 'classpath:/application.yaml'
10:42:18,127  INFO org.springframework.context.annotation.AnnotationConfigApplicationContext:590 - Refreshing org.springframework.context.annotation.AnnotationConfigApplicationContext@7f4f1536: startup date [Thu Oct 11 10:42:18 CEST 2018]; root of context hierarchy
10:42:18,127  INFO org.springframework.context.annotation.AnnotationConfigApplicationContext:590 - Refreshing org.springframework.context.annotation.AnnotationConfigApplicationContext@7f4f1536: startup date [Thu Oct 11 10:42:18 CEST 2018]; root of context hierarchy
10:42:18,128 DEBUG org.springframework.context.annotation.AnnotationConfigApplicationContext:624 - Bean factory for org.springframework.context.annotation.AnnotationConfigApplicationContext@7f4f1536: org.springframework.beans.factory.support.DefaultListableBeanFactory@6b2e9db2: defining beans [org.springframework.context.annotation.internalConfigurationAnnotationProcessor,org.springframework.context.annotation.internalAutowiredAnnotationProcessor,org.springframework.context.annotation.internalRequiredAnnotationProcessor,org.springframework.context.annotation.internalCommonAnnotationProcessor,org.springframework.context.event.internalEventListenerProcessor,org.springframework.context.event.internalEventListenerFactory,org.springframework.boot.test.context.ImportsContextCustomizer$ImportsCleanupPostProcessor,org.springframework.boot.test.context.ImportsContextCustomizer$ImportsConfiguration,org.springframework.boot.test.mock.mockito.MockitoPostProcessor$SpyPostProcessor,org.springframework.boot.test.mock.mockito.MockitoPostProcessor,javaTutorApplication]; root of factory hierarchy
10:42:18,128 DEBUG org.springframework.context.annotation.AnnotationConfigApplicationContext:624 - Bean factory for org.springframework.context.annotation.AnnotationConfigApplicationContext@7f4f1536: org.springframework.beans.factory.support.DefaultListableBeanFactory@6b2e9db2: defining beans [org.springframework.context.annotation.internalConfigurationAnnotationProcessor,org.springframework.context.annotation.internalAutowiredAnnotationProcessor,org.springframework.context.annotation.internalRequiredAnnotationProcessor,org.springframework.context.annotation.internalCommonAnnotationProcessor,org.springframework.context.event.internalEventListenerProcessor,org.springframework.context.event.internalEventListenerFactory,org.springframework.boot.test.context.ImportsContextCustomizer$ImportsCleanupPostProcessor,org.springframework.boot.test.context.ImportsContextCustomizer$ImportsConfiguration,org.springframework.boot.test.mock.mockito.MockitoPostProcessor$SpyPostProcessor,org.springframework.boot.test.mock.mockito.MockitoPostProcessor,javaTutorApplication]; root of factory hierarchy
10:42:18,131 DEBUG org.springframework.beans.factory.support.DefaultListableBeanFactory:219 - Creating shared instance of singleton bean 'org.springframework.context.annotation.internalConfigurationAnnotationProcessor'
10:42:18,131 DEBUG org.springframework.beans.factory.support.DefaultListableBeanFactory:219 - Creating shared instance of singleton bean 'org.springframework.context.annotation.internalConfigurationAnnotationProcessor'
10:42:18,131 DEBUG org.springframework.beans.factory.support.DefaultListableBeanFactory:466 - Creating instance of bean 'org.springframework.context.annotation.internalConfigurationAnnotationProcessor'
10:42:18,131 DEBUG org.springframework.beans.factory.support.DefaultListableBeanFactory:466 - Creating instance of bean 'org.springframework.context.annotation.internalConfigurationAnnotationProcessor'
10:42:18,132 DEBUG org.springframework.beans.factory.support.DefaultListableBeanFactory:569 - Eagerly caching bean 'org.springframework.context.annotation.internalConfigurationAnnotationProcessor' to allow for resolving potential circular references
10:42:18,132 DEBUG org.springframework.beans.factory.support.DefaultListableBeanFactory:569 - Eagerly caching bean 'org.springframework.context.annotation.internalConfigurationAnnotationProcessor' to allow for resolving potential circular references
10:42:18,133 DEBUG org.springframework.beans.factory.support.DefaultListableBeanFactory:219 - Creating shared instance of singleton bean 'org.springframework.boot.autoconfigure.internalCachingMetadataReaderFactory'
10:42:18,133 DEBUG org.springframework.beans.factory.support.DefaultListableBeanFactory:219 - Creating shared instance of singleton bean 'org.springframework.boot.autoconfigure.internalCachingMetadataReaderFactory'
10:42:18,133 DEBUG org.springframework.beans.factory.support.DefaultListableBeanFactory:466 - Creating instance of bean 'org.springframework.boot.autoconfigure.internalCachingMetadataReaderFactory'
10:42:18,133 DEBUG org.springframework.beans.factory.support.DefaultListableBeanFactory:466 - Creating instance of bean 'org.springframework.boot.autoconfigure.internalCachingMetadataReaderFactory'
10:42:18,134 DEBUG org.springframework.beans.factory.support.DefaultListableBeanFactory:569 - Eagerly caching bean 'org.springframework.boot.autoconfigure.internalCachingMetadataReaderFactory' to allow for resolving potential circular references
10:42:18,134 DEBUG org.springframework.beans.factory.support.DefaultListableBeanFactory:569 - Eagerly caching bean 'org.springframework.boot.autoconfigure.internalCachingMetadataReaderFactory' to allow for resolving potential circular references
10:42:18,135 DEBUG org.springframework.beans.factory.support.DefaultListableBeanFactory:503 - Finished creating instance of bean 'org.springframework.boot.autoconfigure.internalCachingMetadataReaderFactory'
10:42:18,135 DEBUG org.springframework.beans.factory.support.DefaultListableBeanFactory:503 - Finished creating instance of bean 'org.springframework.boot.autoconfigure.internalCachingMetadataReaderFactory'
10:42:18,135 TRACE org.springframework.beans.CachedIntrospectionResults:271 - Getting BeanInfo for class [org.springframework.context.annotation.ConfigurationClassPostProcessor]
10:42:18,135 TRACE org.springframework.beans.CachedIntrospectionResults:271 - Getting BeanInfo for class [org.springframework.context.annotation.ConfigurationClassPostProcessor]
10:42:18,143 TRACE org.springframework.beans.CachedIntrospectionResults:276 - Caching PropertyDescriptors for class [org.springframework.context.annotation.ConfigurationClassPostProcessor]
10:42:18,143 TRACE org.springframework.beans.CachedIntrospectionResults:276 - Caching PropertyDescriptors for class [org.springframework.context.annotation.ConfigurationClassPostProcessor]
10:42:18,143 TRACE org.springframework.beans.CachedIntrospectionResults:289 - Found bean property 'beanClassLoader' of type [java.lang.ClassLoader]
10:42:18,143 TRACE org.springframework.beans.CachedIntrospectionResults:289 - Found bean property 'beanClassLoader' of type [java.lang.ClassLoader]
10:42:18,145 TRACE org.springframework.beans.CachedIntrospectionResults:289 - Found bean property 'beanNameGenerator' of type [org.springframework.beans.factory.support.BeanNameGenerator]
10:42:18,145 TRACE org.springframework.beans.CachedIntrospectionResults:289 - Found bean property 'beanNameGenerator' of type [org.springframework.beans.factory.support.BeanNameGenerator]
10:42:18,146 TRACE org.springframework.beans.CachedIntrospectionResults:289 - Found bean property 'class' of type [java.lang.Class]
10:42:18,146 TRACE org.springframework.beans.CachedIntrospectionResults:289 - Found bean property 'class' of type [java.lang.Class]
10:42:18,147 TRACE org.springframework.beans.CachedIntrospectionResults:289 - Found bean property 'environment' of type [org.springframework.core.env.Environment]
10:42:18,147 TRACE org.springframework.beans.CachedIntrospectionResults:289 - Found bean property 'environment' of type [org.springframework.core.env.Environment]
10:42:18,148 TRACE org.springframework.beans.CachedIntrospectionResults:289 - Found bean property 'metadataReaderFactory' of type [org.springframework.core.type.classreading.MetadataReaderFactory]
10:42:18,148 TRACE org.springframework.beans.CachedIntrospectionResults:289 - Found bean property 'metadataReaderFactory' of type [org.springframework.core.type.classreading.MetadataReaderFactory]
10:42:18,148 TRACE org.springframework.beans.CachedIntrospectionResults:289 - Found bean property 'order' of type [int]
10:42:18,148 TRACE org.springframework.beans.CachedIntrospectionResults:289 - Found bean property 'order' of type [int]
10:42:18,149 TRACE org.springframework.beans.CachedIntrospectionResults:289 - Found bean property 'problemReporter' of type [org.springframework.beans.factory.parsing.ProblemReporter]
10:42:18,149 TRACE org.springframework.beans.CachedIntrospectionResults:289 - Found bean property 'problemReporter' of type [org.springframework.beans.factory.parsing.ProblemReporter]
10:42:18,149 TRACE org.springframework.beans.CachedIntrospectionResults:289 - Found bean property 'resourceLoader' of type [org.springframework.core.io.ResourceLoader]
10:42:18,149 TRACE org.springframework.beans.CachedIntrospectionResults:289 - Found bean property 'resourceLoader' of type [org.springframework.core.io.ResourceLoader]
10:42:18,150 TRACE org.springframework.beans.CachedIntrospectionResults:289 - Found bean property 'sourceExtractor' of type [org.springframework.beans.factory.parsing.SourceExtractor]
10:42:18,150 TRACE org.springframework.beans.CachedIntrospectionResults:289 - Found bean property 'sourceExtractor' of type [org.springframework.beans.factory.parsing.SourceExtractor]
10:42:18,161 DEBUG org.springframework.beans.factory.support.DefaultListableBeanFactory:503 - Finished creating instance of bean 'org.springframework.context.annotation.internalConfigurationAnnotationProcessor'
10:42:18,161 DEBUG org.springframework.beans.factory.support.DefaultListableBeanFactory:503 - Finished creating instance of bean 'org.springframework.context.annotation.internalConfigurationAnnotationProcessor'
10:42:18,236 DEBUG org.springframework.context.annotation.ClassPathBeanDefinitionScanner:212 - JSR-250 'javax.annotation.ManagedBean' found and supported for component scanning
10:42:18,236 DEBUG org.springframework.context.annotation.ClassPathBeanDefinitionScanner:212 - JSR-250 'javax.annotation.ManagedBean' found and supported for component scanning
10:42:18,244 DEBUG org.springframework.core.io.support.PathMatchingResourcePatternResolver:321 - Resolved classpath location [pro/abacus/javatutor/] to resources [URL [file:/E:/java/repos/JavaTutorAPI/javatutor/target/test-classes/pro/abacus/javatutor/], URL [file:/E:/java/repos/JavaTutorAPI/javatutor/target/classes/pro/abacus/javatutor/]]
10:42:18,244 DEBUG org.springframework.core.io.support.PathMatchingResourcePatternResolver:321 - Resolved classpath location [pro/abacus/javatutor/] to resources [URL [file:/E:/java/repos/JavaTutorAPI/javatutor/target/test-classes/pro/abacus/javatutor/], URL [file:/E:/java/repos/JavaTutorAPI/javatutor/target/classes/pro/abacus/javatutor/]]
10:42:18,245 DEBUG org.springframework.core.io.support.PathMatchingResourcePatternResolver:721 - Looking for matching resources in directory tree [E:\java\repos\JavaTutorAPI\javatutor\target\test-classes\pro\abacus\javatutor]
10:42:18,245 DEBUG org.springframework.core.io.support.PathMatchingResourcePatternResolver:721 - Looking for matching resources in directory tree [E:\java\repos\JavaTutorAPI\javatutor\target\test-classes\pro\abacus\javatutor]
10:42:18,245 DEBUG org.springframework.core.io.support.PathMatchingResourcePatternResolver:783 - Searching directory [E:\java\repos\JavaTutorAPI\javatutor\target\test-classes\pro\abacus\javatutor] for files matching pattern [E:/java/repos/JavaTutorAPI/javatutor/target/test-classes/pro/abacus/javatutor/**/*.class]
10:42:18,245 DEBUG org.springframework.core.io.support.PathMatchingResourcePatternResolver:783 - Searching directory [E:\java\repos\JavaTutorAPI\javatutor\target\test-classes\pro\abacus\javatutor] for files matching pattern [E:/java/repos/JavaTutorAPI/javatutor/target/test-classes/pro/abacus/javatutor/**/*.class]
10:42:18,247 DEBUG org.springframework.core.io.support.PathMatchingResourcePatternResolver:783 - Searching directory [E:\java\repos\JavaTutorAPI\javatutor\target\test-classes\pro\abacus\javatutor\controller] for files matching pattern [E:/java/repos/JavaTutorAPI/javatutor/target/test-classes/pro/abacus/javatutor/**/*.class]
10:42:18,247 DEBUG org.springframework.core.io.support.PathMatchingResourcePatternResolver:783 - Searching directory [E:\java\repos\JavaTutorAPI\javatutor\target\test-classes\pro\abacus\javatutor\controller] for files matching pattern [E:/java/repos/JavaTutorAPI/javatutor/target/test-classes/pro/abacus/javatutor/**/*.class]
10:42:18,250 DEBUG org.springframework.core.io.support.PathMatchingResourcePatternResolver:783 - Searching directory [E:\java\repos\JavaTutorAPI\javatutor\target\test-classes\pro\abacus\javatutor\repository] for files matching pattern [E:/java/repos/JavaTutorAPI/javatutor/target/test-classes/pro/abacus/javatutor/**/*.class]
10:42:18,250 DEBUG org.springframework.core.io.support.PathMatchingResourcePatternResolver:783 - Searching directory [E:\java\repos\JavaTutorAPI\javatutor\target\test-classes\pro\abacus\javatutor\repository] for files matching pattern [E:/java/repos/JavaTutorAPI/javatutor/target/test-classes/pro/abacus/javatutor/**/*.class]
10:42:18,251 DEBUG org.springframework.core.io.support.PathMatchingResourcePatternResolver:783 - Searching directory [E:\java\repos\JavaTutorAPI\javatutor\target\test-classes\pro\abacus\javatutor\security] for files matching pattern [E:/java/repos/JavaTutorAPI/javatutor/target/test-classes/pro/abacus/javatutor/**/*.class]
10:42:18,251 DEBUG org.springframework.core.io.support.PathMatchingResourcePatternResolver:783 - Searching directory [E:\java\repos\JavaTutorAPI\javatutor\target\test-classes\pro\abacus\javatutor\security] for files matching pattern [E:/java/repos/JavaTutorAPI/javatutor/target/test-classes/pro/abacus/javatutor/**/*.class]
10:42:18,260 DEBUG org.springframework.core.io.support.PathMatchingResourcePatternResolver:783 - Searching directory [E:\java\repos\JavaTutorAPI\javatutor\target\test-classes\pro\abacus\javatutor\service] for files matching pattern [E:/java/repos/JavaTutorAPI/javatutor/target/test-classes/pro/abacus/javatutor/**/*.class]
10:42:18,260 DEBUG org.springframework.core.io.support.PathMatchingResourcePatternResolver:783 - Searching directory [E:\java\repos\JavaTutorAPI\javatutor\target\test-classes\pro\abacus\javatutor\service] for files matching pattern [E:/java/repos/JavaTutorAPI/javatutor/target/test-classes/pro/abacus/javatutor/**/*.class]
10:42:18,267 DEBUG org.springframework.core.io.support.PathMatchingResourcePatternResolver:721 - Looking for matching resources in directory tree [E:\java\repos\JavaTutorAPI\javatutor\target\classes\pro\abacus\javatutor]
10:42:18,267 DEBUG org.springframework.core.io.support.PathMatchingResourcePatternResolver:721 - Looking for matching resources in directory tree [E:\java\repos\JavaTutorAPI\javatutor\target\classes\pro\abacus\javatutor]
10:42:18,270 DEBUG org.springframework.core.io.support.PathMatchingResourcePatternResolver:783 - Searching directory [E:\java\repos\JavaTutorAPI\javatutor\target\classes\pro\abacus\javatutor] for files matching pattern [E:/java/repos/JavaTutorAPI/javatutor/target/classes/pro/abacus/javatutor/**/*.class]
10:42:18,270 DEBUG org.springframework.core.io.support.PathMatchingResourcePatternResolver:783 - Searching directory [E:\java\repos\JavaTutorAPI\javatutor\target\classes\pro\abacus\javatutor] for files matching pattern [E:/java/repos/JavaTutorAPI/javatutor/target/classes/pro/abacus/javatutor/**/*.class]
10:42:18,277 DEBUG org.springframework.core.io.support.PathMatchingResourcePatternResolver:783 - Searching directory [E:\java\repos\JavaTutorAPI\javatutor\target\classes\pro\abacus\javatutor\controller] for files matching pattern [E:/java/repos/JavaTutorAPI/javatutor/target/classes/pro/abacus/javatutor/**/*.class]
10:42:18,277 DEBUG org.springframework.core.io.support.PathMatchingResourcePatternResolver:783 - Searching directory [E:\java\repos\JavaTutorAPI\javatutor\target\classes\pro\abacus\javatutor\controller] for files matching pattern [E:/java/repos/JavaTutorAPI/javatutor/target/classes/pro/abacus/javatutor/**/*.class]
10:42:18,280 DEBUG org.springframework.core.io.support.PathMatchingResourcePatternResolver:783 - Searching directory [E:\java\repos\JavaTutorAPI\javatutor\target\classes\pro\abacus\javatutor\domain] for files matching pattern [E:/java/repos/JavaTutorAPI/javatutor/target/classes/pro/abacus/javatutor/**/*.class]
10:42:18,280 DEBUG org.springframework.core.io.support.PathMatchingResourcePatternResolver:783 - Searching directory [E:\java\repos\JavaTutorAPI\javatutor\target\classes\pro\abacus\javatutor\domain] for files matching pattern [E:/java/repos/JavaTutorAPI/javatutor/target/classes/pro/abacus/javatutor/**/*.class]
10:42:18,282 DEBUG org.springframework.core.io.support.PathMatchingResourcePatternResolver:783 - Searching directory [E:\java\repos\JavaTutorAPI\javatutor\target\classes\pro\abacus\javatutor\repository] for files matching pattern [E:/java/repos/JavaTutorAPI/javatutor/target/classes/pro/abacus/javatutor/**/*.class]
10:42:18,282 DEBUG org.springframework.core.io.support.PathMatchingResourcePatternResolver:783 - Searching directory [E:\java\repos\JavaTutorAPI\javatutor\target\classes\pro\abacus\javatutor\repository] for files matching pattern [E:/java/repos/JavaTutorAPI/javatutor/target/classes/pro/abacus/javatutor/**/*.class]
10:42:18,284 DEBUG org.springframework.core.io.support.PathMatchingResourcePatternResolver:783 - Searching directory [E:\java\repos\JavaTutorAPI\javatutor\target\classes\pro\abacus\javatutor\security] for files matching pattern [E:/java/repos/JavaTutorAPI/javatutor/target/classes/pro/abacus/javatutor/**/*.class]
10:42:18,284 DEBUG org.springframework.core.io.support.PathMatchingResourcePatternResolver:783 - Searching directory [E:\java\repos\JavaTutorAPI\javatutor\target\classes\pro\abacus\javatutor\security] for files matching pattern [E:/java/repos/JavaTutorAPI/javatutor/target/classes/pro/abacus/javatutor/**/*.class]
10:42:18,291 DEBUG org.springframework.core.io.support.PathMatchingResourcePatternResolver:783 - Searching directory [E:\java\repos\JavaTutorAPI\javatutor\target\classes\pro\abacus\javatutor\service] for files matching pattern [E:/java/repos/JavaTutorAPI/javatutor/target/classes/pro/abacus/javatutor/**/*.class]
10:42:18,291 DEBUG org.springframework.core.io.support.PathMatchingResourcePatternResolver:783 - Searching directory [E:\java\repos\JavaTutorAPI\javatutor\target\classes\pro\abacus\javatutor\service] for files matching pattern [E:/java/repos/JavaTutorAPI/javatutor/target/classes/pro/abacus/javatutor/**/*.class]
10:42:18,294 DEBUG org.springframework.core.io.support.PathMatchingResourcePatternResolver:514 - Resolved location pattern [classpath*:pro/abacus/javatutor/**/*.class] to resources [file [E:\java\repos\JavaTutorAPI\javatutor\target\test-classes\pro\abacus\javatutor\controller\QuestionRestControllerTest.class], file [E:\java\repos\JavaTutorAPI\javatutor\target\test-classes\pro\abacus\javatutor\controller\RegistrationControllerTest.class], file [E:\java\repos\JavaTutorAPI\javatutor\target\test-classes\pro\abacus\javatutor\JavaTutorApplicationTest.class], file [E:\java\repos\JavaTutorAPI\javatutor\target\test-classes\pro\abacus\javatutor\repository\AuthorityRepositoryTest.class], file [E:\java\repos\JavaTutorAPI\javatutor\target\test-classes\pro\abacus\javatutor\repository\JavaQuestionRepositoryTest.class], file [E:\java\repos\JavaTutorAPI\javatutor\target\test-classes\pro\abacus\javatutor\repository\UserRepositoryTest.class], file [E:\java\repos\JavaTutorAPI\javatutor\target\test-classes\pro\abacus\javatutor\security\UserDetailsServiceImplTest.class], file [E:\java\repos\JavaTutorAPI\javatutor\target\test-classes\pro\abacus\javatutor\SecurityIntegrationTest.class], file [E:\java\repos\JavaTutorAPI\javatutor\target\test-classes\pro\abacus\javatutor\service\JavaQuestionsServiceImplTest.class], file [E:\java\repos\JavaTutorAPI\javatutor\target\test-classes\pro\abacus\javatutor\service\UserServiceImplTest.class], file [E:\java\repos\JavaTutorAPI\javatutor\target\classes\pro\abacus\javatutor\controller\QuestionRestController.class], file [E:\java\repos\JavaTutorAPI\javatutor\target\classes\pro\abacus\javatutor\controller\RegistrationController.class], file [E:\java\repos\JavaTutorAPI\javatutor\target\classes\pro\abacus\javatutor\DatabaseConfiguration.class], file [E:\java\repos\JavaTutorAPI\javatutor\target\classes\pro\abacus\javatutor\domain\Authority.class], file [E:\java\repos\JavaTutorAPI\javatutor\target\classes\pro\abacus\javatutor\domain\JavaQuestion.class], file [E:\java\repos\JavaTutorAPI\javatutor\target\classes\pro\abacus\javatutor\domain\User.class], file [E:\java\repos\JavaTutorAPI\javatutor\target\classes\pro\abacus\javatutor\JavaTutorApplication.class], file [E:\java\repos\JavaTutorAPI\javatutor\target\classes\pro\abacus\javatutor\repository\AuthorityRepository.class], file [E:\java\repos\JavaTutorAPI\javatutor\target\classes\pro\abacus\javatutor\repository\JavaQuestionRepository.class], file [E:\java\repos\JavaTutorAPI\javatutor\target\classes\pro\abacus\javatutor\repository\UserRepository.class], file [E:\java\repos\JavaTutorAPI\javatutor\target\classes\pro\abacus\javatutor\security\AuthFailureHandler.class], file [E:\java\repos\JavaTutorAPI\javatutor\target\classes\pro\abacus\javatutor\security\AuthSuccessHandler.class], file [E:\java\repos\JavaTutorAPI\javatutor\target\classes\pro\abacus\javatutor\security\LogoutSuccessHandlerImpl.class], file [E:\java\repos\JavaTutorAPI\javatutor\target\classes\pro\abacus\javatutor\security\UserDetailsImpl.class], file [E:\java\repos\JavaTutorAPI\javatutor\target\classes\pro\abacus\javatutor\security\UserDetailsServiceImpl.class], file [E:\java\repos\JavaTutorAPI\javatutor\target\classes\pro\abacus\javatutor\SecurityConfiguration.class], file [E:\java\repos\JavaTutorAPI\javatutor\target\classes\pro\abacus\javatutor\service\JavaQuestionsService.class], file [E:\java\repos\JavaTutorAPI\javatutor\target\classes\pro\abacus\javatutor\service\JavaQuestionsServiceImpl.class], file [E:\java\repos\JavaTutorAPI\javatutor\target\classes\pro\abacus\javatutor\service\UserService.class], file [E:\java\repos\JavaTutorAPI\javatutor\target\classes\pro\abacus\javatutor\service\UserServiceImpl.class]]
10:42:18,294 DEBUG org.springframework.core.io.support.PathMatchingResourcePatternResolver:514 - Resolved location pattern [classpath*:pro/abacus/javatutor/**/*.class] to resources [file [E:\java\repos\JavaTutorAPI\javatutor\target\test-classes\pro\abacus\javatutor\controller\QuestionRestControllerTest.class], file [E:\java\repos\JavaTutorAPI\javatutor\target\test-classes\pro\abacus\javatutor\controller\RegistrationControllerTest.class], file [E:\java\repos\JavaTutorAPI\javatutor\target\test-classes\pro\abacus\javatutor\JavaTutorApplicationTest.class], file [E:\java\repos\JavaTutorAPI\javatutor\target\test-classes\pro\abacus\javatutor\repository\AuthorityRepositoryTest.class], file [E:\java\repos\JavaTutorAPI\javatutor\target\test-classes\pro\abacus\javatutor\repository\JavaQuestionRepositoryTest.class], file [E:\java\repos\JavaTutorAPI\javatutor\target\test-classes\pro\abacus\javatutor\repository\UserRepositoryTest.class], file [E:\java\repos\JavaTutorAPI\javatutor\target\test-classes\pro\abacus\javatutor\security\UserDetailsServiceImplTest.class], file [E:\java\repos\JavaTutorAPI\javatutor\target\test-classes\pro\abacus\javatutor\SecurityIntegrationTest.class], file [E:\java\repos\JavaTutorAPI\javatutor\target\test-classes\pro\abacus\javatutor\service\JavaQuestionsServiceImplTest.class], file [E:\java\repos\JavaTutorAPI\javatutor\target\test-classes\pro\abacus\javatutor\service\UserServiceImplTest.class], file [E:\java\repos\JavaTutorAPI\javatutor\target\classes\pro\abacus\javatutor\controller\QuestionRestController.class], file [E:\java\repos\JavaTutorAPI\javatutor\target\classes\pro\abacus\javatutor\controller\RegistrationController.class], file [E:\java\repos\JavaTutorAPI\javatutor\target\classes\pro\abacus\javatutor\DatabaseConfiguration.class], file [E:\java\repos\JavaTutorAPI\javatutor\target\classes\pro\abacus\javatutor\domain\Authority.class], file [E:\java\repos\JavaTutorAPI\javatutor\target\classes\pro\abacus\javatutor\domain\JavaQuestion.class], file [E:\java\repos\JavaTutorAPI\javatutor\target\classes\pro\abacus\javatutor\domain\User.class], file [E:\java\repos\JavaTutorAPI\javatutor\target\classes\pro\abacus\javatutor\JavaTutorApplication.class], file [E:\java\repos\JavaTutorAPI\javatutor\target\classes\pro\abacus\javatutor\repository\AuthorityRepository.class], file [E:\java\repos\JavaTutorAPI\javatutor\target\classes\pro\abacus\javatutor\repository\JavaQuestionRepository.class], file [E:\java\repos\JavaTutorAPI\javatutor\target\classes\pro\abacus\javatutor\repository\UserRepository.class], file [E:\java\repos\JavaTutorAPI\javatutor\target\classes\pro\abacus\javatutor\security\AuthFailureHandler.class], file [E:\java\repos\JavaTutorAPI\javatutor\target\classes\pro\abacus\javatutor\security\AuthSuccessHandler.class], file [E:\java\repos\JavaTutorAPI\javatutor\target\classes\pro\abacus\javatutor\security\LogoutSuccessHandlerImpl.class], file [E:\java\repos\JavaTutorAPI\javatutor\target\classes\pro\abacus\javatutor\security\UserDetailsImpl.class], file [E:\java\repos\JavaTutorAPI\javatutor\target\classes\pro\abacus\javatutor\security\UserDetailsServiceImpl.class], file [E:\java\repos\JavaTutorAPI\javatutor\target\classes\pro\abacus\javatutor\SecurityConfiguration.class], file [E:\java\repos\JavaTutorAPI\javatutor\target\classes\pro\abacus\javatutor\service\JavaQuestionsService.class], file [E:\java\repos\JavaTutorAPI\javatutor\target\classes\pro\abacus\javatutor\service\JavaQuestionsServiceImpl.class], file [E:\java\repos\JavaTutorAPI\javatutor\target\classes\pro\abacus\javatutor\service\UserService.class], file [E:\java\repos\JavaTutorAPI\javatutor\target\classes\pro\abacus\javatutor\service\UserServiceImpl.class]]
10:42:18,295 TRACE org.springframework.context.annotation.ClassPathBeanDefinitionScanner:426 - Scanning file [E:\java\repos\JavaTutorAPI\javatutor\target\test-classes\pro\abacus\javatutor\controller\QuestionRestControllerTest.class]
10:42:18,295 TRACE org.springframework.context.annotation.ClassPathBeanDefinitionScanner:426 - Scanning file [E:\java\repos\JavaTutorAPI\javatutor\target\test-classes\pro\abacus\javatutor\controller\QuestionRestControllerTest.class]
10:42:18,381 DEBUG org.springframework.beans.factory.support.DefaultListableBeanFactory:254 - Returning cached instance of singleton bean 'org.springframework.boot.test.context.filter.TestTypeExcludeFilter'
10:42:18,381 DEBUG org.springframework.beans.factory.support.DefaultListableBeanFactory:254 - Returning cached instance of singleton bean 'org.springframework.boot.test.context.filter.TestTypeExcludeFilter'
10:42:18,382 DEBUG org.springframework.beans.factory.support.DefaultListableBeanFactory:254 - Returning cached instance of singleton bean 'org.springframework.boot.test.autoconfigure.filter.TypeExcludeFilters'
10:42:18,382 DEBUG org.springframework.beans.factory.support.DefaultListableBeanFactory:254 - Returning cached instance of singleton bean 'org.springframework.boot.test.autoconfigure.filter.TypeExcludeFilters'
10:42:18,382 TRACE org.springframework.context.annotation.ClassPathBeanDefinitionScanner:449 - Ignored because not matching any filter: file [E:\java\repos\JavaTutorAPI\javatutor\target\test-classes\pro\abacus\javatutor\controller\QuestionRestControllerTest.class]
10:42:18,382 TRACE org.springframework.context.annotation.ClassPathBeanDefinitionScanner:449 - Ignored because not matching any filter: file [E:\java\repos\JavaTutorAPI\javatutor\target\test-classes\pro\abacus\javatutor\controller\QuestionRestControllerTest.class]
10:42:18,383 TRACE org.springframework.context.annotation.ClassPathBeanDefinitionScanner:426 - Scanning file [E:\java\repos\JavaTutorAPI\javatutor\target\test-classes\pro\abacus\javatutor\controller\RegistrationControllerTest.class]
10:42:18,383 TRACE org.springframework.context.annotation.ClassPathBeanDefinitionScanner:426 - Scanning file [E:\java\repos\JavaTutorAPI\javatutor\target\test-classes\pro\abacus\javatutor\controller\RegistrationControllerTest.class]
10:42:18,394 DEBUG org.springframework.beans.factory.support.DefaultListableBeanFactory:254 - Returning cached instance of singleton bean 'org.springframework.boot.test.context.filter.TestTypeExcludeFilter'
10:42:18,394 DEBUG org.springframework.beans.factory.support.DefaultListableBeanFactory:254 - Returning cached instance of singleton bean 'org.springframework.boot.test.context.filter.TestTypeExcludeFilter'
10:42:18,395 DEBUG org.springframework.beans.factory.support.DefaultListableBeanFactory:254 - Returning cached instance of singleton bean 'org.springframework.boot.test.autoconfigure.filter.TypeExcludeFilters'
10:42:18,395 DEBUG org.springframework.beans.factory.support.DefaultListableBeanFactory:254 - Returning cached instance of singleton bean 'org.springframework.boot.test.autoconfigure.filter.TypeExcludeFilters'
10:42:18,396 TRACE org.springframework.context.annotation.ClassPathBeanDefinitionScanner:449 - Ignored because not matching any filter: file [E:\java\repos\JavaTutorAPI\javatutor\target\test-classes\pro\abacus\javatutor\controller\RegistrationControllerTest.class]
10:42:18,396 TRACE org.springframework.context.annotation.ClassPathBeanDefinitionScanner:449 - Ignored because not matching any filter: file [E:\java\repos\JavaTutorAPI\javatutor\target\test-classes\pro\abacus\javatutor\controller\RegistrationControllerTest.class]
10:42:18,396 TRACE org.springframework.context.annotation.ClassPathBeanDefinitionScanner:426 - Scanning file [E:\java\repos\JavaTutorAPI\javatutor\target\test-classes\pro\abacus\javatutor\JavaTutorApplicationTest.class]
10:42:18,396 TRACE org.springframework.context.annotation.ClassPathBeanDefinitionScanner:426 - Scanning file [E:\java\repos\JavaTutorAPI\javatutor\target\test-classes\pro\abacus\javatutor\JavaTutorApplicationTest.class]
10:42:18,401 DEBUG org.springframework.beans.factory.support.DefaultListableBeanFactory:254 - Returning cached instance of singleton bean 'org.springframework.boot.test.context.filter.TestTypeExcludeFilter'
10:42:18,401 DEBUG org.springframework.beans.factory.support.DefaultListableBeanFactory:254 - Returning cached instance of singleton bean 'org.springframework.boot.test.context.filter.TestTypeExcludeFilter'
10:42:18,402 DEBUG org.springframework.beans.factory.support.DefaultListableBeanFactory:254 - Returning cached instance of singleton bean 'org.springframework.boot.test.autoconfigure.filter.TypeExcludeFilters'
10:42:18,402 DEBUG org.springframework.beans.factory.support.DefaultListableBeanFactory:254 - Returning cached instance of singleton bean 'org.springframework.boot.test.autoconfigure.filter.TypeExcludeFilters'
10:42:18,402 TRACE org.springframework.context.annotation.ClassPathBeanDefinitionScanner:449 - Ignored because not matching any filter: file [E:\java\repos\JavaTutorAPI\javatutor\target\test-classes\pro\abacus\javatutor\JavaTutorApplicationTest.class]
10:42:18,402 TRACE org.springframework.context.annotation.ClassPathBeanDefinitionScanner:449 - Ignored because not matching any filter: file [E:\java\repos\JavaTutorAPI\javatutor\target\test-classes\pro\abacus\javatutor\JavaTutorApplicationTest.class]
10:42:18,403 TRACE org.springframework.context.annotation.ClassPathBeanDefinitionScanner:426 - Scanning file [E:\java\repos\JavaTutorAPI\javatutor\target\test-classes\pro\abacus\javatutor\repository\AuthorityRepositoryTest.class]
10:42:18,403 TRACE org.springframework.context.annotation.ClassPathBeanDefinitionScanner:426 - Scanning file [E:\java\repos\JavaTutorAPI\javatutor\target\test-classes\pro\abacus\javatutor\repository\AuthorityRepositoryTest.class]
10:42:18,443 DEBUG org.springframework.beans.factory.support.DefaultListableBeanFactory:254 - Returning cached instance of singleton bean 'org.springframework.boot.test.context.filter.TestTypeExcludeFilter'
10:42:18,443 DEBUG org.springframework.beans.factory.support.DefaultListableBeanFactory:254 - Returning cached instance of singleton bean 'org.springframework.boot.test.context.filter.TestTypeExcludeFilter'
10:42:18,444 DEBUG org.springframework.beans.factory.support.DefaultListableBeanFactory:254 - Returning cached instance of singleton bean 'org.springframework.boot.test.autoconfigure.filter.TypeExcludeFilters'
10:42:18,444 DEBUG org.springframework.beans.factory.support.DefaultListableBeanFactory:254 - Returning cached instance of singleton bean 'org.springframework.boot.test.autoconfigure.filter.TypeExcludeFilters'
10:42:18,444 TRACE org.springframework.context.annotation.ClassPathBeanDefinitionScanner:449 - Ignored because not matching any filter: file [E:\java\repos\JavaTutorAPI\javatutor\target\test-classes\pro\abacus\javatutor\repository\AuthorityRepositoryTest.class]
10:42:18,444 TRACE org.springframework.context.annotation.ClassPathBeanDefinitionScanner:449 - Ignored because not matching any filter: file [E:\java\repos\JavaTutorAPI\javatutor\target\test-classes\pro\abacus\javatutor\repository\AuthorityRepositoryTest.class]
10:42:18,445 TRACE org.springframework.context.annotation.ClassPathBeanDefinitionScanner:426 - Scanning file [E:\java\repos\JavaTutorAPI\javatutor\target\test-classes\pro\abacus\javatutor\repository\JavaQuestionRepositoryTest.class]
10:42:18,445 TRACE org.springframework.context.annotation.ClassPathBeanDefinitionScanner:426 - Scanning file [E:\java\repos\JavaTutorAPI\javatutor\target\test-classes\pro\abacus\javatutor\repository\JavaQuestionRepositoryTest.class]
10:42:18,461 DEBUG org.springframework.beans.factory.support.DefaultListableBeanFactory:254 - Returning cached instance of singleton bean 'org.springframework.boot.test.context.filter.TestTypeExcludeFilter'
10:42:18,461 DEBUG org.springframework.beans.factory.support.DefaultListableBeanFactory:254 - Returning cached instance of singleton bean 'org.springframework.boot.test.context.filter.TestTypeExcludeFilter'
10:42:18,462 DEBUG org.springframework.beans.factory.support.DefaultListableBeanFactory:254 - Returning cached instance of singleton bean 'org.springframework.boot.test.autoconfigure.filter.TypeExcludeFilters'
10:42:18,462 DEBUG org.springframework.beans.factory.support.DefaultListableBeanFactory:254 - Returning cached instance of singleton bean 'org.springframework.boot.test.autoconfigure.filter.TypeExcludeFilters'
10:42:18,463 TRACE org.springframework.context.annotation.ClassPathBeanDefinitionScanner:449 - Ignored because not matching any filter: file [E:\java\repos\JavaTutorAPI\javatutor\target\test-classes\pro\abacus\javatutor\repository\JavaQuestionRepositoryTest.class]
10:42:18,463 TRACE org.springframework.context.annotation.ClassPathBeanDefinitionScanner:449 - Ignored because not matching any filter: file [E:\java\repos\JavaTutorAPI\javatutor\target\test-classes\pro\abacus\javatutor\repository\JavaQuestionRepositoryTest.class]
10:42:18,463 TRACE org.springframework.context.annotation.ClassPathBeanDefinitionScanner:426 - Scanning file [E:\java\repos\JavaTutorAPI\javatutor\target\test-classes\pro\abacus\javatutor\repository\UserRepositoryTest.class]
10:42:18,463 TRACE org.springframework.context.annotation.ClassPathBeanDefinitionScanner:426 - Scanning file [E:\java\repos\JavaTutorAPI\javatutor\target\test-classes\pro\abacus\javatutor\repository\UserRepositoryTest.class]
10:42:18,465 DEBUG org.springframework.beans.factory.support.DefaultListableBeanFactory:254 - Returning cached instance of singleton bean 'org.springframework.boot.test.context.filter.TestTypeExcludeFilter'
10:42:18,465 DEBUG org.springframework.beans.factory.support.DefaultListableBeanFactory:254 - Returning cached instance of singleton bean 'org.springframework.boot.test.context.filter.TestTypeExcludeFilter'
10:42:18,466 DEBUG org.springframework.beans.factory.support.DefaultListableBeanFactory:254 - Returning cached instance of singleton bean 'org.springframework.boot.test.autoconfigure.filter.TypeExcludeFilters'
10:42:18,466 DEBUG org.springframework.beans.factory.support.DefaultListableBeanFactory:254 - Returning cached instance of singleton bean 'org.springframework.boot.test.autoconfigure.filter.TypeExcludeFilters'
10:42:18,466 TRACE org.springframework.context.annotation.ClassPathBeanDefinitionScanner:449 - Ignored because not matching any filter: file [E:\java\repos\JavaTutorAPI\javatutor\target\test-classes\pro\abacus\javatutor\repository\UserRepositoryTest.class]
10:42:18,466 TRACE org.springframework.context.annotation.ClassPathBeanDefinitionScanner:449 - Ignored because not matching any filter: file [E:\java\repos\JavaTutorAPI\javatutor\target\test-classes\pro\abacus\javatutor\repository\UserRepositoryTest.class]
10:42:18,467 TRACE org.springframework.context.annotation.ClassPathBeanDefinitionScanner:426 - Scanning file [E:\java\repos\JavaTutorAPI\javatutor\target\test-classes\pro\abacus\javatutor\security\UserDetailsServiceImplTest.class]
10:42:18,467 TRACE org.springframework.context.annotation.ClassPathBeanDefinitionScanner:426 - Scanning file [E:\java\repos\JavaTutorAPI\javatutor\target\test-classes\pro\abacus\javatutor\security\UserDetailsServiceImplTest.class]
10:42:18,473 DEBUG org.springframework.beans.factory.support.DefaultListableBeanFactory:254 - Returning cached instance of singleton bean 'org.springframework.boot.test.context.filter.TestTypeExcludeFilter'
10:42:18,473 DEBUG org.springframework.beans.factory.support.DefaultListableBeanFactory:254 - Returning cached instance of singleton bean 'org.springframework.boot.test.context.filter.TestTypeExcludeFilter'
10:42:18,474 DEBUG org.springframework.beans.factory.support.DefaultListableBeanFactory:254 - Returning cached instance of singleton bean 'org.springframework.boot.test.autoconfigure.filter.TypeExcludeFilters'
10:42:18,474 DEBUG org.springframework.beans.factory.support.DefaultListableBeanFactory:254 - Returning cached instance of singleton bean 'org.springframework.boot.test.autoconfigure.filter.TypeExcludeFilters'
10:42:18,476 TRACE org.springframework.context.annotation.ClassPathBeanDefinitionScanner:449 - Ignored because not matching any filter: file [E:\java\repos\JavaTutorAPI\javatutor\target\test-classes\pro\abacus\javatutor\security\UserDetailsServiceImplTest.class]
10:42:18,476 TRACE org.springframework.context.annotation.ClassPathBeanDefinitionScanner:449 - Ignored because not matching any filter: file [E:\java\repos\JavaTutorAPI\javatutor\target\test-classes\pro\abacus\javatutor\security\UserDetailsServiceImplTest.class]
10:42:18,476 TRACE org.springframework.context.annotation.ClassPathBeanDefinitionScanner:426 - Scanning file [E:\java\repos\JavaTutorAPI\javatutor\target\test-classes\pro\abacus\javatutor\SecurityIntegrationTest.class]
10:42:18,476 TRACE org.springframework.context.annotation.ClassPathBeanDefinitionScanner:426 - Scanning file [E:\java\repos\JavaTutorAPI\javatutor\target\test-classes\pro\abacus\javatutor\SecurityIntegrationTest.class]
10:42:18,499 DEBUG org.springframework.beans.factory.support.DefaultListableBeanFactory:254 - Returning cached instance of singleton bean 'org.springframework.boot.test.context.filter.TestTypeExcludeFilter'
10:42:18,499 DEBUG org.springframework.beans.factory.support.DefaultListableBeanFactory:254 - Returning cached instance of singleton bean 'org.springframework.boot.test.context.filter.TestTypeExcludeFilter'
10:42:18,500 DEBUG org.springframework.beans.factory.support.DefaultListableBeanFactory:254 - Returning cached instance of singleton bean 'org.springframework.boot.test.autoconfigure.filter.TypeExcludeFilters'
10:42:18,500 DEBUG org.springframework.beans.factory.support.DefaultListableBeanFactory:254 - Returning cached instance of singleton bean 'org.springframework.boot.test.autoconfigure.filter.TypeExcludeFilters'
10:42:18,500 TRACE org.springframework.context.annotation.ClassPathBeanDefinitionScanner:449 - Ignored because not matching any filter: file [E:\java\repos\JavaTutorAPI\javatutor\target\test-classes\pro\abacus\javatutor\SecurityIntegrationTest.class]
10:42:18,500 TRACE org.springframework.context.annotation.ClassPathBeanDefinitionScanner:449 - Ignored because not matching any filter: file [E:\java\repos\JavaTutorAPI\javatutor\target\test-classes\pro\abacus\javatutor\SecurityIntegrationTest.class]
10:42:18,501 TRACE org.springframework.context.annotation.ClassPathBeanDefinitionScanner:426 - Scanning file [E:\java\repos\JavaTutorAPI\javatutor\target\test-classes\pro\abacus\javatutor\service\JavaQuestionsServiceImplTest.class]
10:42:18,501 TRACE org.springframework.context.annotation.ClassPathBeanDefinitionScanner:426 - Scanning file [E:\java\repos\JavaTutorAPI\javatutor\target\test-classes\pro\abacus\javatutor\service\JavaQuestionsServiceImplTest.class]
10:42:18,525 DEBUG org.springframework.beans.factory.support.DefaultListableBeanFactory:254 - Returning cached instance of singleton bean 'org.springframework.boot.test.context.filter.TestTypeExcludeFilter'
10:42:18,525 DEBUG org.springframework.beans.factory.support.DefaultListableBeanFactory:254 - Returning cached instance of singleton bean 'org.springframework.boot.test.context.filter.TestTypeExcludeFilter'
10:42:18,527 DEBUG org.springframework.beans.factory.support.DefaultListableBeanFactory:254 - Returning cached instance of singleton bean 'org.springframework.boot.test.autoconfigure.filter.TypeExcludeFilters'
10:42:18,527 DEBUG org.springframework.beans.factory.support.DefaultListableBeanFactory:254 - Returning cached instance of singleton bean 'org.springframework.boot.test.autoconfigure.filter.TypeExcludeFilters'
10:42:18,527 TRACE org.springframework.context.annotation.ClassPathBeanDefinitionScanner:449 - Ignored because not matching any filter: file [E:\java\repos\JavaTutorAPI\javatutor\target\test-classes\pro\abacus\javatutor\service\JavaQuestionsServiceImplTest.class]
10:42:18,527 TRACE org.springframework.context.annotation.ClassPathBeanDefinitionScanner:449 - Ignored because not matching any filter: file [E:\java\repos\JavaTutorAPI\javatutor\target\test-classes\pro\abacus\javatutor\service\JavaQuestionsServiceImplTest.class]
10:42:18,528 TRACE org.springframework.context.annotation.ClassPathBeanDefinitionScanner:426 - Scanning file [E:\java\repos\JavaTutorAPI\javatutor\target\test-classes\pro\abacus\javatutor\service\UserServiceImplTest.class]
10:42:18,528 TRACE org.springframework.context.annotation.ClassPathBeanDefinitionScanner:426 - Scanning file [E:\java\repos\JavaTutorAPI\javatutor\target\test-classes\pro\abacus\javatutor\service\UserServiceImplTest.class]
10:42:18,546 DEBUG org.springframework.beans.factory.support.DefaultListableBeanFactory:254 - Returning cached instance of singleton bean 'org.springframework.boot.test.context.filter.TestTypeExcludeFilter'
10:42:18,546 DEBUG org.springframework.beans.factory.support.DefaultListableBeanFactory:254 - Returning cached instance of singleton bean 'org.springframework.boot.test.context.filter.TestTypeExcludeFilter'
10:42:18,546 DEBUG org.springframework.beans.factory.support.DefaultListableBeanFactory:254 - Returning cached instance of singleton bean 'org.springframework.boot.test.autoconfigure.filter.TypeExcludeFilters'
10:42:18,546 DEBUG org.springframework.beans.factory.support.DefaultListableBeanFactory:254 - Returning cached instance of singleton bean 'org.springframework.boot.test.autoconfigure.filter.TypeExcludeFilters'
10:42:18,547 TRACE org.springframework.context.annotation.ClassPathBeanDefinitionScanner:449 - Ignored because not matching any filter: file [E:\java\repos\JavaTutorAPI\javatutor\target\test-classes\pro\abacus\javatutor\service\UserServiceImplTest.class]
10:42:18,547 TRACE org.springframework.context.annotation.ClassPathBeanDefinitionScanner:449 - Ignored because not matching any filter: file [E:\java\repos\JavaTutorAPI\javatutor\target\test-classes\pro\abacus\javatutor\service\UserServiceImplTest.class]
10:42:18,548 TRACE org.springframework.context.annotation.ClassPathBeanDefinitionScanner:426 - Scanning file [E:\java\repos\JavaTutorAPI\javatutor\target\classes\pro\abacus\javatutor\controller\QuestionRestController.class]
10:42:18,548 TRACE org.springframework.context.annotation.ClassPathBeanDefinitionScanner:426 - Scanning file [E:\java\repos\JavaTutorAPI\javatutor\target\classes\pro\abacus\javatutor\controller\QuestionRestController.class]
10:42:18,563 DEBUG org.springframework.beans.factory.support.DefaultListableBeanFactory:254 - Returning cached instance of singleton bean 'org.springframework.boot.test.context.filter.TestTypeExcludeFilter'
10:42:18,563 DEBUG org.springframework.beans.factory.support.DefaultListableBeanFactory:254 - Returning cached instance of singleton bean 'org.springframework.boot.test.context.filter.TestTypeExcludeFilter'
10:42:18,564 DEBUG org.springframework.beans.factory.support.DefaultListableBeanFactory:254 - Returning cached instance of singleton bean 'org.springframework.boot.test.autoconfigure.filter.TypeExcludeFilters'
10:42:18,564 DEBUG org.springframework.beans.factory.support.DefaultListableBeanFactory:254 - Returning cached instance of singleton bean 'org.springframework.boot.test.autoconfigure.filter.TypeExcludeFilters'
10:42:18,564 TRACE org.springframework.context.annotation.ClassPathBeanDefinitionScanner:449 - Ignored because not matching any filter: file [E:\java\repos\JavaTutorAPI\javatutor\target\classes\pro\abacus\javatutor\controller\QuestionRestController.class]
10:42:18,564 TRACE org.springframework.context.annotation.ClassPathBeanDefinitionScanner:449 - Ignored because not matching any filter: file [E:\java\repos\JavaTutorAPI\javatutor\target\classes\pro\abacus\javatutor\controller\QuestionRestController.class]
10:42:18,564 TRACE org.springframework.context.annotation.ClassPathBeanDefinitionScanner:426 - Scanning file [E:\java\repos\JavaTutorAPI\javatutor\target\classes\pro\abacus\javatutor\controller\RegistrationController.class]
10:42:18,564 TRACE org.springframework.context.annotation.ClassPathBeanDefinitionScanner:426 - Scanning file [E:\java\repos\JavaTutorAPI\javatutor\target\classes\pro\abacus\javatutor\controller\RegistrationController.class]
10:42:18,575 DEBUG org.springframework.beans.factory.support.DefaultListableBeanFactory:254 - Returning cached instance of singleton bean 'org.springframework.boot.test.context.filter.TestTypeExcludeFilter'
10:42:18,575 DEBUG org.springframework.beans.factory.support.DefaultListableBeanFactory:254 - Returning cached instance of singleton bean 'org.springframework.boot.test.context.filter.TestTypeExcludeFilter'
10:42:18,575 DEBUG org.springframework.beans.factory.support.DefaultListableBeanFactory:254 - Returning cached instance of singleton bean 'org.springframework.boot.test.autoconfigure.filter.TypeExcludeFilters'
10:42:18,575 DEBUG org.springframework.beans.factory.support.DefaultListableBeanFactory:254 - Returning cached instance of singleton bean 'org.springframework.boot.test.autoconfigure.filter.TypeExcludeFilters'
10:42:18,576 TRACE org.springframework.context.annotation.ClassPathBeanDefinitionScanner:449 - Ignored because not matching any filter: file [E:\java\repos\JavaTutorAPI\javatutor\target\classes\pro\abacus\javatutor\controller\RegistrationController.class]
10:42:18,576 TRACE org.springframework.context.annotation.ClassPathBeanDefinitionScanner:449 - Ignored because not matching any filter: file [E:\java\repos\JavaTutorAPI\javatutor\target\classes\pro\abacus\javatutor\controller\RegistrationController.class]
10:42:18,576 TRACE org.springframework.context.annotation.ClassPathBeanDefinitionScanner:426 - Scanning file [E:\java\repos\JavaTutorAPI\javatutor\target\classes\pro\abacus\javatutor\DatabaseConfiguration.class]
10:42:18,576 TRACE org.springframework.context.annotation.ClassPathBeanDefinitionScanner:426 - Scanning file [E:\java\repos\JavaTutorAPI\javatutor\target\classes\pro\abacus\javatutor\DatabaseConfiguration.class]
10:42:18,582 DEBUG org.springframework.beans.factory.support.DefaultListableBeanFactory:254 - Returning cached instance of singleton bean 'org.springframework.boot.test.context.filter.TestTypeExcludeFilter'
10:42:18,582 DEBUG org.springframework.beans.factory.support.DefaultListableBeanFactory:254 - Returning cached instance of singleton bean 'org.springframework.boot.test.context.filter.TestTypeExcludeFilter'
10:42:18,583 DEBUG org.springframework.beans.factory.support.DefaultListableBeanFactory:254 - Returning cached instance of singleton bean 'org.springframework.boot.test.autoconfigure.filter.TypeExcludeFilters'
10:42:18,583 DEBUG org.springframework.beans.factory.support.DefaultListableBeanFactory:254 - Returning cached instance of singleton bean 'org.springframework.boot.test.autoconfigure.filter.TypeExcludeFilters'
10:42:18,583 TRACE org.springframework.context.annotation.ClassPathBeanDefinitionScanner:449 - Ignored because not matching any filter: file [E:\java\repos\JavaTutorAPI\javatutor\target\classes\pro\abacus\javatutor\DatabaseConfiguration.class]
10:42:18,583 TRACE org.springframework.context.annotation.ClassPathBeanDefinitionScanner:449 - Ignored because not matching any filter: file [E:\java\repos\JavaTutorAPI\javatutor\target\classes\pro\abacus\javatutor\DatabaseConfiguration.class]
10:42:18,584 TRACE org.springframework.context.annotation.ClassPathBeanDefinitionScanner:426 - Scanning file [E:\java\repos\JavaTutorAPI\javatutor\target\classes\pro\abacus\javatutor\domain\Authority.class]
10:42:18,584 TRACE org.springframework.context.annotation.ClassPathBeanDefinitionScanner:426 - Scanning file [E:\java\repos\JavaTutorAPI\javatutor\target\classes\pro\abacus\javatutor\domain\Authority.class]
10:42:18,610 DEBUG org.springframework.beans.factory.support.DefaultListableBeanFactory:254 - Returning cached instance of singleton bean 'org.springframework.boot.test.context.filter.TestTypeExcludeFilter'
10:42:18,610 DEBUG org.springframework.beans.factory.support.DefaultListableBeanFactory:254 - Returning cached instance of singleton bean 'org.springframework.boot.test.context.filter.TestTypeExcludeFilter'
10:42:18,612 DEBUG org.springframework.beans.factory.support.DefaultListableBeanFactory:254 - Returning cached instance of singleton bean 'org.springframework.boot.test.autoconfigure.filter.TypeExcludeFilters'
10:42:18,612 DEBUG org.springframework.beans.factory.support.DefaultListableBeanFactory:254 - Returning cached instance of singleton bean 'org.springframework.boot.test.autoconfigure.filter.TypeExcludeFilters'
10:42:18,613 TRACE org.springframework.context.annotation.ClassPathBeanDefinitionScanner:449 - Ignored because not matching any filter: file [E:\java\repos\JavaTutorAPI\javatutor\target\classes\pro\abacus\javatutor\domain\Authority.class]
10:42:18,613 TRACE org.springframework.context.annotation.ClassPathBeanDefinitionScanner:449 - Ignored because not matching any filter: file [E:\java\repos\JavaTutorAPI\javatutor\target\classes\pro\abacus\javatutor\domain\Authority.class]
10:42:18,615 TRACE org.springframework.context.annotation.ClassPathBeanDefinitionScanner:426 - Scanning file [E:\java\repos\JavaTutorAPI\javatutor\target\classes\pro\abacus\javatutor\domain\JavaQuestion.class]
10:42:18,615 TRACE org.springframework.context.annotation.ClassPathBeanDefinitionScanner:426 - Scanning file [E:\java\repos\JavaTutorAPI\javatutor\target\classes\pro\abacus\javatutor\domain\JavaQuestion.class]
10:42:18,660 DEBUG org.springframework.beans.factory.support.DefaultListableBeanFactory:254 - Returning cached instance of singleton bean 'org.springframework.boot.test.context.filter.TestTypeExcludeFilter'
10:42:18,660 DEBUG org.springframework.beans.factory.support.DefaultListableBeanFactory:254 - Returning cached instance of singleton bean 'org.springframework.boot.test.context.filter.TestTypeExcludeFilter'
10:42:18,661 DEBUG org.springframework.beans.factory.support.DefaultListableBeanFactory:254 - Returning cached instance of singleton bean 'org.springframework.boot.test.autoconfigure.filter.TypeExcludeFilters'
10:42:18,661 DEBUG org.springframework.beans.factory.support.DefaultListableBeanFactory:254 - Returning cached instance of singleton bean 'org.springframework.boot.test.autoconfigure.filter.TypeExcludeFilters'
10:42:18,662 TRACE org.springframework.context.annotation.ClassPathBeanDefinitionScanner:449 - Ignored because not matching any filter: file [E:\java\repos\JavaTutorAPI\javatutor\target\classes\pro\abacus\javatutor\domain\JavaQuestion.class]
10:42:18,662 TRACE org.springframework.context.annotation.ClassPathBeanDefinitionScanner:449 - Ignored because not matching any filter: file [E:\java\repos\JavaTutorAPI\javatutor\target\classes\pro\abacus\javatutor\domain\JavaQuestion.class]
10:42:18,663 TRACE org.springframework.context.annotation.ClassPathBeanDefinitionScanner:426 - Scanning file [E:\java\repos\JavaTutorAPI\javatutor\target\classes\pro\abacus\javatutor\domain\User.class]
10:42:18,663 TRACE org.springframework.context.annotation.ClassPathBeanDefinitionScanner:426 - Scanning file [E:\java\repos\JavaTutorAPI\javatutor\target\classes\pro\abacus\javatutor\domain\User.class]
10:42:18,669 DEBUG org.springframework.beans.factory.support.DefaultListableBeanFactory:254 - Returning cached instance of singleton bean 'org.springframework.boot.test.context.filter.TestTypeExcludeFilter'
10:42:18,669 DEBUG org.springframework.beans.factory.support.DefaultListableBeanFactory:254 - Returning cached instance of singleton bean 'org.springframework.boot.test.context.filter.TestTypeExcludeFilter'
10:42:18,670 DEBUG org.springframework.beans.factory.support.DefaultListableBeanFactory:254 - Returning cached instance of singleton bean 'org.springframework.boot.test.autoconfigure.filter.TypeExcludeFilters'
10:42:18,670 DEBUG org.springframework.beans.factory.support.DefaultListableBeanFactory:254 - Returning cached instance of singleton bean 'org.springframework.boot.test.autoconfigure.filter.TypeExcludeFilters'
10:42:18,674 TRACE org.springframework.context.annotation.ClassPathBeanDefinitionScanner:449 - Ignored because not matching any filter: file [E:\java\repos\JavaTutorAPI\javatutor\target\classes\pro\abacus\javatutor\domain\User.class]
10:42:18,674 TRACE org.springframework.context.annotation.ClassPathBeanDefinitionScanner:449 - Ignored because not matching any filter: file [E:\java\repos\JavaTutorAPI\javatutor\target\classes\pro\abacus\javatutor\domain\User.class]
10:42:18,674 TRACE org.springframework.context.annotation.ClassPathBeanDefinitionScanner:426 - Scanning file [E:\java\repos\JavaTutorAPI\javatutor\target\classes\pro\abacus\javatutor\JavaTutorApplication.class]
10:42:18,674 TRACE org.springframework.context.annotation.ClassPathBeanDefinitionScanner:426 - Scanning file [E:\java\repos\JavaTutorAPI\javatutor\target\classes\pro\abacus\javatutor\JavaTutorApplication.class]
10:42:18,717 TRACE org.springframework.context.annotation.ClassPathBeanDefinitionScanner:449 - Ignored because not matching any filter: file [E:\java\repos\JavaTutorAPI\javatutor\target\classes\pro\abacus\javatutor\JavaTutorApplication.class]
10:42:18,717 TRACE org.springframework.context.annotation.ClassPathBeanDefinitionScanner:449 - Ignored because not matching any filter: file [E:\java\repos\JavaTutorAPI\javatutor\target\classes\pro\abacus\javatutor\JavaTutorApplication.class]
10:42:18,718 TRACE org.springframework.context.annotation.ClassPathBeanDefinitionScanner:426 - Scanning file [E:\java\repos\JavaTutorAPI\javatutor\target\classes\pro\abacus\javatutor\repository\AuthorityRepository.class]
10:42:18,718 TRACE org.springframework.context.annotation.ClassPathBeanDefinitionScanner:426 - Scanning file [E:\java\repos\JavaTutorAPI\javatutor\target\classes\pro\abacus\javatutor\repository\AuthorityRepository.class]
10:42:18,732 DEBUG org.springframework.beans.factory.support.DefaultListableBeanFactory:254 - Returning cached instance of singleton bean 'org.springframework.boot.test.context.filter.TestTypeExcludeFilter'
10:42:18,732 DEBUG org.springframework.beans.factory.support.DefaultListableBeanFactory:254 - Returning cached instance of singleton bean 'org.springframework.boot.test.context.filter.TestTypeExcludeFilter'
10:42:18,734 DEBUG org.springframework.beans.factory.support.DefaultListableBeanFactory:254 - Returning cached instance of singleton bean 'org.springframework.boot.test.autoconfigure.filter.TypeExcludeFilters'
10:42:18,734 DEBUG org.springframework.beans.factory.support.DefaultListableBeanFactory:254 - Returning cached instance of singleton bean 'org.springframework.boot.test.autoconfigure.filter.TypeExcludeFilters'
10:42:18,735 TRACE org.springframework.context.annotation.ClassPathBeanDefinitionScanner:449 - Ignored because not matching any filter: file [E:\java\repos\JavaTutorAPI\javatutor\target\classes\pro\abacus\javatutor\repository\AuthorityRepository.class]
10:42:18,735 TRACE org.springframework.context.annotation.ClassPathBeanDefinitionScanner:449 - Ignored because not matching any filter: file [E:\java\repos\JavaTutorAPI\javatutor\target\classes\pro\abacus\javatutor\repository\AuthorityRepository.class]
10:42:18,735 TRACE org.springframework.context.annotation.ClassPathBeanDefinitionScanner:426 - Scanning file [E:\java\repos\JavaTutorAPI\javatutor\target\classes\pro\abacus\javatutor\repository\JavaQuestionRepository.class]
10:42:18,735 TRACE org.springframework.context.annotation.ClassPathBeanDefinitionScanner:426 - Scanning file [E:\java\repos\JavaTutorAPI\javatutor\target\classes\pro\abacus\javatutor\repository\JavaQuestionRepository.class]
10:42:18,747 DEBUG org.springframework.beans.factory.support.DefaultListableBeanFactory:254 - Returning cached instance of singleton bean 'org.springframework.boot.test.context.filter.TestTypeExcludeFilter'
10:42:18,747 DEBUG org.springframework.beans.factory.support.DefaultListableBeanFactory:254 - Returning cached instance of singleton bean 'org.springframework.boot.test.context.filter.TestTypeExcludeFilter'
10:42:18,747 DEBUG org.springframework.beans.factory.support.DefaultListableBeanFactory:254 - Returning cached instance of singleton bean 'org.springframework.boot.test.autoconfigure.filter.TypeExcludeFilters'
10:42:18,747 DEBUG org.springframework.beans.factory.support.DefaultListableBeanFactory:254 - Returning cached instance of singleton bean 'org.springframework.boot.test.autoconfigure.filter.TypeExcludeFilters'
10:42:18,748 TRACE org.springframework.context.annotation.ClassPathBeanDefinitionScanner:449 - Ignored because not matching any filter: file [E:\java\repos\JavaTutorAPI\javatutor\target\classes\pro\abacus\javatutor\repository\JavaQuestionRepository.class]
10:42:18,748 TRACE org.springframework.context.annotation.ClassPathBeanDefinitionScanner:449 - Ignored because not matching any filter: file [E:\java\repos\JavaTutorAPI\javatutor\target\classes\pro\abacus\javatutor\repository\JavaQuestionRepository.class]
10:42:18,749 TRACE org.springframework.context.annotation.ClassPathBeanDefinitionScanner:426 - Scanning file [E:\java\repos\JavaTutorAPI\javatutor\target\classes\pro\abacus\javatutor\repository\UserRepository.class]
10:42:18,749 TRACE org.springframework.context.annotation.ClassPathBeanDefinitionScanner:426 - Scanning file [E:\java\repos\JavaTutorAPI\javatutor\target\classes\pro\abacus\javatutor\repository\UserRepository.class]
10:42:18,786 DEBUG org.springframework.beans.factory.support.DefaultListableBeanFactory:254 - Returning cached instance of singleton bean 'org.springframework.boot.test.context.filter.TestTypeExcludeFilter'
10:42:18,786 DEBUG org.springframework.beans.factory.support.DefaultListableBeanFactory:254 - Returning cached instance of singleton bean 'org.springframework.boot.test.context.filter.TestTypeExcludeFilter'
10:42:18,791 DEBUG org.springframework.beans.factory.support.DefaultListableBeanFactory:254 - Returning cached instance of singleton bean 'org.springframework.boot.test.autoconfigure.filter.TypeExcludeFilters'
10:42:18,791 DEBUG org.springframework.beans.factory.support.DefaultListableBeanFactory:254 - Returning cached instance of singleton bean 'org.springframework.boot.test.autoconfigure.filter.TypeExcludeFilters'
10:42:18,793 TRACE org.springframework.context.annotation.ClassPathBeanDefinitionScanner:449 - Ignored because not matching any filter: file [E:\java\repos\JavaTutorAPI\javatutor\target\classes\pro\abacus\javatutor\repository\UserRepository.class]
10:42:18,793 TRACE org.springframework.context.annotation.ClassPathBeanDefinitionScanner:449 - Ignored because not matching any filter: file [E:\java\repos\JavaTutorAPI\javatutor\target\classes\pro\abacus\javatutor\repository\UserRepository.class]
10:42:18,794 TRACE org.springframework.context.annotation.ClassPathBeanDefinitionScanner:426 - Scanning file [E:\java\repos\JavaTutorAPI\javatutor\target\classes\pro\abacus\javatutor\security\AuthFailureHandler.class]
10:42:18,794 TRACE org.springframework.context.annotation.ClassPathBeanDefinitionScanner:426 - Scanning file [E:\java\repos\JavaTutorAPI\javatutor\target\classes\pro\abacus\javatutor\security\AuthFailureHandler.class]
10:42:18,827 DEBUG org.springframework.beans.factory.support.DefaultListableBeanFactory:254 - Returning cached instance of singleton bean 'org.springframework.boot.test.context.filter.TestTypeExcludeFilter'
10:42:18,827 DEBUG org.springframework.beans.factory.support.DefaultListableBeanFactory:254 - Returning cached instance of singleton bean 'org.springframework.boot.test.context.filter.TestTypeExcludeFilter'
10:42:18,828 DEBUG org.springframework.beans.factory.support.DefaultListableBeanFactory:254 - Returning cached instance of singleton bean 'org.springframework.boot.test.autoconfigure.filter.TypeExcludeFilters'
10:42:18,828 DEBUG org.springframework.beans.factory.support.DefaultListableBeanFactory:254 - Returning cached instance of singleton bean 'org.springframework.boot.test.autoconfigure.filter.TypeExcludeFilters'
10:42:18,830 TRACE org.springframework.context.annotation.ClassPathBeanDefinitionScanner:449 - Ignored because not matching any filter: file [E:\java\repos\JavaTutorAPI\javatutor\target\classes\pro\abacus\javatutor\security\AuthFailureHandler.class]
10:42:18,830 TRACE org.springframework.context.annotation.ClassPathBeanDefinitionScanner:449 - Ignored because not matching any filter: file [E:\java\repos\JavaTutorAPI\javatutor\target\classes\pro\abacus\javatutor\security\AuthFailureHandler.class]
10:42:18,833 TRACE org.springframework.context.annotation.ClassPathBeanDefinitionScanner:426 - Scanning file [E:\java\repos\JavaTutorAPI\javatutor\target\classes\pro\abacus\javatutor\security\AuthSuccessHandler.class]
10:42:18,833 TRACE org.springframework.context.annotation.ClassPathBeanDefinitionScanner:426 - Scanning file [E:\java\repos\JavaTutorAPI\javatutor\target\classes\pro\abacus\javatutor\security\AuthSuccessHandler.class]
10:42:18,888 DEBUG org.springframework.beans.factory.support.DefaultListableBeanFactory:254 - Returning cached instance of singleton bean 'org.springframework.boot.test.context.filter.TestTypeExcludeFilter'
10:42:18,888 DEBUG org.springframework.beans.factory.support.DefaultListableBeanFactory:254 - Returning cached instance of singleton bean 'org.springframework.boot.test.context.filter.TestTypeExcludeFilter'
10:42:18,891 DEBUG org.springframework.beans.factory.support.DefaultListableBeanFactory:254 - Returning cached instance of singleton bean 'org.springframework.boot.test.autoconfigure.filter.TypeExcludeFilters'
10:42:18,891 DEBUG org.springframework.beans.factory.support.DefaultListableBeanFactory:254 - Returning cached instance of singleton bean 'org.springframework.boot.test.autoconfigure.filter.TypeExcludeFilters'
10:42:18,892 TRACE org.springframework.context.annotation.ClassPathBeanDefinitionScanner:449 - Ignored because not matching any filter: file [E:\java\repos\JavaTutorAPI\javatutor\target\classes\pro\abacus\javatutor\security\AuthSuccessHandler.class]
10:42:18,892 TRACE org.springframework.context.annotation.ClassPathBeanDefinitionScanner:449 - Ignored because not matching any filter: file [E:\java\repos\JavaTutorAPI\javatutor\target\classes\pro\abacus\javatutor\security\AuthSuccessHandler.class]
10:42:18,893 TRACE org.springframework.context.annotation.ClassPathBeanDefinitionScanner:426 - Scanning file [E:\java\repos\JavaTutorAPI\javatutor\target\classes\pro\abacus\javatutor\security\LogoutSuccessHandlerImpl.class]
10:42:18,893 TRACE org.springframework.context.annotation.ClassPathBeanDefinitionScanner:426 - Scanning file [E:\java\repos\JavaTutorAPI\javatutor\target\classes\pro\abacus\javatutor\security\LogoutSuccessHandlerImpl.class]
10:42:18,901 DEBUG org.springframework.beans.factory.support.DefaultListableBeanFactory:254 - Returning cached instance of singleton bean 'org.springframework.boot.test.context.filter.TestTypeExcludeFilter'
10:42:18,901 DEBUG org.springframework.beans.factory.support.DefaultListableBeanFactory:254 - Returning cached instance of singleton bean 'org.springframework.boot.test.context.filter.TestTypeExcludeFilter'
10:42:18,902 DEBUG org.springframework.beans.factory.support.DefaultListableBeanFactory:254 - Returning cached instance of singleton bean 'org.springframework.boot.test.autoconfigure.filter.TypeExcludeFilters'
10:42:18,902 DEBUG org.springframework.beans.factory.support.DefaultListableBeanFactory:254 - Returning cached instance of singleton bean 'org.springframework.boot.test.autoconfigure.filter.TypeExcludeFilters'
10:42:18,903 TRACE org.springframework.context.annotation.ClassPathBeanDefinitionScanner:449 - Ignored because not matching any filter: file [E:\java\repos\JavaTutorAPI\javatutor\target\classes\pro\abacus\javatutor\security\LogoutSuccessHandlerImpl.class]
10:42:18,903 TRACE org.springframework.context.annotation.ClassPathBeanDefinitionScanner:449 - Ignored because not matching any filter: file [E:\java\repos\JavaTutorAPI\javatutor\target\classes\pro\abacus\javatutor\security\LogoutSuccessHandlerImpl.class]
10:42:18,904 TRACE org.springframework.context.annotation.ClassPathBeanDefinitionScanner:426 - Scanning file [E:\java\repos\JavaTutorAPI\javatutor\target\classes\pro\abacus\javatutor\security\UserDetailsImpl.class]
10:42:18,904 TRACE org.springframework.context.annotation.ClassPathBeanDefinitionScanner:426 - Scanning file [E:\java\repos\JavaTutorAPI\javatutor\target\classes\pro\abacus\javatutor\security\UserDetailsImpl.class]
10:42:18,917 DEBUG org.springframework.beans.factory.support.DefaultListableBeanFactory:254 - Returning cached instance of singleton bean 'org.springframework.boot.test.context.filter.TestTypeExcludeFilter'
10:42:18,917 DEBUG org.springframework.beans.factory.support.DefaultListableBeanFactory:254 - Returning cached instance of singleton bean 'org.springframework.boot.test.context.filter.TestTypeExcludeFilter'
10:42:18,918 DEBUG org.springframework.beans.factory.support.DefaultListableBeanFactory:254 - Returning cached instance of singleton bean 'org.springframework.boot.test.autoconfigure.filter.TypeExcludeFilters'
10:42:18,918 DEBUG org.springframework.beans.factory.support.DefaultListableBeanFactory:254 - Returning cached instance of singleton bean 'org.springframework.boot.test.autoconfigure.filter.TypeExcludeFilters'
10:42:18,923 TRACE org.springframework.context.annotation.ClassPathBeanDefinitionScanner:449 - Ignored because not matching any filter: file [E:\java\repos\JavaTutorAPI\javatutor\target\classes\pro\abacus\javatutor\security\UserDetailsImpl.class]
10:42:18,923 TRACE org.springframework.context.annotation.ClassPathBeanDefinitionScanner:449 - Ignored because not matching any filter: file [E:\java\repos\JavaTutorAPI\javatutor\target\classes\pro\abacus\javatutor\security\UserDetailsImpl.class]
10:42:18,924 TRACE org.springframework.context.annotation.ClassPathBeanDefinitionScanner:426 - Scanning file [E:\java\repos\JavaTutorAPI\javatutor\target\classes\pro\abacus\javatutor\security\UserDetailsServiceImpl.class]
10:42:18,924 TRACE org.springframework.context.annotation.ClassPathBeanDefinitionScanner:426 - Scanning file [E:\java\repos\JavaTutorAPI\javatutor\target\classes\pro\abacus\javatutor\security\UserDetailsServiceImpl.class]
10:42:18,931 DEBUG org.springframework.beans.factory.support.DefaultListableBeanFactory:254 - Returning cached instance of singleton bean 'org.springframework.boot.test.context.filter.TestTypeExcludeFilter'
10:42:18,931 DEBUG org.springframework.beans.factory.support.DefaultListableBeanFactory:254 - Returning cached instance of singleton bean 'org.springframework.boot.test.context.filter.TestTypeExcludeFilter'
10:42:18,932 DEBUG org.springframework.beans.factory.support.DefaultListableBeanFactory:254 - Returning cached instance of singleton bean 'org.springframework.boot.test.autoconfigure.filter.TypeExcludeFilters'
10:42:18,932 DEBUG org.springframework.beans.factory.support.DefaultListableBeanFactory:254 - Returning cached instance of singleton bean 'org.springframework.boot.test.autoconfigure.filter.TypeExcludeFilters'
10:42:18,933 TRACE org.springframework.context.annotation.ClassPathBeanDefinitionScanner:449 - Ignored because not matching any filter: file [E:\java\repos\JavaTutorAPI\javatutor\target\classes\pro\abacus\javatutor\security\UserDetailsServiceImpl.class]
10:42:18,933 TRACE org.springframework.context.annotation.ClassPathBeanDefinitionScanner:449 - Ignored because not matching any filter: file [E:\java\repos\JavaTutorAPI\javatutor\target\classes\pro\abacus\javatutor\security\UserDetailsServiceImpl.class]
10:42:18,933 TRACE org.springframework.context.annotation.ClassPathBeanDefinitionScanner:426 - Scanning file [E:\java\repos\JavaTutorAPI\javatutor\target\classes\pro\abacus\javatutor\SecurityConfiguration.class]
10:42:18,933 TRACE org.springframework.context.annotation.ClassPathBeanDefinitionScanner:426 - Scanning file [E:\java\repos\JavaTutorAPI\javatutor\target\classes\pro\abacus\javatutor\SecurityConfiguration.class]
10:42:18,990 DEBUG org.springframework.beans.factory.support.DefaultListableBeanFactory:254 - Returning cached instance of singleton bean 'org.springframework.boot.test.context.filter.TestTypeExcludeFilter'
10:42:18,990 DEBUG org.springframework.beans.factory.support.DefaultListableBeanFactory:254 - Returning cached instance of singleton bean 'org.springframework.boot.test.context.filter.TestTypeExcludeFilter'
10:42:18,994 DEBUG org.springframework.beans.factory.support.DefaultListableBeanFactory:254 - Returning cached instance of singleton bean 'org.springframework.boot.test.autoconfigure.filter.TypeExcludeFilters'
10:42:18,994 DEBUG org.springframework.beans.factory.support.DefaultListableBeanFactory:254 - Returning cached instance of singleton bean 'org.springframework.boot.test.autoconfigure.filter.TypeExcludeFilters'
10:42:18,995 TRACE org.springframework.context.annotation.ClassPathBeanDefinitionScanner:449 - Ignored because not matching any filter: file [E:\java\repos\JavaTutorAPI\javatutor\target\classes\pro\abacus\javatutor\SecurityConfiguration.class]
10:42:18,995 TRACE org.springframework.context.annotation.ClassPathBeanDefinitionScanner:449 - Ignored because not matching any filter: file [E:\java\repos\JavaTutorAPI\javatutor\target\classes\pro\abacus\javatutor\SecurityConfiguration.class]
10:42:18,996 TRACE org.springframework.context.annotation.ClassPathBeanDefinitionScanner:426 - Scanning file [E:\java\repos\JavaTutorAPI\javatutor\target\classes\pro\abacus\javatutor\service\JavaQuestionsService.class]
10:42:18,996 TRACE org.springframework.context.annotation.ClassPathBeanDefinitionScanner:426 - Scanning file [E:\java\repos\JavaTutorAPI\javatutor\target\classes\pro\abacus\javatutor\service\JavaQuestionsService.class]
10:42:19,085 DEBUG org.springframework.beans.factory.support.DefaultListableBeanFactory:254 - Returning cached instance of singleton bean 'org.springframework.boot.test.context.filter.TestTypeExcludeFilter'
10:42:19,085 DEBUG org.springframework.beans.factory.support.DefaultListableBeanFactory:254 - Returning cached instance of singleton bean 'org.springframework.boot.test.context.filter.TestTypeExcludeFilter'
10:42:19,092 DEBUG org.springframework.beans.factory.support.DefaultListableBeanFactory:254 - Returning cached instance of singleton bean 'org.springframework.boot.test.autoconfigure.filter.TypeExcludeFilters'
10:42:19,092 DEBUG org.springframework.beans.factory.support.DefaultListableBeanFactory:254 - Returning cached instance of singleton bean 'org.springframework.boot.test.autoconfigure.filter.TypeExcludeFilters'
10:42:19,093 TRACE org.springframework.context.annotation.ClassPathBeanDefinitionScanner:449 - Ignored because not matching any filter: file [E:\java\repos\JavaTutorAPI\javatutor\target\classes\pro\abacus\javatutor\service\JavaQuestionsService.class]
10:42:19,093 TRACE org.springframework.context.annotation.ClassPathBeanDefinitionScanner:449 - Ignored because not matching any filter: file [E:\java\repos\JavaTutorAPI\javatutor\target\classes\pro\abacus\javatutor\service\JavaQuestionsService.class]
10:42:19,093 TRACE org.springframework.context.annotation.ClassPathBeanDefinitionScanner:426 - Scanning file [E:\java\repos\JavaTutorAPI\javatutor\target\classes\pro\abacus\javatutor\service\JavaQuestionsServiceImpl.class]
10:42:19,093 TRACE org.springframework.context.annotation.ClassPathBeanDefinitionScanner:426 - Scanning file [E:\java\repos\JavaTutorAPI\javatutor\target\classes\pro\abacus\javatutor\service\JavaQuestionsServiceImpl.class]
10:42:19,127 DEBUG org.springframework.beans.factory.support.DefaultListableBeanFactory:254 - Returning cached instance of singleton bean 'org.springframework.boot.test.context.filter.TestTypeExcludeFilter'
10:42:19,127 DEBUG org.springframework.beans.factory.support.DefaultListableBeanFactory:254 - Returning cached instance of singleton bean 'org.springframework.boot.test.context.filter.TestTypeExcludeFilter'
10:42:19,127 DEBUG org.springframework.beans.factory.support.DefaultListableBeanFactory:254 - Returning cached instance of singleton bean 'org.springframework.boot.test.autoconfigure.filter.TypeExcludeFilters'
10:42:19,127 DEBUG org.springframework.beans.factory.support.DefaultListableBeanFactory:254 - Returning cached instance of singleton bean 'org.springframework.boot.test.autoconfigure.filter.TypeExcludeFilters'
10:42:19,128 TRACE org.springframework.context.annotation.ClassPathBeanDefinitionScanner:449 - Ignored because not matching any filter: file [E:\java\repos\JavaTutorAPI\javatutor\target\classes\pro\abacus\javatutor\service\JavaQuestionsServiceImpl.class]
10:42:19,128 TRACE org.springframework.context.annotation.ClassPathBeanDefinitionScanner:449 - Ignored because not matching any filter: file [E:\java\repos\JavaTutorAPI\javatutor\target\classes\pro\abacus\javatutor\service\JavaQuestionsServiceImpl.class]
10:42:19,128 TRACE org.springframework.context.annotation.ClassPathBeanDefinitionScanner:426 - Scanning file [E:\java\repos\JavaTutorAPI\javatutor\target\classes\pro\abacus\javatutor\service\UserService.class]
10:42:19,128 TRACE org.springframework.context.annotation.ClassPathBeanDefinitionScanner:426 - Scanning file [E:\java\repos\JavaTutorAPI\javatutor\target\classes\pro\abacus\javatutor\service\UserService.class]
10:42:19,134 DEBUG org.springframework.beans.factory.support.DefaultListableBeanFactory:254 - Returning cached instance of singleton bean 'org.springframework.boot.test.context.filter.TestTypeExcludeFilter'
10:42:19,134 DEBUG org.springframework.beans.factory.support.DefaultListableBeanFactory:254 - Returning cached instance of singleton bean 'org.springframework.boot.test.context.filter.TestTypeExcludeFilter'
10:42:19,134 DEBUG org.springframework.beans.factory.support.DefaultListableBeanFactory:254 - Returning cached instance of singleton bean 'org.springframework.boot.test.autoconfigure.filter.TypeExcludeFilters'
10:42:19,134 DEBUG org.springframework.beans.factory.support.DefaultListableBeanFactory:254 - Returning cached instance of singleton bean 'org.springframework.boot.test.autoconfigure.filter.TypeExcludeFilters'
10:42:19,135 TRACE org.springframework.context.annotation.ClassPathBeanDefinitionScanner:449 - Ignored because not matching any filter: file [E:\java\repos\JavaTutorAPI\javatutor\target\classes\pro\abacus\javatutor\service\UserService.class]
10:42:19,135 TRACE org.springframework.context.annotation.ClassPathBeanDefinitionScanner:449 - Ignored because not matching any filter: file [E:\java\repos\JavaTutorAPI\javatutor\target\classes\pro\abacus\javatutor\service\UserService.class]
10:42:19,135 TRACE org.springframework.context.annotation.ClassPathBeanDefinitionScanner:426 - Scanning file [E:\java\repos\JavaTutorAPI\javatutor\target\classes\pro\abacus\javatutor\service\UserServiceImpl.class]
10:42:19,135 TRACE org.springframework.context.annotation.ClassPathBeanDefinitionScanner:426 - Scanning file [E:\java\repos\JavaTutorAPI\javatutor\target\classes\pro\abacus\javatutor\service\UserServiceImpl.class]
10:42:19,144 DEBUG org.springframework.beans.factory.support.DefaultListableBeanFactory:254 - Returning cached instance of singleton bean 'org.springframework.boot.test.context.filter.TestTypeExcludeFilter'
10:42:19,144 DEBUG org.springframework.beans.factory.support.DefaultListableBeanFactory:254 - Returning cached instance of singleton bean 'org.springframework.boot.test.context.filter.TestTypeExcludeFilter'
10:42:19,145 DEBUG org.springframework.beans.factory.support.DefaultListableBeanFactory:254 - Returning cached instance of singleton bean 'org.springframework.boot.test.autoconfigure.filter.TypeExcludeFilters'
10:42:19,145 DEBUG org.springframework.beans.factory.support.DefaultListableBeanFactory:254 - Returning cached instance of singleton bean 'org.springframework.boot.test.autoconfigure.filter.TypeExcludeFilters'
10:42:19,146 TRACE org.springframework.context.annotation.ClassPathBeanDefinitionScanner:449 - Ignored because not matching any filter: file [E:\java\repos\JavaTutorAPI\javatutor\target\classes\pro\abacus\javatutor\service\UserServiceImpl.class]
10:42:19,146 TRACE org.springframework.context.annotation.ClassPathBeanDefinitionScanner:449 - Ignored because not matching any filter: file [E:\java\repos\JavaTutorAPI\javatutor\target\classes\pro\abacus\javatutor\service\UserServiceImpl.class]
10:42:19,163 TRACE org.springframework.core.io.support.SpringFactoriesLoader:97 - Loaded [org.springframework.boot.autoconfigure.AutoConfigurationImportFilter] names: [org.springframework.boot.autoconfigure.condition.OnClassCondition]
10:42:19,163 TRACE org.springframework.core.io.support.SpringFactoriesLoader:97 - Loaded [org.springframework.boot.autoconfigure.AutoConfigurationImportFilter] names: [org.springframework.boot.autoconfigure.condition.OnClassCondition]
10:42:19,164 DEBUG org.springframework.beans.factory.support.DefaultListableBeanFactory:254 - Returning cached instance of singleton bean 'autoConfigurationReport'
10:42:19,164 DEBUG org.springframework.beans.factory.support.DefaultListableBeanFactory:254 - Returning cached instance of singleton bean 'autoConfigurationReport'
10:42:19,168 TRACE org.springframework.boot.autoconfigure.condition.OnClassCondition:92 - Condition OnClassCondition on org.springframework.boot.autoconfigure.data.mongo.MongoReactiveDataAutoConfiguration did not match due to @ConditionalOnClass did not find required class 'com.mongodb.reactivestreams.client.MongoClient'
10:42:19,168 TRACE org.springframework.boot.autoconfigure.condition.OnClassCondition:92 - Condition OnClassCondition on org.springframework.boot.autoconfigure.data.mongo.MongoReactiveDataAutoConfiguration did not match due to @ConditionalOnClass did not find required class 'com.mongodb.reactivestreams.client.MongoClient'
10:42:19,169 TRACE org.springframework.boot.autoconfigure.condition.OnClassCondition:92 - Condition OnClassCondition on org.springframework.boot.autoconfigure.data.mongo.MongoReactiveRepositoriesAutoConfiguration did not match due to @ConditionalOnClass did not find required class 'com.mongodb.reactivestreams.client.MongoClient'
10:42:19,169 TRACE org.springframework.boot.autoconfigure.condition.OnClassCondition:92 - Condition OnClassCondition on org.springframework.boot.autoconfigure.data.mongo.MongoReactiveRepositoriesAutoConfiguration did not match due to @ConditionalOnClass did not find required class 'com.mongodb.reactivestreams.client.MongoClient'
10:42:19,170 TRACE org.springframework.boot.autoconfigure.condition.OnClassCondition:92 - Condition OnClassCondition on org.springframework.boot.autoconfigure.mongo.MongoReactiveAutoConfiguration did not match due to @ConditionalOnClass did not find required class 'com.mongodb.reactivestreams.client.MongoClient'
10:42:19,170 TRACE org.springframework.boot.autoconfigure.condition.OnClassCondition:92 - Condition OnClassCondition on org.springframework.boot.autoconfigure.mongo.MongoReactiveAutoConfiguration did not match due to @ConditionalOnClass did not find required class 'com.mongodb.reactivestreams.client.MongoClient'
10:42:19,171 TRACE org.springframework.boot.autoconfigure.AutoConfigurationImportSelector:258 - Filtered 3 auto configuration class in 7 ms
10:42:19,171 TRACE org.springframework.boot.autoconfigure.AutoConfigurationImportSelector:258 - Filtered 3 auto configuration class in 7 ms
10:42:19,172 TRACE org.springframework.core.io.support.SpringFactoriesLoader:97 - Loaded [org.springframework.boot.autoconfigure.AutoConfigurationImportListener] names: [org.springframework.boot.autoconfigure.condition.ConditionEvaluationReportAutoConfigurationImportListener]
10:42:19,172 TRACE org.springframework.core.io.support.SpringFactoriesLoader:97 - Loaded [org.springframework.boot.autoconfigure.AutoConfigurationImportListener] names: [org.springframework.boot.autoconfigure.condition.ConditionEvaluationReportAutoConfigurationImportListener]
10:42:19,173 DEBUG org.springframework.beans.factory.support.DefaultListableBeanFactory:254 - Returning cached instance of singleton bean 'autoConfigurationReport'
10:42:19,173 DEBUG org.springframework.beans.factory.support.DefaultListableBeanFactory:254 - Returning cached instance of singleton bean 'autoConfigurationReport'
10:42:19,175 TRACE org.springframework.core.env.PropertySourcesPropertyResolver:82 - Searching for key 'spring.boot.enableautoconfiguration' in PropertySource 'Annotations'
10:42:19,175 TRACE org.springframework.core.env.PropertySourcesPropertyResolver:82 - Searching for key 'spring.boot.enableautoconfiguration' in PropertySource 'Annotations'
10:42:19,175 TRACE org.springframework.core.env.PropertySourcesPropertyResolver:82 - Searching for key 'spring.boot.enableautoconfiguration' in PropertySource 'configurationProperties'
10:42:19,175 TRACE org.springframework.core.env.PropertySourcesPropertyResolver:82 - Searching for key 'spring.boot.enableautoconfiguration' in PropertySource 'configurationProperties'
10:42:19,176 DEBUG org.springframework.core.env.PropertySourcesPropertyResolver:115 - Found key 'spring.boot.enableautoconfiguration' in PropertySource 'configurationProperties' with value of type String
10:42:19,176 DEBUG org.springframework.core.env.PropertySourcesPropertyResolver:115 - Found key 'spring.boot.enableautoconfiguration' in PropertySource 'configurationProperties' with value of type String
10:42:19,191 DEBUG org.springframework.beans.factory.support.DefaultListableBeanFactory:254 - Returning cached instance of singleton bean 'org.springframework.boot.autoconfigure.internalCachingMetadataReaderFactory'
10:42:19,191 DEBUG org.springframework.beans.factory.support.DefaultListableBeanFactory:254 - Returning cached instance of singleton bean 'org.springframework.boot.autoconfigure.internalCachingMetadataReaderFactory'
10:42:19,201 TRACE org.springframework.boot.autoconfigure.condition.OnClassCondition:92 - Condition OnClassCondition on org.springframework.boot.autoconfigure.cache.CacheAutoConfiguration matched due to @ConditionalOnClass found required class 'org.springframework.cache.CacheManager'; @ConditionalOnMissingClass did not find unwanted class
10:42:19,201 TRACE org.springframework.boot.autoconfigure.condition.OnClassCondition:92 - Condition OnClassCondition on org.springframework.boot.autoconfigure.cache.CacheAutoConfiguration matched due to @ConditionalOnClass found required class 'org.springframework.cache.CacheManager'; @ConditionalOnMissingClass did not find unwanted class
10:42:19,202 DEBUG org.springframework.beans.factory.support.DefaultListableBeanFactory:254 - Returning cached instance of singleton bean 'autoConfigurationReport'
10:42:19,202 DEBUG org.springframework.beans.factory.support.DefaultListableBeanFactory:254 - Returning cached instance of singleton bean 'autoConfigurationReport'
10:42:19,214 TRACE org.springframework.boot.autoconfigure.condition.OnClassCondition:92 - Condition OnClassCondition on org.springframework.boot.autoconfigure.cache.CacheAutoConfiguration$CacheManagerJpaDependencyConfiguration did not match due to @ConditionalOnClass did not find required class 'org.springframework.orm.jpa.LocalContainerEntityManagerFactoryBean'
10:42:19,214 TRACE org.springframework.boot.autoconfigure.condition.OnClassCondition:92 - Condition OnClassCondition on org.springframework.boot.autoconfigure.cache.CacheAutoConfiguration$CacheManagerJpaDependencyConfiguration did not match due to @ConditionalOnClass did not find required class 'org.springframework.orm.jpa.LocalContainerEntityManagerFactoryBean'
10:42:19,215 DEBUG org.springframework.beans.factory.support.DefaultListableBeanFactory:254 - Returning cached instance of singleton bean 'autoConfigurationReport'
10:42:19,215 DEBUG org.springframework.beans.factory.support.DefaultListableBeanFactory:254 - Returning cached instance of singleton bean 'autoConfigurationReport'
10:42:19,273 TRACE org.springframework.boot.autoconfigure.cache.CacheCondition:92 - Condition CacheCondition on org.springframework.boot.autoconfigure.cache.GenericCacheConfiguration did not match due to Cache org.springframework.boot.autoconfigure.cache.GenericCacheConfiguration unknown cache type
10:42:19,273 TRACE org.springframework.boot.autoconfigure.cache.CacheCondition:92 - Condition CacheCondition on org.springframework.boot.autoconfigure.cache.GenericCacheConfiguration did not match due to Cache org.springframework.boot.autoconfigure.cache.GenericCacheConfiguration unknown cache type
10:42:19,274 DEBUG org.springframework.beans.factory.support.DefaultListableBeanFactory:254 - Returning cached instance of singleton bean 'autoConfigurationReport'
10:42:19,274 DEBUG org.springframework.beans.factory.support.DefaultListableBeanFactory:254 - Returning cached instance of singleton bean 'autoConfigurationReport'
10:42:19,277 TRACE org.springframework.boot.autoconfigure.condition.OnClassCondition:92 - Condition OnClassCondition on org.springframework.boot.autoconfigure.cache.JCacheCacheConfiguration did not match due to @ConditionalOnClass did not find required classes 'javax.cache.Caching', 'org.springframework.cache.jcache.JCacheCacheManager'
10:42:19,277 TRACE org.springframework.boot.autoconfigure.condition.OnClassCondition:92 - Condition OnClassCondition on org.springframework.boot.autoconfigure.cache.JCacheCacheConfiguration did not match due to @ConditionalOnClass did not find required classes 'javax.cache.Caching', 'org.springframework.cache.jcache.JCacheCacheManager'
10:42:19,277 DEBUG org.springframework.beans.factory.support.DefaultListableBeanFactory:254 - Returning cached instance of singleton bean 'autoConfigurationReport'
10:42:19,277 DEBUG org.springframework.beans.factory.support.DefaultListableBeanFactory:254 - Returning cached instance of singleton bean 'autoConfigurationReport'
10:42:19,281 TRACE org.springframework.boot.autoconfigure.condition.OnClassCondition:92 - Condition OnClassCondition on org.springframework.boot.autoconfigure.cache.EhCacheCacheConfiguration did not match due to @ConditionalOnClass did not find required classes 'net.sf.ehcache.Cache', 'org.springframework.cache.ehcache.EhCacheCacheManager'
10:42:19,281 TRACE org.springframework.boot.autoconfigure.condition.OnClassCondition:92 - Condition OnClassCondition on org.springframework.boot.autoconfigure.cache.EhCacheCacheConfiguration did not match due to @ConditionalOnClass did not find required classes 'net.sf.ehcache.Cache', 'org.springframework.cache.ehcache.EhCacheCacheManager'
10:42:19,282 DEBUG org.springframework.beans.factory.support.DefaultListableBeanFactory:254 - Returning cached instance of singleton bean 'autoConfigurationReport'
10:42:19,282 DEBUG org.springframework.beans.factory.support.DefaultListableBeanFactory:254 - Returning cached instance of singleton bean 'autoConfigurationReport'
10:42:19,296 TRACE org.springframework.boot.autoconfigure.condition.OnClassCondition:92 - Condition OnClassCondition on org.springframework.boot.autoconfigure.cache.HazelcastCacheConfiguration did not match due to @ConditionalOnClass did not find required classes 'com.hazelcast.core.HazelcastInstance', 'com.hazelcast.spring.cache.HazelcastCacheManager'
10:42:19,296 TRACE org.springframework.boot.autoconfigure.condition.OnClassCondition:92 - Condition OnClassCondition on org.springframework.boot.autoconfigure.cache.HazelcastCacheConfiguration did not match due to @ConditionalOnClass did not find required classes 'com.hazelcast.core.HazelcastInstance', 'com.hazelcast.spring.cache.HazelcastCacheManager'
10:42:19,297 DEBUG org.springframework.beans.factory.support.DefaultListableBeanFactory:254 - Returning cached instance of singleton bean 'autoConfigurationReport'
10:42:19,297 DEBUG org.springframework.beans.factory.support.DefaultListableBeanFactory:254 - Returning cached instance of singleton bean 'autoConfigurationReport'
10:42:19,301 TRACE org.springframework.boot.autoconfigure.condition.OnClassCondition:92 - Condition OnClassCondition on org.springframework.boot.autoconfigure.cache.InfinispanCacheConfiguration did not match due to @ConditionalOnClass did not find required class 'org.infinispan.spring.provider.SpringEmbeddedCacheManager'
10:42:19,301 TRACE org.springframework.boot.autoconfigure.condition.OnClassCondition:92 - Condition OnClassCondition on org.springframework.boot.autoconfigure.cache.InfinispanCacheConfiguration did not match due to @ConditionalOnClass did not find required class 'org.infinispan.spring.provider.SpringEmbeddedCacheManager'
10:42:19,302 DEBUG org.springframework.beans.factory.support.DefaultListableBeanFactory:254 - Returning cached instance of singleton bean 'autoConfigurationReport'
10:42:19,302 DEBUG org.springframework.beans.factory.support.DefaultListableBeanFactory:254 - Returning cached instance of singleton bean 'autoConfigurationReport'
10:42:19,311 TRACE org.springframework.boot.autoconfigure.condition.OnClassCondition:92 - Condition OnClassCondition on org.springframework.boot.autoconfigure.cache.CouchbaseCacheConfiguration did not match due to @ConditionalOnClass did not find required classes 'com.couchbase.client.java.Bucket', 'com.couchbase.client.spring.cache.CouchbaseCacheManager'
10:42:19,311 TRACE org.springframework.boot.autoconfigure.condition.OnClassCondition:92 - Condition OnClassCondition on org.springframework.boot.autoconfigure.cache.CouchbaseCacheConfiguration did not match due to @ConditionalOnClass did not find required classes 'com.couchbase.client.java.Bucket', 'com.couchbase.client.spring.cache.CouchbaseCacheManager'
10:42:19,312 DEBUG org.springframework.beans.factory.support.DefaultListableBeanFactory:254 - Returning cached instance of singleton bean 'autoConfigurationReport'
10:42:19,312 DEBUG org.springframework.beans.factory.support.DefaultListableBeanFactory:254 - Returning cached instance of singleton bean 'autoConfigurationReport'
10:42:19,314 TRACE org.springframework.boot.autoconfigure.cache.CacheCondition:92 - Condition CacheCondition on org.springframework.boot.autoconfigure.cache.RedisCacheConfiguration did not match due to Cache org.springframework.boot.autoconfigure.cache.RedisCacheConfiguration unknown cache type
10:42:19,314 TRACE org.springframework.boot.autoconfigure.cache.CacheCondition:92 - Condition CacheCondition on org.springframework.boot.autoconfigure.cache.RedisCacheConfiguration did not match due to Cache org.springframework.boot.autoconfigure.cache.RedisCacheConfiguration unknown cache type
10:42:19,315 DEBUG org.springframework.beans.factory.support.DefaultListableBeanFactory:254 - Returning cached instance of singleton bean 'autoConfigurationReport'
10:42:19,315 DEBUG org.springframework.beans.factory.support.DefaultListableBeanFactory:254 - Returning cached instance of singleton bean 'autoConfigurationReport'
10:42:19,318 TRACE org.springframework.boot.autoconfigure.condition.OnClassCondition:92 - Condition OnClassCondition on org.springframework.boot.autoconfigure.cache.CaffeineCacheConfiguration did not match due to @ConditionalOnClass did not find required classes 'com.github.benmanes.caffeine.cache.Caffeine', 'org.springframework.cache.caffeine.CaffeineCacheManager'
10:42:19,318 TRACE org.springframework.boot.autoconfigure.condition.OnClassCondition:92 - Condition OnClassCondition on org.springframework.boot.autoconfigure.cache.CaffeineCacheConfiguration did not match due to @ConditionalOnClass did not find required classes 'com.github.benmanes.caffeine.cache.Caffeine', 'org.springframework.cache.caffeine.CaffeineCacheManager'
10:42:19,318 DEBUG org.springframework.beans.factory.support.DefaultListableBeanFactory:254 - Returning cached instance of singleton bean 'autoConfigurationReport'
10:42:19,318 DEBUG org.springframework.beans.factory.support.DefaultListableBeanFactory:254 - Returning cached instance of singleton bean 'autoConfigurationReport'
10:42:19,326 TRACE org.springframework.boot.autoconfigure.cache.CacheCondition:92 - Condition CacheCondition on org.springframework.boot.autoconfigure.cache.SimpleCacheConfiguration did not match due to Cache org.springframework.boot.autoconfigure.cache.SimpleCacheConfiguration unknown cache type
10:42:19,326 TRACE org.springframework.boot.autoconfigure.cache.CacheCondition:92 - Condition CacheCondition on org.springframework.boot.autoconfigure.cache.SimpleCacheConfiguration did not match due to Cache org.springframework.boot.autoconfigure.cache.SimpleCacheConfiguration unknown cache type
10:42:19,326 DEBUG org.springframework.beans.factory.support.DefaultListableBeanFactory:254 - Returning cached instance of singleton bean 'autoConfigurationReport'
10:42:19,326 DEBUG org.springframework.beans.factory.support.DefaultListableBeanFactory:254 - Returning cached instance of singleton bean 'autoConfigurationReport'
10:42:19,328 TRACE org.springframework.boot.autoconfigure.cache.CacheCondition:92 - Condition CacheCondition on org.springframework.boot.autoconfigure.cache.NoOpCacheConfiguration matched due to Cache org.springframework.boot.autoconfigure.cache.NoOpCacheConfiguration NONE cache type
10:42:19,328 TRACE org.springframework.boot.autoconfigure.cache.CacheCondition:92 - Condition CacheCondition on org.springframework.boot.autoconfigure.cache.NoOpCacheConfiguration matched due to Cache org.springframework.boot.autoconfigure.cache.NoOpCacheConfiguration NONE cache type
10:42:19,329 DEBUG org.springframework.beans.factory.support.DefaultListableBeanFactory:254 - Returning cached instance of singleton bean 'autoConfigurationReport'
10:42:19,329 DEBUG org.springframework.beans.factory.support.DefaultListableBeanFactory:254 - Returning cached instance of singleton bean 'autoConfigurationReport'
10:42:19,334 TRACE org.springframework.boot.autoconfigure.condition.OnClassCondition:92 - Condition OnClassCondition on org.springframework.boot.autoconfigure.mongo.MongoAutoConfiguration matched due to @ConditionalOnClass found required class 'com.mongodb.MongoClient'; @ConditionalOnMissingClass did not find unwanted class
10:42:19,334 TRACE org.springframework.boot.autoconfigure.condition.OnClassCondition:92 - Condition OnClassCondition on org.springframework.boot.autoconfigure.mongo.MongoAutoConfiguration matched due to @ConditionalOnClass found required class 'com.mongodb.MongoClient'; @ConditionalOnMissingClass did not find unwanted class
10:42:19,334 DEBUG org.springframework.beans.factory.support.DefaultListableBeanFactory:254 - Returning cached instance of singleton bean 'autoConfigurationReport'
10:42:19,334 DEBUG org.springframework.beans.factory.support.DefaultListableBeanFactory:254 - Returning cached instance of singleton bean 'autoConfigurationReport'
10:42:19,346 TRACE org.springframework.boot.autoconfigure.condition.OnClassCondition:92 - Condition OnClassCondition on org.springframework.boot.autoconfigure.data.mongo.MongoDataAutoConfiguration matched due to @ConditionalOnClass found required classes 'com.mongodb.MongoClient', 'org.springframework.data.mongodb.core.MongoTemplate'; @ConditionalOnMissingClass did not find unwanted class
10:42:19,346 TRACE org.springframework.boot.autoconfigure.condition.OnClassCondition:92 - Condition OnClassCondition on org.springframework.boot.autoconfigure.data.mongo.MongoDataAutoConfiguration matched due to @ConditionalOnClass found required classes 'com.mongodb.MongoClient', 'org.springframework.data.mongodb.core.MongoTemplate'; @ConditionalOnMissingClass did not find unwanted class
10:42:19,347 DEBUG org.springframework.beans.factory.support.DefaultListableBeanFactory:254 - Returning cached instance of singleton bean 'autoConfigurationReport'
10:42:19,347 DEBUG org.springframework.beans.factory.support.DefaultListableBeanFactory:254 - Returning cached instance of singleton bean 'autoConfigurationReport'
10:42:19,352 TRACE org.springframework.boot.autoconfigure.condition.OnClassCondition:92 - Condition OnClassCondition on org.springframework.boot.autoconfigure.data.mongo.MongoRepositoriesAutoConfiguration matched due to @ConditionalOnClass found required classes 'com.mongodb.MongoClient', 'org.springframework.data.mongodb.repository.MongoRepository'; @ConditionalOnMissingClass did not find unwanted class
10:42:19,352 TRACE org.springframework.boot.autoconfigure.condition.OnClassCondition:92 - Condition OnClassCondition on org.springframework.boot.autoconfigure.data.mongo.MongoRepositoriesAutoConfiguration matched due to @ConditionalOnClass found required classes 'com.mongodb.MongoClient', 'org.springframework.data.mongodb.repository.MongoRepository'; @ConditionalOnMissingClass did not find unwanted class
10:42:19,353 DEBUG org.springframework.beans.factory.support.DefaultListableBeanFactory:254 - Returning cached instance of singleton bean 'autoConfigurationReport'
10:42:19,353 DEBUG org.springframework.beans.factory.support.DefaultListableBeanFactory:254 - Returning cached instance of singleton bean 'autoConfigurationReport'
10:42:19,355 TRACE org.springframework.core.env.PropertySourcesPropertyResolver:82 - Searching for key 'spring.data.mongodb.repositories.type' in PropertySource 'Annotations'
10:42:19,355 TRACE org.springframework.core.env.PropertySourcesPropertyResolver:82 - Searching for key 'spring.data.mongodb.repositories.type' in PropertySource 'Annotations'
10:42:19,356 TRACE org.springframework.core.env.PropertySourcesPropertyResolver:82 - Searching for key 'spring.data.mongodb.repositories.type' in PropertySource 'configurationProperties'
10:42:19,356 TRACE org.springframework.core.env.PropertySourcesPropertyResolver:82 - Searching for key 'spring.data.mongodb.repositories.type' in PropertySource 'configurationProperties'
10:42:19,358 DEBUG org.springframework.core.env.PropertySourcesPropertyResolver:115 - Found key 'spring.data.mongodb.repositories.type' in PropertySource 'configurationProperties' with value of type String
10:42:19,358 DEBUG org.springframework.core.env.PropertySourcesPropertyResolver:115 - Found key 'spring.data.mongodb.repositories.type' in PropertySource 'configurationProperties' with value of type String
10:42:19,359 TRACE org.springframework.boot.autoconfigure.data.OnRepositoryTypeCondition:92 - Condition OnRepositoryTypeCondition on org.springframework.boot.autoconfigure.data.mongo.MongoRepositoriesAutoConfiguration matched due to @ConditionalOnRepositoryType configured type of 'AUTO' matched required type
10:42:19,359 TRACE org.springframework.boot.autoconfigure.data.OnRepositoryTypeCondition:92 - Condition OnRepositoryTypeCondition on org.springframework.boot.autoconfigure.data.mongo.MongoRepositoriesAutoConfiguration matched due to @ConditionalOnRepositoryType configured type of 'AUTO' matched required type
10:42:19,360 DEBUG org.springframework.beans.factory.support.DefaultListableBeanFactory:254 - Returning cached instance of singleton bean 'autoConfigurationReport'
10:42:19,360 DEBUG org.springframework.beans.factory.support.DefaultListableBeanFactory:254 - Returning cached instance of singleton bean 'autoConfigurationReport'
10:42:19,376 DEBUG org.springframework.context.annotation.ConfigurationClassBeanDefinitionReader:166 - Registered bean definition for imported class 'pro.abacus.javatutor.repository.UserRepositoryTest'
10:42:19,376 DEBUG org.springframework.context.annotation.ConfigurationClassBeanDefinitionReader:166 - Registered bean definition for imported class 'pro.abacus.javatutor.repository.UserRepositoryTest'
10:42:19,378 TRACE org.springframework.boot.autoconfigure.condition.OnClassCondition:92 - Condition OnClassCondition on org.springframework.boot.autoconfigure.cache.CacheAutoConfiguration matched due to @ConditionalOnClass found required class 'org.springframework.cache.CacheManager'; @ConditionalOnMissingClass did not find unwanted class
10:42:19,378 TRACE org.springframework.boot.autoconfigure.condition.OnClassCondition:92 - Condition OnClassCondition on org.springframework.boot.autoconfigure.cache.CacheAutoConfiguration matched due to @ConditionalOnClass found required class 'org.springframework.cache.CacheManager'; @ConditionalOnMissingClass did not find unwanted class
10:42:19,378 DEBUG org.springframework.beans.factory.support.DefaultListableBeanFactory:254 - Returning cached instance of singleton bean 'autoConfigurationReport'
10:42:19,378 DEBUG org.springframework.beans.factory.support.DefaultListableBeanFactory:254 - Returning cached instance of singleton bean 'autoConfigurationReport'
10:42:19,380 DEBUG org.springframework.beans.factory.support.DefaultListableBeanFactory:219 - Creating shared instance of singleton bean 'org.springframework.boot.autoconfigure.condition.BeanTypeRegistry'
10:42:19,380 DEBUG org.springframework.beans.factory.support.DefaultListableBeanFactory:219 - Creating shared instance of singleton bean 'org.springframework.boot.autoconfigure.condition.BeanTypeRegistry'
10:42:19,381 DEBUG org.springframework.beans.factory.support.DefaultListableBeanFactory:466 - Creating instance of bean 'org.springframework.boot.autoconfigure.condition.BeanTypeRegistry'
10:42:19,381 DEBUG org.springframework.beans.factory.support.DefaultListableBeanFactory:466 - Creating instance of bean 'org.springframework.boot.autoconfigure.condition.BeanTypeRegistry'
10:42:19,382 DEBUG org.springframework.beans.factory.support.DefaultListableBeanFactory:569 - Eagerly caching bean 'org.springframework.boot.autoconfigure.condition.BeanTypeRegistry' to allow for resolving potential circular references
10:42:19,382 DEBUG org.springframework.beans.factory.support.DefaultListableBeanFactory:569 - Eagerly caching bean 'org.springframework.boot.autoconfigure.condition.BeanTypeRegistry' to allow for resolving potential circular references
10:42:19,383 DEBUG org.springframework.beans.factory.support.DefaultListableBeanFactory:503 - Finished creating instance of bean 'org.springframework.boot.autoconfigure.condition.BeanTypeRegistry'
10:42:19,383 DEBUG org.springframework.beans.factory.support.DefaultListableBeanFactory:503 - Finished creating instance of bean 'org.springframework.boot.autoconfigure.condition.BeanTypeRegistry'
10:42:19,384 TRACE org.springframework.boot.autoconfigure.condition.OnBeanCondition:92 - Condition OnBeanCondition on org.springframework.boot.autoconfigure.cache.CacheAutoConfiguration did not match due to @ConditionalOnBean (types: org.springframework.cache.interceptor.CacheAspectSupport; SearchStrategy: all) did not find any beans of type org.springframework.cache.interceptor.CacheAspectSupport
10:42:19,384 TRACE org.springframework.boot.autoconfigure.condition.OnBeanCondition:92 - Condition OnBeanCondition on org.springframework.boot.autoconfigure.cache.CacheAutoConfiguration did not match due to @ConditionalOnBean (types: org.springframework.cache.interceptor.CacheAspectSupport; SearchStrategy: all) did not find any beans of type org.springframework.cache.interceptor.CacheAspectSupport
10:42:19,384 DEBUG org.springframework.beans.factory.support.DefaultListableBeanFactory:254 - Returning cached instance of singleton bean 'autoConfigurationReport'
10:42:19,384 DEBUG org.springframework.beans.factory.support.DefaultListableBeanFactory:254 - Returning cached instance of singleton bean 'autoConfigurationReport'
10:42:19,385 TRACE org.springframework.boot.autoconfigure.condition.OnClassCondition:92 - Condition OnClassCondition on org.springframework.boot.autoconfigure.mongo.MongoAutoConfiguration matched due to @ConditionalOnClass found required class 'com.mongodb.MongoClient'; @ConditionalOnMissingClass did not find unwanted class
10:42:19,385 TRACE org.springframework.boot.autoconfigure.condition.OnClassCondition:92 - Condition OnClassCondition on org.springframework.boot.autoconfigure.mongo.MongoAutoConfiguration matched due to @ConditionalOnClass found required class 'com.mongodb.MongoClient'; @ConditionalOnMissingClass did not find unwanted class
10:42:19,386 DEBUG org.springframework.beans.factory.support.DefaultListableBeanFactory:254 - Returning cached instance of singleton bean 'autoConfigurationReport'
10:42:19,386 DEBUG org.springframework.beans.factory.support.DefaultListableBeanFactory:254 - Returning cached instance of singleton bean 'autoConfigurationReport'
10:42:19,387 DEBUG org.springframework.beans.factory.support.DefaultListableBeanFactory:254 - Returning cached instance of singleton bean 'org.springframework.boot.autoconfigure.condition.BeanTypeRegistry'
10:42:19,387 DEBUG org.springframework.beans.factory.support.DefaultListableBeanFactory:254 - Returning cached instance of singleton bean 'org.springframework.boot.autoconfigure.condition.BeanTypeRegistry'
10:42:19,388 TRACE org.springframework.boot.autoconfigure.condition.OnBeanCondition:92 - Condition OnBeanCondition on org.springframework.boot.autoconfigure.mongo.MongoAutoConfiguration matched due to @ConditionalOnMissingBean (types: org.springframework.data.mongodb.MongoDbFactory; SearchStrategy: all) did not find any beans
10:42:19,388 TRACE org.springframework.boot.autoconfigure.condition.OnBeanCondition:92 - Condition OnBeanCondition on org.springframework.boot.autoconfigure.mongo.MongoAutoConfiguration matched due to @ConditionalOnMissingBean (types: org.springframework.data.mongodb.MongoDbFactory; SearchStrategy: all) did not find any beans
10:42:19,389 DEBUG org.springframework.beans.factory.support.DefaultListableBeanFactory:254 - Returning cached instance of singleton bean 'autoConfigurationReport'
10:42:19,389 DEBUG org.springframework.beans.factory.support.DefaultListableBeanFactory:254 - Returning cached instance of singleton bean 'autoConfigurationReport'
10:42:19,391 DEBUG org.springframework.context.annotation.ConfigurationClassBeanDefinitionReader:166 - Registered bean definition for imported class 'org.springframework.boot.autoconfigure.mongo.MongoAutoConfiguration'
10:42:19,391 DEBUG org.springframework.context.annotation.ConfigurationClassBeanDefinitionReader:166 - Registered bean definition for imported class 'org.springframework.boot.autoconfigure.mongo.MongoAutoConfiguration'
10:42:19,392 DEBUG org.springframework.beans.factory.support.DefaultListableBeanFactory:254 - Returning cached instance of singleton bean 'org.springframework.boot.autoconfigure.condition.BeanTypeRegistry'
10:42:19,392 DEBUG org.springframework.beans.factory.support.DefaultListableBeanFactory:254 - Returning cached instance of singleton bean 'org.springframework.boot.autoconfigure.condition.BeanTypeRegistry'
10:42:19,393 TRACE org.springframework.boot.autoconfigure.condition.OnBeanCondition:92 - Condition OnBeanCondition on org.springframework.boot.autoconfigure.mongo.MongoAutoConfiguration#mongo matched due to @ConditionalOnMissingBean (types: com.mongodb.MongoClient; SearchStrategy: all) did not find any beans
10:42:19,393 TRACE org.springframework.boot.autoconfigure.condition.OnBeanCondition:92 - Condition OnBeanCondition on org.springframework.boot.autoconfigure.mongo.MongoAutoConfiguration#mongo matched due to @ConditionalOnMissingBean (types: com.mongodb.MongoClient; SearchStrategy: all) did not find any beans
10:42:19,394 DEBUG org.springframework.beans.factory.support.DefaultListableBeanFactory:254 - Returning cached instance of singleton bean 'autoConfigurationReport'
10:42:19,394 DEBUG org.springframework.beans.factory.support.DefaultListableBeanFactory:254 - Returning cached instance of singleton bean 'autoConfigurationReport'
10:42:19,395 DEBUG org.springframework.context.annotation.ConfigurationClassBeanDefinitionReader:264 - Registering bean definition for @Bean method org.springframework.boot.autoconfigure.mongo.MongoAutoConfiguration.mongo()
10:42:19,395 DEBUG org.springframework.context.annotation.ConfigurationClassBeanDefinitionReader:264 - Registering bean definition for @Bean method org.springframework.boot.autoconfigure.mongo.MongoAutoConfiguration.mongo()
10:42:19,396 TRACE org.springframework.boot.autoconfigure.condition.OnClassCondition:92 - Condition OnClassCondition on org.springframework.boot.autoconfigure.data.mongo.MongoDataAutoConfiguration matched due to @ConditionalOnClass found required classes 'com.mongodb.MongoClient', 'org.springframework.data.mongodb.core.MongoTemplate'; @ConditionalOnMissingClass did not find unwanted class
10:42:19,396 TRACE org.springframework.boot.autoconfigure.condition.OnClassCondition:92 - Condition OnClassCondition on org.springframework.boot.autoconfigure.data.mongo.MongoDataAutoConfiguration matched due to @ConditionalOnClass found required classes 'com.mongodb.MongoClient', 'org.springframework.data.mongodb.core.MongoTemplate'; @ConditionalOnMissingClass did not find unwanted class
10:42:19,397 DEBUG org.springframework.beans.factory.support.DefaultListableBeanFactory:254 - Returning cached instance of singleton bean 'autoConfigurationReport'
10:42:19,397 DEBUG org.springframework.beans.factory.support.DefaultListableBeanFactory:254 - Returning cached instance of singleton bean 'autoConfigurationReport'
10:42:19,398 DEBUG org.springframework.context.annotation.ConfigurationClassBeanDefinitionReader:166 - Registered bean definition for imported class 'org.springframework.boot.autoconfigure.data.mongo.MongoDataAutoConfiguration'
10:42:19,398 DEBUG org.springframework.context.annotation.ConfigurationClassBeanDefinitionReader:166 - Registered bean definition for imported class 'org.springframework.boot.autoconfigure.data.mongo.MongoDataAutoConfiguration'
10:42:19,399 DEBUG org.springframework.beans.factory.support.DefaultListableBeanFactory:254 - Returning cached instance of singleton bean 'org.springframework.boot.autoconfigure.condition.BeanTypeRegistry'
10:42:19,399 DEBUG org.springframework.beans.factory.support.DefaultListableBeanFactory:254 - Returning cached instance of singleton bean 'org.springframework.boot.autoconfigure.condition.BeanTypeRegistry'
10:42:19,401 TRACE org.springframework.boot.autoconfigure.condition.OnBeanCondition:92 - Condition OnBeanCondition on org.springframework.boot.autoconfigure.data.mongo.MongoDataAutoConfiguration#mongoDbFactory matched due to @ConditionalOnMissingBean (types: org.springframework.data.mongodb.MongoDbFactory; SearchStrategy: all) did not find any beans
10:42:19,401 TRACE org.springframework.boot.autoconfigure.condition.OnBeanCondition:92 - Condition OnBeanCondition on org.springframework.boot.autoconfigure.data.mongo.MongoDataAutoConfiguration#mongoDbFactory matched due to @ConditionalOnMissingBean (types: org.springframework.data.mongodb.MongoDbFactory; SearchStrategy: all) did not find any beans
10:42:19,402 DEBUG org.springframework.beans.factory.support.DefaultListableBeanFactory:254 - Returning cached instance of singleton bean 'autoConfigurationReport'
10:42:19,402 DEBUG org.springframework.beans.factory.support.DefaultListableBeanFactory:254 - Returning cached instance of singleton bean 'autoConfigurationReport'
10:42:19,403 DEBUG org.springframework.context.annotation.ConfigurationClassBeanDefinitionReader:264 - Registering bean definition for @Bean method org.springframework.boot.autoconfigure.data.mongo.MongoDataAutoConfiguration.mongoDbFactory()
10:42:19,403 DEBUG org.springframework.context.annotation.ConfigurationClassBeanDefinitionReader:264 - Registering bean definition for @Bean method org.springframework.boot.autoconfigure.data.mongo.MongoDataAutoConfiguration.mongoDbFactory()
10:42:19,406 DEBUG org.springframework.beans.factory.support.DefaultListableBeanFactory:254 - Returning cached instance of singleton bean 'org.springframework.boot.autoconfigure.condition.BeanTypeRegistry'
10:42:19,406 DEBUG org.springframework.beans.factory.support.DefaultListableBeanFactory:254 - Returning cached instance of singleton bean 'org.springframework.boot.autoconfigure.condition.BeanTypeRegistry'
10:42:19,407 TRACE org.springframework.boot.autoconfigure.condition.OnBeanCondition:92 - Condition OnBeanCondition on org.springframework.boot.autoconfigure.data.mongo.MongoDataAutoConfiguration#mongoTemplate matched due to @ConditionalOnMissingBean (types: org.springframework.data.mongodb.core.MongoTemplate; SearchStrategy: all) did not find any beans
10:42:19,407 TRACE org.springframework.boot.autoconfigure.condition.OnBeanCondition:92 - Condition OnBeanCondition on org.springframework.boot.autoconfigure.data.mongo.MongoDataAutoConfiguration#mongoTemplate matched due to @ConditionalOnMissingBean (types: org.springframework.data.mongodb.core.MongoTemplate; SearchStrategy: all) did not find any beans
10:42:19,407 DEBUG org.springframework.beans.factory.support.DefaultListableBeanFactory:254 - Returning cached instance of singleton bean 'autoConfigurationReport'
10:42:19,407 DEBUG org.springframework.beans.factory.support.DefaultListableBeanFactory:254 - Returning cached instance of singleton bean 'autoConfigurationReport'
10:42:19,410 DEBUG org.springframework.context.annotation.ConfigurationClassBeanDefinitionReader:264 - Registering bean definition for @Bean method org.springframework.boot.autoconfigure.data.mongo.MongoDataAutoConfiguration.mongoTemplate()
10:42:19,410 DEBUG org.springframework.context.annotation.ConfigurationClassBeanDefinitionReader:264 - Registering bean definition for @Bean method org.springframework.boot.autoconfigure.data.mongo.MongoDataAutoConfiguration.mongoTemplate()
10:42:19,411 DEBUG org.springframework.beans.factory.support.DefaultListableBeanFactory:254 - Returning cached instance of singleton bean 'org.springframework.boot.autoconfigure.condition.BeanTypeRegistry'
10:42:19,411 DEBUG org.springframework.beans.factory.support.DefaultListableBeanFactory:254 - Returning cached instance of singleton bean 'org.springframework.boot.autoconfigure.condition.BeanTypeRegistry'
10:42:19,412 TRACE org.springframework.boot.autoconfigure.condition.OnBeanCondition:92 - Condition OnBeanCondition on org.springframework.boot.autoconfigure.data.mongo.MongoDataAutoConfiguration#mappingMongoConverter matched due to @ConditionalOnMissingBean (types: org.springframework.data.mongodb.core.convert.MongoConverter; SearchStrategy: all) did not find any beans
10:42:19,412 TRACE org.springframework.boot.autoconfigure.condition.OnBeanCondition:92 - Condition OnBeanCondition on org.springframework.boot.autoconfigure.data.mongo.MongoDataAutoConfiguration#mappingMongoConverter matched due to @ConditionalOnMissingBean (types: org.springframework.data.mongodb.core.convert.MongoConverter; SearchStrategy: all) did not find any beans
10:42:19,412 DEBUG org.springframework.beans.factory.support.DefaultListableBeanFactory:254 - Returning cached instance of singleton bean 'autoConfigurationReport'
10:42:19,412 DEBUG org.springframework.beans.factory.support.DefaultListableBeanFactory:254 - Returning cached instance of singleton bean 'autoConfigurationReport'
10:42:19,413 DEBUG org.springframework.context.annotation.ConfigurationClassBeanDefinitionReader:264 - Registering bean definition for @Bean method org.springframework.boot.autoconfigure.data.mongo.MongoDataAutoConfiguration.mappingMongoConverter()
10:42:19,413 DEBUG org.springframework.context.annotation.ConfigurationClassBeanDefinitionReader:264 - Registering bean definition for @Bean method org.springframework.boot.autoconfigure.data.mongo.MongoDataAutoConfiguration.mappingMongoConverter()
10:42:19,414 DEBUG org.springframework.beans.factory.support.DefaultListableBeanFactory:254 - Returning cached instance of singleton bean 'org.springframework.boot.autoconfigure.condition.BeanTypeRegistry'
10:42:19,414 DEBUG org.springframework.beans.factory.support.DefaultListableBeanFactory:254 - Returning cached instance of singleton bean 'org.springframework.boot.autoconfigure.condition.BeanTypeRegistry'
10:42:19,415 TRACE org.springframework.boot.autoconfigure.condition.OnBeanCondition:92 - Condition OnBeanCondition on org.springframework.boot.autoconfigure.data.mongo.MongoDataAutoConfiguration#mongoMappingContext matched due to @ConditionalOnMissingBean (types: org.springframework.data.mongodb.core.mapping.MongoMappingContext; SearchStrategy: all) did not find any beans
10:42:19,415 TRACE org.springframework.boot.autoconfigure.condition.OnBeanCondition:92 - Condition OnBeanCondition on org.springframework.boot.autoconfigure.data.mongo.MongoDataAutoConfiguration#mongoMappingContext matched due to @ConditionalOnMissingBean (types: org.springframework.data.mongodb.core.mapping.MongoMappingContext; SearchStrategy: all) did not find any beans
10:42:19,416 DEBUG org.springframework.beans.factory.support.DefaultListableBeanFactory:254 - Returning cached instance of singleton bean 'autoConfigurationReport'
10:42:19,416 DEBUG org.springframework.beans.factory.support.DefaultListableBeanFactory:254 - Returning cached instance of singleton bean 'autoConfigurationReport'
10:42:19,417 DEBUG org.springframework.context.annotation.ConfigurationClassBeanDefinitionReader:264 - Registering bean definition for @Bean method org.springframework.boot.autoconfigure.data.mongo.MongoDataAutoConfiguration.mongoMappingContext()
10:42:19,417 DEBUG org.springframework.context.annotation.ConfigurationClassBeanDefinitionReader:264 - Registering bean definition for @Bean method org.springframework.boot.autoconfigure.data.mongo.MongoDataAutoConfiguration.mongoMappingContext()
10:42:19,417 DEBUG org.springframework.beans.factory.support.DefaultListableBeanFactory:254 - Returning cached instance of singleton bean 'org.springframework.boot.autoconfigure.condition.BeanTypeRegistry'
10:42:19,417 DEBUG org.springframework.beans.factory.support.DefaultListableBeanFactory:254 - Returning cached instance of singleton bean 'org.springframework.boot.autoconfigure.condition.BeanTypeRegistry'
10:42:19,418 TRACE org.springframework.boot.autoconfigure.condition.OnBeanCondition:92 - Condition OnBeanCondition on org.springframework.boot.autoconfigure.data.mongo.MongoDataAutoConfiguration#gridFsTemplate matched due to @ConditionalOnMissingBean (types: org.springframework.data.mongodb.gridfs.GridFsTemplate; SearchStrategy: all) did not find any beans
10:42:19,418 TRACE org.springframework.boot.autoconfigure.condition.OnBeanCondition:92 - Condition OnBeanCondition on org.springframework.boot.autoconfigure.data.mongo.MongoDataAutoConfiguration#gridFsTemplate matched due to @ConditionalOnMissingBean (types: org.springframework.data.mongodb.gridfs.GridFsTemplate; SearchStrategy: all) did not find any beans
10:42:19,419 DEBUG org.springframework.beans.factory.support.DefaultListableBeanFactory:254 - Returning cached instance of singleton bean 'autoConfigurationReport'
10:42:19,419 DEBUG org.springframework.beans.factory.support.DefaultListableBeanFactory:254 - Returning cached instance of singleton bean 'autoConfigurationReport'
10:42:19,420 DEBUG org.springframework.context.annotation.ConfigurationClassBeanDefinitionReader:264 - Registering bean definition for @Bean method org.springframework.boot.autoconfigure.data.mongo.MongoDataAutoConfiguration.gridFsTemplate()
10:42:19,420 DEBUG org.springframework.context.annotation.ConfigurationClassBeanDefinitionReader:264 - Registering bean definition for @Bean method org.springframework.boot.autoconfigure.data.mongo.MongoDataAutoConfiguration.gridFsTemplate()
10:42:19,422 DEBUG org.springframework.beans.factory.support.DefaultListableBeanFactory:254 - Returning cached instance of singleton bean 'org.springframework.boot.autoconfigure.condition.BeanTypeRegistry'
10:42:19,422 DEBUG org.springframework.beans.factory.support.DefaultListableBeanFactory:254 - Returning cached instance of singleton bean 'org.springframework.boot.autoconfigure.condition.BeanTypeRegistry'
10:42:19,424 TRACE org.springframework.boot.autoconfigure.condition.OnBeanCondition:92 - Condition OnBeanCondition on org.springframework.boot.autoconfigure.data.mongo.MongoDataAutoConfiguration#mongoCustomConversions matched due to @ConditionalOnMissingBean (types: org.springframework.data.mongodb.core.convert.MongoCustomConversions; SearchStrategy: all) did not find any beans
10:42:19,424 TRACE org.springframework.boot.autoconfigure.condition.OnBeanCondition:92 - Condition OnBeanCondition on org.springframework.boot.autoconfigure.data.mongo.MongoDataAutoConfiguration#mongoCustomConversions matched due to @ConditionalOnMissingBean (types: org.springframework.data.mongodb.core.convert.MongoCustomConversions; SearchStrategy: all) did not find any beans
10:42:19,424 DEBUG org.springframework.beans.factory.support.DefaultListableBeanFactory:254 - Returning cached instance of singleton bean 'autoConfigurationReport'
10:42:19,424 DEBUG org.springframework.beans.factory.support.DefaultListableBeanFactory:254 - Returning cached instance of singleton bean 'autoConfigurationReport'
10:42:19,426 DEBUG org.springframework.context.annotation.ConfigurationClassBeanDefinitionReader:264 - Registering bean definition for @Bean method org.springframework.boot.autoconfigure.data.mongo.MongoDataAutoConfiguration.mongoCustomConversions()
10:42:19,426 DEBUG org.springframework.context.annotation.ConfigurationClassBeanDefinitionReader:264 - Registering bean definition for @Bean method org.springframework.boot.autoconfigure.data.mongo.MongoDataAutoConfiguration.mongoCustomConversions()
10:42:19,429 TRACE org.springframework.boot.autoconfigure.condition.OnClassCondition:92 - Condition OnClassCondition on org.springframework.boot.autoconfigure.data.mongo.MongoRepositoriesAutoConfiguration matched due to @ConditionalOnClass found required classes 'com.mongodb.MongoClient', 'org.springframework.data.mongodb.repository.MongoRepository'; @ConditionalOnMissingClass did not find unwanted class
10:42:19,429 TRACE org.springframework.boot.autoconfigure.condition.OnClassCondition:92 - Condition OnClassCondition on org.springframework.boot.autoconfigure.data.mongo.MongoRepositoriesAutoConfiguration matched due to @ConditionalOnClass found required classes 'com.mongodb.MongoClient', 'org.springframework.data.mongodb.repository.MongoRepository'; @ConditionalOnMissingClass did not find unwanted class
10:42:19,430 DEBUG org.springframework.beans.factory.support.DefaultListableBeanFactory:254 - Returning cached instance of singleton bean 'autoConfigurationReport'
10:42:19,430 DEBUG org.springframework.beans.factory.support.DefaultListableBeanFactory:254 - Returning cached instance of singleton bean 'autoConfigurationReport'
10:42:19,431 DEBUG org.springframework.beans.factory.support.DefaultListableBeanFactory:254 - Returning cached instance of singleton bean 'org.springframework.boot.autoconfigure.condition.BeanTypeRegistry'
10:42:19,431 DEBUG org.springframework.beans.factory.support.DefaultListableBeanFactory:254 - Returning cached instance of singleton bean 'org.springframework.boot.autoconfigure.condition.BeanTypeRegistry'
10:42:19,433 DEBUG org.springframework.beans.factory.support.DefaultListableBeanFactory:254 - Returning cached instance of singleton bean 'org.springframework.boot.autoconfigure.condition.BeanTypeRegistry'
10:42:19,433 DEBUG org.springframework.beans.factory.support.DefaultListableBeanFactory:254 - Returning cached instance of singleton bean 'org.springframework.boot.autoconfigure.condition.BeanTypeRegistry'
10:42:19,434 TRACE org.springframework.boot.autoconfigure.condition.OnBeanCondition:92 - Condition OnBeanCondition on org.springframework.boot.autoconfigure.data.mongo.MongoRepositoriesAutoConfiguration matched due to @ConditionalOnMissingBean (types: org.springframework.data.mongodb.repository.support.MongoRepositoryFactoryBean,org.springframework.data.mongodb.repository.config.MongoRepositoryConfigurationExtension; SearchStrategy: all) did not find any beans
10:42:19,434 TRACE org.springframework.boot.autoconfigure.condition.OnBeanCondition:92 - Condition OnBeanCondition on org.springframework.boot.autoconfigure.data.mongo.MongoRepositoriesAutoConfiguration matched due to @ConditionalOnMissingBean (types: org.springframework.data.mongodb.repository.support.MongoRepositoryFactoryBean,org.springframework.data.mongodb.repository.config.MongoRepositoryConfigurationExtension; SearchStrategy: all) did not find any beans
10:42:19,436 DEBUG org.springframework.beans.factory.support.DefaultListableBeanFactory:254 - Returning cached instance of singleton bean 'autoConfigurationReport'
10:42:19,436 DEBUG org.springframework.beans.factory.support.DefaultListableBeanFactory:254 - Returning cached instance of singleton bean 'autoConfigurationReport'
10:42:19,445 TRACE org.springframework.core.env.PropertySourcesPropertyResolver:82 - Searching for key 'spring.data.mongodb.repositories.type' in PropertySource 'Annotations'
10:42:19,445 TRACE org.springframework.core.env.PropertySourcesPropertyResolver:82 - Searching for key 'spring.data.mongodb.repositories.type' in PropertySource 'Annotations'
10:42:19,446 TRACE org.springframework.core.env.PropertySourcesPropertyResolver:82 - Searching for key 'spring.data.mongodb.repositories.type' in PropertySource 'configurationProperties'
10:42:19,446 TRACE org.springframework.core.env.PropertySourcesPropertyResolver:82 - Searching for key 'spring.data.mongodb.repositories.type' in PropertySource 'configurationProperties'
10:42:19,449 DEBUG org.springframework.core.env.PropertySourcesPropertyResolver:115 - Found key 'spring.data.mongodb.repositories.type' in PropertySource 'configurationProperties' with value of type String
10:42:19,449 DEBUG org.springframework.core.env.PropertySourcesPropertyResolver:115 - Found key 'spring.data.mongodb.repositories.type' in PropertySource 'configurationProperties' with value of type String
10:42:19,451 TRACE org.springframework.boot.autoconfigure.data.OnRepositoryTypeCondition:92 - Condition OnRepositoryTypeCondition on org.springframework.boot.autoconfigure.data.mongo.MongoRepositoriesAutoConfiguration matched due to @ConditionalOnRepositoryType configured type of 'AUTO' matched required type
10:42:19,451 TRACE org.springframework.boot.autoconfigure.data.OnRepositoryTypeCondition:92 - Condition OnRepositoryTypeCondition on org.springframework.boot.autoconfigure.data.mongo.MongoRepositoriesAutoConfiguration matched due to @ConditionalOnRepositoryType configured type of 'AUTO' matched required type
10:42:19,452 DEBUG org.springframework.beans.factory.support.DefaultListableBeanFactory:254 - Returning cached instance of singleton bean 'autoConfigurationReport'
10:42:19,452 DEBUG org.springframework.beans.factory.support.DefaultListableBeanFactory:254 - Returning cached instance of singleton bean 'autoConfigurationReport'
10:42:19,460 DEBUG org.springframework.context.annotation.ConfigurationClassBeanDefinitionReader:166 - Registered bean definition for imported class 'org.springframework.boot.autoconfigure.data.mongo.MongoRepositoriesAutoConfiguration'
10:42:19,460 DEBUG org.springframework.context.annotation.ConfigurationClassBeanDefinitionReader:166 - Registered bean definition for imported class 'org.springframework.boot.autoconfigure.data.mongo.MongoRepositoriesAutoConfiguration'
10:42:19,461 DEBUG org.springframework.core.env.StandardEnvironment:109 - Adding PropertySource 'systemProperties' with lowest search precedence
10:42:19,461 DEBUG org.springframework.core.env.StandardEnvironment:109 - Adding PropertySource 'systemProperties' with lowest search precedence
10:42:19,462 DEBUG org.springframework.core.env.StandardEnvironment:109 - Adding PropertySource 'systemEnvironment' with lowest search precedence
10:42:19,462 DEBUG org.springframework.core.env.StandardEnvironment:109 - Adding PropertySource 'systemEnvironment' with lowest search precedence
10:42:19,472 DEBUG org.springframework.core.env.StandardEnvironment:125 - Initialized StandardEnvironment with PropertySources [MapPropertySource@477643715 {name='systemProperties', properties={java.runtime.name=Java(TM) SE Runtime Environment, sun.boot.library.path=C:\Program Files\Java\jdk1.8.0_131\jre\bin, java.vm.version=25.131-b11, user.country.format=UA, java.vm.vendor=Oracle Corporation, java.vendor.url=http://java.oracle.com/, path.separator=;, java.vm.name=Java HotSpot(TM) 64-Bit Server VM, file.encoding.pkg=sun.io, user.country=US, user.script=, sun.java.launcher=SUN_STANDARD, sun.os.patch.level=, PID=5372, java.vm.specification.name=Java Virtual Machine Specification, user.dir=E:\java\repos\JavaTutorAPI\javatutor, java.runtime.version=1.8.0_131-b11, basedir=E:\java\repos\JavaTutorAPI\javatutor, java.awt.graphicsenv=sun.awt.Win32GraphicsEnvironment, java.endorsed.dirs=C:\Program Files\Java\jdk1.8.0_131\jre\lib\endorsed, os.arch=amd64, surefire.real.class.path=C:\Users\MARYNA~1\AppData\Local\Temp\surefire1244754544745437156\surefirebooter7935569149334272143.jar, java.io.tmpdir=C:\Users\MARYNA~1\AppData\Local\Temp\, line.separator=
, java.vm.specification.vendor=Oracle Corporation, user.variant=, os.name=Windows 10, sun.jnu.encoding=Cp1252, spring.beaninfo.ignore=true, java.library.path=C:\Program Files\Java\jdk1.8.0_131\jre\bin;C:\WINDOWS\Sun\Java\bin;C:\WINDOWS\system32;C:\WINDOWS;C:\Users\Maryna Savchenko\bin;C:\Program Files\Git\mingw64\bin;C:\Program Files\Git\usr\local\bin;C:\Program Files\Git\usr\bin;C:\Program Files\Git\usr\bin;C:\Program Files\Git\mingw64\bin;C:\Program Files\Git\usr\bin;C:\Users\Maryna Savchenko\bin;C:\Program Files\Docker\Docker\Resources\bin;C:\ProgramData\Oracle\Java\javapath;C:\Program Files (x86)\Intel\TXE Components\TCS;C:\Program Files\Intel\TXE Components\TCS;C:\WINDOWS\system32;C:\WINDOWS;C:\WINDOWS\System32\Wbem;C:\WINDOWS\System32\WindowsPowerShell\v1.0;C:\Program Files\Intel\TXE Components\DAL;C:\Program Files (x86)\Intel\TXE Components\DAL;C:\Program Files\Intel\TXE Components\IPT;C:\Program Files (x86)\Intel\TXE Components\IPT;E:\java\apache-maven-3.5.0-bin\apache-maven-3.5.0\bin;C:\Program Files\Git\cmd;C:\Program Files\Java\jdk1.8.0_131\bin;C:\Program Files\MySQL\MySQL Utilities 1.6;C:\Program Files (x86)\bin;C:\Program Files (x86)\sbt\bin;C:\Program Files (x86)\Yarn\bin;C:\ProgramData\chocolatey\bin;C:\Program Files\nodejs;C:\Users\Maryna Savchenko\AppData\Local\Microsoft\WindowsApps;E:\java\spark-2.2.0-bin-hadoop2.7\bin;C:\Program Files\Java\jdk1.8.0_131\bin;C:\Program Files (x86)\sbt\bin;C:\winutils\bin;C:\Program Files\Docker Toolbox;C:\Users\Maryna Savchenko\AppData\Local\Yarn\bin;C:\Users\Maryna Savchenko\AppData\Roaming\npm;C:\Program Files\Git\usr\bin\vendor_perl;C:\Program Files\Git\usr\bin\core_perl;., surefire.test.class.path=E:\java\repos\JavaTutorAPI\javatutor\target\test-classes;E:\java\repos\JavaTutorAPI\javatutor\target\classes;C:\Users\Maryna Savchenko\.m2\repository\org\springframework\boot\spring-boot-starter-web\2.0.2.RELEASE\spring-boot-starter-web-2.0.2.RELEASE.jar;C:\Users\Maryna Savchenko\.m2\repository\org\springframework\boot\spring-boot-starter\2.0.2.RELEASE\spring-boot-starter-2.0.2.RELEASE.jar;C:\Users\Maryna Savchenko\.m2\repository\javax\annotation\javax.annotation-api\1.3.2\javax.annotation-api-1.3.2.jar;C:\Users\Maryna Savchenko\.m2\repository\org\yaml\snakeyaml\1.19\snakeyaml-1.19.jar;C:\Users\Maryna Savchenko\.m2\repository\org\springframework\boot\spring-boot-starter-json\2.0.2.RELEASE\spring-boot-starter-json-2.0.2.RELEASE.jar;C:\Users\Maryna Savchenko\.m2\repository\com\fasterxml\jackson\core\jackson-databind\2.9.5\jackson-databind-2.9.5.jar;C:\Users\Maryna Savchenko\.m2\repository\com\fasterxml\jackson\core\jackson-annotations\2.9.0\jackson-annotations-2.9.0.jar;C:\Users\Maryna Savchenko\.m2\repository\com\fasterxml\jackson\core\jackson-core\2.9.5\jackson-core-2.9.5.jar;C:\Users\Maryna Savchenko\.m2\repository\com\fasterxml\jackson\datatype\jackson-datatype-jdk8\2.9.5\jackson-datatype-jdk8-2.9.5.jar;C:\Users\Maryna Savchenko\.m2\repository\com\fasterxml\jackson\datatype\jackson-datatype-jsr310\2.9.5\jackson-datatype-jsr310-2.9.5.jar;C:\Users\Maryna Savchenko\.m2\repository\com\fasterxml\jackson\module\jackson-module-parameter-names\2.9.5\jackson-module-parameter-names-2.9.5.jar;C:\Users\Maryna Savchenko\.m2\repository\org\springframework\boot\spring-boot-starter-tomcat\2.0.2.RELEASE\spring-boot-starter-tomcat-2.0.2.RELEASE.jar;C:\Users\Maryna Savchenko\.m2\repository\org\apache\tomcat\embed\tomcat-embed-websocket\8.5.31\tomcat-embed-websocket-8.5.31.jar;C:\Users\Maryna Savchenko\.m2\repository\org\hibernate\validator\hibernate-validator\6.0.9.Final\hibernate-validator-6.0.9.Final.jar;C:\Users\Maryna Savchenko\.m2\repository\javax\validation\validation-api\2.0.1.Final\validation-api-2.0.1.Final.jar;C:\Users\Maryna Savchenko\.m2\repository\org\jboss\logging\jboss-logging\3.3.2.Final\jboss-logging-3.3.2.Final.jar;C:\Users\Maryna Savchenko\.m2\repository\com\fasterxml\classmate\1.3.4\classmate-1.3.4.jar;C:\Users\Maryna Savchenko\.m2\repository\org\springframework\spring-web\5.0.6.RELEASE\spring-web-5.0.6.RELEASE.jar;C:\Users\Maryna Savchenko\.m2\repository\org\springframework\spring-beans\5.0.6.RELEASE\spring-beans-5.0.6.RELEASE.jar;C:\Users\Maryna Savchenko\.m2\repository\org\springframework\spring-webmvc\5.0.6.RELEASE\spring-webmvc-5.0.6.RELEASE.jar;C:\Users\Maryna Savchenko\.m2\repository\org\springframework\spring-context\5.0.6.RELEASE\spring-context-5.0.6.RELEASE.jar;C:\Users\Maryna Savchenko\.m2\repository\org\springframework\spring-expression\5.0.6.RELEASE\spring-expression-5.0.6.RELEASE.jar;C:\Users\Maryna Savchenko\.m2\repository\org\slf4j\jcl-over-slf4j\1.7.25\jcl-over-slf4j-1.7.25.jar;C:\Users\Maryna Savchenko\.m2\repository\org\slf4j\slf4j-api\1.7.25\slf4j-api-1.7.25.jar;C:\Users\Maryna Savchenko\.m2\repository\org\slf4j\jul-to-slf4j\1.7.25\jul-to-slf4j-1.7.25.jar;C:\Users\Maryna Savchenko\.m2\repository\org\slf4j\slf4j-log4j12\1.7.25\slf4j-log4j12-1.7.25.jar;C:\Users\Maryna Savchenko\.m2\repository\log4j\log4j\1.2.17\log4j-1.2.17.jar;C:\Users\Maryna Savchenko\.m2\repository\org\springframework\boot\spring-boot-starter-data-mongodb\2.0.2.RELEASE\spring-boot-starter-data-mongodb-2.0.2.RELEASE.jar;C:\Users\Maryna Savchenko\.m2\repository\org\mongodb\mongodb-driver\3.6.0\mongodb-driver-3.6.0.jar;C:\Users\Maryna Savchenko\.m2\repository\org\mongodb\bson\3.6.0\bson-3.6.0.jar;C:\Users\Maryna Savchenko\.m2\repository\org\mongodb\mongodb-driver-core\3.6.0\mongodb-driver-core-3.6.0.jar;C:\Users\Maryna Savchenko\.m2\repository\org\springframework\data\spring-data-mongodb\2.0.7.RELEASE\spring-data-mongodb-2.0.7.RELEASE.jar;C:\Users\Maryna Savchenko\.m2\repository\org\springframework\spring-tx\5.0.6.RELEASE\spring-tx-5.0.6.RELEASE.jar;C:\Users\Maryna Savchenko\.m2\repository\org\springframework\data\spring-data-commons\2.0.7.RELEASE\spring-data-commons-2.0.7.RELEASE.jar;C:\Users\Maryna Savchenko\.m2\repository\org\springframework\boot\spring-boot-starter-actuator\2.0.2.RELEASE\spring-boot-starter-actuator-2.0.2.RELEASE.jar;C:\Users\Maryna Savchenko\.m2\repository\org\springframework\boot\spring-boot-actuator-autoconfigure\2.0.2.RELEASE\spring-boot-actuator-autoconfigure-2.0.2.RELEASE.jar;C:\Users\Maryna Savchenko\.m2\repository\org\springframework\boot\spring-boot-actuator\2.0.2.RELEASE\spring-boot-actuator-2.0.2.RELEASE.jar;C:\Users\Maryna Savchenko\.m2\repository\io\micrometer\micrometer-core\1.0.4\micrometer-core-1.0.4.jar;C:\Users\Maryna Savchenko\.m2\repository\org\hdrhistogram\HdrHistogram\2.1.10\HdrHistogram-2.1.10.jar;C:\Users\Maryna Savchenko\.m2\repository\org\latencyutils\LatencyUtils\2.0.3\LatencyUtils-2.0.3.jar;C:\Users\Maryna Savchenko\.m2\repository\org\springframework\boot\spring-boot-starter-security\2.0.2.RELEASE\spring-boot-starter-security-2.0.2.RELEASE.jar;C:\Users\Maryna Savchenko\.m2\repository\org\springframework\spring-aop\5.0.6.RELEASE\spring-aop-5.0.6.RELEASE.jar;C:\Users\Maryna Savchenko\.m2\repository\org\springframework\security\spring-security-config\5.0.5.RELEASE\spring-security-config-5.0.5.RELEASE.jar;C:\Users\Maryna Savchenko\.m2\repository\org\springframework\security\spring-security-web\5.0.5.RELEASE\spring-security-web-5.0.5.RELEASE.jar;C:\Users\Maryna Savchenko\.m2\repository\org\springframework\security\spring-security-test\5.0.5.RELEASE\spring-security-test-5.0.5.RELEASE.jar;C:\Users\Maryna Savchenko\.m2\repository\org\springframework\security\spring-security-core\5.0.5.RELEASE\spring-security-core-5.0.5.RELEASE.jar;C:\Users\Maryna Savchenko\.m2\repository\org\springframework\spring-core\5.0.6.RELEASE\spring-core-5.0.6.RELEASE.jar;C:\Users\Maryna Savchenko\.m2\repository\org\springframework\spring-jcl\5.0.6.RELEASE\spring-jcl-5.0.6.RELEASE.jar;C:\Users\Maryna Savchenko\.m2\repository\org\springframework\spring-test\5.0.6.RELEASE\spring-test-5.0.6.RELEASE.jar;C:\Users\Maryna Savchenko\.m2\repository\org\springframework\boot\spring-boot-devtools\2.0.2.RELEASE\spring-boot-devtools-2.0.2.RELEASE.jar;C:\Users\Maryna Savchenko\.m2\repository\org\springframework\boot\spring-boot\2.0.2.RELEASE\spring-boot-2.0.2.RELEASE.jar;C:\Users\Maryna Savchenko\.m2\repository\org\springframework\boot\spring-boot-autoconfigure\2.0.2.RELEASE\spring-boot-autoconfigure-2.0.2.RELEASE.jar;C:\Users\Maryna Savchenko\.m2\repository\org\springframework\boot\spring-boot-starter-test\2.0.2.RELEASE\spring-boot-starter-test-2.0.2.RELEASE.jar;C:\Users\Maryna Savchenko\.m2\repository\org\springframework\boot\spring-boot-test\2.0.2.RELEASE\spring-boot-test-2.0.2.RELEASE.jar;C:\Users\Maryna Savchenko\.m2\repository\org\springframework\boot\spring-boot-test-autoconfigure\2.0.2.RELEASE\spring-boot-test-autoconfigure-2.0.2.RELEASE.jar;C:\Users\Maryna Savchenko\.m2\repository\com\jayway\jsonpath\json-path\2.4.0\json-path-2.4.0.jar;C:\Users\Maryna Savchenko\.m2\repository\net\minidev\json-smart\2.3\json-smart-2.3.jar;C:\Users\Maryna Savchenko\.m2\repository\net\minidev\accessors-smart\1.2\accessors-smart-1.2.jar;C:\Users\Maryna Savchenko\.m2\repository\org\ow2\asm\asm\5.0.4\asm-5.0.4.jar;C:\Users\Maryna Savchenko\.m2\repository\org\assertj\assertj-core\3.9.1\assertj-core-3.9.1.jar;C:\Users\Maryna Savchenko\.m2\repository\org\mockito\mockito-core\2.15.0\mockito-core-2.15.0.jar;C:\Users\Maryna Savchenko\.m2\repository\net\bytebuddy\byte-buddy\1.7.11\byte-buddy-1.7.11.jar;C:\Users\Maryna Savchenko\.m2\repository\net\bytebuddy\byte-buddy-agent\1.7.11\byte-buddy-agent-1.7.11.jar;C:\Users\Maryna Savchenko\.m2\repository\org\objenesis\objenesis\2.6\objenesis-2.6.jar;C:\Users\Maryna Savchenko\.m2\repository\org\hamcrest\hamcrest-core\1.3\hamcrest-core-1.3.jar;C:\Users\Maryna Savchenko\.m2\repository\org\hamcrest\hamcrest-library\1.3\hamcrest-library-1.3.jar;C:\Users\Maryna Savchenko\.m2\repository\org\skyscreamer\jsonassert\1.5.0\jsonassert-1.5.0.jar;C:\Users\Maryna Savchenko\.m2\repository\com\vaadin\external\google\android-json\0.0.20131108.vaadin1\android-json-0.0.20131108.vaadin1.jar;C:\Users\Maryna Savchenko\.m2\repository\org\xmlunit\xmlunit-core\2.5.1\xmlunit-core-2.5.1.jar;C:\Users\Maryna Savchenko\.m2\repository\pl\pragmatists\JUnitParams\1.1.1\JUnitParams-1.1.1.jar;C:\Users\Maryna Savchenko\.m2\repository\org\apache\tomcat\embed\tomcat-embed-jasper\8.5.31\tomcat-embed-jasper-8.5.31.jar;C:\Users\Maryna Savchenko\.m2\repository\org\apache\tomcat\embed\tomcat-embed-core\8.5.31\tomcat-embed-core-8.5.31.jar;C:\Users\Maryna Savchenko\.m2\repository\org\apache\tomcat\tomcat-annotations-api\8.5.31\tomcat-annotations-api-8.5.31.jar;C:\Users\Maryna Savchenko\.m2\repository\org\apache\tomcat\embed\tomcat-embed-el\8.5.31\tomcat-embed-el-8.5.31.jar;C:\Users\Maryna Savchenko\.m2\repository\org\eclipse\jdt\ecj\3.12.3\ecj-3.12.3.jar;C:\Users\Maryna Savchenko\.m2\repository\junit\junit\4.12\junit-4.12.jar;C:\Users\Maryna Savchenko\.m2\repository\org\projectlombok\lombok\1.16.20\lombok-1.16.20.jar;C:\Users\Maryna Savchenko\.m2\repository\org\projectlombok\lombok-maven-plugin\1.16.20.0\lombok-maven-plugin-1.16.20.0.jar;C:\Users\Maryna Savchenko\.m2\repository\org\apache\commons\commons-lang3\3.7\commons-lang3-3.7.jar;C:\Users\Maryna Savchenko\.m2\repository\org\sonatype\plexus\plexus-build-api\0.0.7\plexus-build-api-0.0.7.jar;C:\Users\Maryna Savchenko\.m2\repository\org\codehaus\plexus\plexus-utils\1.5.8\plexus-utils-1.5.8.jar;, java.specification.name=Java Platform API Specification, java.class.version=52.0, sun.management.compiler=HotSpot 64-Bit Tiered Compilers, os.version=10.0, user.home=C:\Users\Maryna Savchenko, user.timezone=Europe/Belgrade, java.awt.printerjob=sun.awt.windows.WPrinterJob, file.encoding=Cp1252, java.specification.version=1.8, java.class.path=E:\java\repos\JavaTutorAPI\javatutor\target\test-classes;E:\java\repos\JavaTutorAPI\javatutor\target\classes;C:\Users\Maryna Savchenko\.m2\repository\org\springframework\boot\spring-boot-starter-web\2.0.2.RELEASE\spring-boot-starter-web-2.0.2.RELEASE.jar;C:\Users\Maryna Savchenko\.m2\repository\org\springframework\boot\spring-boot-starter\2.0.2.RELEASE\spring-boot-starter-2.0.2.RELEASE.jar;C:\Users\Maryna Savchenko\.m2\repository\javax\annotation\javax.annotation-api\1.3.2\javax.annotation-api-1.3.2.jar;C:\Users\Maryna Savchenko\.m2\repository\org\yaml\snakeyaml\1.19\snakeyaml-1.19.jar;C:\Users\Maryna Savchenko\.m2\repository\org\springframework\boot\spring-boot-starter-json\2.0.2.RELEASE\spring-boot-starter-json-2.0.2.RELEASE.jar;C:\Users\Maryna Savchenko\.m2\repository\com\fasterxml\jackson\core\jackson-databind\2.9.5\jackson-databind-2.9.5.jar;C:\Users\Maryna Savchenko\.m2\repository\com\fasterxml\jackson\core\jackson-annotations\2.9.0\jackson-annotations-2.9.0.jar;C:\Users\Maryna Savchenko\.m2\repository\com\fasterxml\jackson\core\jackson-core\2.9.5\jackson-core-2.9.5.jar;C:\Users\Maryna Savchenko\.m2\repository\com\fasterxml\jackson\datatype\jackson-datatype-jdk8\2.9.5\jackson-datatype-jdk8-2.9.5.jar;C:\Users\Maryna Savchenko\.m2\repository\com\fasterxml\jackson\datatype\jackson-datatype-jsr310\2.9.5\jackson-datatype-jsr310-2.9.5.jar;C:\Users\Maryna Savchenko\.m2\repository\com\fasterxml\jackson\module\jackson-module-parameter-names\2.9.5\jackson-module-parameter-names-2.9.5.jar;C:\Users\Maryna Savchenko\.m2\repository\org\springframework\boot\spring-boot-starter-tomcat\2.0.2.RELEASE\spring-boot-starter-tomcat-2.0.2.RELEASE.jar;C:\Users\Maryna Savchenko\.m2\repository\org\apache\tomcat\embed\tomcat-embed-websocket\8.5.31\tomcat-embed-websocket-8.5.31.jar;C:\Users\Maryna Savchenko\.m2\repository\org\hibernate\validator\hibernate-validator\6.0.9.Final\hibernate-validator-6.0.9.Final.jar;C:\Users\Maryna Savchenko\.m2\repository\javax\validation\validation-api\2.0.1.Final\validation-api-2.0.1.Final.jar;C:\Users\Maryna Savchenko\.m2\repository\org\jboss\logging\jboss-logging\3.3.2.Final\jboss-logging-3.3.2.Final.jar;C:\Users\Maryna Savchenko\.m2\repository\com\fasterxml\classmate\1.3.4\classmate-1.3.4.jar;C:\Users\Maryna Savchenko\.m2\repository\org\springframework\spring-web\5.0.6.RELEASE\spring-web-5.0.6.RELEASE.jar;C:\Users\Maryna Savchenko\.m2\repository\org\springframework\spring-beans\5.0.6.RELEASE\spring-beans-5.0.6.RELEASE.jar;C:\Users\Maryna Savchenko\.m2\repository\org\springframework\spring-webmvc\5.0.6.RELEASE\spring-webmvc-5.0.6.RELEASE.jar;C:\Users\Maryna Savchenko\.m2\repository\org\springframework\spring-context\5.0.6.RELEASE\spring-context-5.0.6.RELEASE.jar;C:\Users\Maryna Savchenko\.m2\repository\org\springframework\spring-expression\5.0.6.RELEASE\spring-expression-5.0.6.RELEASE.jar;C:\Users\Maryna Savchenko\.m2\repository\org\slf4j\jcl-over-slf4j\1.7.25\jcl-over-slf4j-1.7.25.jar;C:\Users\Maryna Savchenko\.m2\repository\org\slf4j\slf4j-api\1.7.25\slf4j-api-1.7.25.jar;C:\Users\Maryna Savchenko\.m2\repository\org\slf4j\jul-to-slf4j\1.7.25\jul-to-slf4j-1.7.25.jar;C:\Users\Maryna Savchenko\.m2\repository\org\slf4j\slf4j-log4j12\1.7.25\slf4j-log4j12-1.7.25.jar;C:\Users\Maryna Savchenko\.m2\repository\log4j\log4j\1.2.17\log4j-1.2.17.jar;C:\Users\Maryna Savchenko\.m2\repository\org\springframework\boot\spring-boot-starter-data-mongodb\2.0.2.RELEASE\spring-boot-starter-data-mongodb-2.0.2.RELEASE.jar;C:\Users\Maryna Savchenko\.m2\repository\org\mongodb\mongodb-driver\3.6.0\mongodb-driver-3.6.0.jar;C:\Users\Maryna Savchenko\.m2\repository\org\mongodb\bson\3.6.0\bson-3.6.0.jar;C:\Users\Maryna Savchenko\.m2\repository\org\mongodb\mongodb-driver-core\3.6.0\mongodb-driver-core-3.6.0.jar;C:\Users\Maryna Savchenko\.m2\repository\org\springframework\data\spring-data-mongodb\2.0.7.RELEASE\spring-data-mongodb-2.0.7.RELEASE.jar;C:\Users\Maryna Savchenko\.m2\repository\org\springframework\spring-tx\5.0.6.RELEASE\spring-tx-5.0.6.RELEASE.jar;C:\Users\Maryna Savchenko\.m2\repository\org\springframework\data\spring-data-commons\2.0.7.RELEASE\spring-data-commons-2.0.7.RELEASE.jar;C:\Users\Maryna Savchenko\.m2\repository\org\springframework\boot\spring-boot-starter-actuator\2.0.2.RELEASE\spring-boot-starter-actuator-2.0.2.RELEASE.jar;C:\Users\Maryna Savchenko\.m2\repository\org\springframework\boot\spring-boot-actuator-autoconfigure\2.0.2.RELEASE\spring-boot-actuator-autoconfigure-2.0.2.RELEASE.jar;C:\Users\Maryna Savchenko\.m2\repository\org\springframework\boot\spring-boot-actuator\2.0.2.RELEASE\spring-boot-actuator-2.0.2.RELEASE.jar;C:\Users\Maryna Savchenko\.m2\repository\io\micrometer\micrometer-core\1.0.4\micrometer-core-1.0.4.jar;C:\Users\Maryna Savchenko\.m2\repository\org\hdrhistogram\HdrHistogram\2.1.10\HdrHistogram-2.1.10.jar;C:\Users\Maryna Savchenko\.m2\repository\org\latencyutils\LatencyUtils\2.0.3\LatencyUtils-2.0.3.jar;C:\Users\Maryna Savchenko\.m2\repository\org\springframework\boot\spring-boot-starter-security\2.0.2.RELEASE\spring-boot-starter-security-2.0.2.RELEASE.jar;C:\Users\Maryna Savchenko\.m2\repository\org\springframework\spring-aop\5.0.6.RELEASE\spring-aop-5.0.6.RELEASE.jar;C:\Users\Maryna Savchenko\.m2\repository\org\springframework\security\spring-security-config\5.0.5.RELEASE\spring-security-config-5.0.5.RELEASE.jar;C:\Users\Maryna Savchenko\.m2\repository\org\springframework\security\spring-security-web\5.0.5.RELEASE\spring-security-web-5.0.5.RELEASE.jar;C:\Users\Maryna Savchenko\.m2\repository\org\springframework\security\spring-security-test\5.0.5.RELEASE\spring-security-test-5.0.5.RELEASE.jar;C:\Users\Maryna Savchenko\.m2\repository\org\springframework\security\spring-security-core\5.0.5.RELEASE\spring-security-core-5.0.5.RELEASE.jar;C:\Users\Maryna Savchenko\.m2\repository\org\springframework\spring-core\5.0.6.RELEASE\spring-core-5.0.6.RELEASE.jar;C:\Users\Maryna Savchenko\.m2\repository\org\springframework\spring-jcl\5.0.6.RELEASE\spring-jcl-5.0.6.RELEASE.jar;C:\Users\Maryna Savchenko\.m2\repository\org\springframework\spring-test\5.0.6.RELEASE\spring-test-5.0.6.RELEASE.jar;C:\Users\Maryna Savchenko\.m2\repository\org\springframework\boot\spring-boot-devtools\2.0.2.RELEASE\spring-boot-devtools-2.0.2.RELEASE.jar;C:\Users\Maryna Savchenko\.m2\repository\org\springframework\boot\spring-boot\2.0.2.RELEASE\spring-boot-2.0.2.RELEASE.jar;C:\Users\Maryna Savchenko\.m2\repository\org\springframework\boot\spring-boot-autoconfigure\2.0.2.RELEASE\spring-boot-autoconfigure-2.0.2.RELEASE.jar;C:\Users\Maryna Savchenko\.m2\repository\org\springframework\boot\spring-boot-starter-test\2.0.2.RELEASE\spring-boot-starter-test-2.0.2.RELEASE.jar;C:\Users\Maryna Savchenko\.m2\repository\org\springframework\boot\spring-boot-test\2.0.2.RELEASE\spring-boot-test-2.0.2.RELEASE.jar;C:\Users\Maryna Savchenko\.m2\repository\org\springframework\boot\spring-boot-test-autoconfigure\2.0.2.RELEASE\spring-boot-test-autoconfigure-2.0.2.RELEASE.jar;C:\Users\Maryna Savchenko\.m2\repository\com\jayway\jsonpath\json-path\2.4.0\json-path-2.4.0.jar;C:\Users\Maryna Savchenko\.m2\repository\net\minidev\json-smart\2.3\json-smart-2.3.jar;C:\Users\Maryna Savchenko\.m2\repository\net\minidev\accessors-smart\1.2\accessors-smart-1.2.jar;C:\Users\Maryna Savchenko\.m2\repository\org\ow2\asm\asm\5.0.4\asm-5.0.4.jar;C:\Users\Maryna Savchenko\.m2\repository\org\assertj\assertj-core\3.9.1\assertj-core-3.9.1.jar;C:\Users\Maryna Savchenko\.m2\repository\org\mockito\mockito-core\2.15.0\mockito-core-2.15.0.jar;C:\Users\Maryna Savchenko\.m2\repository\net\bytebuddy\byte-buddy\1.7.11\byte-buddy-1.7.11.jar;C:\Users\Maryna Savchenko\.m2\repository\net\bytebuddy\byte-buddy-agent\1.7.11\byte-buddy-agent-1.7.11.jar;C:\Users\Maryna Savchenko\.m2\repository\org\objenesis\objenesis\2.6\objenesis-2.6.jar;C:\Users\Maryna Savchenko\.m2\repository\org\hamcrest\hamcrest-core\1.3\hamcrest-core-1.3.jar;C:\Users\Maryna Savchenko\.m2\repository\org\hamcrest\hamcrest-library\1.3\hamcrest-library-1.3.jar;C:\Users\Maryna Savchenko\.m2\repository\org\skyscreamer\jsonassert\1.5.0\jsonassert-1.5.0.jar;C:\Users\Maryna Savchenko\.m2\repository\com\vaadin\external\google\android-json\0.0.20131108.vaadin1\android-json-0.0.20131108.vaadin1.jar;C:\Users\Maryna Savchenko\.m2\repository\org\xmlunit\xmlunit-core\2.5.1\xmlunit-core-2.5.1.jar;C:\Users\Maryna Savchenko\.m2\repository\pl\pragmatists\JUnitParams\1.1.1\JUnitParams-1.1.1.jar;C:\Users\Maryna Savchenko\.m2\repository\org\apache\tomcat\embed\tomcat-embed-jasper\8.5.31\tomcat-embed-jasper-8.5.31.jar;C:\Users\Maryna Savchenko\.m2\repository\org\apache\tomcat\embed\tomcat-embed-core\8.5.31\tomcat-embed-core-8.5.31.jar;C:\Users\Maryna Savchenko\.m2\repository\org\apache\tomcat\tomcat-annotations-api\8.5.31\tomcat-annotations-api-8.5.31.jar;C:\Users\Maryna Savchenko\.m2\repository\org\apache\tomcat\embed\tomcat-embed-el\8.5.31\tomcat-embed-el-8.5.31.jar;C:\Users\Maryna Savchenko\.m2\repository\org\eclipse\jdt\ecj\3.12.3\ecj-3.12.3.jar;C:\Users\Maryna Savchenko\.m2\repository\junit\junit\4.12\junit-4.12.jar;C:\Users\Maryna Savchenko\.m2\repository\org\projectlombok\lombok\1.16.20\lombok-1.16.20.jar;C:\Users\Maryna Savchenko\.m2\repository\org\projectlombok\lombok-maven-plugin\1.16.20.0\lombok-maven-plugin-1.16.20.0.jar;C:\Users\Maryna Savchenko\.m2\repository\org\apache\commons\commons-lang3\3.7\commons-lang3-3.7.jar;C:\Users\Maryna Savchenko\.m2\repository\org\sonatype\plexus\plexus-build-api\0.0.7\plexus-build-api-0.0.7.jar;C:\Users\Maryna Savchenko\.m2\repository\org\codehaus\plexus\plexus-utils\1.5.8\plexus-utils-1.5.8.jar;, user.name=Maryna Savchenko, java.vm.specification.version=1.8, sun.java.command=C:\Users\MARYNA~1\AppData\Local\Temp\surefire1244754544745437156\surefirebooter7935569149334272143.jar C:\Users\Maryna Savchenko\AppData\Local\Temp\surefire1244754544745437156 2018-10-11T10-37-06_854-jvmRun1 surefire6084229711424990350tmp surefire_01445494788152468973tmp, java.home=C:\Program Files\Java\jdk1.8.0_131\jre, sun.arch.data.model=64, user.language=en, java.specification.vendor=Oracle Corporation, user.language.format=uk, awt.toolkit=sun.awt.windows.WToolkit, java.vm.info=mixed mode, java.version=1.8.0_131, java.ext.dirs=C:\Program Files\Java\jdk1.8.0_131\jre\lib\ext;C:\WINDOWS\Sun\Java\lib\ext, sun.boot.class.path=C:\Program Files\Java\jdk1.8.0_131\jre\lib\resources.jar;C:\Program Files\Java\jdk1.8.0_131\jre\lib\rt.jar;C:\Program Files\Java\jdk1.8.0_131\jre\lib\sunrsasign.jar;C:\Program Files\Java\jdk1.8.0_131\jre\lib\jsse.jar;C:\Program Files\Java\jdk1.8.0_131\jre\lib\jce.jar;C:\Program Files\Java\jdk1.8.0_131\jre\lib\charsets.jar;C:\Program Files\Java\jdk1.8.0_131\jre\lib\jfr.jar;C:\Program Files\Java\jdk1.8.0_131\jre\classes, java.awt.headless=true, java.vendor=Oracle Corporation, localRepository=C:\Users\Maryna Savchenko\.m2\repository, file.separator=\, java.vendor.url.bug=http://bugreport.sun.com/bugreport/, sun.io.unicode.encoding=UnicodeLittle, sun.cpu.endian=little, sun.desktop=windows, sun.cpu.isalist=amd64}}, SystemEnvironmentPropertySource@1364765175 {name='systemEnvironment', properties={PATH=C:\Users\Maryna Savchenko\bin;C:\Program Files\Git\mingw64\bin;C:\Program Files\Git\usr\local\bin;C:\Program Files\Git\usr\bin;C:\Program Files\Git\usr\bin;C:\Program Files\Git\mingw64\bin;C:\Program Files\Git\usr\bin;C:\Users\Maryna Savchenko\bin;C:\Program Files\Docker\Docker\Resources\bin;C:\ProgramData\Oracle\Java\javapath;C:\Program Files (x86)\Intel\TXE Components\TCS;C:\Program Files\Intel\TXE Components\TCS;C:\WINDOWS\system32;C:\WINDOWS;C:\WINDOWS\System32\Wbem;C:\WINDOWS\System32\WindowsPowerShell\v1.0;C:\Program Files\Intel\TXE Components\DAL;C:\Program Files (x86)\Intel\TXE Components\DAL;C:\Program Files\Intel\TXE Components\IPT;C:\Program Files (x86)\Intel\TXE Components\IPT;E:\java\apache-maven-3.5.0-bin\apache-maven-3.5.0\bin;C:\Program Files\Git\cmd;C:\Program Files\Java\jdk1.8.0_131\bin;C:\Program Files\MySQL\MySQL Utilities 1.6;C:\Program Files (x86)\bin;C:\Program Files (x86)\sbt\bin;C:\Program Files (x86)\Yarn\bin;C:\ProgramData\chocolatey\bin;C:\Program Files\nodejs;C:\Users\Maryna Savchenko\AppData\Local\Microsoft\WindowsApps;E:\java\spark-2.2.0-bin-hadoop2.7\bin;C:\Program Files\Java\jdk1.8.0_131\bin;C:\Program Files (x86)\sbt\bin;C:\winutils\bin;C:\Program Files\Docker Toolbox;C:\Users\Maryna Savchenko\AppData\Local\Yarn\bin;C:\Users\Maryna Savchenko\AppData\Roaming\npm;C:\Program Files\Git\usr\bin\vendor_perl;C:\Program Files\Git\usr\bin\core_perl, USERDOMAIN_ROAMINGPROFILE=BigBrother, PKG_CONFIG_PATH=C:\Program Files\Git\mingw64\lib\pkgconfig;C:\Program Files\Git\mingw64\share\pkgconfig, MSYSTEM_PREFIX=C:/Program Files/Git/mingw64, PROCESSOR_LEVEL=6, SYSTEMDRIVE=C:, CONFIG_SITE=C:/Program Files/Git/mingw64/etc/config.site, FP_NO_HOST_CHECK=NO, POSTGIS_GDAL_ENABLED_DRIVERS=GTiff PNG JPEG GIF XYZ DTED USGSDEM AAIGrid, SESSIONNAME=Console, ALLUSERSPROFILE=C:\ProgramData, GDAL_DATA=C:\Program Files\PostgreSQL\9.6\gdal-data, PROCESSOR_ARCHITECTURE=AMD64, MSYSTEM_CHOST=x86_64-w64-mingw32, =E:=E:\java\repos\JavaTutorAPI\javatutor, ORIGINAL_TEMP=C:/Users/MARYNA~1/AppData/Local/Temp, PROGRAMFILES=C:\Program Files, POSTGIS_ENABLE_OUTDB_RASTERS=1, PSMODULEPATH=C:\WINDOWS\system32\WindowsPowerShell\v1.0\Modules\, PROGRAMDATA=C:\ProgramData, CHOCOLATEYLASTPATHUPDATE=?? ??? 24 11:36:27 2018, USERNAME=Maryna Savchenko, PWD=E:/java/repos/JavaTutorAPI/javatutor, INFOPATH=C:\Program Files\Git\usr\local\info;C:\Program Files\Git\usr\share\info;C:\Program Files\Git\usr\info;C:\Program Files\Git\share\info, FPS_BROWSER_USER_PROFILE_STRING=Default, ONEDRIVE=C:\Users\Maryna Savchenko\OneDrive, PATHEXT=.COM;.EXE;.BAT;.CMD;.VBS;.VBE;.JS;.JSE;.WSF;.WSH;.MSC, SHELL=C:\Program Files\Git\usr\bin\bash.exe, ORIGINAL_TMP=C:/Users/MARYNA~1/AppData/Local/Temp, OLDPWD=E:/java/repos/JavaTutorAPI/javatutor, TMPDIR=C:\Users\MARYNA~1\AppData\Local\Temp, WINDIR=C:\WINDOWS, SSH_ASKPASS=C:/Program Files/Git/mingw64/libexec/git-core/git-gui--askpass, HOMEPATH=\Users\Maryna Savchenko, PROCESSOR_IDENTIFIER=Intel64 Family 6 Model 76 Stepping 3, GenuineIntel, HADOOP_HOME=C:\winutils, M2_HOME=E:\java\apache-maven-3.5.0-bin\apache-maven-3.5.0, PUBLIC=C:\Users\Public, MINGW_CHOST=x86_64-w64-mingw32, =::=::\, EXEPATH=C:\Program Files\Git, SHLVL=1, LOCALAPPDATA=C:\Users\Maryna Savchenko\AppData\Local, ORIGINAL_PATH=C:\Program Files\Git\mingw64\bin;C:\Program Files\Git\usr\bin;C:\Users\Maryna Savchenko\bin;C:\Program Files\Docker\Docker\Resources\bin;C:\ProgramData\Oracle\Java\javapath;C:\Program Files (x86)\Intel\TXE Components\TCS;C:\Program Files\Intel\TXE Components\TCS;C:\WINDOWS\system32;C:\WINDOWS;C:\WINDOWS\System32\Wbem;C:\WINDOWS\System32\WindowsPowerShell\v1.0;C:\Program Files\Intel\TXE Components\DAL;C:\Program Files (x86)\Intel\TXE Components\DAL;C:\Program Files\Intel\TXE Components\IPT;C:\Program Files (x86)\Intel\TXE Components\IPT;E:\java\apache-maven-3.5.0-bin\apache-maven-3.5.0\bin;C:\Program Files\Git\cmd;C:\Program Files\Java\jdk1.8.0_131\bin;C:\Program Files\MySQL\MySQL Utilities 1.6;C:\Program Files (x86)\bin;C:\Program Files (x86)\sbt\bin;C:\Program Files (x86)\Yarn\bin;C:\ProgramData\chocolatey\bin;C:\Program Files\nodejs;C:\Users\Maryna Savchenko\AppData\Local\Microsoft\WindowsApps;E:\java\spark-2.2.0-bin-hadoop2.7\bin;C:\Program Files\Java\jdk1.8.0_131\bin;C:\Program Files (x86)\sbt\bin;C:\winutils\bin;C:\Program Files\Docker Toolbox;C:\Users\Maryna Savchenko\AppData\Local\Yarn\bin;C:\Users\Maryna Savchenko\AppData\Roaming\npm, MANPATH=C:\Program Files\Git\mingw64\share\man;C:\Program Files\Git\usr\local\man;C:\Program Files\Git\usr\share\man;C:\Program Files\Git\usr\man;C:\Program Files\Git\share\man, COMMONPROGRAMFILES(X86)=C:\Program Files (x86)\Common Files, MINGW_PACKAGE_PREFIX=mingw-w64-x86_64, USERDOMAIN=BigBrother, FPS_BROWSER_APP_PROFILE_STRING=Internet Explorer, LOGONSERVER=\\BIGBROTHER, JAVA_HOME=C:/Program Files/Java/jdk1.8.0_131, PLINK_PROTOCOL=ssh, PROMPT=$P$G, PROGRAMFILES(X86)=C:\Program Files (x86), TERM=xterm, LANG=en_US.UTF-8, MINGW_PREFIX=C:/Program Files/Git/mingw64, DISPLAY=needs-to-be-defined, MSYSTEM=MINGW64, APPDATA=C:\Users\Maryna Savchenko\AppData\Roaming, SPARK_HOME=E:\java\spark-2.2.0-bin-hadoop2.7, PROGRAMW6432=C:\Program Files, SYSTEMROOT=C:\WINDOWS, CHOCOLATEYINSTALL=C:\ProgramData\chocolatey, MAVEN_CMD_LINE_ARGS= test, SCALA_HOME=C:\Program Files (x86)\sbt, VBOX_MSI_INSTALL_PATH=C:\Program Files\Oracle\VirtualBox\, OS=Windows_NT, COMMONPROGRAMW6432=C:\Program Files\Common Files, COMPUTERNAME=BIGBROTHER, COMMONPROGRAMFILES=C:\Program Files\Common Files, COMSPEC=C:\WINDOWS\system32\cmd.exe, SBT_HOME=C:\Program Files (x86)\sbt\, MAVEN_PROJECTBASEDIR=E:/java/repos/JavaTutorAPI/javatutor, PROCESSOR_REVISION=4c03, ACLOCAL_PATH=C:\Program Files\Git\mingw64\share\aclocal;C:\Program Files\Git\usr\share\aclocal, MSYSTEM_CARCH=x86_64, PRINTER=Foxit Reader PDF Printer, TEMP=C:\Users\MARYNA~1\AppData\Local\Temp, HOSTNAME=BigBrother, HOMEDRIVE=C:, USERPROFILE=C:\Users\Maryna Savchenko, TMP=C:\Users\MARYNA~1\AppData\Local\Temp, NUMBER_OF_PROCESSORS=4, DOCKER_TOOLBOX_INSTALL_PATH=C:\Program Files\Docker Toolbox, HOME=C:\Users\Maryna Savchenko}}]
10:42:19,472 DEBUG org.springframework.core.env.StandardEnvironment:125 - Initialized StandardEnvironment with PropertySources [MapPropertySource@477643715 {name='systemProperties', properties={java.runtime.name=Java(TM) SE Runtime Environment, sun.boot.library.path=C:\Program Files\Java\jdk1.8.0_131\jre\bin, java.vm.version=25.131-b11, user.country.format=UA, java.vm.vendor=Oracle Corporation, java.vendor.url=http://java.oracle.com/, path.separator=;, java.vm.name=Java HotSpot(TM) 64-Bit Server VM, file.encoding.pkg=sun.io, user.country=US, user.script=, sun.java.launcher=SUN_STANDARD, sun.os.patch.level=, PID=5372, java.vm.specification.name=Java Virtual Machine Specification, user.dir=E:\java\repos\JavaTutorAPI\javatutor, java.runtime.version=1.8.0_131-b11, basedir=E:\java\repos\JavaTutorAPI\javatutor, java.awt.graphicsenv=sun.awt.Win32GraphicsEnvironment, java.endorsed.dirs=C:\Program Files\Java\jdk1.8.0_131\jre\lib\endorsed, os.arch=amd64, surefire.real.class.path=C:\Users\MARYNA~1\AppData\Local\Temp\surefire1244754544745437156\surefirebooter7935569149334272143.jar, java.io.tmpdir=C:\Users\MARYNA~1\AppData\Local\Temp\, line.separator=
, java.vm.specification.vendor=Oracle Corporation, user.variant=, os.name=Windows 10, sun.jnu.encoding=Cp1252, spring.beaninfo.ignore=true, java.library.path=C:\Program Files\Java\jdk1.8.0_131\jre\bin;C:\WINDOWS\Sun\Java\bin;C:\WINDOWS\system32;C:\WINDOWS;C:\Users\Maryna Savchenko\bin;C:\Program Files\Git\mingw64\bin;C:\Program Files\Git\usr\local\bin;C:\Program Files\Git\usr\bin;C:\Program Files\Git\usr\bin;C:\Program Files\Git\mingw64\bin;C:\Program Files\Git\usr\bin;C:\Users\Maryna Savchenko\bin;C:\Program Files\Docker\Docker\Resources\bin;C:\ProgramData\Oracle\Java\javapath;C:\Program Files (x86)\Intel\TXE Components\TCS;C:\Program Files\Intel\TXE Components\TCS;C:\WINDOWS\system32;C:\WINDOWS;C:\WINDOWS\System32\Wbem;C:\WINDOWS\System32\WindowsPowerShell\v1.0;C:\Program Files\Intel\TXE Components\DAL;C:\Program Files (x86)\Intel\TXE Components\DAL;C:\Program Files\Intel\TXE Components\IPT;C:\Program Files (x86)\Intel\TXE Components\IPT;E:\java\apache-maven-3.5.0-bin\apache-maven-3.5.0\bin;C:\Program Files\Git\cmd;C:\Program Files\Java\jdk1.8.0_131\bin;C:\Program Files\MySQL\MySQL Utilities 1.6;C:\Program Files (x86)\bin;C:\Program Files (x86)\sbt\bin;C:\Program Files (x86)\Yarn\bin;C:\ProgramData\chocolatey\bin;C:\Program Files\nodejs;C:\Users\Maryna Savchenko\AppData\Local\Microsoft\WindowsApps;E:\java\spark-2.2.0-bin-hadoop2.7\bin;C:\Program Files\Java\jdk1.8.0_131\bin;C:\Program Files (x86)\sbt\bin;C:\winutils\bin;C:\Program Files\Docker Toolbox;C:\Users\Maryna Savchenko\AppData\Local\Yarn\bin;C:\Users\Maryna Savchenko\AppData\Roaming\npm;C:\Program Files\Git\usr\bin\vendor_perl;C:\Program Files\Git\usr\bin\core_perl;., surefire.test.class.path=E:\java\repos\JavaTutorAPI\javatutor\target\test-classes;E:\java\repos\JavaTutorAPI\javatutor\target\classes;C:\Users\Maryna Savchenko\.m2\repository\org\springframework\boot\spring-boot-starter-web\2.0.2.RELEASE\spring-boot-starter-web-2.0.2.RELEASE.jar;C:\Users\Maryna Savchenko\.m2\repository\org\springframework\boot\spring-boot-starter\2.0.2.RELEASE\spring-boot-starter-2.0.2.RELEASE.jar;C:\Users\Maryna Savchenko\.m2\repository\javax\annotation\javax.annotation-api\1.3.2\javax.annotation-api-1.3.2.jar;C:\Users\Maryna Savchenko\.m2\repository\org\yaml\snakeyaml\1.19\snakeyaml-1.19.jar;C:\Users\Maryna Savchenko\.m2\repository\org\springframework\boot\spring-boot-starter-json\2.0.2.RELEASE\spring-boot-starter-json-2.0.2.RELEASE.jar;C:\Users\Maryna Savchenko\.m2\repository\com\fasterxml\jackson\core\jackson-databind\2.9.5\jackson-databind-2.9.5.jar;C:\Users\Maryna Savchenko\.m2\repository\com\fasterxml\jackson\core\jackson-annotations\2.9.0\jackson-annotations-2.9.0.jar;C:\Users\Maryna Savchenko\.m2\repository\com\fasterxml\jackson\core\jackson-core\2.9.5\jackson-core-2.9.5.jar;C:\Users\Maryna Savchenko\.m2\repository\com\fasterxml\jackson\datatype\jackson-datatype-jdk8\2.9.5\jackson-datatype-jdk8-2.9.5.jar;C:\Users\Maryna Savchenko\.m2\repository\com\fasterxml\jackson\datatype\jackson-datatype-jsr310\2.9.5\jackson-datatype-jsr310-2.9.5.jar;C:\Users\Maryna Savchenko\.m2\repository\com\fasterxml\jackson\module\jackson-module-parameter-names\2.9.5\jackson-module-parameter-names-2.9.5.jar;C:\Users\Maryna Savchenko\.m2\repository\org\springframework\boot\spring-boot-starter-tomcat\2.0.2.RELEASE\spring-boot-starter-tomcat-2.0.2.RELEASE.jar;C:\Users\Maryna Savchenko\.m2\repository\org\apache\tomcat\embed\tomcat-embed-websocket\8.5.31\tomcat-embed-websocket-8.5.31.jar;C:\Users\Maryna Savchenko\.m2\repository\org\hibernate\validator\hibernate-validator\6.0.9.Final\hibernate-validator-6.0.9.Final.jar;C:\Users\Maryna Savchenko\.m2\repository\javax\validation\validation-api\2.0.1.Final\validation-api-2.0.1.Final.jar;C:\Users\Maryna Savchenko\.m2\repository\org\jboss\logging\jboss-logging\3.3.2.Final\jboss-logging-3.3.2.Final.jar;C:\Users\Maryna Savchenko\.m2\repository\com\fasterxml\classmate\1.3.4\classmate-1.3.4.jar;C:\Users\Maryna Savchenko\.m2\repository\org\springframework\spring-web\5.0.6.RELEASE\spring-web-5.0.6.RELEASE.jar;C:\Users\Maryna Savchenko\.m2\repository\org\springframework\spring-beans\5.0.6.RELEASE\spring-beans-5.0.6.RELEASE.jar;C:\Users\Maryna Savchenko\.m2\repository\org\springframework\spring-webmvc\5.0.6.RELEASE\spring-webmvc-5.0.6.RELEASE.jar;C:\Users\Maryna Savchenko\.m2\repository\org\springframework\spring-context\5.0.6.RELEASE\spring-context-5.0.6.RELEASE.jar;C:\Users\Maryna Savchenko\.m2\repository\org\springframework\spring-expression\5.0.6.RELEASE\spring-expression-5.0.6.RELEASE.jar;C:\Users\Maryna Savchenko\.m2\repository\org\slf4j\jcl-over-slf4j\1.7.25\jcl-over-slf4j-1.7.25.jar;C:\Users\Maryna Savchenko\.m2\repository\org\slf4j\slf4j-api\1.7.25\slf4j-api-1.7.25.jar;C:\Users\Maryna Savchenko\.m2\repository\org\slf4j\jul-to-slf4j\1.7.25\jul-to-slf4j-1.7.25.jar;C:\Users\Maryna Savchenko\.m2\repository\org\slf4j\slf4j-log4j12\1.7.25\slf4j-log4j12-1.7.25.jar;C:\Users\Maryna Savchenko\.m2\repository\log4j\log4j\1.2.17\log4j-1.2.17.jar;C:\Users\Maryna Savchenko\.m2\repository\org\springframework\boot\spring-boot-starter-data-mongodb\2.0.2.RELEASE\spring-boot-starter-data-mongodb-2.0.2.RELEASE.jar;C:\Users\Maryna Savchenko\.m2\repository\org\mongodb\mongodb-driver\3.6.0\mongodb-driver-3.6.0.jar;C:\Users\Maryna Savchenko\.m2\repository\org\mongodb\bson\3.6.0\bson-3.6.0.jar;C:\Users\Maryna Savchenko\.m2\repository\org\mongodb\mongodb-driver-core\3.6.0\mongodb-driver-core-3.6.0.jar;C:\Users\Maryna Savchenko\.m2\repository\org\springframework\data\spring-data-mongodb\2.0.7.RELEASE\spring-data-mongodb-2.0.7.RELEASE.jar;C:\Users\Maryna Savchenko\.m2\repository\org\springframework\spring-tx\5.0.6.RELEASE\spring-tx-5.0.6.RELEASE.jar;C:\Users\Maryna Savchenko\.m2\repository\org\springframework\data\spring-data-commons\2.0.7.RELEASE\spring-data-commons-2.0.7.RELEASE.jar;C:\Users\Maryna Savchenko\.m2\repository\org\springframework\boot\spring-boot-starter-actuator\2.0.2.RELEASE\spring-boot-starter-actuator-2.0.2.RELEASE.jar;C:\Users\Maryna Savchenko\.m2\repository\org\springframework\boot\spring-boot-actuator-autoconfigure\2.0.2.RELEASE\spring-boot-actuator-autoconfigure-2.0.2.RELEASE.jar;C:\Users\Maryna Savchenko\.m2\repository\org\springframework\boot\spring-boot-actuator\2.0.2.RELEASE\spring-boot-actuator-2.0.2.RELEASE.jar;C:\Users\Maryna Savchenko\.m2\repository\io\micrometer\micrometer-core\1.0.4\micrometer-core-1.0.4.jar;C:\Users\Maryna Savchenko\.m2\repository\org\hdrhistogram\HdrHistogram\2.1.10\HdrHistogram-2.1.10.jar;C:\Users\Maryna Savchenko\.m2\repository\org\latencyutils\LatencyUtils\2.0.3\LatencyUtils-2.0.3.jar;C:\Users\Maryna Savchenko\.m2\repository\org\springframework\boot\spring-boot-starter-security\2.0.2.RELEASE\spring-boot-starter-security-2.0.2.RELEASE.jar;C:\Users\Maryna Savchenko\.m2\repository\org\springframework\spring-aop\5.0.6.RELEASE\spring-aop-5.0.6.RELEASE.jar;C:\Users\Maryna Savchenko\.m2\repository\org\springframework\security\spring-security-config\5.0.5.RELEASE\spring-security-config-5.0.5.RELEASE.jar;C:\Users\Maryna Savchenko\.m2\repository\org\springframework\security\spring-security-web\5.0.5.RELEASE\spring-security-web-5.0.5.RELEASE.jar;C:\Users\Maryna Savchenko\.m2\repository\org\springframework\security\spring-security-test\5.0.5.RELEASE\spring-security-test-5.0.5.RELEASE.jar;C:\Users\Maryna Savchenko\.m2\repository\org\springframework\security\spring-security-core\5.0.5.RELEASE\spring-security-core-5.0.5.RELEASE.jar;C:\Users\Maryna Savchenko\.m2\repository\org\springframework\spring-core\5.0.6.RELEASE\spring-core-5.0.6.RELEASE.jar;C:\Users\Maryna Savchenko\.m2\repository\org\springframework\spring-jcl\5.0.6.RELEASE\spring-jcl-5.0.6.RELEASE.jar;C:\Users\Maryna Savchenko\.m2\repository\org\springframework\spring-test\5.0.6.RELEASE\spring-test-5.0.6.RELEASE.jar;C:\Users\Maryna Savchenko\.m2\repository\org\springframework\boot\spring-boot-devtools\2.0.2.RELEASE\spring-boot-devtools-2.0.2.RELEASE.jar;C:\Users\Maryna Savchenko\.m2\repository\org\springframework\boot\spring-boot\2.0.2.RELEASE\spring-boot-2.0.2.RELEASE.jar;C:\Users\Maryna Savchenko\.m2\repository\org\springframework\boot\spring-boot-autoconfigure\2.0.2.RELEASE\spring-boot-autoconfigure-2.0.2.RELEASE.jar;C:\Users\Maryna Savchenko\.m2\repository\org\springframework\boot\spring-boot-starter-test\2.0.2.RELEASE\spring-boot-starter-test-2.0.2.RELEASE.jar;C:\Users\Maryna Savchenko\.m2\repository\org\springframework\boot\spring-boot-test\2.0.2.RELEASE\spring-boot-test-2.0.2.RELEASE.jar;C:\Users\Maryna Savchenko\.m2\repository\org\springframework\boot\spring-boot-test-autoconfigure\2.0.2.RELEASE\spring-boot-test-autoconfigure-2.0.2.RELEASE.jar;C:\Users\Maryna Savchenko\.m2\repository\com\jayway\jsonpath\json-path\2.4.0\json-path-2.4.0.jar;C:\Users\Maryna Savchenko\.m2\repository\net\minidev\json-smart\2.3\json-smart-2.3.jar;C:\Users\Maryna Savchenko\.m2\repository\net\minidev\accessors-smart\1.2\accessors-smart-1.2.jar;C:\Users\Maryna Savchenko\.m2\repository\org\ow2\asm\asm\5.0.4\asm-5.0.4.jar;C:\Users\Maryna Savchenko\.m2\repository\org\assertj\assertj-core\3.9.1\assertj-core-3.9.1.jar;C:\Users\Maryna Savchenko\.m2\repository\org\mockito\mockito-core\2.15.0\mockito-core-2.15.0.jar;C:\Users\Maryna Savchenko\.m2\repository\net\bytebuddy\byte-buddy\1.7.11\byte-buddy-1.7.11.jar;C:\Users\Maryna Savchenko\.m2\repository\net\bytebuddy\byte-buddy-agent\1.7.11\byte-buddy-agent-1.7.11.jar;C:\Users\Maryna Savchenko\.m2\repository\org\objenesis\objenesis\2.6\objenesis-2.6.jar;C:\Users\Maryna Savchenko\.m2\repository\org\hamcrest\hamcrest-core\1.3\hamcrest-core-1.3.jar;C:\Users\Maryna Savchenko\.m2\repository\org\hamcrest\hamcrest-library\1.3\hamcrest-library-1.3.jar;C:\Users\Maryna Savchenko\.m2\repository\org\skyscreamer\jsonassert\1.5.0\jsonassert-1.5.0.jar;C:\Users\Maryna Savchenko\.m2\repository\com\vaadin\external\google\android-json\0.0.20131108.vaadin1\android-json-0.0.20131108.vaadin1.jar;C:\Users\Maryna Savchenko\.m2\repository\org\xmlunit\xmlunit-core\2.5.1\xmlunit-core-2.5.1.jar;C:\Users\Maryna Savchenko\.m2\repository\pl\pragmatists\JUnitParams\1.1.1\JUnitParams-1.1.1.jar;C:\Users\Maryna Savchenko\.m2\repository\org\apache\tomcat\embed\tomcat-embed-jasper\8.5.31\tomcat-embed-jasper-8.5.31.jar;C:\Users\Maryna Savchenko\.m2\repository\org\apache\tomcat\embed\tomcat-embed-core\8.5.31\tomcat-embed-core-8.5.31.jar;C:\Users\Maryna Savchenko\.m2\repository\org\apache\tomcat\tomcat-annotations-api\8.5.31\tomcat-annotations-api-8.5.31.jar;C:\Users\Maryna Savchenko\.m2\repository\org\apache\tomcat\embed\tomcat-embed-el\8.5.31\tomcat-embed-el-8.5.31.jar;C:\Users\Maryna Savchenko\.m2\repository\org\eclipse\jdt\ecj\3.12.3\ecj-3.12.3.jar;C:\Users\Maryna Savchenko\.m2\repository\junit\junit\4.12\junit-4.12.jar;C:\Users\Maryna Savchenko\.m2\repository\org\projectlombok\lombok\1.16.20\lombok-1.16.20.jar;C:\Users\Maryna Savchenko\.m2\repository\org\projectlombok\lombok-maven-plugin\1.16.20.0\lombok-maven-plugin-1.16.20.0.jar;C:\Users\Maryna Savchenko\.m2\repository\org\apache\commons\commons-lang3\3.7\commons-lang3-3.7.jar;C:\Users\Maryna Savchenko\.m2\repository\org\sonatype\plexus\plexus-build-api\0.0.7\plexus-build-api-0.0.7.jar;C:\Users\Maryna Savchenko\.m2\repository\org\codehaus\plexus\plexus-utils\1.5.8\plexus-utils-1.5.8.jar;, java.specification.name=Java Platform API Specification, java.class.version=52.0, sun.management.compiler=HotSpot 64-Bit Tiered Compilers, os.version=10.0, user.home=C:\Users\Maryna Savchenko, user.timezone=Europe/Belgrade, java.awt.printerjob=sun.awt.windows.WPrinterJob, file.encoding=Cp1252, java.specification.version=1.8, java.class.path=E:\java\repos\JavaTutorAPI\javatutor\target\test-classes;E:\java\repos\JavaTutorAPI\javatutor\target\classes;C:\Users\Maryna Savchenko\.m2\repository\org\springframework\boot\spring-boot-starter-web\2.0.2.RELEASE\spring-boot-starter-web-2.0.2.RELEASE.jar;C:\Users\Maryna Savchenko\.m2\repository\org\springframework\boot\spring-boot-starter\2.0.2.RELEASE\spring-boot-starter-2.0.2.RELEASE.jar;C:\Users\Maryna Savchenko\.m2\repository\javax\annotation\javax.annotation-api\1.3.2\javax.annotation-api-1.3.2.jar;C:\Users\Maryna Savchenko\.m2\repository\org\yaml\snakeyaml\1.19\snakeyaml-1.19.jar;C:\Users\Maryna Savchenko\.m2\repository\org\springframework\boot\spring-boot-starter-json\2.0.2.RELEASE\spring-boot-starter-json-2.0.2.RELEASE.jar;C:\Users\Maryna Savchenko\.m2\repository\com\fasterxml\jackson\core\jackson-databind\2.9.5\jackson-databind-2.9.5.jar;C:\Users\Maryna Savchenko\.m2\repository\com\fasterxml\jackson\core\jackson-annotations\2.9.0\jackson-annotations-2.9.0.jar;C:\Users\Maryna Savchenko\.m2\repository\com\fasterxml\jackson\core\jackson-core\2.9.5\jackson-core-2.9.5.jar;C:\Users\Maryna Savchenko\.m2\repository\com\fasterxml\jackson\datatype\jackson-datatype-jdk8\2.9.5\jackson-datatype-jdk8-2.9.5.jar;C:\Users\Maryna Savchenko\.m2\repository\com\fasterxml\jackson\datatype\jackson-datatype-jsr310\2.9.5\jackson-datatype-jsr310-2.9.5.jar;C:\Users\Maryna Savchenko\.m2\repository\com\fasterxml\jackson\module\jackson-module-parameter-names\2.9.5\jackson-module-parameter-names-2.9.5.jar;C:\Users\Maryna Savchenko\.m2\repository\org\springframework\boot\spring-boot-starter-tomcat\2.0.2.RELEASE\spring-boot-starter-tomcat-2.0.2.RELEASE.jar;C:\Users\Maryna Savchenko\.m2\repository\org\apache\tomcat\embed\tomcat-embed-websocket\8.5.31\tomcat-embed-websocket-8.5.31.jar;C:\Users\Maryna Savchenko\.m2\repository\org\hibernate\validator\hibernate-validator\6.0.9.Final\hibernate-validator-6.0.9.Final.jar;C:\Users\Maryna Savchenko\.m2\repository\javax\validation\validation-api\2.0.1.Final\validation-api-2.0.1.Final.jar;C:\Users\Maryna Savchenko\.m2\repository\org\jboss\logging\jboss-logging\3.3.2.Final\jboss-logging-3.3.2.Final.jar;C:\Users\Maryna Savchenko\.m2\repository\com\fasterxml\classmate\1.3.4\classmate-1.3.4.jar;C:\Users\Maryna Savchenko\.m2\repository\org\springframework\spring-web\5.0.6.RELEASE\spring-web-5.0.6.RELEASE.jar;C:\Users\Maryna Savchenko\.m2\repository\org\springframework\spring-beans\5.0.6.RELEASE\spring-beans-5.0.6.RELEASE.jar;C:\Users\Maryna Savchenko\.m2\repository\org\springframework\spring-webmvc\5.0.6.RELEASE\spring-webmvc-5.0.6.RELEASE.jar;C:\Users\Maryna Savchenko\.m2\repository\org\springframework\spring-context\5.0.6.RELEASE\spring-context-5.0.6.RELEASE.jar;C:\Users\Maryna Savchenko\.m2\repository\org\springframework\spring-expression\5.0.6.RELEASE\spring-expression-5.0.6.RELEASE.jar;C:\Users\Maryna Savchenko\.m2\repository\org\slf4j\jcl-over-slf4j\1.7.25\jcl-over-slf4j-1.7.25.jar;C:\Users\Maryna Savchenko\.m2\repository\org\slf4j\slf4j-api\1.7.25\slf4j-api-1.7.25.jar;C:\Users\Maryna Savchenko\.m2\repository\org\slf4j\jul-to-slf4j\1.7.25\jul-to-slf4j-1.7.25.jar;C:\Users\Maryna Savchenko\.m2\repository\org\slf4j\slf4j-log4j12\1.7.25\slf4j-log4j12-1.7.25.jar;C:\Users\Maryna Savchenko\.m2\repository\log4j\log4j\1.2.17\log4j-1.2.17.jar;C:\Users\Maryna Savchenko\.m2\repository\org\springframework\boot\spring-boot-starter-data-mongodb\2.0.2.RELEASE\spring-boot-starter-data-mongodb-2.0.2.RELEASE.jar;C:\Users\Maryna Savchenko\.m2\repository\org\mongodb\mongodb-driver\3.6.0\mongodb-driver-3.6.0.jar;C:\Users\Maryna Savchenko\.m2\repository\org\mongodb\bson\3.6.0\bson-3.6.0.jar;C:\Users\Maryna Savchenko\.m2\repository\org\mongodb\mongodb-driver-core\3.6.0\mongodb-driver-core-3.6.0.jar;C:\Users\Maryna Savchenko\.m2\repository\org\springframework\data\spring-data-mongodb\2.0.7.RELEASE\spring-data-mongodb-2.0.7.RELEASE.jar;C:\Users\Maryna Savchenko\.m2\repository\org\springframework\spring-tx\5.0.6.RELEASE\spring-tx-5.0.6.RELEASE.jar;C:\Users\Maryna Savchenko\.m2\repository\org\springframework\data\spring-data-commons\2.0.7.RELEASE\spring-data-commons-2.0.7.RELEASE.jar;C:\Users\Maryna Savchenko\.m2\repository\org\springframework\boot\spring-boot-starter-actuator\2.0.2.RELEASE\spring-boot-starter-actuator-2.0.2.RELEASE.jar;C:\Users\Maryna Savchenko\.m2\repository\org\springframework\boot\spring-boot-actuator-autoconfigure\2.0.2.RELEASE\spring-boot-actuator-autoconfigure-2.0.2.RELEASE.jar;C:\Users\Maryna Savchenko\.m2\repository\org\springframework\boot\spring-boot-actuator\2.0.2.RELEASE\spring-boot-actuator-2.0.2.RELEASE.jar;C:\Users\Maryna Savchenko\.m2\repository\io\micrometer\micrometer-core\1.0.4\micrometer-core-1.0.4.jar;C:\Users\Maryna Savchenko\.m2\repository\org\hdrhistogram\HdrHistogram\2.1.10\HdrHistogram-2.1.10.jar;C:\Users\Maryna Savchenko\.m2\repository\org\latencyutils\LatencyUtils\2.0.3\LatencyUtils-2.0.3.jar;C:\Users\Maryna Savchenko\.m2\repository\org\springframework\boot\spring-boot-starter-security\2.0.2.RELEASE\spring-boot-starter-security-2.0.2.RELEASE.jar;C:\Users\Maryna Savchenko\.m2\repository\org\springframework\spring-aop\5.0.6.RELEASE\spring-aop-5.0.6.RELEASE.jar;C:\Users\Maryna Savchenko\.m2\repository\org\springframework\security\spring-security-config\5.0.5.RELEASE\spring-security-config-5.0.5.RELEASE.jar;C:\Users\Maryna Savchenko\.m2\repository\org\springframework\security\spring-security-web\5.0.5.RELEASE\spring-security-web-5.0.5.RELEASE.jar;C:\Users\Maryna Savchenko\.m2\repository\org\springframework\security\spring-security-test\5.0.5.RELEASE\spring-security-test-5.0.5.RELEASE.jar;C:\Users\Maryna Savchenko\.m2\repository\org\springframework\security\spring-security-core\5.0.5.RELEASE\spring-security-core-5.0.5.RELEASE.jar;C:\Users\Maryna Savchenko\.m2\repository\org\springframework\spring-core\5.0.6.RELEASE\spring-core-5.0.6.RELEASE.jar;C:\Users\Maryna Savchenko\.m2\repository\org\springframework\spring-jcl\5.0.6.RELEASE\spring-jcl-5.0.6.RELEASE.jar;C:\Users\Maryna Savchenko\.m2\repository\org\springframework\spring-test\5.0.6.RELEASE\spring-test-5.0.6.RELEASE.jar;C:\Users\Maryna Savchenko\.m2\repository\org\springframework\boot\spring-boot-devtools\2.0.2.RELEASE\spring-boot-devtools-2.0.2.RELEASE.jar;C:\Users\Maryna Savchenko\.m2\repository\org\springframework\boot\spring-boot\2.0.2.RELEASE\spring-boot-2.0.2.RELEASE.jar;C:\Users\Maryna Savchenko\.m2\repository\org\springframework\boot\spring-boot-autoconfigure\2.0.2.RELEASE\spring-boot-autoconfigure-2.0.2.RELEASE.jar;C:\Users\Maryna Savchenko\.m2\repository\org\springframework\boot\spring-boot-starter-test\2.0.2.RELEASE\spring-boot-starter-test-2.0.2.RELEASE.jar;C:\Users\Maryna Savchenko\.m2\repository\org\springframework\boot\spring-boot-test\2.0.2.RELEASE\spring-boot-test-2.0.2.RELEASE.jar;C:\Users\Maryna Savchenko\.m2\repository\org\springframework\boot\spring-boot-test-autoconfigure\2.0.2.RELEASE\spring-boot-test-autoconfigure-2.0.2.RELEASE.jar;C:\Users\Maryna Savchenko\.m2\repository\com\jayway\jsonpath\json-path\2.4.0\json-path-2.4.0.jar;C:\Users\Maryna Savchenko\.m2\repository\net\minidev\json-smart\2.3\json-smart-2.3.jar;C:\Users\Maryna Savchenko\.m2\repository\net\minidev\accessors-smart\1.2\accessors-smart-1.2.jar;C:\Users\Maryna Savchenko\.m2\repository\org\ow2\asm\asm\5.0.4\asm-5.0.4.jar;C:\Users\Maryna Savchenko\.m2\repository\org\assertj\assertj-core\3.9.1\assertj-core-3.9.1.jar;C:\Users\Maryna Savchenko\.m2\repository\org\mockito\mockito-core\2.15.0\mockito-core-2.15.0.jar;C:\Users\Maryna Savchenko\.m2\repository\net\bytebuddy\byte-buddy\1.7.11\byte-buddy-1.7.11.jar;C:\Users\Maryna Savchenko\.m2\repository\net\bytebuddy\byte-buddy-agent\1.7.11\byte-buddy-agent-1.7.11.jar;C:\Users\Maryna Savchenko\.m2\repository\org\objenesis\objenesis\2.6\objenesis-2.6.jar;C:\Users\Maryna Savchenko\.m2\repository\org\hamcrest\hamcrest-core\1.3\hamcrest-core-1.3.jar;C:\Users\Maryna Savchenko\.m2\repository\org\hamcrest\hamcrest-library\1.3\hamcrest-library-1.3.jar;C:\Users\Maryna Savchenko\.m2\repository\org\skyscreamer\jsonassert\1.5.0\jsonassert-1.5.0.jar;C:\Users\Maryna Savchenko\.m2\repository\com\vaadin\external\google\android-json\0.0.20131108.vaadin1\android-json-0.0.20131108.vaadin1.jar;C:\Users\Maryna Savchenko\.m2\repository\org\xmlunit\xmlunit-core\2.5.1\xmlunit-core-2.5.1.jar;C:\Users\Maryna Savchenko\.m2\repository\pl\pragmatists\JUnitParams\1.1.1\JUnitParams-1.1.1.jar;C:\Users\Maryna Savchenko\.m2\repository\org\apache\tomcat\embed\tomcat-embed-jasper\8.5.31\tomcat-embed-jasper-8.5.31.jar;C:\Users\Maryna Savchenko\.m2\repository\org\apache\tomcat\embed\tomcat-embed-core\8.5.31\tomcat-embed-core-8.5.31.jar;C:\Users\Maryna Savchenko\.m2\repository\org\apache\tomcat\tomcat-annotations-api\8.5.31\tomcat-annotations-api-8.5.31.jar;C:\Users\Maryna Savchenko\.m2\repository\org\apache\tomcat\embed\tomcat-embed-el\8.5.31\tomcat-embed-el-8.5.31.jar;C:\Users\Maryna Savchenko\.m2\repository\org\eclipse\jdt\ecj\3.12.3\ecj-3.12.3.jar;C:\Users\Maryna Savchenko\.m2\repository\junit\junit\4.12\junit-4.12.jar;C:\Users\Maryna Savchenko\.m2\repository\org\projectlombok\lombok\1.16.20\lombok-1.16.20.jar;C:\Users\Maryna Savchenko\.m2\repository\org\projectlombok\lombok-maven-plugin\1.16.20.0\lombok-maven-plugin-1.16.20.0.jar;C:\Users\Maryna Savchenko\.m2\repository\org\apache\commons\commons-lang3\3.7\commons-lang3-3.7.jar;C:\Users\Maryna Savchenko\.m2\repository\org\sonatype\plexus\plexus-build-api\0.0.7\plexus-build-api-0.0.7.jar;C:\Users\Maryna Savchenko\.m2\repository\org\codehaus\plexus\plexus-utils\1.5.8\plexus-utils-1.5.8.jar;, user.name=Maryna Savchenko, java.vm.specification.version=1.8, sun.java.command=C:\Users\MARYNA~1\AppData\Local\Temp\surefire1244754544745437156\surefirebooter7935569149334272143.jar C:\Users\Maryna Savchenko\AppData\Local\Temp\surefire1244754544745437156 2018-10-11T10-37-06_854-jvmRun1 surefire6084229711424990350tmp surefire_01445494788152468973tmp, java.home=C:\Program Files\Java\jdk1.8.0_131\jre, sun.arch.data.model=64, user.language=en, java.specification.vendor=Oracle Corporation, user.language.format=uk, awt.toolkit=sun.awt.windows.WToolkit, java.vm.info=mixed mode, java.version=1.8.0_131, java.ext.dirs=C:\Program Files\Java\jdk1.8.0_131\jre\lib\ext;C:\WINDOWS\Sun\Java\lib\ext, sun.boot.class.path=C:\Program Files\Java\jdk1.8.0_131\jre\lib\resources.jar;C:\Program Files\Java\jdk1.8.0_131\jre\lib\rt.jar;C:\Program Files\Java\jdk1.8.0_131\jre\lib\sunrsasign.jar;C:\Program Files\Java\jdk1.8.0_131\jre\lib\jsse.jar;C:\Program Files\Java\jdk1.8.0_131\jre\lib\jce.jar;C:\Program Files\Java\jdk1.8.0_131\jre\lib\charsets.jar;C:\Program Files\Java\jdk1.8.0_131\jre\lib\jfr.jar;C:\Program Files\Java\jdk1.8.0_131\jre\classes, java.awt.headless=true, java.vendor=Oracle Corporation, localRepository=C:\Users\Maryna Savchenko\.m2\repository, file.separator=\, java.vendor.url.bug=http://bugreport.sun.com/bugreport/, sun.io.unicode.encoding=UnicodeLittle, sun.cpu.endian=little, sun.desktop=windows, sun.cpu.isalist=amd64}}, SystemEnvironmentPropertySource@1364765175 {name='systemEnvironment', properties={PATH=C:\Users\Maryna Savchenko\bin;C:\Program Files\Git\mingw64\bin;C:\Program Files\Git\usr\local\bin;C:\Program Files\Git\usr\bin;C:\Program Files\Git\usr\bin;C:\Program Files\Git\mingw64\bin;C:\Program Files\Git\usr\bin;C:\Users\Maryna Savchenko\bin;C:\Program Files\Docker\Docker\Resources\bin;C:\ProgramData\Oracle\Java\javapath;C:\Program Files (x86)\Intel\TXE Components\TCS;C:\Program Files\Intel\TXE Components\TCS;C:\WINDOWS\system32;C:\WINDOWS;C:\WINDOWS\System32\Wbem;C:\WINDOWS\System32\WindowsPowerShell\v1.0;C:\Program Files\Intel\TXE Components\DAL;C:\Program Files (x86)\Intel\TXE Components\DAL;C:\Program Files\Intel\TXE Components\IPT;C:\Program Files (x86)\Intel\TXE Components\IPT;E:\java\apache-maven-3.5.0-bin\apache-maven-3.5.0\bin;C:\Program Files\Git\cmd;C:\Program Files\Java\jdk1.8.0_131\bin;C:\Program Files\MySQL\MySQL Utilities 1.6;C:\Program Files (x86)\bin;C:\Program Files (x86)\sbt\bin;C:\Program Files (x86)\Yarn\bin;C:\ProgramData\chocolatey\bin;C:\Program Files\nodejs;C:\Users\Maryna Savchenko\AppData\Local\Microsoft\WindowsApps;E:\java\spark-2.2.0-bin-hadoop2.7\bin;C:\Program Files\Java\jdk1.8.0_131\bin;C:\Program Files (x86)\sbt\bin;C:\winutils\bin;C:\Program Files\Docker Toolbox;C:\Users\Maryna Savchenko\AppData\Local\Yarn\bin;C:\Users\Maryna Savchenko\AppData\Roaming\npm;C:\Program Files\Git\usr\bin\vendor_perl;C:\Program Files\Git\usr\bin\core_perl, USERDOMAIN_ROAMINGPROFILE=BigBrother, PKG_CONFIG_PATH=C:\Program Files\Git\mingw64\lib\pkgconfig;C:\Program Files\Git\mingw64\share\pkgconfig, MSYSTEM_PREFIX=C:/Program Files/Git/mingw64, PROCESSOR_LEVEL=6, SYSTEMDRIVE=C:, CONFIG_SITE=C:/Program Files/Git/mingw64/etc/config.site, FP_NO_HOST_CHECK=NO, POSTGIS_GDAL_ENABLED_DRIVERS=GTiff PNG JPEG GIF XYZ DTED USGSDEM AAIGrid, SESSIONNAME=Console, ALLUSERSPROFILE=C:\ProgramData, GDAL_DATA=C:\Program Files\PostgreSQL\9.6\gdal-data, PROCESSOR_ARCHITECTURE=AMD64, MSYSTEM_CHOST=x86_64-w64-mingw32, =E:=E:\java\repos\JavaTutorAPI\javatutor, ORIGINAL_TEMP=C:/Users/MARYNA~1/AppData/Local/Temp, PROGRAMFILES=C:\Program Files, POSTGIS_ENABLE_OUTDB_RASTERS=1, PSMODULEPATH=C:\WINDOWS\system32\WindowsPowerShell\v1.0\Modules\, PROGRAMDATA=C:\ProgramData, CHOCOLATEYLASTPATHUPDATE=?? ??? 24 11:36:27 2018, USERNAME=Maryna Savchenko, PWD=E:/java/repos/JavaTutorAPI/javatutor, INFOPATH=C:\Program Files\Git\usr\local\info;C:\Program Files\Git\usr\share\info;C:\Program Files\Git\usr\info;C:\Program Files\Git\share\info, FPS_BROWSER_USER_PROFILE_STRING=Default, ONEDRIVE=C:\Users\Maryna Savchenko\OneDrive, PATHEXT=.COM;.EXE;.BAT;.CMD;.VBS;.VBE;.JS;.JSE;.WSF;.WSH;.MSC, SHELL=C:\Program Files\Git\usr\bin\bash.exe, ORIGINAL_TMP=C:/Users/MARYNA~1/AppData/Local/Temp, OLDPWD=E:/java/repos/JavaTutorAPI/javatutor, TMPDIR=C:\Users\MARYNA~1\AppData\Local\Temp, WINDIR=C:\WINDOWS, SSH_ASKPASS=C:/Program Files/Git/mingw64/libexec/git-core/git-gui--askpass, HOMEPATH=\Users\Maryna Savchenko, PROCESSOR_IDENTIFIER=Intel64 Family 6 Model 76 Stepping 3, GenuineIntel, HADOOP_HOME=C:\winutils, M2_HOME=E:\java\apache-maven-3.5.0-bin\apache-maven-3.5.0, PUBLIC=C:\Users\Public, MINGW_CHOST=x86_64-w64-mingw32, =::=::\, EXEPATH=C:\Program Files\Git, SHLVL=1, LOCALAPPDATA=C:\Users\Maryna Savchenko\AppData\Local, ORIGINAL_PATH=C:\Program Files\Git\mingw64\bin;C:\Program Files\Git\usr\bin;C:\Users\Maryna Savchenko\bin;C:\Program Files\Docker\Docker\Resources\bin;C:\ProgramData\Oracle\Java\javapath;C:\Program Files (x86)\Intel\TXE Components\TCS;C:\Program Files\Intel\TXE Components\TCS;C:\WINDOWS\system32;C:\WINDOWS;C:\WINDOWS\System32\Wbem;C:\WINDOWS\System32\WindowsPowerShell\v1.0;C:\Program Files\Intel\TXE Components\DAL;C:\Program Files (x86)\Intel\TXE Components\DAL;C:\Program Files\Intel\TXE Components\IPT;C:\Program Files (x86)\Intel\TXE Components\IPT;E:\java\apache-maven-3.5.0-bin\apache-maven-3.5.0\bin;C:\Program Files\Git\cmd;C:\Program Files\Java\jdk1.8.0_131\bin;C:\Program Files\MySQL\MySQL Utilities 1.6;C:\Program Files (x86)\bin;C:\Program Files (x86)\sbt\bin;C:\Program Files (x86)\Yarn\bin;C:\ProgramData\chocolatey\bin;C:\Program Files\nodejs;C:\Users\Maryna Savchenko\AppData\Local\Microsoft\WindowsApps;E:\java\spark-2.2.0-bin-hadoop2.7\bin;C:\Program Files\Java\jdk1.8.0_131\bin;C:\Program Files (x86)\sbt\bin;C:\winutils\bin;C:\Program Files\Docker Toolbox;C:\Users\Maryna Savchenko\AppData\Local\Yarn\bin;C:\Users\Maryna Savchenko\AppData\Roaming\npm, MANPATH=C:\Program Files\Git\mingw64\share\man;C:\Program Files\Git\usr\local\man;C:\Program Files\Git\usr\share\man;C:\Program Files\Git\usr\man;C:\Program Files\Git\share\man, COMMONPROGRAMFILES(X86)=C:\Program Files (x86)\Common Files, MINGW_PACKAGE_PREFIX=mingw-w64-x86_64, USERDOMAIN=BigBrother, FPS_BROWSER_APP_PROFILE_STRING=Internet Explorer, LOGONSERVER=\\BIGBROTHER, JAVA_HOME=C:/Program Files/Java/jdk1.8.0_131, PLINK_PROTOCOL=ssh, PROMPT=$P$G, PROGRAMFILES(X86)=C:\Program Files (x86), TERM=xterm, LANG=en_US.UTF-8, MINGW_PREFIX=C:/Program Files/Git/mingw64, DISPLAY=needs-to-be-defined, MSYSTEM=MINGW64, APPDATA=C:\Users\Maryna Savchenko\AppData\Roaming, SPARK_HOME=E:\java\spark-2.2.0-bin-hadoop2.7, PROGRAMW6432=C:\Program Files, SYSTEMROOT=C:\WINDOWS, CHOCOLATEYINSTALL=C:\ProgramData\chocolatey, MAVEN_CMD_LINE_ARGS= test, SCALA_HOME=C:\Program Files (x86)\sbt, VBOX_MSI_INSTALL_PATH=C:\Program Files\Oracle\VirtualBox\, OS=Windows_NT, COMMONPROGRAMW6432=C:\Program Files\Common Files, COMPUTERNAME=BIGBROTHER, COMMONPROGRAMFILES=C:\Program Files\Common Files, COMSPEC=C:\WINDOWS\system32\cmd.exe, SBT_HOME=C:\Program Files (x86)\sbt\, MAVEN_PROJECTBASEDIR=E:/java/repos/JavaTutorAPI/javatutor, PROCESSOR_REVISION=4c03, ACLOCAL_PATH=C:\Program Files\Git\mingw64\share\aclocal;C:\Program Files\Git\usr\share\aclocal, MSYSTEM_CARCH=x86_64, PRINTER=Foxit Reader PDF Printer, TEMP=C:\Users\MARYNA~1\AppData\Local\Temp, HOSTNAME=BigBrother, HOMEDRIVE=C:, USERPROFILE=C:\Users\Maryna Savchenko, TMP=C:\Users\MARYNA~1\AppData\Local\Temp, NUMBER_OF_PROCESSORS=4, DOCKER_TOOLBOX_INSTALL_PATH=C:\Program Files\Docker Toolbox, HOME=C:\Users\Maryna Savchenko}}]
10:42:19,479 DEBUG org.springframework.beans.factory.support.DefaultListableBeanFactory:219 - Creating shared instance of singleton bean 'org.springframework.boot.autoconfigure.AutoConfigurationPackages'
10:42:19,479 DEBUG org.springframework.beans.factory.support.DefaultListableBeanFactory:219 - Creating shared instance of singleton bean 'org.springframework.boot.autoconfigure.AutoConfigurationPackages'
10:42:19,480 DEBUG org.springframework.beans.factory.support.DefaultListableBeanFactory:466 - Creating instance of bean 'org.springframework.boot.autoconfigure.AutoConfigurationPackages'
10:42:19,480 DEBUG org.springframework.beans.factory.support.DefaultListableBeanFactory:466 - Creating instance of bean 'org.springframework.boot.autoconfigure.AutoConfigurationPackages'
10:42:19,481 DEBUG org.springframework.beans.factory.support.DefaultListableBeanFactory:569 - Eagerly caching bean 'org.springframework.boot.autoconfigure.AutoConfigurationPackages' to allow for resolving potential circular references
10:42:19,481 DEBUG org.springframework.beans.factory.support.DefaultListableBeanFactory:569 - Eagerly caching bean 'org.springframework.boot.autoconfigure.AutoConfigurationPackages' to allow for resolving potential circular references
10:42:19,482 DEBUG org.springframework.beans.factory.support.DefaultListableBeanFactory:503 - Finished creating instance of bean 'org.springframework.boot.autoconfigure.AutoConfigurationPackages'
10:42:19,482 DEBUG org.springframework.beans.factory.support.DefaultListableBeanFactory:503 - Finished creating instance of bean 'org.springframework.boot.autoconfigure.AutoConfigurationPackages'
10:42:19,483 DEBUG org.springframework.boot.autoconfigure.AutoConfigurationPackages:206 - @EnableAutoConfiguration was declared on a class in the package 'pro.abacus.javatutor'. Automatic @Repository and @Entity scanning is enabled.
10:42:19,483 DEBUG org.springframework.boot.autoconfigure.AutoConfigurationPackages:206 - @EnableAutoConfiguration was declared on a class in the package 'pro.abacus.javatutor'. Automatic @Repository and @Entity scanning is enabled.
10:42:19,484 DEBUG org.springframework.core.io.support.PathMatchingResourcePatternResolver:321 - Resolved classpath location [pro/abacus/javatutor/] to resources [URL [file:/E:/java/repos/JavaTutorAPI/javatutor/target/test-classes/pro/abacus/javatutor/], URL [file:/E:/java/repos/JavaTutorAPI/javatutor/target/classes/pro/abacus/javatutor/]]
10:42:19,484 DEBUG org.springframework.core.io.support.PathMatchingResourcePatternResolver:321 - Resolved classpath location [pro/abacus/javatutor/] to resources [URL [file:/E:/java/repos/JavaTutorAPI/javatutor/target/test-classes/pro/abacus/javatutor/], URL [file:/E:/java/repos/JavaTutorAPI/javatutor/target/classes/pro/abacus/javatutor/]]
10:42:19,485 DEBUG org.springframework.core.io.support.PathMatchingResourcePatternResolver:721 - Looking for matching resources in directory tree [E:\java\repos\JavaTutorAPI\javatutor\target\test-classes\pro\abacus\javatutor]
10:42:19,485 DEBUG org.springframework.core.io.support.PathMatchingResourcePatternResolver:721 - Looking for matching resources in directory tree [E:\java\repos\JavaTutorAPI\javatutor\target\test-classes\pro\abacus\javatutor]
10:42:19,486 DEBUG org.springframework.core.io.support.PathMatchingResourcePatternResolver:783 - Searching directory [E:\java\repos\JavaTutorAPI\javatutor\target\test-classes\pro\abacus\javatutor] for files matching pattern [E:/java/repos/JavaTutorAPI/javatutor/target/test-classes/pro/abacus/javatutor/**/*.class]
10:42:19,486 DEBUG org.springframework.core.io.support.PathMatchingResourcePatternResolver:783 - Searching directory [E:\java\repos\JavaTutorAPI\javatutor\target\test-classes\pro\abacus\javatutor] for files matching pattern [E:/java/repos/JavaTutorAPI/javatutor/target/test-classes/pro/abacus/javatutor/**/*.class]
10:42:19,488 DEBUG org.springframework.core.io.support.PathMatchingResourcePatternResolver:783 - Searching directory [E:\java\repos\JavaTutorAPI\javatutor\target\test-classes\pro\abacus\javatutor\controller] for files matching pattern [E:/java/repos/JavaTutorAPI/javatutor/target/test-classes/pro/abacus/javatutor/**/*.class]
10:42:19,488 DEBUG org.springframework.core.io.support.PathMatchingResourcePatternResolver:783 - Searching directory [E:\java\repos\JavaTutorAPI\javatutor\target\test-classes\pro\abacus\javatutor\controller] for files matching pattern [E:/java/repos/JavaTutorAPI/javatutor/target/test-classes/pro/abacus/javatutor/**/*.class]
10:42:19,490 DEBUG org.springframework.core.io.support.PathMatchingResourcePatternResolver:783 - Searching directory [E:\java\repos\JavaTutorAPI\javatutor\target\test-classes\pro\abacus\javatutor\repository] for files matching pattern [E:/java/repos/JavaTutorAPI/javatutor/target/test-classes/pro/abacus/javatutor/**/*.class]
10:42:19,490 DEBUG org.springframework.core.io.support.PathMatchingResourcePatternResolver:783 - Searching directory [E:\java\repos\JavaTutorAPI\javatutor\target\test-classes\pro\abacus\javatutor\repository] for files matching pattern [E:/java/repos/JavaTutorAPI/javatutor/target/test-classes/pro/abacus/javatutor/**/*.class]
10:42:19,491 DEBUG org.springframework.core.io.support.PathMatchingResourcePatternResolver:783 - Searching directory [E:\java\repos\JavaTutorAPI\javatutor\target\test-classes\pro\abacus\javatutor\security] for files matching pattern [E:/java/repos/JavaTutorAPI/javatutor/target/test-classes/pro/abacus/javatutor/**/*.class]
10:42:19,491 DEBUG org.springframework.core.io.support.PathMatchingResourcePatternResolver:783 - Searching directory [E:\java\repos\JavaTutorAPI\javatutor\target\test-classes\pro\abacus\javatutor\security] for files matching pattern [E:/java/repos/JavaTutorAPI/javatutor/target/test-classes/pro/abacus/javatutor/**/*.class]
10:42:19,493 DEBUG org.springframework.core.io.support.PathMatchingResourcePatternResolver:783 - Searching directory [E:\java\repos\JavaTutorAPI\javatutor\target\test-classes\pro\abacus\javatutor\service] for files matching pattern [E:/java/repos/JavaTutorAPI/javatutor/target/test-classes/pro/abacus/javatutor/**/*.class]
10:42:19,493 DEBUG org.springframework.core.io.support.PathMatchingResourcePatternResolver:783 - Searching directory [E:\java\repos\JavaTutorAPI\javatutor\target\test-classes\pro\abacus\javatutor\service] for files matching pattern [E:/java/repos/JavaTutorAPI/javatutor/target/test-classes/pro/abacus/javatutor/**/*.class]
10:42:19,494 DEBUG org.springframework.core.io.support.PathMatchingResourcePatternResolver:721 - Looking for matching resources in directory tree [E:\java\repos\JavaTutorAPI\javatutor\target\classes\pro\abacus\javatutor]
10:42:19,494 DEBUG org.springframework.core.io.support.PathMatchingResourcePatternResolver:721 - Looking for matching resources in directory tree [E:\java\repos\JavaTutorAPI\javatutor\target\classes\pro\abacus\javatutor]
10:42:19,495 DEBUG org.springframework.core.io.support.PathMatchingResourcePatternResolver:783 - Searching directory [E:\java\repos\JavaTutorAPI\javatutor\target\classes\pro\abacus\javatutor] for files matching pattern [E:/java/repos/JavaTutorAPI/javatutor/target/classes/pro/abacus/javatutor/**/*.class]
10:42:19,495 DEBUG org.springframework.core.io.support.PathMatchingResourcePatternResolver:783 - Searching directory [E:\java\repos\JavaTutorAPI\javatutor\target\classes\pro\abacus\javatutor] for files matching pattern [E:/java/repos/JavaTutorAPI/javatutor/target/classes/pro/abacus/javatutor/**/*.class]
10:42:19,497 DEBUG org.springframework.core.io.support.PathMatchingResourcePatternResolver:783 - Searching directory [E:\java\repos\JavaTutorAPI\javatutor\target\classes\pro\abacus\javatutor\controller] for files matching pattern [E:/java/repos/JavaTutorAPI/javatutor/target/classes/pro/abacus/javatutor/**/*.class]
10:42:19,497 DEBUG org.springframework.core.io.support.PathMatchingResourcePatternResolver:783 - Searching directory [E:\java\repos\JavaTutorAPI\javatutor\target\classes\pro\abacus\javatutor\controller] for files matching pattern [E:/java/repos/JavaTutorAPI/javatutor/target/classes/pro/abacus/javatutor/**/*.class]
10:42:19,498 DEBUG org.springframework.core.io.support.PathMatchingResourcePatternResolver:783 - Searching directory [E:\java\repos\JavaTutorAPI\javatutor\target\classes\pro\abacus\javatutor\domain] for files matching pattern [E:/java/repos/JavaTutorAPI/javatutor/target/classes/pro/abacus/javatutor/**/*.class]
10:42:19,498 DEBUG org.springframework.core.io.support.PathMatchingResourcePatternResolver:783 - Searching directory [E:\java\repos\JavaTutorAPI\javatutor\target\classes\pro\abacus\javatutor\domain] for files matching pattern [E:/java/repos/JavaTutorAPI/javatutor/target/classes/pro/abacus/javatutor/**/*.class]
10:42:19,500 DEBUG org.springframework.core.io.support.PathMatchingResourcePatternResolver:783 - Searching directory [E:\java\repos\JavaTutorAPI\javatutor\target\classes\pro\abacus\javatutor\repository] for files matching pattern [E:/java/repos/JavaTutorAPI/javatutor/target/classes/pro/abacus/javatutor/**/*.class]
10:42:19,500 DEBUG org.springframework.core.io.support.PathMatchingResourcePatternResolver:783 - Searching directory [E:\java\repos\JavaTutorAPI\javatutor\target\classes\pro\abacus\javatutor\repository] for files matching pattern [E:/java/repos/JavaTutorAPI/javatutor/target/classes/pro/abacus/javatutor/**/*.class]
10:42:19,501 DEBUG org.springframework.core.io.support.PathMatchingResourcePatternResolver:783 - Searching directory [E:\java\repos\JavaTutorAPI\javatutor\target\classes\pro\abacus\javatutor\security] for files matching pattern [E:/java/repos/JavaTutorAPI/javatutor/target/classes/pro/abacus/javatutor/**/*.class]
10:42:19,501 DEBUG org.springframework.core.io.support.PathMatchingResourcePatternResolver:783 - Searching directory [E:\java\repos\JavaTutorAPI\javatutor\target\classes\pro\abacus\javatutor\security] for files matching pattern [E:/java/repos/JavaTutorAPI/javatutor/target/classes/pro/abacus/javatutor/**/*.class]
10:42:19,503 DEBUG org.springframework.core.io.support.PathMatchingResourcePatternResolver:783 - Searching directory [E:\java\repos\JavaTutorAPI\javatutor\target\classes\pro\abacus\javatutor\service] for files matching pattern [E:/java/repos/JavaTutorAPI/javatutor/target/classes/pro/abacus/javatutor/**/*.class]
10:42:19,503 DEBUG org.springframework.core.io.support.PathMatchingResourcePatternResolver:783 - Searching directory [E:\java\repos\JavaTutorAPI\javatutor\target\classes\pro\abacus\javatutor\service] for files matching pattern [E:/java/repos/JavaTutorAPI/javatutor/target/classes/pro/abacus/javatutor/**/*.class]
10:42:19,506 DEBUG org.springframework.core.io.support.PathMatchingResourcePatternResolver:514 - Resolved location pattern [classpath*:pro/abacus/javatutor/**/*.class] to resources [file [E:\java\repos\JavaTutorAPI\javatutor\target\test-classes\pro\abacus\javatutor\controller\QuestionRestControllerTest.class], file [E:\java\repos\JavaTutorAPI\javatutor\target\test-classes\pro\abacus\javatutor\controller\RegistrationControllerTest.class], file [E:\java\repos\JavaTutorAPI\javatutor\target\test-classes\pro\abacus\javatutor\JavaTutorApplicationTest.class], file [E:\java\repos\JavaTutorAPI\javatutor\target\test-classes\pro\abacus\javatutor\repository\AuthorityRepositoryTest.class], file [E:\java\repos\JavaTutorAPI\javatutor\target\test-classes\pro\abacus\javatutor\repository\JavaQuestionRepositoryTest.class], file [E:\java\repos\JavaTutorAPI\javatutor\target\test-classes\pro\abacus\javatutor\repository\UserRepositoryTest.class], file [E:\java\repos\JavaTutorAPI\javatutor\target\test-classes\pro\abacus\javatutor\security\UserDetailsServiceImplTest.class], file [E:\java\repos\JavaTutorAPI\javatutor\target\test-classes\pro\abacus\javatutor\SecurityIntegrationTest.class], file [E:\java\repos\JavaTutorAPI\javatutor\target\test-classes\pro\abacus\javatutor\service\JavaQuestionsServiceImplTest.class], file [E:\java\repos\JavaTutorAPI\javatutor\target\test-classes\pro\abacus\javatutor\service\UserServiceImplTest.class], file [E:\java\repos\JavaTutorAPI\javatutor\target\classes\pro\abacus\javatutor\controller\QuestionRestController.class], file [E:\java\repos\JavaTutorAPI\javatutor\target\classes\pro\abacus\javatutor\controller\RegistrationController.class], file [E:\java\repos\JavaTutorAPI\javatutor\target\classes\pro\abacus\javatutor\DatabaseConfiguration.class], file [E:\java\repos\JavaTutorAPI\javatutor\target\classes\pro\abacus\javatutor\domain\Authority.class], file [E:\java\repos\JavaTutorAPI\javatutor\target\classes\pro\abacus\javatutor\domain\JavaQuestion.class], file [E:\java\repos\JavaTutorAPI\javatutor\target\classes\pro\abacus\javatutor\domain\User.class], file [E:\java\repos\JavaTutorAPI\javatutor\target\classes\pro\abacus\javatutor\JavaTutorApplication.class], file [E:\java\repos\JavaTutorAPI\javatutor\target\classes\pro\abacus\javatutor\repository\AuthorityRepository.class], file [E:\java\repos\JavaTutorAPI\javatutor\target\classes\pro\abacus\javatutor\repository\JavaQuestionRepository.class], file [E:\java\repos\JavaTutorAPI\javatutor\target\classes\pro\abacus\javatutor\repository\UserRepository.class], file [E:\java\repos\JavaTutorAPI\javatutor\target\classes\pro\abacus\javatutor\security\AuthFailureHandler.class], file [E:\java\repos\JavaTutorAPI\javatutor\target\classes\pro\abacus\javatutor\security\AuthSuccessHandler.class], file [E:\java\repos\JavaTutorAPI\javatutor\target\classes\pro\abacus\javatutor\security\LogoutSuccessHandlerImpl.class], file [E:\java\repos\JavaTutorAPI\javatutor\target\classes\pro\abacus\javatutor\security\UserDetailsImpl.class], file [E:\java\repos\JavaTutorAPI\javatutor\target\classes\pro\abacus\javatutor\security\UserDetailsServiceImpl.class], file [E:\java\repos\JavaTutorAPI\javatutor\target\classes\pro\abacus\javatutor\SecurityConfiguration.class], file [E:\java\repos\JavaTutorAPI\javatutor\target\classes\pro\abacus\javatutor\service\JavaQuestionsService.class], file [E:\java\repos\JavaTutorAPI\javatutor\target\classes\pro\abacus\javatutor\service\JavaQuestionsServiceImpl.class], file [E:\java\repos\JavaTutorAPI\javatutor\target\classes\pro\abacus\javatutor\service\UserService.class], file [E:\java\repos\JavaTutorAPI\javatutor\target\classes\pro\abacus\javatutor\service\UserServiceImpl.class]]
10:42:19,506 DEBUG org.springframework.core.io.support.PathMatchingResourcePatternResolver:514 - Resolved location pattern [classpath*:pro/abacus/javatutor/**/*.class] to resources [file [E:\java\repos\JavaTutorAPI\javatutor\target\test-classes\pro\abacus\javatutor\controller\QuestionRestControllerTest.class], file [E:\java\repos\JavaTutorAPI\javatutor\target\test-classes\pro\abacus\javatutor\controller\RegistrationControllerTest.class], file [E:\java\repos\JavaTutorAPI\javatutor\target\test-classes\pro\abacus\javatutor\JavaTutorApplicationTest.class], file [E:\java\repos\JavaTutorAPI\javatutor\target\test-classes\pro\abacus\javatutor\repository\AuthorityRepositoryTest.class], file [E:\java\repos\JavaTutorAPI\javatutor\target\test-classes\pro\abacus\javatutor\repository\JavaQuestionRepositoryTest.class], file [E:\java\repos\JavaTutorAPI\javatutor\target\test-classes\pro\abacus\javatutor\repository\UserRepositoryTest.class], file [E:\java\repos\JavaTutorAPI\javatutor\target\test-classes\pro\abacus\javatutor\security\UserDetailsServiceImplTest.class], file [E:\java\repos\JavaTutorAPI\javatutor\target\test-classes\pro\abacus\javatutor\SecurityIntegrationTest.class], file [E:\java\repos\JavaTutorAPI\javatutor\target\test-classes\pro\abacus\javatutor\service\JavaQuestionsServiceImplTest.class], file [E:\java\repos\JavaTutorAPI\javatutor\target\test-classes\pro\abacus\javatutor\service\UserServiceImplTest.class], file [E:\java\repos\JavaTutorAPI\javatutor\target\classes\pro\abacus\javatutor\controller\QuestionRestController.class], file [E:\java\repos\JavaTutorAPI\javatutor\target\classes\pro\abacus\javatutor\controller\RegistrationController.class], file [E:\java\repos\JavaTutorAPI\javatutor\target\classes\pro\abacus\javatutor\DatabaseConfiguration.class], file [E:\java\repos\JavaTutorAPI\javatutor\target\classes\pro\abacus\javatutor\domain\Authority.class], file [E:\java\repos\JavaTutorAPI\javatutor\target\classes\pro\abacus\javatutor\domain\JavaQuestion.class], file [E:\java\repos\JavaTutorAPI\javatutor\target\classes\pro\abacus\javatutor\domain\User.class], file [E:\java\repos\JavaTutorAPI\javatutor\target\classes\pro\abacus\javatutor\JavaTutorApplication.class], file [E:\java\repos\JavaTutorAPI\javatutor\target\classes\pro\abacus\javatutor\repository\AuthorityRepository.class], file [E:\java\repos\JavaTutorAPI\javatutor\target\classes\pro\abacus\javatutor\repository\JavaQuestionRepository.class], file [E:\java\repos\JavaTutorAPI\javatutor\target\classes\pro\abacus\javatutor\repository\UserRepository.class], file [E:\java\repos\JavaTutorAPI\javatutor\target\classes\pro\abacus\javatutor\security\AuthFailureHandler.class], file [E:\java\repos\JavaTutorAPI\javatutor\target\classes\pro\abacus\javatutor\security\AuthSuccessHandler.class], file [E:\java\repos\JavaTutorAPI\javatutor\target\classes\pro\abacus\javatutor\security\LogoutSuccessHandlerImpl.class], file [E:\java\repos\JavaTutorAPI\javatutor\target\classes\pro\abacus\javatutor\security\UserDetailsImpl.class], file [E:\java\repos\JavaTutorAPI\javatutor\target\classes\pro\abacus\javatutor\security\UserDetailsServiceImpl.class], file [E:\java\repos\JavaTutorAPI\javatutor\target\classes\pro\abacus\javatutor\SecurityConfiguration.class], file [E:\java\repos\JavaTutorAPI\javatutor\target\classes\pro\abacus\javatutor\service\JavaQuestionsService.class], file [E:\java\repos\JavaTutorAPI\javatutor\target\classes\pro\abacus\javatutor\service\JavaQuestionsServiceImpl.class], file [E:\java\repos\JavaTutorAPI\javatutor\target\classes\pro\abacus\javatutor\service\UserService.class], file [E:\java\repos\JavaTutorAPI\javatutor\target\classes\pro\abacus\javatutor\service\UserServiceImpl.class]]
10:42:19,507 TRACE org.springframework.data.repository.config.RepositoryComponentProvider:426 - Scanning file [E:\java\repos\JavaTutorAPI\javatutor\target\test-classes\pro\abacus\javatutor\controller\QuestionRestControllerTest.class]
10:42:19,507 TRACE org.springframework.data.repository.config.RepositoryComponentProvider:426 - Scanning file [E:\java\repos\JavaTutorAPI\javatutor\target\test-classes\pro\abacus\javatutor\controller\QuestionRestControllerTest.class]
10:42:19,508 TRACE org.springframework.data.repository.config.RepositoryComponentProvider:449 - Ignored because not matching any filter: file [E:\java\repos\JavaTutorAPI\javatutor\target\test-classes\pro\abacus\javatutor\controller\QuestionRestControllerTest.class]
10:42:19,508 TRACE org.springframework.data.repository.config.RepositoryComponentProvider:449 - Ignored because not matching any filter: file [E:\java\repos\JavaTutorAPI\javatutor\target\test-classes\pro\abacus\javatutor\controller\QuestionRestControllerTest.class]
10:42:19,510 TRACE org.springframework.data.repository.config.RepositoryComponentProvider:426 - Scanning file [E:\java\repos\JavaTutorAPI\javatutor\target\test-classes\pro\abacus\javatutor\controller\RegistrationControllerTest.class]
10:42:19,510 TRACE org.springframework.data.repository.config.RepositoryComponentProvider:426 - Scanning file [E:\java\repos\JavaTutorAPI\javatutor\target\test-classes\pro\abacus\javatutor\controller\RegistrationControllerTest.class]
10:42:19,511 TRACE org.springframework.data.repository.config.RepositoryComponentProvider:449 - Ignored because not matching any filter: file [E:\java\repos\JavaTutorAPI\javatutor\target\test-classes\pro\abacus\javatutor\controller\RegistrationControllerTest.class]
10:42:19,511 TRACE org.springframework.data.repository.config.RepositoryComponentProvider:449 - Ignored because not matching any filter: file [E:\java\repos\JavaTutorAPI\javatutor\target\test-classes\pro\abacus\javatutor\controller\RegistrationControllerTest.class]
10:42:19,511 TRACE org.springframework.data.repository.config.RepositoryComponentProvider:426 - Scanning file [E:\java\repos\JavaTutorAPI\javatutor\target\test-classes\pro\abacus\javatutor\JavaTutorApplicationTest.class]
10:42:19,511 TRACE org.springframework.data.repository.config.RepositoryComponentProvider:426 - Scanning file [E:\java\repos\JavaTutorAPI\javatutor\target\test-classes\pro\abacus\javatutor\JavaTutorApplicationTest.class]
10:42:19,512 TRACE org.springframework.data.repository.config.RepositoryComponentProvider:449 - Ignored because not matching any filter: file [E:\java\repos\JavaTutorAPI\javatutor\target\test-classes\pro\abacus\javatutor\JavaTutorApplicationTest.class]
10:42:19,512 TRACE org.springframework.data.repository.config.RepositoryComponentProvider:449 - Ignored because not matching any filter: file [E:\java\repos\JavaTutorAPI\javatutor\target\test-classes\pro\abacus\javatutor\JavaTutorApplicationTest.class]
10:42:19,512 TRACE org.springframework.data.repository.config.RepositoryComponentProvider:426 - Scanning file [E:\java\repos\JavaTutorAPI\javatutor\target\test-classes\pro\abacus\javatutor\repository\AuthorityRepositoryTest.class]
10:42:19,512 TRACE org.springframework.data.repository.config.RepositoryComponentProvider:426 - Scanning file [E:\java\repos\JavaTutorAPI\javatutor\target\test-classes\pro\abacus\javatutor\repository\AuthorityRepositoryTest.class]
10:42:19,513 TRACE org.springframework.data.repository.config.RepositoryComponentProvider:449 - Ignored because not matching any filter: file [E:\java\repos\JavaTutorAPI\javatutor\target\test-classes\pro\abacus\javatutor\repository\AuthorityRepositoryTest.class]
10:42:19,513 TRACE org.springframework.data.repository.config.RepositoryComponentProvider:449 - Ignored because not matching any filter: file [E:\java\repos\JavaTutorAPI\javatutor\target\test-classes\pro\abacus\javatutor\repository\AuthorityRepositoryTest.class]
10:42:19,514 TRACE org.springframework.data.repository.config.RepositoryComponentProvider:426 - Scanning file [E:\java\repos\JavaTutorAPI\javatutor\target\test-classes\pro\abacus\javatutor\repository\JavaQuestionRepositoryTest.class]
10:42:19,514 TRACE org.springframework.data.repository.config.RepositoryComponentProvider:426 - Scanning file [E:\java\repos\JavaTutorAPI\javatutor\target\test-classes\pro\abacus\javatutor\repository\JavaQuestionRepositoryTest.class]
10:42:19,514 TRACE org.springframework.data.repository.config.RepositoryComponentProvider:449 - Ignored because not matching any filter: file [E:\java\repos\JavaTutorAPI\javatutor\target\test-classes\pro\abacus\javatutor\repository\JavaQuestionRepositoryTest.class]
10:42:19,514 TRACE org.springframework.data.repository.config.RepositoryComponentProvider:449 - Ignored because not matching any filter: file [E:\java\repos\JavaTutorAPI\javatutor\target\test-classes\pro\abacus\javatutor\repository\JavaQuestionRepositoryTest.class]
10:42:19,515 TRACE org.springframework.data.repository.config.RepositoryComponentProvider:426 - Scanning file [E:\java\repos\JavaTutorAPI\javatutor\target\test-classes\pro\abacus\javatutor\repository\UserRepositoryTest.class]
10:42:19,515 TRACE org.springframework.data.repository.config.RepositoryComponentProvider:426 - Scanning file [E:\java\repos\JavaTutorAPI\javatutor\target\test-classes\pro\abacus\javatutor\repository\UserRepositoryTest.class]
10:42:19,516 TRACE org.springframework.data.repository.config.RepositoryComponentProvider:449 - Ignored because not matching any filter: file [E:\java\repos\JavaTutorAPI\javatutor\target\test-classes\pro\abacus\javatutor\repository\UserRepositoryTest.class]
10:42:19,516 TRACE org.springframework.data.repository.config.RepositoryComponentProvider:449 - Ignored because not matching any filter: file [E:\java\repos\JavaTutorAPI\javatutor\target\test-classes\pro\abacus\javatutor\repository\UserRepositoryTest.class]
10:42:19,517 TRACE org.springframework.data.repository.config.RepositoryComponentProvider:426 - Scanning file [E:\java\repos\JavaTutorAPI\javatutor\target\test-classes\pro\abacus\javatutor\security\UserDetailsServiceImplTest.class]
10:42:19,517 TRACE org.springframework.data.repository.config.RepositoryComponentProvider:426 - Scanning file [E:\java\repos\JavaTutorAPI\javatutor\target\test-classes\pro\abacus\javatutor\security\UserDetailsServiceImplTest.class]
10:42:19,518 TRACE org.springframework.data.repository.config.RepositoryComponentProvider:449 - Ignored because not matching any filter: file [E:\java\repos\JavaTutorAPI\javatutor\target\test-classes\pro\abacus\javatutor\security\UserDetailsServiceImplTest.class]
10:42:19,518 TRACE org.springframework.data.repository.config.RepositoryComponentProvider:449 - Ignored because not matching any filter: file [E:\java\repos\JavaTutorAPI\javatutor\target\test-classes\pro\abacus\javatutor\security\UserDetailsServiceImplTest.class]
10:42:19,519 TRACE org.springframework.data.repository.config.RepositoryComponentProvider:426 - Scanning file [E:\java\repos\JavaTutorAPI\javatutor\target\test-classes\pro\abacus\javatutor\SecurityIntegrationTest.class]
10:42:19,519 TRACE org.springframework.data.repository.config.RepositoryComponentProvider:426 - Scanning file [E:\java\repos\JavaTutorAPI\javatutor\target\test-classes\pro\abacus\javatutor\SecurityIntegrationTest.class]
10:42:19,520 TRACE org.springframework.data.repository.config.RepositoryComponentProvider:449 - Ignored because not matching any filter: file [E:\java\repos\JavaTutorAPI\javatutor\target\test-classes\pro\abacus\javatutor\SecurityIntegrationTest.class]
10:42:19,520 TRACE org.springframework.data.repository.config.RepositoryComponentProvider:449 - Ignored because not matching any filter: file [E:\java\repos\JavaTutorAPI\javatutor\target\test-classes\pro\abacus\javatutor\SecurityIntegrationTest.class]
10:42:19,522 TRACE org.springframework.data.repository.config.RepositoryComponentProvider:426 - Scanning file [E:\java\repos\JavaTutorAPI\javatutor\target\test-classes\pro\abacus\javatutor\service\JavaQuestionsServiceImplTest.class]
10:42:19,522 TRACE org.springframework.data.repository.config.RepositoryComponentProvider:426 - Scanning file [E:\java\repos\JavaTutorAPI\javatutor\target\test-classes\pro\abacus\javatutor\service\JavaQuestionsServiceImplTest.class]
10:42:19,523 TRACE org.springframework.data.repository.config.RepositoryComponentProvider:449 - Ignored because not matching any filter: file [E:\java\repos\JavaTutorAPI\javatutor\target\test-classes\pro\abacus\javatutor\service\JavaQuestionsServiceImplTest.class]
10:42:19,523 TRACE org.springframework.data.repository.config.RepositoryComponentProvider:449 - Ignored because not matching any filter: file [E:\java\repos\JavaTutorAPI\javatutor\target\test-classes\pro\abacus\javatutor\service\JavaQuestionsServiceImplTest.class]
10:42:19,524 TRACE org.springframework.data.repository.config.RepositoryComponentProvider:426 - Scanning file [E:\java\repos\JavaTutorAPI\javatutor\target\test-classes\pro\abacus\javatutor\service\UserServiceImplTest.class]
10:42:19,524 TRACE org.springframework.data.repository.config.RepositoryComponentProvider:426 - Scanning file [E:\java\repos\JavaTutorAPI\javatutor\target\test-classes\pro\abacus\javatutor\service\UserServiceImplTest.class]
10:42:19,525 TRACE org.springframework.data.repository.config.RepositoryComponentProvider:449 - Ignored because not matching any filter: file [E:\java\repos\JavaTutorAPI\javatutor\target\test-classes\pro\abacus\javatutor\service\UserServiceImplTest.class]
10:42:19,525 TRACE org.springframework.data.repository.config.RepositoryComponentProvider:449 - Ignored because not matching any filter: file [E:\java\repos\JavaTutorAPI\javatutor\target\test-classes\pro\abacus\javatutor\service\UserServiceImplTest.class]
10:42:19,526 TRACE org.springframework.data.repository.config.RepositoryComponentProvider:426 - Scanning file [E:\java\repos\JavaTutorAPI\javatutor\target\classes\pro\abacus\javatutor\controller\QuestionRestController.class]
10:42:19,526 TRACE org.springframework.data.repository.config.RepositoryComponentProvider:426 - Scanning file [E:\java\repos\JavaTutorAPI\javatutor\target\classes\pro\abacus\javatutor\controller\QuestionRestController.class]
10:42:19,527 TRACE org.springframework.data.repository.config.RepositoryComponentProvider:449 - Ignored because not matching any filter: file [E:\java\repos\JavaTutorAPI\javatutor\target\classes\pro\abacus\javatutor\controller\QuestionRestController.class]
10:42:19,527 TRACE org.springframework.data.repository.config.RepositoryComponentProvider:449 - Ignored because not matching any filter: file [E:\java\repos\JavaTutorAPI\javatutor\target\classes\pro\abacus\javatutor\controller\QuestionRestController.class]
10:42:19,527 TRACE org.springframework.data.repository.config.RepositoryComponentProvider:426 - Scanning file [E:\java\repos\JavaTutorAPI\javatutor\target\classes\pro\abacus\javatutor\controller\RegistrationController.class]
10:42:19,527 TRACE org.springframework.data.repository.config.RepositoryComponentProvider:426 - Scanning file [E:\java\repos\JavaTutorAPI\javatutor\target\classes\pro\abacus\javatutor\controller\RegistrationController.class]
10:42:19,528 TRACE org.springframework.data.repository.config.RepositoryComponentProvider:449 - Ignored because not matching any filter: file [E:\java\repos\JavaTutorAPI\javatutor\target\classes\pro\abacus\javatutor\controller\RegistrationController.class]
10:42:19,528 TRACE org.springframework.data.repository.config.RepositoryComponentProvider:449 - Ignored because not matching any filter: file [E:\java\repos\JavaTutorAPI\javatutor\target\classes\pro\abacus\javatutor\controller\RegistrationController.class]
10:42:19,529 TRACE org.springframework.data.repository.config.RepositoryComponentProvider:426 - Scanning file [E:\java\repos\JavaTutorAPI\javatutor\target\classes\pro\abacus\javatutor\DatabaseConfiguration.class]
10:42:19,529 TRACE org.springframework.data.repository.config.RepositoryComponentProvider:426 - Scanning file [E:\java\repos\JavaTutorAPI\javatutor\target\classes\pro\abacus\javatutor\DatabaseConfiguration.class]
10:42:19,530 TRACE org.springframework.data.repository.config.RepositoryComponentProvider:449 - Ignored because not matching any filter: file [E:\java\repos\JavaTutorAPI\javatutor\target\classes\pro\abacus\javatutor\DatabaseConfiguration.class]
10:42:19,530 TRACE org.springframework.data.repository.config.RepositoryComponentProvider:449 - Ignored because not matching any filter: file [E:\java\repos\JavaTutorAPI\javatutor\target\classes\pro\abacus\javatutor\DatabaseConfiguration.class]
10:42:19,531 TRACE org.springframework.data.repository.config.RepositoryComponentProvider:426 - Scanning file [E:\java\repos\JavaTutorAPI\javatutor\target\classes\pro\abacus\javatutor\domain\Authority.class]
10:42:19,531 TRACE org.springframework.data.repository.config.RepositoryComponentProvider:426 - Scanning file [E:\java\repos\JavaTutorAPI\javatutor\target\classes\pro\abacus\javatutor\domain\Authority.class]
10:42:19,532 TRACE org.springframework.data.repository.config.RepositoryComponentProvider:449 - Ignored because not matching any filter: file [E:\java\repos\JavaTutorAPI\javatutor\target\classes\pro\abacus\javatutor\domain\Authority.class]
10:42:19,532 TRACE org.springframework.data.repository.config.RepositoryComponentProvider:449 - Ignored because not matching any filter: file [E:\java\repos\JavaTutorAPI\javatutor\target\classes\pro\abacus\javatutor\domain\Authority.class]
10:42:19,533 TRACE org.springframework.data.repository.config.RepositoryComponentProvider:426 - Scanning file [E:\java\repos\JavaTutorAPI\javatutor\target\classes\pro\abacus\javatutor\domain\JavaQuestion.class]
10:42:19,533 TRACE org.springframework.data.repository.config.RepositoryComponentProvider:426 - Scanning file [E:\java\repos\JavaTutorAPI\javatutor\target\classes\pro\abacus\javatutor\domain\JavaQuestion.class]
10:42:19,534 TRACE org.springframework.data.repository.config.RepositoryComponentProvider:449 - Ignored because not matching any filter: file [E:\java\repos\JavaTutorAPI\javatutor\target\classes\pro\abacus\javatutor\domain\JavaQuestion.class]
10:42:19,534 TRACE org.springframework.data.repository.config.RepositoryComponentProvider:449 - Ignored because not matching any filter: file [E:\java\repos\JavaTutorAPI\javatutor\target\classes\pro\abacus\javatutor\domain\JavaQuestion.class]
10:42:19,535 TRACE org.springframework.data.repository.config.RepositoryComponentProvider:426 - Scanning file [E:\java\repos\JavaTutorAPI\javatutor\target\classes\pro\abacus\javatutor\domain\User.class]
10:42:19,535 TRACE org.springframework.data.repository.config.RepositoryComponentProvider:426 - Scanning file [E:\java\repos\JavaTutorAPI\javatutor\target\classes\pro\abacus\javatutor\domain\User.class]
10:42:19,536 TRACE org.springframework.data.repository.config.RepositoryComponentProvider:449 - Ignored because not matching any filter: file [E:\java\repos\JavaTutorAPI\javatutor\target\classes\pro\abacus\javatutor\domain\User.class]
10:42:19,536 TRACE org.springframework.data.repository.config.RepositoryComponentProvider:449 - Ignored because not matching any filter: file [E:\java\repos\JavaTutorAPI\javatutor\target\classes\pro\abacus\javatutor\domain\User.class]
10:42:19,538 TRACE org.springframework.data.repository.config.RepositoryComponentProvider:426 - Scanning file [E:\java\repos\JavaTutorAPI\javatutor\target\classes\pro\abacus\javatutor\JavaTutorApplication.class]
10:42:19,538 TRACE org.springframework.data.repository.config.RepositoryComponentProvider:426 - Scanning file [E:\java\repos\JavaTutorAPI\javatutor\target\classes\pro\abacus\javatutor\JavaTutorApplication.class]
10:42:19,540 TRACE org.springframework.data.repository.config.RepositoryComponentProvider:449 - Ignored because not matching any filter: file [E:\java\repos\JavaTutorAPI\javatutor\target\classes\pro\abacus\javatutor\JavaTutorApplication.class]
10:42:19,540 TRACE org.springframework.data.repository.config.RepositoryComponentProvider:449 - Ignored because not matching any filter: file [E:\java\repos\JavaTutorAPI\javatutor\target\classes\pro\abacus\javatutor\JavaTutorApplication.class]
10:42:19,541 TRACE org.springframework.data.repository.config.RepositoryComponentProvider:426 - Scanning file [E:\java\repos\JavaTutorAPI\javatutor\target\classes\pro\abacus\javatutor\repository\AuthorityRepository.class]
10:42:19,541 TRACE org.springframework.data.repository.config.RepositoryComponentProvider:426 - Scanning file [E:\java\repos\JavaTutorAPI\javatutor\target\classes\pro\abacus\javatutor\repository\AuthorityRepository.class]
10:42:19,554 DEBUG org.springframework.data.repository.config.RepositoryComponentProvider:437 - Identified candidate component class: file [E:\java\repos\JavaTutorAPI\javatutor\target\classes\pro\abacus\javatutor\repository\AuthorityRepository.class]
10:42:19,554 DEBUG org.springframework.data.repository.config.RepositoryComponentProvider:437 - Identified candidate component class: file [E:\java\repos\JavaTutorAPI\javatutor\target\classes\pro\abacus\javatutor\repository\AuthorityRepository.class]
10:42:19,555 TRACE org.springframework.data.repository.config.RepositoryComponentProvider:426 - Scanning file [E:\java\repos\JavaTutorAPI\javatutor\target\classes\pro\abacus\javatutor\repository\JavaQuestionRepository.class]
10:42:19,555 TRACE org.springframework.data.repository.config.RepositoryComponentProvider:426 - Scanning file [E:\java\repos\JavaTutorAPI\javatutor\target\classes\pro\abacus\javatutor\repository\JavaQuestionRepository.class]
10:42:19,558 DEBUG org.springframework.data.repository.config.RepositoryComponentProvider:437 - Identified candidate component class: file [E:\java\repos\JavaTutorAPI\javatutor\target\classes\pro\abacus\javatutor\repository\JavaQuestionRepository.class]
10:42:19,558 DEBUG org.springframework.data.repository.config.RepositoryComponentProvider:437 - Identified candidate component class: file [E:\java\repos\JavaTutorAPI\javatutor\target\classes\pro\abacus\javatutor\repository\JavaQuestionRepository.class]
10:42:19,560 TRACE org.springframework.data.repository.config.RepositoryComponentProvider:426 - Scanning file [E:\java\repos\JavaTutorAPI\javatutor\target\classes\pro\abacus\javatutor\repository\UserRepository.class]
10:42:19,560 TRACE org.springframework.data.repository.config.RepositoryComponentProvider:426 - Scanning file [E:\java\repos\JavaTutorAPI\javatutor\target\classes\pro\abacus\javatutor\repository\UserRepository.class]
10:42:19,561 DEBUG org.springframework.data.repository.config.RepositoryComponentProvider:437 - Identified candidate component class: file [E:\java\repos\JavaTutorAPI\javatutor\target\classes\pro\abacus\javatutor\repository\UserRepository.class]
10:42:19,561 DEBUG org.springframework.data.repository.config.RepositoryComponentProvider:437 - Identified candidate component class: file [E:\java\repos\JavaTutorAPI\javatutor\target\classes\pro\abacus\javatutor\repository\UserRepository.class]
10:42:19,562 TRACE org.springframework.data.repository.config.RepositoryComponentProvider:426 - Scanning file [E:\java\repos\JavaTutorAPI\javatutor\target\classes\pro\abacus\javatutor\security\AuthFailureHandler.class]
10:42:19,562 TRACE org.springframework.data.repository.config.RepositoryComponentProvider:426 - Scanning file [E:\java\repos\JavaTutorAPI\javatutor\target\classes\pro\abacus\javatutor\security\AuthFailureHandler.class]
10:42:19,568 TRACE org.springframework.data.repository.config.RepositoryComponentProvider:449 - Ignored because not matching any filter: file [E:\java\repos\JavaTutorAPI\javatutor\target\classes\pro\abacus\javatutor\security\AuthFailureHandler.class]
10:42:19,568 TRACE org.springframework.data.repository.config.RepositoryComponentProvider:449 - Ignored because not matching any filter: file [E:\java\repos\JavaTutorAPI\javatutor\target\classes\pro\abacus\javatutor\security\AuthFailureHandler.class]
10:42:19,574 TRACE org.springframework.data.repository.config.RepositoryComponentProvider:426 - Scanning file [E:\java\repos\JavaTutorAPI\javatutor\target\classes\pro\abacus\javatutor\security\AuthSuccessHandler.class]
10:42:19,574 TRACE org.springframework.data.repository.config.RepositoryComponentProvider:426 - Scanning file [E:\java\repos\JavaTutorAPI\javatutor\target\classes\pro\abacus\javatutor\security\AuthSuccessHandler.class]
10:42:19,583 TRACE org.springframework.data.repository.config.RepositoryComponentProvider:449 - Ignored because not matching any filter: file [E:\java\repos\JavaTutorAPI\javatutor\target\classes\pro\abacus\javatutor\security\AuthSuccessHandler.class]
10:42:19,583 TRACE org.springframework.data.repository.config.RepositoryComponentProvider:449 - Ignored because not matching any filter: file [E:\java\repos\JavaTutorAPI\javatutor\target\classes\pro\abacus\javatutor\security\AuthSuccessHandler.class]
10:42:19,583 TRACE org.springframework.data.repository.config.RepositoryComponentProvider:426 - Scanning file [E:\java\repos\JavaTutorAPI\javatutor\target\classes\pro\abacus\javatutor\security\LogoutSuccessHandlerImpl.class]
10:42:19,583 TRACE org.springframework.data.repository.config.RepositoryComponentProvider:426 - Scanning file [E:\java\repos\JavaTutorAPI\javatutor\target\classes\pro\abacus\javatutor\security\LogoutSuccessHandlerImpl.class]
10:42:19,585 TRACE org.springframework.data.repository.config.RepositoryComponentProvider:449 - Ignored because not matching any filter: file [E:\java\repos\JavaTutorAPI\javatutor\target\classes\pro\abacus\javatutor\security\LogoutSuccessHandlerImpl.class]
10:42:19,585 TRACE org.springframework.data.repository.config.RepositoryComponentProvider:449 - Ignored because not matching any filter: file [E:\java\repos\JavaTutorAPI\javatutor\target\classes\pro\abacus\javatutor\security\LogoutSuccessHandlerImpl.class]
10:42:19,586 TRACE org.springframework.data.repository.config.RepositoryComponentProvider:426 - Scanning file [E:\java\repos\JavaTutorAPI\javatutor\target\classes\pro\abacus\javatutor\security\UserDetailsImpl.class]
10:42:19,586 TRACE org.springframework.data.repository.config.RepositoryComponentProvider:426 - Scanning file [E:\java\repos\JavaTutorAPI\javatutor\target\classes\pro\abacus\javatutor\security\UserDetailsImpl.class]
10:42:19,597 TRACE org.springframework.data.repository.config.RepositoryComponentProvider:449 - Ignored because not matching any filter: file [E:\java\repos\JavaTutorAPI\javatutor\target\classes\pro\abacus\javatutor\security\UserDetailsImpl.class]
10:42:19,597 TRACE org.springframework.data.repository.config.RepositoryComponentProvider:449 - Ignored because not matching any filter: file [E:\java\repos\JavaTutorAPI\javatutor\target\classes\pro\abacus\javatutor\security\UserDetailsImpl.class]
10:42:19,598 TRACE org.springframework.data.repository.config.RepositoryComponentProvider:426 - Scanning file [E:\java\repos\JavaTutorAPI\javatutor\target\classes\pro\abacus\javatutor\security\UserDetailsServiceImpl.class]
10:42:19,598 TRACE org.springframework.data.repository.config.RepositoryComponentProvider:426 - Scanning file [E:\java\repos\JavaTutorAPI\javatutor\target\classes\pro\abacus\javatutor\security\UserDetailsServiceImpl.class]
10:42:19,600 TRACE org.springframework.data.repository.config.RepositoryComponentProvider:449 - Ignored because not matching any filter: file [E:\java\repos\JavaTutorAPI\javatutor\target\classes\pro\abacus\javatutor\security\UserDetailsServiceImpl.class]
10:42:19,600 TRACE org.springframework.data.repository.config.RepositoryComponentProvider:449 - Ignored because not matching any filter: file [E:\java\repos\JavaTutorAPI\javatutor\target\classes\pro\abacus\javatutor\security\UserDetailsServiceImpl.class]
10:42:19,601 TRACE org.springframework.data.repository.config.RepositoryComponentProvider:426 - Scanning file [E:\java\repos\JavaTutorAPI\javatutor\target\classes\pro\abacus\javatutor\SecurityConfiguration.class]
10:42:19,601 TRACE org.springframework.data.repository.config.RepositoryComponentProvider:426 - Scanning file [E:\java\repos\JavaTutorAPI\javatutor\target\classes\pro\abacus\javatutor\SecurityConfiguration.class]
10:42:19,618 TRACE org.springframework.data.repository.config.RepositoryComponentProvider:449 - Ignored because not matching any filter: file [E:\java\repos\JavaTutorAPI\javatutor\target\classes\pro\abacus\javatutor\SecurityConfiguration.class]
10:42:19,618 TRACE org.springframework.data.repository.config.RepositoryComponentProvider:449 - Ignored because not matching any filter: file [E:\java\repos\JavaTutorAPI\javatutor\target\classes\pro\abacus\javatutor\SecurityConfiguration.class]
10:42:19,626 TRACE org.springframework.data.repository.config.RepositoryComponentProvider:426 - Scanning file [E:\java\repos\JavaTutorAPI\javatutor\target\classes\pro\abacus\javatutor\service\JavaQuestionsService.class]
10:42:19,626 TRACE org.springframework.data.repository.config.RepositoryComponentProvider:426 - Scanning file [E:\java\repos\JavaTutorAPI\javatutor\target\classes\pro\abacus\javatutor\service\JavaQuestionsService.class]
10:42:19,627 TRACE org.springframework.data.repository.config.RepositoryComponentProvider:449 - Ignored because not matching any filter: file [E:\java\repos\JavaTutorAPI\javatutor\target\classes\pro\abacus\javatutor\service\JavaQuestionsService.class]
10:42:19,627 TRACE org.springframework.data.repository.config.RepositoryComponentProvider:449 - Ignored because not matching any filter: file [E:\java\repos\JavaTutorAPI\javatutor\target\classes\pro\abacus\javatutor\service\JavaQuestionsService.class]
10:42:19,628 TRACE org.springframework.data.repository.config.RepositoryComponentProvider:426 - Scanning file [E:\java\repos\JavaTutorAPI\javatutor\target\classes\pro\abacus\javatutor\service\JavaQuestionsServiceImpl.class]
10:42:19,628 TRACE org.springframework.data.repository.config.RepositoryComponentProvider:426 - Scanning file [E:\java\repos\JavaTutorAPI\javatutor\target\classes\pro\abacus\javatutor\service\JavaQuestionsServiceImpl.class]
10:42:19,631 TRACE org.springframework.data.repository.config.RepositoryComponentProvider:449 - Ignored because not matching any filter: file [E:\java\repos\JavaTutorAPI\javatutor\target\classes\pro\abacus\javatutor\service\JavaQuestionsServiceImpl.class]
10:42:19,631 TRACE org.springframework.data.repository.config.RepositoryComponentProvider:449 - Ignored because not matching any filter: file [E:\java\repos\JavaTutorAPI\javatutor\target\classes\pro\abacus\javatutor\service\JavaQuestionsServiceImpl.class]
10:42:19,631 TRACE org.springframework.data.repository.config.RepositoryComponentProvider:426 - Scanning file [E:\java\repos\JavaTutorAPI\javatutor\target\classes\pro\abacus\javatutor\service\UserService.class]
10:42:19,631 TRACE org.springframework.data.repository.config.RepositoryComponentProvider:426 - Scanning file [E:\java\repos\JavaTutorAPI\javatutor\target\classes\pro\abacus\javatutor\service\UserService.class]
10:42:19,632 TRACE org.springframework.data.repository.config.RepositoryComponentProvider:449 - Ignored because not matching any filter: file [E:\java\repos\JavaTutorAPI\javatutor\target\classes\pro\abacus\javatutor\service\UserService.class]
10:42:19,632 TRACE org.springframework.data.repository.config.RepositoryComponentProvider:449 - Ignored because not matching any filter: file [E:\java\repos\JavaTutorAPI\javatutor\target\classes\pro\abacus\javatutor\service\UserService.class]
10:42:19,633 TRACE org.springframework.data.repository.config.RepositoryComponentProvider:426 - Scanning file [E:\java\repos\JavaTutorAPI\javatutor\target\classes\pro\abacus\javatutor\service\UserServiceImpl.class]
10:42:19,633 TRACE org.springframework.data.repository.config.RepositoryComponentProvider:426 - Scanning file [E:\java\repos\JavaTutorAPI\javatutor\target\classes\pro\abacus\javatutor\service\UserServiceImpl.class]
10:42:19,635 TRACE org.springframework.data.repository.config.RepositoryComponentProvider:449 - Ignored because not matching any filter: file [E:\java\repos\JavaTutorAPI\javatutor\target\classes\pro\abacus\javatutor\service\UserServiceImpl.class]
10:42:19,635 TRACE org.springframework.data.repository.config.RepositoryComponentProvider:449 - Ignored because not matching any filter: file [E:\java\repos\JavaTutorAPI\javatutor\target\classes\pro\abacus\javatutor\service\UserServiceImpl.class]
10:42:19,647 DEBUG org.springframework.core.io.support.PathMatchingResourcePatternResolver:321 - Resolved classpath location [pro/abacus/javatutor/repository/] to resources [URL [file:/E:/java/repos/JavaTutorAPI/javatutor/target/test-classes/pro/abacus/javatutor/repository/], URL [file:/E:/java/repos/JavaTutorAPI/javatutor/target/classes/pro/abacus/javatutor/repository/]]
10:42:19,647 DEBUG org.springframework.core.io.support.PathMatchingResourcePatternResolver:321 - Resolved classpath location [pro/abacus/javatutor/repository/] to resources [URL [file:/E:/java/repos/JavaTutorAPI/javatutor/target/test-classes/pro/abacus/javatutor/repository/], URL [file:/E:/java/repos/JavaTutorAPI/javatutor/target/classes/pro/abacus/javatutor/repository/]]
10:42:19,648 DEBUG org.springframework.core.io.support.PathMatchingResourcePatternResolver:721 - Looking for matching resources in directory tree [E:\java\repos\JavaTutorAPI\javatutor\target\test-classes\pro\abacus\javatutor\repository]
10:42:19,648 DEBUG org.springframework.core.io.support.PathMatchingResourcePatternResolver:721 - Looking for matching resources in directory tree [E:\java\repos\JavaTutorAPI\javatutor\target\test-classes\pro\abacus\javatutor\repository]
10:42:19,649 DEBUG org.springframework.core.io.support.PathMatchingResourcePatternResolver:783 - Searching directory [E:\java\repos\JavaTutorAPI\javatutor\target\test-classes\pro\abacus\javatutor\repository] for files matching pattern [E:/java/repos/JavaTutorAPI/javatutor/target/test-classes/pro/abacus/javatutor/repository/**/*JavaQuestionRepositoryImpl.class]
10:42:19,649 DEBUG org.springframework.core.io.support.PathMatchingResourcePatternResolver:783 - Searching directory [E:\java\repos\JavaTutorAPI\javatutor\target\test-classes\pro\abacus\javatutor\repository] for files matching pattern [E:/java/repos/JavaTutorAPI/javatutor/target/test-classes/pro/abacus/javatutor/repository/**/*JavaQuestionRepositoryImpl.class]
10:42:19,652 DEBUG org.springframework.core.io.support.PathMatchingResourcePatternResolver:721 - Looking for matching resources in directory tree [E:\java\repos\JavaTutorAPI\javatutor\target\classes\pro\abacus\javatutor\repository]
10:42:19,652 DEBUG org.springframework.core.io.support.PathMatchingResourcePatternResolver:721 - Looking for matching resources in directory tree [E:\java\repos\JavaTutorAPI\javatutor\target\classes\pro\abacus\javatutor\repository]
10:42:19,653 DEBUG org.springframework.core.io.support.PathMatchingResourcePatternResolver:783 - Searching directory [E:\java\repos\JavaTutorAPI\javatutor\target\classes\pro\abacus\javatutor\repository] for files matching pattern [E:/java/repos/JavaTutorAPI/javatutor/target/classes/pro/abacus/javatutor/repository/**/*JavaQuestionRepositoryImpl.class]
10:42:19,653 DEBUG org.springframework.core.io.support.PathMatchingResourcePatternResolver:783 - Searching directory [E:\java\repos\JavaTutorAPI\javatutor\target\classes\pro\abacus\javatutor\repository] for files matching pattern [E:/java/repos/JavaTutorAPI/javatutor/target/classes/pro/abacus/javatutor/repository/**/*JavaQuestionRepositoryImpl.class]
10:42:19,654 DEBUG org.springframework.core.io.support.PathMatchingResourcePatternResolver:514 - Resolved location pattern [classpath*:pro/abacus/javatutor/repository/**/*JavaQuestionRepositoryImpl.class] to resources []
10:42:19,654 DEBUG org.springframework.core.io.support.PathMatchingResourcePatternResolver:514 - Resolved location pattern [classpath*:pro/abacus/javatutor/repository/**/*JavaQuestionRepositoryImpl.class] to resources []
10:42:19,663 DEBUG org.springframework.data.repository.config.RepositoryConfigurationDelegate:137 - Spring Data MongoDB - Registering repository: javaQuestionRepository - Interface: pro.abacus.javatutor.repository.JavaQuestionRepository - Factory: org.springframework.data.mongodb.repository.support.MongoRepositoryFactoryBean
10:42:19,663 DEBUG org.springframework.data.repository.config.RepositoryConfigurationDelegate:137 - Spring Data MongoDB - Registering repository: javaQuestionRepository - Interface: pro.abacus.javatutor.repository.JavaQuestionRepository - Factory: org.springframework.data.mongodb.repository.support.MongoRepositoryFactoryBean
10:42:19,667 DEBUG org.springframework.core.io.support.PathMatchingResourcePatternResolver:321 - Resolved classpath location [pro/abacus/javatutor/repository/] to resources [URL [file:/E:/java/repos/JavaTutorAPI/javatutor/target/test-classes/pro/abacus/javatutor/repository/], URL [file:/E:/java/repos/JavaTutorAPI/javatutor/target/classes/pro/abacus/javatutor/repository/]]
10:42:19,667 DEBUG org.springframework.core.io.support.PathMatchingResourcePatternResolver:321 - Resolved classpath location [pro/abacus/javatutor/repository/] to resources [URL [file:/E:/java/repos/JavaTutorAPI/javatutor/target/test-classes/pro/abacus/javatutor/repository/], URL [file:/E:/java/repos/JavaTutorAPI/javatutor/target/classes/pro/abacus/javatutor/repository/]]
10:42:19,667 DEBUG org.springframework.core.io.support.PathMatchingResourcePatternResolver:721 - Looking for matching resources in directory tree [E:\java\repos\JavaTutorAPI\javatutor\target\test-classes\pro\abacus\javatutor\repository]
10:42:19,667 DEBUG org.springframework.core.io.support.PathMatchingResourcePatternResolver:721 - Looking for matching resources in directory tree [E:\java\repos\JavaTutorAPI\javatutor\target\test-classes\pro\abacus\javatutor\repository]
10:42:19,668 DEBUG org.springframework.core.io.support.PathMatchingResourcePatternResolver:783 - Searching directory [E:\java\repos\JavaTutorAPI\javatutor\target\test-classes\pro\abacus\javatutor\repository] for files matching pattern [E:/java/repos/JavaTutorAPI/javatutor/target/test-classes/pro/abacus/javatutor/repository/**/*AuthorityRepositoryImpl.class]
10:42:19,668 DEBUG org.springframework.core.io.support.PathMatchingResourcePatternResolver:783 - Searching directory [E:\java\repos\JavaTutorAPI\javatutor\target\test-classes\pro\abacus\javatutor\repository] for files matching pattern [E:/java/repos/JavaTutorAPI/javatutor/target/test-classes/pro/abacus/javatutor/repository/**/*AuthorityRepositoryImpl.class]
10:42:19,671 DEBUG org.springframework.core.io.support.PathMatchingResourcePatternResolver:721 - Looking for matching resources in directory tree [E:\java\repos\JavaTutorAPI\javatutor\target\classes\pro\abacus\javatutor\repository]
10:42:19,671 DEBUG org.springframework.core.io.support.PathMatchingResourcePatternResolver:721 - Looking for matching resources in directory tree [E:\java\repos\JavaTutorAPI\javatutor\target\classes\pro\abacus\javatutor\repository]
10:42:19,672 DEBUG org.springframework.core.io.support.PathMatchingResourcePatternResolver:783 - Searching directory [E:\java\repos\JavaTutorAPI\javatutor\target\classes\pro\abacus\javatutor\repository] for files matching pattern [E:/java/repos/JavaTutorAPI/javatutor/target/classes/pro/abacus/javatutor/repository/**/*AuthorityRepositoryImpl.class]
10:42:19,672 DEBUG org.springframework.core.io.support.PathMatchingResourcePatternResolver:783 - Searching directory [E:\java\repos\JavaTutorAPI\javatutor\target\classes\pro\abacus\javatutor\repository] for files matching pattern [E:/java/repos/JavaTutorAPI/javatutor/target/classes/pro/abacus/javatutor/repository/**/*AuthorityRepositoryImpl.class]
10:42:19,673 DEBUG org.springframework.core.io.support.PathMatchingResourcePatternResolver:514 - Resolved location pattern [classpath*:pro/abacus/javatutor/repository/**/*AuthorityRepositoryImpl.class] to resources []
10:42:19,673 DEBUG org.springframework.core.io.support.PathMatchingResourcePatternResolver:514 - Resolved location pattern [classpath*:pro/abacus/javatutor/repository/**/*AuthorityRepositoryImpl.class] to resources []
10:42:19,676 DEBUG org.springframework.data.repository.config.RepositoryConfigurationDelegate:137 - Spring Data MongoDB - Registering repository: authorityRepository - Interface: pro.abacus.javatutor.repository.AuthorityRepository - Factory: org.springframework.data.mongodb.repository.support.MongoRepositoryFactoryBean
10:42:19,676 DEBUG org.springframework.data.repository.config.RepositoryConfigurationDelegate:137 - Spring Data MongoDB - Registering repository: authorityRepository - Interface: pro.abacus.javatutor.repository.AuthorityRepository - Factory: org.springframework.data.mongodb.repository.support.MongoRepositoryFactoryBean
10:42:19,680 DEBUG org.springframework.core.io.support.PathMatchingResourcePatternResolver:321 - Resolved classpath location [pro/abacus/javatutor/repository/] to resources [URL [file:/E:/java/repos/JavaTutorAPI/javatutor/target/test-classes/pro/abacus/javatutor/repository/], URL [file:/E:/java/repos/JavaTutorAPI/javatutor/target/classes/pro/abacus/javatutor/repository/]]
10:42:19,680 DEBUG org.springframework.core.io.support.PathMatchingResourcePatternResolver:321 - Resolved classpath location [pro/abacus/javatutor/repository/] to resources [URL [file:/E:/java/repos/JavaTutorAPI/javatutor/target/test-classes/pro/abacus/javatutor/repository/], URL [file:/E:/java/repos/JavaTutorAPI/javatutor/target/classes/pro/abacus/javatutor/repository/]]
10:42:19,681 DEBUG org.springframework.core.io.support.PathMatchingResourcePatternResolver:721 - Looking for matching resources in directory tree [E:\java\repos\JavaTutorAPI\javatutor\target\test-classes\pro\abacus\javatutor\repository]
10:42:19,681 DEBUG org.springframework.core.io.support.PathMatchingResourcePatternResolver:721 - Looking for matching resources in directory tree [E:\java\repos\JavaTutorAPI\javatutor\target\test-classes\pro\abacus\javatutor\repository]
10:42:19,682 DEBUG org.springframework.core.io.support.PathMatchingResourcePatternResolver:783 - Searching directory [E:\java\repos\JavaTutorAPI\javatutor\target\test-classes\pro\abacus\javatutor\repository] for files matching pattern [E:/java/repos/JavaTutorAPI/javatutor/target/test-classes/pro/abacus/javatutor/repository/**/*UserRepositoryImpl.class]
10:42:19,682 DEBUG org.springframework.core.io.support.PathMatchingResourcePatternResolver:783 - Searching directory [E:\java\repos\JavaTutorAPI\javatutor\target\test-classes\pro\abacus\javatutor\repository] for files matching pattern [E:/java/repos/JavaTutorAPI/javatutor/target/test-classes/pro/abacus/javatutor/repository/**/*UserRepositoryImpl.class]
10:42:19,685 DEBUG org.springframework.core.io.support.PathMatchingResourcePatternResolver:721 - Looking for matching resources in directory tree [E:\java\repos\JavaTutorAPI\javatutor\target\classes\pro\abacus\javatutor\repository]
10:42:19,685 DEBUG org.springframework.core.io.support.PathMatchingResourcePatternResolver:721 - Looking for matching resources in directory tree [E:\java\repos\JavaTutorAPI\javatutor\target\classes\pro\abacus\javatutor\repository]
10:42:19,686 DEBUG org.springframework.core.io.support.PathMatchingResourcePatternResolver:783 - Searching directory [E:\java\repos\JavaTutorAPI\javatutor\target\classes\pro\abacus\javatutor\repository] for files matching pattern [E:/java/repos/JavaTutorAPI/javatutor/target/classes/pro/abacus/javatutor/repository/**/*UserRepositoryImpl.class]
10:42:19,686 DEBUG org.springframework.core.io.support.PathMatchingResourcePatternResolver:783 - Searching directory [E:\java\repos\JavaTutorAPI\javatutor\target\classes\pro\abacus\javatutor\repository] for files matching pattern [E:/java/repos/JavaTutorAPI/javatutor/target/classes/pro/abacus/javatutor/repository/**/*UserRepositoryImpl.class]
10:42:19,692 DEBUG org.springframework.core.io.support.PathMatchingResourcePatternResolver:514 - Resolved location pattern [classpath*:pro/abacus/javatutor/repository/**/*UserRepositoryImpl.class] to resources []
10:42:19,692 DEBUG org.springframework.core.io.support.PathMatchingResourcePatternResolver:514 - Resolved location pattern [classpath*:pro/abacus/javatutor/repository/**/*UserRepositoryImpl.class] to resources []
10:42:19,695 DEBUG org.springframework.data.repository.config.RepositoryConfigurationDelegate:137 - Spring Data MongoDB - Registering repository: userRepository - Interface: pro.abacus.javatutor.repository.UserRepository - Factory: org.springframework.data.mongodb.repository.support.MongoRepositoryFactoryBean
10:42:19,695 DEBUG org.springframework.data.repository.config.RepositoryConfigurationDelegate:137 - Spring Data MongoDB - Registering repository: userRepository - Interface: pro.abacus.javatutor.repository.UserRepository - Factory: org.springframework.data.mongodb.repository.support.MongoRepositoryFactoryBean
10:42:19,699 DEBUG org.springframework.beans.factory.support.DefaultListableBeanFactory:219 - Creating shared instance of singleton bean 'org.springframework.boot.test.context.ImportsContextCustomizer$ImportsCleanupPostProcessor'
10:42:19,699 DEBUG org.springframework.beans.factory.support.DefaultListableBeanFactory:219 - Creating shared instance of singleton bean 'org.springframework.boot.test.context.ImportsContextCustomizer$ImportsCleanupPostProcessor'
10:42:19,699 DEBUG org.springframework.beans.factory.support.DefaultListableBeanFactory:466 - Creating instance of bean 'org.springframework.boot.test.context.ImportsContextCustomizer$ImportsCleanupPostProcessor'
10:42:19,699 DEBUG org.springframework.beans.factory.support.DefaultListableBeanFactory:466 - Creating instance of bean 'org.springframework.boot.test.context.ImportsContextCustomizer$ImportsCleanupPostProcessor'
10:42:19,701 DEBUG org.springframework.beans.factory.support.DefaultListableBeanFactory:569 - Eagerly caching bean 'org.springframework.boot.test.context.ImportsContextCustomizer$ImportsCleanupPostProcessor' to allow for resolving potential circular references
10:42:19,701 DEBUG org.springframework.beans.factory.support.DefaultListableBeanFactory:569 - Eagerly caching bean 'org.springframework.boot.test.context.ImportsContextCustomizer$ImportsCleanupPostProcessor' to allow for resolving potential circular references
10:42:19,702 DEBUG org.springframework.beans.factory.support.DefaultListableBeanFactory:503 - Finished creating instance of bean 'org.springframework.boot.test.context.ImportsContextCustomizer$ImportsCleanupPostProcessor'
10:42:19,702 DEBUG org.springframework.beans.factory.support.DefaultListableBeanFactory:503 - Finished creating instance of bean 'org.springframework.boot.test.context.ImportsContextCustomizer$ImportsCleanupPostProcessor'
10:42:19,708 DEBUG org.springframework.context.annotation.ConfigurationClassEnhancer:112 - Successfully enhanced pro.abacus.javatutor.JavaTutorApplication; enhanced class name is: pro.abacus.javatutor.JavaTutorApplication$$EnhancerBySpringCGLIB$$18d37e53
10:42:19,708 DEBUG org.springframework.context.annotation.ConfigurationClassEnhancer:112 - Successfully enhanced pro.abacus.javatutor.JavaTutorApplication; enhanced class name is: pro.abacus.javatutor.JavaTutorApplication$$EnhancerBySpringCGLIB$$18d37e53
10:42:19,712 DEBUG org.springframework.context.annotation.ConfigurationClassPostProcessor:406 - Replacing bean definition 'javaTutorApplication' existing class 'pro.abacus.javatutor.JavaTutorApplication' with enhanced class 'pro.abacus.javatutor.JavaTutorApplication$$EnhancerBySpringCGLIB$$18d37e53'
10:42:19,712 DEBUG org.springframework.context.annotation.ConfigurationClassPostProcessor:406 - Replacing bean definition 'javaTutorApplication' existing class 'pro.abacus.javatutor.JavaTutorApplication' with enhanced class 'pro.abacus.javatutor.JavaTutorApplication$$EnhancerBySpringCGLIB$$18d37e53'
10:42:19,714 DEBUG org.springframework.context.annotation.ConfigurationClassEnhancer:112 - Successfully enhanced org.springframework.boot.autoconfigure.mongo.MongoAutoConfiguration; enhanced class name is: org.springframework.boot.autoconfigure.mongo.MongoAutoConfiguration$$EnhancerBySpringCGLIB$$f9fc28ea
10:42:19,714 DEBUG org.springframework.context.annotation.ConfigurationClassEnhancer:112 - Successfully enhanced org.springframework.boot.autoconfigure.mongo.MongoAutoConfiguration; enhanced class name is: org.springframework.boot.autoconfigure.mongo.MongoAutoConfiguration$$EnhancerBySpringCGLIB$$f9fc28ea
10:42:19,715 DEBUG org.springframework.context.annotation.ConfigurationClassPostProcessor:406 - Replacing bean definition 'org.springframework.boot.autoconfigure.mongo.MongoAutoConfiguration' existing class 'org.springframework.boot.autoconfigure.mongo.MongoAutoConfiguration' with enhanced class 'org.springframework.boot.autoconfigure.mongo.MongoAutoConfiguration$$EnhancerBySpringCGLIB$$f9fc28ea'
10:42:19,715 DEBUG org.springframework.context.annotation.ConfigurationClassPostProcessor:406 - Replacing bean definition 'org.springframework.boot.autoconfigure.mongo.MongoAutoConfiguration' existing class 'org.springframework.boot.autoconfigure.mongo.MongoAutoConfiguration' with enhanced class 'org.springframework.boot.autoconfigure.mongo.MongoAutoConfiguration$$EnhancerBySpringCGLIB$$f9fc28ea'
10:42:19,716 DEBUG org.springframework.context.annotation.ConfigurationClassEnhancer:112 - Successfully enhanced org.springframework.boot.autoconfigure.data.mongo.MongoDataAutoConfiguration; enhanced class name is: org.springframework.boot.autoconfigure.data.mongo.MongoDataAutoConfiguration$$EnhancerBySpringCGLIB$$28baabcc
10:42:19,716 DEBUG org.springframework.context.annotation.ConfigurationClassEnhancer:112 - Successfully enhanced org.springframework.boot.autoconfigure.data.mongo.MongoDataAutoConfiguration; enhanced class name is: org.springframework.boot.autoconfigure.data.mongo.MongoDataAutoConfiguration$$EnhancerBySpringCGLIB$$28baabcc
10:42:19,717 DEBUG org.springframework.context.annotation.ConfigurationClassPostProcessor:406 - Replacing bean definition 'org.springframework.boot.autoconfigure.data.mongo.MongoDataAutoConfiguration' existing class 'org.springframework.boot.autoconfigure.data.mongo.MongoDataAutoConfiguration' with enhanced class 'org.springframework.boot.autoconfigure.data.mongo.MongoDataAutoConfiguration$$EnhancerBySpringCGLIB$$28baabcc'
10:42:19,717 DEBUG org.springframework.context.annotation.ConfigurationClassPostProcessor:406 - Replacing bean definition 'org.springframework.boot.autoconfigure.data.mongo.MongoDataAutoConfiguration' existing class 'org.springframework.boot.autoconfigure.data.mongo.MongoDataAutoConfiguration' with enhanced class 'org.springframework.boot.autoconfigure.data.mongo.MongoDataAutoConfiguration$$EnhancerBySpringCGLIB$$28baabcc'
10:42:19,717 DEBUG org.springframework.context.annotation.ConfigurationClassEnhancer:112 - Successfully enhanced org.springframework.boot.autoconfigure.data.mongo.MongoRepositoriesAutoConfiguration; enhanced class name is: org.springframework.boot.autoconfigure.data.mongo.MongoRepositoriesAutoConfiguration$$EnhancerBySpringCGLIB$$5cd7f60e
10:42:19,717 DEBUG org.springframework.context.annotation.ConfigurationClassEnhancer:112 - Successfully enhanced org.springframework.boot.autoconfigure.data.mongo.MongoRepositoriesAutoConfiguration; enhanced class name is: org.springframework.boot.autoconfigure.data.mongo.MongoRepositoriesAutoConfiguration$$EnhancerBySpringCGLIB$$5cd7f60e
10:42:19,718 DEBUG org.springframework.context.annotation.ConfigurationClassPostProcessor:406 - Replacing bean definition 'org.springframework.boot.autoconfigure.data.mongo.MongoRepositoriesAutoConfiguration' existing class 'org.springframework.boot.autoconfigure.data.mongo.MongoRepositoriesAutoConfiguration' with enhanced class 'org.springframework.boot.autoconfigure.data.mongo.MongoRepositoriesAutoConfiguration$$EnhancerBySpringCGLIB$$5cd7f60e'
10:42:19,718 DEBUG org.springframework.context.annotation.ConfigurationClassPostProcessor:406 - Replacing bean definition 'org.springframework.boot.autoconfigure.data.mongo.MongoRepositoriesAutoConfiguration' existing class 'org.springframework.boot.autoconfigure.data.mongo.MongoRepositoriesAutoConfiguration' with enhanced class 'org.springframework.boot.autoconfigure.data.mongo.MongoRepositoriesAutoConfiguration$$EnhancerBySpringCGLIB$$5cd7f60e'
10:42:19,718 DEBUG org.springframework.core.env.StandardEnvironment:159 - Removing PropertySource 'defaultProperties'
10:42:19,718 DEBUG org.springframework.core.env.StandardEnvironment:159 - Removing PropertySource 'defaultProperties'
10:42:19,727 DEBUG org.springframework.beans.factory.support.DefaultListableBeanFactory:219 - Creating shared instance of singleton bean 'org.springframework.boot.test.mock.mockito.MockitoPostProcessor'
10:42:19,727 DEBUG org.springframework.beans.factory.support.DefaultListableBeanFactory:219 - Creating shared instance of singleton bean 'org.springframework.boot.test.mock.mockito.MockitoPostProcessor'
10:42:19,728 DEBUG org.springframework.beans.factory.support.DefaultListableBeanFactory:466 - Creating instance of bean 'org.springframework.boot.test.mock.mockito.MockitoPostProcessor'
10:42:19,728 DEBUG org.springframework.beans.factory.support.DefaultListableBeanFactory:466 - Creating instance of bean 'org.springframework.boot.test.mock.mockito.MockitoPostProcessor'
10:42:19,729 DEBUG org.springframework.beans.factory.support.DefaultListableBeanFactory:569 - Eagerly caching bean 'org.springframework.boot.test.mock.mockito.MockitoPostProcessor' to allow for resolving potential circular references
10:42:19,729 DEBUG org.springframework.beans.factory.support.DefaultListableBeanFactory:569 - Eagerly caching bean 'org.springframework.boot.test.mock.mockito.MockitoPostProcessor' to allow for resolving potential circular references
10:42:19,730 TRACE org.springframework.beans.CachedIntrospectionResults:271 - Getting BeanInfo for class [org.springframework.boot.test.mock.mockito.MockitoPostProcessor]
10:42:19,730 TRACE org.springframework.beans.CachedIntrospectionResults:271 - Getting BeanInfo for class [org.springframework.boot.test.mock.mockito.MockitoPostProcessor]
10:42:19,735 TRACE org.springframework.beans.CachedIntrospectionResults:276 - Caching PropertyDescriptors for class [org.springframework.boot.test.mock.mockito.MockitoPostProcessor]
10:42:19,735 TRACE org.springframework.beans.CachedIntrospectionResults:276 - Caching PropertyDescriptors for class [org.springframework.boot.test.mock.mockito.MockitoPostProcessor]
10:42:19,736 TRACE org.springframework.beans.CachedIntrospectionResults:289 - Found bean property 'beanClassLoader' of type [java.lang.ClassLoader]
10:42:19,736 TRACE org.springframework.beans.CachedIntrospectionResults:289 - Found bean property 'beanClassLoader' of type [java.lang.ClassLoader]
10:42:19,743 TRACE org.springframework.beans.CachedIntrospectionResults:289 - Found bean property 'beanFactory' of type [org.springframework.beans.factory.BeanFactory]
10:42:19,743 TRACE org.springframework.beans.CachedIntrospectionResults:289 - Found bean property 'beanFactory' of type [org.springframework.beans.factory.BeanFactory]
10:42:19,745 TRACE org.springframework.beans.CachedIntrospectionResults:289 - Found bean property 'class' of type [java.lang.Class]
10:42:19,745 TRACE org.springframework.beans.CachedIntrospectionResults:289 - Found bean property 'class' of type [java.lang.Class]
10:42:19,750 TRACE org.springframework.beans.CachedIntrospectionResults:289 - Found bean property 'order' of type [int]
10:42:19,750 TRACE org.springframework.beans.CachedIntrospectionResults:289 - Found bean property 'order' of type [int]
10:42:19,768 DEBUG org.springframework.beans.factory.support.DefaultListableBeanFactory:503 - Finished creating instance of bean 'org.springframework.boot.test.mock.mockito.MockitoPostProcessor'
10:42:19,768 DEBUG org.springframework.beans.factory.support.DefaultListableBeanFactory:503 - Finished creating instance of bean 'org.springframework.boot.test.mock.mockito.MockitoPostProcessor'
10:42:19,772 DEBUG org.springframework.beans.factory.support.DefaultListableBeanFactory:219 - Creating shared instance of singleton bean 'org.springframework.boot.context.properties.ConfigurationBeanFactoryMetadata'
10:42:19,772 DEBUG org.springframework.beans.factory.support.DefaultListableBeanFactory:219 - Creating shared instance of singleton bean 'org.springframework.boot.context.properties.ConfigurationBeanFactoryMetadata'
10:42:19,773 DEBUG org.springframework.beans.factory.support.DefaultListableBeanFactory:466 - Creating instance of bean 'org.springframework.boot.context.properties.ConfigurationBeanFactoryMetadata'
10:42:19,773 DEBUG org.springframework.beans.factory.support.DefaultListableBeanFactory:466 - Creating instance of bean 'org.springframework.boot.context.properties.ConfigurationBeanFactoryMetadata'
10:42:19,774 DEBUG org.springframework.beans.factory.support.DefaultListableBeanFactory:569 - Eagerly caching bean 'org.springframework.boot.context.properties.ConfigurationBeanFactoryMetadata' to allow for resolving potential circular references
10:42:19,774 DEBUG org.springframework.beans.factory.support.DefaultListableBeanFactory:569 - Eagerly caching bean 'org.springframework.boot.context.properties.ConfigurationBeanFactoryMetadata' to allow for resolving potential circular references
10:42:19,775 TRACE org.springframework.beans.CachedIntrospectionResults:271 - Getting BeanInfo for class [org.springframework.boot.context.properties.ConfigurationBeanFactoryMetadata]
10:42:19,775 TRACE org.springframework.beans.CachedIntrospectionResults:271 - Getting BeanInfo for class [org.springframework.boot.context.properties.ConfigurationBeanFactoryMetadata]
10:42:19,779 TRACE org.springframework.beans.CachedIntrospectionResults:276 - Caching PropertyDescriptors for class [org.springframework.boot.context.properties.ConfigurationBeanFactoryMetadata]
10:42:19,779 TRACE org.springframework.beans.CachedIntrospectionResults:276 - Caching PropertyDescriptors for class [org.springframework.boot.context.properties.ConfigurationBeanFactoryMetadata]
10:42:19,780 TRACE org.springframework.beans.CachedIntrospectionResults:289 - Found bean property 'class' of type [java.lang.Class]
10:42:19,780 TRACE org.springframework.beans.CachedIntrospectionResults:289 - Found bean property 'class' of type [java.lang.Class]
10:42:19,783 DEBUG org.springframework.beans.factory.support.DefaultListableBeanFactory:503 - Finished creating instance of bean 'org.springframework.boot.context.properties.ConfigurationBeanFactoryMetadata'
10:42:19,783 DEBUG org.springframework.beans.factory.support.DefaultListableBeanFactory:503 - Finished creating instance of bean 'org.springframework.boot.context.properties.ConfigurationBeanFactoryMetadata'
10:42:19,785 DEBUG org.springframework.beans.factory.support.DefaultListableBeanFactory:219 - Creating shared instance of singleton bean 'org.springframework.context.annotation.internalAutowiredAnnotationProcessor'
10:42:19,785 DEBUG org.springframework.beans.factory.support.DefaultListableBeanFactory:219 - Creating shared instance of singleton bean 'org.springframework.context.annotation.internalAutowiredAnnotationProcessor'
10:42:19,785 DEBUG org.springframework.beans.factory.support.DefaultListableBeanFactory:466 - Creating instance of bean 'org.springframework.context.annotation.internalAutowiredAnnotationProcessor'
10:42:19,785 DEBUG org.springframework.beans.factory.support.DefaultListableBeanFactory:466 - Creating instance of bean 'org.springframework.context.annotation.internalAutowiredAnnotationProcessor'
10:42:19,791 DEBUG org.springframework.beans.factory.support.DefaultListableBeanFactory:569 - Eagerly caching bean 'org.springframework.context.annotation.internalAutowiredAnnotationProcessor' to allow for resolving potential circular references
10:42:19,791 DEBUG org.springframework.beans.factory.support.DefaultListableBeanFactory:569 - Eagerly caching bean 'org.springframework.context.annotation.internalAutowiredAnnotationProcessor' to allow for resolving potential circular references
10:42:19,791 TRACE org.springframework.beans.CachedIntrospectionResults:271 - Getting BeanInfo for class [org.springframework.beans.factory.annotation.AutowiredAnnotationBeanPostProcessor]
10:42:19,791 TRACE org.springframework.beans.CachedIntrospectionResults:271 - Getting BeanInfo for class [org.springframework.beans.factory.annotation.AutowiredAnnotationBeanPostProcessor]
10:42:19,799 TRACE org.springframework.beans.CachedIntrospectionResults:276 - Caching PropertyDescriptors for class [org.springframework.beans.factory.annotation.AutowiredAnnotationBeanPostProcessor]
10:42:19,799 TRACE org.springframework.beans.CachedIntrospectionResults:276 - Caching PropertyDescriptors for class [org.springframework.beans.factory.annotation.AutowiredAnnotationBeanPostProcessor]
10:42:19,800 TRACE org.springframework.beans.CachedIntrospectionResults:289 - Found bean property 'autowiredAnnotationType' of type [java.lang.Class]
10:42:19,800 TRACE org.springframework.beans.CachedIntrospectionResults:289 - Found bean property 'autowiredAnnotationType' of type [java.lang.Class]
10:42:19,801 TRACE org.springframework.beans.CachedIntrospectionResults:289 - Found bean property 'autowiredAnnotationTypes' of type [java.util.Set]
10:42:19,801 TRACE org.springframework.beans.CachedIntrospectionResults:289 - Found bean property 'autowiredAnnotationTypes' of type [java.util.Set]
10:42:19,801 TRACE org.springframework.beans.CachedIntrospectionResults:289 - Found bean property 'beanFactory' of type [org.springframework.beans.factory.BeanFactory]
10:42:19,801 TRACE org.springframework.beans.CachedIntrospectionResults:289 - Found bean property 'beanFactory' of type [org.springframework.beans.factory.BeanFactory]
10:42:19,802 TRACE org.springframework.beans.CachedIntrospectionResults:289 - Found bean property 'class' of type [java.lang.Class]
10:42:19,802 TRACE org.springframework.beans.CachedIntrospectionResults:289 - Found bean property 'class' of type [java.lang.Class]
10:42:19,802 TRACE org.springframework.beans.CachedIntrospectionResults:289 - Found bean property 'order' of type [int]
10:42:19,802 TRACE org.springframework.beans.CachedIntrospectionResults:289 - Found bean property 'order' of type [int]
10:42:19,803 TRACE org.springframework.beans.CachedIntrospectionResults:289 - Found bean property 'requiredParameterName' of type [java.lang.String]
10:42:19,803 TRACE org.springframework.beans.CachedIntrospectionResults:289 - Found bean property 'requiredParameterName' of type [java.lang.String]
10:42:19,806 TRACE org.springframework.beans.CachedIntrospectionResults:289 - Found bean property 'requiredParameterValue' of type [boolean]
10:42:19,806 TRACE org.springframework.beans.CachedIntrospectionResults:289 - Found bean property 'requiredParameterValue' of type [boolean]
10:42:19,817 DEBUG org.springframework.beans.factory.support.DefaultListableBeanFactory:503 - Finished creating instance of bean 'org.springframework.context.annotation.internalAutowiredAnnotationProcessor'
10:42:19,817 DEBUG org.springframework.beans.factory.support.DefaultListableBeanFactory:503 - Finished creating instance of bean 'org.springframework.context.annotation.internalAutowiredAnnotationProcessor'
10:42:19,817 DEBUG org.springframework.beans.factory.support.DefaultListableBeanFactory:219 - Creating shared instance of singleton bean 'org.springframework.context.annotation.internalRequiredAnnotationProcessor'
10:42:19,817 DEBUG org.springframework.beans.factory.support.DefaultListableBeanFactory:219 - Creating shared instance of singleton bean 'org.springframework.context.annotation.internalRequiredAnnotationProcessor'
10:42:19,818 DEBUG org.springframework.beans.factory.support.DefaultListableBeanFactory:466 - Creating instance of bean 'org.springframework.context.annotation.internalRequiredAnnotationProcessor'
10:42:19,818 DEBUG org.springframework.beans.factory.support.DefaultListableBeanFactory:466 - Creating instance of bean 'org.springframework.context.annotation.internalRequiredAnnotationProcessor'
10:42:19,818 DEBUG org.springframework.beans.factory.support.DefaultListableBeanFactory:569 - Eagerly caching bean 'org.springframework.context.annotation.internalRequiredAnnotationProcessor' to allow for resolving potential circular references
10:42:19,818 DEBUG org.springframework.beans.factory.support.DefaultListableBeanFactory:569 - Eagerly caching bean 'org.springframework.context.annotation.internalRequiredAnnotationProcessor' to allow for resolving potential circular references
10:42:19,819 TRACE org.springframework.beans.CachedIntrospectionResults:271 - Getting BeanInfo for class [org.springframework.beans.factory.annotation.RequiredAnnotationBeanPostProcessor]
10:42:19,819 TRACE org.springframework.beans.CachedIntrospectionResults:271 - Getting BeanInfo for class [org.springframework.beans.factory.annotation.RequiredAnnotationBeanPostProcessor]
10:42:19,830 TRACE org.springframework.beans.CachedIntrospectionResults:276 - Caching PropertyDescriptors for class [org.springframework.beans.factory.annotation.RequiredAnnotationBeanPostProcessor]
10:42:19,830 TRACE org.springframework.beans.CachedIntrospectionResults:276 - Caching PropertyDescriptors for class [org.springframework.beans.factory.annotation.RequiredAnnotationBeanPostProcessor]
10:42:19,831 TRACE org.springframework.beans.CachedIntrospectionResults:289 - Found bean property 'beanFactory' of type [org.springframework.beans.factory.BeanFactory]
10:42:19,831 TRACE org.springframework.beans.CachedIntrospectionResults:289 - Found bean property 'beanFactory' of type [org.springframework.beans.factory.BeanFactory]
10:42:19,831 TRACE org.springframework.beans.CachedIntrospectionResults:289 - Found bean property 'class' of type [java.lang.Class]
10:42:19,831 TRACE org.springframework.beans.CachedIntrospectionResults:289 - Found bean property 'class' of type [java.lang.Class]
10:42:19,832 TRACE org.springframework.beans.CachedIntrospectionResults:289 - Found bean property 'order' of type [int]
10:42:19,832 TRACE org.springframework.beans.CachedIntrospectionResults:289 - Found bean property 'order' of type [int]
10:42:19,833 TRACE org.springframework.beans.CachedIntrospectionResults:289 - Found bean property 'requiredAnnotationType' of type [java.lang.Class]
10:42:19,833 TRACE org.springframework.beans.CachedIntrospectionResults:289 - Found bean property 'requiredAnnotationType' of type [java.lang.Class]
10:42:19,864 DEBUG org.springframework.beans.factory.support.DefaultListableBeanFactory:503 - Finished creating instance of bean 'org.springframework.context.annotation.internalRequiredAnnotationProcessor'
10:42:19,864 DEBUG org.springframework.beans.factory.support.DefaultListableBeanFactory:503 - Finished creating instance of bean 'org.springframework.context.annotation.internalRequiredAnnotationProcessor'
10:42:19,864 DEBUG org.springframework.beans.factory.support.DefaultListableBeanFactory:219 - Creating shared instance of singleton bean 'org.springframework.context.annotation.internalCommonAnnotationProcessor'
10:42:19,864 DEBUG org.springframework.beans.factory.support.DefaultListableBeanFactory:219 - Creating shared instance of singleton bean 'org.springframework.context.annotation.internalCommonAnnotationProcessor'
10:42:19,865 DEBUG org.springframework.beans.factory.support.DefaultListableBeanFactory:466 - Creating instance of bean 'org.springframework.context.annotation.internalCommonAnnotationProcessor'
10:42:19,865 DEBUG org.springframework.beans.factory.support.DefaultListableBeanFactory:466 - Creating instance of bean 'org.springframework.context.annotation.internalCommonAnnotationProcessor'
10:42:19,866 DEBUG org.springframework.beans.factory.support.DefaultListableBeanFactory:569 - Eagerly caching bean 'org.springframework.context.annotation.internalCommonAnnotationProcessor' to allow for resolving potential circular references
10:42:19,866 DEBUG org.springframework.beans.factory.support.DefaultListableBeanFactory:569 - Eagerly caching bean 'org.springframework.context.annotation.internalCommonAnnotationProcessor' to allow for resolving potential circular references
10:42:19,866 TRACE org.springframework.beans.CachedIntrospectionResults:271 - Getting BeanInfo for class [org.springframework.context.annotation.CommonAnnotationBeanPostProcessor]
10:42:19,866 TRACE org.springframework.beans.CachedIntrospectionResults:271 - Getting BeanInfo for class [org.springframework.context.annotation.CommonAnnotationBeanPostProcessor]
10:42:19,875 TRACE org.springframework.beans.CachedIntrospectionResults:276 - Caching PropertyDescriptors for class [org.springframework.context.annotation.CommonAnnotationBeanPostProcessor]
10:42:19,875 TRACE org.springframework.beans.CachedIntrospectionResults:276 - Caching PropertyDescriptors for class [org.springframework.context.annotation.CommonAnnotationBeanPostProcessor]
10:42:19,876 TRACE org.springframework.beans.CachedIntrospectionResults:289 - Found bean property 'alwaysUseJndiLookup' of type [boolean]
10:42:19,876 TRACE org.springframework.beans.CachedIntrospectionResults:289 - Found bean property 'alwaysUseJndiLookup' of type [boolean]
10:42:19,876 TRACE org.springframework.beans.CachedIntrospectionResults:289 - Found bean property 'beanFactory' of type [org.springframework.beans.factory.BeanFactory]
10:42:19,876 TRACE org.springframework.beans.CachedIntrospectionResults:289 - Found bean property 'beanFactory' of type [org.springframework.beans.factory.BeanFactory]
10:42:19,877 TRACE org.springframework.beans.CachedIntrospectionResults:289 - Found bean property 'class' of type [java.lang.Class]
10:42:19,877 TRACE org.springframework.beans.CachedIntrospectionResults:289 - Found bean property 'class' of type [java.lang.Class]
10:42:19,878 TRACE org.springframework.beans.CachedIntrospectionResults:289 - Found bean property 'destroyAnnotationType' of type [java.lang.Class]
10:42:19,878 TRACE org.springframework.beans.CachedIntrospectionResults:289 - Found bean property 'destroyAnnotationType' of type [java.lang.Class]
10:42:19,879 TRACE org.springframework.beans.CachedIntrospectionResults:289 - Found bean property 'fallbackToDefaultTypeMatch' of type [boolean]
10:42:19,879 TRACE org.springframework.beans.CachedIntrospectionResults:289 - Found bean property 'fallbackToDefaultTypeMatch' of type [boolean]
10:42:19,879 TRACE org.springframework.beans.CachedIntrospectionResults:289 - Found bean property 'initAnnotationType' of type [java.lang.Class]
10:42:19,879 TRACE org.springframework.beans.CachedIntrospectionResults:289 - Found bean property 'initAnnotationType' of type [java.lang.Class]
10:42:19,880 TRACE org.springframework.beans.CachedIntrospectionResults:289 - Found bean property 'jndiFactory' of type [org.springframework.beans.factory.BeanFactory]
10:42:19,880 TRACE org.springframework.beans.CachedIntrospectionResults:289 - Found bean property 'jndiFactory' of type [org.springframework.beans.factory.BeanFactory]
10:42:19,881 TRACE org.springframework.beans.CachedIntrospectionResults:289 - Found bean property 'order' of type [int]
10:42:19,881 TRACE org.springframework.beans.CachedIntrospectionResults:289 - Found bean property 'order' of type [int]
10:42:19,881 TRACE org.springframework.beans.CachedIntrospectionResults:289 - Found bean property 'resourceFactory' of type [org.springframework.beans.factory.BeanFactory]
10:42:19,881 TRACE org.springframework.beans.CachedIntrospectionResults:289 - Found bean property 'resourceFactory' of type [org.springframework.beans.factory.BeanFactory]
10:42:19,896 DEBUG org.springframework.beans.factory.support.DefaultListableBeanFactory:503 - Finished creating instance of bean 'org.springframework.context.annotation.internalCommonAnnotationProcessor'
10:42:19,896 DEBUG org.springframework.beans.factory.support.DefaultListableBeanFactory:503 - Finished creating instance of bean 'org.springframework.context.annotation.internalCommonAnnotationProcessor'
10:42:19,897 DEBUG org.springframework.beans.factory.support.DefaultListableBeanFactory:219 - Creating shared instance of singleton bean 'org.springframework.boot.test.mock.mockito.MockitoPostProcessor$SpyPostProcessor'
10:42:19,897 DEBUG org.springframework.beans.factory.support.DefaultListableBeanFactory:219 - Creating shared instance of singleton bean 'org.springframework.boot.test.mock.mockito.MockitoPostProcessor$SpyPostProcessor'
10:42:19,898 DEBUG org.springframework.beans.factory.support.DefaultListableBeanFactory:466 - Creating instance of bean 'org.springframework.boot.test.mock.mockito.MockitoPostProcessor$SpyPostProcessor'
10:42:19,898 DEBUG org.springframework.beans.factory.support.DefaultListableBeanFactory:466 - Creating instance of bean 'org.springframework.boot.test.mock.mockito.MockitoPostProcessor$SpyPostProcessor'
10:42:19,901 DEBUG org.springframework.beans.factory.support.DefaultListableBeanFactory:254 - Returning cached instance of singleton bean 'org.springframework.boot.test.mock.mockito.MockitoPostProcessor'
10:42:19,901 DEBUG org.springframework.beans.factory.support.DefaultListableBeanFactory:254 - Returning cached instance of singleton bean 'org.springframework.boot.test.mock.mockito.MockitoPostProcessor'
10:42:19,903 DEBUG org.springframework.beans.factory.support.DefaultListableBeanFactory:569 - Eagerly caching bean 'org.springframework.boot.test.mock.mockito.MockitoPostProcessor$SpyPostProcessor' to allow for resolving potential circular references
10:42:19,903 DEBUG org.springframework.beans.factory.support.DefaultListableBeanFactory:569 - Eagerly caching bean 'org.springframework.boot.test.mock.mockito.MockitoPostProcessor$SpyPostProcessor' to allow for resolving potential circular references
10:42:19,908 TRACE org.springframework.beans.CachedIntrospectionResults:271 - Getting BeanInfo for class [org.springframework.boot.test.mock.mockito.MockitoPostProcessor$SpyPostProcessor]
10:42:19,908 TRACE org.springframework.beans.CachedIntrospectionResults:271 - Getting BeanInfo for class [org.springframework.boot.test.mock.mockito.MockitoPostProcessor$SpyPostProcessor]
10:42:19,918 TRACE org.springframework.beans.CachedIntrospectionResults:276 - Caching PropertyDescriptors for class [org.springframework.boot.test.mock.mockito.MockitoPostProcessor$SpyPostProcessor]
10:42:19,918 TRACE org.springframework.beans.CachedIntrospectionResults:276 - Caching PropertyDescriptors for class [org.springframework.boot.test.mock.mockito.MockitoPostProcessor$SpyPostProcessor]
10:42:19,918 TRACE org.springframework.beans.CachedIntrospectionResults:289 - Found bean property 'class' of type [java.lang.Class]
10:42:19,918 TRACE org.springframework.beans.CachedIntrospectionResults:289 - Found bean property 'class' of type [java.lang.Class]
10:42:19,922 TRACE org.springframework.beans.CachedIntrospectionResults:289 - Found bean property 'order' of type [int]
10:42:19,922 TRACE org.springframework.beans.CachedIntrospectionResults:289 - Found bean property 'order' of type [int]
10:42:19,928 DEBUG org.springframework.beans.factory.support.DefaultListableBeanFactory:503 - Finished creating instance of bean 'org.springframework.boot.test.mock.mockito.MockitoPostProcessor$SpyPostProcessor'
10:42:19,928 DEBUG org.springframework.beans.factory.support.DefaultListableBeanFactory:503 - Finished creating instance of bean 'org.springframework.boot.test.mock.mockito.MockitoPostProcessor$SpyPostProcessor'
10:42:19,928 DEBUG org.springframework.beans.factory.support.DefaultListableBeanFactory:219 - Creating shared instance of singleton bean 'org.springframework.boot.context.properties.ConfigurationPropertiesBindingPostProcessor'
10:42:19,928 DEBUG org.springframework.beans.factory.support.DefaultListableBeanFactory:219 - Creating shared instance of singleton bean 'org.springframework.boot.context.properties.ConfigurationPropertiesBindingPostProcessor'
10:42:19,929 DEBUG org.springframework.beans.factory.support.DefaultListableBeanFactory:466 - Creating instance of bean 'org.springframework.boot.context.properties.ConfigurationPropertiesBindingPostProcessor'
10:42:19,929 DEBUG org.springframework.beans.factory.support.DefaultListableBeanFactory:466 - Creating instance of bean 'org.springframework.boot.context.properties.ConfigurationPropertiesBindingPostProcessor'
10:42:19,930 DEBUG org.springframework.beans.factory.support.DefaultListableBeanFactory:569 - Eagerly caching bean 'org.springframework.boot.context.properties.ConfigurationPropertiesBindingPostProcessor' to allow for resolving potential circular references
10:42:19,930 DEBUG org.springframework.beans.factory.support.DefaultListableBeanFactory:569 - Eagerly caching bean 'org.springframework.boot.context.properties.ConfigurationPropertiesBindingPostProcessor' to allow for resolving potential circular references
10:42:19,931 TRACE org.springframework.beans.CachedIntrospectionResults:271 - Getting BeanInfo for class [org.springframework.boot.context.properties.ConfigurationPropertiesBindingPostProcessor]
10:42:19,931 TRACE org.springframework.beans.CachedIntrospectionResults:271 - Getting BeanInfo for class [org.springframework.boot.context.properties.ConfigurationPropertiesBindingPostProcessor]
10:42:19,934 TRACE org.springframework.beans.CachedIntrospectionResults:276 - Caching PropertyDescriptors for class [org.springframework.boot.context.properties.ConfigurationPropertiesBindingPostProcessor]
10:42:19,934 TRACE org.springframework.beans.CachedIntrospectionResults:276 - Caching PropertyDescriptors for class [org.springframework.boot.context.properties.ConfigurationPropertiesBindingPostProcessor]
10:42:19,935 TRACE org.springframework.beans.CachedIntrospectionResults:289 - Found bean property 'applicationContext' of type [org.springframework.context.ApplicationContext]
10:42:19,935 TRACE org.springframework.beans.CachedIntrospectionResults:289 - Found bean property 'applicationContext' of type [org.springframework.context.ApplicationContext]
10:42:19,944 TRACE org.springframework.beans.CachedIntrospectionResults:289 - Found bean property 'class' of type [java.lang.Class]
10:42:19,944 TRACE org.springframework.beans.CachedIntrospectionResults:289 - Found bean property 'class' of type [java.lang.Class]
10:42:19,947 TRACE org.springframework.beans.CachedIntrospectionResults:289 - Found bean property 'order' of type [int]
10:42:19,947 TRACE org.springframework.beans.CachedIntrospectionResults:289 - Found bean property 'order' of type [int]
10:42:19,963 DEBUG org.springframework.beans.factory.support.DefaultListableBeanFactory:1751 - Invoking afterPropertiesSet() on bean with name 'org.springframework.boot.context.properties.ConfigurationPropertiesBindingPostProcessor'
10:42:19,963 DEBUG org.springframework.beans.factory.support.DefaultListableBeanFactory:1751 - Invoking afterPropertiesSet() on bean with name 'org.springframework.boot.context.properties.ConfigurationPropertiesBindingPostProcessor'
10:42:19,964 DEBUG org.springframework.beans.factory.support.DefaultListableBeanFactory:254 - Returning cached instance of singleton bean 'org.springframework.boot.context.properties.ConfigurationBeanFactoryMetadata'
10:42:19,964 DEBUG org.springframework.beans.factory.support.DefaultListableBeanFactory:254 - Returning cached instance of singleton bean 'org.springframework.boot.context.properties.ConfigurationBeanFactoryMetadata'
10:42:19,965 DEBUG org.springframework.beans.factory.support.DefaultListableBeanFactory:503 - Finished creating instance of bean 'org.springframework.boot.context.properties.ConfigurationPropertiesBindingPostProcessor'
10:42:19,965 DEBUG org.springframework.beans.factory.support.DefaultListableBeanFactory:503 - Finished creating instance of bean 'org.springframework.boot.context.properties.ConfigurationPropertiesBindingPostProcessor'
10:42:19,965 DEBUG org.springframework.beans.factory.support.DefaultListableBeanFactory:254 - Returning cached instance of singleton bean 'org.springframework.boot.test.mock.mockito.MockitoPostProcessor'
10:42:19,965 DEBUG org.springframework.beans.factory.support.DefaultListableBeanFactory:254 - Returning cached instance of singleton bean 'org.springframework.boot.test.mock.mockito.MockitoPostProcessor'
10:42:19,966 DEBUG org.springframework.beans.factory.support.DefaultListableBeanFactory:254 - Returning cached instance of singleton bean 'org.springframework.boot.test.autoconfigure.properties.PropertyMappingContextCustomizer$PropertyMappingCheckBeanPostProcessor'
10:42:19,966 DEBUG org.springframework.beans.factory.support.DefaultListableBeanFactory:254 - Returning cached instance of singleton bean 'org.springframework.boot.test.autoconfigure.properties.PropertyMappingContextCustomizer$PropertyMappingCheckBeanPostProcessor'
10:42:19,966 DEBUG org.springframework.context.annotation.AnnotationConfigApplicationContext:741 - Unable to locate MessageSource with name 'messageSource': using default [org.springframework.context.support.DelegatingMessageSource@70022d44]
10:42:19,966 DEBUG org.springframework.context.annotation.AnnotationConfigApplicationContext:741 - Unable to locate MessageSource with name 'messageSource': using default [org.springframework.context.support.DelegatingMessageSource@70022d44]
10:42:19,967 DEBUG org.springframework.context.annotation.AnnotationConfigApplicationContext:765 - Unable to locate ApplicationEventMulticaster with name 'applicationEventMulticaster': using default [org.springframework.context.event.SimpleApplicationEventMulticaster@7b1c501d]
10:42:19,967 DEBUG org.springframework.context.annotation.AnnotationConfigApplicationContext:765 - Unable to locate ApplicationEventMulticaster with name 'applicationEventMulticaster': using default [org.springframework.context.event.SimpleApplicationEventMulticaster@7b1c501d]
10:42:19,968 DEBUG org.springframework.beans.factory.support.DefaultListableBeanFactory:729 - Pre-instantiating singletons in org.springframework.beans.factory.support.DefaultListableBeanFactory@6b2e9db2: defining beans [org.springframework.context.annotation.internalConfigurationAnnotationProcessor,org.springframework.context.annotation.internalAutowiredAnnotationProcessor,org.springframework.context.annotation.internalRequiredAnnotationProcessor,org.springframework.context.annotation.internalCommonAnnotationProcessor,org.springframework.context.event.internalEventListenerProcessor,org.springframework.context.event.internalEventListenerFactory,org.springframework.boot.test.context.ImportsContextCustomizer$ImportsCleanupPostProcessor,org.springframework.boot.test.mock.mockito.MockitoPostProcessor$SpyPostProcessor,org.springframework.boot.test.mock.mockito.MockitoPostProcessor,javaTutorApplication,org.springframework.boot.autoconfigure.internalCachingMetadataReaderFactory,org.springframework.boot.autoconfigure.AutoConfigurationPackages,org.springframework.boot.autoconfigure.condition.BeanTypeRegistry,org.springframework.boot.autoconfigure.mongo.MongoAutoConfiguration,mongo,spring.data.mongodb-org.springframework.boot.autoconfigure.mongo.MongoProperties,org.springframework.boot.context.properties.ConfigurationPropertiesBindingPostProcessor,org.springframework.boot.context.properties.ConfigurationBeanFactoryMetadata,org.springframework.boot.autoconfigure.data.mongo.MongoDataAutoConfiguration,mongoDbFactory,mongoTemplate,mappingMongoConverter,mongoMappingContext,gridFsTemplate,mongoCustomConversions,org.springframework.boot.autoconfigure.data.mongo.MongoRepositoriesAutoConfiguration,javaQuestionRepository,authorityRepository,userRepository]; root of factory hierarchy
10:42:19,968 DEBUG org.springframework.beans.factory.support.DefaultListableBeanFactory:729 - Pre-instantiating singletons in org.springframework.beans.factory.support.DefaultListableBeanFactory@6b2e9db2: defining beans [org.springframework.context.annotation.internalConfigurationAnnotationProcessor,org.springframework.context.annotation.internalAutowiredAnnotationProcessor,org.springframework.context.annotation.internalRequiredAnnotationProcessor,org.springframework.context.annotation.internalCommonAnnotationProcessor,org.springframework.context.event.internalEventListenerProcessor,org.springframework.context.event.internalEventListenerFactory,org.springframework.boot.test.context.ImportsContextCustomizer$ImportsCleanupPostProcessor,org.springframework.boot.test.mock.mockito.MockitoPostProcessor$SpyPostProcessor,org.springframework.boot.test.mock.mockito.MockitoPostProcessor,javaTutorApplication,org.springframework.boot.autoconfigure.internalCachingMetadataReaderFactory,org.springframework.boot.autoconfigure.AutoConfigurationPackages,org.springframework.boot.autoconfigure.condition.BeanTypeRegistry,org.springframework.boot.autoconfigure.mongo.MongoAutoConfiguration,mongo,spring.data.mongodb-org.springframework.boot.autoconfigure.mongo.MongoProperties,org.springframework.boot.context.properties.ConfigurationPropertiesBindingPostProcessor,org.springframework.boot.context.properties.ConfigurationBeanFactoryMetadata,org.springframework.boot.autoconfigure.data.mongo.MongoDataAutoConfiguration,mongoDbFactory,mongoTemplate,mappingMongoConverter,mongoMappingContext,gridFsTemplate,mongoCustomConversions,org.springframework.boot.autoconfigure.data.mongo.MongoRepositoriesAutoConfiguration,javaQuestionRepository,authorityRepository,userRepository]; root of factory hierarchy
10:42:19,968 DEBUG org.springframework.beans.factory.support.DefaultListableBeanFactory:254 - Returning cached instance of singleton bean 'org.springframework.context.annotation.internalConfigurationAnnotationProcessor'
10:42:19,968 DEBUG org.springframework.beans.factory.support.DefaultListableBeanFactory:254 - Returning cached instance of singleton bean 'org.springframework.context.annotation.internalConfigurationAnnotationProcessor'
10:42:19,969 DEBUG org.springframework.beans.factory.support.DefaultListableBeanFactory:254 - Returning cached instance of singleton bean 'org.springframework.context.annotation.internalAutowiredAnnotationProcessor'
10:42:19,969 DEBUG org.springframework.beans.factory.support.DefaultListableBeanFactory:254 - Returning cached instance of singleton bean 'org.springframework.context.annotation.internalAutowiredAnnotationProcessor'
10:42:19,969 DEBUG org.springframework.beans.factory.support.DefaultListableBeanFactory:254 - Returning cached instance of singleton bean 'org.springframework.context.annotation.internalRequiredAnnotationProcessor'
10:42:19,969 DEBUG org.springframework.beans.factory.support.DefaultListableBeanFactory:254 - Returning cached instance of singleton bean 'org.springframework.context.annotation.internalRequiredAnnotationProcessor'
10:42:19,974 DEBUG org.springframework.beans.factory.support.DefaultListableBeanFactory:254 - Returning cached instance of singleton bean 'org.springframework.context.annotation.internalCommonAnnotationProcessor'
10:42:19,974 DEBUG org.springframework.beans.factory.support.DefaultListableBeanFactory:254 - Returning cached instance of singleton bean 'org.springframework.context.annotation.internalCommonAnnotationProcessor'
10:42:19,975 DEBUG org.springframework.beans.factory.support.DefaultListableBeanFactory:219 - Creating shared instance of singleton bean 'org.springframework.context.event.internalEventListenerProcessor'
10:42:19,975 DEBUG org.springframework.beans.factory.support.DefaultListableBeanFactory:219 - Creating shared instance of singleton bean 'org.springframework.context.event.internalEventListenerProcessor'
10:42:19,975 DEBUG org.springframework.beans.factory.support.DefaultListableBeanFactory:466 - Creating instance of bean 'org.springframework.context.event.internalEventListenerProcessor'
10:42:19,975 DEBUG org.springframework.beans.factory.support.DefaultListableBeanFactory:466 - Creating instance of bean 'org.springframework.context.event.internalEventListenerProcessor'
10:42:19,978 DEBUG org.springframework.beans.factory.support.DefaultListableBeanFactory:569 - Eagerly caching bean 'org.springframework.context.event.internalEventListenerProcessor' to allow for resolving potential circular references
10:42:19,978 DEBUG org.springframework.beans.factory.support.DefaultListableBeanFactory:569 - Eagerly caching bean 'org.springframework.context.event.internalEventListenerProcessor' to allow for resolving potential circular references
10:42:19,978 TRACE org.springframework.beans.CachedIntrospectionResults:271 - Getting BeanInfo for class [org.springframework.context.event.EventListenerMethodProcessor]
10:42:19,978 TRACE org.springframework.beans.CachedIntrospectionResults:271 - Getting BeanInfo for class [org.springframework.context.event.EventListenerMethodProcessor]
10:42:19,984 TRACE org.springframework.beans.CachedIntrospectionResults:276 - Caching PropertyDescriptors for class [org.springframework.context.event.EventListenerMethodProcessor]
10:42:19,984 TRACE org.springframework.beans.CachedIntrospectionResults:276 - Caching PropertyDescriptors for class [org.springframework.context.event.EventListenerMethodProcessor]
10:42:19,985 TRACE org.springframework.beans.CachedIntrospectionResults:289 - Found bean property 'applicationContext' of type [org.springframework.context.ApplicationContext]
10:42:19,985 TRACE org.springframework.beans.CachedIntrospectionResults:289 - Found bean property 'applicationContext' of type [org.springframework.context.ApplicationContext]
10:42:19,985 TRACE org.springframework.beans.CachedIntrospectionResults:289 - Found bean property 'class' of type [java.lang.Class]
10:42:19,985 TRACE org.springframework.beans.CachedIntrospectionResults:289 - Found bean property 'class' of type [java.lang.Class]
10:42:19,996 DEBUG org.springframework.beans.factory.support.DefaultListableBeanFactory:503 - Finished creating instance of bean 'org.springframework.context.event.internalEventListenerProcessor'
10:42:19,996 DEBUG org.springframework.beans.factory.support.DefaultListableBeanFactory:503 - Finished creating instance of bean 'org.springframework.context.event.internalEventListenerProcessor'
10:42:19,997 DEBUG org.springframework.beans.factory.support.DefaultListableBeanFactory:219 - Creating shared instance of singleton bean 'org.springframework.context.event.internalEventListenerFactory'
10:42:19,997 DEBUG org.springframework.beans.factory.support.DefaultListableBeanFactory:219 - Creating shared instance of singleton bean 'org.springframework.context.event.internalEventListenerFactory'
10:42:19,998 DEBUG org.springframework.beans.factory.support.DefaultListableBeanFactory:466 - Creating instance of bean 'org.springframework.context.event.internalEventListenerFactory'
10:42:19,998 DEBUG org.springframework.beans.factory.support.DefaultListableBeanFactory:466 - Creating instance of bean 'org.springframework.context.event.internalEventListenerFactory'
10:42:19,999 DEBUG org.springframework.beans.factory.support.DefaultListableBeanFactory:569 - Eagerly caching bean 'org.springframework.context.event.internalEventListenerFactory' to allow for resolving potential circular references
10:42:19,999 DEBUG org.springframework.beans.factory.support.DefaultListableBeanFactory:569 - Eagerly caching bean 'org.springframework.context.event.internalEventListenerFactory' to allow for resolving potential circular references
10:42:20,000 TRACE org.springframework.beans.CachedIntrospectionResults:271 - Getting BeanInfo for class [org.springframework.context.event.DefaultEventListenerFactory]
10:42:20,000 TRACE org.springframework.beans.CachedIntrospectionResults:271 - Getting BeanInfo for class [org.springframework.context.event.DefaultEventListenerFactory]
10:42:20,016 TRACE org.springframework.beans.CachedIntrospectionResults:276 - Caching PropertyDescriptors for class [org.springframework.context.event.DefaultEventListenerFactory]
10:42:20,016 TRACE org.springframework.beans.CachedIntrospectionResults:276 - Caching PropertyDescriptors for class [org.springframework.context.event.DefaultEventListenerFactory]
10:42:20,017 TRACE org.springframework.beans.CachedIntrospectionResults:289 - Found bean property 'class' of type [java.lang.Class]
10:42:20,017 TRACE org.springframework.beans.CachedIntrospectionResults:289 - Found bean property 'class' of type [java.lang.Class]
10:42:20,018 TRACE org.springframework.beans.CachedIntrospectionResults:289 - Found bean property 'order' of type [int]
10:42:20,018 TRACE org.springframework.beans.CachedIntrospectionResults:289 - Found bean property 'order' of type [int]
10:42:20,034 DEBUG org.springframework.beans.factory.support.DefaultListableBeanFactory:503 - Finished creating instance of bean 'org.springframework.context.event.internalEventListenerFactory'
10:42:20,034 DEBUG org.springframework.beans.factory.support.DefaultListableBeanFactory:503 - Finished creating instance of bean 'org.springframework.context.event.internalEventListenerFactory'
10:42:20,035 DEBUG org.springframework.beans.factory.support.DefaultListableBeanFactory:254 - Returning cached instance of singleton bean 'org.springframework.boot.test.context.ImportsContextCustomizer$ImportsCleanupPostProcessor'
10:42:20,035 DEBUG org.springframework.beans.factory.support.DefaultListableBeanFactory:254 - Returning cached instance of singleton bean 'org.springframework.boot.test.context.ImportsContextCustomizer$ImportsCleanupPostProcessor'
10:42:20,035 DEBUG org.springframework.beans.factory.support.DefaultListableBeanFactory:254 - Returning cached instance of singleton bean 'org.springframework.boot.test.mock.mockito.MockitoPostProcessor$SpyPostProcessor'
10:42:20,035 DEBUG org.springframework.beans.factory.support.DefaultListableBeanFactory:254 - Returning cached instance of singleton bean 'org.springframework.boot.test.mock.mockito.MockitoPostProcessor$SpyPostProcessor'
10:42:20,036 DEBUG org.springframework.beans.factory.support.DefaultListableBeanFactory:254 - Returning cached instance of singleton bean 'org.springframework.boot.test.mock.mockito.MockitoPostProcessor'
10:42:20,036 DEBUG org.springframework.beans.factory.support.DefaultListableBeanFactory:254 - Returning cached instance of singleton bean 'org.springframework.boot.test.mock.mockito.MockitoPostProcessor'
10:42:20,036 DEBUG org.springframework.beans.factory.support.DefaultListableBeanFactory:219 - Creating shared instance of singleton bean 'javaTutorApplication'
10:42:20,036 DEBUG org.springframework.beans.factory.support.DefaultListableBeanFactory:219 - Creating shared instance of singleton bean 'javaTutorApplication'
10:42:20,045 DEBUG org.springframework.beans.factory.support.DefaultListableBeanFactory:466 - Creating instance of bean 'javaTutorApplication'
10:42:20,045 DEBUG org.springframework.beans.factory.support.DefaultListableBeanFactory:466 - Creating instance of bean 'javaTutorApplication'
10:42:20,046 DEBUG org.springframework.beans.factory.support.DefaultListableBeanFactory:569 - Eagerly caching bean 'javaTutorApplication' to allow for resolving potential circular references
10:42:20,046 DEBUG org.springframework.beans.factory.support.DefaultListableBeanFactory:569 - Eagerly caching bean 'javaTutorApplication' to allow for resolving potential circular references
10:42:20,046 TRACE org.springframework.beans.CachedIntrospectionResults:271 - Getting BeanInfo for class [pro.abacus.javatutor.JavaTutorApplication$$EnhancerBySpringCGLIB$$18d37e53]
10:42:20,046 TRACE org.springframework.beans.CachedIntrospectionResults:271 - Getting BeanInfo for class [pro.abacus.javatutor.JavaTutorApplication$$EnhancerBySpringCGLIB$$18d37e53]
10:42:20,052 TRACE org.springframework.beans.CachedIntrospectionResults:276 - Caching PropertyDescriptors for class [pro.abacus.javatutor.JavaTutorApplication$$EnhancerBySpringCGLIB$$18d37e53]
10:42:20,052 TRACE org.springframework.beans.CachedIntrospectionResults:276 - Caching PropertyDescriptors for class [pro.abacus.javatutor.JavaTutorApplication$$EnhancerBySpringCGLIB$$18d37e53]
10:42:20,061 TRACE org.springframework.beans.CachedIntrospectionResults:289 - Found bean property 'beanFactory' of type [org.springframework.beans.factory.BeanFactory]
10:42:20,061 TRACE org.springframework.beans.CachedIntrospectionResults:289 - Found bean property 'beanFactory' of type [org.springframework.beans.factory.BeanFactory]
10:42:20,062 TRACE org.springframework.beans.CachedIntrospectionResults:289 - Found bean property 'class' of type [java.lang.Class]
10:42:20,062 TRACE org.springframework.beans.CachedIntrospectionResults:289 - Found bean property 'class' of type [java.lang.Class]
10:42:20,066 DEBUG org.springframework.beans.factory.support.DefaultListableBeanFactory:503 - Finished creating instance of bean 'javaTutorApplication'
10:42:20,066 DEBUG org.springframework.beans.factory.support.DefaultListableBeanFactory:503 - Finished creating instance of bean 'javaTutorApplication'
10:42:20,067 DEBUG org.springframework.beans.factory.support.DefaultListableBeanFactory:254 - Returning cached instance of singleton bean 'org.springframework.boot.autoconfigure.internalCachingMetadataReaderFactory'
10:42:20,067 DEBUG org.springframework.beans.factory.support.DefaultListableBeanFactory:254 - Returning cached instance of singleton bean 'org.springframework.boot.autoconfigure.internalCachingMetadataReaderFactory'
10:42:20,067 DEBUG org.springframework.beans.factory.support.DefaultListableBeanFactory:254 - Returning cached instance of singleton bean 'org.springframework.boot.autoconfigure.AutoConfigurationPackages'
10:42:20,067 DEBUG org.springframework.beans.factory.support.DefaultListableBeanFactory:254 - Returning cached instance of singleton bean 'org.springframework.boot.autoconfigure.AutoConfigurationPackages'
10:42:20,068 DEBUG org.springframework.beans.factory.support.DefaultListableBeanFactory:254 - Returning cached instance of singleton bean 'org.springframework.boot.autoconfigure.condition.BeanTypeRegistry'
10:42:20,068 DEBUG org.springframework.beans.factory.support.DefaultListableBeanFactory:254 - Returning cached instance of singleton bean 'org.springframework.boot.autoconfigure.condition.BeanTypeRegistry'
10:42:20,071 DEBUG org.springframework.beans.factory.support.DefaultListableBeanFactory:219 - Creating shared instance of singleton bean 'org.springframework.boot.autoconfigure.mongo.MongoAutoConfiguration'
10:42:20,071 DEBUG org.springframework.beans.factory.support.DefaultListableBeanFactory:219 - Creating shared instance of singleton bean 'org.springframework.boot.autoconfigure.mongo.MongoAutoConfiguration'
10:42:20,071 DEBUG org.springframework.beans.factory.support.DefaultListableBeanFactory:466 - Creating instance of bean 'org.springframework.boot.autoconfigure.mongo.MongoAutoConfiguration'
10:42:20,071 DEBUG org.springframework.beans.factory.support.DefaultListableBeanFactory:466 - Creating instance of bean 'org.springframework.boot.autoconfigure.mongo.MongoAutoConfiguration'
10:42:20,073 DEBUG org.springframework.core.LocalVariableTableParameterNameDiscoverer:108 - Cannot find '.class' file for class [class org.springframework.boot.autoconfigure.mongo.MongoAutoConfiguration$$EnhancerBySpringCGLIB$$f9fc28ea] - unable to determine constructor/method parameter names
10:42:20,073 DEBUG org.springframework.core.LocalVariableTableParameterNameDiscoverer:108 - Cannot find '.class' file for class [class org.springframework.boot.autoconfigure.mongo.MongoAutoConfiguration$$EnhancerBySpringCGLIB$$f9fc28ea] - unable to determine constructor/method parameter names
10:42:20,078 TRACE org.springframework.beans.TypeConverterDelegate:436 - Converting String to [class java.lang.Class] using property editor [org.springframework.beans.propertyeditors.ClassEditor@36871e98]
10:42:20,078 TRACE org.springframework.beans.TypeConverterDelegate:436 - Converting String to [class java.lang.Class] using property editor [org.springframework.beans.propertyeditors.ClassEditor@36871e98]
10:42:20,081 TRACE org.springframework.beans.TypeConverterDelegate:436 - Converting String to [class java.lang.Class] using property editor [org.springframework.beans.propertyeditors.ClassEditor@6533629]
10:42:20,081 TRACE org.springframework.beans.TypeConverterDelegate:436 - Converting String to [class java.lang.Class] using property editor [org.springframework.beans.propertyeditors.ClassEditor@6533629]
10:42:20,082 TRACE org.springframework.beans.TypeConverterDelegate:436 - Converting String to [class java.lang.Class] using property editor [org.springframework.beans.propertyeditors.ClassEditor@1b444b5]
10:42:20,082 TRACE org.springframework.beans.TypeConverterDelegate:436 - Converting String to [class java.lang.Class] using property editor [org.springframework.beans.propertyeditors.ClassEditor@1b444b5]
10:42:20,083 DEBUG org.springframework.beans.factory.support.DefaultListableBeanFactory:219 - Creating shared instance of singleton bean 'spring.data.mongodb-org.springframework.boot.autoconfigure.mongo.MongoProperties'
10:42:20,083 DEBUG org.springframework.beans.factory.support.DefaultListableBeanFactory:219 - Creating shared instance of singleton bean 'spring.data.mongodb-org.springframework.boot.autoconfigure.mongo.MongoProperties'
10:42:20,084 DEBUG org.springframework.beans.factory.support.DefaultListableBeanFactory:466 - Creating instance of bean 'spring.data.mongodb-org.springframework.boot.autoconfigure.mongo.MongoProperties'
10:42:20,084 DEBUG org.springframework.beans.factory.support.DefaultListableBeanFactory:466 - Creating instance of bean 'spring.data.mongodb-org.springframework.boot.autoconfigure.mongo.MongoProperties'
10:42:20,085 DEBUG org.springframework.beans.factory.support.DefaultListableBeanFactory:569 - Eagerly caching bean 'spring.data.mongodb-org.springframework.boot.autoconfigure.mongo.MongoProperties' to allow for resolving potential circular references
10:42:20,085 DEBUG org.springframework.beans.factory.support.DefaultListableBeanFactory:569 - Eagerly caching bean 'spring.data.mongodb-org.springframework.boot.autoconfigure.mongo.MongoProperties' to allow for resolving potential circular references
10:42:20,086 TRACE org.springframework.beans.CachedIntrospectionResults:271 - Getting BeanInfo for class [org.springframework.boot.autoconfigure.mongo.MongoProperties]
10:42:20,086 TRACE org.springframework.beans.CachedIntrospectionResults:271 - Getting BeanInfo for class [org.springframework.boot.autoconfigure.mongo.MongoProperties]
10:42:20,112 TRACE org.springframework.beans.CachedIntrospectionResults:276 - Caching PropertyDescriptors for class [org.springframework.boot.autoconfigure.mongo.MongoProperties]
10:42:20,112 TRACE org.springframework.beans.CachedIntrospectionResults:276 - Caching PropertyDescriptors for class [org.springframework.boot.autoconfigure.mongo.MongoProperties]
10:42:20,116 TRACE org.springframework.beans.CachedIntrospectionResults:289 - Found bean property 'authenticationDatabase' of type [java.lang.String]
10:42:20,116 TRACE org.springframework.beans.CachedIntrospectionResults:289 - Found bean property 'authenticationDatabase' of type [java.lang.String]
10:42:20,117 TRACE org.springframework.beans.CachedIntrospectionResults:289 - Found bean property 'class' of type [java.lang.Class]
10:42:20,117 TRACE org.springframework.beans.CachedIntrospectionResults:289 - Found bean property 'class' of type [java.lang.Class]
10:42:20,118 TRACE org.springframework.beans.CachedIntrospectionResults:289 - Found bean property 'database' of type [java.lang.String]
10:42:20,118 TRACE org.springframework.beans.CachedIntrospectionResults:289 - Found bean property 'database' of type [java.lang.String]
10:42:20,129 TRACE org.springframework.beans.CachedIntrospectionResults:289 - Found bean property 'fieldNamingStrategy' of type [java.lang.Class]
10:42:20,129 TRACE org.springframework.beans.CachedIntrospectionResults:289 - Found bean property 'fieldNamingStrategy' of type [java.lang.Class]
10:42:20,130 TRACE org.springframework.beans.CachedIntrospectionResults:289 - Found bean property 'gridFsDatabase' of type [java.lang.String]
10:42:20,130 TRACE org.springframework.beans.CachedIntrospectionResults:289 - Found bean property 'gridFsDatabase' of type [java.lang.String]
10:42:20,131 TRACE org.springframework.beans.CachedIntrospectionResults:289 - Found bean property 'host' of type [java.lang.String]
10:42:20,131 TRACE org.springframework.beans.CachedIntrospectionResults:289 - Found bean property 'host' of type [java.lang.String]
10:42:20,143 TRACE org.springframework.beans.CachedIntrospectionResults:289 - Found bean property 'mongoClientDatabase' of type [java.lang.String]
10:42:20,143 TRACE org.springframework.beans.CachedIntrospectionResults:289 - Found bean property 'mongoClientDatabase' of type [java.lang.String]
10:42:20,145 TRACE org.springframework.beans.CachedIntrospectionResults:289 - Found bean property 'password' of type [[C]
10:42:20,145 TRACE org.springframework.beans.CachedIntrospectionResults:289 - Found bean property 'password' of type [[C]
10:42:20,146 TRACE org.springframework.beans.CachedIntrospectionResults:289 - Found bean property 'port' of type [java.lang.Integer]
10:42:20,146 TRACE org.springframework.beans.CachedIntrospectionResults:289 - Found bean property 'port' of type [java.lang.Integer]
10:42:20,148 TRACE org.springframework.beans.CachedIntrospectionResults:289 - Found bean property 'uri' of type [java.lang.String]
10:42:20,148 TRACE org.springframework.beans.CachedIntrospectionResults:289 - Found bean property 'uri' of type [java.lang.String]
10:42:20,149 TRACE org.springframework.beans.CachedIntrospectionResults:289 - Found bean property 'username' of type [java.lang.String]
10:42:20,149 TRACE org.springframework.beans.CachedIntrospectionResults:289 - Found bean property 'username' of type [java.lang.String]
10:42:20,154 TRACE org.springframework.beans.factory.support.DefaultListableBeanFactory:684 - No bean named 'conversionService' found in org.springframework.beans.factory.support.DefaultListableBeanFactory@6b2e9db2: defining beans [org.springframework.context.annotation.internalConfigurationAnnotationProcessor,org.springframework.context.annotation.internalAutowiredAnnotationProcessor,org.springframework.context.annotation.internalRequiredAnnotationProcessor,org.springframework.context.annotation.internalCommonAnnotationProcessor,org.springframework.context.event.internalEventListenerProcessor,org.springframework.context.event.internalEventListenerFactory,org.springframework.boot.test.context.ImportsContextCustomizer$ImportsCleanupPostProcessor,org.springframework.boot.test.mock.mockito.MockitoPostProcessor$SpyPostProcessor,org.springframework.boot.test.mock.mockito.MockitoPostProcessor,javaTutorApplication,org.springframework.boot.autoconfigure.internalCachingMetadataReaderFactory,org.springframework.boot.autoconfigure.AutoConfigurationPackages,org.springframework.boot.autoconfigure.condition.BeanTypeRegistry,org.springframework.boot.autoconfigure.mongo.MongoAutoConfiguration,mongo,spring.data.mongodb-org.springframework.boot.autoconfigure.mongo.MongoProperties,org.springframework.boot.context.properties.ConfigurationPropertiesBindingPostProcessor,org.springframework.boot.context.properties.ConfigurationBeanFactoryMetadata,org.springframework.boot.autoconfigure.data.mongo.MongoDataAutoConfiguration,mongoDbFactory,mongoTemplate,mappingMongoConverter,mongoMappingContext,gridFsTemplate,mongoCustomConversions,org.springframework.boot.autoconfigure.data.mongo.MongoRepositoriesAutoConfiguration,javaQuestionRepository,authorityRepository,userRepository]; root of factory hierarchy
10:42:20,154 TRACE org.springframework.beans.factory.support.DefaultListableBeanFactory:684 - No bean named 'conversionService' found in org.springframework.beans.factory.support.DefaultListableBeanFactory@6b2e9db2: defining beans [org.springframework.context.annotation.internalConfigurationAnnotationProcessor,org.springframework.context.annotation.internalAutowiredAnnotationProcessor,org.springframework.context.annotation.internalRequiredAnnotationProcessor,org.springframework.context.annotation.internalCommonAnnotationProcessor,org.springframework.context.event.internalEventListenerProcessor,org.springframework.context.event.internalEventListenerFactory,org.springframework.boot.test.context.ImportsContextCustomizer$ImportsCleanupPostProcessor,org.springframework.boot.test.mock.mockito.MockitoPostProcessor$SpyPostProcessor,org.springframework.boot.test.mock.mockito.MockitoPostProcessor,javaTutorApplication,org.springframework.boot.autoconfigure.internalCachingMetadataReaderFactory,org.springframework.boot.autoconfigure.AutoConfigurationPackages,org.springframework.boot.autoconfigure.condition.BeanTypeRegistry,org.springframework.boot.autoconfigure.mongo.MongoAutoConfiguration,mongo,spring.data.mongodb-org.springframework.boot.autoconfigure.mongo.MongoProperties,org.springframework.boot.context.properties.ConfigurationPropertiesBindingPostProcessor,org.springframework.boot.context.properties.ConfigurationBeanFactoryMetadata,org.springframework.boot.autoconfigure.data.mongo.MongoDataAutoConfiguration,mongoDbFactory,mongoTemplate,mappingMongoConverter,mongoMappingContext,gridFsTemplate,mongoCustomConversions,org.springframework.boot.autoconfigure.data.mongo.MongoRepositoriesAutoConfiguration,javaQuestionRepository,authorityRepository,userRepository]; root of factory hierarchy
10:42:20,155 DEBUG org.springframework.beans.factory.support.DefaultListableBeanFactory:466 - Creating instance of bean 'org.springframework.boot.context.properties.ConversionServiceDeducer$Factory'
10:42:20,155 DEBUG org.springframework.beans.factory.support.DefaultListableBeanFactory:466 - Creating instance of bean 'org.springframework.boot.context.properties.ConversionServiceDeducer$Factory'
10:42:20,157 TRACE org.springframework.beans.CachedIntrospectionResults:271 - Getting BeanInfo for class [org.springframework.boot.context.properties.ConversionServiceDeducer$Factory]
10:42:20,157 TRACE org.springframework.beans.CachedIntrospectionResults:271 - Getting BeanInfo for class [org.springframework.boot.context.properties.ConversionServiceDeducer$Factory]
10:42:20,166 TRACE org.springframework.beans.CachedIntrospectionResults:276 - Caching PropertyDescriptors for class [org.springframework.boot.context.properties.ConversionServiceDeducer$Factory]
10:42:20,166 TRACE org.springframework.beans.CachedIntrospectionResults:276 - Caching PropertyDescriptors for class [org.springframework.boot.context.properties.ConversionServiceDeducer$Factory]
10:42:20,167 TRACE org.springframework.beans.CachedIntrospectionResults:289 - Found bean property 'class' of type [java.lang.Class]
10:42:20,167 TRACE org.springframework.beans.CachedIntrospectionResults:289 - Found bean property 'class' of type [java.lang.Class]
10:42:20,168 TRACE org.springframework.beans.CachedIntrospectionResults:289 - Found bean property 'converters' of type [java.util.List]
10:42:20,168 TRACE org.springframework.beans.CachedIntrospectionResults:289 - Found bean property 'converters' of type [java.util.List]
10:42:20,181 TRACE org.springframework.beans.CachedIntrospectionResults:289 - Found bean property 'genericConverters' of type [java.util.List]
10:42:20,181 TRACE org.springframework.beans.CachedIntrospectionResults:289 - Found bean property 'genericConverters' of type [java.util.List]
10:42:20,183 DEBUG org.springframework.beans.factory.annotation.InjectionMetadata:74 - Registered injected element on class [org.springframework.boot.context.properties.ConversionServiceDeducer$Factory]: AutowiredMethodElement for public void org.springframework.boot.context.properties.ConversionServiceDeducer$Factory.setConverters(java.util.List)
10:42:20,183 DEBUG org.springframework.beans.factory.annotation.InjectionMetadata:74 - Registered injected element on class [org.springframework.boot.context.properties.ConversionServiceDeducer$Factory]: AutowiredMethodElement for public void org.springframework.boot.context.properties.ConversionServiceDeducer$Factory.setConverters(java.util.List)
10:42:20,184 DEBUG org.springframework.beans.factory.annotation.InjectionMetadata:74 - Registered injected element on class [org.springframework.boot.context.properties.ConversionServiceDeducer$Factory]: AutowiredMethodElement for public void org.springframework.boot.context.properties.ConversionServiceDeducer$Factory.setGenericConverters(java.util.List)
10:42:20,184 DEBUG org.springframework.beans.factory.annotation.InjectionMetadata:74 - Registered injected element on class [org.springframework.boot.context.properties.ConversionServiceDeducer$Factory]: AutowiredMethodElement for public void org.springframework.boot.context.properties.ConversionServiceDeducer$Factory.setGenericConverters(java.util.List)
10:42:20,184 DEBUG org.springframework.beans.factory.annotation.InjectionMetadata:89 - Processing injected element of bean 'org.springframework.boot.context.properties.ConversionServiceDeducer$Factory': AutowiredMethodElement for public void org.springframework.boot.context.properties.ConversionServiceDeducer$Factory.setConverters(java.util.List)
10:42:20,184 DEBUG org.springframework.beans.factory.annotation.InjectionMetadata:89 - Processing injected element of bean 'org.springframework.boot.context.properties.ConversionServiceDeducer$Factory': AutowiredMethodElement for public void org.springframework.boot.context.properties.ConversionServiceDeducer$Factory.setConverters(java.util.List)
10:42:20,194 DEBUG org.springframework.beans.factory.annotation.InjectionMetadata:89 - Processing injected element of bean 'org.springframework.boot.context.properties.ConversionServiceDeducer$Factory': AutowiredMethodElement for public void org.springframework.boot.context.properties.ConversionServiceDeducer$Factory.setGenericConverters(java.util.List)
10:42:20,194 DEBUG org.springframework.beans.factory.annotation.InjectionMetadata:89 - Processing injected element of bean 'org.springframework.boot.context.properties.ConversionServiceDeducer$Factory': AutowiredMethodElement for public void org.springframework.boot.context.properties.ConversionServiceDeducer$Factory.setGenericConverters(java.util.List)
10:42:20,211 DEBUG org.springframework.beans.factory.support.DefaultListableBeanFactory:503 - Finished creating instance of bean 'org.springframework.boot.context.properties.ConversionServiceDeducer$Factory'
10:42:20,211 DEBUG org.springframework.beans.factory.support.DefaultListableBeanFactory:503 - Finished creating instance of bean 'org.springframework.boot.context.properties.ConversionServiceDeducer$Factory'
10:42:20,215 TRACE org.springframework.beans.TypeConverterDelegate:436 - Converting String to [class java.lang.Integer] using property editor [org.springframework.beans.propertyeditors.CustomNumberEditor@23df7fad]
10:42:20,215 TRACE org.springframework.beans.TypeConverterDelegate:436 - Converting String to [class java.lang.Integer] using property editor [org.springframework.beans.propertyeditors.CustomNumberEditor@23df7fad]
10:42:20,225 DEBUG org.springframework.beans.factory.support.DefaultListableBeanFactory:503 - Finished creating instance of bean 'spring.data.mongodb-org.springframework.boot.autoconfigure.mongo.MongoProperties'
10:42:20,225 DEBUG org.springframework.beans.factory.support.DefaultListableBeanFactory:503 - Finished creating instance of bean 'spring.data.mongodb-org.springframework.boot.autoconfigure.mongo.MongoProperties'
10:42:20,227 DEBUG org.springframework.beans.factory.support.DefaultListableBeanFactory:254 - Returning cached instance of singleton bean 'environment'
10:42:20,227 DEBUG org.springframework.beans.factory.support.DefaultListableBeanFactory:254 - Returning cached instance of singleton bean 'environment'
10:42:20,229 DEBUG org.springframework.beans.factory.support.DefaultListableBeanFactory:737 - Autowiring by type from bean name 'org.springframework.boot.autoconfigure.mongo.MongoAutoConfiguration' via constructor to bean named 'spring.data.mongodb-org.springframework.boot.autoconfigure.mongo.MongoProperties'
10:42:20,229 DEBUG org.springframework.beans.factory.support.DefaultListableBeanFactory:737 - Autowiring by type from bean name 'org.springframework.boot.autoconfigure.mongo.MongoAutoConfiguration' via constructor to bean named 'spring.data.mongodb-org.springframework.boot.autoconfigure.mongo.MongoProperties'
10:42:20,230 DEBUG org.springframework.beans.factory.support.DefaultListableBeanFactory:737 - Autowiring by type from bean name 'org.springframework.boot.autoconfigure.mongo.MongoAutoConfiguration' via constructor to bean named 'environment'
10:42:20,230 DEBUG org.springframework.beans.factory.support.DefaultListableBeanFactory:737 - Autowiring by type from bean name 'org.springframework.boot.autoconfigure.mongo.MongoAutoConfiguration' via constructor to bean named 'environment'
10:42:20,231 DEBUG org.springframework.context.annotation.CommonAnnotationBeanPostProcessor:218 - Found destroy method on class [org.springframework.boot.autoconfigure.mongo.MongoAutoConfiguration$$EnhancerBySpringCGLIB$$f9fc28ea]: public void org.springframework.boot.autoconfigure.mongo.MongoAutoConfiguration.close()
10:42:20,231 DEBUG org.springframework.context.annotation.CommonAnnotationBeanPostProcessor:218 - Found destroy method on class [org.springframework.boot.autoconfigure.mongo.MongoAutoConfiguration$$EnhancerBySpringCGLIB$$f9fc28ea]: public void org.springframework.boot.autoconfigure.mongo.MongoAutoConfiguration.close()
10:42:20,232 DEBUG org.springframework.context.annotation.CommonAnnotationBeanPostProcessor:290 - Registered destroy method on class [org.springframework.boot.autoconfigure.mongo.MongoAutoConfiguration$$EnhancerBySpringCGLIB$$f9fc28ea]: org.springframework.beans.factory.annotation.InitDestroyAnnotationBeanPostProcessor$LifecycleElement@5a5ddf8
10:42:20,232 DEBUG org.springframework.context.annotation.CommonAnnotationBeanPostProcessor:290 - Registered destroy method on class [org.springframework.boot.autoconfigure.mongo.MongoAutoConfiguration$$EnhancerBySpringCGLIB$$f9fc28ea]: org.springframework.beans.factory.annotation.InitDestroyAnnotationBeanPostProcessor$LifecycleElement@5a5ddf8
10:42:20,233 DEBUG org.springframework.beans.factory.support.DefaultListableBeanFactory:569 - Eagerly caching bean 'org.springframework.boot.autoconfigure.mongo.MongoAutoConfiguration' to allow for resolving potential circular references
10:42:20,233 DEBUG org.springframework.beans.factory.support.DefaultListableBeanFactory:569 - Eagerly caching bean 'org.springframework.boot.autoconfigure.mongo.MongoAutoConfiguration' to allow for resolving potential circular references
10:42:20,234 TRACE org.springframework.beans.CachedIntrospectionResults:271 - Getting BeanInfo for class [org.springframework.boot.autoconfigure.mongo.MongoAutoConfiguration$$EnhancerBySpringCGLIB$$f9fc28ea]
10:42:20,234 TRACE org.springframework.beans.CachedIntrospectionResults:271 - Getting BeanInfo for class [org.springframework.boot.autoconfigure.mongo.MongoAutoConfiguration$$EnhancerBySpringCGLIB$$f9fc28ea]
10:42:20,252 TRACE org.springframework.beans.CachedIntrospectionResults:276 - Caching PropertyDescriptors for class [org.springframework.boot.autoconfigure.mongo.MongoAutoConfiguration$$EnhancerBySpringCGLIB$$f9fc28ea]
10:42:20,252 TRACE org.springframework.beans.CachedIntrospectionResults:276 - Caching PropertyDescriptors for class [org.springframework.boot.autoconfigure.mongo.MongoAutoConfiguration$$EnhancerBySpringCGLIB$$f9fc28ea]
10:42:20,252 TRACE org.springframework.beans.CachedIntrospectionResults:289 - Found bean property 'beanFactory' of type [org.springframework.beans.factory.BeanFactory]
10:42:20,252 TRACE org.springframework.beans.CachedIntrospectionResults:289 - Found bean property 'beanFactory' of type [org.springframework.beans.factory.BeanFactory]
10:42:20,258 TRACE org.springframework.beans.CachedIntrospectionResults:289 - Found bean property 'class' of type [java.lang.Class]
10:42:20,258 TRACE org.springframework.beans.CachedIntrospectionResults:289 - Found bean property 'class' of type [java.lang.Class]
10:42:20,277 DEBUG org.springframework.beans.factory.support.DefaultListableBeanFactory:503 - Finished creating instance of bean 'org.springframework.boot.autoconfigure.mongo.MongoAutoConfiguration'
10:42:20,277 DEBUG org.springframework.beans.factory.support.DefaultListableBeanFactory:503 - Finished creating instance of bean 'org.springframework.boot.autoconfigure.mongo.MongoAutoConfiguration'
10:42:20,278 DEBUG org.springframework.beans.factory.support.DefaultListableBeanFactory:219 - Creating shared instance of singleton bean 'mongo'
10:42:20,278 DEBUG org.springframework.beans.factory.support.DefaultListableBeanFactory:219 - Creating shared instance of singleton bean 'mongo'
10:42:20,279 DEBUG org.springframework.beans.factory.support.DefaultListableBeanFactory:466 - Creating instance of bean 'mongo'
10:42:20,279 DEBUG org.springframework.beans.factory.support.DefaultListableBeanFactory:466 - Creating instance of bean 'mongo'
10:42:20,285 DEBUG org.springframework.beans.factory.support.DefaultListableBeanFactory:254 - Returning cached instance of singleton bean 'org.springframework.boot.autoconfigure.mongo.MongoAutoConfiguration'
10:42:20,285 DEBUG org.springframework.beans.factory.support.DefaultListableBeanFactory:254 - Returning cached instance of singleton bean 'org.springframework.boot.autoconfigure.mongo.MongoAutoConfiguration'
10:42:20,292 TRACE org.springframework.core.env.PropertySourcesPropertyResolver:82 - Searching for key 'local.mongo.port' in PropertySource 'Annotations'
10:42:20,292 TRACE org.springframework.core.env.PropertySourcesPropertyResolver:82 - Searching for key 'local.mongo.port' in PropertySource 'Annotations'
10:42:20,293 TRACE org.springframework.core.env.PropertySourcesPropertyResolver:82 - Searching for key 'local.mongo.port' in PropertySource 'configurationProperties'
10:42:20,293 TRACE org.springframework.core.env.PropertySourcesPropertyResolver:82 - Searching for key 'local.mongo.port' in PropertySource 'configurationProperties'
10:42:20,295 TRACE org.springframework.core.env.PropertySourcesPropertyResolver:82 - Searching for key 'local.mongo.port' in PropertySource 'test'
10:42:20,295 TRACE org.springframework.core.env.PropertySourcesPropertyResolver:82 - Searching for key 'local.mongo.port' in PropertySource 'test'
10:42:20,296 TRACE org.springframework.core.env.PropertySourcesPropertyResolver:82 - Searching for key 'local.mongo.port' in PropertySource 'Inlined Test Properties'
10:42:20,296 TRACE org.springframework.core.env.PropertySourcesPropertyResolver:82 - Searching for key 'local.mongo.port' in PropertySource 'Inlined Test Properties'
10:42:20,296 TRACE org.springframework.core.env.PropertySourcesPropertyResolver:82 - Searching for key 'local.mongo.port' in PropertySource 'systemProperties'
10:42:20,296 TRACE org.springframework.core.env.PropertySourcesPropertyResolver:82 - Searching for key 'local.mongo.port' in PropertySource 'systemProperties'
10:42:20,297 TRACE org.springframework.core.env.PropertySourcesPropertyResolver:82 - Searching for key 'local.mongo.port' in PropertySource 'systemEnvironment'
10:42:20,297 TRACE org.springframework.core.env.PropertySourcesPropertyResolver:82 - Searching for key 'local.mongo.port' in PropertySource 'systemEnvironment'
10:42:20,298 TRACE org.springframework.core.env.PropertySourcesPropertyResolver:82 - Searching for key 'local.mongo.port' in PropertySource 'random'
10:42:20,298 TRACE org.springframework.core.env.PropertySourcesPropertyResolver:82 - Searching for key 'local.mongo.port' in PropertySource 'random'
10:42:20,298 TRACE org.springframework.core.env.PropertySourcesPropertyResolver:82 - Searching for key 'local.mongo.port' in PropertySource 'applicationConfig: [classpath:/application.properties]'
10:42:20,298 TRACE org.springframework.core.env.PropertySourcesPropertyResolver:82 - Searching for key 'local.mongo.port' in PropertySource 'applicationConfig: [classpath:/application.properties]'
10:42:20,299 DEBUG org.springframework.core.env.PropertySourcesPropertyResolver:96 - Could not find key 'local.mongo.port' in any property source
10:42:20,299 DEBUG org.springframework.core.env.PropertySourcesPropertyResolver:96 - Could not find key 'local.mongo.port' in any property source
10:42:20,310 DEBUG org.springframework.beans.factory.support.DefaultListableBeanFactory:569 - Eagerly caching bean 'mongo' to allow for resolving potential circular references
10:42:20,310 DEBUG org.springframework.beans.factory.support.DefaultListableBeanFactory:569 - Eagerly caching bean 'mongo' to allow for resolving potential circular references
10:42:20,311 TRACE org.springframework.beans.CachedIntrospectionResults:271 - Getting BeanInfo for class [com.mongodb.MongoClient]
10:42:20,311 TRACE org.springframework.beans.CachedIntrospectionResults:271 - Getting BeanInfo for class [com.mongodb.MongoClient]
10:42:20,326 TRACE org.springframework.beans.CachedIntrospectionResults:276 - Caching PropertyDescriptors for class [com.mongodb.MongoClient]
10:42:20,326 TRACE org.springframework.beans.CachedIntrospectionResults:276 - Caching PropertyDescriptors for class [com.mongodb.MongoClient]
10:42:20,328 TRACE org.springframework.beans.CachedIntrospectionResults:289 - Found bean property 'address' of type [com.mongodb.ServerAddress]
10:42:20,328 TRACE org.springframework.beans.CachedIntrospectionResults:289 - Found bean property 'address' of type [com.mongodb.ServerAddress]
10:42:20,328 TRACE org.springframework.beans.CachedIntrospectionResults:289 - Found bean property 'allAddress' of type [java.util.List]
10:42:20,328 TRACE org.springframework.beans.CachedIntrospectionResults:289 - Found bean property 'allAddress' of type [java.util.List]
10:42:20,329 TRACE org.springframework.beans.CachedIntrospectionResults:289 - Found bean property 'class' of type [java.lang.Class]
10:42:20,329 TRACE org.springframework.beans.CachedIntrospectionResults:289 - Found bean property 'class' of type [java.lang.Class]
10:42:20,330 TRACE org.springframework.beans.CachedIntrospectionResults:289 - Found bean property 'connectPoint' of type [java.lang.String]
10:42:20,330 TRACE org.springframework.beans.CachedIntrospectionResults:289 - Found bean property 'connectPoint' of type [java.lang.String]
10:42:20,333 TRACE org.springframework.beans.CachedIntrospectionResults:289 - Found bean property 'credentialsList' of type [java.util.List]
10:42:20,333 TRACE org.springframework.beans.CachedIntrospectionResults:289 - Found bean property 'credentialsList' of type [java.util.List]
10:42:20,334 TRACE org.springframework.beans.CachedIntrospectionResults:289 - Found bean property 'databaseNames' of type [java.util.List]
10:42:20,334 TRACE org.springframework.beans.CachedIntrospectionResults:289 - Found bean property 'databaseNames' of type [java.util.List]
10:42:20,335 TRACE org.springframework.beans.CachedIntrospectionResults:289 - Found bean property 'locked' of type [boolean]
10:42:20,335 TRACE org.springframework.beans.CachedIntrospectionResults:289 - Found bean property 'locked' of type [boolean]
10:42:20,336 TRACE org.springframework.beans.CachedIntrospectionResults:289 - Found bean property 'maxBsonObjectSize' of type [int]
10:42:20,336 TRACE org.springframework.beans.CachedIntrospectionResults:289 - Found bean property 'maxBsonObjectSize' of type [int]
10:42:20,342 TRACE org.springframework.beans.CachedIntrospectionResults:289 - Found bean property 'mongoClientOptions' of type [com.mongodb.MongoClientOptions]
10:42:20,342 TRACE org.springframework.beans.CachedIntrospectionResults:289 - Found bean property 'mongoClientOptions' of type [com.mongodb.MongoClientOptions]
10:42:20,343 TRACE org.springframework.beans.CachedIntrospectionResults:289 - Found bean property 'mongoOptions' of type [com.mongodb.MongoOptions]
10:42:20,343 TRACE org.springframework.beans.CachedIntrospectionResults:289 - Found bean property 'mongoOptions' of type [com.mongodb.MongoOptions]
10:42:20,343 TRACE org.springframework.beans.CachedIntrospectionResults:289 - Found bean property 'options' of type [int]
10:42:20,343 TRACE org.springframework.beans.CachedIntrospectionResults:289 - Found bean property 'options' of type [int]
10:42:20,348 TRACE org.springframework.beans.CachedIntrospectionResults:289 - Found bean property 'readConcern' of type [com.mongodb.ReadConcern]
10:42:20,348 TRACE org.springframework.beans.CachedIntrospectionResults:289 - Found bean property 'readConcern' of type [com.mongodb.ReadConcern]
10:42:20,361 TRACE org.springframework.beans.CachedIntrospectionResults:289 - Found bean property 'readPreference' of type [com.mongodb.ReadPreference]
10:42:20,361 TRACE org.springframework.beans.CachedIntrospectionResults:289 - Found bean property 'readPreference' of type [com.mongodb.ReadPreference]
10:42:20,362 TRACE org.springframework.beans.CachedIntrospectionResults:289 - Found bean property 'replicaSetStatus' of type [com.mongodb.ReplicaSetStatus]
10:42:20,362 TRACE org.springframework.beans.CachedIntrospectionResults:289 - Found bean property 'replicaSetStatus' of type [com.mongodb.ReplicaSetStatus]
10:42:20,363 TRACE org.springframework.beans.CachedIntrospectionResults:289 - Found bean property 'serverAddressList' of type [java.util.List]
10:42:20,363 TRACE org.springframework.beans.CachedIntrospectionResults:289 - Found bean property 'serverAddressList' of type [java.util.List]
10:42:20,364 TRACE org.springframework.beans.CachedIntrospectionResults:289 - Found bean property 'usedDatabases' of type [java.util.Collection]
10:42:20,364 TRACE org.springframework.beans.CachedIntrospectionResults:289 - Found bean property 'usedDatabases' of type [java.util.Collection]
10:42:20,366 TRACE org.springframework.beans.CachedIntrospectionResults:289 - Found bean property 'writeConcern' of type [com.mongodb.WriteConcern]
10:42:20,366 TRACE org.springframework.beans.CachedIntrospectionResults:289 - Found bean property 'writeConcern' of type [com.mongodb.WriteConcern]
10:42:20,367 DEBUG org.springframework.beans.factory.support.DefaultListableBeanFactory:503 - Finished creating instance of bean 'mongo'
10:42:20,367 DEBUG org.springframework.beans.factory.support.DefaultListableBeanFactory:503 - Finished creating instance of bean 'mongo'
10:42:20,368 DEBUG org.springframework.beans.factory.support.DefaultListableBeanFactory:254 - Returning cached instance of singleton bean 'spring.data.mongodb-org.springframework.boot.autoconfigure.mongo.MongoProperties'
10:42:20,368 DEBUG org.springframework.beans.factory.support.DefaultListableBeanFactory:254 - Returning cached instance of singleton bean 'spring.data.mongodb-org.springframework.boot.autoconfigure.mongo.MongoProperties'
10:42:20,377 DEBUG org.springframework.beans.factory.support.DefaultListableBeanFactory:254 - Returning cached instance of singleton bean 'org.springframework.boot.context.properties.ConfigurationPropertiesBindingPostProcessor'
10:42:20,377 DEBUG org.springframework.beans.factory.support.DefaultListableBeanFactory:254 - Returning cached instance of singleton bean 'org.springframework.boot.context.properties.ConfigurationPropertiesBindingPostProcessor'
10:42:20,378 DEBUG org.springframework.beans.factory.support.DefaultListableBeanFactory:254 - Returning cached instance of singleton bean 'org.springframework.boot.context.properties.ConfigurationBeanFactoryMetadata'
10:42:20,378 DEBUG org.springframework.beans.factory.support.DefaultListableBeanFactory:254 - Returning cached instance of singleton bean 'org.springframework.boot.context.properties.ConfigurationBeanFactoryMetadata'
10:42:20,380 DEBUG org.springframework.beans.factory.support.DefaultListableBeanFactory:219 - Creating shared instance of singleton bean 'org.springframework.boot.autoconfigure.data.mongo.MongoDataAutoConfiguration'
10:42:20,380 DEBUG org.springframework.beans.factory.support.DefaultListableBeanFactory:219 - Creating shared instance of singleton bean 'org.springframework.boot.autoconfigure.data.mongo.MongoDataAutoConfiguration'
10:42:20,381 DEBUG org.springframework.beans.factory.support.DefaultListableBeanFactory:466 - Creating instance of bean 'org.springframework.boot.autoconfigure.data.mongo.MongoDataAutoConfiguration'
10:42:20,381 DEBUG org.springframework.beans.factory.support.DefaultListableBeanFactory:466 - Creating instance of bean 'org.springframework.boot.autoconfigure.data.mongo.MongoDataAutoConfiguration'
10:42:20,382 DEBUG org.springframework.core.LocalVariableTableParameterNameDiscoverer:108 - Cannot find '.class' file for class [class org.springframework.boot.autoconfigure.data.mongo.MongoDataAutoConfiguration$$EnhancerBySpringCGLIB$$28baabcc] - unable to determine constructor/method parameter names
10:42:20,382 DEBUG org.springframework.core.LocalVariableTableParameterNameDiscoverer:108 - Cannot find '.class' file for class [class org.springframework.boot.autoconfigure.data.mongo.MongoDataAutoConfiguration$$EnhancerBySpringCGLIB$$28baabcc] - unable to determine constructor/method parameter names
10:42:20,385 DEBUG org.springframework.beans.factory.support.DefaultListableBeanFactory:254 - Returning cached instance of singleton bean 'spring.data.mongodb-org.springframework.boot.autoconfigure.mongo.MongoProperties'
10:42:20,385 DEBUG org.springframework.beans.factory.support.DefaultListableBeanFactory:254 - Returning cached instance of singleton bean 'spring.data.mongodb-org.springframework.boot.autoconfigure.mongo.MongoProperties'
10:42:20,386 DEBUG org.springframework.beans.factory.support.DefaultListableBeanFactory:737 - Autowiring by type from bean name 'org.springframework.boot.autoconfigure.data.mongo.MongoDataAutoConfiguration' via constructor to bean named 'org.springframework.context.annotation.AnnotationConfigApplicationContext@7f4f1536'
10:42:20,386 DEBUG org.springframework.beans.factory.support.DefaultListableBeanFactory:737 - Autowiring by type from bean name 'org.springframework.boot.autoconfigure.data.mongo.MongoDataAutoConfiguration' via constructor to bean named 'org.springframework.context.annotation.AnnotationConfigApplicationContext@7f4f1536'
10:42:20,390 DEBUG org.springframework.beans.factory.support.DefaultListableBeanFactory:737 - Autowiring by type from bean name 'org.springframework.boot.autoconfigure.data.mongo.MongoDataAutoConfiguration' via constructor to bean named 'spring.data.mongodb-org.springframework.boot.autoconfigure.mongo.MongoProperties'
10:42:20,390 DEBUG org.springframework.beans.factory.support.DefaultListableBeanFactory:737 - Autowiring by type from bean name 'org.springframework.boot.autoconfigure.data.mongo.MongoDataAutoConfiguration' via constructor to bean named 'spring.data.mongodb-org.springframework.boot.autoconfigure.mongo.MongoProperties'
10:42:20,391 DEBUG org.springframework.beans.factory.support.DefaultListableBeanFactory:569 - Eagerly caching bean 'org.springframework.boot.autoconfigure.data.mongo.MongoDataAutoConfiguration' to allow for resolving potential circular references
10:42:20,391 DEBUG org.springframework.beans.factory.support.DefaultListableBeanFactory:569 - Eagerly caching bean 'org.springframework.boot.autoconfigure.data.mongo.MongoDataAutoConfiguration' to allow for resolving potential circular references
10:42:20,392 TRACE org.springframework.beans.CachedIntrospectionResults:271 - Getting BeanInfo for class [org.springframework.boot.autoconfigure.data.mongo.MongoDataAutoConfiguration$$EnhancerBySpringCGLIB$$28baabcc]
10:42:20,392 TRACE org.springframework.beans.CachedIntrospectionResults:271 - Getting BeanInfo for class [org.springframework.boot.autoconfigure.data.mongo.MongoDataAutoConfiguration$$EnhancerBySpringCGLIB$$28baabcc]
10:42:20,416 TRACE org.springframework.beans.CachedIntrospectionResults:276 - Caching PropertyDescriptors for class [org.springframework.boot.autoconfigure.data.mongo.MongoDataAutoConfiguration$$EnhancerBySpringCGLIB$$28baabcc]
10:42:20,416 TRACE org.springframework.beans.CachedIntrospectionResults:276 - Caching PropertyDescriptors for class [org.springframework.boot.autoconfigure.data.mongo.MongoDataAutoConfiguration$$EnhancerBySpringCGLIB$$28baabcc]
10:42:20,417 TRACE org.springframework.beans.CachedIntrospectionResults:289 - Found bean property 'beanFactory' of type [org.springframework.beans.factory.BeanFactory]
10:42:20,417 TRACE org.springframework.beans.CachedIntrospectionResults:289 - Found bean property 'beanFactory' of type [org.springframework.beans.factory.BeanFactory]
10:42:20,418 TRACE org.springframework.beans.CachedIntrospectionResults:289 - Found bean property 'class' of type [java.lang.Class]
10:42:20,418 TRACE org.springframework.beans.CachedIntrospectionResults:289 - Found bean property 'class' of type [java.lang.Class]
10:42:20,428 DEBUG org.springframework.beans.factory.support.DefaultListableBeanFactory:503 - Finished creating instance of bean 'org.springframework.boot.autoconfigure.data.mongo.MongoDataAutoConfiguration'
10:42:20,428 DEBUG org.springframework.beans.factory.support.DefaultListableBeanFactory:503 - Finished creating instance of bean 'org.springframework.boot.autoconfigure.data.mongo.MongoDataAutoConfiguration'
10:42:20,429 DEBUG org.springframework.beans.factory.support.DefaultListableBeanFactory:219 - Creating shared instance of singleton bean 'mongoDbFactory'
10:42:20,429 DEBUG org.springframework.beans.factory.support.DefaultListableBeanFactory:219 - Creating shared instance of singleton bean 'mongoDbFactory'
10:42:20,430 DEBUG org.springframework.beans.factory.support.DefaultListableBeanFactory:466 - Creating instance of bean 'mongoDbFactory'
10:42:20,430 DEBUG org.springframework.beans.factory.support.DefaultListableBeanFactory:466 - Creating instance of bean 'mongoDbFactory'
10:42:20,430 DEBUG org.springframework.beans.factory.support.DefaultListableBeanFactory:254 - Returning cached instance of singleton bean 'org.springframework.boot.autoconfigure.data.mongo.MongoDataAutoConfiguration'
10:42:20,430 DEBUG org.springframework.beans.factory.support.DefaultListableBeanFactory:254 - Returning cached instance of singleton bean 'org.springframework.boot.autoconfigure.data.mongo.MongoDataAutoConfiguration'
10:42:20,432 DEBUG org.springframework.beans.factory.support.DefaultListableBeanFactory:254 - Returning cached instance of singleton bean 'mongo'
10:42:20,432 DEBUG org.springframework.beans.factory.support.DefaultListableBeanFactory:254 - Returning cached instance of singleton bean 'mongo'
10:42:20,433 DEBUG org.springframework.beans.factory.support.DefaultListableBeanFactory:737 - Autowiring by type from bean name 'mongoDbFactory' via factory method to bean named 'mongo'
10:42:20,433 DEBUG org.springframework.beans.factory.support.DefaultListableBeanFactory:737 - Autowiring by type from bean name 'mongoDbFactory' via factory method to bean named 'mongo'
10:42:20,448 DEBUG org.springframework.beans.factory.support.DefaultListableBeanFactory:569 - Eagerly caching bean 'mongoDbFactory' to allow for resolving potential circular references
10:42:20,448 DEBUG org.springframework.beans.factory.support.DefaultListableBeanFactory:569 - Eagerly caching bean 'mongoDbFactory' to allow for resolving potential circular references
10:42:20,451 TRACE org.springframework.beans.CachedIntrospectionResults:271 - Getting BeanInfo for class [org.springframework.data.mongodb.core.SimpleMongoDbFactory]
10:42:20,451 TRACE org.springframework.beans.CachedIntrospectionResults:271 - Getting BeanInfo for class [org.springframework.data.mongodb.core.SimpleMongoDbFactory]
10:42:20,465 TRACE org.springframework.beans.CachedIntrospectionResults:276 - Caching PropertyDescriptors for class [org.springframework.data.mongodb.core.SimpleMongoDbFactory]
10:42:20,465 TRACE org.springframework.beans.CachedIntrospectionResults:276 - Caching PropertyDescriptors for class [org.springframework.data.mongodb.core.SimpleMongoDbFactory]
10:42:20,465 TRACE org.springframework.beans.CachedIntrospectionResults:289 - Found bean property 'class' of type [java.lang.Class]
10:42:20,465 TRACE org.springframework.beans.CachedIntrospectionResults:289 - Found bean property 'class' of type [java.lang.Class]
10:42:20,466 TRACE org.springframework.beans.CachedIntrospectionResults:289 - Found bean property 'db' of type [com.mongodb.client.MongoDatabase]
10:42:20,466 TRACE org.springframework.beans.CachedIntrospectionResults:289 - Found bean property 'db' of type [com.mongodb.client.MongoDatabase]
10:42:20,467 TRACE org.springframework.beans.CachedIntrospectionResults:289 - Found bean property 'exceptionTranslator' of type [org.springframework.dao.support.PersistenceExceptionTranslator]
10:42:20,467 TRACE org.springframework.beans.CachedIntrospectionResults:289 - Found bean property 'exceptionTranslator' of type [org.springframework.dao.support.PersistenceExceptionTranslator]
10:42:20,467 TRACE org.springframework.beans.CachedIntrospectionResults:289 - Found bean property 'legacyDb' of type [com.mongodb.DB]
10:42:20,467 TRACE org.springframework.beans.CachedIntrospectionResults:289 - Found bean property 'legacyDb' of type [com.mongodb.DB]
10:42:20,468 TRACE org.springframework.beans.CachedIntrospectionResults:289 - Found bean property 'writeConcern' of type [com.mongodb.WriteConcern]
10:42:20,468 TRACE org.springframework.beans.CachedIntrospectionResults:289 - Found bean property 'writeConcern' of type [com.mongodb.WriteConcern]
10:42:20,474 DEBUG org.springframework.beans.factory.support.DefaultListableBeanFactory:503 - Finished creating instance of bean 'mongoDbFactory'
10:42:20,474 DEBUG org.springframework.beans.factory.support.DefaultListableBeanFactory:503 - Finished creating instance of bean 'mongoDbFactory'
10:42:20,476 DEBUG org.springframework.beans.factory.support.DefaultListableBeanFactory:219 - Creating shared instance of singleton bean 'mongoTemplate'
10:42:20,476 DEBUG org.springframework.beans.factory.support.DefaultListableBeanFactory:219 - Creating shared instance of singleton bean 'mongoTemplate'
10:42:20,476 DEBUG org.springframework.beans.factory.support.DefaultListableBeanFactory:466 - Creating instance of bean 'mongoTemplate'
10:42:20,476 DEBUG org.springframework.beans.factory.support.DefaultListableBeanFactory:466 - Creating instance of bean 'mongoTemplate'
10:42:20,477 DEBUG org.springframework.beans.factory.support.DefaultListableBeanFactory:254 - Returning cached instance of singleton bean 'org.springframework.boot.autoconfigure.data.mongo.MongoDataAutoConfiguration'
10:42:20,477 DEBUG org.springframework.beans.factory.support.DefaultListableBeanFactory:254 - Returning cached instance of singleton bean 'org.springframework.boot.autoconfigure.data.mongo.MongoDataAutoConfiguration'
10:42:20,478 DEBUG org.springframework.beans.factory.support.DefaultListableBeanFactory:254 - Returning cached instance of singleton bean 'mongoDbFactory'
10:42:20,478 DEBUG org.springframework.beans.factory.support.DefaultListableBeanFactory:254 - Returning cached instance of singleton bean 'mongoDbFactory'
10:42:20,479 DEBUG org.springframework.beans.factory.support.DefaultListableBeanFactory:219 - Creating shared instance of singleton bean 'mappingMongoConverter'
10:42:20,479 DEBUG org.springframework.beans.factory.support.DefaultListableBeanFactory:219 - Creating shared instance of singleton bean 'mappingMongoConverter'
10:42:20,480 DEBUG org.springframework.beans.factory.support.DefaultListableBeanFactory:466 - Creating instance of bean 'mappingMongoConverter'
10:42:20,480 DEBUG org.springframework.beans.factory.support.DefaultListableBeanFactory:466 - Creating instance of bean 'mappingMongoConverter'
10:42:20,481 DEBUG org.springframework.beans.factory.support.DefaultListableBeanFactory:254 - Returning cached instance of singleton bean 'org.springframework.boot.autoconfigure.data.mongo.MongoDataAutoConfiguration'
10:42:20,481 DEBUG org.springframework.beans.factory.support.DefaultListableBeanFactory:254 - Returning cached instance of singleton bean 'org.springframework.boot.autoconfigure.data.mongo.MongoDataAutoConfiguration'
10:42:20,482 DEBUG org.springframework.beans.factory.support.DefaultListableBeanFactory:254 - Returning cached instance of singleton bean 'mongoDbFactory'
10:42:20,482 DEBUG org.springframework.beans.factory.support.DefaultListableBeanFactory:254 - Returning cached instance of singleton bean 'mongoDbFactory'
10:42:20,483 DEBUG org.springframework.beans.factory.support.DefaultListableBeanFactory:219 - Creating shared instance of singleton bean 'mongoMappingContext'
10:42:20,483 DEBUG org.springframework.beans.factory.support.DefaultListableBeanFactory:219 - Creating shared instance of singleton bean 'mongoMappingContext'
10:42:20,484 DEBUG org.springframework.beans.factory.support.DefaultListableBeanFactory:466 - Creating instance of bean 'mongoMappingContext'
10:42:20,484 DEBUG org.springframework.beans.factory.support.DefaultListableBeanFactory:466 - Creating instance of bean 'mongoMappingContext'
10:42:20,485 DEBUG org.springframework.beans.factory.support.DefaultListableBeanFactory:254 - Returning cached instance of singleton bean 'org.springframework.boot.autoconfigure.data.mongo.MongoDataAutoConfiguration'
10:42:20,485 DEBUG org.springframework.beans.factory.support.DefaultListableBeanFactory:254 - Returning cached instance of singleton bean 'org.springframework.boot.autoconfigure.data.mongo.MongoDataAutoConfiguration'
10:42:20,493 DEBUG org.springframework.beans.factory.support.DefaultListableBeanFactory:219 - Creating shared instance of singleton bean 'mongoCustomConversions'
10:42:20,493 DEBUG org.springframework.beans.factory.support.DefaultListableBeanFactory:219 - Creating shared instance of singleton bean 'mongoCustomConversions'
10:42:20,494 DEBUG org.springframework.beans.factory.support.DefaultListableBeanFactory:466 - Creating instance of bean 'mongoCustomConversions'
10:42:20,494 DEBUG org.springframework.beans.factory.support.DefaultListableBeanFactory:466 - Creating instance of bean 'mongoCustomConversions'
10:42:20,497 DEBUG org.springframework.beans.factory.support.DefaultListableBeanFactory:254 - Returning cached instance of singleton bean 'org.springframework.boot.autoconfigure.data.mongo.MongoDataAutoConfiguration'
10:42:20,497 DEBUG org.springframework.beans.factory.support.DefaultListableBeanFactory:254 - Returning cached instance of singleton bean 'org.springframework.boot.autoconfigure.data.mongo.MongoDataAutoConfiguration'
10:42:20,526 DEBUG org.springframework.beans.factory.support.DefaultListableBeanFactory:569 - Eagerly caching bean 'mongoCustomConversions' to allow for resolving potential circular references
10:42:20,526 DEBUG org.springframework.beans.factory.support.DefaultListableBeanFactory:569 - Eagerly caching bean 'mongoCustomConversions' to allow for resolving potential circular references
10:42:20,527 TRACE org.springframework.beans.CachedIntrospectionResults:271 - Getting BeanInfo for class [org.springframework.data.mongodb.core.convert.MongoCustomConversions]
10:42:20,527 TRACE org.springframework.beans.CachedIntrospectionResults:271 - Getting BeanInfo for class [org.springframework.data.mongodb.core.convert.MongoCustomConversions]
10:42:20,537 TRACE org.springframework.beans.CachedIntrospectionResults:276 - Caching PropertyDescriptors for class [org.springframework.data.mongodb.core.convert.MongoCustomConversions]
10:42:20,537 TRACE org.springframework.beans.CachedIntrospectionResults:276 - Caching PropertyDescriptors for class [org.springframework.data.mongodb.core.convert.MongoCustomConversions]
10:42:20,538 TRACE org.springframework.beans.CachedIntrospectionResults:289 - Found bean property 'class' of type [java.lang.Class]
10:42:20,538 TRACE org.springframework.beans.CachedIntrospectionResults:289 - Found bean property 'class' of type [java.lang.Class]
10:42:20,541 TRACE org.springframework.beans.CachedIntrospectionResults:289 - Found bean property 'simpleTypeHolder' of type [org.springframework.data.mapping.model.SimpleTypeHolder]
10:42:20,541 TRACE org.springframework.beans.CachedIntrospectionResults:289 - Found bean property 'simpleTypeHolder' of type [org.springframework.data.mapping.model.SimpleTypeHolder]
10:42:20,543 DEBUG org.springframework.beans.factory.support.DefaultListableBeanFactory:503 - Finished creating instance of bean 'mongoCustomConversions'
10:42:20,543 DEBUG org.springframework.beans.factory.support.DefaultListableBeanFactory:503 - Finished creating instance of bean 'mongoCustomConversions'
10:42:20,544 DEBUG org.springframework.beans.factory.support.DefaultListableBeanFactory:737 - Autowiring by type from bean name 'mongoMappingContext' via factory method to bean named 'mongoCustomConversions'
10:42:20,544 DEBUG org.springframework.beans.factory.support.DefaultListableBeanFactory:737 - Autowiring by type from bean name 'mongoMappingContext' via factory method to bean named 'mongoCustomConversions'
10:42:20,546 TRACE org.springframework.beans.factory.support.DefaultListableBeanFactory:684 - No bean named 'org.springframework.boot.autoconfigure.domain.EntityScanPackages' found in org.springframework.beans.factory.support.DefaultListableBeanFactory@6b2e9db2: defining beans [org.springframework.context.annotation.internalConfigurationAnnotationProcessor,org.springframework.context.annotation.internalAutowiredAnnotationProcessor,org.springframework.context.annotation.internalRequiredAnnotationProcessor,org.springframework.context.annotation.internalCommonAnnotationProcessor,org.springframework.context.event.internalEventListenerProcessor,org.springframework.context.event.internalEventListenerFactory,org.springframework.boot.test.context.ImportsContextCustomizer$ImportsCleanupPostProcessor,org.springframework.boot.test.mock.mockito.MockitoPostProcessor$SpyPostProcessor,org.springframework.boot.test.mock.mockito.MockitoPostProcessor,javaTutorApplication,org.springframework.boot.autoconfigure.internalCachingMetadataReaderFactory,org.springframework.boot.autoconfigure.AutoConfigurationPackages,org.springframework.boot.autoconfigure.condition.BeanTypeRegistry,org.springframework.boot.autoconfigure.mongo.MongoAutoConfiguration,mongo,spring.data.mongodb-org.springframework.boot.autoconfigure.mongo.MongoProperties,org.springframework.boot.context.properties.ConfigurationPropertiesBindingPostProcessor,org.springframework.boot.context.properties.ConfigurationBeanFactoryMetadata,org.springframework.boot.autoconfigure.data.mongo.MongoDataAutoConfiguration,mongoDbFactory,mongoTemplate,mappingMongoConverter,mongoMappingContext,gridFsTemplate,mongoCustomConversions,org.springframework.boot.autoconfigure.data.mongo.MongoRepositoriesAutoConfiguration,javaQuestionRepository,authorityRepository,userRepository]; root of factory hierarchy
10:42:20,546 TRACE org.springframework.beans.factory.support.DefaultListableBeanFactory:684 - No bean named 'org.springframework.boot.autoconfigure.domain.EntityScanPackages' found in org.springframework.beans.factory.support.DefaultListableBeanFactory@6b2e9db2: defining beans [org.springframework.context.annotation.internalConfigurationAnnotationProcessor,org.springframework.context.annotation.internalAutowiredAnnotationProcessor,org.springframework.context.annotation.internalRequiredAnnotationProcessor,org.springframework.context.annotation.internalCommonAnnotationProcessor,org.springframework.context.event.internalEventListenerProcessor,org.springframework.context.event.internalEventListenerFactory,org.springframework.boot.test.context.ImportsContextCustomizer$ImportsCleanupPostProcessor,org.springframework.boot.test.mock.mockito.MockitoPostProcessor$SpyPostProcessor,org.springframework.boot.test.mock.mockito.MockitoPostProcessor,javaTutorApplication,org.springframework.boot.autoconfigure.internalCachingMetadataReaderFactory,org.springframework.boot.autoconfigure.AutoConfigurationPackages,org.springframework.boot.autoconfigure.condition.BeanTypeRegistry,org.springframework.boot.autoconfigure.mongo.MongoAutoConfiguration,mongo,spring.data.mongodb-org.springframework.boot.autoconfigure.mongo.MongoProperties,org.springframework.boot.context.properties.ConfigurationPropertiesBindingPostProcessor,org.springframework.boot.context.properties.ConfigurationBeanFactoryMetadata,org.springframework.boot.autoconfigure.data.mongo.MongoDataAutoConfiguration,mongoDbFactory,mongoTemplate,mappingMongoConverter,mongoMappingContext,gridFsTemplate,mongoCustomConversions,org.springframework.boot.autoconfigure.data.mongo.MongoRepositoriesAutoConfiguration,javaQuestionRepository,authorityRepository,userRepository]; root of factory hierarchy
10:42:20,547 DEBUG org.springframework.beans.factory.support.DefaultListableBeanFactory:254 - Returning cached instance of singleton bean 'org.springframework.boot.autoconfigure.AutoConfigurationPackages'
10:42:20,547 DEBUG org.springframework.beans.factory.support.DefaultListableBeanFactory:254 - Returning cached instance of singleton bean 'org.springframework.boot.autoconfigure.AutoConfigurationPackages'
10:42:20,549 DEBUG org.springframework.beans.factory.support.DefaultListableBeanFactory:254 - Returning cached instance of singleton bean 'org.springframework.boot.autoconfigure.AutoConfigurationPackages'
10:42:20,549 DEBUG org.springframework.beans.factory.support.DefaultListableBeanFactory:254 - Returning cached instance of singleton bean 'org.springframework.boot.autoconfigure.AutoConfigurationPackages'
10:42:20,550 DEBUG org.springframework.core.env.StandardEnvironment:109 - Adding PropertySource 'systemProperties' with lowest search precedence
10:42:20,550 DEBUG org.springframework.core.env.StandardEnvironment:109 - Adding PropertySource 'systemProperties' with lowest search precedence
10:42:20,551 DEBUG org.springframework.core.env.StandardEnvironment:109 - Adding PropertySource 'systemEnvironment' with lowest search precedence
10:42:20,551 DEBUG org.springframework.core.env.StandardEnvironment:109 - Adding PropertySource 'systemEnvironment' with lowest search precedence
10:42:20,553 DEBUG org.springframework.core.env.StandardEnvironment:125 - Initialized StandardEnvironment with PropertySources [MapPropertySource@687408978 {name='systemProperties', properties={java.runtime.name=Java(TM) SE Runtime Environment, sun.boot.library.path=C:\Program Files\Java\jdk1.8.0_131\jre\bin, java.vm.version=25.131-b11, user.country.format=UA, java.vm.vendor=Oracle Corporation, java.vendor.url=http://java.oracle.com/, path.separator=;, java.vm.name=Java HotSpot(TM) 64-Bit Server VM, file.encoding.pkg=sun.io, user.country=US, user.script=, sun.java.launcher=SUN_STANDARD, sun.os.patch.level=, PID=5372, java.vm.specification.name=Java Virtual Machine Specification, user.dir=E:\java\repos\JavaTutorAPI\javatutor, java.runtime.version=1.8.0_131-b11, basedir=E:\java\repos\JavaTutorAPI\javatutor, java.awt.graphicsenv=sun.awt.Win32GraphicsEnvironment, java.endorsed.dirs=C:\Program Files\Java\jdk1.8.0_131\jre\lib\endorsed, os.arch=amd64, surefire.real.class.path=C:\Users\MARYNA~1\AppData\Local\Temp\surefire1244754544745437156\surefirebooter7935569149334272143.jar, java.io.tmpdir=C:\Users\MARYNA~1\AppData\Local\Temp\, line.separator=
, java.vm.specification.vendor=Oracle Corporation, user.variant=, os.name=Windows 10, sun.jnu.encoding=Cp1252, spring.beaninfo.ignore=true, java.library.path=C:\Program Files\Java\jdk1.8.0_131\jre\bin;C:\WINDOWS\Sun\Java\bin;C:\WINDOWS\system32;C:\WINDOWS;C:\Users\Maryna Savchenko\bin;C:\Program Files\Git\mingw64\bin;C:\Program Files\Git\usr\local\bin;C:\Program Files\Git\usr\bin;C:\Program Files\Git\usr\bin;C:\Program Files\Git\mingw64\bin;C:\Program Files\Git\usr\bin;C:\Users\Maryna Savchenko\bin;C:\Program Files\Docker\Docker\Resources\bin;C:\ProgramData\Oracle\Java\javapath;C:\Program Files (x86)\Intel\TXE Components\TCS;C:\Program Files\Intel\TXE Components\TCS;C:\WINDOWS\system32;C:\WINDOWS;C:\WINDOWS\System32\Wbem;C:\WINDOWS\System32\WindowsPowerShell\v1.0;C:\Program Files\Intel\TXE Components\DAL;C:\Program Files (x86)\Intel\TXE Components\DAL;C:\Program Files\Intel\TXE Components\IPT;C:\Program Files (x86)\Intel\TXE Components\IPT;E:\java\apache-maven-3.5.0-bin\apache-maven-3.5.0\bin;C:\Program Files\Git\cmd;C:\Program Files\Java\jdk1.8.0_131\bin;C:\Program Files\MySQL\MySQL Utilities 1.6;C:\Program Files (x86)\bin;C:\Program Files (x86)\sbt\bin;C:\Program Files (x86)\Yarn\bin;C:\ProgramData\chocolatey\bin;C:\Program Files\nodejs;C:\Users\Maryna Savchenko\AppData\Local\Microsoft\WindowsApps;E:\java\spark-2.2.0-bin-hadoop2.7\bin;C:\Program Files\Java\jdk1.8.0_131\bin;C:\Program Files (x86)\sbt\bin;C:\winutils\bin;C:\Program Files\Docker Toolbox;C:\Users\Maryna Savchenko\AppData\Local\Yarn\bin;C:\Users\Maryna Savchenko\AppData\Roaming\npm;C:\Program Files\Git\usr\bin\vendor_perl;C:\Program Files\Git\usr\bin\core_perl;., surefire.test.class.path=E:\java\repos\JavaTutorAPI\javatutor\target\test-classes;E:\java\repos\JavaTutorAPI\javatutor\target\classes;C:\Users\Maryna Savchenko\.m2\repository\org\springframework\boot\spring-boot-starter-web\2.0.2.RELEASE\spring-boot-starter-web-2.0.2.RELEASE.jar;C:\Users\Maryna Savchenko\.m2\repository\org\springframework\boot\spring-boot-starter\2.0.2.RELEASE\spring-boot-starter-2.0.2.RELEASE.jar;C:\Users\Maryna Savchenko\.m2\repository\javax\annotation\javax.annotation-api\1.3.2\javax.annotation-api-1.3.2.jar;C:\Users\Maryna Savchenko\.m2\repository\org\yaml\snakeyaml\1.19\snakeyaml-1.19.jar;C:\Users\Maryna Savchenko\.m2\repository\org\springframework\boot\spring-boot-starter-json\2.0.2.RELEASE\spring-boot-starter-json-2.0.2.RELEASE.jar;C:\Users\Maryna Savchenko\.m2\repository\com\fasterxml\jackson\core\jackson-databind\2.9.5\jackson-databind-2.9.5.jar;C:\Users\Maryna Savchenko\.m2\repository\com\fasterxml\jackson\core\jackson-annotations\2.9.0\jackson-annotations-2.9.0.jar;C:\Users\Maryna Savchenko\.m2\repository\com\fasterxml\jackson\core\jackson-core\2.9.5\jackson-core-2.9.5.jar;C:\Users\Maryna Savchenko\.m2\repository\com\fasterxml\jackson\datatype\jackson-datatype-jdk8\2.9.5\jackson-datatype-jdk8-2.9.5.jar;C:\Users\Maryna Savchenko\.m2\repository\com\fasterxml\jackson\datatype\jackson-datatype-jsr310\2.9.5\jackson-datatype-jsr310-2.9.5.jar;C:\Users\Maryna Savchenko\.m2\repository\com\fasterxml\jackson\module\jackson-module-parameter-names\2.9.5\jackson-module-parameter-names-2.9.5.jar;C:\Users\Maryna Savchenko\.m2\repository\org\springframework\boot\spring-boot-starter-tomcat\2.0.2.RELEASE\spring-boot-starter-tomcat-2.0.2.RELEASE.jar;C:\Users\Maryna Savchenko\.m2\repository\org\apache\tomcat\embed\tomcat-embed-websocket\8.5.31\tomcat-embed-websocket-8.5.31.jar;C:\Users\Maryna Savchenko\.m2\repository\org\hibernate\validator\hibernate-validator\6.0.9.Final\hibernate-validator-6.0.9.Final.jar;C:\Users\Maryna Savchenko\.m2\repository\javax\validation\validation-api\2.0.1.Final\validation-api-2.0.1.Final.jar;C:\Users\Maryna Savchenko\.m2\repository\org\jboss\logging\jboss-logging\3.3.2.Final\jboss-logging-3.3.2.Final.jar;C:\Users\Maryna Savchenko\.m2\repository\com\fasterxml\classmate\1.3.4\classmate-1.3.4.jar;C:\Users\Maryna Savchenko\.m2\repository\org\springframework\spring-web\5.0.6.RELEASE\spring-web-5.0.6.RELEASE.jar;C:\Users\Maryna Savchenko\.m2\repository\org\springframework\spring-beans\5.0.6.RELEASE\spring-beans-5.0.6.RELEASE.jar;C:\Users\Maryna Savchenko\.m2\repository\org\springframework\spring-webmvc\5.0.6.RELEASE\spring-webmvc-5.0.6.RELEASE.jar;C:\Users\Maryna Savchenko\.m2\repository\org\springframework\spring-context\5.0.6.RELEASE\spring-context-5.0.6.RELEASE.jar;C:\Users\Maryna Savchenko\.m2\repository\org\springframework\spring-expression\5.0.6.RELEASE\spring-expression-5.0.6.RELEASE.jar;C:\Users\Maryna Savchenko\.m2\repository\org\slf4j\jcl-over-slf4j\1.7.25\jcl-over-slf4j-1.7.25.jar;C:\Users\Maryna Savchenko\.m2\repository\org\slf4j\slf4j-api\1.7.25\slf4j-api-1.7.25.jar;C:\Users\Maryna Savchenko\.m2\repository\org\slf4j\jul-to-slf4j\1.7.25\jul-to-slf4j-1.7.25.jar;C:\Users\Maryna Savchenko\.m2\repository\org\slf4j\slf4j-log4j12\1.7.25\slf4j-log4j12-1.7.25.jar;C:\Users\Maryna Savchenko\.m2\repository\log4j\log4j\1.2.17\log4j-1.2.17.jar;C:\Users\Maryna Savchenko\.m2\repository\org\springframework\boot\spring-boot-starter-data-mongodb\2.0.2.RELEASE\spring-boot-starter-data-mongodb-2.0.2.RELEASE.jar;C:\Users\Maryna Savchenko\.m2\repository\org\mongodb\mongodb-driver\3.6.0\mongodb-driver-3.6.0.jar;C:\Users\Maryna Savchenko\.m2\repository\org\mongodb\bson\3.6.0\bson-3.6.0.jar;C:\Users\Maryna Savchenko\.m2\repository\org\mongodb\mongodb-driver-core\3.6.0\mongodb-driver-core-3.6.0.jar;C:\Users\Maryna Savchenko\.m2\repository\org\springframework\data\spring-data-mongodb\2.0.7.RELEASE\spring-data-mongodb-2.0.7.RELEASE.jar;C:\Users\Maryna Savchenko\.m2\repository\org\springframework\spring-tx\5.0.6.RELEASE\spring-tx-5.0.6.RELEASE.jar;C:\Users\Maryna Savchenko\.m2\repository\org\springframework\data\spring-data-commons\2.0.7.RELEASE\spring-data-commons-2.0.7.RELEASE.jar;C:\Users\Maryna Savchenko\.m2\repository\org\springframework\boot\spring-boot-starter-actuator\2.0.2.RELEASE\spring-boot-starter-actuator-2.0.2.RELEASE.jar;C:\Users\Maryna Savchenko\.m2\repository\org\springframework\boot\spring-boot-actuator-autoconfigure\2.0.2.RELEASE\spring-boot-actuator-autoconfigure-2.0.2.RELEASE.jar;C:\Users\Maryna Savchenko\.m2\repository\org\springframework\boot\spring-boot-actuator\2.0.2.RELEASE\spring-boot-actuator-2.0.2.RELEASE.jar;C:\Users\Maryna Savchenko\.m2\repository\io\micrometer\micrometer-core\1.0.4\micrometer-core-1.0.4.jar;C:\Users\Maryna Savchenko\.m2\repository\org\hdrhistogram\HdrHistogram\2.1.10\HdrHistogram-2.1.10.jar;C:\Users\Maryna Savchenko\.m2\repository\org\latencyutils\LatencyUtils\2.0.3\LatencyUtils-2.0.3.jar;C:\Users\Maryna Savchenko\.m2\repository\org\springframework\boot\spring-boot-starter-security\2.0.2.RELEASE\spring-boot-starter-security-2.0.2.RELEASE.jar;C:\Users\Maryna Savchenko\.m2\repository\org\springframework\spring-aop\5.0.6.RELEASE\spring-aop-5.0.6.RELEASE.jar;C:\Users\Maryna Savchenko\.m2\repository\org\springframework\security\spring-security-config\5.0.5.RELEASE\spring-security-config-5.0.5.RELEASE.jar;C:\Users\Maryna Savchenko\.m2\repository\org\springframework\security\spring-security-web\5.0.5.RELEASE\spring-security-web-5.0.5.RELEASE.jar;C:\Users\Maryna Savchenko\.m2\repository\org\springframework\security\spring-security-test\5.0.5.RELEASE\spring-security-test-5.0.5.RELEASE.jar;C:\Users\Maryna Savchenko\.m2\repository\org\springframework\security\spring-security-core\5.0.5.RELEASE\spring-security-core-5.0.5.RELEASE.jar;C:\Users\Maryna Savchenko\.m2\repository\org\springframework\spring-core\5.0.6.RELEASE\spring-core-5.0.6.RELEASE.jar;C:\Users\Maryna Savchenko\.m2\repository\org\springframework\spring-jcl\5.0.6.RELEASE\spring-jcl-5.0.6.RELEASE.jar;C:\Users\Maryna Savchenko\.m2\repository\org\springframework\spring-test\5.0.6.RELEASE\spring-test-5.0.6.RELEASE.jar;C:\Users\Maryna Savchenko\.m2\repository\org\springframework\boot\spring-boot-devtools\2.0.2.RELEASE\spring-boot-devtools-2.0.2.RELEASE.jar;C:\Users\Maryna Savchenko\.m2\repository\org\springframework\boot\spring-boot\2.0.2.RELEASE\spring-boot-2.0.2.RELEASE.jar;C:\Users\Maryna Savchenko\.m2\repository\org\springframework\boot\spring-boot-autoconfigure\2.0.2.RELEASE\spring-boot-autoconfigure-2.0.2.RELEASE.jar;C:\Users\Maryna Savchenko\.m2\repository\org\springframework\boot\spring-boot-starter-test\2.0.2.RELEASE\spring-boot-starter-test-2.0.2.RELEASE.jar;C:\Users\Maryna Savchenko\.m2\repository\org\springframework\boot\spring-boot-test\2.0.2.RELEASE\spring-boot-test-2.0.2.RELEASE.jar;C:\Users\Maryna Savchenko\.m2\repository\org\springframework\boot\spring-boot-test-autoconfigure\2.0.2.RELEASE\spring-boot-test-autoconfigure-2.0.2.RELEASE.jar;C:\Users\Maryna Savchenko\.m2\repository\com\jayway\jsonpath\json-path\2.4.0\json-path-2.4.0.jar;C:\Users\Maryna Savchenko\.m2\repository\net\minidev\json-smart\2.3\json-smart-2.3.jar;C:\Users\Maryna Savchenko\.m2\repository\net\minidev\accessors-smart\1.2\accessors-smart-1.2.jar;C:\Users\Maryna Savchenko\.m2\repository\org\ow2\asm\asm\5.0.4\asm-5.0.4.jar;C:\Users\Maryna Savchenko\.m2\repository\org\assertj\assertj-core\3.9.1\assertj-core-3.9.1.jar;C:\Users\Maryna Savchenko\.m2\repository\org\mockito\mockito-core\2.15.0\mockito-core-2.15.0.jar;C:\Users\Maryna Savchenko\.m2\repository\net\bytebuddy\byte-buddy\1.7.11\byte-buddy-1.7.11.jar;C:\Users\Maryna Savchenko\.m2\repository\net\bytebuddy\byte-buddy-agent\1.7.11\byte-buddy-agent-1.7.11.jar;C:\Users\Maryna Savchenko\.m2\repository\org\objenesis\objenesis\2.6\objenesis-2.6.jar;C:\Users\Maryna Savchenko\.m2\repository\org\hamcrest\hamcrest-core\1.3\hamcrest-core-1.3.jar;C:\Users\Maryna Savchenko\.m2\repository\org\hamcrest\hamcrest-library\1.3\hamcrest-library-1.3.jar;C:\Users\Maryna Savchenko\.m2\repository\org\skyscreamer\jsonassert\1.5.0\jsonassert-1.5.0.jar;C:\Users\Maryna Savchenko\.m2\repository\com\vaadin\external\google\android-json\0.0.20131108.vaadin1\android-json-0.0.20131108.vaadin1.jar;C:\Users\Maryna Savchenko\.m2\repository\org\xmlunit\xmlunit-core\2.5.1\xmlunit-core-2.5.1.jar;C:\Users\Maryna Savchenko\.m2\repository\pl\pragmatists\JUnitParams\1.1.1\JUnitParams-1.1.1.jar;C:\Users\Maryna Savchenko\.m2\repository\org\apache\tomcat\embed\tomcat-embed-jasper\8.5.31\tomcat-embed-jasper-8.5.31.jar;C:\Users\Maryna Savchenko\.m2\repository\org\apache\tomcat\embed\tomcat-embed-core\8.5.31\tomcat-embed-core-8.5.31.jar;C:\Users\Maryna Savchenko\.m2\repository\org\apache\tomcat\tomcat-annotations-api\8.5.31\tomcat-annotations-api-8.5.31.jar;C:\Users\Maryna Savchenko\.m2\repository\org\apache\tomcat\embed\tomcat-embed-el\8.5.31\tomcat-embed-el-8.5.31.jar;C:\Users\Maryna Savchenko\.m2\repository\org\eclipse\jdt\ecj\3.12.3\ecj-3.12.3.jar;C:\Users\Maryna Savchenko\.m2\repository\junit\junit\4.12\junit-4.12.jar;C:\Users\Maryna Savchenko\.m2\repository\org\projectlombok\lombok\1.16.20\lombok-1.16.20.jar;C:\Users\Maryna Savchenko\.m2\repository\org\projectlombok\lombok-maven-plugin\1.16.20.0\lombok-maven-plugin-1.16.20.0.jar;C:\Users\Maryna Savchenko\.m2\repository\org\apache\commons\commons-lang3\3.7\commons-lang3-3.7.jar;C:\Users\Maryna Savchenko\.m2\repository\org\sonatype\plexus\plexus-build-api\0.0.7\plexus-build-api-0.0.7.jar;C:\Users\Maryna Savchenko\.m2\repository\org\codehaus\plexus\plexus-utils\1.5.8\plexus-utils-1.5.8.jar;, java.specification.name=Java Platform API Specification, java.class.version=52.0, sun.management.compiler=HotSpot 64-Bit Tiered Compilers, os.version=10.0, user.home=C:\Users\Maryna Savchenko, user.timezone=Europe/Belgrade, java.awt.printerjob=sun.awt.windows.WPrinterJob, file.encoding=Cp1252, java.specification.version=1.8, java.class.path=E:\java\repos\JavaTutorAPI\javatutor\target\test-classes;E:\java\repos\JavaTutorAPI\javatutor\target\classes;C:\Users\Maryna Savchenko\.m2\repository\org\springframework\boot\spring-boot-starter-web\2.0.2.RELEASE\spring-boot-starter-web-2.0.2.RELEASE.jar;C:\Users\Maryna Savchenko\.m2\repository\org\springframework\boot\spring-boot-starter\2.0.2.RELEASE\spring-boot-starter-2.0.2.RELEASE.jar;C:\Users\Maryna Savchenko\.m2\repository\javax\annotation\javax.annotation-api\1.3.2\javax.annotation-api-1.3.2.jar;C:\Users\Maryna Savchenko\.m2\repository\org\yaml\snakeyaml\1.19\snakeyaml-1.19.jar;C:\Users\Maryna Savchenko\.m2\repository\org\springframework\boot\spring-boot-starter-json\2.0.2.RELEASE\spring-boot-starter-json-2.0.2.RELEASE.jar;C:\Users\Maryna Savchenko\.m2\repository\com\fasterxml\jackson\core\jackson-databind\2.9.5\jackson-databind-2.9.5.jar;C:\Users\Maryna Savchenko\.m2\repository\com\fasterxml\jackson\core\jackson-annotations\2.9.0\jackson-annotations-2.9.0.jar;C:\Users\Maryna Savchenko\.m2\repository\com\fasterxml\jackson\core\jackson-core\2.9.5\jackson-core-2.9.5.jar;C:\Users\Maryna Savchenko\.m2\repository\com\fasterxml\jackson\datatype\jackson-datatype-jdk8\2.9.5\jackson-datatype-jdk8-2.9.5.jar;C:\Users\Maryna Savchenko\.m2\repository\com\fasterxml\jackson\datatype\jackson-datatype-jsr310\2.9.5\jackson-datatype-jsr310-2.9.5.jar;C:\Users\Maryna Savchenko\.m2\repository\com\fasterxml\jackson\module\jackson-module-parameter-names\2.9.5\jackson-module-parameter-names-2.9.5.jar;C:\Users\Maryna Savchenko\.m2\repository\org\springframework\boot\spring-boot-starter-tomcat\2.0.2.RELEASE\spring-boot-starter-tomcat-2.0.2.RELEASE.jar;C:\Users\Maryna Savchenko\.m2\repository\org\apache\tomcat\embed\tomcat-embed-websocket\8.5.31\tomcat-embed-websocket-8.5.31.jar;C:\Users\Maryna Savchenko\.m2\repository\org\hibernate\validator\hibernate-validator\6.0.9.Final\hibernate-validator-6.0.9.Final.jar;C:\Users\Maryna Savchenko\.m2\repository\javax\validation\validation-api\2.0.1.Final\validation-api-2.0.1.Final.jar;C:\Users\Maryna Savchenko\.m2\repository\org\jboss\logging\jboss-logging\3.3.2.Final\jboss-logging-3.3.2.Final.jar;C:\Users\Maryna Savchenko\.m2\repository\com\fasterxml\classmate\1.3.4\classmate-1.3.4.jar;C:\Users\Maryna Savchenko\.m2\repository\org\springframework\spring-web\5.0.6.RELEASE\spring-web-5.0.6.RELEASE.jar;C:\Users\Maryna Savchenko\.m2\repository\org\springframework\spring-beans\5.0.6.RELEASE\spring-beans-5.0.6.RELEASE.jar;C:\Users\Maryna Savchenko\.m2\repository\org\springframework\spring-webmvc\5.0.6.RELEASE\spring-webmvc-5.0.6.RELEASE.jar;C:\Users\Maryna Savchenko\.m2\repository\org\springframework\spring-context\5.0.6.RELEASE\spring-context-5.0.6.RELEASE.jar;C:\Users\Maryna Savchenko\.m2\repository\org\springframework\spring-expression\5.0.6.RELEASE\spring-expression-5.0.6.RELEASE.jar;C:\Users\Maryna Savchenko\.m2\repository\org\slf4j\jcl-over-slf4j\1.7.25\jcl-over-slf4j-1.7.25.jar;C:\Users\Maryna Savchenko\.m2\repository\org\slf4j\slf4j-api\1.7.25\slf4j-api-1.7.25.jar;C:\Users\Maryna Savchenko\.m2\repository\org\slf4j\jul-to-slf4j\1.7.25\jul-to-slf4j-1.7.25.jar;C:\Users\Maryna Savchenko\.m2\repository\org\slf4j\slf4j-log4j12\1.7.25\slf4j-log4j12-1.7.25.jar;C:\Users\Maryna Savchenko\.m2\repository\log4j\log4j\1.2.17\log4j-1.2.17.jar;C:\Users\Maryna Savchenko\.m2\repository\org\springframework\boot\spring-boot-starter-data-mongodb\2.0.2.RELEASE\spring-boot-starter-data-mongodb-2.0.2.RELEASE.jar;C:\Users\Maryna Savchenko\.m2\repository\org\mongodb\mongodb-driver\3.6.0\mongodb-driver-3.6.0.jar;C:\Users\Maryna Savchenko\.m2\repository\org\mongodb\bson\3.6.0\bson-3.6.0.jar;C:\Users\Maryna Savchenko\.m2\repository\org\mongodb\mongodb-driver-core\3.6.0\mongodb-driver-core-3.6.0.jar;C:\Users\Maryna Savchenko\.m2\repository\org\springframework\data\spring-data-mongodb\2.0.7.RELEASE\spring-data-mongodb-2.0.7.RELEASE.jar;C:\Users\Maryna Savchenko\.m2\repository\org\springframework\spring-tx\5.0.6.RELEASE\spring-tx-5.0.6.RELEASE.jar;C:\Users\Maryna Savchenko\.m2\repository\org\springframework\data\spring-data-commons\2.0.7.RELEASE\spring-data-commons-2.0.7.RELEASE.jar;C:\Users\Maryna Savchenko\.m2\repository\org\springframework\boot\spring-boot-starter-actuator\2.0.2.RELEASE\spring-boot-starter-actuator-2.0.2.RELEASE.jar;C:\Users\Maryna Savchenko\.m2\repository\org\springframework\boot\spring-boot-actuator-autoconfigure\2.0.2.RELEASE\spring-boot-actuator-autoconfigure-2.0.2.RELEASE.jar;C:\Users\Maryna Savchenko\.m2\repository\org\springframework\boot\spring-boot-actuator\2.0.2.RELEASE\spring-boot-actuator-2.0.2.RELEASE.jar;C:\Users\Maryna Savchenko\.m2\repository\io\micrometer\micrometer-core\1.0.4\micrometer-core-1.0.4.jar;C:\Users\Maryna Savchenko\.m2\repository\org\hdrhistogram\HdrHistogram\2.1.10\HdrHistogram-2.1.10.jar;C:\Users\Maryna Savchenko\.m2\repository\org\latencyutils\LatencyUtils\2.0.3\LatencyUtils-2.0.3.jar;C:\Users\Maryna Savchenko\.m2\repository\org\springframework\boot\spring-boot-starter-security\2.0.2.RELEASE\spring-boot-starter-security-2.0.2.RELEASE.jar;C:\Users\Maryna Savchenko\.m2\repository\org\springframework\spring-aop\5.0.6.RELEASE\spring-aop-5.0.6.RELEASE.jar;C:\Users\Maryna Savchenko\.m2\repository\org\springframework\security\spring-security-config\5.0.5.RELEASE\spring-security-config-5.0.5.RELEASE.jar;C:\Users\Maryna Savchenko\.m2\repository\org\springframework\security\spring-security-web\5.0.5.RELEASE\spring-security-web-5.0.5.RELEASE.jar;C:\Users\Maryna Savchenko\.m2\repository\org\springframework\security\spring-security-test\5.0.5.RELEASE\spring-security-test-5.0.5.RELEASE.jar;C:\Users\Maryna Savchenko\.m2\repository\org\springframework\security\spring-security-core\5.0.5.RELEASE\spring-security-core-5.0.5.RELEASE.jar;C:\Users\Maryna Savchenko\.m2\repository\org\springframework\spring-core\5.0.6.RELEASE\spring-core-5.0.6.RELEASE.jar;C:\Users\Maryna Savchenko\.m2\repository\org\springframework\spring-jcl\5.0.6.RELEASE\spring-jcl-5.0.6.RELEASE.jar;C:\Users\Maryna Savchenko\.m2\repository\org\springframework\spring-test\5.0.6.RELEASE\spring-test-5.0.6.RELEASE.jar;C:\Users\Maryna Savchenko\.m2\repository\org\springframework\boot\spring-boot-devtools\2.0.2.RELEASE\spring-boot-devtools-2.0.2.RELEASE.jar;C:\Users\Maryna Savchenko\.m2\repository\org\springframework\boot\spring-boot\2.0.2.RELEASE\spring-boot-2.0.2.RELEASE.jar;C:\Users\Maryna Savchenko\.m2\repository\org\springframework\boot\spring-boot-autoconfigure\2.0.2.RELEASE\spring-boot-autoconfigure-2.0.2.RELEASE.jar;C:\Users\Maryna Savchenko\.m2\repository\org\springframework\boot\spring-boot-starter-test\2.0.2.RELEASE\spring-boot-starter-test-2.0.2.RELEASE.jar;C:\Users\Maryna Savchenko\.m2\repository\org\springframework\boot\spring-boot-test\2.0.2.RELEASE\spring-boot-test-2.0.2.RELEASE.jar;C:\Users\Maryna Savchenko\.m2\repository\org\springframework\boot\spring-boot-test-autoconfigure\2.0.2.RELEASE\spring-boot-test-autoconfigure-2.0.2.RELEASE.jar;C:\Users\Maryna Savchenko\.m2\repository\com\jayway\jsonpath\json-path\2.4.0\json-path-2.4.0.jar;C:\Users\Maryna Savchenko\.m2\repository\net\minidev\json-smart\2.3\json-smart-2.3.jar;C:\Users\Maryna Savchenko\.m2\repository\net\minidev\accessors-smart\1.2\accessors-smart-1.2.jar;C:\Users\Maryna Savchenko\.m2\repository\org\ow2\asm\asm\5.0.4\asm-5.0.4.jar;C:\Users\Maryna Savchenko\.m2\repository\org\assertj\assertj-core\3.9.1\assertj-core-3.9.1.jar;C:\Users\Maryna Savchenko\.m2\repository\org\mockito\mockito-core\2.15.0\mockito-core-2.15.0.jar;C:\Users\Maryna Savchenko\.m2\repository\net\bytebuddy\byte-buddy\1.7.11\byte-buddy-1.7.11.jar;C:\Users\Maryna Savchenko\.m2\repository\net\bytebuddy\byte-buddy-agent\1.7.11\byte-buddy-agent-1.7.11.jar;C:\Users\Maryna Savchenko\.m2\repository\org\objenesis\objenesis\2.6\objenesis-2.6.jar;C:\Users\Maryna Savchenko\.m2\repository\org\hamcrest\hamcrest-core\1.3\hamcrest-core-1.3.jar;C:\Users\Maryna Savchenko\.m2\repository\org\hamcrest\hamcrest-library\1.3\hamcrest-library-1.3.jar;C:\Users\Maryna Savchenko\.m2\repository\org\skyscreamer\jsonassert\1.5.0\jsonassert-1.5.0.jar;C:\Users\Maryna Savchenko\.m2\repository\com\vaadin\external\google\android-json\0.0.20131108.vaadin1\android-json-0.0.20131108.vaadin1.jar;C:\Users\Maryna Savchenko\.m2\repository\org\xmlunit\xmlunit-core\2.5.1\xmlunit-core-2.5.1.jar;C:\Users\Maryna Savchenko\.m2\repository\pl\pragmatists\JUnitParams\1.1.1\JUnitParams-1.1.1.jar;C:\Users\Maryna Savchenko\.m2\repository\org\apache\tomcat\embed\tomcat-embed-jasper\8.5.31\tomcat-embed-jasper-8.5.31.jar;C:\Users\Maryna Savchenko\.m2\repository\org\apache\tomcat\embed\tomcat-embed-core\8.5.31\tomcat-embed-core-8.5.31.jar;C:\Users\Maryna Savchenko\.m2\repository\org\apache\tomcat\tomcat-annotations-api\8.5.31\tomcat-annotations-api-8.5.31.jar;C:\Users\Maryna Savchenko\.m2\repository\org\apache\tomcat\embed\tomcat-embed-el\8.5.31\tomcat-embed-el-8.5.31.jar;C:\Users\Maryna Savchenko\.m2\repository\org\eclipse\jdt\ecj\3.12.3\ecj-3.12.3.jar;C:\Users\Maryna Savchenko\.m2\repository\junit\junit\4.12\junit-4.12.jar;C:\Users\Maryna Savchenko\.m2\repository\org\projectlombok\lombok\1.16.20\lombok-1.16.20.jar;C:\Users\Maryna Savchenko\.m2\repository\org\projectlombok\lombok-maven-plugin\1.16.20.0\lombok-maven-plugin-1.16.20.0.jar;C:\Users\Maryna Savchenko\.m2\repository\org\apache\commons\commons-lang3\3.7\commons-lang3-3.7.jar;C:\Users\Maryna Savchenko\.m2\repository\org\sonatype\plexus\plexus-build-api\0.0.7\plexus-build-api-0.0.7.jar;C:\Users\Maryna Savchenko\.m2\repository\org\codehaus\plexus\plexus-utils\1.5.8\plexus-utils-1.5.8.jar;, user.name=Maryna Savchenko, java.vm.specification.version=1.8, sun.java.command=C:\Users\MARYNA~1\AppData\Local\Temp\surefire1244754544745437156\surefirebooter7935569149334272143.jar C:\Users\Maryna Savchenko\AppData\Local\Temp\surefire1244754544745437156 2018-10-11T10-37-06_854-jvmRun1 surefire6084229711424990350tmp surefire_01445494788152468973tmp, java.home=C:\Program Files\Java\jdk1.8.0_131\jre, sun.arch.data.model=64, user.language=en, java.specification.vendor=Oracle Corporation, user.language.format=uk, awt.toolkit=sun.awt.windows.WToolkit, java.vm.info=mixed mode, java.version=1.8.0_131, java.ext.dirs=C:\Program Files\Java\jdk1.8.0_131\jre\lib\ext;C:\WINDOWS\Sun\Java\lib\ext, sun.boot.class.path=C:\Program Files\Java\jdk1.8.0_131\jre\lib\resources.jar;C:\Program Files\Java\jdk1.8.0_131\jre\lib\rt.jar;C:\Program Files\Java\jdk1.8.0_131\jre\lib\sunrsasign.jar;C:\Program Files\Java\jdk1.8.0_131\jre\lib\jsse.jar;C:\Program Files\Java\jdk1.8.0_131\jre\lib\jce.jar;C:\Program Files\Java\jdk1.8.0_131\jre\lib\charsets.jar;C:\Program Files\Java\jdk1.8.0_131\jre\lib\jfr.jar;C:\Program Files\Java\jdk1.8.0_131\jre\classes, java.awt.headless=true, java.vendor=Oracle Corporation, localRepository=C:\Users\Maryna Savchenko\.m2\repository, file.separator=\, java.vendor.url.bug=http://bugreport.sun.com/bugreport/, sun.io.unicode.encoding=UnicodeLittle, sun.cpu.endian=little, sun.desktop=windows, sun.cpu.isalist=amd64}}, SystemEnvironmentPropertySource@1327542306 {name='systemEnvironment', properties={PATH=C:\Users\Maryna Savchenko\bin;C:\Program Files\Git\mingw64\bin;C:\Program Files\Git\usr\local\bin;C:\Program Files\Git\usr\bin;C:\Program Files\Git\usr\bin;C:\Program Files\Git\mingw64\bin;C:\Program Files\Git\usr\bin;C:\Users\Maryna Savchenko\bin;C:\Program Files\Docker\Docker\Resources\bin;C:\ProgramData\Oracle\Java\javapath;C:\Program Files (x86)\Intel\TXE Components\TCS;C:\Program Files\Intel\TXE Components\TCS;C:\WINDOWS\system32;C:\WINDOWS;C:\WINDOWS\System32\Wbem;C:\WINDOWS\System32\WindowsPowerShell\v1.0;C:\Program Files\Intel\TXE Components\DAL;C:\Program Files (x86)\Intel\TXE Components\DAL;C:\Program Files\Intel\TXE Components\IPT;C:\Program Files (x86)\Intel\TXE Components\IPT;E:\java\apache-maven-3.5.0-bin\apache-maven-3.5.0\bin;C:\Program Files\Git\cmd;C:\Program Files\Java\jdk1.8.0_131\bin;C:\Program Files\MySQL\MySQL Utilities 1.6;C:\Program Files (x86)\bin;C:\Program Files (x86)\sbt\bin;C:\Program Files (x86)\Yarn\bin;C:\ProgramData\chocolatey\bin;C:\Program Files\nodejs;C:\Users\Maryna Savchenko\AppData\Local\Microsoft\WindowsApps;E:\java\spark-2.2.0-bin-hadoop2.7\bin;C:\Program Files\Java\jdk1.8.0_131\bin;C:\Program Files (x86)\sbt\bin;C:\winutils\bin;C:\Program Files\Docker Toolbox;C:\Users\Maryna Savchenko\AppData\Local\Yarn\bin;C:\Users\Maryna Savchenko\AppData\Roaming\npm;C:\Program Files\Git\usr\bin\vendor_perl;C:\Program Files\Git\usr\bin\core_perl, USERDOMAIN_ROAMINGPROFILE=BigBrother, PKG_CONFIG_PATH=C:\Program Files\Git\mingw64\lib\pkgconfig;C:\Program Files\Git\mingw64\share\pkgconfig, MSYSTEM_PREFIX=C:/Program Files/Git/mingw64, PROCESSOR_LEVEL=6, SYSTEMDRIVE=C:, CONFIG_SITE=C:/Program Files/Git/mingw64/etc/config.site, FP_NO_HOST_CHECK=NO, POSTGIS_GDAL_ENABLED_DRIVERS=GTiff PNG JPEG GIF XYZ DTED USGSDEM AAIGrid, SESSIONNAME=Console, ALLUSERSPROFILE=C:\ProgramData, GDAL_DATA=C:\Program Files\PostgreSQL\9.6\gdal-data, PROCESSOR_ARCHITECTURE=AMD64, MSYSTEM_CHOST=x86_64-w64-mingw32, =E:=E:\java\repos\JavaTutorAPI\javatutor, ORIGINAL_TEMP=C:/Users/MARYNA~1/AppData/Local/Temp, PROGRAMFILES=C:\Program Files, POSTGIS_ENABLE_OUTDB_RASTERS=1, PSMODULEPATH=C:\WINDOWS\system32\WindowsPowerShell\v1.0\Modules\, PROGRAMDATA=C:\ProgramData, CHOCOLATEYLASTPATHUPDATE=?? ??? 24 11:36:27 2018, USERNAME=Maryna Savchenko, PWD=E:/java/repos/JavaTutorAPI/javatutor, INFOPATH=C:\Program Files\Git\usr\local\info;C:\Program Files\Git\usr\share\info;C:\Program Files\Git\usr\info;C:\Program Files\Git\share\info, FPS_BROWSER_USER_PROFILE_STRING=Default, ONEDRIVE=C:\Users\Maryna Savchenko\OneDrive, PATHEXT=.COM;.EXE;.BAT;.CMD;.VBS;.VBE;.JS;.JSE;.WSF;.WSH;.MSC, SHELL=C:\Program Files\Git\usr\bin\bash.exe, ORIGINAL_TMP=C:/Users/MARYNA~1/AppData/Local/Temp, OLDPWD=E:/java/repos/JavaTutorAPI/javatutor, TMPDIR=C:\Users\MARYNA~1\AppData\Local\Temp, WINDIR=C:\WINDOWS, SSH_ASKPASS=C:/Program Files/Git/mingw64/libexec/git-core/git-gui--askpass, HOMEPATH=\Users\Maryna Savchenko, PROCESSOR_IDENTIFIER=Intel64 Family 6 Model 76 Stepping 3, GenuineIntel, HADOOP_HOME=C:\winutils, M2_HOME=E:\java\apache-maven-3.5.0-bin\apache-maven-3.5.0, PUBLIC=C:\Users\Public, MINGW_CHOST=x86_64-w64-mingw32, =::=::\, EXEPATH=C:\Program Files\Git, SHLVL=1, LOCALAPPDATA=C:\Users\Maryna Savchenko\AppData\Local, ORIGINAL_PATH=C:\Program Files\Git\mingw64\bin;C:\Program Files\Git\usr\bin;C:\Users\Maryna Savchenko\bin;C:\Program Files\Docker\Docker\Resources\bin;C:\ProgramData\Oracle\Java\javapath;C:\Program Files (x86)\Intel\TXE Components\TCS;C:\Program Files\Intel\TXE Components\TCS;C:\WINDOWS\system32;C:\WINDOWS;C:\WINDOWS\System32\Wbem;C:\WINDOWS\System32\WindowsPowerShell\v1.0;C:\Program Files\Intel\TXE Components\DAL;C:\Program Files (x86)\Intel\TXE Components\DAL;C:\Program Files\Intel\TXE Components\IPT;C:\Program Files (x86)\Intel\TXE Components\IPT;E:\java\apache-maven-3.5.0-bin\apache-maven-3.5.0\bin;C:\Program Files\Git\cmd;C:\Program Files\Java\jdk1.8.0_131\bin;C:\Program Files\MySQL\MySQL Utilities 1.6;C:\Program Files (x86)\bin;C:\Program Files (x86)\sbt\bin;C:\Program Files (x86)\Yarn\bin;C:\ProgramData\chocolatey\bin;C:\Program Files\nodejs;C:\Users\Maryna Savchenko\AppData\Local\Microsoft\WindowsApps;E:\java\spark-2.2.0-bin-hadoop2.7\bin;C:\Program Files\Java\jdk1.8.0_131\bin;C:\Program Files (x86)\sbt\bin;C:\winutils\bin;C:\Program Files\Docker Toolbox;C:\Users\Maryna Savchenko\AppData\Local\Yarn\bin;C:\Users\Maryna Savchenko\AppData\Roaming\npm, MANPATH=C:\Program Files\Git\mingw64\share\man;C:\Program Files\Git\usr\local\man;C:\Program Files\Git\usr\share\man;C:\Program Files\Git\usr\man;C:\Program Files\Git\share\man, COMMONPROGRAMFILES(X86)=C:\Program Files (x86)\Common Files, MINGW_PACKAGE_PREFIX=mingw-w64-x86_64, USERDOMAIN=BigBrother, FPS_BROWSER_APP_PROFILE_STRING=Internet Explorer, LOGONSERVER=\\BIGBROTHER, JAVA_HOME=C:/Program Files/Java/jdk1.8.0_131, PLINK_PROTOCOL=ssh, PROMPT=$P$G, PROGRAMFILES(X86)=C:\Program Files (x86), TERM=xterm, LANG=en_US.UTF-8, MINGW_PREFIX=C:/Program Files/Git/mingw64, DISPLAY=needs-to-be-defined, MSYSTEM=MINGW64, APPDATA=C:\Users\Maryna Savchenko\AppData\Roaming, SPARK_HOME=E:\java\spark-2.2.0-bin-hadoop2.7, PROGRAMW6432=C:\Program Files, SYSTEMROOT=C:\WINDOWS, CHOCOLATEYINSTALL=C:\ProgramData\chocolatey, MAVEN_CMD_LINE_ARGS= test, SCALA_HOME=C:\Program Files (x86)\sbt, VBOX_MSI_INSTALL_PATH=C:\Program Files\Oracle\VirtualBox\, OS=Windows_NT, COMMONPROGRAMW6432=C:\Program Files\Common Files, COMPUTERNAME=BIGBROTHER, COMMONPROGRAMFILES=C:\Program Files\Common Files, COMSPEC=C:\WINDOWS\system32\cmd.exe, SBT_HOME=C:\Program Files (x86)\sbt\, MAVEN_PROJECTBASEDIR=E:/java/repos/JavaTutorAPI/javatutor, PROCESSOR_REVISION=4c03, ACLOCAL_PATH=C:\Program Files\Git\mingw64\share\aclocal;C:\Program Files\Git\usr\share\aclocal, MSYSTEM_CARCH=x86_64, PRINTER=Foxit Reader PDF Printer, TEMP=C:\Users\MARYNA~1\AppData\Local\Temp, HOSTNAME=BigBrother, HOMEDRIVE=C:, USERPROFILE=C:\Users\Maryna Savchenko, TMP=C:\Users\MARYNA~1\AppData\Local\Temp, NUMBER_OF_PROCESSORS=4, DOCKER_TOOLBOX_INSTALL_PATH=C:\Program Files\Docker Toolbox, HOME=C:\Users\Maryna Savchenko}}]
10:42:20,553 DEBUG org.springframework.core.env.StandardEnvironment:125 - Initialized StandardEnvironment with PropertySources [MapPropertySource@687408978 {name='systemProperties', properties={java.runtime.name=Java(TM) SE Runtime Environment, sun.boot.library.path=C:\Program Files\Java\jdk1.8.0_131\jre\bin, java.vm.version=25.131-b11, user.country.format=UA, java.vm.vendor=Oracle Corporation, java.vendor.url=http://java.oracle.com/, path.separator=;, java.vm.name=Java HotSpot(TM) 64-Bit Server VM, file.encoding.pkg=sun.io, user.country=US, user.script=, sun.java.launcher=SUN_STANDARD, sun.os.patch.level=, PID=5372, java.vm.specification.name=Java Virtual Machine Specification, user.dir=E:\java\repos\JavaTutorAPI\javatutor, java.runtime.version=1.8.0_131-b11, basedir=E:\java\repos\JavaTutorAPI\javatutor, java.awt.graphicsenv=sun.awt.Win32GraphicsEnvironment, java.endorsed.dirs=C:\Program Files\Java\jdk1.8.0_131\jre\lib\endorsed, os.arch=amd64, surefire.real.class.path=C:\Users\MARYNA~1\AppData\Local\Temp\surefire1244754544745437156\surefirebooter7935569149334272143.jar, java.io.tmpdir=C:\Users\MARYNA~1\AppData\Local\Temp\, line.separator=
, java.vm.specification.vendor=Oracle Corporation, user.variant=, os.name=Windows 10, sun.jnu.encoding=Cp1252, spring.beaninfo.ignore=true, java.library.path=C:\Program Files\Java\jdk1.8.0_131\jre\bin;C:\WINDOWS\Sun\Java\bin;C:\WINDOWS\system32;C:\WINDOWS;C:\Users\Maryna Savchenko\bin;C:\Program Files\Git\mingw64\bin;C:\Program Files\Git\usr\local\bin;C:\Program Files\Git\usr\bin;C:\Program Files\Git\usr\bin;C:\Program Files\Git\mingw64\bin;C:\Program Files\Git\usr\bin;C:\Users\Maryna Savchenko\bin;C:\Program Files\Docker\Docker\Resources\bin;C:\ProgramData\Oracle\Java\javapath;C:\Program Files (x86)\Intel\TXE Components\TCS;C:\Program Files\Intel\TXE Components\TCS;C:\WINDOWS\system32;C:\WINDOWS;C:\WINDOWS\System32\Wbem;C:\WINDOWS\System32\WindowsPowerShell\v1.0;C:\Program Files\Intel\TXE Components\DAL;C:\Program Files (x86)\Intel\TXE Components\DAL;C:\Program Files\Intel\TXE Components\IPT;C:\Program Files (x86)\Intel\TXE Components\IPT;E:\java\apache-maven-3.5.0-bin\apache-maven-3.5.0\bin;C:\Program Files\Git\cmd;C:\Program Files\Java\jdk1.8.0_131\bin;C:\Program Files\MySQL\MySQL Utilities 1.6;C:\Program Files (x86)\bin;C:\Program Files (x86)\sbt\bin;C:\Program Files (x86)\Yarn\bin;C:\ProgramData\chocolatey\bin;C:\Program Files\nodejs;C:\Users\Maryna Savchenko\AppData\Local\Microsoft\WindowsApps;E:\java\spark-2.2.0-bin-hadoop2.7\bin;C:\Program Files\Java\jdk1.8.0_131\bin;C:\Program Files (x86)\sbt\bin;C:\winutils\bin;C:\Program Files\Docker Toolbox;C:\Users\Maryna Savchenko\AppData\Local\Yarn\bin;C:\Users\Maryna Savchenko\AppData\Roaming\npm;C:\Program Files\Git\usr\bin\vendor_perl;C:\Program Files\Git\usr\bin\core_perl;., surefire.test.class.path=E:\java\repos\JavaTutorAPI\javatutor\target\test-classes;E:\java\repos\JavaTutorAPI\javatutor\target\classes;C:\Users\Maryna Savchenko\.m2\repository\org\springframework\boot\spring-boot-starter-web\2.0.2.RELEASE\spring-boot-starter-web-2.0.2.RELEASE.jar;C:\Users\Maryna Savchenko\.m2\repository\org\springframework\boot\spring-boot-starter\2.0.2.RELEASE\spring-boot-starter-2.0.2.RELEASE.jar;C:\Users\Maryna Savchenko\.m2\repository\javax\annotation\javax.annotation-api\1.3.2\javax.annotation-api-1.3.2.jar;C:\Users\Maryna Savchenko\.m2\repository\org\yaml\snakeyaml\1.19\snakeyaml-1.19.jar;C:\Users\Maryna Savchenko\.m2\repository\org\springframework\boot\spring-boot-starter-json\2.0.2.RELEASE\spring-boot-starter-json-2.0.2.RELEASE.jar;C:\Users\Maryna Savchenko\.m2\repository\com\fasterxml\jackson\core\jackson-databind\2.9.5\jackson-databind-2.9.5.jar;C:\Users\Maryna Savchenko\.m2\repository\com\fasterxml\jackson\core\jackson-annotations\2.9.0\jackson-annotations-2.9.0.jar;C:\Users\Maryna Savchenko\.m2\repository\com\fasterxml\jackson\core\jackson-core\2.9.5\jackson-core-2.9.5.jar;C:\Users\Maryna Savchenko\.m2\repository\com\fasterxml\jackson\datatype\jackson-datatype-jdk8\2.9.5\jackson-datatype-jdk8-2.9.5.jar;C:\Users\Maryna Savchenko\.m2\repository\com\fasterxml\jackson\datatype\jackson-datatype-jsr310\2.9.5\jackson-datatype-jsr310-2.9.5.jar;C:\Users\Maryna Savchenko\.m2\repository\com\fasterxml\jackson\module\jackson-module-parameter-names\2.9.5\jackson-module-parameter-names-2.9.5.jar;C:\Users\Maryna Savchenko\.m2\repository\org\springframework\boot\spring-boot-starter-tomcat\2.0.2.RELEASE\spring-boot-starter-tomcat-2.0.2.RELEASE.jar;C:\Users\Maryna Savchenko\.m2\repository\org\apache\tomcat\embed\tomcat-embed-websocket\8.5.31\tomcat-embed-websocket-8.5.31.jar;C:\Users\Maryna Savchenko\.m2\repository\org\hibernate\validator\hibernate-validator\6.0.9.Final\hibernate-validator-6.0.9.Final.jar;C:\Users\Maryna Savchenko\.m2\repository\javax\validation\validation-api\2.0.1.Final\validation-api-2.0.1.Final.jar;C:\Users\Maryna Savchenko\.m2\repository\org\jboss\logging\jboss-logging\3.3.2.Final\jboss-logging-3.3.2.Final.jar;C:\Users\Maryna Savchenko\.m2\repository\com\fasterxml\classmate\1.3.4\classmate-1.3.4.jar;C:\Users\Maryna Savchenko\.m2\repository\org\springframework\spring-web\5.0.6.RELEASE\spring-web-5.0.6.RELEASE.jar;C:\Users\Maryna Savchenko\.m2\repository\org\springframework\spring-beans\5.0.6.RELEASE\spring-beans-5.0.6.RELEASE.jar;C:\Users\Maryna Savchenko\.m2\repository\org\springframework\spring-webmvc\5.0.6.RELEASE\spring-webmvc-5.0.6.RELEASE.jar;C:\Users\Maryna Savchenko\.m2\repository\org\springframework\spring-context\5.0.6.RELEASE\spring-context-5.0.6.RELEASE.jar;C:\Users\Maryna Savchenko\.m2\repository\org\springframework\spring-expression\5.0.6.RELEASE\spring-expression-5.0.6.RELEASE.jar;C:\Users\Maryna Savchenko\.m2\repository\org\slf4j\jcl-over-slf4j\1.7.25\jcl-over-slf4j-1.7.25.jar;C:\Users\Maryna Savchenko\.m2\repository\org\slf4j\slf4j-api\1.7.25\slf4j-api-1.7.25.jar;C:\Users\Maryna Savchenko\.m2\repository\org\slf4j\jul-to-slf4j\1.7.25\jul-to-slf4j-1.7.25.jar;C:\Users\Maryna Savchenko\.m2\repository\org\slf4j\slf4j-log4j12\1.7.25\slf4j-log4j12-1.7.25.jar;C:\Users\Maryna Savchenko\.m2\repository\log4j\log4j\1.2.17\log4j-1.2.17.jar;C:\Users\Maryna Savchenko\.m2\repository\org\springframework\boot\spring-boot-starter-data-mongodb\2.0.2.RELEASE\spring-boot-starter-data-mongodb-2.0.2.RELEASE.jar;C:\Users\Maryna Savchenko\.m2\repository\org\mongodb\mongodb-driver\3.6.0\mongodb-driver-3.6.0.jar;C:\Users\Maryna Savchenko\.m2\repository\org\mongodb\bson\3.6.0\bson-3.6.0.jar;C:\Users\Maryna Savchenko\.m2\repository\org\mongodb\mongodb-driver-core\3.6.0\mongodb-driver-core-3.6.0.jar;C:\Users\Maryna Savchenko\.m2\repository\org\springframework\data\spring-data-mongodb\2.0.7.RELEASE\spring-data-mongodb-2.0.7.RELEASE.jar;C:\Users\Maryna Savchenko\.m2\repository\org\springframework\spring-tx\5.0.6.RELEASE\spring-tx-5.0.6.RELEASE.jar;C:\Users\Maryna Savchenko\.m2\repository\org\springframework\data\spring-data-commons\2.0.7.RELEASE\spring-data-commons-2.0.7.RELEASE.jar;C:\Users\Maryna Savchenko\.m2\repository\org\springframework\boot\spring-boot-starter-actuator\2.0.2.RELEASE\spring-boot-starter-actuator-2.0.2.RELEASE.jar;C:\Users\Maryna Savchenko\.m2\repository\org\springframework\boot\spring-boot-actuator-autoconfigure\2.0.2.RELEASE\spring-boot-actuator-autoconfigure-2.0.2.RELEASE.jar;C:\Users\Maryna Savchenko\.m2\repository\org\springframework\boot\spring-boot-actuator\2.0.2.RELEASE\spring-boot-actuator-2.0.2.RELEASE.jar;C:\Users\Maryna Savchenko\.m2\repository\io\micrometer\micrometer-core\1.0.4\micrometer-core-1.0.4.jar;C:\Users\Maryna Savchenko\.m2\repository\org\hdrhistogram\HdrHistogram\2.1.10\HdrHistogram-2.1.10.jar;C:\Users\Maryna Savchenko\.m2\repository\org\latencyutils\LatencyUtils\2.0.3\LatencyUtils-2.0.3.jar;C:\Users\Maryna Savchenko\.m2\repository\org\springframework\boot\spring-boot-starter-security\2.0.2.RELEASE\spring-boot-starter-security-2.0.2.RELEASE.jar;C:\Users\Maryna Savchenko\.m2\repository\org\springframework\spring-aop\5.0.6.RELEASE\spring-aop-5.0.6.RELEASE.jar;C:\Users\Maryna Savchenko\.m2\repository\org\springframework\security\spring-security-config\5.0.5.RELEASE\spring-security-config-5.0.5.RELEASE.jar;C:\Users\Maryna Savchenko\.m2\repository\org\springframework\security\spring-security-web\5.0.5.RELEASE\spring-security-web-5.0.5.RELEASE.jar;C:\Users\Maryna Savchenko\.m2\repository\org\springframework\security\spring-security-test\5.0.5.RELEASE\spring-security-test-5.0.5.RELEASE.jar;C:\Users\Maryna Savchenko\.m2\repository\org\springframework\security\spring-security-core\5.0.5.RELEASE\spring-security-core-5.0.5.RELEASE.jar;C:\Users\Maryna Savchenko\.m2\repository\org\springframework\spring-core\5.0.6.RELEASE\spring-core-5.0.6.RELEASE.jar;C:\Users\Maryna Savchenko\.m2\repository\org\springframework\spring-jcl\5.0.6.RELEASE\spring-jcl-5.0.6.RELEASE.jar;C:\Users\Maryna Savchenko\.m2\repository\org\springframework\spring-test\5.0.6.RELEASE\spring-test-5.0.6.RELEASE.jar;C:\Users\Maryna Savchenko\.m2\repository\org\springframework\boot\spring-boot-devtools\2.0.2.RELEASE\spring-boot-devtools-2.0.2.RELEASE.jar;C:\Users\Maryna Savchenko\.m2\repository\org\springframework\boot\spring-boot\2.0.2.RELEASE\spring-boot-2.0.2.RELEASE.jar;C:\Users\Maryna Savchenko\.m2\repository\org\springframework\boot\spring-boot-autoconfigure\2.0.2.RELEASE\spring-boot-autoconfigure-2.0.2.RELEASE.jar;C:\Users\Maryna Savchenko\.m2\repository\org\springframework\boot\spring-boot-starter-test\2.0.2.RELEASE\spring-boot-starter-test-2.0.2.RELEASE.jar;C:\Users\Maryna Savchenko\.m2\repository\org\springframework\boot\spring-boot-test\2.0.2.RELEASE\spring-boot-test-2.0.2.RELEASE.jar;C:\Users\Maryna Savchenko\.m2\repository\org\springframework\boot\spring-boot-test-autoconfigure\2.0.2.RELEASE\spring-boot-test-autoconfigure-2.0.2.RELEASE.jar;C:\Users\Maryna Savchenko\.m2\repository\com\jayway\jsonpath\json-path\2.4.0\json-path-2.4.0.jar;C:\Users\Maryna Savchenko\.m2\repository\net\minidev\json-smart\2.3\json-smart-2.3.jar;C:\Users\Maryna Savchenko\.m2\repository\net\minidev\accessors-smart\1.2\accessors-smart-1.2.jar;C:\Users\Maryna Savchenko\.m2\repository\org\ow2\asm\asm\5.0.4\asm-5.0.4.jar;C:\Users\Maryna Savchenko\.m2\repository\org\assertj\assertj-core\3.9.1\assertj-core-3.9.1.jar;C:\Users\Maryna Savchenko\.m2\repository\org\mockito\mockito-core\2.15.0\mockito-core-2.15.0.jar;C:\Users\Maryna Savchenko\.m2\repository\net\bytebuddy\byte-buddy\1.7.11\byte-buddy-1.7.11.jar;C:\Users\Maryna Savchenko\.m2\repository\net\bytebuddy\byte-buddy-agent\1.7.11\byte-buddy-agent-1.7.11.jar;C:\Users\Maryna Savchenko\.m2\repository\org\objenesis\objenesis\2.6\objenesis-2.6.jar;C:\Users\Maryna Savchenko\.m2\repository\org\hamcrest\hamcrest-core\1.3\hamcrest-core-1.3.jar;C:\Users\Maryna Savchenko\.m2\repository\org\hamcrest\hamcrest-library\1.3\hamcrest-library-1.3.jar;C:\Users\Maryna Savchenko\.m2\repository\org\skyscreamer\jsonassert\1.5.0\jsonassert-1.5.0.jar;C:\Users\Maryna Savchenko\.m2\repository\com\vaadin\external\google\android-json\0.0.20131108.vaadin1\android-json-0.0.20131108.vaadin1.jar;C:\Users\Maryna Savchenko\.m2\repository\org\xmlunit\xmlunit-core\2.5.1\xmlunit-core-2.5.1.jar;C:\Users\Maryna Savchenko\.m2\repository\pl\pragmatists\JUnitParams\1.1.1\JUnitParams-1.1.1.jar;C:\Users\Maryna Savchenko\.m2\repository\org\apache\tomcat\embed\tomcat-embed-jasper\8.5.31\tomcat-embed-jasper-8.5.31.jar;C:\Users\Maryna Savchenko\.m2\repository\org\apache\tomcat\embed\tomcat-embed-core\8.5.31\tomcat-embed-core-8.5.31.jar;C:\Users\Maryna Savchenko\.m2\repository\org\apache\tomcat\tomcat-annotations-api\8.5.31\tomcat-annotations-api-8.5.31.jar;C:\Users\Maryna Savchenko\.m2\repository\org\apache\tomcat\embed\tomcat-embed-el\8.5.31\tomcat-embed-el-8.5.31.jar;C:\Users\Maryna Savchenko\.m2\repository\org\eclipse\jdt\ecj\3.12.3\ecj-3.12.3.jar;C:\Users\Maryna Savchenko\.m2\repository\junit\junit\4.12\junit-4.12.jar;C:\Users\Maryna Savchenko\.m2\repository\org\projectlombok\lombok\1.16.20\lombok-1.16.20.jar;C:\Users\Maryna Savchenko\.m2\repository\org\projectlombok\lombok-maven-plugin\1.16.20.0\lombok-maven-plugin-1.16.20.0.jar;C:\Users\Maryna Savchenko\.m2\repository\org\apache\commons\commons-lang3\3.7\commons-lang3-3.7.jar;C:\Users\Maryna Savchenko\.m2\repository\org\sonatype\plexus\plexus-build-api\0.0.7\plexus-build-api-0.0.7.jar;C:\Users\Maryna Savchenko\.m2\repository\org\codehaus\plexus\plexus-utils\1.5.8\plexus-utils-1.5.8.jar;, java.specification.name=Java Platform API Specification, java.class.version=52.0, sun.management.compiler=HotSpot 64-Bit Tiered Compilers, os.version=10.0, user.home=C:\Users\Maryna Savchenko, user.timezone=Europe/Belgrade, java.awt.printerjob=sun.awt.windows.WPrinterJob, file.encoding=Cp1252, java.specification.version=1.8, java.class.path=E:\java\repos\JavaTutorAPI\javatutor\target\test-classes;E:\java\repos\JavaTutorAPI\javatutor\target\classes;C:\Users\Maryna Savchenko\.m2\repository\org\springframework\boot\spring-boot-starter-web\2.0.2.RELEASE\spring-boot-starter-web-2.0.2.RELEASE.jar;C:\Users\Maryna Savchenko\.m2\repository\org\springframework\boot\spring-boot-starter\2.0.2.RELEASE\spring-boot-starter-2.0.2.RELEASE.jar;C:\Users\Maryna Savchenko\.m2\repository\javax\annotation\javax.annotation-api\1.3.2\javax.annotation-api-1.3.2.jar;C:\Users\Maryna Savchenko\.m2\repository\org\yaml\snakeyaml\1.19\snakeyaml-1.19.jar;C:\Users\Maryna Savchenko\.m2\repository\org\springframework\boot\spring-boot-starter-json\2.0.2.RELEASE\spring-boot-starter-json-2.0.2.RELEASE.jar;C:\Users\Maryna Savchenko\.m2\repository\com\fasterxml\jackson\core\jackson-databind\2.9.5\jackson-databind-2.9.5.jar;C:\Users\Maryna Savchenko\.m2\repository\com\fasterxml\jackson\core\jackson-annotations\2.9.0\jackson-annotations-2.9.0.jar;C:\Users\Maryna Savchenko\.m2\repository\com\fasterxml\jackson\core\jackson-core\2.9.5\jackson-core-2.9.5.jar;C:\Users\Maryna Savchenko\.m2\repository\com\fasterxml\jackson\datatype\jackson-datatype-jdk8\2.9.5\jackson-datatype-jdk8-2.9.5.jar;C:\Users\Maryna Savchenko\.m2\repository\com\fasterxml\jackson\datatype\jackson-datatype-jsr310\2.9.5\jackson-datatype-jsr310-2.9.5.jar;C:\Users\Maryna Savchenko\.m2\repository\com\fasterxml\jackson\module\jackson-module-parameter-names\2.9.5\jackson-module-parameter-names-2.9.5.jar;C:\Users\Maryna Savchenko\.m2\repository\org\springframework\boot\spring-boot-starter-tomcat\2.0.2.RELEASE\spring-boot-starter-tomcat-2.0.2.RELEASE.jar;C:\Users\Maryna Savchenko\.m2\repository\org\apache\tomcat\embed\tomcat-embed-websocket\8.5.31\tomcat-embed-websocket-8.5.31.jar;C:\Users\Maryna Savchenko\.m2\repository\org\hibernate\validator\hibernate-validator\6.0.9.Final\hibernate-validator-6.0.9.Final.jar;C:\Users\Maryna Savchenko\.m2\repository\javax\validation\validation-api\2.0.1.Final\validation-api-2.0.1.Final.jar;C:\Users\Maryna Savchenko\.m2\repository\org\jboss\logging\jboss-logging\3.3.2.Final\jboss-logging-3.3.2.Final.jar;C:\Users\Maryna Savchenko\.m2\repository\com\fasterxml\classmate\1.3.4\classmate-1.3.4.jar;C:\Users\Maryna Savchenko\.m2\repository\org\springframework\spring-web\5.0.6.RELEASE\spring-web-5.0.6.RELEASE.jar;C:\Users\Maryna Savchenko\.m2\repository\org\springframework\spring-beans\5.0.6.RELEASE\spring-beans-5.0.6.RELEASE.jar;C:\Users\Maryna Savchenko\.m2\repository\org\springframework\spring-webmvc\5.0.6.RELEASE\spring-webmvc-5.0.6.RELEASE.jar;C:\Users\Maryna Savchenko\.m2\repository\org\springframework\spring-context\5.0.6.RELEASE\spring-context-5.0.6.RELEASE.jar;C:\Users\Maryna Savchenko\.m2\repository\org\springframework\spring-expression\5.0.6.RELEASE\spring-expression-5.0.6.RELEASE.jar;C:\Users\Maryna Savchenko\.m2\repository\org\slf4j\jcl-over-slf4j\1.7.25\jcl-over-slf4j-1.7.25.jar;C:\Users\Maryna Savchenko\.m2\repository\org\slf4j\slf4j-api\1.7.25\slf4j-api-1.7.25.jar;C:\Users\Maryna Savchenko\.m2\repository\org\slf4j\jul-to-slf4j\1.7.25\jul-to-slf4j-1.7.25.jar;C:\Users\Maryna Savchenko\.m2\repository\org\slf4j\slf4j-log4j12\1.7.25\slf4j-log4j12-1.7.25.jar;C:\Users\Maryna Savchenko\.m2\repository\log4j\log4j\1.2.17\log4j-1.2.17.jar;C:\Users\Maryna Savchenko\.m2\repository\org\springframework\boot\spring-boot-starter-data-mongodb\2.0.2.RELEASE\spring-boot-starter-data-mongodb-2.0.2.RELEASE.jar;C:\Users\Maryna Savchenko\.m2\repository\org\mongodb\mongodb-driver\3.6.0\mongodb-driver-3.6.0.jar;C:\Users\Maryna Savchenko\.m2\repository\org\mongodb\bson\3.6.0\bson-3.6.0.jar;C:\Users\Maryna Savchenko\.m2\repository\org\mongodb\mongodb-driver-core\3.6.0\mongodb-driver-core-3.6.0.jar;C:\Users\Maryna Savchenko\.m2\repository\org\springframework\data\spring-data-mongodb\2.0.7.RELEASE\spring-data-mongodb-2.0.7.RELEASE.jar;C:\Users\Maryna Savchenko\.m2\repository\org\springframework\spring-tx\5.0.6.RELEASE\spring-tx-5.0.6.RELEASE.jar;C:\Users\Maryna Savchenko\.m2\repository\org\springframework\data\spring-data-commons\2.0.7.RELEASE\spring-data-commons-2.0.7.RELEASE.jar;C:\Users\Maryna Savchenko\.m2\repository\org\springframework\boot\spring-boot-starter-actuator\2.0.2.RELEASE\spring-boot-starter-actuator-2.0.2.RELEASE.jar;C:\Users\Maryna Savchenko\.m2\repository\org\springframework\boot\spring-boot-actuator-autoconfigure\2.0.2.RELEASE\spring-boot-actuator-autoconfigure-2.0.2.RELEASE.jar;C:\Users\Maryna Savchenko\.m2\repository\org\springframework\boot\spring-boot-actuator\2.0.2.RELEASE\spring-boot-actuator-2.0.2.RELEASE.jar;C:\Users\Maryna Savchenko\.m2\repository\io\micrometer\micrometer-core\1.0.4\micrometer-core-1.0.4.jar;C:\Users\Maryna Savchenko\.m2\repository\org\hdrhistogram\HdrHistogram\2.1.10\HdrHistogram-2.1.10.jar;C:\Users\Maryna Savchenko\.m2\repository\org\latencyutils\LatencyUtils\2.0.3\LatencyUtils-2.0.3.jar;C:\Users\Maryna Savchenko\.m2\repository\org\springframework\boot\spring-boot-starter-security\2.0.2.RELEASE\spring-boot-starter-security-2.0.2.RELEASE.jar;C:\Users\Maryna Savchenko\.m2\repository\org\springframework\spring-aop\5.0.6.RELEASE\spring-aop-5.0.6.RELEASE.jar;C:\Users\Maryna Savchenko\.m2\repository\org\springframework\security\spring-security-config\5.0.5.RELEASE\spring-security-config-5.0.5.RELEASE.jar;C:\Users\Maryna Savchenko\.m2\repository\org\springframework\security\spring-security-web\5.0.5.RELEASE\spring-security-web-5.0.5.RELEASE.jar;C:\Users\Maryna Savchenko\.m2\repository\org\springframework\security\spring-security-test\5.0.5.RELEASE\spring-security-test-5.0.5.RELEASE.jar;C:\Users\Maryna Savchenko\.m2\repository\org\springframework\security\spring-security-core\5.0.5.RELEASE\spring-security-core-5.0.5.RELEASE.jar;C:\Users\Maryna Savchenko\.m2\repository\org\springframework\spring-core\5.0.6.RELEASE\spring-core-5.0.6.RELEASE.jar;C:\Users\Maryna Savchenko\.m2\repository\org\springframework\spring-jcl\5.0.6.RELEASE\spring-jcl-5.0.6.RELEASE.jar;C:\Users\Maryna Savchenko\.m2\repository\org\springframework\spring-test\5.0.6.RELEASE\spring-test-5.0.6.RELEASE.jar;C:\Users\Maryna Savchenko\.m2\repository\org\springframework\boot\spring-boot-devtools\2.0.2.RELEASE\spring-boot-devtools-2.0.2.RELEASE.jar;C:\Users\Maryna Savchenko\.m2\repository\org\springframework\boot\spring-boot\2.0.2.RELEASE\spring-boot-2.0.2.RELEASE.jar;C:\Users\Maryna Savchenko\.m2\repository\org\springframework\boot\spring-boot-autoconfigure\2.0.2.RELEASE\spring-boot-autoconfigure-2.0.2.RELEASE.jar;C:\Users\Maryna Savchenko\.m2\repository\org\springframework\boot\spring-boot-starter-test\2.0.2.RELEASE\spring-boot-starter-test-2.0.2.RELEASE.jar;C:\Users\Maryna Savchenko\.m2\repository\org\springframework\boot\spring-boot-test\2.0.2.RELEASE\spring-boot-test-2.0.2.RELEASE.jar;C:\Users\Maryna Savchenko\.m2\repository\org\springframework\boot\spring-boot-test-autoconfigure\2.0.2.RELEASE\spring-boot-test-autoconfigure-2.0.2.RELEASE.jar;C:\Users\Maryna Savchenko\.m2\repository\com\jayway\jsonpath\json-path\2.4.0\json-path-2.4.0.jar;C:\Users\Maryna Savchenko\.m2\repository\net\minidev\json-smart\2.3\json-smart-2.3.jar;C:\Users\Maryna Savchenko\.m2\repository\net\minidev\accessors-smart\1.2\accessors-smart-1.2.jar;C:\Users\Maryna Savchenko\.m2\repository\org\ow2\asm\asm\5.0.4\asm-5.0.4.jar;C:\Users\Maryna Savchenko\.m2\repository\org\assertj\assertj-core\3.9.1\assertj-core-3.9.1.jar;C:\Users\Maryna Savchenko\.m2\repository\org\mockito\mockito-core\2.15.0\mockito-core-2.15.0.jar;C:\Users\Maryna Savchenko\.m2\repository\net\bytebuddy\byte-buddy\1.7.11\byte-buddy-1.7.11.jar;C:\Users\Maryna Savchenko\.m2\repository\net\bytebuddy\byte-buddy-agent\1.7.11\byte-buddy-agent-1.7.11.jar;C:\Users\Maryna Savchenko\.m2\repository\org\objenesis\objenesis\2.6\objenesis-2.6.jar;C:\Users\Maryna Savchenko\.m2\repository\org\hamcrest\hamcrest-core\1.3\hamcrest-core-1.3.jar;C:\Users\Maryna Savchenko\.m2\repository\org\hamcrest\hamcrest-library\1.3\hamcrest-library-1.3.jar;C:\Users\Maryna Savchenko\.m2\repository\org\skyscreamer\jsonassert\1.5.0\jsonassert-1.5.0.jar;C:\Users\Maryna Savchenko\.m2\repository\com\vaadin\external\google\android-json\0.0.20131108.vaadin1\android-json-0.0.20131108.vaadin1.jar;C:\Users\Maryna Savchenko\.m2\repository\org\xmlunit\xmlunit-core\2.5.1\xmlunit-core-2.5.1.jar;C:\Users\Maryna Savchenko\.m2\repository\pl\pragmatists\JUnitParams\1.1.1\JUnitParams-1.1.1.jar;C:\Users\Maryna Savchenko\.m2\repository\org\apache\tomcat\embed\tomcat-embed-jasper\8.5.31\tomcat-embed-jasper-8.5.31.jar;C:\Users\Maryna Savchenko\.m2\repository\org\apache\tomcat\embed\tomcat-embed-core\8.5.31\tomcat-embed-core-8.5.31.jar;C:\Users\Maryna Savchenko\.m2\repository\org\apache\tomcat\tomcat-annotations-api\8.5.31\tomcat-annotations-api-8.5.31.jar;C:\Users\Maryna Savchenko\.m2\repository\org\apache\tomcat\embed\tomcat-embed-el\8.5.31\tomcat-embed-el-8.5.31.jar;C:\Users\Maryna Savchenko\.m2\repository\org\eclipse\jdt\ecj\3.12.3\ecj-3.12.3.jar;C:\Users\Maryna Savchenko\.m2\repository\junit\junit\4.12\junit-4.12.jar;C:\Users\Maryna Savchenko\.m2\repository\org\projectlombok\lombok\1.16.20\lombok-1.16.20.jar;C:\Users\Maryna Savchenko\.m2\repository\org\projectlombok\lombok-maven-plugin\1.16.20.0\lombok-maven-plugin-1.16.20.0.jar;C:\Users\Maryna Savchenko\.m2\repository\org\apache\commons\commons-lang3\3.7\commons-lang3-3.7.jar;C:\Users\Maryna Savchenko\.m2\repository\org\sonatype\plexus\plexus-build-api\0.0.7\plexus-build-api-0.0.7.jar;C:\Users\Maryna Savchenko\.m2\repository\org\codehaus\plexus\plexus-utils\1.5.8\plexus-utils-1.5.8.jar;, user.name=Maryna Savchenko, java.vm.specification.version=1.8, sun.java.command=C:\Users\MARYNA~1\AppData\Local\Temp\surefire1244754544745437156\surefirebooter7935569149334272143.jar C:\Users\Maryna Savchenko\AppData\Local\Temp\surefire1244754544745437156 2018-10-11T10-37-06_854-jvmRun1 surefire6084229711424990350tmp surefire_01445494788152468973tmp, java.home=C:\Program Files\Java\jdk1.8.0_131\jre, sun.arch.data.model=64, user.language=en, java.specification.vendor=Oracle Corporation, user.language.format=uk, awt.toolkit=sun.awt.windows.WToolkit, java.vm.info=mixed mode, java.version=1.8.0_131, java.ext.dirs=C:\Program Files\Java\jdk1.8.0_131\jre\lib\ext;C:\WINDOWS\Sun\Java\lib\ext, sun.boot.class.path=C:\Program Files\Java\jdk1.8.0_131\jre\lib\resources.jar;C:\Program Files\Java\jdk1.8.0_131\jre\lib\rt.jar;C:\Program Files\Java\jdk1.8.0_131\jre\lib\sunrsasign.jar;C:\Program Files\Java\jdk1.8.0_131\jre\lib\jsse.jar;C:\Program Files\Java\jdk1.8.0_131\jre\lib\jce.jar;C:\Program Files\Java\jdk1.8.0_131\jre\lib\charsets.jar;C:\Program Files\Java\jdk1.8.0_131\jre\lib\jfr.jar;C:\Program Files\Java\jdk1.8.0_131\jre\classes, java.awt.headless=true, java.vendor=Oracle Corporation, localRepository=C:\Users\Maryna Savchenko\.m2\repository, file.separator=\, java.vendor.url.bug=http://bugreport.sun.com/bugreport/, sun.io.unicode.encoding=UnicodeLittle, sun.cpu.endian=little, sun.desktop=windows, sun.cpu.isalist=amd64}}, SystemEnvironmentPropertySource@1327542306 {name='systemEnvironment', properties={PATH=C:\Users\Maryna Savchenko\bin;C:\Program Files\Git\mingw64\bin;C:\Program Files\Git\usr\local\bin;C:\Program Files\Git\usr\bin;C:\Program Files\Git\usr\bin;C:\Program Files\Git\mingw64\bin;C:\Program Files\Git\usr\bin;C:\Users\Maryna Savchenko\bin;C:\Program Files\Docker\Docker\Resources\bin;C:\ProgramData\Oracle\Java\javapath;C:\Program Files (x86)\Intel\TXE Components\TCS;C:\Program Files\Intel\TXE Components\TCS;C:\WINDOWS\system32;C:\WINDOWS;C:\WINDOWS\System32\Wbem;C:\WINDOWS\System32\WindowsPowerShell\v1.0;C:\Program Files\Intel\TXE Components\DAL;C:\Program Files (x86)\Intel\TXE Components\DAL;C:\Program Files\Intel\TXE Components\IPT;C:\Program Files (x86)\Intel\TXE Components\IPT;E:\java\apache-maven-3.5.0-bin\apache-maven-3.5.0\bin;C:\Program Files\Git\cmd;C:\Program Files\Java\jdk1.8.0_131\bin;C:\Program Files\MySQL\MySQL Utilities 1.6;C:\Program Files (x86)\bin;C:\Program Files (x86)\sbt\bin;C:\Program Files (x86)\Yarn\bin;C:\ProgramData\chocolatey\bin;C:\Program Files\nodejs;C:\Users\Maryna Savchenko\AppData\Local\Microsoft\WindowsApps;E:\java\spark-2.2.0-bin-hadoop2.7\bin;C:\Program Files\Java\jdk1.8.0_131\bin;C:\Program Files (x86)\sbt\bin;C:\winutils\bin;C:\Program Files\Docker Toolbox;C:\Users\Maryna Savchenko\AppData\Local\Yarn\bin;C:\Users\Maryna Savchenko\AppData\Roaming\npm;C:\Program Files\Git\usr\bin\vendor_perl;C:\Program Files\Git\usr\bin\core_perl, USERDOMAIN_ROAMINGPROFILE=BigBrother, PKG_CONFIG_PATH=C:\Program Files\Git\mingw64\lib\pkgconfig;C:\Program Files\Git\mingw64\share\pkgconfig, MSYSTEM_PREFIX=C:/Program Files/Git/mingw64, PROCESSOR_LEVEL=6, SYSTEMDRIVE=C:, CONFIG_SITE=C:/Program Files/Git/mingw64/etc/config.site, FP_NO_HOST_CHECK=NO, POSTGIS_GDAL_ENABLED_DRIVERS=GTiff PNG JPEG GIF XYZ DTED USGSDEM AAIGrid, SESSIONNAME=Console, ALLUSERSPROFILE=C:\ProgramData, GDAL_DATA=C:\Program Files\PostgreSQL\9.6\gdal-data, PROCESSOR_ARCHITECTURE=AMD64, MSYSTEM_CHOST=x86_64-w64-mingw32, =E:=E:\java\repos\JavaTutorAPI\javatutor, ORIGINAL_TEMP=C:/Users/MARYNA~1/AppData/Local/Temp, PROGRAMFILES=C:\Program Files, POSTGIS_ENABLE_OUTDB_RASTERS=1, PSMODULEPATH=C:\WINDOWS\system32\WindowsPowerShell\v1.0\Modules\, PROGRAMDATA=C:\ProgramData, CHOCOLATEYLASTPATHUPDATE=?? ??? 24 11:36:27 2018, USERNAME=Maryna Savchenko, PWD=E:/java/repos/JavaTutorAPI/javatutor, INFOPATH=C:\Program Files\Git\usr\local\info;C:\Program Files\Git\usr\share\info;C:\Program Files\Git\usr\info;C:\Program Files\Git\share\info, FPS_BROWSER_USER_PROFILE_STRING=Default, ONEDRIVE=C:\Users\Maryna Savchenko\OneDrive, PATHEXT=.COM;.EXE;.BAT;.CMD;.VBS;.VBE;.JS;.JSE;.WSF;.WSH;.MSC, SHELL=C:\Program Files\Git\usr\bin\bash.exe, ORIGINAL_TMP=C:/Users/MARYNA~1/AppData/Local/Temp, OLDPWD=E:/java/repos/JavaTutorAPI/javatutor, TMPDIR=C:\Users\MARYNA~1\AppData\Local\Temp, WINDIR=C:\WINDOWS, SSH_ASKPASS=C:/Program Files/Git/mingw64/libexec/git-core/git-gui--askpass, HOMEPATH=\Users\Maryna Savchenko, PROCESSOR_IDENTIFIER=Intel64 Family 6 Model 76 Stepping 3, GenuineIntel, HADOOP_HOME=C:\winutils, M2_HOME=E:\java\apache-maven-3.5.0-bin\apache-maven-3.5.0, PUBLIC=C:\Users\Public, MINGW_CHOST=x86_64-w64-mingw32, =::=::\, EXEPATH=C:\Program Files\Git, SHLVL=1, LOCALAPPDATA=C:\Users\Maryna Savchenko\AppData\Local, ORIGINAL_PATH=C:\Program Files\Git\mingw64\bin;C:\Program Files\Git\usr\bin;C:\Users\Maryna Savchenko\bin;C:\Program Files\Docker\Docker\Resources\bin;C:\ProgramData\Oracle\Java\javapath;C:\Program Files (x86)\Intel\TXE Components\TCS;C:\Program Files\Intel\TXE Components\TCS;C:\WINDOWS\system32;C:\WINDOWS;C:\WINDOWS\System32\Wbem;C:\WINDOWS\System32\WindowsPowerShell\v1.0;C:\Program Files\Intel\TXE Components\DAL;C:\Program Files (x86)\Intel\TXE Components\DAL;C:\Program Files\Intel\TXE Components\IPT;C:\Program Files (x86)\Intel\TXE Components\IPT;E:\java\apache-maven-3.5.0-bin\apache-maven-3.5.0\bin;C:\Program Files\Git\cmd;C:\Program Files\Java\jdk1.8.0_131\bin;C:\Program Files\MySQL\MySQL Utilities 1.6;C:\Program Files (x86)\bin;C:\Program Files (x86)\sbt\bin;C:\Program Files (x86)\Yarn\bin;C:\ProgramData\chocolatey\bin;C:\Program Files\nodejs;C:\Users\Maryna Savchenko\AppData\Local\Microsoft\WindowsApps;E:\java\spark-2.2.0-bin-hadoop2.7\bin;C:\Program Files\Java\jdk1.8.0_131\bin;C:\Program Files (x86)\sbt\bin;C:\winutils\bin;C:\Program Files\Docker Toolbox;C:\Users\Maryna Savchenko\AppData\Local\Yarn\bin;C:\Users\Maryna Savchenko\AppData\Roaming\npm, MANPATH=C:\Program Files\Git\mingw64\share\man;C:\Program Files\Git\usr\local\man;C:\Program Files\Git\usr\share\man;C:\Program Files\Git\usr\man;C:\Program Files\Git\share\man, COMMONPROGRAMFILES(X86)=C:\Program Files (x86)\Common Files, MINGW_PACKAGE_PREFIX=mingw-w64-x86_64, USERDOMAIN=BigBrother, FPS_BROWSER_APP_PROFILE_STRING=Internet Explorer, LOGONSERVER=\\BIGBROTHER, JAVA_HOME=C:/Program Files/Java/jdk1.8.0_131, PLINK_PROTOCOL=ssh, PROMPT=$P$G, PROGRAMFILES(X86)=C:\Program Files (x86), TERM=xterm, LANG=en_US.UTF-8, MINGW_PREFIX=C:/Program Files/Git/mingw64, DISPLAY=needs-to-be-defined, MSYSTEM=MINGW64, APPDATA=C:\Users\Maryna Savchenko\AppData\Roaming, SPARK_HOME=E:\java\spark-2.2.0-bin-hadoop2.7, PROGRAMW6432=C:\Program Files, SYSTEMROOT=C:\WINDOWS, CHOCOLATEYINSTALL=C:\ProgramData\chocolatey, MAVEN_CMD_LINE_ARGS= test, SCALA_HOME=C:\Program Files (x86)\sbt, VBOX_MSI_INSTALL_PATH=C:\Program Files\Oracle\VirtualBox\, OS=Windows_NT, COMMONPROGRAMW6432=C:\Program Files\Common Files, COMPUTERNAME=BIGBROTHER, COMMONPROGRAMFILES=C:\Program Files\Common Files, COMSPEC=C:\WINDOWS\system32\cmd.exe, SBT_HOME=C:\Program Files (x86)\sbt\, MAVEN_PROJECTBASEDIR=E:/java/repos/JavaTutorAPI/javatutor, PROCESSOR_REVISION=4c03, ACLOCAL_PATH=C:\Program Files\Git\mingw64\share\aclocal;C:\Program Files\Git\usr\share\aclocal, MSYSTEM_CARCH=x86_64, PRINTER=Foxit Reader PDF Printer, TEMP=C:\Users\MARYNA~1\AppData\Local\Temp, HOSTNAME=BigBrother, HOMEDRIVE=C:, USERPROFILE=C:\Users\Maryna Savchenko, TMP=C:\Users\MARYNA~1\AppData\Local\Temp, NUMBER_OF_PROCESSORS=4, DOCKER_TOOLBOX_INSTALL_PATH=C:\Program Files\Docker Toolbox, HOME=C:\Users\Maryna Savchenko}}]
10:42:20,562 DEBUG org.springframework.core.io.support.PathMatchingResourcePatternResolver:321 - Resolved classpath location [pro/abacus/javatutor/] to resources [URL [file:/E:/java/repos/JavaTutorAPI/javatutor/target/test-classes/pro/abacus/javatutor/], URL [file:/E:/java/repos/JavaTutorAPI/javatutor/target/classes/pro/abacus/javatutor/]]
10:42:20,562 DEBUG org.springframework.core.io.support.PathMatchingResourcePatternResolver:321 - Resolved classpath location [pro/abacus/javatutor/] to resources [URL [file:/E:/java/repos/JavaTutorAPI/javatutor/target/test-classes/pro/abacus/javatutor/], URL [file:/E:/java/repos/JavaTutorAPI/javatutor/target/classes/pro/abacus/javatutor/]]
10:42:20,564 DEBUG org.springframework.core.io.support.PathMatchingResourcePatternResolver:721 - Looking for matching resources in directory tree [E:\java\repos\JavaTutorAPI\javatutor\target\test-classes\pro\abacus\javatutor]
10:42:20,564 DEBUG org.springframework.core.io.support.PathMatchingResourcePatternResolver:721 - Looking for matching resources in directory tree [E:\java\repos\JavaTutorAPI\javatutor\target\test-classes\pro\abacus\javatutor]
10:42:20,566 DEBUG org.springframework.core.io.support.PathMatchingResourcePatternResolver:783 - Searching directory [E:\java\repos\JavaTutorAPI\javatutor\target\test-classes\pro\abacus\javatutor] for files matching pattern [E:/java/repos/JavaTutorAPI/javatutor/target/test-classes/pro/abacus/javatutor/**/*.class]
10:42:20,566 DEBUG org.springframework.core.io.support.PathMatchingResourcePatternResolver:783 - Searching directory [E:\java\repos\JavaTutorAPI\javatutor\target\test-classes\pro\abacus\javatutor] for files matching pattern [E:/java/repos/JavaTutorAPI/javatutor/target/test-classes/pro/abacus/javatutor/**/*.class]
10:42:20,597 DEBUG org.springframework.core.io.support.PathMatchingResourcePatternResolver:783 - Searching directory [E:\java\repos\JavaTutorAPI\javatutor\target\test-classes\pro\abacus\javatutor\controller] for files matching pattern [E:/java/repos/JavaTutorAPI/javatutor/target/test-classes/pro/abacus/javatutor/**/*.class]
10:42:20,597 DEBUG org.springframework.core.io.support.PathMatchingResourcePatternResolver:783 - Searching directory [E:\java\repos\JavaTutorAPI\javatutor\target\test-classes\pro\abacus\javatutor\controller] for files matching pattern [E:/java/repos/JavaTutorAPI/javatutor/target/test-classes/pro/abacus/javatutor/**/*.class]
10:42:20,606 DEBUG org.springframework.core.io.support.PathMatchingResourcePatternResolver:783 - Searching directory [E:\java\repos\JavaTutorAPI\javatutor\target\test-classes\pro\abacus\javatutor\repository] for files matching pattern [E:/java/repos/JavaTutorAPI/javatutor/target/test-classes/pro/abacus/javatutor/**/*.class]
10:42:20,606 DEBUG org.springframework.core.io.support.PathMatchingResourcePatternResolver:783 - Searching directory [E:\java\repos\JavaTutorAPI\javatutor\target\test-classes\pro\abacus\javatutor\repository] for files matching pattern [E:/java/repos/JavaTutorAPI/javatutor/target/test-classes/pro/abacus/javatutor/**/*.class]
10:42:20,611 DEBUG org.springframework.core.io.support.PathMatchingResourcePatternResolver:783 - Searching directory [E:\java\repos\JavaTutorAPI\javatutor\target\test-classes\pro\abacus\javatutor\security] for files matching pattern [E:/java/repos/JavaTutorAPI/javatutor/target/test-classes/pro/abacus/javatutor/**/*.class]
10:42:20,611 DEBUG org.springframework.core.io.support.PathMatchingResourcePatternResolver:783 - Searching directory [E:\java\repos\JavaTutorAPI\javatutor\target\test-classes\pro\abacus\javatutor\security] for files matching pattern [E:/java/repos/JavaTutorAPI/javatutor/target/test-classes/pro/abacus/javatutor/**/*.class]
10:42:20,614 DEBUG org.springframework.core.io.support.PathMatchingResourcePatternResolver:783 - Searching directory [E:\java\repos\JavaTutorAPI\javatutor\target\test-classes\pro\abacus\javatutor\service] for files matching pattern [E:/java/repos/JavaTutorAPI/javatutor/target/test-classes/pro/abacus/javatutor/**/*.class]
10:42:20,614 DEBUG org.springframework.core.io.support.PathMatchingResourcePatternResolver:783 - Searching directory [E:\java\repos\JavaTutorAPI\javatutor\target\test-classes\pro\abacus\javatutor\service] for files matching pattern [E:/java/repos/JavaTutorAPI/javatutor/target/test-classes/pro/abacus/javatutor/**/*.class]
10:42:20,618 DEBUG org.springframework.core.io.support.PathMatchingResourcePatternResolver:721 - Looking for matching resources in directory tree [E:\java\repos\JavaTutorAPI\javatutor\target\classes\pro\abacus\javatutor]
10:42:20,618 DEBUG org.springframework.core.io.support.PathMatchingResourcePatternResolver:721 - Looking for matching resources in directory tree [E:\java\repos\JavaTutorAPI\javatutor\target\classes\pro\abacus\javatutor]
10:42:20,624 DEBUG org.springframework.core.io.support.PathMatchingResourcePatternResolver:783 - Searching directory [E:\java\repos\JavaTutorAPI\javatutor\target\classes\pro\abacus\javatutor] for files matching pattern [E:/java/repos/JavaTutorAPI/javatutor/target/classes/pro/abacus/javatutor/**/*.class]
10:42:20,624 DEBUG org.springframework.core.io.support.PathMatchingResourcePatternResolver:783 - Searching directory [E:\java\repos\JavaTutorAPI\javatutor\target\classes\pro\abacus\javatutor] for files matching pattern [E:/java/repos/JavaTutorAPI/javatutor/target/classes/pro/abacus/javatutor/**/*.class]
10:42:20,626 DEBUG org.springframework.core.io.support.PathMatchingResourcePatternResolver:783 - Searching directory [E:\java\repos\JavaTutorAPI\javatutor\target\classes\pro\abacus\javatutor\controller] for files matching pattern [E:/java/repos/JavaTutorAPI/javatutor/target/classes/pro/abacus/javatutor/**/*.class]
10:42:20,626 DEBUG org.springframework.core.io.support.PathMatchingResourcePatternResolver:783 - Searching directory [E:\java\repos\JavaTutorAPI\javatutor\target\classes\pro\abacus\javatutor\controller] for files matching pattern [E:/java/repos/JavaTutorAPI/javatutor/target/classes/pro/abacus/javatutor/**/*.class]
10:42:20,627 DEBUG org.springframework.core.io.support.PathMatchingResourcePatternResolver:783 - Searching directory [E:\java\repos\JavaTutorAPI\javatutor\target\classes\pro\abacus\javatutor\domain] for files matching pattern [E:/java/repos/JavaTutorAPI/javatutor/target/classes/pro/abacus/javatutor/**/*.class]
10:42:20,627 DEBUG org.springframework.core.io.support.PathMatchingResourcePatternResolver:783 - Searching directory [E:\java\repos\JavaTutorAPI\javatutor\target\classes\pro\abacus\javatutor\domain] for files matching pattern [E:/java/repos/JavaTutorAPI/javatutor/target/classes/pro/abacus/javatutor/**/*.class]
10:42:20,631 DEBUG org.springframework.core.io.support.PathMatchingResourcePatternResolver:783 - Searching directory [E:\java\repos\JavaTutorAPI\javatutor\target\classes\pro\abacus\javatutor\repository] for files matching pattern [E:/java/repos/JavaTutorAPI/javatutor/target/classes/pro/abacus/javatutor/**/*.class]
10:42:20,631 DEBUG org.springframework.core.io.support.PathMatchingResourcePatternResolver:783 - Searching directory [E:\java\repos\JavaTutorAPI\javatutor\target\classes\pro\abacus\javatutor\repository] for files matching pattern [E:/java/repos/JavaTutorAPI/javatutor/target/classes/pro/abacus/javatutor/**/*.class]
10:42:20,634 DEBUG org.springframework.core.io.support.PathMatchingResourcePatternResolver:783 - Searching directory [E:\java\repos\JavaTutorAPI\javatutor\target\classes\pro\abacus\javatutor\security] for files matching pattern [E:/java/repos/JavaTutorAPI/javatutor/target/classes/pro/abacus/javatutor/**/*.class]
10:42:20,634 DEBUG org.springframework.core.io.support.PathMatchingResourcePatternResolver:783 - Searching directory [E:\java\repos\JavaTutorAPI\javatutor\target\classes\pro\abacus\javatutor\security] for files matching pattern [E:/java/repos/JavaTutorAPI/javatutor/target/classes/pro/abacus/javatutor/**/*.class]
10:42:20,643 DEBUG org.springframework.core.io.support.PathMatchingResourcePatternResolver:783 - Searching directory [E:\java\repos\JavaTutorAPI\javatutor\target\classes\pro\abacus\javatutor\service] for files matching pattern [E:/java/repos/JavaTutorAPI/javatutor/target/classes/pro/abacus/javatutor/**/*.class]
10:42:20,643 DEBUG org.springframework.core.io.support.PathMatchingResourcePatternResolver:783 - Searching directory [E:\java\repos\JavaTutorAPI\javatutor\target\classes\pro\abacus\javatutor\service] for files matching pattern [E:/java/repos/JavaTutorAPI/javatutor/target/classes/pro/abacus/javatutor/**/*.class]
10:42:20,650 DEBUG org.springframework.core.io.support.PathMatchingResourcePatternResolver:514 - Resolved location pattern [classpath*:pro/abacus/javatutor/**/*.class] to resources [file [E:\java\repos\JavaTutorAPI\javatutor\target\test-classes\pro\abacus\javatutor\controller\QuestionRestControllerTest.class], file [E:\java\repos\JavaTutorAPI\javatutor\target\test-classes\pro\abacus\javatutor\controller\RegistrationControllerTest.class], file [E:\java\repos\JavaTutorAPI\javatutor\target\test-classes\pro\abacus\javatutor\JavaTutorApplicationTest.class], file [E:\java\repos\JavaTutorAPI\javatutor\target\test-classes\pro\abacus\javatutor\repository\AuthorityRepositoryTest.class], file [E:\java\repos\JavaTutorAPI\javatutor\target\test-classes\pro\abacus\javatutor\repository\JavaQuestionRepositoryTest.class], file [E:\java\repos\JavaTutorAPI\javatutor\target\test-classes\pro\abacus\javatutor\repository\UserRepositoryTest.class], file [E:\java\repos\JavaTutorAPI\javatutor\target\test-classes\pro\abacus\javatutor\security\UserDetailsServiceImplTest.class], file [E:\java\repos\JavaTutorAPI\javatutor\target\test-classes\pro\abacus\javatutor\SecurityIntegrationTest.class], file [E:\java\repos\JavaTutorAPI\javatutor\target\test-classes\pro\abacus\javatutor\service\JavaQuestionsServiceImplTest.class], file [E:\java\repos\JavaTutorAPI\javatutor\target\test-classes\pro\abacus\javatutor\service\UserServiceImplTest.class], file [E:\java\repos\JavaTutorAPI\javatutor\target\classes\pro\abacus\javatutor\controller\QuestionRestController.class], file [E:\java\repos\JavaTutorAPI\javatutor\target\classes\pro\abacus\javatutor\controller\RegistrationController.class], file [E:\java\repos\JavaTutorAPI\javatutor\target\classes\pro\abacus\javatutor\DatabaseConfiguration.class], file [E:\java\repos\JavaTutorAPI\javatutor\target\classes\pro\abacus\javatutor\domain\Authority.class], file [E:\java\repos\JavaTutorAPI\javatutor\target\classes\pro\abacus\javatutor\domain\JavaQuestion.class], file [E:\java\repos\JavaTutorAPI\javatutor\target\classes\pro\abacus\javatutor\domain\User.class], file [E:\java\repos\JavaTutorAPI\javatutor\target\classes\pro\abacus\javatutor\JavaTutorApplication.class], file [E:\java\repos\JavaTutorAPI\javatutor\target\classes\pro\abacus\javatutor\repository\AuthorityRepository.class], file [E:\java\repos\JavaTutorAPI\javatutor\target\classes\pro\abacus\javatutor\repository\JavaQuestionRepository.class], file [E:\java\repos\JavaTutorAPI\javatutor\target\classes\pro\abacus\javatutor\repository\UserRepository.class], file [E:\java\repos\JavaTutorAPI\javatutor\target\classes\pro\abacus\javatutor\security\AuthFailureHandler.class], file [E:\java\repos\JavaTutorAPI\javatutor\target\classes\pro\abacus\javatutor\security\AuthSuccessHandler.class], file [E:\java\repos\JavaTutorAPI\javatutor\target\classes\pro\abacus\javatutor\security\LogoutSuccessHandlerImpl.class], file [E:\java\repos\JavaTutorAPI\javatutor\target\classes\pro\abacus\javatutor\security\UserDetailsImpl.class], file [E:\java\repos\JavaTutorAPI\javatutor\target\classes\pro\abacus\javatutor\security\UserDetailsServiceImpl.class], file [E:\java\repos\JavaTutorAPI\javatutor\target\classes\pro\abacus\javatutor\SecurityConfiguration.class], file [E:\java\repos\JavaTutorAPI\javatutor\target\classes\pro\abacus\javatutor\service\JavaQuestionsService.class], file [E:\java\repos\JavaTutorAPI\javatutor\target\classes\pro\abacus\javatutor\service\JavaQuestionsServiceImpl.class], file [E:\java\repos\JavaTutorAPI\javatutor\target\classes\pro\abacus\javatutor\service\UserService.class], file [E:\java\repos\JavaTutorAPI\javatutor\target\classes\pro\abacus\javatutor\service\UserServiceImpl.class]]
10:42:20,650 DEBUG org.springframework.core.io.support.PathMatchingResourcePatternResolver:514 - Resolved location pattern [classpath*:pro/abacus/javatutor/**/*.class] to resources [file [E:\java\repos\JavaTutorAPI\javatutor\target\test-classes\pro\abacus\javatutor\controller\QuestionRestControllerTest.class], file [E:\java\repos\JavaTutorAPI\javatutor\target\test-classes\pro\abacus\javatutor\controller\RegistrationControllerTest.class], file [E:\java\repos\JavaTutorAPI\javatutor\target\test-classes\pro\abacus\javatutor\JavaTutorApplicationTest.class], file [E:\java\repos\JavaTutorAPI\javatutor\target\test-classes\pro\abacus\javatutor\repository\AuthorityRepositoryTest.class], file [E:\java\repos\JavaTutorAPI\javatutor\target\test-classes\pro\abacus\javatutor\repository\JavaQuestionRepositoryTest.class], file [E:\java\repos\JavaTutorAPI\javatutor\target\test-classes\pro\abacus\javatutor\repository\UserRepositoryTest.class], file [E:\java\repos\JavaTutorAPI\javatutor\target\test-classes\pro\abacus\javatutor\security\UserDetailsServiceImplTest.class], file [E:\java\repos\JavaTutorAPI\javatutor\target\test-classes\pro\abacus\javatutor\SecurityIntegrationTest.class], file [E:\java\repos\JavaTutorAPI\javatutor\target\test-classes\pro\abacus\javatutor\service\JavaQuestionsServiceImplTest.class], file [E:\java\repos\JavaTutorAPI\javatutor\target\test-classes\pro\abacus\javatutor\service\UserServiceImplTest.class], file [E:\java\repos\JavaTutorAPI\javatutor\target\classes\pro\abacus\javatutor\controller\QuestionRestController.class], file [E:\java\repos\JavaTutorAPI\javatutor\target\classes\pro\abacus\javatutor\controller\RegistrationController.class], file [E:\java\repos\JavaTutorAPI\javatutor\target\classes\pro\abacus\javatutor\DatabaseConfiguration.class], file [E:\java\repos\JavaTutorAPI\javatutor\target\classes\pro\abacus\javatutor\domain\Authority.class], file [E:\java\repos\JavaTutorAPI\javatutor\target\classes\pro\abacus\javatutor\domain\JavaQuestion.class], file [E:\java\repos\JavaTutorAPI\javatutor\target\classes\pro\abacus\javatutor\domain\User.class], file [E:\java\repos\JavaTutorAPI\javatutor\target\classes\pro\abacus\javatutor\JavaTutorApplication.class], file [E:\java\repos\JavaTutorAPI\javatutor\target\classes\pro\abacus\javatutor\repository\AuthorityRepository.class], file [E:\java\repos\JavaTutorAPI\javatutor\target\classes\pro\abacus\javatutor\repository\JavaQuestionRepository.class], file [E:\java\repos\JavaTutorAPI\javatutor\target\classes\pro\abacus\javatutor\repository\UserRepository.class], file [E:\java\repos\JavaTutorAPI\javatutor\target\classes\pro\abacus\javatutor\security\AuthFailureHandler.class], file [E:\java\repos\JavaTutorAPI\javatutor\target\classes\pro\abacus\javatutor\security\AuthSuccessHandler.class], file [E:\java\repos\JavaTutorAPI\javatutor\target\classes\pro\abacus\javatutor\security\LogoutSuccessHandlerImpl.class], file [E:\java\repos\JavaTutorAPI\javatutor\target\classes\pro\abacus\javatutor\security\UserDetailsImpl.class], file [E:\java\repos\JavaTutorAPI\javatutor\target\classes\pro\abacus\javatutor\security\UserDetailsServiceImpl.class], file [E:\java\repos\JavaTutorAPI\javatutor\target\classes\pro\abacus\javatutor\SecurityConfiguration.class], file [E:\java\repos\JavaTutorAPI\javatutor\target\classes\pro\abacus\javatutor\service\JavaQuestionsService.class], file [E:\java\repos\JavaTutorAPI\javatutor\target\classes\pro\abacus\javatutor\service\JavaQuestionsServiceImpl.class], file [E:\java\repos\JavaTutorAPI\javatutor\target\classes\pro\abacus\javatutor\service\UserService.class], file [E:\java\repos\JavaTutorAPI\javatutor\target\classes\pro\abacus\javatutor\service\UserServiceImpl.class]]
10:42:20,656 TRACE org.springframework.context.annotation.ClassPathScanningCandidateComponentProvider:426 - Scanning file [E:\java\repos\JavaTutorAPI\javatutor\target\test-classes\pro\abacus\javatutor\controller\QuestionRestControllerTest.class]
10:42:20,656 TRACE org.springframework.context.annotation.ClassPathScanningCandidateComponentProvider:426 - Scanning file [E:\java\repos\JavaTutorAPI\javatutor\target\test-classes\pro\abacus\javatutor\controller\QuestionRestControllerTest.class]
10:42:20,657 TRACE org.springframework.context.annotation.ClassPathScanningCandidateComponentProvider:449 - Ignored because not matching any filter: file [E:\java\repos\JavaTutorAPI\javatutor\target\test-classes\pro\abacus\javatutor\controller\QuestionRestControllerTest.class]
10:42:20,657 TRACE org.springframework.context.annotation.ClassPathScanningCandidateComponentProvider:449 - Ignored because not matching any filter: file [E:\java\repos\JavaTutorAPI\javatutor\target\test-classes\pro\abacus\javatutor\controller\QuestionRestControllerTest.class]
10:42:20,658 TRACE org.springframework.context.annotation.ClassPathScanningCandidateComponentProvider:426 - Scanning file [E:\java\repos\JavaTutorAPI\javatutor\target\test-classes\pro\abacus\javatutor\controller\RegistrationControllerTest.class]
10:42:20,658 TRACE org.springframework.context.annotation.ClassPathScanningCandidateComponentProvider:426 - Scanning file [E:\java\repos\JavaTutorAPI\javatutor\target\test-classes\pro\abacus\javatutor\controller\RegistrationControllerTest.class]
10:42:20,659 TRACE org.springframework.context.annotation.ClassPathScanningCandidateComponentProvider:449 - Ignored because not matching any filter: file [E:\java\repos\JavaTutorAPI\javatutor\target\test-classes\pro\abacus\javatutor\controller\RegistrationControllerTest.class]
10:42:20,659 TRACE org.springframework.context.annotation.ClassPathScanningCandidateComponentProvider:449 - Ignored because not matching any filter: file [E:\java\repos\JavaTutorAPI\javatutor\target\test-classes\pro\abacus\javatutor\controller\RegistrationControllerTest.class]
10:42:20,660 TRACE org.springframework.context.annotation.ClassPathScanningCandidateComponentProvider:426 - Scanning file [E:\java\repos\JavaTutorAPI\javatutor\target\test-classes\pro\abacus\javatutor\JavaTutorApplicationTest.class]
10:42:20,660 TRACE org.springframework.context.annotation.ClassPathScanningCandidateComponentProvider:426 - Scanning file [E:\java\repos\JavaTutorAPI\javatutor\target\test-classes\pro\abacus\javatutor\JavaTutorApplicationTest.class]
10:42:20,661 TRACE org.springframework.context.annotation.ClassPathScanningCandidateComponentProvider:449 - Ignored because not matching any filter: file [E:\java\repos\JavaTutorAPI\javatutor\target\test-classes\pro\abacus\javatutor\JavaTutorApplicationTest.class]
10:42:20,661 TRACE org.springframework.context.annotation.ClassPathScanningCandidateComponentProvider:449 - Ignored because not matching any filter: file [E:\java\repos\JavaTutorAPI\javatutor\target\test-classes\pro\abacus\javatutor\JavaTutorApplicationTest.class]
10:42:20,662 TRACE org.springframework.context.annotation.ClassPathScanningCandidateComponentProvider:426 - Scanning file [E:\java\repos\JavaTutorAPI\javatutor\target\test-classes\pro\abacus\javatutor\repository\AuthorityRepositoryTest.class]
10:42:20,662 TRACE org.springframework.context.annotation.ClassPathScanningCandidateComponentProvider:426 - Scanning file [E:\java\repos\JavaTutorAPI\javatutor\target\test-classes\pro\abacus\javatutor\repository\AuthorityRepositoryTest.class]
10:42:20,664 TRACE org.springframework.context.annotation.ClassPathScanningCandidateComponentProvider:449 - Ignored because not matching any filter: file [E:\java\repos\JavaTutorAPI\javatutor\target\test-classes\pro\abacus\javatutor\repository\AuthorityRepositoryTest.class]
10:42:20,664 TRACE org.springframework.context.annotation.ClassPathScanningCandidateComponentProvider:449 - Ignored because not matching any filter: file [E:\java\repos\JavaTutorAPI\javatutor\target\test-classes\pro\abacus\javatutor\repository\AuthorityRepositoryTest.class]
10:42:20,665 TRACE org.springframework.context.annotation.ClassPathScanningCandidateComponentProvider:426 - Scanning file [E:\java\repos\JavaTutorAPI\javatutor\target\test-classes\pro\abacus\javatutor\repository\JavaQuestionRepositoryTest.class]
10:42:20,665 TRACE org.springframework.context.annotation.ClassPathScanningCandidateComponentProvider:426 - Scanning file [E:\java\repos\JavaTutorAPI\javatutor\target\test-classes\pro\abacus\javatutor\repository\JavaQuestionRepositoryTest.class]
10:42:20,666 TRACE org.springframework.context.annotation.ClassPathScanningCandidateComponentProvider:449 - Ignored because not matching any filter: file [E:\java\repos\JavaTutorAPI\javatutor\target\test-classes\pro\abacus\javatutor\repository\JavaQuestionRepositoryTest.class]
10:42:20,666 TRACE org.springframework.context.annotation.ClassPathScanningCandidateComponentProvider:449 - Ignored because not matching any filter: file [E:\java\repos\JavaTutorAPI\javatutor\target\test-classes\pro\abacus\javatutor\repository\JavaQuestionRepositoryTest.class]
10:42:20,668 TRACE org.springframework.context.annotation.ClassPathScanningCandidateComponentProvider:426 - Scanning file [E:\java\repos\JavaTutorAPI\javatutor\target\test-classes\pro\abacus\javatutor\repository\UserRepositoryTest.class]
10:42:20,668 TRACE org.springframework.context.annotation.ClassPathScanningCandidateComponentProvider:426 - Scanning file [E:\java\repos\JavaTutorAPI\javatutor\target\test-classes\pro\abacus\javatutor\repository\UserRepositoryTest.class]
10:42:20,669 TRACE org.springframework.context.annotation.ClassPathScanningCandidateComponentProvider:449 - Ignored because not matching any filter: file [E:\java\repos\JavaTutorAPI\javatutor\target\test-classes\pro\abacus\javatutor\repository\UserRepositoryTest.class]
10:42:20,669 TRACE org.springframework.context.annotation.ClassPathScanningCandidateComponentProvider:449 - Ignored because not matching any filter: file [E:\java\repos\JavaTutorAPI\javatutor\target\test-classes\pro\abacus\javatutor\repository\UserRepositoryTest.class]
10:42:20,671 TRACE org.springframework.context.annotation.ClassPathScanningCandidateComponentProvider:426 - Scanning file [E:\java\repos\JavaTutorAPI\javatutor\target\test-classes\pro\abacus\javatutor\security\UserDetailsServiceImplTest.class]
10:42:20,671 TRACE org.springframework.context.annotation.ClassPathScanningCandidateComponentProvider:426 - Scanning file [E:\java\repos\JavaTutorAPI\javatutor\target\test-classes\pro\abacus\javatutor\security\UserDetailsServiceImplTest.class]
10:42:20,672 TRACE org.springframework.context.annotation.ClassPathScanningCandidateComponentProvider:449 - Ignored because not matching any filter: file [E:\java\repos\JavaTutorAPI\javatutor\target\test-classes\pro\abacus\javatutor\security\UserDetailsServiceImplTest.class]
10:42:20,672 TRACE org.springframework.context.annotation.ClassPathScanningCandidateComponentProvider:449 - Ignored because not matching any filter: file [E:\java\repos\JavaTutorAPI\javatutor\target\test-classes\pro\abacus\javatutor\security\UserDetailsServiceImplTest.class]
10:42:20,674 TRACE org.springframework.context.annotation.ClassPathScanningCandidateComponentProvider:426 - Scanning file [E:\java\repos\JavaTutorAPI\javatutor\target\test-classes\pro\abacus\javatutor\SecurityIntegrationTest.class]
10:42:20,674 TRACE org.springframework.context.annotation.ClassPathScanningCandidateComponentProvider:426 - Scanning file [E:\java\repos\JavaTutorAPI\javatutor\target\test-classes\pro\abacus\javatutor\SecurityIntegrationTest.class]
10:42:20,675 TRACE org.springframework.context.annotation.ClassPathScanningCandidateComponentProvider:449 - Ignored because not matching any filter: file [E:\java\repos\JavaTutorAPI\javatutor\target\test-classes\pro\abacus\javatutor\SecurityIntegrationTest.class]
10:42:20,675 TRACE org.springframework.context.annotation.ClassPathScanningCandidateComponentProvider:449 - Ignored because not matching any filter: file [E:\java\repos\JavaTutorAPI\javatutor\target\test-classes\pro\abacus\javatutor\SecurityIntegrationTest.class]
10:42:20,676 TRACE org.springframework.context.annotation.ClassPathScanningCandidateComponentProvider:426 - Scanning file [E:\java\repos\JavaTutorAPI\javatutor\target\test-classes\pro\abacus\javatutor\service\JavaQuestionsServiceImplTest.class]
10:42:20,676 TRACE org.springframework.context.annotation.ClassPathScanningCandidateComponentProvider:426 - Scanning file [E:\java\repos\JavaTutorAPI\javatutor\target\test-classes\pro\abacus\javatutor\service\JavaQuestionsServiceImplTest.class]
10:42:20,677 TRACE org.springframework.context.annotation.ClassPathScanningCandidateComponentProvider:449 - Ignored because not matching any filter: file [E:\java\repos\JavaTutorAPI\javatutor\target\test-classes\pro\abacus\javatutor\service\JavaQuestionsServiceImplTest.class]
10:42:20,677 TRACE org.springframework.context.annotation.ClassPathScanningCandidateComponentProvider:449 - Ignored because not matching any filter: file [E:\java\repos\JavaTutorAPI\javatutor\target\test-classes\pro\abacus\javatutor\service\JavaQuestionsServiceImplTest.class]
10:42:20,678 TRACE org.springframework.context.annotation.ClassPathScanningCandidateComponentProvider:426 - Scanning file [E:\java\repos\JavaTutorAPI\javatutor\target\test-classes\pro\abacus\javatutor\service\UserServiceImplTest.class]
10:42:20,678 TRACE org.springframework.context.annotation.ClassPathScanningCandidateComponentProvider:426 - Scanning file [E:\java\repos\JavaTutorAPI\javatutor\target\test-classes\pro\abacus\javatutor\service\UserServiceImplTest.class]
10:42:20,679 TRACE org.springframework.context.annotation.ClassPathScanningCandidateComponentProvider:449 - Ignored because not matching any filter: file [E:\java\repos\JavaTutorAPI\javatutor\target\test-classes\pro\abacus\javatutor\service\UserServiceImplTest.class]
10:42:20,679 TRACE org.springframework.context.annotation.ClassPathScanningCandidateComponentProvider:449 - Ignored because not matching any filter: file [E:\java\repos\JavaTutorAPI\javatutor\target\test-classes\pro\abacus\javatutor\service\UserServiceImplTest.class]
10:42:20,680 TRACE org.springframework.context.annotation.ClassPathScanningCandidateComponentProvider:426 - Scanning file [E:\java\repos\JavaTutorAPI\javatutor\target\classes\pro\abacus\javatutor\controller\QuestionRestController.class]
10:42:20,680 TRACE org.springframework.context.annotation.ClassPathScanningCandidateComponentProvider:426 - Scanning file [E:\java\repos\JavaTutorAPI\javatutor\target\classes\pro\abacus\javatutor\controller\QuestionRestController.class]
10:42:20,681 TRACE org.springframework.context.annotation.ClassPathScanningCandidateComponentProvider:449 - Ignored because not matching any filter: file [E:\java\repos\JavaTutorAPI\javatutor\target\classes\pro\abacus\javatutor\controller\QuestionRestController.class]
10:42:20,681 TRACE org.springframework.context.annotation.ClassPathScanningCandidateComponentProvider:449 - Ignored because not matching any filter: file [E:\java\repos\JavaTutorAPI\javatutor\target\classes\pro\abacus\javatutor\controller\QuestionRestController.class]
10:42:20,681 TRACE org.springframework.context.annotation.ClassPathScanningCandidateComponentProvider:426 - Scanning file [E:\java\repos\JavaTutorAPI\javatutor\target\classes\pro\abacus\javatutor\controller\RegistrationController.class]
10:42:20,681 TRACE org.springframework.context.annotation.ClassPathScanningCandidateComponentProvider:426 - Scanning file [E:\java\repos\JavaTutorAPI\javatutor\target\classes\pro\abacus\javatutor\controller\RegistrationController.class]
10:42:20,682 TRACE org.springframework.context.annotation.ClassPathScanningCandidateComponentProvider:449 - Ignored because not matching any filter: file [E:\java\repos\JavaTutorAPI\javatutor\target\classes\pro\abacus\javatutor\controller\RegistrationController.class]
10:42:20,682 TRACE org.springframework.context.annotation.ClassPathScanningCandidateComponentProvider:449 - Ignored because not matching any filter: file [E:\java\repos\JavaTutorAPI\javatutor\target\classes\pro\abacus\javatutor\controller\RegistrationController.class]
10:42:20,684 TRACE org.springframework.context.annotation.ClassPathScanningCandidateComponentProvider:426 - Scanning file [E:\java\repos\JavaTutorAPI\javatutor\target\classes\pro\abacus\javatutor\DatabaseConfiguration.class]
10:42:20,684 TRACE org.springframework.context.annotation.ClassPathScanningCandidateComponentProvider:426 - Scanning file [E:\java\repos\JavaTutorAPI\javatutor\target\classes\pro\abacus\javatutor\DatabaseConfiguration.class]
10:42:20,685 TRACE org.springframework.context.annotation.ClassPathScanningCandidateComponentProvider:449 - Ignored because not matching any filter: file [E:\java\repos\JavaTutorAPI\javatutor\target\classes\pro\abacus\javatutor\DatabaseConfiguration.class]
10:42:20,685 TRACE org.springframework.context.annotation.ClassPathScanningCandidateComponentProvider:449 - Ignored because not matching any filter: file [E:\java\repos\JavaTutorAPI\javatutor\target\classes\pro\abacus\javatutor\DatabaseConfiguration.class]
10:42:20,685 TRACE org.springframework.context.annotation.ClassPathScanningCandidateComponentProvider:426 - Scanning file [E:\java\repos\JavaTutorAPI\javatutor\target\classes\pro\abacus\javatutor\domain\Authority.class]
10:42:20,685 TRACE org.springframework.context.annotation.ClassPathScanningCandidateComponentProvider:426 - Scanning file [E:\java\repos\JavaTutorAPI\javatutor\target\classes\pro\abacus\javatutor\domain\Authority.class]
10:42:20,688 DEBUG org.springframework.context.annotation.ClassPathScanningCandidateComponentProvider:437 - Identified candidate component class: file [E:\java\repos\JavaTutorAPI\javatutor\target\classes\pro\abacus\javatutor\domain\Authority.class]
10:42:20,688 DEBUG org.springframework.context.annotation.ClassPathScanningCandidateComponentProvider:437 - Identified candidate component class: file [E:\java\repos\JavaTutorAPI\javatutor\target\classes\pro\abacus\javatutor\domain\Authority.class]
10:42:20,690 TRACE org.springframework.context.annotation.ClassPathScanningCandidateComponentProvider:426 - Scanning file [E:\java\repos\JavaTutorAPI\javatutor\target\classes\pro\abacus\javatutor\domain\JavaQuestion.class]
10:42:20,690 TRACE org.springframework.context.annotation.ClassPathScanningCandidateComponentProvider:426 - Scanning file [E:\java\repos\JavaTutorAPI\javatutor\target\classes\pro\abacus\javatutor\domain\JavaQuestion.class]
10:42:20,691 DEBUG org.springframework.context.annotation.ClassPathScanningCandidateComponentProvider:437 - Identified candidate component class: file [E:\java\repos\JavaTutorAPI\javatutor\target\classes\pro\abacus\javatutor\domain\JavaQuestion.class]
10:42:20,691 DEBUG org.springframework.context.annotation.ClassPathScanningCandidateComponentProvider:437 - Identified candidate component class: file [E:\java\repos\JavaTutorAPI\javatutor\target\classes\pro\abacus\javatutor\domain\JavaQuestion.class]
10:42:20,692 TRACE org.springframework.context.annotation.ClassPathScanningCandidateComponentProvider:426 - Scanning file [E:\java\repos\JavaTutorAPI\javatutor\target\classes\pro\abacus\javatutor\domain\User.class]
10:42:20,692 TRACE org.springframework.context.annotation.ClassPathScanningCandidateComponentProvider:426 - Scanning file [E:\java\repos\JavaTutorAPI\javatutor\target\classes\pro\abacus\javatutor\domain\User.class]
10:42:20,693 DEBUG org.springframework.context.annotation.ClassPathScanningCandidateComponentProvider:437 - Identified candidate component class: file [E:\java\repos\JavaTutorAPI\javatutor\target\classes\pro\abacus\javatutor\domain\User.class]
10:42:20,693 DEBUG org.springframework.context.annotation.ClassPathScanningCandidateComponentProvider:437 - Identified candidate component class: file [E:\java\repos\JavaTutorAPI\javatutor\target\classes\pro\abacus\javatutor\domain\User.class]
10:42:20,694 TRACE org.springframework.context.annotation.ClassPathScanningCandidateComponentProvider:426 - Scanning file [E:\java\repos\JavaTutorAPI\javatutor\target\classes\pro\abacus\javatutor\JavaTutorApplication.class]
10:42:20,694 TRACE org.springframework.context.annotation.ClassPathScanningCandidateComponentProvider:426 - Scanning file [E:\java\repos\JavaTutorAPI\javatutor\target\classes\pro\abacus\javatutor\JavaTutorApplication.class]
10:42:20,695 TRACE org.springframework.context.annotation.ClassPathScanningCandidateComponentProvider:449 - Ignored because not matching any filter: file [E:\java\repos\JavaTutorAPI\javatutor\target\classes\pro\abacus\javatutor\JavaTutorApplication.class]
10:42:20,695 TRACE org.springframework.context.annotation.ClassPathScanningCandidateComponentProvider:449 - Ignored because not matching any filter: file [E:\java\repos\JavaTutorAPI\javatutor\target\classes\pro\abacus\javatutor\JavaTutorApplication.class]
10:42:20,696 TRACE org.springframework.context.annotation.ClassPathScanningCandidateComponentProvider:426 - Scanning file [E:\java\repos\JavaTutorAPI\javatutor\target\classes\pro\abacus\javatutor\repository\AuthorityRepository.class]
10:42:20,696 TRACE org.springframework.context.annotation.ClassPathScanningCandidateComponentProvider:426 - Scanning file [E:\java\repos\JavaTutorAPI\javatutor\target\classes\pro\abacus\javatutor\repository\AuthorityRepository.class]
10:42:20,697 TRACE org.springframework.context.annotation.ClassPathScanningCandidateComponentProvider:449 - Ignored because not matching any filter: file [E:\java\repos\JavaTutorAPI\javatutor\target\classes\pro\abacus\javatutor\repository\AuthorityRepository.class]
10:42:20,697 TRACE org.springframework.context.annotation.ClassPathScanningCandidateComponentProvider:449 - Ignored because not matching any filter: file [E:\java\repos\JavaTutorAPI\javatutor\target\classes\pro\abacus\javatutor\repository\AuthorityRepository.class]
10:42:20,698 TRACE org.springframework.context.annotation.ClassPathScanningCandidateComponentProvider:426 - Scanning file [E:\java\repos\JavaTutorAPI\javatutor\target\classes\pro\abacus\javatutor\repository\JavaQuestionRepository.class]
10:42:20,698 TRACE org.springframework.context.annotation.ClassPathScanningCandidateComponentProvider:426 - Scanning file [E:\java\repos\JavaTutorAPI\javatutor\target\classes\pro\abacus\javatutor\repository\JavaQuestionRepository.class]
10:42:20,698 TRACE org.springframework.context.annotation.ClassPathScanningCandidateComponentProvider:449 - Ignored because not matching any filter: file [E:\java\repos\JavaTutorAPI\javatutor\target\classes\pro\abacus\javatutor\repository\JavaQuestionRepository.class]
10:42:20,698 TRACE org.springframework.context.annotation.ClassPathScanningCandidateComponentProvider:449 - Ignored because not matching any filter: file [E:\java\repos\JavaTutorAPI\javatutor\target\classes\pro\abacus\javatutor\repository\JavaQuestionRepository.class]
10:42:20,699 TRACE org.springframework.context.annotation.ClassPathScanningCandidateComponentProvider:426 - Scanning file [E:\java\repos\JavaTutorAPI\javatutor\target\classes\pro\abacus\javatutor\repository\UserRepository.class]
10:42:20,699 TRACE org.springframework.context.annotation.ClassPathScanningCandidateComponentProvider:426 - Scanning file [E:\java\repos\JavaTutorAPI\javatutor\target\classes\pro\abacus\javatutor\repository\UserRepository.class]
10:42:20,700 TRACE org.springframework.context.annotation.ClassPathScanningCandidateComponentProvider:449 - Ignored because not matching any filter: file [E:\java\repos\JavaTutorAPI\javatutor\target\classes\pro\abacus\javatutor\repository\UserRepository.class]
10:42:20,700 TRACE org.springframework.context.annotation.ClassPathScanningCandidateComponentProvider:449 - Ignored because not matching any filter: file [E:\java\repos\JavaTutorAPI\javatutor\target\classes\pro\abacus\javatutor\repository\UserRepository.class]
10:42:20,701 TRACE org.springframework.context.annotation.ClassPathScanningCandidateComponentProvider:426 - Scanning file [E:\java\repos\JavaTutorAPI\javatutor\target\classes\pro\abacus\javatutor\security\AuthFailureHandler.class]
10:42:20,701 TRACE org.springframework.context.annotation.ClassPathScanningCandidateComponentProvider:426 - Scanning file [E:\java\repos\JavaTutorAPI\javatutor\target\classes\pro\abacus\javatutor\security\AuthFailureHandler.class]
10:42:20,728 TRACE org.springframework.context.annotation.ClassPathScanningCandidateComponentProvider:449 - Ignored because not matching any filter: file [E:\java\repos\JavaTutorAPI\javatutor\target\classes\pro\abacus\javatutor\security\AuthFailureHandler.class]
10:42:20,728 TRACE org.springframework.context.annotation.ClassPathScanningCandidateComponentProvider:449 - Ignored because not matching any filter: file [E:\java\repos\JavaTutorAPI\javatutor\target\classes\pro\abacus\javatutor\security\AuthFailureHandler.class]
10:42:20,729 TRACE org.springframework.context.annotation.ClassPathScanningCandidateComponentProvider:426 - Scanning file [E:\java\repos\JavaTutorAPI\javatutor\target\classes\pro\abacus\javatutor\security\AuthSuccessHandler.class]
10:42:20,729 TRACE org.springframework.context.annotation.ClassPathScanningCandidateComponentProvider:426 - Scanning file [E:\java\repos\JavaTutorAPI\javatutor\target\classes\pro\abacus\javatutor\security\AuthSuccessHandler.class]
10:42:20,732 TRACE org.springframework.context.annotation.ClassPathScanningCandidateComponentProvider:449 - Ignored because not matching any filter: file [E:\java\repos\JavaTutorAPI\javatutor\target\classes\pro\abacus\javatutor\security\AuthSuccessHandler.class]
10:42:20,732 TRACE org.springframework.context.annotation.ClassPathScanningCandidateComponentProvider:449 - Ignored because not matching any filter: file [E:\java\repos\JavaTutorAPI\javatutor\target\classes\pro\abacus\javatutor\security\AuthSuccessHandler.class]
10:42:20,733 TRACE org.springframework.context.annotation.ClassPathScanningCandidateComponentProvider:426 - Scanning file [E:\java\repos\JavaTutorAPI\javatutor\target\classes\pro\abacus\javatutor\security\LogoutSuccessHandlerImpl.class]
10:42:20,733 TRACE org.springframework.context.annotation.ClassPathScanningCandidateComponentProvider:426 - Scanning file [E:\java\repos\JavaTutorAPI\javatutor\target\classes\pro\abacus\javatutor\security\LogoutSuccessHandlerImpl.class]
10:42:20,741 TRACE org.springframework.context.annotation.ClassPathScanningCandidateComponentProvider:449 - Ignored because not matching any filter: file [E:\java\repos\JavaTutorAPI\javatutor\target\classes\pro\abacus\javatutor\security\LogoutSuccessHandlerImpl.class]
10:42:20,741 TRACE org.springframework.context.annotation.ClassPathScanningCandidateComponentProvider:449 - Ignored because not matching any filter: file [E:\java\repos\JavaTutorAPI\javatutor\target\classes\pro\abacus\javatutor\security\LogoutSuccessHandlerImpl.class]
10:42:20,742 TRACE org.springframework.context.annotation.ClassPathScanningCandidateComponentProvider:426 - Scanning file [E:\java\repos\JavaTutorAPI\javatutor\target\classes\pro\abacus\javatutor\security\UserDetailsImpl.class]
10:42:20,742 TRACE org.springframework.context.annotation.ClassPathScanningCandidateComponentProvider:426 - Scanning file [E:\java\repos\JavaTutorAPI\javatutor\target\classes\pro\abacus\javatutor\security\UserDetailsImpl.class]
10:42:20,743 DEBUG org.springframework.context.annotation.ClassPathScanningCandidateComponentProvider:437 - Identified candidate component class: file [E:\java\repos\JavaTutorAPI\javatutor\target\classes\pro\abacus\javatutor\security\UserDetailsImpl.class]
10:42:20,743 DEBUG org.springframework.context.annotation.ClassPathScanningCandidateComponentProvider:437 - Identified candidate component class: file [E:\java\repos\JavaTutorAPI\javatutor\target\classes\pro\abacus\javatutor\security\UserDetailsImpl.class]
10:42:20,744 TRACE org.springframework.context.annotation.ClassPathScanningCandidateComponentProvider:426 - Scanning file [E:\java\repos\JavaTutorAPI\javatutor\target\classes\pro\abacus\javatutor\security\UserDetailsServiceImpl.class]
10:42:20,744 TRACE org.springframework.context.annotation.ClassPathScanningCandidateComponentProvider:426 - Scanning file [E:\java\repos\JavaTutorAPI\javatutor\target\classes\pro\abacus\javatutor\security\UserDetailsServiceImpl.class]
10:42:20,745 TRACE org.springframework.context.annotation.ClassPathScanningCandidateComponentProvider:449 - Ignored because not matching any filter: file [E:\java\repos\JavaTutorAPI\javatutor\target\classes\pro\abacus\javatutor\security\UserDetailsServiceImpl.class]
10:42:20,745 TRACE org.springframework.context.annotation.ClassPathScanningCandidateComponentProvider:449 - Ignored because not matching any filter: file [E:\java\repos\JavaTutorAPI\javatutor\target\classes\pro\abacus\javatutor\security\UserDetailsServiceImpl.class]
10:42:20,746 TRACE org.springframework.context.annotation.ClassPathScanningCandidateComponentProvider:426 - Scanning file [E:\java\repos\JavaTutorAPI\javatutor\target\classes\pro\abacus\javatutor\SecurityConfiguration.class]
10:42:20,746 TRACE org.springframework.context.annotation.ClassPathScanningCandidateComponentProvider:426 - Scanning file [E:\java\repos\JavaTutorAPI\javatutor\target\classes\pro\abacus\javatutor\SecurityConfiguration.class]
10:42:20,760 TRACE org.springframework.context.annotation.ClassPathScanningCandidateComponentProvider:449 - Ignored because not matching any filter: file [E:\java\repos\JavaTutorAPI\javatutor\target\classes\pro\abacus\javatutor\SecurityConfiguration.class]
10:42:20,760 TRACE org.springframework.context.annotation.ClassPathScanningCandidateComponentProvider:449 - Ignored because not matching any filter: file [E:\java\repos\JavaTutorAPI\javatutor\target\classes\pro\abacus\javatutor\SecurityConfiguration.class]
10:42:20,762 TRACE org.springframework.context.annotation.ClassPathScanningCandidateComponentProvider:426 - Scanning file [E:\java\repos\JavaTutorAPI\javatutor\target\classes\pro\abacus\javatutor\service\JavaQuestionsService.class]
10:42:20,762 TRACE org.springframework.context.annotation.ClassPathScanningCandidateComponentProvider:426 - Scanning file [E:\java\repos\JavaTutorAPI\javatutor\target\classes\pro\abacus\javatutor\service\JavaQuestionsService.class]
10:42:20,763 TRACE org.springframework.context.annotation.ClassPathScanningCandidateComponentProvider:449 - Ignored because not matching any filter: file [E:\java\repos\JavaTutorAPI\javatutor\target\classes\pro\abacus\javatutor\service\JavaQuestionsService.class]
10:42:20,763 TRACE org.springframework.context.annotation.ClassPathScanningCandidateComponentProvider:449 - Ignored because not matching any filter: file [E:\java\repos\JavaTutorAPI\javatutor\target\classes\pro\abacus\javatutor\service\JavaQuestionsService.class]
10:42:20,765 TRACE org.springframework.context.annotation.ClassPathScanningCandidateComponentProvider:426 - Scanning file [E:\java\repos\JavaTutorAPI\javatutor\target\classes\pro\abacus\javatutor\service\JavaQuestionsServiceImpl.class]
10:42:20,765 TRACE org.springframework.context.annotation.ClassPathScanningCandidateComponentProvider:426 - Scanning file [E:\java\repos\JavaTutorAPI\javatutor\target\classes\pro\abacus\javatutor\service\JavaQuestionsServiceImpl.class]
10:42:20,766 TRACE org.springframework.context.annotation.ClassPathScanningCandidateComponentProvider:449 - Ignored because not matching any filter: file [E:\java\repos\JavaTutorAPI\javatutor\target\classes\pro\abacus\javatutor\service\JavaQuestionsServiceImpl.class]
10:42:20,766 TRACE org.springframework.context.annotation.ClassPathScanningCandidateComponentProvider:449 - Ignored because not matching any filter: file [E:\java\repos\JavaTutorAPI\javatutor\target\classes\pro\abacus\javatutor\service\JavaQuestionsServiceImpl.class]
10:42:20,767 TRACE org.springframework.context.annotation.ClassPathScanningCandidateComponentProvider:426 - Scanning file [E:\java\repos\JavaTutorAPI\javatutor\target\classes\pro\abacus\javatutor\service\UserService.class]
10:42:20,767 TRACE org.springframework.context.annotation.ClassPathScanningCandidateComponentProvider:426 - Scanning file [E:\java\repos\JavaTutorAPI\javatutor\target\classes\pro\abacus\javatutor\service\UserService.class]
10:42:20,768 TRACE org.springframework.context.annotation.ClassPathScanningCandidateComponentProvider:449 - Ignored because not matching any filter: file [E:\java\repos\JavaTutorAPI\javatutor\target\classes\pro\abacus\javatutor\service\UserService.class]
10:42:20,768 TRACE org.springframework.context.annotation.ClassPathScanningCandidateComponentProvider:449 - Ignored because not matching any filter: file [E:\java\repos\JavaTutorAPI\javatutor\target\classes\pro\abacus\javatutor\service\UserService.class]
10:42:20,768 TRACE org.springframework.context.annotation.ClassPathScanningCandidateComponentProvider:426 - Scanning file [E:\java\repos\JavaTutorAPI\javatutor\target\classes\pro\abacus\javatutor\service\UserServiceImpl.class]
10:42:20,768 TRACE org.springframework.context.annotation.ClassPathScanningCandidateComponentProvider:426 - Scanning file [E:\java\repos\JavaTutorAPI\javatutor\target\classes\pro\abacus\javatutor\service\UserServiceImpl.class]
10:42:20,771 TRACE org.springframework.context.annotation.ClassPathScanningCandidateComponentProvider:449 - Ignored because not matching any filter: file [E:\java\repos\JavaTutorAPI\javatutor\target\classes\pro\abacus\javatutor\service\UserServiceImpl.class]
10:42:20,771 TRACE org.springframework.context.annotation.ClassPathScanningCandidateComponentProvider:449 - Ignored because not matching any filter: file [E:\java\repos\JavaTutorAPI\javatutor\target\classes\pro\abacus\javatutor\service\UserServiceImpl.class]
10:42:20,779 DEBUG org.springframework.beans.factory.support.DefaultListableBeanFactory:569 - Eagerly caching bean 'mongoMappingContext' to allow for resolving potential circular references
10:42:20,779 DEBUG org.springframework.beans.factory.support.DefaultListableBeanFactory:569 - Eagerly caching bean 'mongoMappingContext' to allow for resolving potential circular references
10:42:20,780 TRACE org.springframework.beans.CachedIntrospectionResults:271 - Getting BeanInfo for class [org.springframework.data.mongodb.core.mapping.MongoMappingContext]
10:42:20,780 TRACE org.springframework.beans.CachedIntrospectionResults:271 - Getting BeanInfo for class [org.springframework.data.mongodb.core.mapping.MongoMappingContext]
10:42:20,816 TRACE org.springframework.beans.CachedIntrospectionResults:276 - Caching PropertyDescriptors for class [org.springframework.data.mongodb.core.mapping.MongoMappingContext]
10:42:20,816 TRACE org.springframework.beans.CachedIntrospectionResults:276 - Caching PropertyDescriptors for class [org.springframework.data.mongodb.core.mapping.MongoMappingContext]
10:42:20,817 TRACE org.springframework.beans.CachedIntrospectionResults:289 - Found bean property 'applicationContext' of type [org.springframework.context.ApplicationContext]
10:42:20,817 TRACE org.springframework.beans.CachedIntrospectionResults:289 - Found bean property 'applicationContext' of type [org.springframework.context.ApplicationContext]
10:42:20,818 TRACE org.springframework.beans.CachedIntrospectionResults:289 - Found bean property 'applicationEventPublisher' of type [org.springframework.context.ApplicationEventPublisher]
10:42:20,818 TRACE org.springframework.beans.CachedIntrospectionResults:289 - Found bean property 'applicationEventPublisher' of type [org.springframework.context.ApplicationEventPublisher]
10:42:20,819 TRACE org.springframework.beans.CachedIntrospectionResults:289 - Found bean property 'class' of type [java.lang.Class]
10:42:20,819 TRACE org.springframework.beans.CachedIntrospectionResults:289 - Found bean property 'class' of type [java.lang.Class]
10:42:20,822 TRACE org.springframework.beans.CachedIntrospectionResults:289 - Found bean property 'fieldNamingStrategy' of type [org.springframework.data.mapping.model.FieldNamingStrategy]
10:42:20,822 TRACE org.springframework.beans.CachedIntrospectionResults:289 - Found bean property 'fieldNamingStrategy' of type [org.springframework.data.mapping.model.FieldNamingStrategy]
10:42:20,823 TRACE org.springframework.beans.CachedIntrospectionResults:289 - Found bean property 'initialEntitySet' of type [java.util.Set]
10:42:20,823 TRACE org.springframework.beans.CachedIntrospectionResults:289 - Found bean property 'initialEntitySet' of type [java.util.Set]
10:42:20,825 TRACE org.springframework.beans.CachedIntrospectionResults:289 - Found bean property 'managedTypes' of type [java.util.Collection]
10:42:20,825 TRACE org.springframework.beans.CachedIntrospectionResults:289 - Found bean property 'managedTypes' of type [java.util.Collection]
10:42:20,826 TRACE org.springframework.beans.CachedIntrospectionResults:289 - Found bean property 'persistentEntities' of type [java.util.Collection]
10:42:20,826 TRACE org.springframework.beans.CachedIntrospectionResults:289 - Found bean property 'persistentEntities' of type [java.util.Collection]
10:42:20,827 TRACE org.springframework.beans.CachedIntrospectionResults:289 - Found bean property 'simpleTypeHolder' of type [org.springframework.data.mapping.model.SimpleTypeHolder]
10:42:20,827 TRACE org.springframework.beans.CachedIntrospectionResults:289 - Found bean property 'simpleTypeHolder' of type [org.springframework.data.mapping.model.SimpleTypeHolder]
10:42:20,828 TRACE org.springframework.beans.CachedIntrospectionResults:289 - Found bean property 'strict' of type [boolean]
10:42:20,828 TRACE org.springframework.beans.CachedIntrospectionResults:289 - Found bean property 'strict' of type [boolean]
10:42:20,846 DEBUG org.springframework.beans.factory.support.DefaultListableBeanFactory:1751 - Invoking afterPropertiesSet() on bean with name 'mongoMappingContext'
10:42:20,846 DEBUG org.springframework.beans.factory.support.DefaultListableBeanFactory:1751 - Invoking afterPropertiesSet() on bean with name 'mongoMappingContext'
10:42:20,847 TRACE org.springframework.beans.CachedIntrospectionResults:271 - Getting BeanInfo for class [pro.abacus.javatutor.domain.JavaQuestion]
10:42:20,847 TRACE org.springframework.beans.CachedIntrospectionResults:271 - Getting BeanInfo for class [pro.abacus.javatutor.domain.JavaQuestion]
10:42:20,860 TRACE org.springframework.beans.CachedIntrospectionResults:276 - Caching PropertyDescriptors for class [pro.abacus.javatutor.domain.JavaQuestion]
10:42:20,860 TRACE org.springframework.beans.CachedIntrospectionResults:276 - Caching PropertyDescriptors for class [pro.abacus.javatutor.domain.JavaQuestion]
10:42:20,863 TRACE org.springframework.beans.CachedIntrospectionResults:289 - Found bean property 'account' of type [pro.abacus.javatutor.domain.User]
10:42:20,863 TRACE org.springframework.beans.CachedIntrospectionResults:289 - Found bean property 'account' of type [pro.abacus.javatutor.domain.User]
10:42:20,866 TRACE org.springframework.beans.CachedIntrospectionResults:289 - Found bean property 'answer' of type [java.lang.String]
10:42:20,866 TRACE org.springframework.beans.CachedIntrospectionResults:289 - Found bean property 'answer' of type [java.lang.String]
10:42:20,867 TRACE org.springframework.beans.CachedIntrospectionResults:289 - Found bean property 'class' of type [java.lang.Class]
10:42:20,867 TRACE org.springframework.beans.CachedIntrospectionResults:289 - Found bean property 'class' of type [java.lang.Class]
10:42:20,867 TRACE org.springframework.beans.CachedIntrospectionResults:289 - Found bean property 'id' of type [java.lang.String]
10:42:20,867 TRACE org.springframework.beans.CachedIntrospectionResults:289 - Found bean property 'id' of type [java.lang.String]
10:42:20,881 TRACE org.springframework.beans.CachedIntrospectionResults:289 - Found bean property 'question' of type [java.lang.String]
10:42:20,881 TRACE org.springframework.beans.CachedIntrospectionResults:289 - Found bean property 'question' of type [java.lang.String]
10:42:20,914 TRACE org.springframework.beans.CachedIntrospectionResults:271 - Getting BeanInfo for class [pro.abacus.javatutor.domain.User]
10:42:20,914 TRACE org.springframework.beans.CachedIntrospectionResults:271 - Getting BeanInfo for class [pro.abacus.javatutor.domain.User]
10:42:20,927 TRACE org.springframework.beans.CachedIntrospectionResults:276 - Caching PropertyDescriptors for class [pro.abacus.javatutor.domain.User]
10:42:20,927 TRACE org.springframework.beans.CachedIntrospectionResults:276 - Caching PropertyDescriptors for class [pro.abacus.javatutor.domain.User]
10:42:20,928 TRACE org.springframework.beans.CachedIntrospectionResults:289 - Found bean property 'class' of type [java.lang.Class]
10:42:20,928 TRACE org.springframework.beans.CachedIntrospectionResults:289 - Found bean property 'class' of type [java.lang.Class]
10:42:20,931 TRACE org.springframework.beans.CachedIntrospectionResults:289 - Found bean property 'id' of type [java.lang.String]
10:42:20,931 TRACE org.springframework.beans.CachedIntrospectionResults:289 - Found bean property 'id' of type [java.lang.String]
10:42:20,932 TRACE org.springframework.beans.CachedIntrospectionResults:289 - Found bean property 'javaquestions' of type [java.util.List]
10:42:20,932 TRACE org.springframework.beans.CachedIntrospectionResults:289 - Found bean property 'javaquestions' of type [java.util.List]
10:42:20,934 TRACE org.springframework.beans.CachedIntrospectionResults:289 - Found bean property 'password' of type [java.lang.String]
10:42:20,934 TRACE org.springframework.beans.CachedIntrospectionResults:289 - Found bean property 'password' of type [java.lang.String]
10:42:20,941 TRACE org.springframework.beans.CachedIntrospectionResults:289 - Found bean property 'userAuthorities' of type [java.util.Set]
10:42:20,941 TRACE org.springframework.beans.CachedIntrospectionResults:289 - Found bean property 'userAuthorities' of type [java.util.Set]
10:42:20,942 TRACE org.springframework.beans.CachedIntrospectionResults:289 - Found bean property 'username' of type [java.lang.String]
10:42:20,942 TRACE org.springframework.beans.CachedIntrospectionResults:289 - Found bean property 'username' of type [java.lang.String]
10:42:20,958 TRACE org.springframework.beans.CachedIntrospectionResults:271 - Getting BeanInfo for class [pro.abacus.javatutor.domain.Authority]
10:42:20,958 TRACE org.springframework.beans.CachedIntrospectionResults:271 - Getting BeanInfo for class [pro.abacus.javatutor.domain.Authority]
10:42:20,964 TRACE org.springframework.beans.CachedIntrospectionResults:276 - Caching PropertyDescriptors for class [pro.abacus.javatutor.domain.Authority]
10:42:20,964 TRACE org.springframework.beans.CachedIntrospectionResults:276 - Caching PropertyDescriptors for class [pro.abacus.javatutor.domain.Authority]
10:42:20,965 TRACE org.springframework.beans.CachedIntrospectionResults:289 - Found bean property 'authorityName' of type [java.lang.String]
10:42:20,965 TRACE org.springframework.beans.CachedIntrospectionResults:289 - Found bean property 'authorityName' of type [java.lang.String]
10:42:20,966 TRACE org.springframework.beans.CachedIntrospectionResults:289 - Found bean property 'class' of type [java.lang.Class]
10:42:20,966 TRACE org.springframework.beans.CachedIntrospectionResults:289 - Found bean property 'class' of type [java.lang.Class]
10:42:20,976 TRACE org.springframework.context.annotation.AnnotationConfigApplicationContext:380 - Publishing event in org.springframework.context.annotation.AnnotationConfigApplicationContext@7f4f1536: org.springframework.data.mapping.context.MappingContextEvent[source=org.springframework.data.mongodb.core.mapping.MongoMappingContext@72a34537]
10:42:20,976 TRACE org.springframework.context.annotation.AnnotationConfigApplicationContext:380 - Publishing event in org.springframework.context.annotation.AnnotationConfigApplicationContext@7f4f1536: org.springframework.data.mapping.context.MappingContextEvent[source=org.springframework.data.mongodb.core.mapping.MongoMappingContext@72a34537]
10:42:21,000 TRACE org.springframework.context.annotation.AnnotationConfigApplicationContext:380 - Publishing event in org.springframework.context.annotation.AnnotationConfigApplicationContext@7f4f1536: org.springframework.data.mapping.context.MappingContextEvent[source=org.springframework.data.mongodb.core.mapping.MongoMappingContext@72a34537]
10:42:21,000 TRACE org.springframework.context.annotation.AnnotationConfigApplicationContext:380 - Publishing event in org.springframework.context.annotation.AnnotationConfigApplicationContext@7f4f1536: org.springframework.data.mapping.context.MappingContextEvent[source=org.springframework.data.mongodb.core.mapping.MongoMappingContext@72a34537]
10:42:21,010 TRACE org.springframework.context.annotation.AnnotationConfigApplicationContext:380 - Publishing event in org.springframework.context.annotation.AnnotationConfigApplicationContext@7f4f1536: org.springframework.data.mapping.context.MappingContextEvent[source=org.springframework.data.mongodb.core.mapping.MongoMappingContext@72a34537]
10:42:21,010 TRACE org.springframework.context.annotation.AnnotationConfigApplicationContext:380 - Publishing event in org.springframework.context.annotation.AnnotationConfigApplicationContext@7f4f1536: org.springframework.data.mapping.context.MappingContextEvent[source=org.springframework.data.mongodb.core.mapping.MongoMappingContext@72a34537]
10:42:21,014 TRACE org.springframework.beans.CachedIntrospectionResults:271 - Getting BeanInfo for class [pro.abacus.javatutor.security.UserDetailsImpl]
10:42:21,014 TRACE org.springframework.beans.CachedIntrospectionResults:271 - Getting BeanInfo for class [pro.abacus.javatutor.security.UserDetailsImpl]
10:42:21,050 TRACE org.springframework.beans.CachedIntrospectionResults:276 - Caching PropertyDescriptors for class [pro.abacus.javatutor.security.UserDetailsImpl]
10:42:21,050 TRACE org.springframework.beans.CachedIntrospectionResults:276 - Caching PropertyDescriptors for class [pro.abacus.javatutor.security.UserDetailsImpl]
10:42:21,051 TRACE org.springframework.beans.CachedIntrospectionResults:289 - Found bean property 'accountNonExpired' of type [boolean]
10:42:21,051 TRACE org.springframework.beans.CachedIntrospectionResults:289 - Found bean property 'accountNonExpired' of type [boolean]
10:42:21,053 TRACE org.springframework.beans.CachedIntrospectionResults:289 - Found bean property 'accountNonLocked' of type [boolean]
10:42:21,053 TRACE org.springframework.beans.CachedIntrospectionResults:289 - Found bean property 'accountNonLocked' of type [boolean]
10:42:21,061 TRACE org.springframework.beans.CachedIntrospectionResults:289 - Found bean property 'authorities' of type [java.util.Collection]
10:42:21,061 TRACE org.springframework.beans.CachedIntrospectionResults:289 - Found bean property 'authorities' of type [java.util.Collection]
10:42:21,062 TRACE org.springframework.beans.CachedIntrospectionResults:289 - Found bean property 'class' of type [java.lang.Class]
10:42:21,062 TRACE org.springframework.beans.CachedIntrospectionResults:289 - Found bean property 'class' of type [java.lang.Class]
10:42:21,063 TRACE org.springframework.beans.CachedIntrospectionResults:289 - Found bean property 'credentialsNonExpired' of type [boolean]
10:42:21,063 TRACE org.springframework.beans.CachedIntrospectionResults:289 - Found bean property 'credentialsNonExpired' of type [boolean]
10:42:21,064 TRACE org.springframework.beans.CachedIntrospectionResults:289 - Found bean property 'enabled' of type [boolean]
10:42:21,064 TRACE org.springframework.beans.CachedIntrospectionResults:289 - Found bean property 'enabled' of type [boolean]
10:42:21,066 TRACE org.springframework.beans.CachedIntrospectionResults:289 - Found bean property 'id' of type [java.lang.String]
10:42:21,066 TRACE org.springframework.beans.CachedIntrospectionResults:289 - Found bean property 'id' of type [java.lang.String]
10:42:21,067 TRACE org.springframework.beans.CachedIntrospectionResults:289 - Found bean property 'javaquestions' of type [java.util.List]
10:42:21,067 TRACE org.springframework.beans.CachedIntrospectionResults:289 - Found bean property 'javaquestions' of type [java.util.List]
10:42:21,068 TRACE org.springframework.beans.CachedIntrospectionResults:289 - Found bean property 'password' of type [java.lang.String]
10:42:21,068 TRACE org.springframework.beans.CachedIntrospectionResults:289 - Found bean property 'password' of type [java.lang.String]
10:42:21,075 TRACE org.springframework.beans.CachedIntrospectionResults:289 - Found bean property 'userAuthorities' of type [java.util.Set]
10:42:21,075 TRACE org.springframework.beans.CachedIntrospectionResults:289 - Found bean property 'userAuthorities' of type [java.util.Set]
10:42:21,075 TRACE org.springframework.beans.CachedIntrospectionResults:289 - Found bean property 'username' of type [java.lang.String]
10:42:21,075 TRACE org.springframework.beans.CachedIntrospectionResults:289 - Found bean property 'username' of type [java.lang.String]
10:42:21,124 TRACE org.springframework.context.annotation.AnnotationConfigApplicationContext:380 - Publishing event in org.springframework.context.annotation.AnnotationConfigApplicationContext@7f4f1536: org.springframework.data.mapping.context.MappingContextEvent[source=org.springframework.data.mongodb.core.mapping.MongoMappingContext@72a34537]
10:42:21,124 TRACE org.springframework.context.annotation.AnnotationConfigApplicationContext:380 - Publishing event in org.springframework.context.annotation.AnnotationConfigApplicationContext@7f4f1536: org.springframework.data.mapping.context.MappingContextEvent[source=org.springframework.data.mongodb.core.mapping.MongoMappingContext@72a34537]
10:42:21,127 DEBUG org.springframework.beans.factory.support.DefaultListableBeanFactory:503 - Finished creating instance of bean 'mongoMappingContext'
10:42:21,127 DEBUG org.springframework.beans.factory.support.DefaultListableBeanFactory:503 - Finished creating instance of bean 'mongoMappingContext'
10:42:21,132 DEBUG org.springframework.beans.factory.support.DefaultListableBeanFactory:254 - Returning cached instance of singleton bean 'mongoCustomConversions'
10:42:21,132 DEBUG org.springframework.beans.factory.support.DefaultListableBeanFactory:254 - Returning cached instance of singleton bean 'mongoCustomConversions'
10:42:21,134 DEBUG org.springframework.beans.factory.support.DefaultListableBeanFactory:737 - Autowiring by type from bean name 'mappingMongoConverter' via factory method to bean named 'mongoDbFactory'
10:42:21,134 DEBUG org.springframework.beans.factory.support.DefaultListableBeanFactory:737 - Autowiring by type from bean name 'mappingMongoConverter' via factory method to bean named 'mongoDbFactory'
10:42:21,134 DEBUG org.springframework.beans.factory.support.DefaultListableBeanFactory:737 - Autowiring by type from bean name 'mappingMongoConverter' via factory method to bean named 'mongoMappingContext'
10:42:21,134 DEBUG org.springframework.beans.factory.support.DefaultListableBeanFactory:737 - Autowiring by type from bean name 'mappingMongoConverter' via factory method to bean named 'mongoMappingContext'
10:42:21,135 DEBUG org.springframework.beans.factory.support.DefaultListableBeanFactory:737 - Autowiring by type from bean name 'mappingMongoConverter' via factory method to bean named 'mongoCustomConversions'
10:42:21,135 DEBUG org.springframework.beans.factory.support.DefaultListableBeanFactory:737 - Autowiring by type from bean name 'mappingMongoConverter' via factory method to bean named 'mongoCustomConversions'
10:42:21,151 DEBUG org.springframework.beans.factory.support.DefaultListableBeanFactory:569 - Eagerly caching bean 'mappingMongoConverter' to allow for resolving potential circular references
10:42:21,151 DEBUG org.springframework.beans.factory.support.DefaultListableBeanFactory:569 - Eagerly caching bean 'mappingMongoConverter' to allow for resolving potential circular references
10:42:21,152 TRACE org.springframework.beans.CachedIntrospectionResults:271 - Getting BeanInfo for class [org.springframework.data.mongodb.core.convert.MappingMongoConverter]
10:42:21,152 TRACE org.springframework.beans.CachedIntrospectionResults:271 - Getting BeanInfo for class [org.springframework.data.mongodb.core.convert.MappingMongoConverter]
10:42:21,180 TRACE org.springframework.beans.CachedIntrospectionResults:276 - Caching PropertyDescriptors for class [org.springframework.data.mongodb.core.convert.MappingMongoConverter]
10:42:21,180 TRACE org.springframework.beans.CachedIntrospectionResults:276 - Caching PropertyDescriptors for class [org.springframework.data.mongodb.core.convert.MappingMongoConverter]
10:42:21,180 TRACE org.springframework.beans.CachedIntrospectionResults:289 - Found bean property 'applicationContext' of type [org.springframework.context.ApplicationContext]
10:42:21,180 TRACE org.springframework.beans.CachedIntrospectionResults:289 - Found bean property 'applicationContext' of type [org.springframework.context.ApplicationContext]
10:42:21,181 TRACE org.springframework.beans.CachedIntrospectionResults:289 - Found bean property 'class' of type [java.lang.Class]
10:42:21,181 TRACE org.springframework.beans.CachedIntrospectionResults:289 - Found bean property 'class' of type [java.lang.Class]
10:42:21,182 TRACE org.springframework.beans.CachedIntrospectionResults:289 - Found bean property 'conversionService' of type [org.springframework.core.convert.ConversionService]
10:42:21,182 TRACE org.springframework.beans.CachedIntrospectionResults:289 - Found bean property 'conversionService' of type [org.springframework.core.convert.ConversionService]
10:42:21,183 TRACE org.springframework.beans.CachedIntrospectionResults:289 - Found bean property 'customConversions' of type [org.springframework.data.convert.CustomConversions]
10:42:21,183 TRACE org.springframework.beans.CachedIntrospectionResults:289 - Found bean property 'customConversions' of type [org.springframework.data.convert.CustomConversions]
10:42:21,184 TRACE org.springframework.beans.CachedIntrospectionResults:289 - Found bean property 'instantiators' of type [org.springframework.data.convert.EntityInstantiators]
10:42:21,184 TRACE org.springframework.beans.CachedIntrospectionResults:289 - Found bean property 'instantiators' of type [org.springframework.data.convert.EntityInstantiators]
10:42:21,184 TRACE org.springframework.beans.CachedIntrospectionResults:289 - Found bean property 'mapKeyDotReplacement' of type [java.lang.String]
10:42:21,184 TRACE org.springframework.beans.CachedIntrospectionResults:289 - Found bean property 'mapKeyDotReplacement' of type [java.lang.String]
10:42:21,185 TRACE org.springframework.beans.CachedIntrospectionResults:289 - Found bean property 'mappingContext' of type [org.springframework.data.mapping.context.MappingContext]
10:42:21,185 TRACE org.springframework.beans.CachedIntrospectionResults:289 - Found bean property 'mappingContext' of type [org.springframework.data.mapping.context.MappingContext]
10:42:21,188 TRACE org.springframework.beans.CachedIntrospectionResults:289 - Found bean property 'typeMapper' of type [org.springframework.data.mongodb.core.convert.MongoTypeMapper]
10:42:21,188 TRACE org.springframework.beans.CachedIntrospectionResults:289 - Found bean property 'typeMapper' of type [org.springframework.data.mongodb.core.convert.MongoTypeMapper]
10:42:21,201 DEBUG org.springframework.beans.factory.support.DefaultListableBeanFactory:1751 - Invoking afterPropertiesSet() on bean with name 'mappingMongoConverter'
10:42:21,201 DEBUG org.springframework.beans.factory.support.DefaultListableBeanFactory:1751 - Invoking afterPropertiesSet() on bean with name 'mappingMongoConverter'
10:42:21,207 DEBUG org.springframework.beans.factory.support.DefaultListableBeanFactory:503 - Finished creating instance of bean 'mappingMongoConverter'
10:42:21,207 DEBUG org.springframework.beans.factory.support.DefaultListableBeanFactory:503 - Finished creating instance of bean 'mappingMongoConverter'
10:42:21,210 DEBUG org.springframework.beans.factory.support.DefaultListableBeanFactory:737 - Autowiring by type from bean name 'mongoTemplate' via factory method to bean named 'mongoDbFactory'
10:42:21,210 DEBUG org.springframework.beans.factory.support.DefaultListableBeanFactory:737 - Autowiring by type from bean name 'mongoTemplate' via factory method to bean named 'mongoDbFactory'
10:42:21,210 DEBUG org.springframework.beans.factory.support.DefaultListableBeanFactory:737 - Autowiring by type from bean name 'mongoTemplate' via factory method to bean named 'mappingMongoConverter'
10:42:21,210 DEBUG org.springframework.beans.factory.support.DefaultListableBeanFactory:737 - Autowiring by type from bean name 'mongoTemplate' via factory method to bean named 'mappingMongoConverter'
10:42:21,213 DEBUG org.springframework.data.mongodb.core.index.MongoPersistentEntityIndexCreator:124 - Analyzing class class pro.abacus.javatutor.security.UserDetailsImpl for index information.
10:42:21,213 DEBUG org.springframework.data.mongodb.core.index.MongoPersistentEntityIndexCreator:124 - Analyzing class class pro.abacus.javatutor.security.UserDetailsImpl for index information.
10:42:21,216  INFO org.springframework.data.mongodb.core.index.MongoPersistentEntityIndexResolver:296 - Found cycle for field '_id' in type 'JavaQuestion' for path 'javaquestions -> account -> javaquestions'
10:42:21,216  INFO org.springframework.data.mongodb.core.index.MongoPersistentEntityIndexResolver:296 - Found cycle for field '_id' in type 'JavaQuestion' for path 'javaquestions -> account -> javaquestions'
10:42:21,238  INFO org.springframework.data.mongodb.core.index.MongoPersistentEntityIndexResolver:179 - Found cycle for field 'account' in type 'JavaQuestion' for path 'javaquestions -> account -> javaquestions'
10:42:21,238  INFO org.springframework.data.mongodb.core.index.MongoPersistentEntityIndexResolver:179 - Found cycle for field 'account' in type 'JavaQuestion' for path 'javaquestions -> account -> javaquestions'
10:42:21,242 DEBUG org.springframework.data.mongodb.core.index.MongoPersistentEntityIndexCreator:124 - Analyzing class class pro.abacus.javatutor.domain.JavaQuestion for index information.
10:42:21,242 DEBUG org.springframework.data.mongodb.core.index.MongoPersistentEntityIndexCreator:124 - Analyzing class class pro.abacus.javatutor.domain.JavaQuestion for index information.
10:42:21,247  INFO org.springframework.data.mongodb.core.index.MongoPersistentEntityIndexResolver:296 - Found cycle for field '_id' in type 'User' for path 'account -> javaquestions -> account'
10:42:21,247  INFO org.springframework.data.mongodb.core.index.MongoPersistentEntityIndexResolver:296 - Found cycle for field '_id' in type 'User' for path 'account -> javaquestions -> account'
10:42:21,251  INFO org.springframework.data.mongodb.core.index.MongoPersistentEntityIndexResolver:179 - Found cycle for field 'javaquestions' in type 'User' for path 'account -> javaquestions -> account'
10:42:21,251  INFO org.springframework.data.mongodb.core.index.MongoPersistentEntityIndexResolver:179 - Found cycle for field 'javaquestions' in type 'User' for path 'account -> javaquestions -> account'
10:42:21,258 DEBUG org.springframework.data.mongodb.core.index.MongoPersistentEntityIndexCreator:124 - Analyzing class class pro.abacus.javatutor.domain.User for index information.
10:42:21,258 DEBUG org.springframework.data.mongodb.core.index.MongoPersistentEntityIndexCreator:124 - Analyzing class class pro.abacus.javatutor.domain.User for index information.
10:42:21,265  INFO org.springframework.data.mongodb.core.index.MongoPersistentEntityIndexResolver:296 - Found cycle for field '_id' in type 'JavaQuestion' for path 'javaquestions -> account -> javaquestions'
10:42:21,265  INFO org.springframework.data.mongodb.core.index.MongoPersistentEntityIndexResolver:296 - Found cycle for field '_id' in type 'JavaQuestion' for path 'javaquestions -> account -> javaquestions'
10:42:21,270  INFO org.springframework.data.mongodb.core.index.MongoPersistentEntityIndexResolver:179 - Found cycle for field 'account' in type 'JavaQuestion' for path 'javaquestions -> account -> javaquestions'
10:42:21,270  INFO org.springframework.data.mongodb.core.index.MongoPersistentEntityIndexResolver:179 - Found cycle for field 'account' in type 'JavaQuestion' for path 'javaquestions -> account -> javaquestions'
10:42:21,276 DEBUG org.springframework.data.mongodb.core.index.MongoPersistentEntityIndexCreator:124 - Analyzing class class pro.abacus.javatutor.domain.Authority for index information.
10:42:21,276 DEBUG org.springframework.data.mongodb.core.index.MongoPersistentEntityIndexCreator:124 - Analyzing class class pro.abacus.javatutor.domain.Authority for index information.
10:42:21,280 DEBUG org.springframework.beans.factory.support.DefaultListableBeanFactory:569 - Eagerly caching bean 'mongoTemplate' to allow for resolving potential circular references
10:42:21,280 DEBUG org.springframework.beans.factory.support.DefaultListableBeanFactory:569 - Eagerly caching bean 'mongoTemplate' to allow for resolving potential circular references
10:42:21,281 TRACE org.springframework.beans.CachedIntrospectionResults:271 - Getting BeanInfo for class [org.springframework.data.mongodb.core.MongoTemplate]
10:42:21,281 TRACE org.springframework.beans.CachedIntrospectionResults:271 - Getting BeanInfo for class [org.springframework.data.mongodb.core.MongoTemplate]
10:42:21,292 TRACE org.springframework.beans.CachedIntrospectionResults:276 - Caching PropertyDescriptors for class [org.springframework.data.mongodb.core.MongoTemplate]
10:42:21,292 TRACE org.springframework.beans.CachedIntrospectionResults:276 - Caching PropertyDescriptors for class [org.springframework.data.mongodb.core.MongoTemplate]
10:42:21,294 TRACE org.springframework.beans.CachedIntrospectionResults:289 - Found bean property 'applicationContext' of type [org.springframework.context.ApplicationContext]
10:42:21,294 TRACE org.springframework.beans.CachedIntrospectionResults:289 - Found bean property 'applicationContext' of type [org.springframework.context.ApplicationContext]
10:42:21,295 TRACE org.springframework.beans.CachedIntrospectionResults:289 - Found bean property 'class' of type [java.lang.Class]
10:42:21,295 TRACE org.springframework.beans.CachedIntrospectionResults:289 - Found bean property 'class' of type [java.lang.Class]
10:42:21,296 TRACE org.springframework.beans.CachedIntrospectionResults:289 - Found bean property 'collectionNames' of type [java.util.Set]
10:42:21,296 TRACE org.springframework.beans.CachedIntrospectionResults:289 - Found bean property 'collectionNames' of type [java.util.Set]
10:42:21,297 TRACE org.springframework.beans.CachedIntrospectionResults:289 - Found bean property 'converter' of type [org.springframework.data.mongodb.core.convert.MongoConverter]
10:42:21,297 TRACE org.springframework.beans.CachedIntrospectionResults:289 - Found bean property 'converter' of type [org.springframework.data.mongodb.core.convert.MongoConverter]
10:42:21,297 TRACE org.springframework.beans.CachedIntrospectionResults:289 - Found bean property 'db' of type [com.mongodb.client.MongoDatabase]
10:42:21,297 TRACE org.springframework.beans.CachedIntrospectionResults:289 - Found bean property 'db' of type [com.mongodb.client.MongoDatabase]
10:42:21,302 TRACE org.springframework.beans.CachedIntrospectionResults:289 - Found bean property 'exceptionTranslator' of type [org.springframework.dao.support.PersistenceExceptionTranslator]
10:42:21,302 TRACE org.springframework.beans.CachedIntrospectionResults:289 - Found bean property 'exceptionTranslator' of type [org.springframework.dao.support.PersistenceExceptionTranslator]
10:42:21,307 TRACE org.springframework.beans.CachedIntrospectionResults:289 - Found bean property 'mongoDbFactory' of type [org.springframework.data.mongodb.MongoDbFactory]
10:42:21,307 TRACE org.springframework.beans.CachedIntrospectionResults:289 - Found bean property 'mongoDbFactory' of type [org.springframework.data.mongodb.MongoDbFactory]
10:42:21,308 TRACE org.springframework.beans.CachedIntrospectionResults:289 - Found bean property 'readPreference' of type [com.mongodb.ReadPreference]
10:42:21,308 TRACE org.springframework.beans.CachedIntrospectionResults:289 - Found bean property 'readPreference' of type [com.mongodb.ReadPreference]
10:42:21,308 TRACE org.springframework.beans.CachedIntrospectionResults:289 - Found bean property 'writeConcern' of type [com.mongodb.WriteConcern]
10:42:21,308 TRACE org.springframework.beans.CachedIntrospectionResults:289 - Found bean property 'writeConcern' of type [com.mongodb.WriteConcern]
10:42:21,309 TRACE org.springframework.beans.CachedIntrospectionResults:289 - Found bean property 'writeConcernResolver' of type [org.springframework.data.mongodb.core.WriteConcernResolver]
10:42:21,309 TRACE org.springframework.beans.CachedIntrospectionResults:289 - Found bean property 'writeConcernResolver' of type [org.springframework.data.mongodb.core.WriteConcernResolver]
10:42:21,314 TRACE org.springframework.beans.CachedIntrospectionResults:289 - Found bean property 'writeResultChecking' of type [org.springframework.data.mongodb.core.WriteResultChecking]
10:42:21,314 TRACE org.springframework.beans.CachedIntrospectionResults:289 - Found bean property 'writeResultChecking' of type [org.springframework.data.mongodb.core.WriteResultChecking]
10:42:21,333 DEBUG org.springframework.beans.factory.support.DefaultListableBeanFactory:503 - Finished creating instance of bean 'mongoTemplate'
10:42:21,333 DEBUG org.springframework.beans.factory.support.DefaultListableBeanFactory:503 - Finished creating instance of bean 'mongoTemplate'
10:42:21,334 DEBUG org.springframework.beans.factory.support.DefaultListableBeanFactory:254 - Returning cached instance of singleton bean 'mappingMongoConverter'
10:42:21,334 DEBUG org.springframework.beans.factory.support.DefaultListableBeanFactory:254 - Returning cached instance of singleton bean 'mappingMongoConverter'
10:42:21,334 DEBUG org.springframework.beans.factory.support.DefaultListableBeanFactory:254 - Returning cached instance of singleton bean 'mongoMappingContext'
10:42:21,334 DEBUG org.springframework.beans.factory.support.DefaultListableBeanFactory:254 - Returning cached instance of singleton bean 'mongoMappingContext'
10:42:21,348 DEBUG org.springframework.beans.factory.support.DefaultListableBeanFactory:219 - Creating shared instance of singleton bean 'gridFsTemplate'
10:42:21,348 DEBUG org.springframework.beans.factory.support.DefaultListableBeanFactory:219 - Creating shared instance of singleton bean 'gridFsTemplate'
10:42:21,348 DEBUG org.springframework.beans.factory.support.DefaultListableBeanFactory:466 - Creating instance of bean 'gridFsTemplate'
10:42:21,348 DEBUG org.springframework.beans.factory.support.DefaultListableBeanFactory:466 - Creating instance of bean 'gridFsTemplate'
10:42:21,349 DEBUG org.springframework.beans.factory.support.DefaultListableBeanFactory:254 - Returning cached instance of singleton bean 'org.springframework.boot.autoconfigure.data.mongo.MongoDataAutoConfiguration'
10:42:21,349 DEBUG org.springframework.beans.factory.support.DefaultListableBeanFactory:254 - Returning cached instance of singleton bean 'org.springframework.boot.autoconfigure.data.mongo.MongoDataAutoConfiguration'
10:42:21,350 DEBUG org.springframework.beans.factory.support.DefaultListableBeanFactory:254 - Returning cached instance of singleton bean 'mongoDbFactory'
10:42:21,350 DEBUG org.springframework.beans.factory.support.DefaultListableBeanFactory:254 - Returning cached instance of singleton bean 'mongoDbFactory'
10:42:21,352 DEBUG org.springframework.beans.factory.support.DefaultListableBeanFactory:254 - Returning cached instance of singleton bean 'mongoTemplate'
10:42:21,352 DEBUG org.springframework.beans.factory.support.DefaultListableBeanFactory:254 - Returning cached instance of singleton bean 'mongoTemplate'
10:42:21,359 DEBUG org.springframework.beans.factory.support.DefaultListableBeanFactory:737 - Autowiring by type from bean name 'gridFsTemplate' via factory method to bean named 'mongoDbFactory'
10:42:21,359 DEBUG org.springframework.beans.factory.support.DefaultListableBeanFactory:737 - Autowiring by type from bean name 'gridFsTemplate' via factory method to bean named 'mongoDbFactory'
10:42:21,360 DEBUG org.springframework.beans.factory.support.DefaultListableBeanFactory:737 - Autowiring by type from bean name 'gridFsTemplate' via factory method to bean named 'mongoTemplate'
10:42:21,360 DEBUG org.springframework.beans.factory.support.DefaultListableBeanFactory:737 - Autowiring by type from bean name 'gridFsTemplate' via factory method to bean named 'mongoTemplate'
10:42:21,361 DEBUG org.springframework.beans.factory.support.DefaultListableBeanFactory:569 - Eagerly caching bean 'gridFsTemplate' to allow for resolving potential circular references
10:42:21,361 DEBUG org.springframework.beans.factory.support.DefaultListableBeanFactory:569 - Eagerly caching bean 'gridFsTemplate' to allow for resolving potential circular references
10:42:21,362 TRACE org.springframework.beans.CachedIntrospectionResults:271 - Getting BeanInfo for class [org.springframework.data.mongodb.gridfs.GridFsTemplate]
10:42:21,362 TRACE org.springframework.beans.CachedIntrospectionResults:271 - Getting BeanInfo for class [org.springframework.data.mongodb.gridfs.GridFsTemplate]
10:42:21,367 TRACE org.springframework.beans.CachedIntrospectionResults:276 - Caching PropertyDescriptors for class [org.springframework.data.mongodb.gridfs.GridFsTemplate]
10:42:21,367 TRACE org.springframework.beans.CachedIntrospectionResults:276 - Caching PropertyDescriptors for class [org.springframework.data.mongodb.gridfs.GridFsTemplate]
10:42:21,367 TRACE org.springframework.beans.CachedIntrospectionResults:289 - Found bean property 'class' of type [java.lang.Class]
10:42:21,367 TRACE org.springframework.beans.CachedIntrospectionResults:289 - Found bean property 'class' of type [java.lang.Class]
10:42:21,368 TRACE org.springframework.beans.CachedIntrospectionResults:289 - Found bean property 'classLoader' of type [java.lang.ClassLoader]
10:42:21,368 TRACE org.springframework.beans.CachedIntrospectionResults:289 - Found bean property 'classLoader' of type [java.lang.ClassLoader]
10:42:21,375 DEBUG org.springframework.beans.factory.support.DefaultListableBeanFactory:503 - Finished creating instance of bean 'gridFsTemplate'
10:42:21,375 DEBUG org.springframework.beans.factory.support.DefaultListableBeanFactory:503 - Finished creating instance of bean 'gridFsTemplate'
10:42:21,376 DEBUG org.springframework.beans.factory.support.DefaultListableBeanFactory:254 - Returning cached instance of singleton bean 'mongoCustomConversions'
10:42:21,376 DEBUG org.springframework.beans.factory.support.DefaultListableBeanFactory:254 - Returning cached instance of singleton bean 'mongoCustomConversions'
10:42:21,376 DEBUG org.springframework.beans.factory.support.DefaultListableBeanFactory:219 - Creating shared instance of singleton bean 'org.springframework.boot.autoconfigure.data.mongo.MongoRepositoriesAutoConfiguration'
10:42:21,376 DEBUG org.springframework.beans.factory.support.DefaultListableBeanFactory:219 - Creating shared instance of singleton bean 'org.springframework.boot.autoconfigure.data.mongo.MongoRepositoriesAutoConfiguration'
10:42:21,393 DEBUG org.springframework.beans.factory.support.DefaultListableBeanFactory:466 - Creating instance of bean 'org.springframework.boot.autoconfigure.data.mongo.MongoRepositoriesAutoConfiguration'
10:42:21,393 DEBUG org.springframework.beans.factory.support.DefaultListableBeanFactory:466 - Creating instance of bean 'org.springframework.boot.autoconfigure.data.mongo.MongoRepositoriesAutoConfiguration'
10:42:21,395 DEBUG org.springframework.beans.factory.support.DefaultListableBeanFactory:569 - Eagerly caching bean 'org.springframework.boot.autoconfigure.data.mongo.MongoRepositoriesAutoConfiguration' to allow for resolving potential circular references
10:42:21,395 DEBUG org.springframework.beans.factory.support.DefaultListableBeanFactory:569 - Eagerly caching bean 'org.springframework.boot.autoconfigure.data.mongo.MongoRepositoriesAutoConfiguration' to allow for resolving potential circular references
10:42:21,396 TRACE org.springframework.beans.CachedIntrospectionResults:271 - Getting BeanInfo for class [org.springframework.boot.autoconfigure.data.mongo.MongoRepositoriesAutoConfiguration$$EnhancerBySpringCGLIB$$5cd7f60e]
10:42:21,396 TRACE org.springframework.beans.CachedIntrospectionResults:271 - Getting BeanInfo for class [org.springframework.boot.autoconfigure.data.mongo.MongoRepositoriesAutoConfiguration$$EnhancerBySpringCGLIB$$5cd7f60e]
10:42:21,416 TRACE org.springframework.beans.CachedIntrospectionResults:276 - Caching PropertyDescriptors for class [org.springframework.boot.autoconfigure.data.mongo.MongoRepositoriesAutoConfiguration$$EnhancerBySpringCGLIB$$5cd7f60e]
10:42:21,416 TRACE org.springframework.beans.CachedIntrospectionResults:276 - Caching PropertyDescriptors for class [org.springframework.boot.autoconfigure.data.mongo.MongoRepositoriesAutoConfiguration$$EnhancerBySpringCGLIB$$5cd7f60e]
10:42:21,416 TRACE org.springframework.beans.CachedIntrospectionResults:289 - Found bean property 'beanFactory' of type [org.springframework.beans.factory.BeanFactory]
10:42:21,416 TRACE org.springframework.beans.CachedIntrospectionResults:289 - Found bean property 'beanFactory' of type [org.springframework.beans.factory.BeanFactory]
10:42:21,417 TRACE org.springframework.beans.CachedIntrospectionResults:289 - Found bean property 'class' of type [java.lang.Class]
10:42:21,417 TRACE org.springframework.beans.CachedIntrospectionResults:289 - Found bean property 'class' of type [java.lang.Class]
10:42:21,423 DEBUG org.springframework.beans.factory.support.DefaultListableBeanFactory:503 - Finished creating instance of bean 'org.springframework.boot.autoconfigure.data.mongo.MongoRepositoriesAutoConfiguration'
10:42:21,423 DEBUG org.springframework.beans.factory.support.DefaultListableBeanFactory:503 - Finished creating instance of bean 'org.springframework.boot.autoconfigure.data.mongo.MongoRepositoriesAutoConfiguration'
10:42:21,424 DEBUG org.springframework.beans.factory.support.DefaultListableBeanFactory:219 - Creating shared instance of singleton bean 'javaQuestionRepository'
10:42:21,424 DEBUG org.springframework.beans.factory.support.DefaultListableBeanFactory:219 - Creating shared instance of singleton bean 'javaQuestionRepository'
10:42:21,425 DEBUG org.springframework.beans.factory.support.DefaultListableBeanFactory:466 - Creating instance of bean 'javaQuestionRepository'
10:42:21,425 DEBUG org.springframework.beans.factory.support.DefaultListableBeanFactory:466 - Creating instance of bean 'javaQuestionRepository'
10:42:21,426 DEBUG org.springframework.beans.factory.support.DefaultListableBeanFactory:569 - Eagerly caching bean 'javaQuestionRepository' to allow for resolving potential circular references
10:42:21,426 DEBUG org.springframework.beans.factory.support.DefaultListableBeanFactory:569 - Eagerly caching bean 'javaQuestionRepository' to allow for resolving potential circular references
10:42:21,427 TRACE org.springframework.beans.CachedIntrospectionResults:271 - Getting BeanInfo for class [org.springframework.data.mongodb.repository.support.MongoRepositoryFactoryBean]
10:42:21,427 TRACE org.springframework.beans.CachedIntrospectionResults:271 - Getting BeanInfo for class [org.springframework.data.mongodb.repository.support.MongoRepositoryFactoryBean]
10:42:21,442 TRACE org.springframework.beans.CachedIntrospectionResults:276 - Caching PropertyDescriptors for class [org.springframework.data.mongodb.repository.support.MongoRepositoryFactoryBean]
10:42:21,442 TRACE org.springframework.beans.CachedIntrospectionResults:276 - Caching PropertyDescriptors for class [org.springframework.data.mongodb.repository.support.MongoRepositoryFactoryBean]
10:42:21,444 TRACE org.springframework.beans.CachedIntrospectionResults:289 - Found bean property 'applicationEventPublisher' of type [org.springframework.context.ApplicationEventPublisher]
10:42:21,444 TRACE org.springframework.beans.CachedIntrospectionResults:289 - Found bean property 'applicationEventPublisher' of type [org.springframework.context.ApplicationEventPublisher]
10:42:21,445 TRACE org.springframework.beans.CachedIntrospectionResults:289 - Found bean property 'beanClassLoader' of type [java.lang.ClassLoader]
10:42:21,445 TRACE org.springframework.beans.CachedIntrospectionResults:289 - Found bean property 'beanClassLoader' of type [java.lang.ClassLoader]
10:42:21,445 TRACE org.springframework.beans.CachedIntrospectionResults:289 - Found bean property 'beanFactory' of type [org.springframework.beans.factory.BeanFactory]
10:42:21,445 TRACE org.springframework.beans.CachedIntrospectionResults:289 - Found bean property 'beanFactory' of type [org.springframework.beans.factory.BeanFactory]
10:42:21,446 TRACE org.springframework.beans.CachedIntrospectionResults:289 - Found bean property 'class' of type [java.lang.Class]
10:42:21,446 TRACE org.springframework.beans.CachedIntrospectionResults:289 - Found bean property 'class' of type [java.lang.Class]
10:42:21,448 TRACE org.springframework.beans.CachedIntrospectionResults:289 - Found bean property 'createIndexesForQueryMethods' of type [boolean]
10:42:21,448 TRACE org.springframework.beans.CachedIntrospectionResults:289 - Found bean property 'createIndexesForQueryMethods' of type [boolean]
10:42:21,448 TRACE org.springframework.beans.CachedIntrospectionResults:289 - Found bean property 'customImplementation' of type [java.lang.Object]
10:42:21,448 TRACE org.springframework.beans.CachedIntrospectionResults:289 - Found bean property 'customImplementation' of type [java.lang.Object]
10:42:21,449 TRACE org.springframework.beans.CachedIntrospectionResults:289 - Found bean property 'entityInformation' of type [org.springframework.data.repository.core.EntityInformation]
10:42:21,449 TRACE org.springframework.beans.CachedIntrospectionResults:289 - Found bean property 'entityInformation' of type [org.springframework.data.repository.core.EntityInformation]
10:42:21,450 TRACE org.springframework.beans.CachedIntrospectionResults:289 - Found bean property 'evaluationContextProvider' of type [org.springframework.data.repository.query.EvaluationContextProvider]
10:42:21,450 TRACE org.springframework.beans.CachedIntrospectionResults:289 - Found bean property 'evaluationContextProvider' of type [org.springframework.data.repository.query.EvaluationContextProvider]
10:42:21,468 TRACE org.springframework.beans.CachedIntrospectionResults:289 - Found bean property 'lazyInit' of type [boolean]
10:42:21,468 TRACE org.springframework.beans.CachedIntrospectionResults:289 - Found bean property 'lazyInit' of type [boolean]
10:42:21,468 TRACE org.springframework.beans.CachedIntrospectionResults:289 - Found bean property 'mongoOperations' of type [org.springframework.data.mongodb.core.MongoOperations]
10:42:21,468 TRACE org.springframework.beans.CachedIntrospectionResults:289 - Found bean property 'mongoOperations' of type [org.springframework.data.mongodb.core.MongoOperations]
10:42:21,474 TRACE org.springframework.beans.CachedIntrospectionResults:289 - Found bean property 'namedQueries' of type [org.springframework.data.repository.core.NamedQueries]
10:42:21,474 TRACE org.springframework.beans.CachedIntrospectionResults:289 - Found bean property 'namedQueries' of type [org.springframework.data.repository.core.NamedQueries]
10:42:21,475 TRACE org.springframework.beans.CachedIntrospectionResults:289 - Found bean property 'object' of type [org.springframework.data.repository.Repository]
10:42:21,475 TRACE org.springframework.beans.CachedIntrospectionResults:289 - Found bean property 'object' of type [org.springframework.data.repository.Repository]
10:42:21,475 TRACE org.springframework.beans.CachedIntrospectionResults:289 - Found bean property 'objectType' of type [java.lang.Class]
10:42:21,475 TRACE org.springframework.beans.CachedIntrospectionResults:289 - Found bean property 'objectType' of type [java.lang.Class]
10:42:21,476 TRACE org.springframework.beans.CachedIntrospectionResults:289 - Found bean property 'persistentEntity' of type [org.springframework.data.mapping.PersistentEntity]
10:42:21,476 TRACE org.springframework.beans.CachedIntrospectionResults:289 - Found bean property 'persistentEntity' of type [org.springframework.data.mapping.PersistentEntity]
10:42:21,477 TRACE org.springframework.beans.CachedIntrospectionResults:289 - Found bean property 'queryLookupStrategyKey' of type [org.springframework.data.repository.query.QueryLookupStrategy$Key]
10:42:21,477 TRACE org.springframework.beans.CachedIntrospectionResults:289 - Found bean property 'queryLookupStrategyKey' of type [org.springframework.data.repository.query.QueryLookupStrategy$Key]
10:42:21,478 TRACE org.springframework.beans.CachedIntrospectionResults:289 - Found bean property 'queryMethods' of type [java.util.List]
10:42:21,478 TRACE org.springframework.beans.CachedIntrospectionResults:289 - Found bean property 'queryMethods' of type [java.util.List]
10:42:21,478 TRACE org.springframework.beans.CachedIntrospectionResults:289 - Found bean property 'repositoryBaseClass' of type [java.lang.Class]
10:42:21,478 TRACE org.springframework.beans.CachedIntrospectionResults:289 - Found bean property 'repositoryBaseClass' of type [java.lang.Class]
10:42:21,479 TRACE org.springframework.beans.CachedIntrospectionResults:289 - Found bean property 'repositoryFragments' of type [org.springframework.data.repository.core.support.RepositoryComposition$RepositoryFragments]
10:42:21,479 TRACE org.springframework.beans.CachedIntrospectionResults:289 - Found bean property 'repositoryFragments' of type [org.springframework.data.repository.core.support.RepositoryComposition$RepositoryFragments]
10:42:21,480 TRACE org.springframework.beans.CachedIntrospectionResults:289 - Found bean property 'repositoryInformation' of type [org.springframework.data.repository.core.RepositoryInformation]
10:42:21,480 TRACE org.springframework.beans.CachedIntrospectionResults:289 - Found bean property 'repositoryInformation' of type [org.springframework.data.repository.core.RepositoryInformation]
10:42:21,481 TRACE org.springframework.beans.CachedIntrospectionResults:289 - Found bean property 'singleton' of type [boolean]
10:42:21,481 TRACE org.springframework.beans.CachedIntrospectionResults:289 - Found bean property 'singleton' of type [boolean]
10:42:21,530 DEBUG org.springframework.beans.factory.support.DefaultListableBeanFactory:466 - Creating instance of bean '(inner bean)#4b360972'
10:42:21,530 DEBUG org.springframework.beans.factory.support.DefaultListableBeanFactory:466 - Creating instance of bean '(inner bean)#4b360972'
10:42:21,531 DEBUG org.springframework.beans.factory.support.DefaultListableBeanFactory:466 - Creating instance of bean '(inner bean)#793d09e'
10:42:21,531 DEBUG org.springframework.beans.factory.support.DefaultListableBeanFactory:466 - Creating instance of bean '(inner bean)#793d09e'
10:42:21,558 TRACE org.springframework.beans.CachedIntrospectionResults:271 - Getting BeanInfo for class [org.springframework.beans.factory.config.PropertiesFactoryBean]
10:42:21,558 TRACE org.springframework.beans.CachedIntrospectionResults:271 - Getting BeanInfo for class [org.springframework.beans.factory.config.PropertiesFactoryBean]
10:42:21,580 TRACE org.springframework.beans.CachedIntrospectionResults:276 - Caching PropertyDescriptors for class [org.springframework.beans.factory.config.PropertiesFactoryBean]
10:42:21,580 TRACE org.springframework.beans.CachedIntrospectionResults:276 - Caching PropertyDescriptors for class [org.springframework.beans.factory.config.PropertiesFactoryBean]
10:42:21,581 TRACE org.springframework.beans.CachedIntrospectionResults:289 - Found bean property 'class' of type [java.lang.Class]
10:42:21,581 TRACE org.springframework.beans.CachedIntrospectionResults:289 - Found bean property 'class' of type [java.lang.Class]
10:42:21,582 TRACE org.springframework.beans.CachedIntrospectionResults:289 - Found bean property 'fileEncoding' of type [java.lang.String]
10:42:21,582 TRACE org.springframework.beans.CachedIntrospectionResults:289 - Found bean property 'fileEncoding' of type [java.lang.String]
10:42:21,583 TRACE org.springframework.beans.CachedIntrospectionResults:289 - Found bean property 'ignoreResourceNotFound' of type [boolean]
10:42:21,583 TRACE org.springframework.beans.CachedIntrospectionResults:289 - Found bean property 'ignoreResourceNotFound' of type [boolean]
10:42:21,584 TRACE org.springframework.beans.CachedIntrospectionResults:289 - Found bean property 'localOverride' of type [boolean]
10:42:21,584 TRACE org.springframework.beans.CachedIntrospectionResults:289 - Found bean property 'localOverride' of type [boolean]
10:42:21,585 TRACE org.springframework.beans.CachedIntrospectionResults:289 - Found bean property 'location' of type [org.springframework.core.io.Resource]
10:42:21,585 TRACE org.springframework.beans.CachedIntrospectionResults:289 - Found bean property 'location' of type [org.springframework.core.io.Resource]
10:42:21,585 TRACE org.springframework.beans.CachedIntrospectionResults:289 - Found bean property 'locations' of type [[Lorg.springframework.core.io.Resource;]
10:42:21,585 TRACE org.springframework.beans.CachedIntrospectionResults:289 - Found bean property 'locations' of type [[Lorg.springframework.core.io.Resource;]
10:42:21,587 TRACE org.springframework.beans.CachedIntrospectionResults:289 - Found bean property 'object' of type [java.util.Properties]
10:42:21,587 TRACE org.springframework.beans.CachedIntrospectionResults:289 - Found bean property 'object' of type [java.util.Properties]
10:42:21,588 TRACE org.springframework.beans.CachedIntrospectionResults:289 - Found bean property 'objectType' of type [java.lang.Class]
10:42:21,588 TRACE org.springframework.beans.CachedIntrospectionResults:289 - Found bean property 'objectType' of type [java.lang.Class]
10:42:21,590 TRACE org.springframework.beans.CachedIntrospectionResults:289 - Found bean property 'properties' of type [java.util.Properties]
10:42:21,590 TRACE org.springframework.beans.CachedIntrospectionResults:289 - Found bean property 'properties' of type [java.util.Properties]
10:42:21,591 TRACE org.springframework.beans.CachedIntrospectionResults:289 - Found bean property 'propertiesArray' of type [[Ljava.util.Properties;]
10:42:21,591 TRACE org.springframework.beans.CachedIntrospectionResults:289 - Found bean property 'propertiesArray' of type [[Ljava.util.Properties;]
10:42:21,592 TRACE org.springframework.beans.CachedIntrospectionResults:289 - Found bean property 'propertiesPersister' of type [org.springframework.util.PropertiesPersister]
10:42:21,592 TRACE org.springframework.beans.CachedIntrospectionResults:289 - Found bean property 'propertiesPersister' of type [org.springframework.util.PropertiesPersister]
10:42:21,593 TRACE org.springframework.beans.CachedIntrospectionResults:289 - Found bean property 'singleton' of type [boolean]
10:42:21,593 TRACE org.springframework.beans.CachedIntrospectionResults:289 - Found bean property 'singleton' of type [boolean]
10:42:21,598 TRACE org.springframework.beans.TypeConverterDelegate:436 - Converting String to [class [Lorg.springframework.core.io.Resource;] using property editor [org.springframework.core.io.support.ResourceArrayPropertyEditor@68821f6]
10:42:21,598 TRACE org.springframework.beans.TypeConverterDelegate:436 - Converting String to [class [Lorg.springframework.core.io.Resource;] using property editor [org.springframework.core.io.support.ResourceArrayPropertyEditor@68821f6]
10:42:21,599 DEBUG org.springframework.core.io.support.PathMatchingResourcePatternResolver:321 - Resolved classpath location [META-INF/mongo-named-queries.properties] to resources []
10:42:21,599 DEBUG org.springframework.core.io.support.PathMatchingResourcePatternResolver:321 - Resolved classpath location [META-INF/mongo-named-queries.properties] to resources []
10:42:21,601 DEBUG org.springframework.beans.factory.support.DefaultListableBeanFactory:1751 - Invoking afterPropertiesSet() on bean with name '(inner bean)#793d09e'
10:42:21,601 DEBUG org.springframework.beans.factory.support.DefaultListableBeanFactory:1751 - Invoking afterPropertiesSet() on bean with name '(inner bean)#793d09e'
10:42:21,602 DEBUG org.springframework.beans.factory.support.DefaultListableBeanFactory:503 - Finished creating instance of bean '(inner bean)#793d09e'
10:42:21,602 DEBUG org.springframework.beans.factory.support.DefaultListableBeanFactory:503 - Finished creating instance of bean '(inner bean)#793d09e'
10:42:21,611 TRACE org.springframework.beans.CachedIntrospectionResults:271 - Getting BeanInfo for class [org.springframework.data.repository.core.support.PropertiesBasedNamedQueries]
10:42:21,611 TRACE org.springframework.beans.CachedIntrospectionResults:271 - Getting BeanInfo for class [org.springframework.data.repository.core.support.PropertiesBasedNamedQueries]
10:42:21,641 TRACE org.springframework.beans.CachedIntrospectionResults:276 - Caching PropertyDescriptors for class [org.springframework.data.repository.core.support.PropertiesBasedNamedQueries]
10:42:21,641 TRACE org.springframework.beans.CachedIntrospectionResults:276 - Caching PropertyDescriptors for class [org.springframework.data.repository.core.support.PropertiesBasedNamedQueries]
10:42:21,644 TRACE org.springframework.beans.CachedIntrospectionResults:289 - Found bean property 'class' of type [java.lang.Class]
10:42:21,644 TRACE org.springframework.beans.CachedIntrospectionResults:289 - Found bean property 'class' of type [java.lang.Class]
10:42:21,662 DEBUG org.springframework.beans.factory.support.DefaultListableBeanFactory:503 - Finished creating instance of bean '(inner bean)#4b360972'
10:42:21,662 DEBUG org.springframework.beans.factory.support.DefaultListableBeanFactory:503 - Finished creating instance of bean '(inner bean)#4b360972'
10:42:21,664 DEBUG org.springframework.beans.factory.support.DefaultListableBeanFactory:466 - Creating instance of bean '(inner bean)#1e6cb932'
10:42:21,664 DEBUG org.springframework.beans.factory.support.DefaultListableBeanFactory:466 - Creating instance of bean '(inner bean)#1e6cb932'
10:42:21,667 TRACE org.springframework.beans.CachedIntrospectionResults:271 - Getting BeanInfo for class [org.springframework.data.repository.core.support.RepositoryFragmentsFactoryBean]
10:42:21,667 TRACE org.springframework.beans.CachedIntrospectionResults:271 - Getting BeanInfo for class [org.springframework.data.repository.core.support.RepositoryFragmentsFactoryBean]
10:42:21,677 TRACE org.springframework.beans.CachedIntrospectionResults:276 - Caching PropertyDescriptors for class [org.springframework.data.repository.core.support.RepositoryFragmentsFactoryBean]
10:42:21,677 TRACE org.springframework.beans.CachedIntrospectionResults:276 - Caching PropertyDescriptors for class [org.springframework.data.repository.core.support.RepositoryFragmentsFactoryBean]
10:42:21,677 TRACE org.springframework.beans.CachedIntrospectionResults:289 - Found bean property 'beanFactory' of type [org.springframework.beans.factory.BeanFactory]
10:42:21,677 TRACE org.springframework.beans.CachedIntrospectionResults:289 - Found bean property 'beanFactory' of type [org.springframework.beans.factory.BeanFactory]
10:42:21,678 TRACE org.springframework.beans.CachedIntrospectionResults:289 - Found bean property 'class' of type [java.lang.Class]
10:42:21,678 TRACE org.springframework.beans.CachedIntrospectionResults:289 - Found bean property 'class' of type [java.lang.Class]
10:42:21,678 TRACE org.springframework.beans.CachedIntrospectionResults:289 - Found bean property 'object' of type [org.springframework.data.repository.core.support.RepositoryComposition$RepositoryFragments]
10:42:21,678 TRACE org.springframework.beans.CachedIntrospectionResults:289 - Found bean property 'object' of type [org.springframework.data.repository.core.support.RepositoryComposition$RepositoryFragments]
10:42:21,679 TRACE org.springframework.beans.CachedIntrospectionResults:289 - Found bean property 'objectType' of type [java.lang.Class]
10:42:21,679 TRACE org.springframework.beans.CachedIntrospectionResults:289 - Found bean property 'objectType' of type [java.lang.Class]
10:42:21,686 DEBUG org.springframework.beans.factory.support.DefaultListableBeanFactory:1751 - Invoking afterPropertiesSet() on bean with name '(inner bean)#1e6cb932'
10:42:21,686 DEBUG org.springframework.beans.factory.support.DefaultListableBeanFactory:1751 - Invoking afterPropertiesSet() on bean with name '(inner bean)#1e6cb932'
10:42:21,688 DEBUG org.springframework.beans.factory.support.DefaultListableBeanFactory:503 - Finished creating instance of bean '(inner bean)#1e6cb932'
10:42:21,688 DEBUG org.springframework.beans.factory.support.DefaultListableBeanFactory:503 - Finished creating instance of bean '(inner bean)#1e6cb932'
10:42:21,690 DEBUG org.springframework.beans.factory.support.DefaultListableBeanFactory:466 - Creating instance of bean '(inner bean)#15d79b70'
10:42:21,690 DEBUG org.springframework.beans.factory.support.DefaultListableBeanFactory:466 - Creating instance of bean '(inner bean)#15d79b70'
10:42:21,692 TRACE org.springframework.beans.CachedIntrospectionResults:271 - Getting BeanInfo for class [org.springframework.data.repository.query.ExtensionAwareEvaluationContextProvider]
10:42:21,692 TRACE org.springframework.beans.CachedIntrospectionResults:271 - Getting BeanInfo for class [org.springframework.data.repository.query.ExtensionAwareEvaluationContextProvider]
10:42:21,696 TRACE org.springframework.beans.CachedIntrospectionResults:276 - Caching PropertyDescriptors for class [org.springframework.data.repository.query.ExtensionAwareEvaluationContextProvider]
10:42:21,696 TRACE org.springframework.beans.CachedIntrospectionResults:276 - Caching PropertyDescriptors for class [org.springframework.data.repository.query.ExtensionAwareEvaluationContextProvider]
10:42:21,697 TRACE org.springframework.beans.CachedIntrospectionResults:289 - Found bean property 'applicationContext' of type [org.springframework.context.ApplicationContext]
10:42:21,697 TRACE org.springframework.beans.CachedIntrospectionResults:289 - Found bean property 'applicationContext' of type [org.springframework.context.ApplicationContext]
10:42:21,697 TRACE org.springframework.beans.CachedIntrospectionResults:289 - Found bean property 'class' of type [java.lang.Class]
10:42:21,697 TRACE org.springframework.beans.CachedIntrospectionResults:289 - Found bean property 'class' of type [java.lang.Class]
10:42:21,780 DEBUG org.springframework.beans.factory.support.DefaultListableBeanFactory:503 - Finished creating instance of bean '(inner bean)#15d79b70'
10:42:21,780 DEBUG org.springframework.beans.factory.support.DefaultListableBeanFactory:503 - Finished creating instance of bean '(inner bean)#15d79b70'
10:42:21,781 DEBUG org.springframework.beans.factory.support.DefaultListableBeanFactory:254 - Returning cached instance of singleton bean 'mongoTemplate'
10:42:21,781 DEBUG org.springframework.beans.factory.support.DefaultListableBeanFactory:254 - Returning cached instance of singleton bean 'mongoTemplate'
10:42:21,783 DEBUG org.springframework.beans.factory.support.DefaultListableBeanFactory:1751 - Invoking afterPropertiesSet() on bean with name 'javaQuestionRepository'
10:42:21,783 DEBUG org.springframework.beans.factory.support.DefaultListableBeanFactory:1751 - Invoking afterPropertiesSet() on bean with name 'javaQuestionRepository'
10:42:21,815 DEBUG org.springframework.aop.framework.JdkDynamicAopProxy:119 - Creating JDK dynamic proxy: target source is SingletonTargetSource for target object [org.springframework.data.mongodb.repository.support.SimpleMongoRepository@45424c0]
10:42:21,815 DEBUG org.springframework.aop.framework.JdkDynamicAopProxy:119 - Creating JDK dynamic proxy: target source is SingletonTargetSource for target object [org.springframework.data.mongodb.repository.support.SimpleMongoRepository@45424c0]
10:42:21,816 DEBUG org.springframework.beans.factory.support.DefaultListableBeanFactory:503 - Finished creating instance of bean 'javaQuestionRepository'
10:42:21,816 DEBUG org.springframework.beans.factory.support.DefaultListableBeanFactory:503 - Finished creating instance of bean 'javaQuestionRepository'
10:42:21,817 DEBUG org.springframework.beans.factory.support.DefaultListableBeanFactory:219 - Creating shared instance of singleton bean 'authorityRepository'
10:42:21,817 DEBUG org.springframework.beans.factory.support.DefaultListableBeanFactory:219 - Creating shared instance of singleton bean 'authorityRepository'
10:42:21,817 DEBUG org.springframework.beans.factory.support.DefaultListableBeanFactory:466 - Creating instance of bean 'authorityRepository'
10:42:21,817 DEBUG org.springframework.beans.factory.support.DefaultListableBeanFactory:466 - Creating instance of bean 'authorityRepository'
10:42:21,818 DEBUG org.springframework.beans.factory.support.DefaultListableBeanFactory:569 - Eagerly caching bean 'authorityRepository' to allow for resolving potential circular references
10:42:21,818 DEBUG org.springframework.beans.factory.support.DefaultListableBeanFactory:569 - Eagerly caching bean 'authorityRepository' to allow for resolving potential circular references
10:42:21,822 DEBUG org.springframework.beans.factory.support.DefaultListableBeanFactory:466 - Creating instance of bean '(inner bean)#22ae32ba'
10:42:21,822 DEBUG org.springframework.beans.factory.support.DefaultListableBeanFactory:466 - Creating instance of bean '(inner bean)#22ae32ba'
10:42:21,823 DEBUG org.springframework.beans.factory.support.DefaultListableBeanFactory:466 - Creating instance of bean '(inner bean)#b8b2184'
10:42:21,823 DEBUG org.springframework.beans.factory.support.DefaultListableBeanFactory:466 - Creating instance of bean '(inner bean)#b8b2184'
10:42:21,824 TRACE org.springframework.beans.TypeConverterDelegate:436 - Converting String to [class [Lorg.springframework.core.io.Resource;] using property editor [org.springframework.core.io.support.ResourceArrayPropertyEditor@299a43d9]
10:42:21,824 TRACE org.springframework.beans.TypeConverterDelegate:436 - Converting String to [class [Lorg.springframework.core.io.Resource;] using property editor [org.springframework.core.io.support.ResourceArrayPropertyEditor@299a43d9]
10:42:21,826 DEBUG org.springframework.core.io.support.PathMatchingResourcePatternResolver:321 - Resolved classpath location [META-INF/mongo-named-queries.properties] to resources []
10:42:21,826 DEBUG org.springframework.core.io.support.PathMatchingResourcePatternResolver:321 - Resolved classpath location [META-INF/mongo-named-queries.properties] to resources []
10:42:21,827 DEBUG org.springframework.beans.factory.support.DefaultListableBeanFactory:1751 - Invoking afterPropertiesSet() on bean with name '(inner bean)#b8b2184'
10:42:21,827 DEBUG org.springframework.beans.factory.support.DefaultListableBeanFactory:1751 - Invoking afterPropertiesSet() on bean with name '(inner bean)#b8b2184'
10:42:21,828 DEBUG org.springframework.beans.factory.support.DefaultListableBeanFactory:503 - Finished creating instance of bean '(inner bean)#b8b2184'
10:42:21,828 DEBUG org.springframework.beans.factory.support.DefaultListableBeanFactory:503 - Finished creating instance of bean '(inner bean)#b8b2184'
10:42:21,829 DEBUG org.springframework.beans.factory.support.DefaultListableBeanFactory:503 - Finished creating instance of bean '(inner bean)#22ae32ba'
10:42:21,829 DEBUG org.springframework.beans.factory.support.DefaultListableBeanFactory:503 - Finished creating instance of bean '(inner bean)#22ae32ba'
10:42:21,830 DEBUG org.springframework.beans.factory.support.DefaultListableBeanFactory:466 - Creating instance of bean '(inner bean)#5fa5c8cf'
10:42:21,830 DEBUG org.springframework.beans.factory.support.DefaultListableBeanFactory:466 - Creating instance of bean '(inner bean)#5fa5c8cf'
10:42:21,832 DEBUG org.springframework.beans.factory.support.DefaultListableBeanFactory:1751 - Invoking afterPropertiesSet() on bean with name '(inner bean)#5fa5c8cf'
10:42:21,832 DEBUG org.springframework.beans.factory.support.DefaultListableBeanFactory:1751 - Invoking afterPropertiesSet() on bean with name '(inner bean)#5fa5c8cf'
10:42:21,845 DEBUG org.springframework.beans.factory.support.DefaultListableBeanFactory:503 - Finished creating instance of bean '(inner bean)#5fa5c8cf'
10:42:21,845 DEBUG org.springframework.beans.factory.support.DefaultListableBeanFactory:503 - Finished creating instance of bean '(inner bean)#5fa5c8cf'
10:42:21,846 DEBUG org.springframework.beans.factory.support.DefaultListableBeanFactory:466 - Creating instance of bean '(inner bean)#768f4b42'
10:42:21,846 DEBUG org.springframework.beans.factory.support.DefaultListableBeanFactory:466 - Creating instance of bean '(inner bean)#768f4b42'
10:42:21,847 DEBUG org.springframework.beans.factory.support.DefaultListableBeanFactory:503 - Finished creating instance of bean '(inner bean)#768f4b42'
10:42:21,847 DEBUG org.springframework.beans.factory.support.DefaultListableBeanFactory:503 - Finished creating instance of bean '(inner bean)#768f4b42'
10:42:21,847 DEBUG org.springframework.beans.factory.support.DefaultListableBeanFactory:254 - Returning cached instance of singleton bean 'mongoTemplate'
10:42:21,847 DEBUG org.springframework.beans.factory.support.DefaultListableBeanFactory:254 - Returning cached instance of singleton bean 'mongoTemplate'
10:42:21,849 DEBUG org.springframework.beans.factory.support.DefaultListableBeanFactory:1751 - Invoking afterPropertiesSet() on bean with name 'authorityRepository'
10:42:21,849 DEBUG org.springframework.beans.factory.support.DefaultListableBeanFactory:1751 - Invoking afterPropertiesSet() on bean with name 'authorityRepository'
10:42:21,864 DEBUG org.springframework.aop.framework.JdkDynamicAopProxy:119 - Creating JDK dynamic proxy: target source is SingletonTargetSource for target object [org.springframework.data.mongodb.repository.support.SimpleMongoRepository@12a6e8ed]
10:42:21,864 DEBUG org.springframework.aop.framework.JdkDynamicAopProxy:119 - Creating JDK dynamic proxy: target source is SingletonTargetSource for target object [org.springframework.data.mongodb.repository.support.SimpleMongoRepository@12a6e8ed]
10:42:21,865 DEBUG org.springframework.beans.factory.support.DefaultListableBeanFactory:503 - Finished creating instance of bean 'authorityRepository'
10:42:21,865 DEBUG org.springframework.beans.factory.support.DefaultListableBeanFactory:503 - Finished creating instance of bean 'authorityRepository'
10:42:21,866 DEBUG org.springframework.beans.factory.support.DefaultListableBeanFactory:219 - Creating shared instance of singleton bean 'userRepository'
10:42:21,866 DEBUG org.springframework.beans.factory.support.DefaultListableBeanFactory:219 - Creating shared instance of singleton bean 'userRepository'
10:42:21,867 DEBUG org.springframework.beans.factory.support.DefaultListableBeanFactory:466 - Creating instance of bean 'userRepository'
10:42:21,867 DEBUG org.springframework.beans.factory.support.DefaultListableBeanFactory:466 - Creating instance of bean 'userRepository'
10:42:21,868 DEBUG org.springframework.beans.factory.support.DefaultListableBeanFactory:569 - Eagerly caching bean 'userRepository' to allow for resolving potential circular references
10:42:21,868 DEBUG org.springframework.beans.factory.support.DefaultListableBeanFactory:569 - Eagerly caching bean 'userRepository' to allow for resolving potential circular references
10:42:21,870 DEBUG org.springframework.beans.factory.support.DefaultListableBeanFactory:466 - Creating instance of bean '(inner bean)#63b4b9c6'
10:42:21,870 DEBUG org.springframework.beans.factory.support.DefaultListableBeanFactory:466 - Creating instance of bean '(inner bean)#63b4b9c6'
10:42:21,873 DEBUG org.springframework.beans.factory.support.DefaultListableBeanFactory:466 - Creating instance of bean '(inner bean)#6c66ddab'
10:42:21,873 DEBUG org.springframework.beans.factory.support.DefaultListableBeanFactory:466 - Creating instance of bean '(inner bean)#6c66ddab'
10:42:21,874 TRACE org.springframework.beans.TypeConverterDelegate:436 - Converting String to [class [Lorg.springframework.core.io.Resource;] using property editor [org.springframework.core.io.support.ResourceArrayPropertyEditor@603f4e3e]
10:42:21,874 TRACE org.springframework.beans.TypeConverterDelegate:436 - Converting String to [class [Lorg.springframework.core.io.Resource;] using property editor [org.springframework.core.io.support.ResourceArrayPropertyEditor@603f4e3e]
10:42:21,876 DEBUG org.springframework.core.io.support.PathMatchingResourcePatternResolver:321 - Resolved classpath location [META-INF/mongo-named-queries.properties] to resources []
10:42:21,876 DEBUG org.springframework.core.io.support.PathMatchingResourcePatternResolver:321 - Resolved classpath location [META-INF/mongo-named-queries.properties] to resources []
10:42:21,880 DEBUG org.springframework.beans.factory.support.DefaultListableBeanFactory:1751 - Invoking afterPropertiesSet() on bean with name '(inner bean)#6c66ddab'
10:42:21,880 DEBUG org.springframework.beans.factory.support.DefaultListableBeanFactory:1751 - Invoking afterPropertiesSet() on bean with name '(inner bean)#6c66ddab'
10:42:21,881 DEBUG org.springframework.beans.factory.support.DefaultListableBeanFactory:503 - Finished creating instance of bean '(inner bean)#6c66ddab'
10:42:21,881 DEBUG org.springframework.beans.factory.support.DefaultListableBeanFactory:503 - Finished creating instance of bean '(inner bean)#6c66ddab'
10:42:21,883 DEBUG org.springframework.beans.factory.support.DefaultListableBeanFactory:503 - Finished creating instance of bean '(inner bean)#63b4b9c6'
10:42:21,883 DEBUG org.springframework.beans.factory.support.DefaultListableBeanFactory:503 - Finished creating instance of bean '(inner bean)#63b4b9c6'
10:42:21,884 DEBUG org.springframework.beans.factory.support.DefaultListableBeanFactory:466 - Creating instance of bean '(inner bean)#3c7d8a4'
10:42:21,884 DEBUG org.springframework.beans.factory.support.DefaultListableBeanFactory:466 - Creating instance of bean '(inner bean)#3c7d8a4'
10:42:21,885 DEBUG org.springframework.beans.factory.support.DefaultListableBeanFactory:1751 - Invoking afterPropertiesSet() on bean with name '(inner bean)#3c7d8a4'
10:42:21,885 DEBUG org.springframework.beans.factory.support.DefaultListableBeanFactory:1751 - Invoking afterPropertiesSet() on bean with name '(inner bean)#3c7d8a4'
10:42:21,886 DEBUG org.springframework.beans.factory.support.DefaultListableBeanFactory:503 - Finished creating instance of bean '(inner bean)#3c7d8a4'
10:42:21,886 DEBUG org.springframework.beans.factory.support.DefaultListableBeanFactory:503 - Finished creating instance of bean '(inner bean)#3c7d8a4'
10:42:21,890 DEBUG org.springframework.beans.factory.support.DefaultListableBeanFactory:466 - Creating instance of bean '(inner bean)#43423d40'
10:42:21,890 DEBUG org.springframework.beans.factory.support.DefaultListableBeanFactory:466 - Creating instance of bean '(inner bean)#43423d40'
10:42:21,918 DEBUG org.springframework.beans.factory.support.DefaultListableBeanFactory:503 - Finished creating instance of bean '(inner bean)#43423d40'
10:42:21,918 DEBUG org.springframework.beans.factory.support.DefaultListableBeanFactory:503 - Finished creating instance of bean '(inner bean)#43423d40'
10:42:21,919 DEBUG org.springframework.beans.factory.support.DefaultListableBeanFactory:254 - Returning cached instance of singleton bean 'mongoTemplate'
10:42:21,919 DEBUG org.springframework.beans.factory.support.DefaultListableBeanFactory:254 - Returning cached instance of singleton bean 'mongoTemplate'
10:42:21,929 DEBUG org.springframework.beans.factory.support.DefaultListableBeanFactory:1751 - Invoking afterPropertiesSet() on bean with name 'userRepository'
10:42:21,929 DEBUG org.springframework.beans.factory.support.DefaultListableBeanFactory:1751 - Invoking afterPropertiesSet() on bean with name 'userRepository'
10:42:21,947 DEBUG org.springframework.aop.framework.JdkDynamicAopProxy:119 - Creating JDK dynamic proxy: target source is SingletonTargetSource for target object [org.springframework.data.mongodb.repository.support.SimpleMongoRepository@6200b644]
10:42:21,947 DEBUG org.springframework.aop.framework.JdkDynamicAopProxy:119 - Creating JDK dynamic proxy: target source is SingletonTargetSource for target object [org.springframework.data.mongodb.repository.support.SimpleMongoRepository@6200b644]
10:42:21,948 DEBUG org.springframework.beans.factory.support.DefaultListableBeanFactory:503 - Finished creating instance of bean 'userRepository'
10:42:21,948 DEBUG org.springframework.beans.factory.support.DefaultListableBeanFactory:503 - Finished creating instance of bean 'userRepository'
10:42:21,951 DEBUG org.springframework.beans.factory.support.DefaultListableBeanFactory:254 - Returning cached instance of singleton bean 'org.springframework.context.event.internalEventListenerFactory'
10:42:21,951 DEBUG org.springframework.beans.factory.support.DefaultListableBeanFactory:254 - Returning cached instance of singleton bean 'org.springframework.context.event.internalEventListenerFactory'
10:42:21,960 TRACE org.springframework.context.event.EventListenerMethodProcessor:156 - No @EventListener annotations found on bean class: org.springframework.context.annotation.ConfigurationClassPostProcessor
10:42:21,960 TRACE org.springframework.context.event.EventListenerMethodProcessor:156 - No @EventListener annotations found on bean class: org.springframework.context.annotation.ConfigurationClassPostProcessor
10:42:21,961 TRACE org.springframework.context.event.EventListenerMethodProcessor:156 - No @EventListener annotations found on bean class: org.springframework.beans.factory.annotation.AutowiredAnnotationBeanPostProcessor
10:42:21,961 TRACE org.springframework.context.event.EventListenerMethodProcessor:156 - No @EventListener annotations found on bean class: org.springframework.beans.factory.annotation.AutowiredAnnotationBeanPostProcessor
10:42:21,962 TRACE org.springframework.context.event.EventListenerMethodProcessor:156 - No @EventListener annotations found on bean class: org.springframework.beans.factory.annotation.RequiredAnnotationBeanPostProcessor
10:42:21,962 TRACE org.springframework.context.event.EventListenerMethodProcessor:156 - No @EventListener annotations found on bean class: org.springframework.beans.factory.annotation.RequiredAnnotationBeanPostProcessor
10:42:21,963 TRACE org.springframework.context.event.EventListenerMethodProcessor:156 - No @EventListener annotations found on bean class: org.springframework.context.annotation.CommonAnnotationBeanPostProcessor
10:42:21,963 TRACE org.springframework.context.event.EventListenerMethodProcessor:156 - No @EventListener annotations found on bean class: org.springframework.context.annotation.CommonAnnotationBeanPostProcessor
10:42:21,964 TRACE org.springframework.context.event.EventListenerMethodProcessor:156 - No @EventListener annotations found on bean class: org.springframework.context.event.EventListenerMethodProcessor
10:42:21,964 TRACE org.springframework.context.event.EventListenerMethodProcessor:156 - No @EventListener annotations found on bean class: org.springframework.context.event.EventListenerMethodProcessor
10:42:21,965 TRACE org.springframework.context.event.EventListenerMethodProcessor:156 - No @EventListener annotations found on bean class: org.springframework.context.event.DefaultEventListenerFactory
10:42:21,965 TRACE org.springframework.context.event.EventListenerMethodProcessor:156 - No @EventListener annotations found on bean class: org.springframework.context.event.DefaultEventListenerFactory
10:42:21,966 TRACE org.springframework.context.event.EventListenerMethodProcessor:156 - No @EventListener annotations found on bean class: org.springframework.boot.test.context.ImportsContextCustomizer$ImportsCleanupPostProcessor
10:42:21,966 TRACE org.springframework.context.event.EventListenerMethodProcessor:156 - No @EventListener annotations found on bean class: org.springframework.boot.test.context.ImportsContextCustomizer$ImportsCleanupPostProcessor
10:42:21,978 TRACE org.springframework.context.event.EventListenerMethodProcessor:156 - No @EventListener annotations found on bean class: org.springframework.boot.test.mock.mockito.MockitoPostProcessor$SpyPostProcessor
10:42:21,978 TRACE org.springframework.context.event.EventListenerMethodProcessor:156 - No @EventListener annotations found on bean class: org.springframework.boot.test.mock.mockito.MockitoPostProcessor$SpyPostProcessor
10:42:21,981 TRACE org.springframework.context.event.EventListenerMethodProcessor:156 - No @EventListener annotations found on bean class: org.springframework.boot.test.mock.mockito.MockitoPostProcessor
10:42:21,981 TRACE org.springframework.context.event.EventListenerMethodProcessor:156 - No @EventListener annotations found on bean class: org.springframework.boot.test.mock.mockito.MockitoPostProcessor
10:42:21,982 TRACE org.springframework.context.event.EventListenerMethodProcessor:156 - No @EventListener annotations found on bean class: pro.abacus.javatutor.JavaTutorApplication$$EnhancerBySpringCGLIB$$18d37e53
10:42:21,982 TRACE org.springframework.context.event.EventListenerMethodProcessor:156 - No @EventListener annotations found on bean class: pro.abacus.javatutor.JavaTutorApplication$$EnhancerBySpringCGLIB$$18d37e53
10:42:21,982 TRACE org.springframework.context.event.EventListenerMethodProcessor:156 - No @EventListener annotations found on bean class: org.springframework.core.type.classreading.CachingMetadataReaderFactory
10:42:21,982 TRACE org.springframework.context.event.EventListenerMethodProcessor:156 - No @EventListener annotations found on bean class: org.springframework.core.type.classreading.CachingMetadataReaderFactory
10:42:21,983 TRACE org.springframework.context.event.EventListenerMethodProcessor:156 - No @EventListener annotations found on bean class: org.springframework.boot.autoconfigure.AutoConfigurationPackages$BasePackages
10:42:21,983 TRACE org.springframework.context.event.EventListenerMethodProcessor:156 - No @EventListener annotations found on bean class: org.springframework.boot.autoconfigure.AutoConfigurationPackages$BasePackages
10:42:21,983 TRACE org.springframework.context.event.EventListenerMethodProcessor:156 - No @EventListener annotations found on bean class: org.springframework.boot.autoconfigure.condition.BeanTypeRegistry
10:42:21,983 TRACE org.springframework.context.event.EventListenerMethodProcessor:156 - No @EventListener annotations found on bean class: org.springframework.boot.autoconfigure.condition.BeanTypeRegistry
10:42:21,985 TRACE org.springframework.context.event.EventListenerMethodProcessor:156 - No @EventListener annotations found on bean class: org.springframework.boot.autoconfigure.mongo.MongoAutoConfiguration$$EnhancerBySpringCGLIB$$f9fc28ea
10:42:21,985 TRACE org.springframework.context.event.EventListenerMethodProcessor:156 - No @EventListener annotations found on bean class: org.springframework.boot.autoconfigure.mongo.MongoAutoConfiguration$$EnhancerBySpringCGLIB$$f9fc28ea
10:42:21,996 TRACE org.springframework.context.event.EventListenerMethodProcessor:156 - No @EventListener annotations found on bean class: com.mongodb.MongoClient
10:42:21,996 TRACE org.springframework.context.event.EventListenerMethodProcessor:156 - No @EventListener annotations found on bean class: com.mongodb.MongoClient
10:42:22,011 TRACE org.springframework.context.event.EventListenerMethodProcessor:156 - No @EventListener annotations found on bean class: org.springframework.boot.autoconfigure.mongo.MongoProperties
10:42:22,011 TRACE org.springframework.context.event.EventListenerMethodProcessor:156 - No @EventListener annotations found on bean class: org.springframework.boot.autoconfigure.mongo.MongoProperties
10:42:22,013 TRACE org.springframework.context.event.EventListenerMethodProcessor:156 - No @EventListener annotations found on bean class: org.springframework.boot.context.properties.ConfigurationPropertiesBindingPostProcessor
10:42:22,013 TRACE org.springframework.context.event.EventListenerMethodProcessor:156 - No @EventListener annotations found on bean class: org.springframework.boot.context.properties.ConfigurationPropertiesBindingPostProcessor
10:42:22,016 TRACE org.springframework.context.event.EventListenerMethodProcessor:156 - No @EventListener annotations found on bean class: org.springframework.boot.context.properties.ConfigurationBeanFactoryMetadata
10:42:22,016 TRACE org.springframework.context.event.EventListenerMethodProcessor:156 - No @EventListener annotations found on bean class: org.springframework.boot.context.properties.ConfigurationBeanFactoryMetadata
10:42:22,027 TRACE org.springframework.context.event.EventListenerMethodProcessor:156 - No @EventListener annotations found on bean class: org.springframework.boot.autoconfigure.data.mongo.MongoDataAutoConfiguration$$EnhancerBySpringCGLIB$$28baabcc
10:42:22,027 TRACE org.springframework.context.event.EventListenerMethodProcessor:156 - No @EventListener annotations found on bean class: org.springframework.boot.autoconfigure.data.mongo.MongoDataAutoConfiguration$$EnhancerBySpringCGLIB$$28baabcc
10:42:22,028 TRACE org.springframework.context.event.EventListenerMethodProcessor:156 - No @EventListener annotations found on bean class: org.springframework.data.mongodb.core.SimpleMongoDbFactory
10:42:22,028 TRACE org.springframework.context.event.EventListenerMethodProcessor:156 - No @EventListener annotations found on bean class: org.springframework.data.mongodb.core.SimpleMongoDbFactory
10:42:22,029 TRACE org.springframework.context.event.EventListenerMethodProcessor:156 - No @EventListener annotations found on bean class: org.springframework.data.mongodb.core.MongoTemplate
10:42:22,029 TRACE org.springframework.context.event.EventListenerMethodProcessor:156 - No @EventListener annotations found on bean class: org.springframework.data.mongodb.core.MongoTemplate
10:42:22,032 TRACE org.springframework.context.event.EventListenerMethodProcessor:156 - No @EventListener annotations found on bean class: org.springframework.data.mongodb.core.convert.MappingMongoConverter
10:42:22,032 TRACE org.springframework.context.event.EventListenerMethodProcessor:156 - No @EventListener annotations found on bean class: org.springframework.data.mongodb.core.convert.MappingMongoConverter
10:42:22,033 TRACE org.springframework.context.event.EventListenerMethodProcessor:156 - No @EventListener annotations found on bean class: org.springframework.data.mongodb.core.mapping.MongoMappingContext
10:42:22,033 TRACE org.springframework.context.event.EventListenerMethodProcessor:156 - No @EventListener annotations found on bean class: org.springframework.data.mongodb.core.mapping.MongoMappingContext
10:42:22,034 TRACE org.springframework.context.event.EventListenerMethodProcessor:156 - No @EventListener annotations found on bean class: org.springframework.data.mongodb.gridfs.GridFsTemplate
10:42:22,034 TRACE org.springframework.context.event.EventListenerMethodProcessor:156 - No @EventListener annotations found on bean class: org.springframework.data.mongodb.gridfs.GridFsTemplate
10:42:22,035 TRACE org.springframework.context.event.EventListenerMethodProcessor:156 - No @EventListener annotations found on bean class: org.springframework.data.mongodb.core.convert.MongoCustomConversions
10:42:22,035 TRACE org.springframework.context.event.EventListenerMethodProcessor:156 - No @EventListener annotations found on bean class: org.springframework.data.mongodb.core.convert.MongoCustomConversions
10:42:22,040 TRACE org.springframework.context.event.EventListenerMethodProcessor:156 - No @EventListener annotations found on bean class: org.springframework.boot.autoconfigure.data.mongo.MongoRepositoriesAutoConfiguration$$EnhancerBySpringCGLIB$$5cd7f60e
10:42:22,040 TRACE org.springframework.context.event.EventListenerMethodProcessor:156 - No @EventListener annotations found on bean class: org.springframework.boot.autoconfigure.data.mongo.MongoRepositoriesAutoConfiguration$$EnhancerBySpringCGLIB$$5cd7f60e
10:42:22,042 TRACE org.springframework.context.event.EventListenerMethodProcessor:156 - No @EventListener annotations found on bean class: pro.abacus.javatutor.repository.JavaQuestionRepository
10:42:22,042 TRACE org.springframework.context.event.EventListenerMethodProcessor:156 - No @EventListener annotations found on bean class: pro.abacus.javatutor.repository.JavaQuestionRepository
10:42:22,043 TRACE org.springframework.context.event.EventListenerMethodProcessor:156 - No @EventListener annotations found on bean class: pro.abacus.javatutor.repository.AuthorityRepository
10:42:22,043 TRACE org.springframework.context.event.EventListenerMethodProcessor:156 - No @EventListener annotations found on bean class: pro.abacus.javatutor.repository.AuthorityRepository
10:42:22,044 TRACE org.springframework.context.event.EventListenerMethodProcessor:156 - No @EventListener annotations found on bean class: pro.abacus.javatutor.repository.UserRepository
10:42:22,044 TRACE org.springframework.context.event.EventListenerMethodProcessor:156 - No @EventListener annotations found on bean class: pro.abacus.javatutor.repository.UserRepository
10:42:22,046 TRACE org.springframework.context.event.EventListenerMethodProcessor:156 - No @EventListener annotations found on bean class: org.springframework.boot.autoconfigure.condition.ConditionEvaluationReport
10:42:22,046 TRACE org.springframework.context.event.EventListenerMethodProcessor:156 - No @EventListener annotations found on bean class: org.springframework.boot.autoconfigure.condition.ConditionEvaluationReport
10:42:22,047 TRACE org.springframework.context.event.EventListenerMethodProcessor:156 - No @EventListener annotations found on bean class: org.springframework.boot.context.ContextIdApplicationContextInitializer$ContextId
10:42:22,047 TRACE org.springframework.context.event.EventListenerMethodProcessor:156 - No @EventListener annotations found on bean class: org.springframework.boot.context.ContextIdApplicationContextInitializer$ContextId
10:42:22,048 TRACE org.springframework.context.event.EventListenerMethodProcessor:156 - No @EventListener annotations found on bean class: org.springframework.boot.test.context.filter.TestTypeExcludeFilter
10:42:22,048 TRACE org.springframework.context.event.EventListenerMethodProcessor:156 - No @EventListener annotations found on bean class: org.springframework.boot.test.context.filter.TestTypeExcludeFilter
10:42:22,048 TRACE org.springframework.context.event.EventListenerMethodProcessor:156 - No @EventListener annotations found on bean class: org.springframework.boot.test.autoconfigure.filter.TypeExcludeFiltersContextCustomizer$1
10:42:22,048 TRACE org.springframework.context.event.EventListenerMethodProcessor:156 - No @EventListener annotations found on bean class: org.springframework.boot.test.autoconfigure.filter.TypeExcludeFiltersContextCustomizer$1
10:42:22,049 TRACE org.springframework.context.event.EventListenerMethodProcessor:156 - No @EventListener annotations found on bean class: org.springframework.boot.test.autoconfigure.properties.PropertyMappingContextCustomizer$PropertyMappingCheckBeanPostProcessor
10:42:22,049 TRACE org.springframework.context.event.EventListenerMethodProcessor:156 - No @EventListener annotations found on bean class: org.springframework.boot.test.autoconfigure.properties.PropertyMappingContextCustomizer$PropertyMappingCheckBeanPostProcessor
10:42:22,050 TRACE org.springframework.context.event.EventListenerMethodProcessor:156 - No @EventListener annotations found on bean class: org.springframework.boot.DefaultApplicationArguments
10:42:22,050 TRACE org.springframework.context.event.EventListenerMethodProcessor:156 - No @EventListener annotations found on bean class: org.springframework.boot.DefaultApplicationArguments
10:42:22,051 TRACE org.springframework.context.event.EventListenerMethodProcessor:156 - No @EventListener annotations found on bean class: org.springframework.boot.SpringApplicationBannerPrinter$PrintedBanner
10:42:22,051 TRACE org.springframework.context.event.EventListenerMethodProcessor:156 - No @EventListener annotations found on bean class: org.springframework.boot.SpringApplicationBannerPrinter$PrintedBanner
10:42:22,052 TRACE org.springframework.context.event.EventListenerMethodProcessor:156 - No @EventListener annotations found on bean class: org.springframework.boot.logging.java.JavaLoggingSystem
10:42:22,052 TRACE org.springframework.context.event.EventListenerMethodProcessor:156 - No @EventListener annotations found on bean class: org.springframework.boot.logging.java.JavaLoggingSystem
10:42:22,055 TRACE org.springframework.context.event.EventListenerMethodProcessor:156 - No @EventListener annotations found on bean class: org.springframework.core.env.StandardEnvironment
10:42:22,055 TRACE org.springframework.context.event.EventListenerMethodProcessor:156 - No @EventListener annotations found on bean class: org.springframework.core.env.StandardEnvironment
10:42:22,056 TRACE org.springframework.context.event.EventListenerMethodProcessor:156 - No @EventListener annotations found on bean class: java.util.Properties
10:42:22,056 TRACE org.springframework.context.event.EventListenerMethodProcessor:156 - No @EventListener annotations found on bean class: java.util.Properties
10:42:22,057 TRACE org.springframework.context.event.EventListenerMethodProcessor:156 - No @EventListener annotations found on bean class: java.util.Collections$UnmodifiableMap
10:42:22,057 TRACE org.springframework.context.event.EventListenerMethodProcessor:156 - No @EventListener annotations found on bean class: java.util.Collections$UnmodifiableMap
10:42:22,059 TRACE org.springframework.context.event.EventListenerMethodProcessor:156 - No @EventListener annotations found on bean class: org.springframework.context.annotation.ConfigurationClassParser$ImportStack
10:42:22,059 TRACE org.springframework.context.event.EventListenerMethodProcessor:156 - No @EventListener annotations found on bean class: org.springframework.context.annotation.ConfigurationClassParser$ImportStack
10:42:22,063 TRACE org.springframework.context.event.EventListenerMethodProcessor:156 - No @EventListener annotations found on bean class: org.springframework.boot.test.mock.mockito.MockitoBeans
10:42:22,063 TRACE org.springframework.context.event.EventListenerMethodProcessor:156 - No @EventListener annotations found on bean class: org.springframework.boot.test.mock.mockito.MockitoBeans
10:42:22,065 TRACE org.springframework.context.event.EventListenerMethodProcessor:156 - No @EventListener annotations found on bean class: org.springframework.context.support.DelegatingMessageSource
10:42:22,065 TRACE org.springframework.context.event.EventListenerMethodProcessor:156 - No @EventListener annotations found on bean class: org.springframework.context.support.DelegatingMessageSource
10:42:22,066 TRACE org.springframework.context.event.EventListenerMethodProcessor:156 - No @EventListener annotations found on bean class: org.springframework.context.event.SimpleApplicationEventMulticaster
10:42:22,066 TRACE org.springframework.context.event.EventListenerMethodProcessor:156 - No @EventListener annotations found on bean class: org.springframework.context.event.SimpleApplicationEventMulticaster
10:42:22,067 DEBUG org.springframework.context.annotation.AnnotationConfigApplicationContext:792 - Unable to locate LifecycleProcessor with name 'lifecycleProcessor': using default [org.springframework.context.support.DefaultLifecycleProcessor@d4ecdb0]
10:42:22,067 DEBUG org.springframework.context.annotation.AnnotationConfigApplicationContext:792 - Unable to locate LifecycleProcessor with name 'lifecycleProcessor': using default [org.springframework.context.support.DefaultLifecycleProcessor@d4ecdb0]
10:42:22,068 DEBUG org.springframework.beans.factory.support.DefaultListableBeanFactory:254 - Returning cached instance of singleton bean 'lifecycleProcessor'
10:42:22,068 DEBUG org.springframework.beans.factory.support.DefaultListableBeanFactory:254 - Returning cached instance of singleton bean 'lifecycleProcessor'
10:42:22,068 TRACE org.springframework.context.annotation.AnnotationConfigApplicationContext:380 - Publishing event in org.springframework.context.annotation.AnnotationConfigApplicationContext@7f4f1536: org.springframework.context.event.ContextRefreshedEvent[source=org.springframework.context.annotation.AnnotationConfigApplicationContext@7f4f1536: startup date [Thu Oct 11 10:42:18 CEST 2018]; root of context hierarchy]
10:42:22,068 TRACE org.springframework.context.annotation.AnnotationConfigApplicationContext:380 - Publishing event in org.springframework.context.annotation.AnnotationConfigApplicationContext@7f4f1536: org.springframework.context.event.ContextRefreshedEvent[source=org.springframework.context.annotation.AnnotationConfigApplicationContext@7f4f1536: startup date [Thu Oct 11 10:42:18 CEST 2018]; root of context hierarchy]
10:42:22,078 DEBUG org.springframework.beans.factory.support.DefaultListableBeanFactory:254 - Returning cached instance of singleton bean 'org.springframework.boot.autoconfigure.internalCachingMetadataReaderFactory'
10:42:22,078 DEBUG org.springframework.beans.factory.support.DefaultListableBeanFactory:254 - Returning cached instance of singleton bean 'org.springframework.boot.autoconfigure.internalCachingMetadataReaderFactory'
10:42:22,107 DEBUG org.springframework.boot.autoconfigure.logging.ConditionEvaluationReportLoggingListener:107 - 


============================
CONDITIONS EVALUATION REPORT
============================


Positive matches:
-----------------

   MongoAutoConfiguration matched:
      - @ConditionalOnClass found required class 'com.mongodb.MongoClient'; @ConditionalOnMissingClass did not find unwanted class (OnClassCondition)
      - @ConditionalOnMissingBean (types: org.springframework.data.mongodb.MongoDbFactory; SearchStrategy: all) did not find any beans (OnBeanCondition)

   MongoAutoConfiguration#mongo matched:
      - @ConditionalOnMissingBean (types: com.mongodb.MongoClient; SearchStrategy: all) did not find any beans (OnBeanCondition)

   MongoDataAutoConfiguration matched:
      - @ConditionalOnClass found required classes 'com.mongodb.MongoClient', 'org.springframework.data.mongodb.core.MongoTemplate'; @ConditionalOnMissingClass did not find unwanted class (OnClassCondition)

   MongoDataAutoConfiguration#gridFsTemplate matched:
      - @ConditionalOnMissingBean (types: org.springframework.data.mongodb.gridfs.GridFsTemplate; SearchStrategy: all) did not find any beans (OnBeanCondition)

   MongoDataAutoConfiguration#mappingMongoConverter matched:
      - @ConditionalOnMissingBean (types: org.springframework.data.mongodb.core.convert.MongoConverter; SearchStrategy: all) did not find any beans (OnBeanCondition)

   MongoDataAutoConfiguration#mongoCustomConversions matched:
      - @ConditionalOnMissingBean (types: org.springframework.data.mongodb.core.convert.MongoCustomConversions; SearchStrategy: all) did not find any beans (OnBeanCondition)

   MongoDataAutoConfiguration#mongoDbFactory matched:
      - @ConditionalOnMissingBean (types: org.springframework.data.mongodb.MongoDbFactory; SearchStrategy: all) did not find any beans (OnBeanCondition)

   MongoDataAutoConfiguration#mongoMappingContext matched:
      - @ConditionalOnMissingBean (types: org.springframework.data.mongodb.core.mapping.MongoMappingContext; SearchStrategy: all) did not find any beans (OnBeanCondition)

   MongoDataAutoConfiguration#mongoTemplate matched:
      - @ConditionalOnMissingBean (types: org.springframework.data.mongodb.core.MongoTemplate; SearchStrategy: all) did not find any beans (OnBeanCondition)

   MongoRepositoriesAutoConfiguration matched:
      - @ConditionalOnClass found required classes 'com.mongodb.MongoClient', 'org.springframework.data.mongodb.repository.MongoRepository'; @ConditionalOnMissingClass did not find unwanted class (OnClassCondition)
      - @ConditionalOnRepositoryType configured type of 'AUTO' matched required type (OnRepositoryTypeCondition)
      - @ConditionalOnMissingBean (types: org.springframework.data.mongodb.repository.support.MongoRepositoryFactoryBean,org.springframework.data.mongodb.repository.config.MongoRepositoryConfigurationExtension; SearchStrategy: all) did not find any beans (OnBeanCondition)

   NoOpCacheConfiguration matched:
      - Cache org.springframework.boot.autoconfigure.cache.NoOpCacheConfiguration NONE cache type (CacheCondition)


Negative matches:
-----------------

   CacheAutoConfiguration:
      Did not match:
         - @ConditionalOnBean (types: org.springframework.cache.interceptor.CacheAspectSupport; SearchStrategy: all) did not find any beans of type org.springframework.cache.interceptor.CacheAspectSupport (OnBeanCondition)
      Matched:
         - @ConditionalOnClass found required class 'org.springframework.cache.CacheManager'; @ConditionalOnMissingClass did not find unwanted class (OnClassCondition)

   CacheAutoConfiguration.CacheManagerJpaDependencyConfiguration:
      Did not match:
         - @ConditionalOnClass did not find required class 'org.springframework.orm.jpa.LocalContainerEntityManagerFactoryBean' (OnClassCondition)
         - Ancestor org.springframework.boot.autoconfigure.cache.CacheAutoConfiguration did not match (ConditionEvaluationReport.AncestorsMatchedCondition)

   CaffeineCacheConfiguration:
      Did not match:
         - @ConditionalOnClass did not find required classes 'com.github.benmanes.caffeine.cache.Caffeine', 'org.springframework.cache.caffeine.CaffeineCacheManager' (OnClassCondition)

   CouchbaseCacheConfiguration:
      Did not match:
         - @ConditionalOnClass did not find required classes 'com.couchbase.client.java.Bucket', 'com.couchbase.client.spring.cache.CouchbaseCacheManager' (OnClassCondition)

   EhCacheCacheConfiguration:
      Did not match:
         - @ConditionalOnClass did not find required classes 'net.sf.ehcache.Cache', 'org.springframework.cache.ehcache.EhCacheCacheManager' (OnClassCondition)

   GenericCacheConfiguration:
      Did not match:
         - Cache org.springframework.boot.autoconfigure.cache.GenericCacheConfiguration unknown cache type (CacheCondition)

   HazelcastCacheConfiguration:
      Did not match:
         - @ConditionalOnClass did not find required classes 'com.hazelcast.core.HazelcastInstance', 'com.hazelcast.spring.cache.HazelcastCacheManager' (OnClassCondition)

   InfinispanCacheConfiguration:
      Did not match:
         - @ConditionalOnClass did not find required class 'org.infinispan.spring.provider.SpringEmbeddedCacheManager' (OnClassCondition)

   JCacheCacheConfiguration:
      Did not match:
         - @ConditionalOnClass did not find required classes 'javax.cache.Caching', 'org.springframework.cache.jcache.JCacheCacheManager' (OnClassCondition)

   MongoReactiveAutoConfiguration:
      Did not match:
         - @ConditionalOnClass did not find required class 'com.mongodb.reactivestreams.client.MongoClient' (OnClassCondition)

   MongoReactiveDataAutoConfiguration:
      Did not match:
         - @ConditionalOnClass did not find required class 'com.mongodb.reactivestreams.client.MongoClient' (OnClassCondition)

   MongoReactiveRepositoriesAutoConfiguration:
      Did not match:
         - @ConditionalOnClass did not find required class 'com.mongodb.reactivestreams.client.MongoClient' (OnClassCondition)

   RedisCacheConfiguration:
      Did not match:
         - Cache org.springframework.boot.autoconfigure.cache.RedisCacheConfiguration unknown cache type (CacheCondition)

   SimpleCacheConfiguration:
      Did not match:
         - Cache org.springframework.boot.autoconfigure.cache.SimpleCacheConfiguration unknown cache type (CacheCondition)


Exclusions:
-----------

    org.springframework.boot.autoconfigure.mongo.embedded.EmbeddedMongoAutoConfiguration


Unconditional classes:
----------------------

    None



10:42:22,107 DEBUG org.springframework.boot.autoconfigure.logging.ConditionEvaluationReportLoggingListener:107 - 


============================
CONDITIONS EVALUATION REPORT
============================


Positive matches:
-----------------

   MongoAutoConfiguration matched:
      - @ConditionalOnClass found required class 'com.mongodb.MongoClient'; @ConditionalOnMissingClass did not find unwanted class (OnClassCondition)
      - @ConditionalOnMissingBean (types: org.springframework.data.mongodb.MongoDbFactory; SearchStrategy: all) did not find any beans (OnBeanCondition)

   MongoAutoConfiguration#mongo matched:
      - @ConditionalOnMissingBean (types: com.mongodb.MongoClient; SearchStrategy: all) did not find any beans (OnBeanCondition)

   MongoDataAutoConfiguration matched:
      - @ConditionalOnClass found required classes 'com.mongodb.MongoClient', 'org.springframework.data.mongodb.core.MongoTemplate'; @ConditionalOnMissingClass did not find unwanted class (OnClassCondition)

   MongoDataAutoConfiguration#gridFsTemplate matched:
      - @ConditionalOnMissingBean (types: org.springframework.data.mongodb.gridfs.GridFsTemplate; SearchStrategy: all) did not find any beans (OnBeanCondition)

   MongoDataAutoConfiguration#mappingMongoConverter matched:
      - @ConditionalOnMissingBean (types: org.springframework.data.mongodb.core.convert.MongoConverter; SearchStrategy: all) did not find any beans (OnBeanCondition)

   MongoDataAutoConfiguration#mongoCustomConversions matched:
      - @ConditionalOnMissingBean (types: org.springframework.data.mongodb.core.convert.MongoCustomConversions; SearchStrategy: all) did not find any beans (OnBeanCondition)

   MongoDataAutoConfiguration#mongoDbFactory matched:
      - @ConditionalOnMissingBean (types: org.springframework.data.mongodb.MongoDbFactory; SearchStrategy: all) did not find any beans (OnBeanCondition)

   MongoDataAutoConfiguration#mongoMappingContext matched:
      - @ConditionalOnMissingBean (types: org.springframework.data.mongodb.core.mapping.MongoMappingContext; SearchStrategy: all) did not find any beans (OnBeanCondition)

   MongoDataAutoConfiguration#mongoTemplate matched:
      - @ConditionalOnMissingBean (types: org.springframework.data.mongodb.core.MongoTemplate; SearchStrategy: all) did not find any beans (OnBeanCondition)

   MongoRepositoriesAutoConfiguration matched:
      - @ConditionalOnClass found required classes 'com.mongodb.MongoClient', 'org.springframework.data.mongodb.repository.MongoRepository'; @ConditionalOnMissingClass did not find unwanted class (OnClassCondition)
      - @ConditionalOnRepositoryType configured type of 'AUTO' matched required type (OnRepositoryTypeCondition)
      - @ConditionalOnMissingBean (types: org.springframework.data.mongodb.repository.support.MongoRepositoryFactoryBean,org.springframework.data.mongodb.repository.config.MongoRepositoryConfigurationExtension; SearchStrategy: all) did not find any beans (OnBeanCondition)

   NoOpCacheConfiguration matched:
      - Cache org.springframework.boot.autoconfigure.cache.NoOpCacheConfiguration NONE cache type (CacheCondition)


Negative matches:
-----------------

   CacheAutoConfiguration:
      Did not match:
         - @ConditionalOnBean (types: org.springframework.cache.interceptor.CacheAspectSupport; SearchStrategy: all) did not find any beans of type org.springframework.cache.interceptor.CacheAspectSupport (OnBeanCondition)
      Matched:
         - @ConditionalOnClass found required class 'org.springframework.cache.CacheManager'; @ConditionalOnMissingClass did not find unwanted class (OnClassCondition)

   CacheAutoConfiguration.CacheManagerJpaDependencyConfiguration:
      Did not match:
         - @ConditionalOnClass did not find required class 'org.springframework.orm.jpa.LocalContainerEntityManagerFactoryBean' (OnClassCondition)
         - Ancestor org.springframework.boot.autoconfigure.cache.CacheAutoConfiguration did not match (ConditionEvaluationReport.AncestorsMatchedCondition)

   CaffeineCacheConfiguration:
      Did not match:
         - @ConditionalOnClass did not find required classes 'com.github.benmanes.caffeine.cache.Caffeine', 'org.springframework.cache.caffeine.CaffeineCacheManager' (OnClassCondition)

   CouchbaseCacheConfiguration:
      Did not match:
         - @ConditionalOnClass did not find required classes 'com.couchbase.client.java.Bucket', 'com.couchbase.client.spring.cache.CouchbaseCacheManager' (OnClassCondition)

   EhCacheCacheConfiguration:
      Did not match:
         - @ConditionalOnClass did not find required classes 'net.sf.ehcache.Cache', 'org.springframework.cache.ehcache.EhCacheCacheManager' (OnClassCondition)

   GenericCacheConfiguration:
      Did not match:
         - Cache org.springframework.boot.autoconfigure.cache.GenericCacheConfiguration unknown cache type (CacheCondition)

   HazelcastCacheConfiguration:
      Did not match:
         - @ConditionalOnClass did not find required classes 'com.hazelcast.core.HazelcastInstance', 'com.hazelcast.spring.cache.HazelcastCacheManager' (OnClassCondition)

   InfinispanCacheConfiguration:
      Did not match:
         - @ConditionalOnClass did not find required class 'org.infinispan.spring.provider.SpringEmbeddedCacheManager' (OnClassCondition)

   JCacheCacheConfiguration:
      Did not match:
         - @ConditionalOnClass did not find required classes 'javax.cache.Caching', 'org.springframework.cache.jcache.JCacheCacheManager' (OnClassCondition)

   MongoReactiveAutoConfiguration:
      Did not match:
         - @ConditionalOnClass did not find required class 'com.mongodb.reactivestreams.client.MongoClient' (OnClassCondition)

   MongoReactiveDataAutoConfiguration:
      Did not match:
         - @ConditionalOnClass did not find required class 'com.mongodb.reactivestreams.client.MongoClient' (OnClassCondition)

   MongoReactiveRepositoriesAutoConfiguration:
      Did not match:
         - @ConditionalOnClass did not find required class 'com.mongodb.reactivestreams.client.MongoClient' (OnClassCondition)

   RedisCacheConfiguration:
      Did not match:
         - Cache org.springframework.boot.autoconfigure.cache.RedisCacheConfiguration unknown cache type (CacheCondition)

   SimpleCacheConfiguration:
      Did not match:
         - Cache org.springframework.boot.autoconfigure.cache.SimpleCacheConfiguration unknown cache type (CacheCondition)


Exclusions:
-----------

    org.springframework.boot.autoconfigure.mongo.embedded.EmbeddedMongoAutoConfiguration


Unconditional classes:
----------------------

    None



10:42:22,110 TRACE org.springframework.core.env.PropertySourcesPropertyResolver:82 - Searching for key 'spring.liveBeansView.mbeanDomain' in PropertySource 'Annotations'
10:42:22,110 TRACE org.springframework.core.env.PropertySourcesPropertyResolver:82 - Searching for key 'spring.liveBeansView.mbeanDomain' in PropertySource 'Annotations'
10:42:22,111 TRACE org.springframework.core.env.PropertySourcesPropertyResolver:82 - Searching for key 'spring.liveBeansView.mbeanDomain' in PropertySource 'configurationProperties'
10:42:22,111 TRACE org.springframework.core.env.PropertySourcesPropertyResolver:82 - Searching for key 'spring.liveBeansView.mbeanDomain' in PropertySource 'configurationProperties'
10:42:22,113 TRACE org.springframework.core.env.PropertySourcesPropertyResolver:82 - Searching for key 'spring.liveBeansView.mbeanDomain' in PropertySource 'test'
10:42:22,113 TRACE org.springframework.core.env.PropertySourcesPropertyResolver:82 - Searching for key 'spring.liveBeansView.mbeanDomain' in PropertySource 'test'
10:42:22,113 TRACE org.springframework.core.env.PropertySourcesPropertyResolver:82 - Searching for key 'spring.liveBeansView.mbeanDomain' in PropertySource 'Inlined Test Properties'
10:42:22,113 TRACE org.springframework.core.env.PropertySourcesPropertyResolver:82 - Searching for key 'spring.liveBeansView.mbeanDomain' in PropertySource 'Inlined Test Properties'
10:42:22,114 TRACE org.springframework.core.env.PropertySourcesPropertyResolver:82 - Searching for key 'spring.liveBeansView.mbeanDomain' in PropertySource 'systemProperties'
10:42:22,114 TRACE org.springframework.core.env.PropertySourcesPropertyResolver:82 - Searching for key 'spring.liveBeansView.mbeanDomain' in PropertySource 'systemProperties'
10:42:22,115 TRACE org.springframework.core.env.PropertySourcesPropertyResolver:82 - Searching for key 'spring.liveBeansView.mbeanDomain' in PropertySource 'systemEnvironment'
10:42:22,115 TRACE org.springframework.core.env.PropertySourcesPropertyResolver:82 - Searching for key 'spring.liveBeansView.mbeanDomain' in PropertySource 'systemEnvironment'
10:42:22,116 TRACE org.springframework.core.env.PropertySourcesPropertyResolver:82 - Searching for key 'spring.liveBeansView.mbeanDomain' in PropertySource 'random'
10:42:22,116 TRACE org.springframework.core.env.PropertySourcesPropertyResolver:82 - Searching for key 'spring.liveBeansView.mbeanDomain' in PropertySource 'random'
10:42:22,117 TRACE org.springframework.core.env.PropertySourcesPropertyResolver:82 - Searching for key 'spring.liveBeansView.mbeanDomain' in PropertySource 'applicationConfig: [classpath:/application.properties]'
10:42:22,117 TRACE org.springframework.core.env.PropertySourcesPropertyResolver:82 - Searching for key 'spring.liveBeansView.mbeanDomain' in PropertySource 'applicationConfig: [classpath:/application.properties]'
10:42:22,117 DEBUG org.springframework.core.env.PropertySourcesPropertyResolver:96 - Could not find key 'spring.liveBeansView.mbeanDomain' in any property source
10:42:22,117 DEBUG org.springframework.core.env.PropertySourcesPropertyResolver:96 - Could not find key 'spring.liveBeansView.mbeanDomain' in any property source
10:42:22,118  INFO pro.abacus.javatutor.repository.UserRepositoryTest:59 - Started UserRepositoryTest in 4.3 seconds (JVM running for 312.932)
10:42:22,127 TRACE org.springframework.context.annotation.AnnotationConfigApplicationContext:380 - Publishing event in org.springframework.context.annotation.AnnotationConfigApplicationContext@7f4f1536: org.springframework.boot.context.event.ApplicationStartedEvent[source=org.springframework.boot.SpringApplication@7a117dc2]
10:42:22,127 TRACE org.springframework.context.annotation.AnnotationConfigApplicationContext:380 - Publishing event in org.springframework.context.annotation.AnnotationConfigApplicationContext@7f4f1536: org.springframework.boot.context.event.ApplicationStartedEvent[source=org.springframework.boot.SpringApplication@7a117dc2]
10:42:22,128 TRACE org.springframework.context.annotation.AnnotationConfigApplicationContext:380 - Publishing event in org.springframework.context.annotation.AnnotationConfigApplicationContext@7f4f1536: org.springframework.boot.context.event.ApplicationReadyEvent[source=org.springframework.boot.SpringApplication@7a117dc2]
10:42:22,128 TRACE org.springframework.context.annotation.AnnotationConfigApplicationContext:380 - Publishing event in org.springframework.context.annotation.AnnotationConfigApplicationContext@7f4f1536: org.springframework.boot.context.event.ApplicationReadyEvent[source=org.springframework.boot.SpringApplication@7a117dc2]
10:42:22,130 DEBUG org.springframework.test.context.cache.DefaultCacheAwareContextLoaderDelegate:119 - Storing ApplicationContext in cache under key [[MergedContextConfiguration@47797401 testClass = UserRepositoryTest, locations = '{}', classes = '{class pro.abacus.javatutor.JavaTutorApplication}', contextInitializerClasses = '[]', activeProfiles = '{}', propertySourceLocations = '{}', propertySourceProperties = '{org.springframework.boot.test.context.SpringBootTestContextBootstrapper=true}', contextCustomizers = set[[ImportsContextCustomizer@702f4124 key = [org.springframework.boot.autoconfigure.cache.CacheAutoConfiguration, org.springframework.boot.autoconfigure.data.mongo.MongoDataAutoConfiguration, org.springframework.boot.autoconfigure.data.mongo.MongoReactiveDataAutoConfiguration, org.springframework.boot.autoconfigure.data.mongo.MongoReactiveRepositoriesAutoConfiguration, org.springframework.boot.autoconfigure.data.mongo.MongoRepositoriesAutoConfiguration, org.springframework.boot.autoconfigure.mongo.MongoAutoConfiguration, org.springframework.boot.autoconfigure.mongo.MongoReactiveAutoConfiguration]], org.springframework.boot.test.context.filter.ExcludeFilterContextCustomizer@290dbf45, org.springframework.boot.test.json.DuplicateJsonObjectContextCustomizerFactory$DuplicateJsonObjectContextCustomizer@69a10787, org.springframework.boot.test.mock.mockito.MockitoContextCustomizer@0, org.springframework.boot.test.autoconfigure.OverrideAutoConfigurationContextCustomizerFactory$DisableAutoConfigurationContextCustomizer@1c72da34, org.springframework.boot.test.autoconfigure.filter.TypeExcludeFiltersContextCustomizer@351584c0, org.springframework.boot.test.autoconfigure.properties.PropertyMappingContextCustomizer@9c19a3b8, org.springframework.boot.test.autoconfigure.web.servlet.WebDriverContextCustomizerFactory$Customizer@7f9fcf7f], contextLoader = 'org.springframework.boot.test.context.SpringBootContextLoader', parent = [null]]]
10:42:22,130 DEBUG org.springframework.test.context.cache.DefaultCacheAwareContextLoaderDelegate:119 - Storing ApplicationContext in cache under key [[MergedContextConfiguration@47797401 testClass = UserRepositoryTest, locations = '{}', classes = '{class pro.abacus.javatutor.JavaTutorApplication}', contextInitializerClasses = '[]', activeProfiles = '{}', propertySourceLocations = '{}', propertySourceProperties = '{org.springframework.boot.test.context.SpringBootTestContextBootstrapper=true}', contextCustomizers = set[[ImportsContextCustomizer@702f4124 key = [org.springframework.boot.autoconfigure.cache.CacheAutoConfiguration, org.springframework.boot.autoconfigure.data.mongo.MongoDataAutoConfiguration, org.springframework.boot.autoconfigure.data.mongo.MongoReactiveDataAutoConfiguration, org.springframework.boot.autoconfigure.data.mongo.MongoReactiveRepositoriesAutoConfiguration, org.springframework.boot.autoconfigure.data.mongo.MongoRepositoriesAutoConfiguration, org.springframework.boot.autoconfigure.mongo.MongoAutoConfiguration, org.springframework.boot.autoconfigure.mongo.MongoReactiveAutoConfiguration]], org.springframework.boot.test.context.filter.ExcludeFilterContextCustomizer@290dbf45, org.springframework.boot.test.json.DuplicateJsonObjectContextCustomizerFactory$DuplicateJsonObjectContextCustomizer@69a10787, org.springframework.boot.test.mock.mockito.MockitoContextCustomizer@0, org.springframework.boot.test.autoconfigure.OverrideAutoConfigurationContextCustomizerFactory$DisableAutoConfigurationContextCustomizer@1c72da34, org.springframework.boot.test.autoconfigure.filter.TypeExcludeFiltersContextCustomizer@351584c0, org.springframework.boot.test.autoconfigure.properties.PropertyMappingContextCustomizer@9c19a3b8, org.springframework.boot.test.autoconfigure.web.servlet.WebDriverContextCustomizerFactory$Customizer@7f9fcf7f], contextLoader = 'org.springframework.boot.test.context.SpringBootContextLoader', parent = [null]]]
10:42:22,131 DEBUG org.springframework.test.context.cache:290 - Spring test ApplicationContext cache statistics: [DefaultContextCache@1431267b size = 5, maxSize = 32, parentContextCount = 0, hitCount = 56, missCount = 5]
10:42:22,131 DEBUG org.springframework.test.context.cache:290 - Spring test ApplicationContext cache statistics: [DefaultContextCache@1431267b size = 5, maxSize = 32, parentContextCount = 0, hitCount = 56, missCount = 5]
10:42:22,132 TRACE org.springframework.beans.CachedIntrospectionResults:271 - Getting BeanInfo for class [pro.abacus.javatutor.repository.UserRepositoryTest]
10:42:22,132 TRACE org.springframework.beans.CachedIntrospectionResults:271 - Getting BeanInfo for class [pro.abacus.javatutor.repository.UserRepositoryTest]
10:42:22,135 TRACE org.springframework.beans.CachedIntrospectionResults:276 - Caching PropertyDescriptors for class [pro.abacus.javatutor.repository.UserRepositoryTest]
10:42:22,135 TRACE org.springframework.beans.CachedIntrospectionResults:276 - Caching PropertyDescriptors for class [pro.abacus.javatutor.repository.UserRepositoryTest]
10:42:22,135 TRACE org.springframework.beans.CachedIntrospectionResults:289 - Found bean property 'class' of type [java.lang.Class]
10:42:22,135 TRACE org.springframework.beans.CachedIntrospectionResults:289 - Found bean property 'class' of type [java.lang.Class]
10:42:22,140 DEBUG org.springframework.beans.factory.annotation.InjectionMetadata:89 - Processing injected element of bean 'pro.abacus.javatutor.repository.UserRepositoryTest': AutowiredFieldElement for private org.springframework.data.mongodb.core.MongoTemplate pro.abacus.javatutor.repository.UserRepositoryTest.mongoTemplate
10:42:22,140 DEBUG org.springframework.beans.factory.annotation.InjectionMetadata:89 - Processing injected element of bean 'pro.abacus.javatutor.repository.UserRepositoryTest': AutowiredFieldElement for private org.springframework.data.mongodb.core.MongoTemplate pro.abacus.javatutor.repository.UserRepositoryTest.mongoTemplate
10:42:22,143 DEBUG org.springframework.beans.factory.support.DefaultListableBeanFactory:254 - Returning cached instance of singleton bean 'mongoTemplate'
10:42:22,143 DEBUG org.springframework.beans.factory.support.DefaultListableBeanFactory:254 - Returning cached instance of singleton bean 'mongoTemplate'
10:42:22,149 DEBUG org.springframework.beans.factory.annotation.AutowiredAnnotationBeanPostProcessor:530 - Autowiring by type from bean name 'pro.abacus.javatutor.repository.UserRepositoryTest' to bean named 'mongoTemplate'
10:42:22,149 DEBUG org.springframework.beans.factory.annotation.AutowiredAnnotationBeanPostProcessor:530 - Autowiring by type from bean name 'pro.abacus.javatutor.repository.UserRepositoryTest' to bean named 'mongoTemplate'
10:42:22,151 DEBUG org.springframework.beans.factory.annotation.InjectionMetadata:89 - Processing injected element of bean 'pro.abacus.javatutor.repository.UserRepositoryTest': AutowiredFieldElement for pro.abacus.javatutor.repository.UserRepository pro.abacus.javatutor.repository.UserRepositoryTest.accountRepository
10:42:22,151 DEBUG org.springframework.beans.factory.annotation.InjectionMetadata:89 - Processing injected element of bean 'pro.abacus.javatutor.repository.UserRepositoryTest': AutowiredFieldElement for pro.abacus.javatutor.repository.UserRepository pro.abacus.javatutor.repository.UserRepositoryTest.accountRepository
10:42:22,160 DEBUG org.springframework.beans.factory.support.DefaultListableBeanFactory:254 - Returning cached instance of singleton bean 'userRepository'
10:42:22,160 DEBUG org.springframework.beans.factory.support.DefaultListableBeanFactory:254 - Returning cached instance of singleton bean 'userRepository'
10:42:22,161 DEBUG org.springframework.beans.factory.annotation.AutowiredAnnotationBeanPostProcessor:530 - Autowiring by type from bean name 'pro.abacus.javatutor.repository.UserRepositoryTest' to bean named 'userRepository'
10:42:22,161 DEBUG org.springframework.beans.factory.annotation.AutowiredAnnotationBeanPostProcessor:530 - Autowiring by type from bean name 'pro.abacus.javatutor.repository.UserRepositoryTest' to bean named 'userRepository'
10:42:22,165 TRACE org.springframework.test.context.TestContextManager:512 - beforeTestMethod(): instance [pro.abacus.javatutor.repository.UserRepositoryTest@10166230], method [public void pro.abacus.javatutor.repository.UserRepositoryTest.shouldLookUpSavedAccount()]
10:42:22,165 TRACE org.springframework.test.context.TestContextManager:512 - beforeTestMethod(): instance [pro.abacus.javatutor.repository.UserRepositoryTest@10166230], method [public void pro.abacus.javatutor.repository.UserRepositoryTest.shouldLookUpSavedAccount()]
10:42:22,166 DEBUG org.springframework.test.context.support.AbstractDirtiesContextTestExecutionListener:107 - Before test method: context [DefaultTestContext@1ad1be5d testClass = UserRepositoryTest, testInstance = pro.abacus.javatutor.repository.UserRepositoryTest@10166230, testMethod = shouldLookUpSavedAccount@UserRepositoryTest, testException = [null], mergedContextConfiguration = [MergedContextConfiguration@47797401 testClass = UserRepositoryTest, locations = '{}', classes = '{class pro.abacus.javatutor.JavaTutorApplication}', contextInitializerClasses = '[]', activeProfiles = '{}', propertySourceLocations = '{}', propertySourceProperties = '{org.springframework.boot.test.context.SpringBootTestContextBootstrapper=true}', contextCustomizers = set[[ImportsContextCustomizer@702f4124 key = [org.springframework.boot.autoconfigure.cache.CacheAutoConfiguration, org.springframework.boot.autoconfigure.data.mongo.MongoDataAutoConfiguration, org.springframework.boot.autoconfigure.data.mongo.MongoReactiveDataAutoConfiguration, org.springframework.boot.autoconfigure.data.mongo.MongoReactiveRepositoriesAutoConfiguration, org.springframework.boot.autoconfigure.data.mongo.MongoRepositoriesAutoConfiguration, org.springframework.boot.autoconfigure.mongo.MongoAutoConfiguration, org.springframework.boot.autoconfigure.mongo.MongoReactiveAutoConfiguration]], org.springframework.boot.test.context.filter.ExcludeFilterContextCustomizer@290dbf45, org.springframework.boot.test.json.DuplicateJsonObjectContextCustomizerFactory$DuplicateJsonObjectContextCustomizer@69a10787, org.springframework.boot.test.mock.mockito.MockitoContextCustomizer@0, org.springframework.boot.test.autoconfigure.OverrideAutoConfigurationContextCustomizerFactory$DisableAutoConfigurationContextCustomizer@1c72da34, org.springframework.boot.test.autoconfigure.filter.TypeExcludeFiltersContextCustomizer@351584c0, org.springframework.boot.test.autoconfigure.properties.PropertyMappingContextCustomizer@9c19a3b8, org.springframework.boot.test.autoconfigure.web.servlet.WebDriverContextCustomizerFactory$Customizer@7f9fcf7f], contextLoader = 'org.springframework.boot.test.context.SpringBootContextLoader', parent = [null]], attributes = map[[empty]]], class annotated with @DirtiesContext [false] with mode [null], method annotated with @DirtiesContext [false] with mode [null].
10:42:22,166 DEBUG org.springframework.test.context.support.AbstractDirtiesContextTestExecutionListener:107 - Before test method: context [DefaultTestContext@1ad1be5d testClass = UserRepositoryTest, testInstance = pro.abacus.javatutor.repository.UserRepositoryTest@10166230, testMethod = shouldLookUpSavedAccount@UserRepositoryTest, testException = [null], mergedContextConfiguration = [MergedContextConfiguration@47797401 testClass = UserRepositoryTest, locations = '{}', classes = '{class pro.abacus.javatutor.JavaTutorApplication}', contextInitializerClasses = '[]', activeProfiles = '{}', propertySourceLocations = '{}', propertySourceProperties = '{org.springframework.boot.test.context.SpringBootTestContextBootstrapper=true}', contextCustomizers = set[[ImportsContextCustomizer@702f4124 key = [org.springframework.boot.autoconfigure.cache.CacheAutoConfiguration, org.springframework.boot.autoconfigure.data.mongo.MongoDataAutoConfiguration, org.springframework.boot.autoconfigure.data.mongo.MongoReactiveDataAutoConfiguration, org.springframework.boot.autoconfigure.data.mongo.MongoReactiveRepositoriesAutoConfiguration, org.springframework.boot.autoconfigure.data.mongo.MongoRepositoriesAutoConfiguration, org.springframework.boot.autoconfigure.mongo.MongoAutoConfiguration, org.springframework.boot.autoconfigure.mongo.MongoReactiveAutoConfiguration]], org.springframework.boot.test.context.filter.ExcludeFilterContextCustomizer@290dbf45, org.springframework.boot.test.json.DuplicateJsonObjectContextCustomizerFactory$DuplicateJsonObjectContextCustomizer@69a10787, org.springframework.boot.test.mock.mockito.MockitoContextCustomizer@0, org.springframework.boot.test.autoconfigure.OverrideAutoConfigurationContextCustomizerFactory$DisableAutoConfigurationContextCustomizer@1c72da34, org.springframework.boot.test.autoconfigure.filter.TypeExcludeFiltersContextCustomizer@351584c0, org.springframework.boot.test.autoconfigure.properties.PropertyMappingContextCustomizer@9c19a3b8, org.springframework.boot.test.autoconfigure.web.servlet.WebDriverContextCustomizerFactory$Customizer@7f9fcf7f], contextLoader = 'org.springframework.boot.test.context.SpringBootContextLoader', parent = [null]], attributes = map[[empty]]], class annotated with @DirtiesContext [false] with mode [null], method annotated with @DirtiesContext [false] with mode [null].
10:42:22,168 DEBUG org.springframework.test.context.cache.DefaultCacheAwareContextLoaderDelegate:130 - Retrieved ApplicationContext from cache with key [[MergedContextConfiguration@47797401 testClass = UserRepositoryTest, locations = '{}', classes = '{class pro.abacus.javatutor.JavaTutorApplication}', contextInitializerClasses = '[]', activeProfiles = '{}', propertySourceLocations = '{}', propertySourceProperties = '{org.springframework.boot.test.context.SpringBootTestContextBootstrapper=true}', contextCustomizers = set[[ImportsContextCustomizer@702f4124 key = [org.springframework.boot.autoconfigure.cache.CacheAutoConfiguration, org.springframework.boot.autoconfigure.data.mongo.MongoDataAutoConfiguration, org.springframework.boot.autoconfigure.data.mongo.MongoReactiveDataAutoConfiguration, org.springframework.boot.autoconfigure.data.mongo.MongoReactiveRepositoriesAutoConfiguration, org.springframework.boot.autoconfigure.data.mongo.MongoRepositoriesAutoConfiguration, org.springframework.boot.autoconfigure.mongo.MongoAutoConfiguration, org.springframework.boot.autoconfigure.mongo.MongoReactiveAutoConfiguration]], org.springframework.boot.test.context.filter.ExcludeFilterContextCustomizer@290dbf45, org.springframework.boot.test.json.DuplicateJsonObjectContextCustomizerFactory$DuplicateJsonObjectContextCustomizer@69a10787, org.springframework.boot.test.mock.mockito.MockitoContextCustomizer@0, org.springframework.boot.test.autoconfigure.OverrideAutoConfigurationContextCustomizerFactory$DisableAutoConfigurationContextCustomizer@1c72da34, org.springframework.boot.test.autoconfigure.filter.TypeExcludeFiltersContextCustomizer@351584c0, org.springframework.boot.test.autoconfigure.properties.PropertyMappingContextCustomizer@9c19a3b8, org.springframework.boot.test.autoconfigure.web.servlet.WebDriverContextCustomizerFactory$Customizer@7f9fcf7f], contextLoader = 'org.springframework.boot.test.context.SpringBootContextLoader', parent = [null]]]
10:42:22,168 DEBUG org.springframework.test.context.cache.DefaultCacheAwareContextLoaderDelegate:130 - Retrieved ApplicationContext from cache with key [[MergedContextConfiguration@47797401 testClass = UserRepositoryTest, locations = '{}', classes = '{class pro.abacus.javatutor.JavaTutorApplication}', contextInitializerClasses = '[]', activeProfiles = '{}', propertySourceLocations = '{}', propertySourceProperties = '{org.springframework.boot.test.context.SpringBootTestContextBootstrapper=true}', contextCustomizers = set[[ImportsContextCustomizer@702f4124 key = [org.springframework.boot.autoconfigure.cache.CacheAutoConfiguration, org.springframework.boot.autoconfigure.data.mongo.MongoDataAutoConfiguration, org.springframework.boot.autoconfigure.data.mongo.MongoReactiveDataAutoConfiguration, org.springframework.boot.autoconfigure.data.mongo.MongoReactiveRepositoriesAutoConfiguration, org.springframework.boot.autoconfigure.data.mongo.MongoRepositoriesAutoConfiguration, org.springframework.boot.autoconfigure.mongo.MongoAutoConfiguration, org.springframework.boot.autoconfigure.mongo.MongoReactiveAutoConfiguration]], org.springframework.boot.test.context.filter.ExcludeFilterContextCustomizer@290dbf45, org.springframework.boot.test.json.DuplicateJsonObjectContextCustomizerFactory$DuplicateJsonObjectContextCustomizer@69a10787, org.springframework.boot.test.mock.mockito.MockitoContextCustomizer@0, org.springframework.boot.test.autoconfigure.OverrideAutoConfigurationContextCustomizerFactory$DisableAutoConfigurationContextCustomizer@1c72da34, org.springframework.boot.test.autoconfigure.filter.TypeExcludeFiltersContextCustomizer@351584c0, org.springframework.boot.test.autoconfigure.properties.PropertyMappingContextCustomizer@9c19a3b8, org.springframework.boot.test.autoconfigure.web.servlet.WebDriverContextCustomizerFactory$Customizer@7f9fcf7f], contextLoader = 'org.springframework.boot.test.context.SpringBootContextLoader', parent = [null]]]
10:42:22,182 DEBUG org.springframework.test.context.cache:290 - Spring test ApplicationContext cache statistics: [DefaultContextCache@1431267b size = 5, maxSize = 32, parentContextCount = 0, hitCount = 57, missCount = 5]
10:42:22,182 DEBUG org.springframework.test.context.cache:290 - Spring test ApplicationContext cache statistics: [DefaultContextCache@1431267b size = 5, maxSize = 32, parentContextCount = 0, hitCount = 57, missCount = 5]
10:42:22,184 DEBUG org.springframework.beans.factory.support.DefaultListableBeanFactory:254 - Returning cached instance of singleton bean 'org.springframework.boot.test.mock.mockito.MockitoBeans'
10:42:22,184 DEBUG org.springframework.beans.factory.support.DefaultListableBeanFactory:254 - Returning cached instance of singleton bean 'org.springframework.boot.test.mock.mockito.MockitoBeans'
10:42:22,227 TRACE org.springframework.test.context.TestContextManager:512 - beforeTestExecution(): instance [pro.abacus.javatutor.repository.UserRepositoryTest@10166230], method [public void pro.abacus.javatutor.repository.UserRepositoryTest.shouldLookUpSavedAccount()]
10:42:22,227 TRACE org.springframework.test.context.TestContextManager:512 - beforeTestExecution(): instance [pro.abacus.javatutor.repository.UserRepositoryTest@10166230], method [public void pro.abacus.javatutor.repository.UserRepositoryTest.shouldLookUpSavedAccount()]
10:42:22,230 TRACE org.springframework.context.annotation.AnnotationConfigApplicationContext:380 - Publishing event in org.springframework.context.annotation.AnnotationConfigApplicationContext@7f4f1536: org.springframework.data.mongodb.core.mapping.event.BeforeConvertEvent[source=User [id=null, username=Ann, password=1234pass, authorities=[Authority [authorityName=USER]], javaquestions=[]]]
10:42:22,230 TRACE org.springframework.context.annotation.AnnotationConfigApplicationContext:380 - Publishing event in org.springframework.context.annotation.AnnotationConfigApplicationContext@7f4f1536: org.springframework.data.mongodb.core.mapping.event.BeforeConvertEvent[source=User [id=null, username=Ann, password=1234pass, authorities=[Authority [authorityName=USER]], javaquestions=[]]]
10:42:22,267 TRACE org.springframework.context.annotation.AnnotationConfigApplicationContext:380 - Publishing event in org.springframework.context.annotation.AnnotationConfigApplicationContext@7f4f1536: org.springframework.data.mongodb.core.mapping.event.BeforeSaveEvent[source=User [id=null, username=Ann, password=1234pass, authorities=[Authority [authorityName=USER]], javaquestions=[]]]
10:42:22,267 TRACE org.springframework.context.annotation.AnnotationConfigApplicationContext:380 - Publishing event in org.springframework.context.annotation.AnnotationConfigApplicationContext@7f4f1536: org.springframework.data.mongodb.core.mapping.event.BeforeSaveEvent[source=User [id=null, username=Ann, password=1234pass, authorities=[Authority [authorityName=USER]], javaquestions=[]]]
10:42:22,268 DEBUG org.springframework.data.mongodb.core.MongoTemplate:1318 - Saving Document containing fields: [username, password, authorities, javaquestions, _class]
10:42:22,268 DEBUG org.springframework.data.mongodb.core.MongoTemplate:1318 - Saving Document containing fields: [username, password, authorities, javaquestions, _class]
10:42:52,276 TRACE org.springframework.test.context.TestContextManager:521 - afterTestExecution(): instance [pro.abacus.javatutor.repository.UserRepositoryTest@10166230], method [public void pro.abacus.javatutor.repository.UserRepositoryTest.shouldLookUpSavedAccount()], exception [org.springframework.dao.DataAccessResourceFailureException: Timed out after 30000 ms while waiting to connect. Client view of cluster state is {type=UNKNOWN, servers=[{address=localhost:27017, type=UNKNOWN, state=CONNECTING, exception={com.mongodb.MongoSocketOpenException: Exception opening socket}, caused by {java.net.ConnectException: Connection refused: connect}}]; nested exception is com.mongodb.MongoTimeoutException: Timed out after 30000 ms while waiting to connect. Client view of cluster state is {type=UNKNOWN, servers=[{address=localhost:27017, type=UNKNOWN, state=CONNECTING, exception={com.mongodb.MongoSocketOpenException: Exception opening socket}, caused by {java.net.ConnectException: Connection refused: connect}}]]
10:42:52,276 TRACE org.springframework.test.context.TestContextManager:521 - afterTestExecution(): instance [pro.abacus.javatutor.repository.UserRepositoryTest@10166230], method [public void pro.abacus.javatutor.repository.UserRepositoryTest.shouldLookUpSavedAccount()], exception [org.springframework.dao.DataAccessResourceFailureException: Timed out after 30000 ms while waiting to connect. Client view of cluster state is {type=UNKNOWN, servers=[{address=localhost:27017, type=UNKNOWN, state=CONNECTING, exception={com.mongodb.MongoSocketOpenException: Exception opening socket}, caused by {java.net.ConnectException: Connection refused: connect}}]; nested exception is com.mongodb.MongoTimeoutException: Timed out after 30000 ms while waiting to connect. Client view of cluster state is {type=UNKNOWN, servers=[{address=localhost:27017, type=UNKNOWN, state=CONNECTING, exception={com.mongodb.MongoSocketOpenException: Exception opening socket}, caused by {java.net.ConnectException: Connection refused: connect}}]]
10:43:22,278 TRACE org.springframework.test.context.TestContextManager:521 - afterTestMethod(): instance [pro.abacus.javatutor.repository.UserRepositoryTest@10166230], method [public void pro.abacus.javatutor.repository.UserRepositoryTest.shouldLookUpSavedAccount()], exception [org.junit.internal.runners.model.MultipleFailureException: There were 2 errors:
  org.springframework.dao.DataAccessResourceFailureException(Timed out after 30000 ms while waiting to connect. Client view of cluster state is {type=UNKNOWN, servers=[{address=localhost:27017, type=UNKNOWN, state=CONNECTING, exception={com.mongodb.MongoSocketOpenException: Exception opening socket}, caused by {java.net.ConnectException: Connection refused: connect}}]; nested exception is com.mongodb.MongoTimeoutException: Timed out after 30000 ms while waiting to connect. Client view of cluster state is {type=UNKNOWN, servers=[{address=localhost:27017, type=UNKNOWN, state=CONNECTING, exception={com.mongodb.MongoSocketOpenException: Exception opening socket}, caused by {java.net.ConnectException: Connection refused: connect}}])
  com.mongodb.MongoTimeoutException(Timed out after 30000 ms while waiting to connect. Client view of cluster state is {type=UNKNOWN, servers=[{address=localhost:27017, type=UNKNOWN, state=CONNECTING, exception={com.mongodb.MongoSocketOpenException: Exception opening socket}, caused by {java.net.ConnectException: Connection refused: connect}}])]
10:43:22,278 TRACE org.springframework.test.context.TestContextManager:521 - afterTestMethod(): instance [pro.abacus.javatutor.repository.UserRepositoryTest@10166230], method [public void pro.abacus.javatutor.repository.UserRepositoryTest.shouldLookUpSavedAccount()], exception [org.junit.internal.runners.model.MultipleFailureException: There were 2 errors:
  org.springframework.dao.DataAccessResourceFailureException(Timed out after 30000 ms while waiting to connect. Client view of cluster state is {type=UNKNOWN, servers=[{address=localhost:27017, type=UNKNOWN, state=CONNECTING, exception={com.mongodb.MongoSocketOpenException: Exception opening socket}, caused by {java.net.ConnectException: Connection refused: connect}}]; nested exception is com.mongodb.MongoTimeoutException: Timed out after 30000 ms while waiting to connect. Client view of cluster state is {type=UNKNOWN, servers=[{address=localhost:27017, type=UNKNOWN, state=CONNECTING, exception={com.mongodb.MongoSocketOpenException: Exception opening socket}, caused by {java.net.ConnectException: Connection refused: connect}}])
  com.mongodb.MongoTimeoutException(Timed out after 30000 ms while waiting to connect. Client view of cluster state is {type=UNKNOWN, servers=[{address=localhost:27017, type=UNKNOWN, state=CONNECTING, exception={com.mongodb.MongoSocketOpenException: Exception opening socket}, caused by {java.net.ConnectException: Connection refused: connect}}])]
10:43:22,279 DEBUG org.springframework.test.context.cache.DefaultCacheAwareContextLoaderDelegate:130 - Retrieved ApplicationContext from cache with key [[MergedContextConfiguration@47797401 testClass = UserRepositoryTest, locations = '{}', classes = '{class pro.abacus.javatutor.JavaTutorApplication}', contextInitializerClasses = '[]', activeProfiles = '{}', propertySourceLocations = '{}', propertySourceProperties = '{org.springframework.boot.test.context.SpringBootTestContextBootstrapper=true}', contextCustomizers = set[[ImportsContextCustomizer@702f4124 key = [org.springframework.boot.autoconfigure.cache.CacheAutoConfiguration, org.springframework.boot.autoconfigure.data.mongo.MongoDataAutoConfiguration, org.springframework.boot.autoconfigure.data.mongo.MongoReactiveDataAutoConfiguration, org.springframework.boot.autoconfigure.data.mongo.MongoReactiveRepositoriesAutoConfiguration, org.springframework.boot.autoconfigure.data.mongo.MongoRepositoriesAutoConfiguration, org.springframework.boot.autoconfigure.mongo.MongoAutoConfiguration, org.springframework.boot.autoconfigure.mongo.MongoReactiveAutoConfiguration]], org.springframework.boot.test.context.filter.ExcludeFilterContextCustomizer@290dbf45, org.springframework.boot.test.json.DuplicateJsonObjectContextCustomizerFactory$DuplicateJsonObjectContextCustomizer@69a10787, org.springframework.boot.test.mock.mockito.MockitoContextCustomizer@0, org.springframework.boot.test.autoconfigure.OverrideAutoConfigurationContextCustomizerFactory$DisableAutoConfigurationContextCustomizer@1c72da34, org.springframework.boot.test.autoconfigure.filter.TypeExcludeFiltersContextCustomizer@351584c0, org.springframework.boot.test.autoconfigure.properties.PropertyMappingContextCustomizer@9c19a3b8, org.springframework.boot.test.autoconfigure.web.servlet.WebDriverContextCustomizerFactory$Customizer@7f9fcf7f], contextLoader = 'org.springframework.boot.test.context.SpringBootContextLoader', parent = [null]]]
10:43:22,279 DEBUG org.springframework.test.context.cache.DefaultCacheAwareContextLoaderDelegate:130 - Retrieved ApplicationContext from cache with key [[MergedContextConfiguration@47797401 testClass = UserRepositoryTest, locations = '{}', classes = '{class pro.abacus.javatutor.JavaTutorApplication}', contextInitializerClasses = '[]', activeProfiles = '{}', propertySourceLocations = '{}', propertySourceProperties = '{org.springframework.boot.test.context.SpringBootTestContextBootstrapper=true}', contextCustomizers = set[[ImportsContextCustomizer@702f4124 key = [org.springframework.boot.autoconfigure.cache.CacheAutoConfiguration, org.springframework.boot.autoconfigure.data.mongo.MongoDataAutoConfiguration, org.springframework.boot.autoconfigure.data.mongo.MongoReactiveDataAutoConfiguration, org.springframework.boot.autoconfigure.data.mongo.MongoReactiveRepositoriesAutoConfiguration, org.springframework.boot.autoconfigure.data.mongo.MongoRepositoriesAutoConfiguration, org.springframework.boot.autoconfigure.mongo.MongoAutoConfiguration, org.springframework.boot.autoconfigure.mongo.MongoReactiveAutoConfiguration]], org.springframework.boot.test.context.filter.ExcludeFilterContextCustomizer@290dbf45, org.springframework.boot.test.json.DuplicateJsonObjectContextCustomizerFactory$DuplicateJsonObjectContextCustomizer@69a10787, org.springframework.boot.test.mock.mockito.MockitoContextCustomizer@0, org.springframework.boot.test.autoconfigure.OverrideAutoConfigurationContextCustomizerFactory$DisableAutoConfigurationContextCustomizer@1c72da34, org.springframework.boot.test.autoconfigure.filter.TypeExcludeFiltersContextCustomizer@351584c0, org.springframework.boot.test.autoconfigure.properties.PropertyMappingContextCustomizer@9c19a3b8, org.springframework.boot.test.autoconfigure.web.servlet.WebDriverContextCustomizerFactory$Customizer@7f9fcf7f], contextLoader = 'org.springframework.boot.test.context.SpringBootContextLoader', parent = [null]]]
10:43:22,279 DEBUG org.springframework.test.context.cache:290 - Spring test ApplicationContext cache statistics: [DefaultContextCache@1431267b size = 5, maxSize = 32, parentContextCount = 0, hitCount = 58, missCount = 5]
10:43:22,279 DEBUG org.springframework.test.context.cache:290 - Spring test ApplicationContext cache statistics: [DefaultContextCache@1431267b size = 5, maxSize = 32, parentContextCount = 0, hitCount = 58, missCount = 5]
10:43:22,280 DEBUG org.springframework.test.context.cache.DefaultCacheAwareContextLoaderDelegate:130 - Retrieved ApplicationContext from cache with key [[MergedContextConfiguration@47797401 testClass = UserRepositoryTest, locations = '{}', classes = '{class pro.abacus.javatutor.JavaTutorApplication}', contextInitializerClasses = '[]', activeProfiles = '{}', propertySourceLocations = '{}', propertySourceProperties = '{org.springframework.boot.test.context.SpringBootTestContextBootstrapper=true}', contextCustomizers = set[[ImportsContextCustomizer@702f4124 key = [org.springframework.boot.autoconfigure.cache.CacheAutoConfiguration, org.springframework.boot.autoconfigure.data.mongo.MongoDataAutoConfiguration, org.springframework.boot.autoconfigure.data.mongo.MongoReactiveDataAutoConfiguration, org.springframework.boot.autoconfigure.data.mongo.MongoReactiveRepositoriesAutoConfiguration, org.springframework.boot.autoconfigure.data.mongo.MongoRepositoriesAutoConfiguration, org.springframework.boot.autoconfigure.mongo.MongoAutoConfiguration, org.springframework.boot.autoconfigure.mongo.MongoReactiveAutoConfiguration]], org.springframework.boot.test.context.filter.ExcludeFilterContextCustomizer@290dbf45, org.springframework.boot.test.json.DuplicateJsonObjectContextCustomizerFactory$DuplicateJsonObjectContextCustomizer@69a10787, org.springframework.boot.test.mock.mockito.MockitoContextCustomizer@0, org.springframework.boot.test.autoconfigure.OverrideAutoConfigurationContextCustomizerFactory$DisableAutoConfigurationContextCustomizer@1c72da34, org.springframework.boot.test.autoconfigure.filter.TypeExcludeFiltersContextCustomizer@351584c0, org.springframework.boot.test.autoconfigure.properties.PropertyMappingContextCustomizer@9c19a3b8, org.springframework.boot.test.autoconfigure.web.servlet.WebDriverContextCustomizerFactory$Customizer@7f9fcf7f], contextLoader = 'org.springframework.boot.test.context.SpringBootContextLoader', parent = [null]]]
10:43:22,280 DEBUG org.springframework.test.context.cache.DefaultCacheAwareContextLoaderDelegate:130 - Retrieved ApplicationContext from cache with key [[MergedContextConfiguration@47797401 testClass = UserRepositoryTest, locations = '{}', classes = '{class pro.abacus.javatutor.JavaTutorApplication}', contextInitializerClasses = '[]', activeProfiles = '{}', propertySourceLocations = '{}', propertySourceProperties = '{org.springframework.boot.test.context.SpringBootTestContextBootstrapper=true}', contextCustomizers = set[[ImportsContextCustomizer@702f4124 key = [org.springframework.boot.autoconfigure.cache.CacheAutoConfiguration, org.springframework.boot.autoconfigure.data.mongo.MongoDataAutoConfiguration, org.springframework.boot.autoconfigure.data.mongo.MongoReactiveDataAutoConfiguration, org.springframework.boot.autoconfigure.data.mongo.MongoReactiveRepositoriesAutoConfiguration, org.springframework.boot.autoconfigure.data.mongo.MongoRepositoriesAutoConfiguration, org.springframework.boot.autoconfigure.mongo.MongoAutoConfiguration, org.springframework.boot.autoconfigure.mongo.MongoReactiveAutoConfiguration]], org.springframework.boot.test.context.filter.ExcludeFilterContextCustomizer@290dbf45, org.springframework.boot.test.json.DuplicateJsonObjectContextCustomizerFactory$DuplicateJsonObjectContextCustomizer@69a10787, org.springframework.boot.test.mock.mockito.MockitoContextCustomizer@0, org.springframework.boot.test.autoconfigure.OverrideAutoConfigurationContextCustomizerFactory$DisableAutoConfigurationContextCustomizer@1c72da34, org.springframework.boot.test.autoconfigure.filter.TypeExcludeFiltersContextCustomizer@351584c0, org.springframework.boot.test.autoconfigure.properties.PropertyMappingContextCustomizer@9c19a3b8, org.springframework.boot.test.autoconfigure.web.servlet.WebDriverContextCustomizerFactory$Customizer@7f9fcf7f], contextLoader = 'org.springframework.boot.test.context.SpringBootContextLoader', parent = [null]]]
10:43:22,282 DEBUG org.springframework.test.context.cache:290 - Spring test ApplicationContext cache statistics: [DefaultContextCache@1431267b size = 5, maxSize = 32, parentContextCount = 0, hitCount = 59, missCount = 5]
10:43:22,282 DEBUG org.springframework.test.context.cache:290 - Spring test ApplicationContext cache statistics: [DefaultContextCache@1431267b size = 5, maxSize = 32, parentContextCount = 0, hitCount = 59, missCount = 5]
10:43:22,282 TRACE org.springframework.beans.factory.support.DefaultListableBeanFactory:684 - No bean named 'org.springframework.boot.test.autoconfigure.web.servlet.SpringBootMockMvcBuilderCustomizer$DeferredLinesWriter' found in org.springframework.beans.factory.support.DefaultListableBeanFactory@6b2e9db2: defining beans [org.springframework.context.annotation.internalConfigurationAnnotationProcessor,org.springframework.context.annotation.internalAutowiredAnnotationProcessor,org.springframework.context.annotation.internalRequiredAnnotationProcessor,org.springframework.context.annotation.internalCommonAnnotationProcessor,org.springframework.context.event.internalEventListenerProcessor,org.springframework.context.event.internalEventListenerFactory,org.springframework.boot.test.context.ImportsContextCustomizer$ImportsCleanupPostProcessor,org.springframework.boot.test.mock.mockito.MockitoPostProcessor$SpyPostProcessor,org.springframework.boot.test.mock.mockito.MockitoPostProcessor,javaTutorApplication,org.springframework.boot.autoconfigure.internalCachingMetadataReaderFactory,org.springframework.boot.autoconfigure.AutoConfigurationPackages,org.springframework.boot.autoconfigure.condition.BeanTypeRegistry,org.springframework.boot.autoconfigure.mongo.MongoAutoConfiguration,mongo,spring.data.mongodb-org.springframework.boot.autoconfigure.mongo.MongoProperties,org.springframework.boot.context.properties.ConfigurationPropertiesBindingPostProcessor,org.springframework.boot.context.properties.ConfigurationBeanFactoryMetadata,org.springframework.boot.autoconfigure.data.mongo.MongoDataAutoConfiguration,mongoDbFactory,mongoTemplate,mappingMongoConverter,mongoMappingContext,gridFsTemplate,mongoCustomConversions,org.springframework.boot.autoconfigure.data.mongo.MongoRepositoriesAutoConfiguration,javaQuestionRepository,authorityRepository,userRepository]; root of factory hierarchy
10:43:22,282 TRACE org.springframework.beans.factory.support.DefaultListableBeanFactory:684 - No bean named 'org.springframework.boot.test.autoconfigure.web.servlet.SpringBootMockMvcBuilderCustomizer$DeferredLinesWriter' found in org.springframework.beans.factory.support.DefaultListableBeanFactory@6b2e9db2: defining beans [org.springframework.context.annotation.internalConfigurationAnnotationProcessor,org.springframework.context.annotation.internalAutowiredAnnotationProcessor,org.springframework.context.annotation.internalRequiredAnnotationProcessor,org.springframework.context.annotation.internalCommonAnnotationProcessor,org.springframework.context.event.internalEventListenerProcessor,org.springframework.context.event.internalEventListenerFactory,org.springframework.boot.test.context.ImportsContextCustomizer$ImportsCleanupPostProcessor,org.springframework.boot.test.mock.mockito.MockitoPostProcessor$SpyPostProcessor,org.springframework.boot.test.mock.mockito.MockitoPostProcessor,javaTutorApplication,org.springframework.boot.autoconfigure.internalCachingMetadataReaderFactory,org.springframework.boot.autoconfigure.AutoConfigurationPackages,org.springframework.boot.autoconfigure.condition.BeanTypeRegistry,org.springframework.boot.autoconfigure.mongo.MongoAutoConfiguration,mongo,spring.data.mongodb-org.springframework.boot.autoconfigure.mongo.MongoProperties,org.springframework.boot.context.properties.ConfigurationPropertiesBindingPostProcessor,org.springframework.boot.context.properties.ConfigurationBeanFactoryMetadata,org.springframework.boot.autoconfigure.data.mongo.MongoDataAutoConfiguration,mongoDbFactory,mongoTemplate,mappingMongoConverter,mongoMappingContext,gridFsTemplate,mongoCustomConversions,org.springframework.boot.autoconfigure.data.mongo.MongoRepositoriesAutoConfiguration,javaQuestionRepository,authorityRepository,userRepository]; root of factory hierarchy
10:43:22,284 DEBUG org.springframework.test.context.cache.DefaultCacheAwareContextLoaderDelegate:130 - Retrieved ApplicationContext from cache with key [[MergedContextConfiguration@47797401 testClass = UserRepositoryTest, locations = '{}', classes = '{class pro.abacus.javatutor.JavaTutorApplication}', contextInitializerClasses = '[]', activeProfiles = '{}', propertySourceLocations = '{}', propertySourceProperties = '{org.springframework.boot.test.context.SpringBootTestContextBootstrapper=true}', contextCustomizers = set[[ImportsContextCustomizer@702f4124 key = [org.springframework.boot.autoconfigure.cache.CacheAutoConfiguration, org.springframework.boot.autoconfigure.data.mongo.MongoDataAutoConfiguration, org.springframework.boot.autoconfigure.data.mongo.MongoReactiveDataAutoConfiguration, org.springframework.boot.autoconfigure.data.mongo.MongoReactiveRepositoriesAutoConfiguration, org.springframework.boot.autoconfigure.data.mongo.MongoRepositoriesAutoConfiguration, org.springframework.boot.autoconfigure.mongo.MongoAutoConfiguration, org.springframework.boot.autoconfigure.mongo.MongoReactiveAutoConfiguration]], org.springframework.boot.test.context.filter.ExcludeFilterContextCustomizer@290dbf45, org.springframework.boot.test.json.DuplicateJsonObjectContextCustomizerFactory$DuplicateJsonObjectContextCustomizer@69a10787, org.springframework.boot.test.mock.mockito.MockitoContextCustomizer@0, org.springframework.boot.test.autoconfigure.OverrideAutoConfigurationContextCustomizerFactory$DisableAutoConfigurationContextCustomizer@1c72da34, org.springframework.boot.test.autoconfigure.filter.TypeExcludeFiltersContextCustomizer@351584c0, org.springframework.boot.test.autoconfigure.properties.PropertyMappingContextCustomizer@9c19a3b8, org.springframework.boot.test.autoconfigure.web.servlet.WebDriverContextCustomizerFactory$Customizer@7f9fcf7f], contextLoader = 'org.springframework.boot.test.context.SpringBootContextLoader', parent = [null]]]
10:43:22,284 DEBUG org.springframework.test.context.cache.DefaultCacheAwareContextLoaderDelegate:130 - Retrieved ApplicationContext from cache with key [[MergedContextConfiguration@47797401 testClass = UserRepositoryTest, locations = '{}', classes = '{class pro.abacus.javatutor.JavaTutorApplication}', contextInitializerClasses = '[]', activeProfiles = '{}', propertySourceLocations = '{}', propertySourceProperties = '{org.springframework.boot.test.context.SpringBootTestContextBootstrapper=true}', contextCustomizers = set[[ImportsContextCustomizer@702f4124 key = [org.springframework.boot.autoconfigure.cache.CacheAutoConfiguration, org.springframework.boot.autoconfigure.data.mongo.MongoDataAutoConfiguration, org.springframework.boot.autoconfigure.data.mongo.MongoReactiveDataAutoConfiguration, org.springframework.boot.autoconfigure.data.mongo.MongoReactiveRepositoriesAutoConfiguration, org.springframework.boot.autoconfigure.data.mongo.MongoRepositoriesAutoConfiguration, org.springframework.boot.autoconfigure.mongo.MongoAutoConfiguration, org.springframework.boot.autoconfigure.mongo.MongoReactiveAutoConfiguration]], org.springframework.boot.test.context.filter.ExcludeFilterContextCustomizer@290dbf45, org.springframework.boot.test.json.DuplicateJsonObjectContextCustomizerFactory$DuplicateJsonObjectContextCustomizer@69a10787, org.springframework.boot.test.mock.mockito.MockitoContextCustomizer@0, org.springframework.boot.test.autoconfigure.OverrideAutoConfigurationContextCustomizerFactory$DisableAutoConfigurationContextCustomizer@1c72da34, org.springframework.boot.test.autoconfigure.filter.TypeExcludeFiltersContextCustomizer@351584c0, org.springframework.boot.test.autoconfigure.properties.PropertyMappingContextCustomizer@9c19a3b8, org.springframework.boot.test.autoconfigure.web.servlet.WebDriverContextCustomizerFactory$Customizer@7f9fcf7f], contextLoader = 'org.springframework.boot.test.context.SpringBootContextLoader', parent = [null]]]
10:43:22,285 DEBUG org.springframework.test.context.cache:290 - Spring test ApplicationContext cache statistics: [DefaultContextCache@1431267b size = 5, maxSize = 32, parentContextCount = 0, hitCount = 60, missCount = 5]
10:43:22,285 DEBUG org.springframework.test.context.cache:290 - Spring test ApplicationContext cache statistics: [DefaultContextCache@1431267b size = 5, maxSize = 32, parentContextCount = 0, hitCount = 60, missCount = 5]
10:43:22,289 DEBUG org.springframework.test.context.cache.DefaultCacheAwareContextLoaderDelegate:130 - Retrieved ApplicationContext from cache with key [[MergedContextConfiguration@47797401 testClass = UserRepositoryTest, locations = '{}', classes = '{class pro.abacus.javatutor.JavaTutorApplication}', contextInitializerClasses = '[]', activeProfiles = '{}', propertySourceLocations = '{}', propertySourceProperties = '{org.springframework.boot.test.context.SpringBootTestContextBootstrapper=true}', contextCustomizers = set[[ImportsContextCustomizer@702f4124 key = [org.springframework.boot.autoconfigure.cache.CacheAutoConfiguration, org.springframework.boot.autoconfigure.data.mongo.MongoDataAutoConfiguration, org.springframework.boot.autoconfigure.data.mongo.MongoReactiveDataAutoConfiguration, org.springframework.boot.autoconfigure.data.mongo.MongoReactiveRepositoriesAutoConfiguration, org.springframework.boot.autoconfigure.data.mongo.MongoRepositoriesAutoConfiguration, org.springframework.boot.autoconfigure.mongo.MongoAutoConfiguration, org.springframework.boot.autoconfigure.mongo.MongoReactiveAutoConfiguration]], org.springframework.boot.test.context.filter.ExcludeFilterContextCustomizer@290dbf45, org.springframework.boot.test.json.DuplicateJsonObjectContextCustomizerFactory$DuplicateJsonObjectContextCustomizer@69a10787, org.springframework.boot.test.mock.mockito.MockitoContextCustomizer@0, org.springframework.boot.test.autoconfigure.OverrideAutoConfigurationContextCustomizerFactory$DisableAutoConfigurationContextCustomizer@1c72da34, org.springframework.boot.test.autoconfigure.filter.TypeExcludeFiltersContextCustomizer@351584c0, org.springframework.boot.test.autoconfigure.properties.PropertyMappingContextCustomizer@9c19a3b8, org.springframework.boot.test.autoconfigure.web.servlet.WebDriverContextCustomizerFactory$Customizer@7f9fcf7f], contextLoader = 'org.springframework.boot.test.context.SpringBootContextLoader', parent = [null]]]
10:43:22,289 DEBUG org.springframework.test.context.cache.DefaultCacheAwareContextLoaderDelegate:130 - Retrieved ApplicationContext from cache with key [[MergedContextConfiguration@47797401 testClass = UserRepositoryTest, locations = '{}', classes = '{class pro.abacus.javatutor.JavaTutorApplication}', contextInitializerClasses = '[]', activeProfiles = '{}', propertySourceLocations = '{}', propertySourceProperties = '{org.springframework.boot.test.context.SpringBootTestContextBootstrapper=true}', contextCustomizers = set[[ImportsContextCustomizer@702f4124 key = [org.springframework.boot.autoconfigure.cache.CacheAutoConfiguration, org.springframework.boot.autoconfigure.data.mongo.MongoDataAutoConfiguration, org.springframework.boot.autoconfigure.data.mongo.MongoReactiveDataAutoConfiguration, org.springframework.boot.autoconfigure.data.mongo.MongoReactiveRepositoriesAutoConfiguration, org.springframework.boot.autoconfigure.data.mongo.MongoRepositoriesAutoConfiguration, org.springframework.boot.autoconfigure.mongo.MongoAutoConfiguration, org.springframework.boot.autoconfigure.mongo.MongoReactiveAutoConfiguration]], org.springframework.boot.test.context.filter.ExcludeFilterContextCustomizer@290dbf45, org.springframework.boot.test.json.DuplicateJsonObjectContextCustomizerFactory$DuplicateJsonObjectContextCustomizer@69a10787, org.springframework.boot.test.mock.mockito.MockitoContextCustomizer@0, org.springframework.boot.test.autoconfigure.OverrideAutoConfigurationContextCustomizerFactory$DisableAutoConfigurationContextCustomizer@1c72da34, org.springframework.boot.test.autoconfigure.filter.TypeExcludeFiltersContextCustomizer@351584c0, org.springframework.boot.test.autoconfigure.properties.PropertyMappingContextCustomizer@9c19a3b8, org.springframework.boot.test.autoconfigure.web.servlet.WebDriverContextCustomizerFactory$Customizer@7f9fcf7f], contextLoader = 'org.springframework.boot.test.context.SpringBootContextLoader', parent = [null]]]
10:43:22,289 DEBUG org.springframework.test.context.cache:290 - Spring test ApplicationContext cache statistics: [DefaultContextCache@1431267b size = 5, maxSize = 32, parentContextCount = 0, hitCount = 61, missCount = 5]
10:43:22,289 DEBUG org.springframework.test.context.cache:290 - Spring test ApplicationContext cache statistics: [DefaultContextCache@1431267b size = 5, maxSize = 32, parentContextCount = 0, hitCount = 61, missCount = 5]
10:43:22,290 DEBUG org.springframework.beans.factory.support.DefaultListableBeanFactory:254 - Returning cached instance of singleton bean 'org.springframework.boot.test.mock.mockito.MockitoBeans'
10:43:22,290 DEBUG org.springframework.beans.factory.support.DefaultListableBeanFactory:254 - Returning cached instance of singleton bean 'org.springframework.boot.test.mock.mockito.MockitoBeans'
10:43:22,292 DEBUG org.springframework.test.context.support.AbstractDirtiesContextTestExecutionListener:107 - After test method: context [DefaultTestContext@1ad1be5d testClass = UserRepositoryTest, testInstance = pro.abacus.javatutor.repository.UserRepositoryTest@10166230, testMethod = shouldLookUpSavedAccount@UserRepositoryTest, testException = org.junit.internal.runners.model.MultipleFailureException: There were 2 errors:
  org.springframework.dao.DataAccessResourceFailureException(Timed out after 30000 ms while waiting to connect. Client view of cluster state is {type=UNKNOWN, servers=[{address=localhost:27017, type=UNKNOWN, state=CONNECTING, exception={com.mongodb.MongoSocketOpenException: Exception opening socket}, caused by {java.net.ConnectException: Connection refused: connect}}]; nested exception is com.mongodb.MongoTimeoutException: Timed out after 30000 ms while waiting to connect. Client view of cluster state is {type=UNKNOWN, servers=[{address=localhost:27017, type=UNKNOWN, state=CONNECTING, exception={com.mongodb.MongoSocketOpenException: Exception opening socket}, caused by {java.net.ConnectException: Connection refused: connect}}])
  com.mongodb.MongoTimeoutException(Timed out after 30000 ms while waiting to connect. Client view of cluster state is {type=UNKNOWN, servers=[{address=localhost:27017, type=UNKNOWN, state=CONNECTING, exception={com.mongodb.MongoSocketOpenException: Exception opening socket}, caused by {java.net.ConnectException: Connection refused: connect}}]), mergedContextConfiguration = [MergedContextConfiguration@47797401 testClass = UserRepositoryTest, locations = '{}', classes = '{class pro.abacus.javatutor.JavaTutorApplication}', contextInitializerClasses = '[]', activeProfiles = '{}', propertySourceLocations = '{}', propertySourceProperties = '{org.springframework.boot.test.context.SpringBootTestContextBootstrapper=true}', contextCustomizers = set[[ImportsContextCustomizer@702f4124 key = [org.springframework.boot.autoconfigure.cache.CacheAutoConfiguration, org.springframework.boot.autoconfigure.data.mongo.MongoDataAutoConfiguration, org.springframework.boot.autoconfigure.data.mongo.MongoReactiveDataAutoConfiguration, org.springframework.boot.autoconfigure.data.mongo.MongoReactiveRepositoriesAutoConfiguration, org.springframework.boot.autoconfigure.data.mongo.MongoRepositoriesAutoConfiguration, org.springframework.boot.autoconfigure.mongo.MongoAutoConfiguration, org.springframework.boot.autoconfigure.mongo.MongoReactiveAutoConfiguration]], org.springframework.boot.test.context.filter.ExcludeFilterContextCustomizer@290dbf45, org.springframework.boot.test.json.DuplicateJsonObjectContextCustomizerFactory$DuplicateJsonObjectContextCustomizer@69a10787, org.springframework.boot.test.mock.mockito.MockitoContextCustomizer@0, org.springframework.boot.test.autoconfigure.OverrideAutoConfigurationContextCustomizerFactory$DisableAutoConfigurationContextCustomizer@1c72da34, org.springframework.boot.test.autoconfigure.filter.TypeExcludeFiltersContextCustomizer@351584c0, org.springframework.boot.test.autoconfigure.properties.PropertyMappingContextCustomizer@9c19a3b8, org.springframework.boot.test.autoconfigure.web.servlet.WebDriverContextCustomizerFactory$Customizer@7f9fcf7f], contextLoader = 'org.springframework.boot.test.context.SpringBootContextLoader', parent = [null]], attributes = map[[empty]]], class annotated with @DirtiesContext [false] with mode [null], method annotated with @DirtiesContext [false] with mode [null].
10:43:22,292 DEBUG org.springframework.test.context.support.AbstractDirtiesContextTestExecutionListener:107 - After test method: context [DefaultTestContext@1ad1be5d testClass = UserRepositoryTest, testInstance = pro.abacus.javatutor.repository.UserRepositoryTest@10166230, testMethod = shouldLookUpSavedAccount@UserRepositoryTest, testException = org.junit.internal.runners.model.MultipleFailureException: There were 2 errors:
  org.springframework.dao.DataAccessResourceFailureException(Timed out after 30000 ms while waiting to connect. Client view of cluster state is {type=UNKNOWN, servers=[{address=localhost:27017, type=UNKNOWN, state=CONNECTING, exception={com.mongodb.MongoSocketOpenException: Exception opening socket}, caused by {java.net.ConnectException: Connection refused: connect}}]; nested exception is com.mongodb.MongoTimeoutException: Timed out after 30000 ms while waiting to connect. Client view of cluster state is {type=UNKNOWN, servers=[{address=localhost:27017, type=UNKNOWN, state=CONNECTING, exception={com.mongodb.MongoSocketOpenException: Exception opening socket}, caused by {java.net.ConnectException: Connection refused: connect}}])
  com.mongodb.MongoTimeoutException(Timed out after 30000 ms while waiting to connect. Client view of cluster state is {type=UNKNOWN, servers=[{address=localhost:27017, type=UNKNOWN, state=CONNECTING, exception={com.mongodb.MongoSocketOpenException: Exception opening socket}, caused by {java.net.ConnectException: Connection refused: connect}}]), mergedContextConfiguration = [MergedContextConfiguration@47797401 testClass = UserRepositoryTest, locations = '{}', classes = '{class pro.abacus.javatutor.JavaTutorApplication}', contextInitializerClasses = '[]', activeProfiles = '{}', propertySourceLocations = '{}', propertySourceProperties = '{org.springframework.boot.test.context.SpringBootTestContextBootstrapper=true}', contextCustomizers = set[[ImportsContextCustomizer@702f4124 key = [org.springframework.boot.autoconfigure.cache.CacheAutoConfiguration, org.springframework.boot.autoconfigure.data.mongo.MongoDataAutoConfiguration, org.springframework.boot.autoconfigure.data.mongo.MongoReactiveDataAutoConfiguration, org.springframework.boot.autoconfigure.data.mongo.MongoReactiveRepositoriesAutoConfiguration, org.springframework.boot.autoconfigure.data.mongo.MongoRepositoriesAutoConfiguration, org.springframework.boot.autoconfigure.mongo.MongoAutoConfiguration, org.springframework.boot.autoconfigure.mongo.MongoReactiveAutoConfiguration]], org.springframework.boot.test.context.filter.ExcludeFilterContextCustomizer@290dbf45, org.springframework.boot.test.json.DuplicateJsonObjectContextCustomizerFactory$DuplicateJsonObjectContextCustomizer@69a10787, org.springframework.boot.test.mock.mockito.MockitoContextCustomizer@0, org.springframework.boot.test.autoconfigure.OverrideAutoConfigurationContextCustomizerFactory$DisableAutoConfigurationContextCustomizer@1c72da34, org.springframework.boot.test.autoconfigure.filter.TypeExcludeFiltersContextCustomizer@351584c0, org.springframework.boot.test.autoconfigure.properties.PropertyMappingContextCustomizer@9c19a3b8, org.springframework.boot.test.autoconfigure.web.servlet.WebDriverContextCustomizerFactory$Customizer@7f9fcf7f], contextLoader = 'org.springframework.boot.test.context.SpringBootContextLoader', parent = [null]], attributes = map[[empty]]], class annotated with @DirtiesContext [false] with mode [null], method annotated with @DirtiesContext [false] with mode [null].
]]></system-out>
  </testcase>
  <testcase name="shouldLookUpSavedAccount" classname="pro.abacus.javatutor.repository.UserRepositoryTest" time="56.396">
    <error message="Timed out after 30000 ms while waiting to connect. Client view of cluster state is {type=UNKNOWN, servers=[{address=localhost:27017, type=UNKNOWN, state=CONNECTING, exception={com.mongodb.MongoSocketOpenException: Exception opening socket}, caused by {java.net.ConnectException: Connection refused: connect}}]" type="com.mongodb.MongoTimeoutException">com.mongodb.MongoTimeoutException: Timed out after 30000 ms while waiting to connect. Client view of cluster state is {type=UNKNOWN, servers=[{address=localhost:27017, type=UNKNOWN, state=CONNECTING, exception={com.mongodb.MongoSocketOpenException: Exception opening socket}, caused by {java.net.ConnectException: Connection refused: connect}}]
	at pro.abacus.javatutor.repository.UserRepositoryTest.tearDown(UserRepositoryTest.java:45)
</error>
  </testcase>
</testsuite>