<?xml version="1.0" encoding="UTF-8"?>
<testsuite xmlns:xsi="http://www.w3.org/2001/XMLSchema-instance" xsi:noNamespaceSchemaLocation="https://maven.apache.org/surefire/maven-surefire-plugin/xsd/surefire-test-report.xsd" name="pro.abacus.javatutor.repository.AuthorityRepositoryTest" time="34.796" tests="1" errors="1" skipped="0" failures="0">
  <properties>
    <property name="sun.desktop" value="windows"/>
    <property name="awt.toolkit" value="sun.awt.windows.WToolkit"/>
    <property name="file.encoding.pkg" value="sun.io"/>
    <property name="java.specification.version" value="1.8"/>
    <property name="sun.cpu.isalist" value="amd64"/>
    <property name="sun.jnu.encoding" value="Cp1252"/>
    <property name="java.class.path" value="E:\java\repos\JavaTutorAPI\javatutor\target\test-classes;E:\java\repos\JavaTutorAPI\javatutor\target\classes;C:\Users\Maryna Savchenko\.m2\repository\org\springframework\boot\spring-boot-starter-web\2.0.2.RELEASE\spring-boot-starter-web-2.0.2.RELEASE.jar;C:\Users\Maryna Savchenko\.m2\repository\org\springframework\boot\spring-boot-starter\2.0.2.RELEASE\spring-boot-starter-2.0.2.RELEASE.jar;C:\Users\Maryna Savchenko\.m2\repository\javax\annotation\javax.annotation-api\1.3.2\javax.annotation-api-1.3.2.jar;C:\Users\Maryna Savchenko\.m2\repository\org\yaml\snakeyaml\1.19\snakeyaml-1.19.jar;C:\Users\Maryna Savchenko\.m2\repository\org\springframework\boot\spring-boot-starter-json\2.0.2.RELEASE\spring-boot-starter-json-2.0.2.RELEASE.jar;C:\Users\Maryna Savchenko\.m2\repository\com\fasterxml\jackson\core\jackson-databind\2.9.5\jackson-databind-2.9.5.jar;C:\Users\Maryna Savchenko\.m2\repository\com\fasterxml\jackson\core\jackson-annotations\2.9.0\jackson-annotations-2.9.0.jar;C:\Users\Maryna Savchenko\.m2\repository\com\fasterxml\jackson\core\jackson-core\2.9.5\jackson-core-2.9.5.jar;C:\Users\Maryna Savchenko\.m2\repository\com\fasterxml\jackson\datatype\jackson-datatype-jdk8\2.9.5\jackson-datatype-jdk8-2.9.5.jar;C:\Users\Maryna Savchenko\.m2\repository\com\fasterxml\jackson\datatype\jackson-datatype-jsr310\2.9.5\jackson-datatype-jsr310-2.9.5.jar;C:\Users\Maryna Savchenko\.m2\repository\com\fasterxml\jackson\module\jackson-module-parameter-names\2.9.5\jackson-module-parameter-names-2.9.5.jar;C:\Users\Maryna Savchenko\.m2\repository\org\springframework\boot\spring-boot-starter-tomcat\2.0.2.RELEASE\spring-boot-starter-tomcat-2.0.2.RELEASE.jar;C:\Users\Maryna Savchenko\.m2\repository\org\apache\tomcat\embed\tomcat-embed-websocket\8.5.31\tomcat-embed-websocket-8.5.31.jar;C:\Users\Maryna Savchenko\.m2\repository\org\hibernate\validator\hibernate-validator\6.0.9.Final\hibernate-validator-6.0.9.Final.jar;C:\Users\Maryna Savchenko\.m2\repository\javax\validation\validation-api\2.0.1.Final\validation-api-2.0.1.Final.jar;C:\Users\Maryna Savchenko\.m2\repository\org\jboss\logging\jboss-logging\3.3.2.Final\jboss-logging-3.3.2.Final.jar;C:\Users\Maryna Savchenko\.m2\repository\com\fasterxml\classmate\1.3.4\classmate-1.3.4.jar;C:\Users\Maryna Savchenko\.m2\repository\org\springframework\spring-web\5.0.6.RELEASE\spring-web-5.0.6.RELEASE.jar;C:\Users\Maryna Savchenko\.m2\repository\org\springframework\spring-beans\5.0.6.RELEASE\spring-beans-5.0.6.RELEASE.jar;C:\Users\Maryna Savchenko\.m2\repository\org\springframework\spring-webmvc\5.0.6.RELEASE\spring-webmvc-5.0.6.RELEASE.jar;C:\Users\Maryna Savchenko\.m2\repository\org\springframework\spring-context\5.0.6.RELEASE\spring-context-5.0.6.RELEASE.jar;C:\Users\Maryna Savchenko\.m2\repository\org\springframework\spring-expression\5.0.6.RELEASE\spring-expression-5.0.6.RELEASE.jar;C:\Users\Maryna Savchenko\.m2\repository\org\slf4j\jcl-over-slf4j\1.7.25\jcl-over-slf4j-1.7.25.jar;C:\Users\Maryna Savchenko\.m2\repository\org\slf4j\slf4j-api\1.7.25\slf4j-api-1.7.25.jar;C:\Users\Maryna Savchenko\.m2\repository\org\slf4j\jul-to-slf4j\1.7.25\jul-to-slf4j-1.7.25.jar;C:\Users\Maryna Savchenko\.m2\repository\org\slf4j\slf4j-log4j12\1.7.25\slf4j-log4j12-1.7.25.jar;C:\Users\Maryna Savchenko\.m2\repository\log4j\log4j\1.2.17\log4j-1.2.17.jar;C:\Users\Maryna Savchenko\.m2\repository\org\springframework\boot\spring-boot-starter-data-mongodb\2.0.2.RELEASE\spring-boot-starter-data-mongodb-2.0.2.RELEASE.jar;C:\Users\Maryna Savchenko\.m2\repository\org\mongodb\mongodb-driver\3.6.0\mongodb-driver-3.6.0.jar;C:\Users\Maryna Savchenko\.m2\repository\org\mongodb\bson\3.6.0\bson-3.6.0.jar;C:\Users\Maryna Savchenko\.m2\repository\org\mongodb\mongodb-driver-core\3.6.0\mongodb-driver-core-3.6.0.jar;C:\Users\Maryna Savchenko\.m2\repository\org\springframework\data\spring-data-mongodb\2.0.7.RELEASE\spring-data-mongodb-2.0.7.RELEASE.jar;C:\Users\Maryna Savchenko\.m2\repository\org\springframework\spring-tx\5.0.6.RELEASE\spring-tx-5.0.6.RELEASE.jar;C:\Users\Maryna Savchenko\.m2\repository\org\springframework\data\spring-data-commons\2.0.7.RELEASE\spring-data-commons-2.0.7.RELEASE.jar;C:\Users\Maryna Savchenko\.m2\repository\org\springframework\boot\spring-boot-starter-actuator\2.0.2.RELEASE\spring-boot-starter-actuator-2.0.2.RELEASE.jar;C:\Users\Maryna Savchenko\.m2\repository\org\springframework\boot\spring-boot-actuator-autoconfigure\2.0.2.RELEASE\spring-boot-actuator-autoconfigure-2.0.2.RELEASE.jar;C:\Users\Maryna Savchenko\.m2\repository\org\springframework\boot\spring-boot-actuator\2.0.2.RELEASE\spring-boot-actuator-2.0.2.RELEASE.jar;C:\Users\Maryna Savchenko\.m2\repository\io\micrometer\micrometer-core\1.0.4\micrometer-core-1.0.4.jar;C:\Users\Maryna Savchenko\.m2\repository\org\hdrhistogram\HdrHistogram\2.1.10\HdrHistogram-2.1.10.jar;C:\Users\Maryna Savchenko\.m2\repository\org\latencyutils\LatencyUtils\2.0.3\LatencyUtils-2.0.3.jar;C:\Users\Maryna Savchenko\.m2\repository\org\springframework\boot\spring-boot-starter-security\2.0.2.RELEASE\spring-boot-starter-security-2.0.2.RELEASE.jar;C:\Users\Maryna Savchenko\.m2\repository\org\springframework\spring-aop\5.0.6.RELEASE\spring-aop-5.0.6.RELEASE.jar;C:\Users\Maryna Savchenko\.m2\repository\org\springframework\security\spring-security-config\5.0.5.RELEASE\spring-security-config-5.0.5.RELEASE.jar;C:\Users\Maryna Savchenko\.m2\repository\org\springframework\security\spring-security-web\5.0.5.RELEASE\spring-security-web-5.0.5.RELEASE.jar;C:\Users\Maryna Savchenko\.m2\repository\org\springframework\security\spring-security-test\5.0.5.RELEASE\spring-security-test-5.0.5.RELEASE.jar;C:\Users\Maryna Savchenko\.m2\repository\org\springframework\security\spring-security-core\5.0.5.RELEASE\spring-security-core-5.0.5.RELEASE.jar;C:\Users\Maryna Savchenko\.m2\repository\org\springframework\spring-core\5.0.6.RELEASE\spring-core-5.0.6.RELEASE.jar;C:\Users\Maryna Savchenko\.m2\repository\org\springframework\spring-jcl\5.0.6.RELEASE\spring-jcl-5.0.6.RELEASE.jar;C:\Users\Maryna Savchenko\.m2\repository\org\springframework\spring-test\5.0.6.RELEASE\spring-test-5.0.6.RELEASE.jar;C:\Users\Maryna Savchenko\.m2\repository\org\springframework\boot\spring-boot-devtools\2.0.2.RELEASE\spring-boot-devtools-2.0.2.RELEASE.jar;C:\Users\Maryna Savchenko\.m2\repository\org\springframework\boot\spring-boot\2.0.2.RELEASE\spring-boot-2.0.2.RELEASE.jar;C:\Users\Maryna Savchenko\.m2\repository\org\springframework\boot\spring-boot-autoconfigure\2.0.2.RELEASE\spring-boot-autoconfigure-2.0.2.RELEASE.jar;C:\Users\Maryna Savchenko\.m2\repository\org\springframework\boot\spring-boot-starter-test\2.0.2.RELEASE\spring-boot-starter-test-2.0.2.RELEASE.jar;C:\Users\Maryna Savchenko\.m2\repository\org\springframework\boot\spring-boot-test\2.0.2.RELEASE\spring-boot-test-2.0.2.RELEASE.jar;C:\Users\Maryna Savchenko\.m2\repository\org\springframework\boot\spring-boot-test-autoconfigure\2.0.2.RELEASE\spring-boot-test-autoconfigure-2.0.2.RELEASE.jar;C:\Users\Maryna Savchenko\.m2\repository\com\jayway\jsonpath\json-path\2.4.0\json-path-2.4.0.jar;C:\Users\Maryna Savchenko\.m2\repository\net\minidev\json-smart\2.3\json-smart-2.3.jar;C:\Users\Maryna Savchenko\.m2\repository\net\minidev\accessors-smart\1.2\accessors-smart-1.2.jar;C:\Users\Maryna Savchenko\.m2\repository\org\ow2\asm\asm\5.0.4\asm-5.0.4.jar;C:\Users\Maryna Savchenko\.m2\repository\org\assertj\assertj-core\3.9.1\assertj-core-3.9.1.jar;C:\Users\Maryna Savchenko\.m2\repository\org\mockito\mockito-core\2.15.0\mockito-core-2.15.0.jar;C:\Users\Maryna Savchenko\.m2\repository\net\bytebuddy\byte-buddy\1.7.11\byte-buddy-1.7.11.jar;C:\Users\Maryna Savchenko\.m2\repository\net\bytebuddy\byte-buddy-agent\1.7.11\byte-buddy-agent-1.7.11.jar;C:\Users\Maryna Savchenko\.m2\repository\org\objenesis\objenesis\2.6\objenesis-2.6.jar;C:\Users\Maryna Savchenko\.m2\repository\org\hamcrest\hamcrest-core\1.3\hamcrest-core-1.3.jar;C:\Users\Maryna Savchenko\.m2\repository\org\hamcrest\hamcrest-library\1.3\hamcrest-library-1.3.jar;C:\Users\Maryna Savchenko\.m2\repository\org\skyscreamer\jsonassert\1.5.0\jsonassert-1.5.0.jar;C:\Users\Maryna Savchenko\.m2\repository\com\vaadin\external\google\android-json\0.0.20131108.vaadin1\android-json-0.0.20131108.vaadin1.jar;C:\Users\Maryna Savchenko\.m2\repository\org\xmlunit\xmlunit-core\2.5.1\xmlunit-core-2.5.1.jar;C:\Users\Maryna Savchenko\.m2\repository\pl\pragmatists\JUnitParams\1.1.1\JUnitParams-1.1.1.jar;C:\Users\Maryna Savchenko\.m2\repository\org\apache\tomcat\embed\tomcat-embed-jasper\8.5.31\tomcat-embed-jasper-8.5.31.jar;C:\Users\Maryna Savchenko\.m2\repository\org\apache\tomcat\embed\tomcat-embed-core\8.5.31\tomcat-embed-core-8.5.31.jar;C:\Users\Maryna Savchenko\.m2\repository\org\apache\tomcat\tomcat-annotations-api\8.5.31\tomcat-annotations-api-8.5.31.jar;C:\Users\Maryna Savchenko\.m2\repository\org\apache\tomcat\embed\tomcat-embed-el\8.5.31\tomcat-embed-el-8.5.31.jar;C:\Users\Maryna Savchenko\.m2\repository\org\eclipse\jdt\ecj\3.12.3\ecj-3.12.3.jar;C:\Users\Maryna Savchenko\.m2\repository\junit\junit\4.12\junit-4.12.jar;C:\Users\Maryna Savchenko\.m2\repository\org\projectlombok\lombok\1.16.20\lombok-1.16.20.jar;C:\Users\Maryna Savchenko\.m2\repository\org\projectlombok\lombok-maven-plugin\1.16.20.0\lombok-maven-plugin-1.16.20.0.jar;C:\Users\Maryna Savchenko\.m2\repository\org\apache\commons\commons-lang3\3.7\commons-lang3-3.7.jar;C:\Users\Maryna Savchenko\.m2\repository\org\sonatype\plexus\plexus-build-api\0.0.7\plexus-build-api-0.0.7.jar;C:\Users\Maryna Savchenko\.m2\repository\org\codehaus\plexus\plexus-utils\1.5.8\plexus-utils-1.5.8.jar;"/>
    <property name="java.vm.vendor" value="Oracle Corporation"/>
    <property name="sun.arch.data.model" value="64"/>
    <property name="user.variant" value=""/>
    <property name="java.vendor.url" value="http://java.oracle.com/"/>
    <property name="user.timezone" value=""/>
    <property name="user.country.format" value="UA"/>
    <property name="java.vm.specification.version" value="1.8"/>
    <property name="os.name" value="Windows 10"/>
    <property name="user.country" value="US"/>
    <property name="sun.java.launcher" value="SUN_STANDARD"/>
    <property name="sun.boot.library.path" value="C:\Program Files\Java\jdk1.8.0_131\jre\bin"/>
    <property name="sun.java.command" value="C:\Users\MARYNA~1\AppData\Local\Temp\surefire1244754544745437156\surefirebooter7935569149334272143.jar C:\Users\Maryna Savchenko\AppData\Local\Temp\surefire1244754544745437156 2018-10-11T10-37-06_854-jvmRun1 surefire6084229711424990350tmp surefire_01445494788152468973tmp"/>
    <property name="surefire.test.class.path" value="E:\java\repos\JavaTutorAPI\javatutor\target\test-classes;E:\java\repos\JavaTutorAPI\javatutor\target\classes;C:\Users\Maryna Savchenko\.m2\repository\org\springframework\boot\spring-boot-starter-web\2.0.2.RELEASE\spring-boot-starter-web-2.0.2.RELEASE.jar;C:\Users\Maryna Savchenko\.m2\repository\org\springframework\boot\spring-boot-starter\2.0.2.RELEASE\spring-boot-starter-2.0.2.RELEASE.jar;C:\Users\Maryna Savchenko\.m2\repository\javax\annotation\javax.annotation-api\1.3.2\javax.annotation-api-1.3.2.jar;C:\Users\Maryna Savchenko\.m2\repository\org\yaml\snakeyaml\1.19\snakeyaml-1.19.jar;C:\Users\Maryna Savchenko\.m2\repository\org\springframework\boot\spring-boot-starter-json\2.0.2.RELEASE\spring-boot-starter-json-2.0.2.RELEASE.jar;C:\Users\Maryna Savchenko\.m2\repository\com\fasterxml\jackson\core\jackson-databind\2.9.5\jackson-databind-2.9.5.jar;C:\Users\Maryna Savchenko\.m2\repository\com\fasterxml\jackson\core\jackson-annotations\2.9.0\jackson-annotations-2.9.0.jar;C:\Users\Maryna Savchenko\.m2\repository\com\fasterxml\jackson\core\jackson-core\2.9.5\jackson-core-2.9.5.jar;C:\Users\Maryna Savchenko\.m2\repository\com\fasterxml\jackson\datatype\jackson-datatype-jdk8\2.9.5\jackson-datatype-jdk8-2.9.5.jar;C:\Users\Maryna Savchenko\.m2\repository\com\fasterxml\jackson\datatype\jackson-datatype-jsr310\2.9.5\jackson-datatype-jsr310-2.9.5.jar;C:\Users\Maryna Savchenko\.m2\repository\com\fasterxml\jackson\module\jackson-module-parameter-names\2.9.5\jackson-module-parameter-names-2.9.5.jar;C:\Users\Maryna Savchenko\.m2\repository\org\springframework\boot\spring-boot-starter-tomcat\2.0.2.RELEASE\spring-boot-starter-tomcat-2.0.2.RELEASE.jar;C:\Users\Maryna Savchenko\.m2\repository\org\apache\tomcat\embed\tomcat-embed-websocket\8.5.31\tomcat-embed-websocket-8.5.31.jar;C:\Users\Maryna Savchenko\.m2\repository\org\hibernate\validator\hibernate-validator\6.0.9.Final\hibernate-validator-6.0.9.Final.jar;C:\Users\Maryna Savchenko\.m2\repository\javax\validation\validation-api\2.0.1.Final\validation-api-2.0.1.Final.jar;C:\Users\Maryna Savchenko\.m2\repository\org\jboss\logging\jboss-logging\3.3.2.Final\jboss-logging-3.3.2.Final.jar;C:\Users\Maryna Savchenko\.m2\repository\com\fasterxml\classmate\1.3.4\classmate-1.3.4.jar;C:\Users\Maryna Savchenko\.m2\repository\org\springframework\spring-web\5.0.6.RELEASE\spring-web-5.0.6.RELEASE.jar;C:\Users\Maryna Savchenko\.m2\repository\org\springframework\spring-beans\5.0.6.RELEASE\spring-beans-5.0.6.RELEASE.jar;C:\Users\Maryna Savchenko\.m2\repository\org\springframework\spring-webmvc\5.0.6.RELEASE\spring-webmvc-5.0.6.RELEASE.jar;C:\Users\Maryna Savchenko\.m2\repository\org\springframework\spring-context\5.0.6.RELEASE\spring-context-5.0.6.RELEASE.jar;C:\Users\Maryna Savchenko\.m2\repository\org\springframework\spring-expression\5.0.6.RELEASE\spring-expression-5.0.6.RELEASE.jar;C:\Users\Maryna Savchenko\.m2\repository\org\slf4j\jcl-over-slf4j\1.7.25\jcl-over-slf4j-1.7.25.jar;C:\Users\Maryna Savchenko\.m2\repository\org\slf4j\slf4j-api\1.7.25\slf4j-api-1.7.25.jar;C:\Users\Maryna Savchenko\.m2\repository\org\slf4j\jul-to-slf4j\1.7.25\jul-to-slf4j-1.7.25.jar;C:\Users\Maryna Savchenko\.m2\repository\org\slf4j\slf4j-log4j12\1.7.25\slf4j-log4j12-1.7.25.jar;C:\Users\Maryna Savchenko\.m2\repository\log4j\log4j\1.2.17\log4j-1.2.17.jar;C:\Users\Maryna Savchenko\.m2\repository\org\springframework\boot\spring-boot-starter-data-mongodb\2.0.2.RELEASE\spring-boot-starter-data-mongodb-2.0.2.RELEASE.jar;C:\Users\Maryna Savchenko\.m2\repository\org\mongodb\mongodb-driver\3.6.0\mongodb-driver-3.6.0.jar;C:\Users\Maryna Savchenko\.m2\repository\org\mongodb\bson\3.6.0\bson-3.6.0.jar;C:\Users\Maryna Savchenko\.m2\repository\org\mongodb\mongodb-driver-core\3.6.0\mongodb-driver-core-3.6.0.jar;C:\Users\Maryna Savchenko\.m2\repository\org\springframework\data\spring-data-mongodb\2.0.7.RELEASE\spring-data-mongodb-2.0.7.RELEASE.jar;C:\Users\Maryna Savchenko\.m2\repository\org\springframework\spring-tx\5.0.6.RELEASE\spring-tx-5.0.6.RELEASE.jar;C:\Users\Maryna Savchenko\.m2\repository\org\springframework\data\spring-data-commons\2.0.7.RELEASE\spring-data-commons-2.0.7.RELEASE.jar;C:\Users\Maryna Savchenko\.m2\repository\org\springframework\boot\spring-boot-starter-actuator\2.0.2.RELEASE\spring-boot-starter-actuator-2.0.2.RELEASE.jar;C:\Users\Maryna Savchenko\.m2\repository\org\springframework\boot\spring-boot-actuator-autoconfigure\2.0.2.RELEASE\spring-boot-actuator-autoconfigure-2.0.2.RELEASE.jar;C:\Users\Maryna Savchenko\.m2\repository\org\springframework\boot\spring-boot-actuator\2.0.2.RELEASE\spring-boot-actuator-2.0.2.RELEASE.jar;C:\Users\Maryna Savchenko\.m2\repository\io\micrometer\micrometer-core\1.0.4\micrometer-core-1.0.4.jar;C:\Users\Maryna Savchenko\.m2\repository\org\hdrhistogram\HdrHistogram\2.1.10\HdrHistogram-2.1.10.jar;C:\Users\Maryna Savchenko\.m2\repository\org\latencyutils\LatencyUtils\2.0.3\LatencyUtils-2.0.3.jar;C:\Users\Maryna Savchenko\.m2\repository\org\springframework\boot\spring-boot-starter-security\2.0.2.RELEASE\spring-boot-starter-security-2.0.2.RELEASE.jar;C:\Users\Maryna Savchenko\.m2\repository\org\springframework\spring-aop\5.0.6.RELEASE\spring-aop-5.0.6.RELEASE.jar;C:\Users\Maryna Savchenko\.m2\repository\org\springframework\security\spring-security-config\5.0.5.RELEASE\spring-security-config-5.0.5.RELEASE.jar;C:\Users\Maryna Savchenko\.m2\repository\org\springframework\security\spring-security-web\5.0.5.RELEASE\spring-security-web-5.0.5.RELEASE.jar;C:\Users\Maryna Savchenko\.m2\repository\org\springframework\security\spring-security-test\5.0.5.RELEASE\spring-security-test-5.0.5.RELEASE.jar;C:\Users\Maryna Savchenko\.m2\repository\org\springframework\security\spring-security-core\5.0.5.RELEASE\spring-security-core-5.0.5.RELEASE.jar;C:\Users\Maryna Savchenko\.m2\repository\org\springframework\spring-core\5.0.6.RELEASE\spring-core-5.0.6.RELEASE.jar;C:\Users\Maryna Savchenko\.m2\repository\org\springframework\spring-jcl\5.0.6.RELEASE\spring-jcl-5.0.6.RELEASE.jar;C:\Users\Maryna Savchenko\.m2\repository\org\springframework\spring-test\5.0.6.RELEASE\spring-test-5.0.6.RELEASE.jar;C:\Users\Maryna Savchenko\.m2\repository\org\springframework\boot\spring-boot-devtools\2.0.2.RELEASE\spring-boot-devtools-2.0.2.RELEASE.jar;C:\Users\Maryna Savchenko\.m2\repository\org\springframework\boot\spring-boot\2.0.2.RELEASE\spring-boot-2.0.2.RELEASE.jar;C:\Users\Maryna Savchenko\.m2\repository\org\springframework\boot\spring-boot-autoconfigure\2.0.2.RELEASE\spring-boot-autoconfigure-2.0.2.RELEASE.jar;C:\Users\Maryna Savchenko\.m2\repository\org\springframework\boot\spring-boot-starter-test\2.0.2.RELEASE\spring-boot-starter-test-2.0.2.RELEASE.jar;C:\Users\Maryna Savchenko\.m2\repository\org\springframework\boot\spring-boot-test\2.0.2.RELEASE\spring-boot-test-2.0.2.RELEASE.jar;C:\Users\Maryna Savchenko\.m2\repository\org\springframework\boot\spring-boot-test-autoconfigure\2.0.2.RELEASE\spring-boot-test-autoconfigure-2.0.2.RELEASE.jar;C:\Users\Maryna Savchenko\.m2\repository\com\jayway\jsonpath\json-path\2.4.0\json-path-2.4.0.jar;C:\Users\Maryna Savchenko\.m2\repository\net\minidev\json-smart\2.3\json-smart-2.3.jar;C:\Users\Maryna Savchenko\.m2\repository\net\minidev\accessors-smart\1.2\accessors-smart-1.2.jar;C:\Users\Maryna Savchenko\.m2\repository\org\ow2\asm\asm\5.0.4\asm-5.0.4.jar;C:\Users\Maryna Savchenko\.m2\repository\org\assertj\assertj-core\3.9.1\assertj-core-3.9.1.jar;C:\Users\Maryna Savchenko\.m2\repository\org\mockito\mockito-core\2.15.0\mockito-core-2.15.0.jar;C:\Users\Maryna Savchenko\.m2\repository\net\bytebuddy\byte-buddy\1.7.11\byte-buddy-1.7.11.jar;C:\Users\Maryna Savchenko\.m2\repository\net\bytebuddy\byte-buddy-agent\1.7.11\byte-buddy-agent-1.7.11.jar;C:\Users\Maryna Savchenko\.m2\repository\org\objenesis\objenesis\2.6\objenesis-2.6.jar;C:\Users\Maryna Savchenko\.m2\repository\org\hamcrest\hamcrest-core\1.3\hamcrest-core-1.3.jar;C:\Users\Maryna Savchenko\.m2\repository\org\hamcrest\hamcrest-library\1.3\hamcrest-library-1.3.jar;C:\Users\Maryna Savchenko\.m2\repository\org\skyscreamer\jsonassert\1.5.0\jsonassert-1.5.0.jar;C:\Users\Maryna Savchenko\.m2\repository\com\vaadin\external\google\android-json\0.0.20131108.vaadin1\android-json-0.0.20131108.vaadin1.jar;C:\Users\Maryna Savchenko\.m2\repository\org\xmlunit\xmlunit-core\2.5.1\xmlunit-core-2.5.1.jar;C:\Users\Maryna Savchenko\.m2\repository\pl\pragmatists\JUnitParams\1.1.1\JUnitParams-1.1.1.jar;C:\Users\Maryna Savchenko\.m2\repository\org\apache\tomcat\embed\tomcat-embed-jasper\8.5.31\tomcat-embed-jasper-8.5.31.jar;C:\Users\Maryna Savchenko\.m2\repository\org\apache\tomcat\embed\tomcat-embed-core\8.5.31\tomcat-embed-core-8.5.31.jar;C:\Users\Maryna Savchenko\.m2\repository\org\apache\tomcat\tomcat-annotations-api\8.5.31\tomcat-annotations-api-8.5.31.jar;C:\Users\Maryna Savchenko\.m2\repository\org\apache\tomcat\embed\tomcat-embed-el\8.5.31\tomcat-embed-el-8.5.31.jar;C:\Users\Maryna Savchenko\.m2\repository\org\eclipse\jdt\ecj\3.12.3\ecj-3.12.3.jar;C:\Users\Maryna Savchenko\.m2\repository\junit\junit\4.12\junit-4.12.jar;C:\Users\Maryna Savchenko\.m2\repository\org\projectlombok\lombok\1.16.20\lombok-1.16.20.jar;C:\Users\Maryna Savchenko\.m2\repository\org\projectlombok\lombok-maven-plugin\1.16.20.0\lombok-maven-plugin-1.16.20.0.jar;C:\Users\Maryna Savchenko\.m2\repository\org\apache\commons\commons-lang3\3.7\commons-lang3-3.7.jar;C:\Users\Maryna Savchenko\.m2\repository\org\sonatype\plexus\plexus-build-api\0.0.7\plexus-build-api-0.0.7.jar;C:\Users\Maryna Savchenko\.m2\repository\org\codehaus\plexus\plexus-utils\1.5.8\plexus-utils-1.5.8.jar;"/>
    <property name="sun.cpu.endian" value="little"/>
    <property name="user.home" value="C:\Users\Maryna Savchenko"/>
    <property name="user.language" value="en"/>
    <property name="java.specification.vendor" value="Oracle Corporation"/>
    <property name="java.home" value="C:\Program Files\Java\jdk1.8.0_131\jre"/>
    <property name="basedir" value="E:\java\repos\JavaTutorAPI\javatutor"/>
    <property name="file.separator" value="\"/>
    <property name="line.separator" value="&#10;"/>
    <property name="java.vm.specification.vendor" value="Oracle Corporation"/>
    <property name="java.specification.name" value="Java Platform API Specification"/>
    <property name="java.awt.graphicsenv" value="sun.awt.Win32GraphicsEnvironment"/>
    <property name="surefire.real.class.path" value="C:\Users\MARYNA~1\AppData\Local\Temp\surefire1244754544745437156\surefirebooter7935569149334272143.jar"/>
    <property name="sun.boot.class.path" value="C:\Program Files\Java\jdk1.8.0_131\jre\lib\resources.jar;C:\Program Files\Java\jdk1.8.0_131\jre\lib\rt.jar;C:\Program Files\Java\jdk1.8.0_131\jre\lib\sunrsasign.jar;C:\Program Files\Java\jdk1.8.0_131\jre\lib\jsse.jar;C:\Program Files\Java\jdk1.8.0_131\jre\lib\jce.jar;C:\Program Files\Java\jdk1.8.0_131\jre\lib\charsets.jar;C:\Program Files\Java\jdk1.8.0_131\jre\lib\jfr.jar;C:\Program Files\Java\jdk1.8.0_131\jre\classes"/>
    <property name="user.script" value=""/>
    <property name="sun.management.compiler" value="HotSpot 64-Bit Tiered Compilers"/>
    <property name="java.runtime.version" value="1.8.0_131-b11"/>
    <property name="user.name" value="Maryna Savchenko"/>
    <property name="path.separator" value=";"/>
    <property name="os.version" value="10.0"/>
    <property name="java.endorsed.dirs" value="C:\Program Files\Java\jdk1.8.0_131\jre\lib\endorsed"/>
    <property name="java.runtime.name" value="Java(TM) SE Runtime Environment"/>
    <property name="file.encoding" value="Cp1252"/>
    <property name="java.vm.name" value="Java HotSpot(TM) 64-Bit Server VM"/>
    <property name="localRepository" value="C:\Users\Maryna Savchenko\.m2\repository"/>
    <property name="java.vendor.url.bug" value="http://bugreport.sun.com/bugreport/"/>
    <property name="java.io.tmpdir" value="C:\Users\MARYNA~1\AppData\Local\Temp\"/>
    <property name="java.version" value="1.8.0_131"/>
    <property name="user.dir" value="E:\java\repos\JavaTutorAPI\javatutor"/>
    <property name="os.arch" value="amd64"/>
    <property name="java.vm.specification.name" value="Java Virtual Machine Specification"/>
    <property name="java.awt.printerjob" value="sun.awt.windows.WPrinterJob"/>
    <property name="user.language.format" value="uk"/>
    <property name="sun.os.patch.level" value=""/>
    <property name="java.library.path" value="C:\Program Files\Java\jdk1.8.0_131\jre\bin;C:\WINDOWS\Sun\Java\bin;C:\WINDOWS\system32;C:\WINDOWS;C:\Users\Maryna Savchenko\bin;C:\Program Files\Git\mingw64\bin;C:\Program Files\Git\usr\local\bin;C:\Program Files\Git\usr\bin;C:\Program Files\Git\usr\bin;C:\Program Files\Git\mingw64\bin;C:\Program Files\Git\usr\bin;C:\Users\Maryna Savchenko\bin;C:\Program Files\Docker\Docker\Resources\bin;C:\ProgramData\Oracle\Java\javapath;C:\Program Files (x86)\Intel\TXE Components\TCS;C:\Program Files\Intel\TXE Components\TCS;C:\WINDOWS\system32;C:\WINDOWS;C:\WINDOWS\System32\Wbem;C:\WINDOWS\System32\WindowsPowerShell\v1.0;C:\Program Files\Intel\TXE Components\DAL;C:\Program Files (x86)\Intel\TXE Components\DAL;C:\Program Files\Intel\TXE Components\IPT;C:\Program Files (x86)\Intel\TXE Components\IPT;E:\java\apache-maven-3.5.0-bin\apache-maven-3.5.0\bin;C:\Program Files\Git\cmd;C:\Program Files\Java\jdk1.8.0_131\bin;C:\Program Files\MySQL\MySQL Utilities 1.6;C:\Program Files (x86)\bin;C:\Program Files (x86)\sbt\bin;C:\Program Files (x86)\Yarn\bin;C:\ProgramData\chocolatey\bin;C:\Program Files\nodejs;C:\Users\Maryna Savchenko\AppData\Local\Microsoft\WindowsApps;E:\java\spark-2.2.0-bin-hadoop2.7\bin;C:\Program Files\Java\jdk1.8.0_131\bin;C:\Program Files (x86)\sbt\bin;C:\winutils\bin;C:\Program Files\Docker Toolbox;C:\Users\Maryna Savchenko\AppData\Local\Yarn\bin;C:\Users\Maryna Savchenko\AppData\Roaming\npm;C:\Program Files\Git\usr\bin\vendor_perl;C:\Program Files\Git\usr\bin\core_perl;."/>
    <property name="java.vm.info" value="mixed mode"/>
    <property name="java.vendor" value="Oracle Corporation"/>
    <property name="java.vm.version" value="25.131-b11"/>
    <property name="java.ext.dirs" value="C:\Program Files\Java\jdk1.8.0_131\jre\lib\ext;C:\WINDOWS\Sun\Java\lib\ext"/>
    <property name="sun.io.unicode.encoding" value="UnicodeLittle"/>
    <property name="java.class.version" value="52.0"/>
  </properties>
  <testcase name="shouldLookUpAuthorities" classname="pro.abacus.javatutor.repository.AuthorityRepositoryTest" time="30.241">
    <error message="Timed out after 30000 ms while waiting to connect. Client view of cluster state is {type=UNKNOWN, servers=[{address=localhost:27017, type=UNKNOWN, state=CONNECTING, exception={com.mongodb.MongoSocketOpenException: Exception opening socket}, caused by {java.net.ConnectException: Connection refused: connect}}]; nested exception is com.mongodb.MongoTimeoutException: Timed out after 30000 ms while waiting to connect. Client view of cluster state is {type=UNKNOWN, servers=[{address=localhost:27017, type=UNKNOWN, state=CONNECTING, exception={com.mongodb.MongoSocketOpenException: Exception opening socket}, caused by {java.net.ConnectException: Connection refused: connect}}]" type="org.springframework.dao.DataAccessResourceFailureException">org.springframework.dao.DataAccessResourceFailureException: Timed out after 30000 ms while waiting to connect. Client view of cluster state is {type=UNKNOWN, servers=[{address=localhost:27017, type=UNKNOWN, state=CONNECTING, exception={com.mongodb.MongoSocketOpenException: Exception opening socket}, caused by {java.net.ConnectException: Connection refused: connect}}]; nested exception is com.mongodb.MongoTimeoutException: Timed out after 30000 ms while waiting to connect. Client view of cluster state is {type=UNKNOWN, servers=[{address=localhost:27017, type=UNKNOWN, state=CONNECTING, exception={com.mongodb.MongoSocketOpenException: Exception opening socket}, caused by {java.net.ConnectException: Connection refused: connect}}]
	at pro.abacus.javatutor.repository.AuthorityRepositoryTest.shouldLookUpAuthorities(AuthorityRepositoryTest.java:39)
Caused by: com.mongodb.MongoTimeoutException: Timed out after 30000 ms while waiting to connect. Client view of cluster state is {type=UNKNOWN, servers=[{address=localhost:27017, type=UNKNOWN, state=CONNECTING, exception={com.mongodb.MongoSocketOpenException: Exception opening socket}, caused by {java.net.ConnectException: Connection refused: connect}}]
	at pro.abacus.javatutor.repository.AuthorityRepositoryTest.shouldLookUpAuthorities(AuthorityRepositoryTest.java:39)
</error>
    <system-out><![CDATA[10:38:41,985 DEBUG org.springframework.test.context.junit4.SpringJUnit4ClassRunner:139 - SpringJUnit4ClassRunner constructor called with [class pro.abacus.javatutor.repository.AuthorityRepositoryTest]
10:38:41,985 DEBUG org.springframework.test.context.junit4.SpringJUnit4ClassRunner:139 - SpringJUnit4ClassRunner constructor called with [class pro.abacus.javatutor.repository.AuthorityRepositoryTest]
10:38:41,985 DEBUG org.springframework.test.context.BootstrapUtils:97 - Instantiating CacheAwareContextLoaderDelegate from class [org.springframework.test.context.cache.DefaultCacheAwareContextLoaderDelegate]
10:38:41,985 DEBUG org.springframework.test.context.BootstrapUtils:97 - Instantiating CacheAwareContextLoaderDelegate from class [org.springframework.test.context.cache.DefaultCacheAwareContextLoaderDelegate]
10:38:41,986 DEBUG org.springframework.test.context.BootstrapUtils:80 - Instantiating BootstrapContext using constructor [public org.springframework.test.context.support.DefaultBootstrapContext(java.lang.Class,org.springframework.test.context.CacheAwareContextLoaderDelegate)]
10:38:41,986 DEBUG org.springframework.test.context.BootstrapUtils:80 - Instantiating BootstrapContext using constructor [public org.springframework.test.context.support.DefaultBootstrapContext(java.lang.Class,org.springframework.test.context.CacheAwareContextLoaderDelegate)]
10:38:41,991 DEBUG org.springframework.test.context.BootstrapUtils:133 - Instantiating TestContextBootstrapper for test class [pro.abacus.javatutor.repository.AuthorityRepositoryTest] from class [org.springframework.boot.test.context.SpringBootTestContextBootstrapper]
10:38:41,991 DEBUG org.springframework.test.context.BootstrapUtils:133 - Instantiating TestContextBootstrapper for test class [pro.abacus.javatutor.repository.AuthorityRepositoryTest] from class [org.springframework.boot.test.context.SpringBootTestContextBootstrapper]
10:38:41,995 TRACE org.springframework.boot.test.context.SpringBootTestContextBootstrapper:488 - Resolving ContextLoader for context configuration attributes [ContextConfigurationAttributes@47be41c6 declaringClass = 'pro.abacus.javatutor.repository.AuthorityRepositoryTest', classes = '{}', locations = '{}', inheritLocations = false, initializers = '{}', inheritInitializers = true, name = [null], contextLoaderClass = 'org.springframework.test.context.ContextLoader']
10:38:41,995 TRACE org.springframework.boot.test.context.SpringBootTestContextBootstrapper:488 - Resolving ContextLoader for context configuration attributes [ContextConfigurationAttributes@47be41c6 declaringClass = 'pro.abacus.javatutor.repository.AuthorityRepositoryTest', classes = '{}', locations = '{}', inheritLocations = false, initializers = '{}', inheritInitializers = true, name = [null], contextLoaderClass = 'org.springframework.test.context.ContextLoader']
10:38:41,996 TRACE org.springframework.boot.test.context.SpringBootTestContextBootstrapper:454 - Using ContextLoader class [org.springframework.boot.test.context.SpringBootContextLoader] for test class [pro.abacus.javatutor.repository.AuthorityRepositoryTest]
10:38:41,996 TRACE org.springframework.boot.test.context.SpringBootTestContextBootstrapper:454 - Using ContextLoader class [org.springframework.boot.test.context.SpringBootContextLoader] for test class [pro.abacus.javatutor.repository.AuthorityRepositoryTest]
10:38:41,996  INFO org.springframework.boot.test.context.SpringBootTestContextBootstrapper:308 - Neither @ContextConfiguration nor @ContextHierarchy found for test class [pro.abacus.javatutor.repository.AuthorityRepositoryTest], using SpringBootContextLoader
10:38:41,996  INFO org.springframework.boot.test.context.SpringBootTestContextBootstrapper:308 - Neither @ContextConfiguration nor @ContextHierarchy found for test class [pro.abacus.javatutor.repository.AuthorityRepositoryTest], using SpringBootContextLoader
10:38:41,997 TRACE org.springframework.boot.test.context.SpringBootTestContextBootstrapper:488 - Resolving ContextLoader for context configuration attributes [ContextConfigurationAttributes@47be41c6 declaringClass = 'pro.abacus.javatutor.repository.AuthorityRepositoryTest', classes = '{}', locations = '{}', inheritLocations = false, initializers = '{}', inheritInitializers = true, name = [null], contextLoaderClass = 'org.springframework.test.context.ContextLoader']
10:38:41,997 TRACE org.springframework.boot.test.context.SpringBootTestContextBootstrapper:488 - Resolving ContextLoader for context configuration attributes [ContextConfigurationAttributes@47be41c6 declaringClass = 'pro.abacus.javatutor.repository.AuthorityRepositoryTest', classes = '{}', locations = '{}', inheritLocations = false, initializers = '{}', inheritInitializers = true, name = [null], contextLoaderClass = 'org.springframework.test.context.ContextLoader']
10:38:41,998 TRACE org.springframework.boot.test.context.SpringBootTestContextBootstrapper:454 - Using ContextLoader class [org.springframework.boot.test.context.SpringBootContextLoader] for test class [pro.abacus.javatutor.repository.AuthorityRepositoryTest]
10:38:41,998 TRACE org.springframework.boot.test.context.SpringBootTestContextBootstrapper:454 - Using ContextLoader class [org.springframework.boot.test.context.SpringBootContextLoader] for test class [pro.abacus.javatutor.repository.AuthorityRepositoryTest]
10:38:42,000 TRACE org.springframework.boot.test.context.SpringBootTestContextBootstrapper:355 - Processing locations and classes for context configuration attributes [ContextConfigurationAttributes@47be41c6 declaringClass = 'pro.abacus.javatutor.repository.AuthorityRepositoryTest', classes = '{}', locations = '{}', inheritLocations = false, initializers = '{}', inheritInitializers = true, name = [null], contextLoaderClass = 'org.springframework.test.context.ContextLoader']
10:38:42,000 TRACE org.springframework.boot.test.context.SpringBootTestContextBootstrapper:355 - Processing locations and classes for context configuration attributes [ContextConfigurationAttributes@47be41c6 declaringClass = 'pro.abacus.javatutor.repository.AuthorityRepositoryTest', classes = '{}', locations = '{}', inheritLocations = false, initializers = '{}', inheritInitializers = true, name = [null], contextLoaderClass = 'org.springframework.test.context.ContextLoader']
10:38:42,002 DEBUG org.springframework.test.context.support.AbstractContextLoader:258 - Did not detect default resource location for test class [pro.abacus.javatutor.repository.AuthorityRepositoryTest]: class path resource [pro/abacus/javatutor/repository/AuthorityRepositoryTest-context.xml] does not exist
10:38:42,002 DEBUG org.springframework.test.context.support.AbstractContextLoader:258 - Did not detect default resource location for test class [pro.abacus.javatutor.repository.AuthorityRepositoryTest]: class path resource [pro/abacus/javatutor/repository/AuthorityRepositoryTest-context.xml] does not exist
10:38:42,004 DEBUG org.springframework.test.context.support.AbstractContextLoader:258 - Did not detect default resource location for test class [pro.abacus.javatutor.repository.AuthorityRepositoryTest]: class path resource [pro/abacus/javatutor/repository/AuthorityRepositoryTestContext.groovy] does not exist
10:38:42,004 DEBUG org.springframework.test.context.support.AbstractContextLoader:258 - Did not detect default resource location for test class [pro.abacus.javatutor.repository.AuthorityRepositoryTest]: class path resource [pro/abacus/javatutor/repository/AuthorityRepositoryTestContext.groovy] does not exist
10:38:42,005  INFO org.springframework.test.context.support.AbstractContextLoader:264 - Could not detect default resource locations for test class [pro.abacus.javatutor.repository.AuthorityRepositoryTest]: no resource found for suffixes {-context.xml, Context.groovy}.
10:38:42,005  INFO org.springframework.test.context.support.AbstractContextLoader:264 - Could not detect default resource locations for test class [pro.abacus.javatutor.repository.AuthorityRepositoryTest]: no resource found for suffixes {-context.xml, Context.groovy}.
10:38:42,008  INFO org.springframework.test.context.support.AnnotationConfigContextLoaderUtils:83 - Could not detect default configuration classes for test class [pro.abacus.javatutor.repository.AuthorityRepositoryTest]: AuthorityRepositoryTest does not declare any static, non-private, non-final, nested classes annotated with @Configuration.
10:38:42,008  INFO org.springframework.test.context.support.AnnotationConfigContextLoaderUtils:83 - Could not detect default configuration classes for test class [pro.abacus.javatutor.repository.AuthorityRepositoryTest]: AuthorityRepositoryTest does not declare any static, non-private, non-final, nested classes annotated with @Configuration.
10:38:42,010 TRACE org.springframework.core.io.support.SpringFactoriesLoader:97 - Loaded [org.springframework.test.context.ContextCustomizerFactory] names: [org.springframework.test.context.web.socket.MockServerContainerContextCustomizerFactory, org.springframework.boot.test.context.ImportsContextCustomizerFactory, org.springframework.boot.test.context.filter.ExcludeFilterContextCustomizerFactory, org.springframework.boot.test.json.DuplicateJsonObjectContextCustomizerFactory, org.springframework.boot.test.mock.mockito.MockitoContextCustomizerFactory, org.springframework.boot.test.web.client.TestRestTemplateContextCustomizerFactory, org.springframework.boot.test.web.reactive.server.WebTestClientContextCustomizerFactory, org.springframework.boot.test.autoconfigure.OverrideAutoConfigurationContextCustomizerFactory, org.springframework.boot.test.autoconfigure.filter.TypeExcludeFiltersContextCustomizerFactory, org.springframework.boot.test.autoconfigure.properties.PropertyMappingContextCustomizerFactory, org.springframework.boot.test.autoconfigure.web.servlet.WebDriverContextCustomizerFactory]
10:38:42,010 TRACE org.springframework.core.io.support.SpringFactoriesLoader:97 - Loaded [org.springframework.test.context.ContextCustomizerFactory] names: [org.springframework.test.context.web.socket.MockServerContainerContextCustomizerFactory, org.springframework.boot.test.context.ImportsContextCustomizerFactory, org.springframework.boot.test.context.filter.ExcludeFilterContextCustomizerFactory, org.springframework.boot.test.json.DuplicateJsonObjectContextCustomizerFactory, org.springframework.boot.test.mock.mockito.MockitoContextCustomizerFactory, org.springframework.boot.test.web.client.TestRestTemplateContextCustomizerFactory, org.springframework.boot.test.web.reactive.server.WebTestClientContextCustomizerFactory, org.springframework.boot.test.autoconfigure.OverrideAutoConfigurationContextCustomizerFactory, org.springframework.boot.test.autoconfigure.filter.TypeExcludeFiltersContextCustomizerFactory, org.springframework.boot.test.autoconfigure.properties.PropertyMappingContextCustomizerFactory, org.springframework.boot.test.autoconfigure.web.servlet.WebDriverContextCustomizerFactory]
10:38:42,031 TRACE org.springframework.test.context.support.ApplicationContextInitializerUtils:73 - Processing context initializers for configuration attributes [ContextConfigurationAttributes@47be41c6 declaringClass = 'pro.abacus.javatutor.repository.AuthorityRepositoryTest', classes = '{}', locations = '{}', inheritLocations = false, initializers = '{}', inheritInitializers = true, name = [null], contextLoaderClass = 'org.springframework.test.context.ContextLoader']
10:38:42,031 TRACE org.springframework.test.context.support.ApplicationContextInitializerUtils:73 - Processing context initializers for configuration attributes [ContextConfigurationAttributes@47be41c6 declaringClass = 'pro.abacus.javatutor.repository.AuthorityRepositoryTest', classes = '{}', locations = '{}', inheritLocations = false, initializers = '{}', inheritInitializers = true, name = [null], contextLoaderClass = 'org.springframework.test.context.ContextLoader']
10:38:42,032 DEBUG org.springframework.test.context.support.ActiveProfilesUtils:79 - Could not find an 'annotation declaring class' for annotation type [org.springframework.test.context.ActiveProfiles] and class [pro.abacus.javatutor.repository.AuthorityRepositoryTest]
10:38:42,032 DEBUG org.springframework.test.context.support.ActiveProfilesUtils:79 - Could not find an 'annotation declaring class' for annotation type [org.springframework.test.context.ActiveProfiles] and class [pro.abacus.javatutor.repository.AuthorityRepositoryTest]
10:38:42,046 DEBUG org.springframework.core.env.StandardEnvironment:109 - Adding PropertySource 'systemProperties' with lowest search precedence
10:38:42,046 DEBUG org.springframework.core.env.StandardEnvironment:109 - Adding PropertySource 'systemProperties' with lowest search precedence
10:38:42,047 DEBUG org.springframework.core.env.StandardEnvironment:109 - Adding PropertySource 'systemEnvironment' with lowest search precedence
10:38:42,047 DEBUG org.springframework.core.env.StandardEnvironment:109 - Adding PropertySource 'systemEnvironment' with lowest search precedence
10:38:42,049 DEBUG org.springframework.core.env.StandardEnvironment:125 - Initialized StandardEnvironment with PropertySources [MapPropertySource@2007132301 {name='systemProperties', properties={java.runtime.name=Java(TM) SE Runtime Environment, sun.boot.library.path=C:\Program Files\Java\jdk1.8.0_131\jre\bin, java.vm.version=25.131-b11, user.country.format=UA, java.vm.vendor=Oracle Corporation, java.vendor.url=http://java.oracle.com/, path.separator=;, java.vm.name=Java HotSpot(TM) 64-Bit Server VM, file.encoding.pkg=sun.io, user.country=US, user.script=, sun.java.launcher=SUN_STANDARD, sun.os.patch.level=, PID=5372, java.vm.specification.name=Java Virtual Machine Specification, user.dir=E:\java\repos\JavaTutorAPI\javatutor, java.runtime.version=1.8.0_131-b11, basedir=E:\java\repos\JavaTutorAPI\javatutor, java.awt.graphicsenv=sun.awt.Win32GraphicsEnvironment, java.endorsed.dirs=C:\Program Files\Java\jdk1.8.0_131\jre\lib\endorsed, os.arch=amd64, surefire.real.class.path=C:\Users\MARYNA~1\AppData\Local\Temp\surefire1244754544745437156\surefirebooter7935569149334272143.jar, java.io.tmpdir=C:\Users\MARYNA~1\AppData\Local\Temp\, line.separator=
, java.vm.specification.vendor=Oracle Corporation, user.variant=, os.name=Windows 10, sun.jnu.encoding=Cp1252, spring.beaninfo.ignore=true, java.library.path=C:\Program Files\Java\jdk1.8.0_131\jre\bin;C:\WINDOWS\Sun\Java\bin;C:\WINDOWS\system32;C:\WINDOWS;C:\Users\Maryna Savchenko\bin;C:\Program Files\Git\mingw64\bin;C:\Program Files\Git\usr\local\bin;C:\Program Files\Git\usr\bin;C:\Program Files\Git\usr\bin;C:\Program Files\Git\mingw64\bin;C:\Program Files\Git\usr\bin;C:\Users\Maryna Savchenko\bin;C:\Program Files\Docker\Docker\Resources\bin;C:\ProgramData\Oracle\Java\javapath;C:\Program Files (x86)\Intel\TXE Components\TCS;C:\Program Files\Intel\TXE Components\TCS;C:\WINDOWS\system32;C:\WINDOWS;C:\WINDOWS\System32\Wbem;C:\WINDOWS\System32\WindowsPowerShell\v1.0;C:\Program Files\Intel\TXE Components\DAL;C:\Program Files (x86)\Intel\TXE Components\DAL;C:\Program Files\Intel\TXE Components\IPT;C:\Program Files (x86)\Intel\TXE Components\IPT;E:\java\apache-maven-3.5.0-bin\apache-maven-3.5.0\bin;C:\Program Files\Git\cmd;C:\Program Files\Java\jdk1.8.0_131\bin;C:\Program Files\MySQL\MySQL Utilities 1.6;C:\Program Files (x86)\bin;C:\Program Files (x86)\sbt\bin;C:\Program Files (x86)\Yarn\bin;C:\ProgramData\chocolatey\bin;C:\Program Files\nodejs;C:\Users\Maryna Savchenko\AppData\Local\Microsoft\WindowsApps;E:\java\spark-2.2.0-bin-hadoop2.7\bin;C:\Program Files\Java\jdk1.8.0_131\bin;C:\Program Files (x86)\sbt\bin;C:\winutils\bin;C:\Program Files\Docker Toolbox;C:\Users\Maryna Savchenko\AppData\Local\Yarn\bin;C:\Users\Maryna Savchenko\AppData\Roaming\npm;C:\Program Files\Git\usr\bin\vendor_perl;C:\Program Files\Git\usr\bin\core_perl;., surefire.test.class.path=E:\java\repos\JavaTutorAPI\javatutor\target\test-classes;E:\java\repos\JavaTutorAPI\javatutor\target\classes;C:\Users\Maryna Savchenko\.m2\repository\org\springframework\boot\spring-boot-starter-web\2.0.2.RELEASE\spring-boot-starter-web-2.0.2.RELEASE.jar;C:\Users\Maryna Savchenko\.m2\repository\org\springframework\boot\spring-boot-starter\2.0.2.RELEASE\spring-boot-starter-2.0.2.RELEASE.jar;C:\Users\Maryna Savchenko\.m2\repository\javax\annotation\javax.annotation-api\1.3.2\javax.annotation-api-1.3.2.jar;C:\Users\Maryna Savchenko\.m2\repository\org\yaml\snakeyaml\1.19\snakeyaml-1.19.jar;C:\Users\Maryna Savchenko\.m2\repository\org\springframework\boot\spring-boot-starter-json\2.0.2.RELEASE\spring-boot-starter-json-2.0.2.RELEASE.jar;C:\Users\Maryna Savchenko\.m2\repository\com\fasterxml\jackson\core\jackson-databind\2.9.5\jackson-databind-2.9.5.jar;C:\Users\Maryna Savchenko\.m2\repository\com\fasterxml\jackson\core\jackson-annotations\2.9.0\jackson-annotations-2.9.0.jar;C:\Users\Maryna Savchenko\.m2\repository\com\fasterxml\jackson\core\jackson-core\2.9.5\jackson-core-2.9.5.jar;C:\Users\Maryna Savchenko\.m2\repository\com\fasterxml\jackson\datatype\jackson-datatype-jdk8\2.9.5\jackson-datatype-jdk8-2.9.5.jar;C:\Users\Maryna Savchenko\.m2\repository\com\fasterxml\jackson\datatype\jackson-datatype-jsr310\2.9.5\jackson-datatype-jsr310-2.9.5.jar;C:\Users\Maryna Savchenko\.m2\repository\com\fasterxml\jackson\module\jackson-module-parameter-names\2.9.5\jackson-module-parameter-names-2.9.5.jar;C:\Users\Maryna Savchenko\.m2\repository\org\springframework\boot\spring-boot-starter-tomcat\2.0.2.RELEASE\spring-boot-starter-tomcat-2.0.2.RELEASE.jar;C:\Users\Maryna Savchenko\.m2\repository\org\apache\tomcat\embed\tomcat-embed-websocket\8.5.31\tomcat-embed-websocket-8.5.31.jar;C:\Users\Maryna Savchenko\.m2\repository\org\hibernate\validator\hibernate-validator\6.0.9.Final\hibernate-validator-6.0.9.Final.jar;C:\Users\Maryna Savchenko\.m2\repository\javax\validation\validation-api\2.0.1.Final\validation-api-2.0.1.Final.jar;C:\Users\Maryna Savchenko\.m2\repository\org\jboss\logging\jboss-logging\3.3.2.Final\jboss-logging-3.3.2.Final.jar;C:\Users\Maryna Savchenko\.m2\repository\com\fasterxml\classmate\1.3.4\classmate-1.3.4.jar;C:\Users\Maryna Savchenko\.m2\repository\org\springframework\spring-web\5.0.6.RELEASE\spring-web-5.0.6.RELEASE.jar;C:\Users\Maryna Savchenko\.m2\repository\org\springframework\spring-beans\5.0.6.RELEASE\spring-beans-5.0.6.RELEASE.jar;C:\Users\Maryna Savchenko\.m2\repository\org\springframework\spring-webmvc\5.0.6.RELEASE\spring-webmvc-5.0.6.RELEASE.jar;C:\Users\Maryna Savchenko\.m2\repository\org\springframework\spring-context\5.0.6.RELEASE\spring-context-5.0.6.RELEASE.jar;C:\Users\Maryna Savchenko\.m2\repository\org\springframework\spring-expression\5.0.6.RELEASE\spring-expression-5.0.6.RELEASE.jar;C:\Users\Maryna Savchenko\.m2\repository\org\slf4j\jcl-over-slf4j\1.7.25\jcl-over-slf4j-1.7.25.jar;C:\Users\Maryna Savchenko\.m2\repository\org\slf4j\slf4j-api\1.7.25\slf4j-api-1.7.25.jar;C:\Users\Maryna Savchenko\.m2\repository\org\slf4j\jul-to-slf4j\1.7.25\jul-to-slf4j-1.7.25.jar;C:\Users\Maryna Savchenko\.m2\repository\org\slf4j\slf4j-log4j12\1.7.25\slf4j-log4j12-1.7.25.jar;C:\Users\Maryna Savchenko\.m2\repository\log4j\log4j\1.2.17\log4j-1.2.17.jar;C:\Users\Maryna Savchenko\.m2\repository\org\springframework\boot\spring-boot-starter-data-mongodb\2.0.2.RELEASE\spring-boot-starter-data-mongodb-2.0.2.RELEASE.jar;C:\Users\Maryna Savchenko\.m2\repository\org\mongodb\mongodb-driver\3.6.0\mongodb-driver-3.6.0.jar;C:\Users\Maryna Savchenko\.m2\repository\org\mongodb\bson\3.6.0\bson-3.6.0.jar;C:\Users\Maryna Savchenko\.m2\repository\org\mongodb\mongodb-driver-core\3.6.0\mongodb-driver-core-3.6.0.jar;C:\Users\Maryna Savchenko\.m2\repository\org\springframework\data\spring-data-mongodb\2.0.7.RELEASE\spring-data-mongodb-2.0.7.RELEASE.jar;C:\Users\Maryna Savchenko\.m2\repository\org\springframework\spring-tx\5.0.6.RELEASE\spring-tx-5.0.6.RELEASE.jar;C:\Users\Maryna Savchenko\.m2\repository\org\springframework\data\spring-data-commons\2.0.7.RELEASE\spring-data-commons-2.0.7.RELEASE.jar;C:\Users\Maryna Savchenko\.m2\repository\org\springframework\boot\spring-boot-starter-actuator\2.0.2.RELEASE\spring-boot-starter-actuator-2.0.2.RELEASE.jar;C:\Users\Maryna Savchenko\.m2\repository\org\springframework\boot\spring-boot-actuator-autoconfigure\2.0.2.RELEASE\spring-boot-actuator-autoconfigure-2.0.2.RELEASE.jar;C:\Users\Maryna Savchenko\.m2\repository\org\springframework\boot\spring-boot-actuator\2.0.2.RELEASE\spring-boot-actuator-2.0.2.RELEASE.jar;C:\Users\Maryna Savchenko\.m2\repository\io\micrometer\micrometer-core\1.0.4\micrometer-core-1.0.4.jar;C:\Users\Maryna Savchenko\.m2\repository\org\hdrhistogram\HdrHistogram\2.1.10\HdrHistogram-2.1.10.jar;C:\Users\Maryna Savchenko\.m2\repository\org\latencyutils\LatencyUtils\2.0.3\LatencyUtils-2.0.3.jar;C:\Users\Maryna Savchenko\.m2\repository\org\springframework\boot\spring-boot-starter-security\2.0.2.RELEASE\spring-boot-starter-security-2.0.2.RELEASE.jar;C:\Users\Maryna Savchenko\.m2\repository\org\springframework\spring-aop\5.0.6.RELEASE\spring-aop-5.0.6.RELEASE.jar;C:\Users\Maryna Savchenko\.m2\repository\org\springframework\security\spring-security-config\5.0.5.RELEASE\spring-security-config-5.0.5.RELEASE.jar;C:\Users\Maryna Savchenko\.m2\repository\org\springframework\security\spring-security-web\5.0.5.RELEASE\spring-security-web-5.0.5.RELEASE.jar;C:\Users\Maryna Savchenko\.m2\repository\org\springframework\security\spring-security-test\5.0.5.RELEASE\spring-security-test-5.0.5.RELEASE.jar;C:\Users\Maryna Savchenko\.m2\repository\org\springframework\security\spring-security-core\5.0.5.RELEASE\spring-security-core-5.0.5.RELEASE.jar;C:\Users\Maryna Savchenko\.m2\repository\org\springframework\spring-core\5.0.6.RELEASE\spring-core-5.0.6.RELEASE.jar;C:\Users\Maryna Savchenko\.m2\repository\org\springframework\spring-jcl\5.0.6.RELEASE\spring-jcl-5.0.6.RELEASE.jar;C:\Users\Maryna Savchenko\.m2\repository\org\springframework\spring-test\5.0.6.RELEASE\spring-test-5.0.6.RELEASE.jar;C:\Users\Maryna Savchenko\.m2\repository\org\springframework\boot\spring-boot-devtools\2.0.2.RELEASE\spring-boot-devtools-2.0.2.RELEASE.jar;C:\Users\Maryna Savchenko\.m2\repository\org\springframework\boot\spring-boot\2.0.2.RELEASE\spring-boot-2.0.2.RELEASE.jar;C:\Users\Maryna Savchenko\.m2\repository\org\springframework\boot\spring-boot-autoconfigure\2.0.2.RELEASE\spring-boot-autoconfigure-2.0.2.RELEASE.jar;C:\Users\Maryna Savchenko\.m2\repository\org\springframework\boot\spring-boot-starter-test\2.0.2.RELEASE\spring-boot-starter-test-2.0.2.RELEASE.jar;C:\Users\Maryna Savchenko\.m2\repository\org\springframework\boot\spring-boot-test\2.0.2.RELEASE\spring-boot-test-2.0.2.RELEASE.jar;C:\Users\Maryna Savchenko\.m2\repository\org\springframework\boot\spring-boot-test-autoconfigure\2.0.2.RELEASE\spring-boot-test-autoconfigure-2.0.2.RELEASE.jar;C:\Users\Maryna Savchenko\.m2\repository\com\jayway\jsonpath\json-path\2.4.0\json-path-2.4.0.jar;C:\Users\Maryna Savchenko\.m2\repository\net\minidev\json-smart\2.3\json-smart-2.3.jar;C:\Users\Maryna Savchenko\.m2\repository\net\minidev\accessors-smart\1.2\accessors-smart-1.2.jar;C:\Users\Maryna Savchenko\.m2\repository\org\ow2\asm\asm\5.0.4\asm-5.0.4.jar;C:\Users\Maryna Savchenko\.m2\repository\org\assertj\assertj-core\3.9.1\assertj-core-3.9.1.jar;C:\Users\Maryna Savchenko\.m2\repository\org\mockito\mockito-core\2.15.0\mockito-core-2.15.0.jar;C:\Users\Maryna Savchenko\.m2\repository\net\bytebuddy\byte-buddy\1.7.11\byte-buddy-1.7.11.jar;C:\Users\Maryna Savchenko\.m2\repository\net\bytebuddy\byte-buddy-agent\1.7.11\byte-buddy-agent-1.7.11.jar;C:\Users\Maryna Savchenko\.m2\repository\org\objenesis\objenesis\2.6\objenesis-2.6.jar;C:\Users\Maryna Savchenko\.m2\repository\org\hamcrest\hamcrest-core\1.3\hamcrest-core-1.3.jar;C:\Users\Maryna Savchenko\.m2\repository\org\hamcrest\hamcrest-library\1.3\hamcrest-library-1.3.jar;C:\Users\Maryna Savchenko\.m2\repository\org\skyscreamer\jsonassert\1.5.0\jsonassert-1.5.0.jar;C:\Users\Maryna Savchenko\.m2\repository\com\vaadin\external\google\android-json\0.0.20131108.vaadin1\android-json-0.0.20131108.vaadin1.jar;C:\Users\Maryna Savchenko\.m2\repository\org\xmlunit\xmlunit-core\2.5.1\xmlunit-core-2.5.1.jar;C:\Users\Maryna Savchenko\.m2\repository\pl\pragmatists\JUnitParams\1.1.1\JUnitParams-1.1.1.jar;C:\Users\Maryna Savchenko\.m2\repository\org\apache\tomcat\embed\tomcat-embed-jasper\8.5.31\tomcat-embed-jasper-8.5.31.jar;C:\Users\Maryna Savchenko\.m2\repository\org\apache\tomcat\embed\tomcat-embed-core\8.5.31\tomcat-embed-core-8.5.31.jar;C:\Users\Maryna Savchenko\.m2\repository\org\apache\tomcat\tomcat-annotations-api\8.5.31\tomcat-annotations-api-8.5.31.jar;C:\Users\Maryna Savchenko\.m2\repository\org\apache\tomcat\embed\tomcat-embed-el\8.5.31\tomcat-embed-el-8.5.31.jar;C:\Users\Maryna Savchenko\.m2\repository\org\eclipse\jdt\ecj\3.12.3\ecj-3.12.3.jar;C:\Users\Maryna Savchenko\.m2\repository\junit\junit\4.12\junit-4.12.jar;C:\Users\Maryna Savchenko\.m2\repository\org\projectlombok\lombok\1.16.20\lombok-1.16.20.jar;C:\Users\Maryna Savchenko\.m2\repository\org\projectlombok\lombok-maven-plugin\1.16.20.0\lombok-maven-plugin-1.16.20.0.jar;C:\Users\Maryna Savchenko\.m2\repository\org\apache\commons\commons-lang3\3.7\commons-lang3-3.7.jar;C:\Users\Maryna Savchenko\.m2\repository\org\sonatype\plexus\plexus-build-api\0.0.7\plexus-build-api-0.0.7.jar;C:\Users\Maryna Savchenko\.m2\repository\org\codehaus\plexus\plexus-utils\1.5.8\plexus-utils-1.5.8.jar;, java.specification.name=Java Platform API Specification, java.class.version=52.0, sun.management.compiler=HotSpot 64-Bit Tiered Compilers, os.version=10.0, user.home=C:\Users\Maryna Savchenko, user.timezone=Europe/Belgrade, java.awt.printerjob=sun.awt.windows.WPrinterJob, file.encoding=Cp1252, java.specification.version=1.8, java.class.path=E:\java\repos\JavaTutorAPI\javatutor\target\test-classes;E:\java\repos\JavaTutorAPI\javatutor\target\classes;C:\Users\Maryna Savchenko\.m2\repository\org\springframework\boot\spring-boot-starter-web\2.0.2.RELEASE\spring-boot-starter-web-2.0.2.RELEASE.jar;C:\Users\Maryna Savchenko\.m2\repository\org\springframework\boot\spring-boot-starter\2.0.2.RELEASE\spring-boot-starter-2.0.2.RELEASE.jar;C:\Users\Maryna Savchenko\.m2\repository\javax\annotation\javax.annotation-api\1.3.2\javax.annotation-api-1.3.2.jar;C:\Users\Maryna Savchenko\.m2\repository\org\yaml\snakeyaml\1.19\snakeyaml-1.19.jar;C:\Users\Maryna Savchenko\.m2\repository\org\springframework\boot\spring-boot-starter-json\2.0.2.RELEASE\spring-boot-starter-json-2.0.2.RELEASE.jar;C:\Users\Maryna Savchenko\.m2\repository\com\fasterxml\jackson\core\jackson-databind\2.9.5\jackson-databind-2.9.5.jar;C:\Users\Maryna Savchenko\.m2\repository\com\fasterxml\jackson\core\jackson-annotations\2.9.0\jackson-annotations-2.9.0.jar;C:\Users\Maryna Savchenko\.m2\repository\com\fasterxml\jackson\core\jackson-core\2.9.5\jackson-core-2.9.5.jar;C:\Users\Maryna Savchenko\.m2\repository\com\fasterxml\jackson\datatype\jackson-datatype-jdk8\2.9.5\jackson-datatype-jdk8-2.9.5.jar;C:\Users\Maryna Savchenko\.m2\repository\com\fasterxml\jackson\datatype\jackson-datatype-jsr310\2.9.5\jackson-datatype-jsr310-2.9.5.jar;C:\Users\Maryna Savchenko\.m2\repository\com\fasterxml\jackson\module\jackson-module-parameter-names\2.9.5\jackson-module-parameter-names-2.9.5.jar;C:\Users\Maryna Savchenko\.m2\repository\org\springframework\boot\spring-boot-starter-tomcat\2.0.2.RELEASE\spring-boot-starter-tomcat-2.0.2.RELEASE.jar;C:\Users\Maryna Savchenko\.m2\repository\org\apache\tomcat\embed\tomcat-embed-websocket\8.5.31\tomcat-embed-websocket-8.5.31.jar;C:\Users\Maryna Savchenko\.m2\repository\org\hibernate\validator\hibernate-validator\6.0.9.Final\hibernate-validator-6.0.9.Final.jar;C:\Users\Maryna Savchenko\.m2\repository\javax\validation\validation-api\2.0.1.Final\validation-api-2.0.1.Final.jar;C:\Users\Maryna Savchenko\.m2\repository\org\jboss\logging\jboss-logging\3.3.2.Final\jboss-logging-3.3.2.Final.jar;C:\Users\Maryna Savchenko\.m2\repository\com\fasterxml\classmate\1.3.4\classmate-1.3.4.jar;C:\Users\Maryna Savchenko\.m2\repository\org\springframework\spring-web\5.0.6.RELEASE\spring-web-5.0.6.RELEASE.jar;C:\Users\Maryna Savchenko\.m2\repository\org\springframework\spring-beans\5.0.6.RELEASE\spring-beans-5.0.6.RELEASE.jar;C:\Users\Maryna Savchenko\.m2\repository\org\springframework\spring-webmvc\5.0.6.RELEASE\spring-webmvc-5.0.6.RELEASE.jar;C:\Users\Maryna Savchenko\.m2\repository\org\springframework\spring-context\5.0.6.RELEASE\spring-context-5.0.6.RELEASE.jar;C:\Users\Maryna Savchenko\.m2\repository\org\springframework\spring-expression\5.0.6.RELEASE\spring-expression-5.0.6.RELEASE.jar;C:\Users\Maryna Savchenko\.m2\repository\org\slf4j\jcl-over-slf4j\1.7.25\jcl-over-slf4j-1.7.25.jar;C:\Users\Maryna Savchenko\.m2\repository\org\slf4j\slf4j-api\1.7.25\slf4j-api-1.7.25.jar;C:\Users\Maryna Savchenko\.m2\repository\org\slf4j\jul-to-slf4j\1.7.25\jul-to-slf4j-1.7.25.jar;C:\Users\Maryna Savchenko\.m2\repository\org\slf4j\slf4j-log4j12\1.7.25\slf4j-log4j12-1.7.25.jar;C:\Users\Maryna Savchenko\.m2\repository\log4j\log4j\1.2.17\log4j-1.2.17.jar;C:\Users\Maryna Savchenko\.m2\repository\org\springframework\boot\spring-boot-starter-data-mongodb\2.0.2.RELEASE\spring-boot-starter-data-mongodb-2.0.2.RELEASE.jar;C:\Users\Maryna Savchenko\.m2\repository\org\mongodb\mongodb-driver\3.6.0\mongodb-driver-3.6.0.jar;C:\Users\Maryna Savchenko\.m2\repository\org\mongodb\bson\3.6.0\bson-3.6.0.jar;C:\Users\Maryna Savchenko\.m2\repository\org\mongodb\mongodb-driver-core\3.6.0\mongodb-driver-core-3.6.0.jar;C:\Users\Maryna Savchenko\.m2\repository\org\springframework\data\spring-data-mongodb\2.0.7.RELEASE\spring-data-mongodb-2.0.7.RELEASE.jar;C:\Users\Maryna Savchenko\.m2\repository\org\springframework\spring-tx\5.0.6.RELEASE\spring-tx-5.0.6.RELEASE.jar;C:\Users\Maryna Savchenko\.m2\repository\org\springframework\data\spring-data-commons\2.0.7.RELEASE\spring-data-commons-2.0.7.RELEASE.jar;C:\Users\Maryna Savchenko\.m2\repository\org\springframework\boot\spring-boot-starter-actuator\2.0.2.RELEASE\spring-boot-starter-actuator-2.0.2.RELEASE.jar;C:\Users\Maryna Savchenko\.m2\repository\org\springframework\boot\spring-boot-actuator-autoconfigure\2.0.2.RELEASE\spring-boot-actuator-autoconfigure-2.0.2.RELEASE.jar;C:\Users\Maryna Savchenko\.m2\repository\org\springframework\boot\spring-boot-actuator\2.0.2.RELEASE\spring-boot-actuator-2.0.2.RELEASE.jar;C:\Users\Maryna Savchenko\.m2\repository\io\micrometer\micrometer-core\1.0.4\micrometer-core-1.0.4.jar;C:\Users\Maryna Savchenko\.m2\repository\org\hdrhistogram\HdrHistogram\2.1.10\HdrHistogram-2.1.10.jar;C:\Users\Maryna Savchenko\.m2\repository\org\latencyutils\LatencyUtils\2.0.3\LatencyUtils-2.0.3.jar;C:\Users\Maryna Savchenko\.m2\repository\org\springframework\boot\spring-boot-starter-security\2.0.2.RELEASE\spring-boot-starter-security-2.0.2.RELEASE.jar;C:\Users\Maryna Savchenko\.m2\repository\org\springframework\spring-aop\5.0.6.RELEASE\spring-aop-5.0.6.RELEASE.jar;C:\Users\Maryna Savchenko\.m2\repository\org\springframework\security\spring-security-config\5.0.5.RELEASE\spring-security-config-5.0.5.RELEASE.jar;C:\Users\Maryna Savchenko\.m2\repository\org\springframework\security\spring-security-web\5.0.5.RELEASE\spring-security-web-5.0.5.RELEASE.jar;C:\Users\Maryna Savchenko\.m2\repository\org\springframework\security\spring-security-test\5.0.5.RELEASE\spring-security-test-5.0.5.RELEASE.jar;C:\Users\Maryna Savchenko\.m2\repository\org\springframework\security\spring-security-core\5.0.5.RELEASE\spring-security-core-5.0.5.RELEASE.jar;C:\Users\Maryna Savchenko\.m2\repository\org\springframework\spring-core\5.0.6.RELEASE\spring-core-5.0.6.RELEASE.jar;C:\Users\Maryna Savchenko\.m2\repository\org\springframework\spring-jcl\5.0.6.RELEASE\spring-jcl-5.0.6.RELEASE.jar;C:\Users\Maryna Savchenko\.m2\repository\org\springframework\spring-test\5.0.6.RELEASE\spring-test-5.0.6.RELEASE.jar;C:\Users\Maryna Savchenko\.m2\repository\org\springframework\boot\spring-boot-devtools\2.0.2.RELEASE\spring-boot-devtools-2.0.2.RELEASE.jar;C:\Users\Maryna Savchenko\.m2\repository\org\springframework\boot\spring-boot\2.0.2.RELEASE\spring-boot-2.0.2.RELEASE.jar;C:\Users\Maryna Savchenko\.m2\repository\org\springframework\boot\spring-boot-autoconfigure\2.0.2.RELEASE\spring-boot-autoconfigure-2.0.2.RELEASE.jar;C:\Users\Maryna Savchenko\.m2\repository\org\springframework\boot\spring-boot-starter-test\2.0.2.RELEASE\spring-boot-starter-test-2.0.2.RELEASE.jar;C:\Users\Maryna Savchenko\.m2\repository\org\springframework\boot\spring-boot-test\2.0.2.RELEASE\spring-boot-test-2.0.2.RELEASE.jar;C:\Users\Maryna Savchenko\.m2\repository\org\springframework\boot\spring-boot-test-autoconfigure\2.0.2.RELEASE\spring-boot-test-autoconfigure-2.0.2.RELEASE.jar;C:\Users\Maryna Savchenko\.m2\repository\com\jayway\jsonpath\json-path\2.4.0\json-path-2.4.0.jar;C:\Users\Maryna Savchenko\.m2\repository\net\minidev\json-smart\2.3\json-smart-2.3.jar;C:\Users\Maryna Savchenko\.m2\repository\net\minidev\accessors-smart\1.2\accessors-smart-1.2.jar;C:\Users\Maryna Savchenko\.m2\repository\org\ow2\asm\asm\5.0.4\asm-5.0.4.jar;C:\Users\Maryna Savchenko\.m2\repository\org\assertj\assertj-core\3.9.1\assertj-core-3.9.1.jar;C:\Users\Maryna Savchenko\.m2\repository\org\mockito\mockito-core\2.15.0\mockito-core-2.15.0.jar;C:\Users\Maryna Savchenko\.m2\repository\net\bytebuddy\byte-buddy\1.7.11\byte-buddy-1.7.11.jar;C:\Users\Maryna Savchenko\.m2\repository\net\bytebuddy\byte-buddy-agent\1.7.11\byte-buddy-agent-1.7.11.jar;C:\Users\Maryna Savchenko\.m2\repository\org\objenesis\objenesis\2.6\objenesis-2.6.jar;C:\Users\Maryna Savchenko\.m2\repository\org\hamcrest\hamcrest-core\1.3\hamcrest-core-1.3.jar;C:\Users\Maryna Savchenko\.m2\repository\org\hamcrest\hamcrest-library\1.3\hamcrest-library-1.3.jar;C:\Users\Maryna Savchenko\.m2\repository\org\skyscreamer\jsonassert\1.5.0\jsonassert-1.5.0.jar;C:\Users\Maryna Savchenko\.m2\repository\com\vaadin\external\google\android-json\0.0.20131108.vaadin1\android-json-0.0.20131108.vaadin1.jar;C:\Users\Maryna Savchenko\.m2\repository\org\xmlunit\xmlunit-core\2.5.1\xmlunit-core-2.5.1.jar;C:\Users\Maryna Savchenko\.m2\repository\pl\pragmatists\JUnitParams\1.1.1\JUnitParams-1.1.1.jar;C:\Users\Maryna Savchenko\.m2\repository\org\apache\tomcat\embed\tomcat-embed-jasper\8.5.31\tomcat-embed-jasper-8.5.31.jar;C:\Users\Maryna Savchenko\.m2\repository\org\apache\tomcat\embed\tomcat-embed-core\8.5.31\tomcat-embed-core-8.5.31.jar;C:\Users\Maryna Savchenko\.m2\repository\org\apache\tomcat\tomcat-annotations-api\8.5.31\tomcat-annotations-api-8.5.31.jar;C:\Users\Maryna Savchenko\.m2\repository\org\apache\tomcat\embed\tomcat-embed-el\8.5.31\tomcat-embed-el-8.5.31.jar;C:\Users\Maryna Savchenko\.m2\repository\org\eclipse\jdt\ecj\3.12.3\ecj-3.12.3.jar;C:\Users\Maryna Savchenko\.m2\repository\junit\junit\4.12\junit-4.12.jar;C:\Users\Maryna Savchenko\.m2\repository\org\projectlombok\lombok\1.16.20\lombok-1.16.20.jar;C:\Users\Maryna Savchenko\.m2\repository\org\projectlombok\lombok-maven-plugin\1.16.20.0\lombok-maven-plugin-1.16.20.0.jar;C:\Users\Maryna Savchenko\.m2\repository\org\apache\commons\commons-lang3\3.7\commons-lang3-3.7.jar;C:\Users\Maryna Savchenko\.m2\repository\org\sonatype\plexus\plexus-build-api\0.0.7\plexus-build-api-0.0.7.jar;C:\Users\Maryna Savchenko\.m2\repository\org\codehaus\plexus\plexus-utils\1.5.8\plexus-utils-1.5.8.jar;, user.name=Maryna Savchenko, java.vm.specification.version=1.8, sun.java.command=C:\Users\MARYNA~1\AppData\Local\Temp\surefire1244754544745437156\surefirebooter7935569149334272143.jar C:\Users\Maryna Savchenko\AppData\Local\Temp\surefire1244754544745437156 2018-10-11T10-37-06_854-jvmRun1 surefire6084229711424990350tmp surefire_01445494788152468973tmp, java.home=C:\Program Files\Java\jdk1.8.0_131\jre, sun.arch.data.model=64, user.language=en, java.specification.vendor=Oracle Corporation, user.language.format=uk, awt.toolkit=sun.awt.windows.WToolkit, java.vm.info=mixed mode, java.version=1.8.0_131, java.ext.dirs=C:\Program Files\Java\jdk1.8.0_131\jre\lib\ext;C:\WINDOWS\Sun\Java\lib\ext, sun.boot.class.path=C:\Program Files\Java\jdk1.8.0_131\jre\lib\resources.jar;C:\Program Files\Java\jdk1.8.0_131\jre\lib\rt.jar;C:\Program Files\Java\jdk1.8.0_131\jre\lib\sunrsasign.jar;C:\Program Files\Java\jdk1.8.0_131\jre\lib\jsse.jar;C:\Program Files\Java\jdk1.8.0_131\jre\lib\jce.jar;C:\Program Files\Java\jdk1.8.0_131\jre\lib\charsets.jar;C:\Program Files\Java\jdk1.8.0_131\jre\lib\jfr.jar;C:\Program Files\Java\jdk1.8.0_131\jre\classes, java.awt.headless=true, java.vendor=Oracle Corporation, localRepository=C:\Users\Maryna Savchenko\.m2\repository, file.separator=\, java.vendor.url.bug=http://bugreport.sun.com/bugreport/, sun.io.unicode.encoding=UnicodeLittle, sun.cpu.endian=little, sun.desktop=windows, sun.cpu.isalist=amd64}}, SystemEnvironmentPropertySource@2009502388 {name='systemEnvironment', properties={PATH=C:\Users\Maryna Savchenko\bin;C:\Program Files\Git\mingw64\bin;C:\Program Files\Git\usr\local\bin;C:\Program Files\Git\usr\bin;C:\Program Files\Git\usr\bin;C:\Program Files\Git\mingw64\bin;C:\Program Files\Git\usr\bin;C:\Users\Maryna Savchenko\bin;C:\Program Files\Docker\Docker\Resources\bin;C:\ProgramData\Oracle\Java\javapath;C:\Program Files (x86)\Intel\TXE Components\TCS;C:\Program Files\Intel\TXE Components\TCS;C:\WINDOWS\system32;C:\WINDOWS;C:\WINDOWS\System32\Wbem;C:\WINDOWS\System32\WindowsPowerShell\v1.0;C:\Program Files\Intel\TXE Components\DAL;C:\Program Files (x86)\Intel\TXE Components\DAL;C:\Program Files\Intel\TXE Components\IPT;C:\Program Files (x86)\Intel\TXE Components\IPT;E:\java\apache-maven-3.5.0-bin\apache-maven-3.5.0\bin;C:\Program Files\Git\cmd;C:\Program Files\Java\jdk1.8.0_131\bin;C:\Program Files\MySQL\MySQL Utilities 1.6;C:\Program Files (x86)\bin;C:\Program Files (x86)\sbt\bin;C:\Program Files (x86)\Yarn\bin;C:\ProgramData\chocolatey\bin;C:\Program Files\nodejs;C:\Users\Maryna Savchenko\AppData\Local\Microsoft\WindowsApps;E:\java\spark-2.2.0-bin-hadoop2.7\bin;C:\Program Files\Java\jdk1.8.0_131\bin;C:\Program Files (x86)\sbt\bin;C:\winutils\bin;C:\Program Files\Docker Toolbox;C:\Users\Maryna Savchenko\AppData\Local\Yarn\bin;C:\Users\Maryna Savchenko\AppData\Roaming\npm;C:\Program Files\Git\usr\bin\vendor_perl;C:\Program Files\Git\usr\bin\core_perl, USERDOMAIN_ROAMINGPROFILE=BigBrother, PKG_CONFIG_PATH=C:\Program Files\Git\mingw64\lib\pkgconfig;C:\Program Files\Git\mingw64\share\pkgconfig, MSYSTEM_PREFIX=C:/Program Files/Git/mingw64, PROCESSOR_LEVEL=6, SYSTEMDRIVE=C:, CONFIG_SITE=C:/Program Files/Git/mingw64/etc/config.site, FP_NO_HOST_CHECK=NO, POSTGIS_GDAL_ENABLED_DRIVERS=GTiff PNG JPEG GIF XYZ DTED USGSDEM AAIGrid, SESSIONNAME=Console, ALLUSERSPROFILE=C:\ProgramData, GDAL_DATA=C:\Program Files\PostgreSQL\9.6\gdal-data, PROCESSOR_ARCHITECTURE=AMD64, MSYSTEM_CHOST=x86_64-w64-mingw32, =E:=E:\java\repos\JavaTutorAPI\javatutor, ORIGINAL_TEMP=C:/Users/MARYNA~1/AppData/Local/Temp, PROGRAMFILES=C:\Program Files, POSTGIS_ENABLE_OUTDB_RASTERS=1, PSMODULEPATH=C:\WINDOWS\system32\WindowsPowerShell\v1.0\Modules\, PROGRAMDATA=C:\ProgramData, CHOCOLATEYLASTPATHUPDATE=?? ??? 24 11:36:27 2018, USERNAME=Maryna Savchenko, PWD=E:/java/repos/JavaTutorAPI/javatutor, INFOPATH=C:\Program Files\Git\usr\local\info;C:\Program Files\Git\usr\share\info;C:\Program Files\Git\usr\info;C:\Program Files\Git\share\info, FPS_BROWSER_USER_PROFILE_STRING=Default, ONEDRIVE=C:\Users\Maryna Savchenko\OneDrive, PATHEXT=.COM;.EXE;.BAT;.CMD;.VBS;.VBE;.JS;.JSE;.WSF;.WSH;.MSC, SHELL=C:\Program Files\Git\usr\bin\bash.exe, ORIGINAL_TMP=C:/Users/MARYNA~1/AppData/Local/Temp, OLDPWD=E:/java/repos/JavaTutorAPI/javatutor, TMPDIR=C:\Users\MARYNA~1\AppData\Local\Temp, WINDIR=C:\WINDOWS, SSH_ASKPASS=C:/Program Files/Git/mingw64/libexec/git-core/git-gui--askpass, HOMEPATH=\Users\Maryna Savchenko, PROCESSOR_IDENTIFIER=Intel64 Family 6 Model 76 Stepping 3, GenuineIntel, HADOOP_HOME=C:\winutils, M2_HOME=E:\java\apache-maven-3.5.0-bin\apache-maven-3.5.0, PUBLIC=C:\Users\Public, MINGW_CHOST=x86_64-w64-mingw32, =::=::\, EXEPATH=C:\Program Files\Git, SHLVL=1, LOCALAPPDATA=C:\Users\Maryna Savchenko\AppData\Local, ORIGINAL_PATH=C:\Program Files\Git\mingw64\bin;C:\Program Files\Git\usr\bin;C:\Users\Maryna Savchenko\bin;C:\Program Files\Docker\Docker\Resources\bin;C:\ProgramData\Oracle\Java\javapath;C:\Program Files (x86)\Intel\TXE Components\TCS;C:\Program Files\Intel\TXE Components\TCS;C:\WINDOWS\system32;C:\WINDOWS;C:\WINDOWS\System32\Wbem;C:\WINDOWS\System32\WindowsPowerShell\v1.0;C:\Program Files\Intel\TXE Components\DAL;C:\Program Files (x86)\Intel\TXE Components\DAL;C:\Program Files\Intel\TXE Components\IPT;C:\Program Files (x86)\Intel\TXE Components\IPT;E:\java\apache-maven-3.5.0-bin\apache-maven-3.5.0\bin;C:\Program Files\Git\cmd;C:\Program Files\Java\jdk1.8.0_131\bin;C:\Program Files\MySQL\MySQL Utilities 1.6;C:\Program Files (x86)\bin;C:\Program Files (x86)\sbt\bin;C:\Program Files (x86)\Yarn\bin;C:\ProgramData\chocolatey\bin;C:\Program Files\nodejs;C:\Users\Maryna Savchenko\AppData\Local\Microsoft\WindowsApps;E:\java\spark-2.2.0-bin-hadoop2.7\bin;C:\Program Files\Java\jdk1.8.0_131\bin;C:\Program Files (x86)\sbt\bin;C:\winutils\bin;C:\Program Files\Docker Toolbox;C:\Users\Maryna Savchenko\AppData\Local\Yarn\bin;C:\Users\Maryna Savchenko\AppData\Roaming\npm, MANPATH=C:\Program Files\Git\mingw64\share\man;C:\Program Files\Git\usr\local\man;C:\Program Files\Git\usr\share\man;C:\Program Files\Git\usr\man;C:\Program Files\Git\share\man, COMMONPROGRAMFILES(X86)=C:\Program Files (x86)\Common Files, MINGW_PACKAGE_PREFIX=mingw-w64-x86_64, USERDOMAIN=BigBrother, FPS_BROWSER_APP_PROFILE_STRING=Internet Explorer, LOGONSERVER=\\BIGBROTHER, JAVA_HOME=C:/Program Files/Java/jdk1.8.0_131, PLINK_PROTOCOL=ssh, PROMPT=$P$G, PROGRAMFILES(X86)=C:\Program Files (x86), TERM=xterm, LANG=en_US.UTF-8, MINGW_PREFIX=C:/Program Files/Git/mingw64, DISPLAY=needs-to-be-defined, MSYSTEM=MINGW64, APPDATA=C:\Users\Maryna Savchenko\AppData\Roaming, SPARK_HOME=E:\java\spark-2.2.0-bin-hadoop2.7, PROGRAMW6432=C:\Program Files, SYSTEMROOT=C:\WINDOWS, CHOCOLATEYINSTALL=C:\ProgramData\chocolatey, MAVEN_CMD_LINE_ARGS= test, SCALA_HOME=C:\Program Files (x86)\sbt, VBOX_MSI_INSTALL_PATH=C:\Program Files\Oracle\VirtualBox\, OS=Windows_NT, COMMONPROGRAMW6432=C:\Program Files\Common Files, COMPUTERNAME=BIGBROTHER, COMMONPROGRAMFILES=C:\Program Files\Common Files, COMSPEC=C:\WINDOWS\system32\cmd.exe, SBT_HOME=C:\Program Files (x86)\sbt\, MAVEN_PROJECTBASEDIR=E:/java/repos/JavaTutorAPI/javatutor, PROCESSOR_REVISION=4c03, ACLOCAL_PATH=C:\Program Files\Git\mingw64\share\aclocal;C:\Program Files\Git\usr\share\aclocal, MSYSTEM_CARCH=x86_64, PRINTER=Foxit Reader PDF Printer, TEMP=C:\Users\MARYNA~1\AppData\Local\Temp, HOSTNAME=BigBrother, HOMEDRIVE=C:, USERPROFILE=C:\Users\Maryna Savchenko, TMP=C:\Users\MARYNA~1\AppData\Local\Temp, NUMBER_OF_PROCESSORS=4, DOCKER_TOOLBOX_INSTALL_PATH=C:\Program Files\Docker Toolbox, HOME=C:\Users\Maryna Savchenko}}]
10:38:42,049 DEBUG org.springframework.core.env.StandardEnvironment:125 - Initialized StandardEnvironment with PropertySources [MapPropertySource@2007132301 {name='systemProperties', properties={java.runtime.name=Java(TM) SE Runtime Environment, sun.boot.library.path=C:\Program Files\Java\jdk1.8.0_131\jre\bin, java.vm.version=25.131-b11, user.country.format=UA, java.vm.vendor=Oracle Corporation, java.vendor.url=http://java.oracle.com/, path.separator=;, java.vm.name=Java HotSpot(TM) 64-Bit Server VM, file.encoding.pkg=sun.io, user.country=US, user.script=, sun.java.launcher=SUN_STANDARD, sun.os.patch.level=, PID=5372, java.vm.specification.name=Java Virtual Machine Specification, user.dir=E:\java\repos\JavaTutorAPI\javatutor, java.runtime.version=1.8.0_131-b11, basedir=E:\java\repos\JavaTutorAPI\javatutor, java.awt.graphicsenv=sun.awt.Win32GraphicsEnvironment, java.endorsed.dirs=C:\Program Files\Java\jdk1.8.0_131\jre\lib\endorsed, os.arch=amd64, surefire.real.class.path=C:\Users\MARYNA~1\AppData\Local\Temp\surefire1244754544745437156\surefirebooter7935569149334272143.jar, java.io.tmpdir=C:\Users\MARYNA~1\AppData\Local\Temp\, line.separator=
, java.vm.specification.vendor=Oracle Corporation, user.variant=, os.name=Windows 10, sun.jnu.encoding=Cp1252, spring.beaninfo.ignore=true, java.library.path=C:\Program Files\Java\jdk1.8.0_131\jre\bin;C:\WINDOWS\Sun\Java\bin;C:\WINDOWS\system32;C:\WINDOWS;C:\Users\Maryna Savchenko\bin;C:\Program Files\Git\mingw64\bin;C:\Program Files\Git\usr\local\bin;C:\Program Files\Git\usr\bin;C:\Program Files\Git\usr\bin;C:\Program Files\Git\mingw64\bin;C:\Program Files\Git\usr\bin;C:\Users\Maryna Savchenko\bin;C:\Program Files\Docker\Docker\Resources\bin;C:\ProgramData\Oracle\Java\javapath;C:\Program Files (x86)\Intel\TXE Components\TCS;C:\Program Files\Intel\TXE Components\TCS;C:\WINDOWS\system32;C:\WINDOWS;C:\WINDOWS\System32\Wbem;C:\WINDOWS\System32\WindowsPowerShell\v1.0;C:\Program Files\Intel\TXE Components\DAL;C:\Program Files (x86)\Intel\TXE Components\DAL;C:\Program Files\Intel\TXE Components\IPT;C:\Program Files (x86)\Intel\TXE Components\IPT;E:\java\apache-maven-3.5.0-bin\apache-maven-3.5.0\bin;C:\Program Files\Git\cmd;C:\Program Files\Java\jdk1.8.0_131\bin;C:\Program Files\MySQL\MySQL Utilities 1.6;C:\Program Files (x86)\bin;C:\Program Files (x86)\sbt\bin;C:\Program Files (x86)\Yarn\bin;C:\ProgramData\chocolatey\bin;C:\Program Files\nodejs;C:\Users\Maryna Savchenko\AppData\Local\Microsoft\WindowsApps;E:\java\spark-2.2.0-bin-hadoop2.7\bin;C:\Program Files\Java\jdk1.8.0_131\bin;C:\Program Files (x86)\sbt\bin;C:\winutils\bin;C:\Program Files\Docker Toolbox;C:\Users\Maryna Savchenko\AppData\Local\Yarn\bin;C:\Users\Maryna Savchenko\AppData\Roaming\npm;C:\Program Files\Git\usr\bin\vendor_perl;C:\Program Files\Git\usr\bin\core_perl;., surefire.test.class.path=E:\java\repos\JavaTutorAPI\javatutor\target\test-classes;E:\java\repos\JavaTutorAPI\javatutor\target\classes;C:\Users\Maryna Savchenko\.m2\repository\org\springframework\boot\spring-boot-starter-web\2.0.2.RELEASE\spring-boot-starter-web-2.0.2.RELEASE.jar;C:\Users\Maryna Savchenko\.m2\repository\org\springframework\boot\spring-boot-starter\2.0.2.RELEASE\spring-boot-starter-2.0.2.RELEASE.jar;C:\Users\Maryna Savchenko\.m2\repository\javax\annotation\javax.annotation-api\1.3.2\javax.annotation-api-1.3.2.jar;C:\Users\Maryna Savchenko\.m2\repository\org\yaml\snakeyaml\1.19\snakeyaml-1.19.jar;C:\Users\Maryna Savchenko\.m2\repository\org\springframework\boot\spring-boot-starter-json\2.0.2.RELEASE\spring-boot-starter-json-2.0.2.RELEASE.jar;C:\Users\Maryna Savchenko\.m2\repository\com\fasterxml\jackson\core\jackson-databind\2.9.5\jackson-databind-2.9.5.jar;C:\Users\Maryna Savchenko\.m2\repository\com\fasterxml\jackson\core\jackson-annotations\2.9.0\jackson-annotations-2.9.0.jar;C:\Users\Maryna Savchenko\.m2\repository\com\fasterxml\jackson\core\jackson-core\2.9.5\jackson-core-2.9.5.jar;C:\Users\Maryna Savchenko\.m2\repository\com\fasterxml\jackson\datatype\jackson-datatype-jdk8\2.9.5\jackson-datatype-jdk8-2.9.5.jar;C:\Users\Maryna Savchenko\.m2\repository\com\fasterxml\jackson\datatype\jackson-datatype-jsr310\2.9.5\jackson-datatype-jsr310-2.9.5.jar;C:\Users\Maryna Savchenko\.m2\repository\com\fasterxml\jackson\module\jackson-module-parameter-names\2.9.5\jackson-module-parameter-names-2.9.5.jar;C:\Users\Maryna Savchenko\.m2\repository\org\springframework\boot\spring-boot-starter-tomcat\2.0.2.RELEASE\spring-boot-starter-tomcat-2.0.2.RELEASE.jar;C:\Users\Maryna Savchenko\.m2\repository\org\apache\tomcat\embed\tomcat-embed-websocket\8.5.31\tomcat-embed-websocket-8.5.31.jar;C:\Users\Maryna Savchenko\.m2\repository\org\hibernate\validator\hibernate-validator\6.0.9.Final\hibernate-validator-6.0.9.Final.jar;C:\Users\Maryna Savchenko\.m2\repository\javax\validation\validation-api\2.0.1.Final\validation-api-2.0.1.Final.jar;C:\Users\Maryna Savchenko\.m2\repository\org\jboss\logging\jboss-logging\3.3.2.Final\jboss-logging-3.3.2.Final.jar;C:\Users\Maryna Savchenko\.m2\repository\com\fasterxml\classmate\1.3.4\classmate-1.3.4.jar;C:\Users\Maryna Savchenko\.m2\repository\org\springframework\spring-web\5.0.6.RELEASE\spring-web-5.0.6.RELEASE.jar;C:\Users\Maryna Savchenko\.m2\repository\org\springframework\spring-beans\5.0.6.RELEASE\spring-beans-5.0.6.RELEASE.jar;C:\Users\Maryna Savchenko\.m2\repository\org\springframework\spring-webmvc\5.0.6.RELEASE\spring-webmvc-5.0.6.RELEASE.jar;C:\Users\Maryna Savchenko\.m2\repository\org\springframework\spring-context\5.0.6.RELEASE\spring-context-5.0.6.RELEASE.jar;C:\Users\Maryna Savchenko\.m2\repository\org\springframework\spring-expression\5.0.6.RELEASE\spring-expression-5.0.6.RELEASE.jar;C:\Users\Maryna Savchenko\.m2\repository\org\slf4j\jcl-over-slf4j\1.7.25\jcl-over-slf4j-1.7.25.jar;C:\Users\Maryna Savchenko\.m2\repository\org\slf4j\slf4j-api\1.7.25\slf4j-api-1.7.25.jar;C:\Users\Maryna Savchenko\.m2\repository\org\slf4j\jul-to-slf4j\1.7.25\jul-to-slf4j-1.7.25.jar;C:\Users\Maryna Savchenko\.m2\repository\org\slf4j\slf4j-log4j12\1.7.25\slf4j-log4j12-1.7.25.jar;C:\Users\Maryna Savchenko\.m2\repository\log4j\log4j\1.2.17\log4j-1.2.17.jar;C:\Users\Maryna Savchenko\.m2\repository\org\springframework\boot\spring-boot-starter-data-mongodb\2.0.2.RELEASE\spring-boot-starter-data-mongodb-2.0.2.RELEASE.jar;C:\Users\Maryna Savchenko\.m2\repository\org\mongodb\mongodb-driver\3.6.0\mongodb-driver-3.6.0.jar;C:\Users\Maryna Savchenko\.m2\repository\org\mongodb\bson\3.6.0\bson-3.6.0.jar;C:\Users\Maryna Savchenko\.m2\repository\org\mongodb\mongodb-driver-core\3.6.0\mongodb-driver-core-3.6.0.jar;C:\Users\Maryna Savchenko\.m2\repository\org\springframework\data\spring-data-mongodb\2.0.7.RELEASE\spring-data-mongodb-2.0.7.RELEASE.jar;C:\Users\Maryna Savchenko\.m2\repository\org\springframework\spring-tx\5.0.6.RELEASE\spring-tx-5.0.6.RELEASE.jar;C:\Users\Maryna Savchenko\.m2\repository\org\springframework\data\spring-data-commons\2.0.7.RELEASE\spring-data-commons-2.0.7.RELEASE.jar;C:\Users\Maryna Savchenko\.m2\repository\org\springframework\boot\spring-boot-starter-actuator\2.0.2.RELEASE\spring-boot-starter-actuator-2.0.2.RELEASE.jar;C:\Users\Maryna Savchenko\.m2\repository\org\springframework\boot\spring-boot-actuator-autoconfigure\2.0.2.RELEASE\spring-boot-actuator-autoconfigure-2.0.2.RELEASE.jar;C:\Users\Maryna Savchenko\.m2\repository\org\springframework\boot\spring-boot-actuator\2.0.2.RELEASE\spring-boot-actuator-2.0.2.RELEASE.jar;C:\Users\Maryna Savchenko\.m2\repository\io\micrometer\micrometer-core\1.0.4\micrometer-core-1.0.4.jar;C:\Users\Maryna Savchenko\.m2\repository\org\hdrhistogram\HdrHistogram\2.1.10\HdrHistogram-2.1.10.jar;C:\Users\Maryna Savchenko\.m2\repository\org\latencyutils\LatencyUtils\2.0.3\LatencyUtils-2.0.3.jar;C:\Users\Maryna Savchenko\.m2\repository\org\springframework\boot\spring-boot-starter-security\2.0.2.RELEASE\spring-boot-starter-security-2.0.2.RELEASE.jar;C:\Users\Maryna Savchenko\.m2\repository\org\springframework\spring-aop\5.0.6.RELEASE\spring-aop-5.0.6.RELEASE.jar;C:\Users\Maryna Savchenko\.m2\repository\org\springframework\security\spring-security-config\5.0.5.RELEASE\spring-security-config-5.0.5.RELEASE.jar;C:\Users\Maryna Savchenko\.m2\repository\org\springframework\security\spring-security-web\5.0.5.RELEASE\spring-security-web-5.0.5.RELEASE.jar;C:\Users\Maryna Savchenko\.m2\repository\org\springframework\security\spring-security-test\5.0.5.RELEASE\spring-security-test-5.0.5.RELEASE.jar;C:\Users\Maryna Savchenko\.m2\repository\org\springframework\security\spring-security-core\5.0.5.RELEASE\spring-security-core-5.0.5.RELEASE.jar;C:\Users\Maryna Savchenko\.m2\repository\org\springframework\spring-core\5.0.6.RELEASE\spring-core-5.0.6.RELEASE.jar;C:\Users\Maryna Savchenko\.m2\repository\org\springframework\spring-jcl\5.0.6.RELEASE\spring-jcl-5.0.6.RELEASE.jar;C:\Users\Maryna Savchenko\.m2\repository\org\springframework\spring-test\5.0.6.RELEASE\spring-test-5.0.6.RELEASE.jar;C:\Users\Maryna Savchenko\.m2\repository\org\springframework\boot\spring-boot-devtools\2.0.2.RELEASE\spring-boot-devtools-2.0.2.RELEASE.jar;C:\Users\Maryna Savchenko\.m2\repository\org\springframework\boot\spring-boot\2.0.2.RELEASE\spring-boot-2.0.2.RELEASE.jar;C:\Users\Maryna Savchenko\.m2\repository\org\springframework\boot\spring-boot-autoconfigure\2.0.2.RELEASE\spring-boot-autoconfigure-2.0.2.RELEASE.jar;C:\Users\Maryna Savchenko\.m2\repository\org\springframework\boot\spring-boot-starter-test\2.0.2.RELEASE\spring-boot-starter-test-2.0.2.RELEASE.jar;C:\Users\Maryna Savchenko\.m2\repository\org\springframework\boot\spring-boot-test\2.0.2.RELEASE\spring-boot-test-2.0.2.RELEASE.jar;C:\Users\Maryna Savchenko\.m2\repository\org\springframework\boot\spring-boot-test-autoconfigure\2.0.2.RELEASE\spring-boot-test-autoconfigure-2.0.2.RELEASE.jar;C:\Users\Maryna Savchenko\.m2\repository\com\jayway\jsonpath\json-path\2.4.0\json-path-2.4.0.jar;C:\Users\Maryna Savchenko\.m2\repository\net\minidev\json-smart\2.3\json-smart-2.3.jar;C:\Users\Maryna Savchenko\.m2\repository\net\minidev\accessors-smart\1.2\accessors-smart-1.2.jar;C:\Users\Maryna Savchenko\.m2\repository\org\ow2\asm\asm\5.0.4\asm-5.0.4.jar;C:\Users\Maryna Savchenko\.m2\repository\org\assertj\assertj-core\3.9.1\assertj-core-3.9.1.jar;C:\Users\Maryna Savchenko\.m2\repository\org\mockito\mockito-core\2.15.0\mockito-core-2.15.0.jar;C:\Users\Maryna Savchenko\.m2\repository\net\bytebuddy\byte-buddy\1.7.11\byte-buddy-1.7.11.jar;C:\Users\Maryna Savchenko\.m2\repository\net\bytebuddy\byte-buddy-agent\1.7.11\byte-buddy-agent-1.7.11.jar;C:\Users\Maryna Savchenko\.m2\repository\org\objenesis\objenesis\2.6\objenesis-2.6.jar;C:\Users\Maryna Savchenko\.m2\repository\org\hamcrest\hamcrest-core\1.3\hamcrest-core-1.3.jar;C:\Users\Maryna Savchenko\.m2\repository\org\hamcrest\hamcrest-library\1.3\hamcrest-library-1.3.jar;C:\Users\Maryna Savchenko\.m2\repository\org\skyscreamer\jsonassert\1.5.0\jsonassert-1.5.0.jar;C:\Users\Maryna Savchenko\.m2\repository\com\vaadin\external\google\android-json\0.0.20131108.vaadin1\android-json-0.0.20131108.vaadin1.jar;C:\Users\Maryna Savchenko\.m2\repository\org\xmlunit\xmlunit-core\2.5.1\xmlunit-core-2.5.1.jar;C:\Users\Maryna Savchenko\.m2\repository\pl\pragmatists\JUnitParams\1.1.1\JUnitParams-1.1.1.jar;C:\Users\Maryna Savchenko\.m2\repository\org\apache\tomcat\embed\tomcat-embed-jasper\8.5.31\tomcat-embed-jasper-8.5.31.jar;C:\Users\Maryna Savchenko\.m2\repository\org\apache\tomcat\embed\tomcat-embed-core\8.5.31\tomcat-embed-core-8.5.31.jar;C:\Users\Maryna Savchenko\.m2\repository\org\apache\tomcat\tomcat-annotations-api\8.5.31\tomcat-annotations-api-8.5.31.jar;C:\Users\Maryna Savchenko\.m2\repository\org\apache\tomcat\embed\tomcat-embed-el\8.5.31\tomcat-embed-el-8.5.31.jar;C:\Users\Maryna Savchenko\.m2\repository\org\eclipse\jdt\ecj\3.12.3\ecj-3.12.3.jar;C:\Users\Maryna Savchenko\.m2\repository\junit\junit\4.12\junit-4.12.jar;C:\Users\Maryna Savchenko\.m2\repository\org\projectlombok\lombok\1.16.20\lombok-1.16.20.jar;C:\Users\Maryna Savchenko\.m2\repository\org\projectlombok\lombok-maven-plugin\1.16.20.0\lombok-maven-plugin-1.16.20.0.jar;C:\Users\Maryna Savchenko\.m2\repository\org\apache\commons\commons-lang3\3.7\commons-lang3-3.7.jar;C:\Users\Maryna Savchenko\.m2\repository\org\sonatype\plexus\plexus-build-api\0.0.7\plexus-build-api-0.0.7.jar;C:\Users\Maryna Savchenko\.m2\repository\org\codehaus\plexus\plexus-utils\1.5.8\plexus-utils-1.5.8.jar;, java.specification.name=Java Platform API Specification, java.class.version=52.0, sun.management.compiler=HotSpot 64-Bit Tiered Compilers, os.version=10.0, user.home=C:\Users\Maryna Savchenko, user.timezone=Europe/Belgrade, java.awt.printerjob=sun.awt.windows.WPrinterJob, file.encoding=Cp1252, java.specification.version=1.8, java.class.path=E:\java\repos\JavaTutorAPI\javatutor\target\test-classes;E:\java\repos\JavaTutorAPI\javatutor\target\classes;C:\Users\Maryna Savchenko\.m2\repository\org\springframework\boot\spring-boot-starter-web\2.0.2.RELEASE\spring-boot-starter-web-2.0.2.RELEASE.jar;C:\Users\Maryna Savchenko\.m2\repository\org\springframework\boot\spring-boot-starter\2.0.2.RELEASE\spring-boot-starter-2.0.2.RELEASE.jar;C:\Users\Maryna Savchenko\.m2\repository\javax\annotation\javax.annotation-api\1.3.2\javax.annotation-api-1.3.2.jar;C:\Users\Maryna Savchenko\.m2\repository\org\yaml\snakeyaml\1.19\snakeyaml-1.19.jar;C:\Users\Maryna Savchenko\.m2\repository\org\springframework\boot\spring-boot-starter-json\2.0.2.RELEASE\spring-boot-starter-json-2.0.2.RELEASE.jar;C:\Users\Maryna Savchenko\.m2\repository\com\fasterxml\jackson\core\jackson-databind\2.9.5\jackson-databind-2.9.5.jar;C:\Users\Maryna Savchenko\.m2\repository\com\fasterxml\jackson\core\jackson-annotations\2.9.0\jackson-annotations-2.9.0.jar;C:\Users\Maryna Savchenko\.m2\repository\com\fasterxml\jackson\core\jackson-core\2.9.5\jackson-core-2.9.5.jar;C:\Users\Maryna Savchenko\.m2\repository\com\fasterxml\jackson\datatype\jackson-datatype-jdk8\2.9.5\jackson-datatype-jdk8-2.9.5.jar;C:\Users\Maryna Savchenko\.m2\repository\com\fasterxml\jackson\datatype\jackson-datatype-jsr310\2.9.5\jackson-datatype-jsr310-2.9.5.jar;C:\Users\Maryna Savchenko\.m2\repository\com\fasterxml\jackson\module\jackson-module-parameter-names\2.9.5\jackson-module-parameter-names-2.9.5.jar;C:\Users\Maryna Savchenko\.m2\repository\org\springframework\boot\spring-boot-starter-tomcat\2.0.2.RELEASE\spring-boot-starter-tomcat-2.0.2.RELEASE.jar;C:\Users\Maryna Savchenko\.m2\repository\org\apache\tomcat\embed\tomcat-embed-websocket\8.5.31\tomcat-embed-websocket-8.5.31.jar;C:\Users\Maryna Savchenko\.m2\repository\org\hibernate\validator\hibernate-validator\6.0.9.Final\hibernate-validator-6.0.9.Final.jar;C:\Users\Maryna Savchenko\.m2\repository\javax\validation\validation-api\2.0.1.Final\validation-api-2.0.1.Final.jar;C:\Users\Maryna Savchenko\.m2\repository\org\jboss\logging\jboss-logging\3.3.2.Final\jboss-logging-3.3.2.Final.jar;C:\Users\Maryna Savchenko\.m2\repository\com\fasterxml\classmate\1.3.4\classmate-1.3.4.jar;C:\Users\Maryna Savchenko\.m2\repository\org\springframework\spring-web\5.0.6.RELEASE\spring-web-5.0.6.RELEASE.jar;C:\Users\Maryna Savchenko\.m2\repository\org\springframework\spring-beans\5.0.6.RELEASE\spring-beans-5.0.6.RELEASE.jar;C:\Users\Maryna Savchenko\.m2\repository\org\springframework\spring-webmvc\5.0.6.RELEASE\spring-webmvc-5.0.6.RELEASE.jar;C:\Users\Maryna Savchenko\.m2\repository\org\springframework\spring-context\5.0.6.RELEASE\spring-context-5.0.6.RELEASE.jar;C:\Users\Maryna Savchenko\.m2\repository\org\springframework\spring-expression\5.0.6.RELEASE\spring-expression-5.0.6.RELEASE.jar;C:\Users\Maryna Savchenko\.m2\repository\org\slf4j\jcl-over-slf4j\1.7.25\jcl-over-slf4j-1.7.25.jar;C:\Users\Maryna Savchenko\.m2\repository\org\slf4j\slf4j-api\1.7.25\slf4j-api-1.7.25.jar;C:\Users\Maryna Savchenko\.m2\repository\org\slf4j\jul-to-slf4j\1.7.25\jul-to-slf4j-1.7.25.jar;C:\Users\Maryna Savchenko\.m2\repository\org\slf4j\slf4j-log4j12\1.7.25\slf4j-log4j12-1.7.25.jar;C:\Users\Maryna Savchenko\.m2\repository\log4j\log4j\1.2.17\log4j-1.2.17.jar;C:\Users\Maryna Savchenko\.m2\repository\org\springframework\boot\spring-boot-starter-data-mongodb\2.0.2.RELEASE\spring-boot-starter-data-mongodb-2.0.2.RELEASE.jar;C:\Users\Maryna Savchenko\.m2\repository\org\mongodb\mongodb-driver\3.6.0\mongodb-driver-3.6.0.jar;C:\Users\Maryna Savchenko\.m2\repository\org\mongodb\bson\3.6.0\bson-3.6.0.jar;C:\Users\Maryna Savchenko\.m2\repository\org\mongodb\mongodb-driver-core\3.6.0\mongodb-driver-core-3.6.0.jar;C:\Users\Maryna Savchenko\.m2\repository\org\springframework\data\spring-data-mongodb\2.0.7.RELEASE\spring-data-mongodb-2.0.7.RELEASE.jar;C:\Users\Maryna Savchenko\.m2\repository\org\springframework\spring-tx\5.0.6.RELEASE\spring-tx-5.0.6.RELEASE.jar;C:\Users\Maryna Savchenko\.m2\repository\org\springframework\data\spring-data-commons\2.0.7.RELEASE\spring-data-commons-2.0.7.RELEASE.jar;C:\Users\Maryna Savchenko\.m2\repository\org\springframework\boot\spring-boot-starter-actuator\2.0.2.RELEASE\spring-boot-starter-actuator-2.0.2.RELEASE.jar;C:\Users\Maryna Savchenko\.m2\repository\org\springframework\boot\spring-boot-actuator-autoconfigure\2.0.2.RELEASE\spring-boot-actuator-autoconfigure-2.0.2.RELEASE.jar;C:\Users\Maryna Savchenko\.m2\repository\org\springframework\boot\spring-boot-actuator\2.0.2.RELEASE\spring-boot-actuator-2.0.2.RELEASE.jar;C:\Users\Maryna Savchenko\.m2\repository\io\micrometer\micrometer-core\1.0.4\micrometer-core-1.0.4.jar;C:\Users\Maryna Savchenko\.m2\repository\org\hdrhistogram\HdrHistogram\2.1.10\HdrHistogram-2.1.10.jar;C:\Users\Maryna Savchenko\.m2\repository\org\latencyutils\LatencyUtils\2.0.3\LatencyUtils-2.0.3.jar;C:\Users\Maryna Savchenko\.m2\repository\org\springframework\boot\spring-boot-starter-security\2.0.2.RELEASE\spring-boot-starter-security-2.0.2.RELEASE.jar;C:\Users\Maryna Savchenko\.m2\repository\org\springframework\spring-aop\5.0.6.RELEASE\spring-aop-5.0.6.RELEASE.jar;C:\Users\Maryna Savchenko\.m2\repository\org\springframework\security\spring-security-config\5.0.5.RELEASE\spring-security-config-5.0.5.RELEASE.jar;C:\Users\Maryna Savchenko\.m2\repository\org\springframework\security\spring-security-web\5.0.5.RELEASE\spring-security-web-5.0.5.RELEASE.jar;C:\Users\Maryna Savchenko\.m2\repository\org\springframework\security\spring-security-test\5.0.5.RELEASE\spring-security-test-5.0.5.RELEASE.jar;C:\Users\Maryna Savchenko\.m2\repository\org\springframework\security\spring-security-core\5.0.5.RELEASE\spring-security-core-5.0.5.RELEASE.jar;C:\Users\Maryna Savchenko\.m2\repository\org\springframework\spring-core\5.0.6.RELEASE\spring-core-5.0.6.RELEASE.jar;C:\Users\Maryna Savchenko\.m2\repository\org\springframework\spring-jcl\5.0.6.RELEASE\spring-jcl-5.0.6.RELEASE.jar;C:\Users\Maryna Savchenko\.m2\repository\org\springframework\spring-test\5.0.6.RELEASE\spring-test-5.0.6.RELEASE.jar;C:\Users\Maryna Savchenko\.m2\repository\org\springframework\boot\spring-boot-devtools\2.0.2.RELEASE\spring-boot-devtools-2.0.2.RELEASE.jar;C:\Users\Maryna Savchenko\.m2\repository\org\springframework\boot\spring-boot\2.0.2.RELEASE\spring-boot-2.0.2.RELEASE.jar;C:\Users\Maryna Savchenko\.m2\repository\org\springframework\boot\spring-boot-autoconfigure\2.0.2.RELEASE\spring-boot-autoconfigure-2.0.2.RELEASE.jar;C:\Users\Maryna Savchenko\.m2\repository\org\springframework\boot\spring-boot-starter-test\2.0.2.RELEASE\spring-boot-starter-test-2.0.2.RELEASE.jar;C:\Users\Maryna Savchenko\.m2\repository\org\springframework\boot\spring-boot-test\2.0.2.RELEASE\spring-boot-test-2.0.2.RELEASE.jar;C:\Users\Maryna Savchenko\.m2\repository\org\springframework\boot\spring-boot-test-autoconfigure\2.0.2.RELEASE\spring-boot-test-autoconfigure-2.0.2.RELEASE.jar;C:\Users\Maryna Savchenko\.m2\repository\com\jayway\jsonpath\json-path\2.4.0\json-path-2.4.0.jar;C:\Users\Maryna Savchenko\.m2\repository\net\minidev\json-smart\2.3\json-smart-2.3.jar;C:\Users\Maryna Savchenko\.m2\repository\net\minidev\accessors-smart\1.2\accessors-smart-1.2.jar;C:\Users\Maryna Savchenko\.m2\repository\org\ow2\asm\asm\5.0.4\asm-5.0.4.jar;C:\Users\Maryna Savchenko\.m2\repository\org\assertj\assertj-core\3.9.1\assertj-core-3.9.1.jar;C:\Users\Maryna Savchenko\.m2\repository\org\mockito\mockito-core\2.15.0\mockito-core-2.15.0.jar;C:\Users\Maryna Savchenko\.m2\repository\net\bytebuddy\byte-buddy\1.7.11\byte-buddy-1.7.11.jar;C:\Users\Maryna Savchenko\.m2\repository\net\bytebuddy\byte-buddy-agent\1.7.11\byte-buddy-agent-1.7.11.jar;C:\Users\Maryna Savchenko\.m2\repository\org\objenesis\objenesis\2.6\objenesis-2.6.jar;C:\Users\Maryna Savchenko\.m2\repository\org\hamcrest\hamcrest-core\1.3\hamcrest-core-1.3.jar;C:\Users\Maryna Savchenko\.m2\repository\org\hamcrest\hamcrest-library\1.3\hamcrest-library-1.3.jar;C:\Users\Maryna Savchenko\.m2\repository\org\skyscreamer\jsonassert\1.5.0\jsonassert-1.5.0.jar;C:\Users\Maryna Savchenko\.m2\repository\com\vaadin\external\google\android-json\0.0.20131108.vaadin1\android-json-0.0.20131108.vaadin1.jar;C:\Users\Maryna Savchenko\.m2\repository\org\xmlunit\xmlunit-core\2.5.1\xmlunit-core-2.5.1.jar;C:\Users\Maryna Savchenko\.m2\repository\pl\pragmatists\JUnitParams\1.1.1\JUnitParams-1.1.1.jar;C:\Users\Maryna Savchenko\.m2\repository\org\apache\tomcat\embed\tomcat-embed-jasper\8.5.31\tomcat-embed-jasper-8.5.31.jar;C:\Users\Maryna Savchenko\.m2\repository\org\apache\tomcat\embed\tomcat-embed-core\8.5.31\tomcat-embed-core-8.5.31.jar;C:\Users\Maryna Savchenko\.m2\repository\org\apache\tomcat\tomcat-annotations-api\8.5.31\tomcat-annotations-api-8.5.31.jar;C:\Users\Maryna Savchenko\.m2\repository\org\apache\tomcat\embed\tomcat-embed-el\8.5.31\tomcat-embed-el-8.5.31.jar;C:\Users\Maryna Savchenko\.m2\repository\org\eclipse\jdt\ecj\3.12.3\ecj-3.12.3.jar;C:\Users\Maryna Savchenko\.m2\repository\junit\junit\4.12\junit-4.12.jar;C:\Users\Maryna Savchenko\.m2\repository\org\projectlombok\lombok\1.16.20\lombok-1.16.20.jar;C:\Users\Maryna Savchenko\.m2\repository\org\projectlombok\lombok-maven-plugin\1.16.20.0\lombok-maven-plugin-1.16.20.0.jar;C:\Users\Maryna Savchenko\.m2\repository\org\apache\commons\commons-lang3\3.7\commons-lang3-3.7.jar;C:\Users\Maryna Savchenko\.m2\repository\org\sonatype\plexus\plexus-build-api\0.0.7\plexus-build-api-0.0.7.jar;C:\Users\Maryna Savchenko\.m2\repository\org\codehaus\plexus\plexus-utils\1.5.8\plexus-utils-1.5.8.jar;, user.name=Maryna Savchenko, java.vm.specification.version=1.8, sun.java.command=C:\Users\MARYNA~1\AppData\Local\Temp\surefire1244754544745437156\surefirebooter7935569149334272143.jar C:\Users\Maryna Savchenko\AppData\Local\Temp\surefire1244754544745437156 2018-10-11T10-37-06_854-jvmRun1 surefire6084229711424990350tmp surefire_01445494788152468973tmp, java.home=C:\Program Files\Java\jdk1.8.0_131\jre, sun.arch.data.model=64, user.language=en, java.specification.vendor=Oracle Corporation, user.language.format=uk, awt.toolkit=sun.awt.windows.WToolkit, java.vm.info=mixed mode, java.version=1.8.0_131, java.ext.dirs=C:\Program Files\Java\jdk1.8.0_131\jre\lib\ext;C:\WINDOWS\Sun\Java\lib\ext, sun.boot.class.path=C:\Program Files\Java\jdk1.8.0_131\jre\lib\resources.jar;C:\Program Files\Java\jdk1.8.0_131\jre\lib\rt.jar;C:\Program Files\Java\jdk1.8.0_131\jre\lib\sunrsasign.jar;C:\Program Files\Java\jdk1.8.0_131\jre\lib\jsse.jar;C:\Program Files\Java\jdk1.8.0_131\jre\lib\jce.jar;C:\Program Files\Java\jdk1.8.0_131\jre\lib\charsets.jar;C:\Program Files\Java\jdk1.8.0_131\jre\lib\jfr.jar;C:\Program Files\Java\jdk1.8.0_131\jre\classes, java.awt.headless=true, java.vendor=Oracle Corporation, localRepository=C:\Users\Maryna Savchenko\.m2\repository, file.separator=\, java.vendor.url.bug=http://bugreport.sun.com/bugreport/, sun.io.unicode.encoding=UnicodeLittle, sun.cpu.endian=little, sun.desktop=windows, sun.cpu.isalist=amd64}}, SystemEnvironmentPropertySource@2009502388 {name='systemEnvironment', properties={PATH=C:\Users\Maryna Savchenko\bin;C:\Program Files\Git\mingw64\bin;C:\Program Files\Git\usr\local\bin;C:\Program Files\Git\usr\bin;C:\Program Files\Git\usr\bin;C:\Program Files\Git\mingw64\bin;C:\Program Files\Git\usr\bin;C:\Users\Maryna Savchenko\bin;C:\Program Files\Docker\Docker\Resources\bin;C:\ProgramData\Oracle\Java\javapath;C:\Program Files (x86)\Intel\TXE Components\TCS;C:\Program Files\Intel\TXE Components\TCS;C:\WINDOWS\system32;C:\WINDOWS;C:\WINDOWS\System32\Wbem;C:\WINDOWS\System32\WindowsPowerShell\v1.0;C:\Program Files\Intel\TXE Components\DAL;C:\Program Files (x86)\Intel\TXE Components\DAL;C:\Program Files\Intel\TXE Components\IPT;C:\Program Files (x86)\Intel\TXE Components\IPT;E:\java\apache-maven-3.5.0-bin\apache-maven-3.5.0\bin;C:\Program Files\Git\cmd;C:\Program Files\Java\jdk1.8.0_131\bin;C:\Program Files\MySQL\MySQL Utilities 1.6;C:\Program Files (x86)\bin;C:\Program Files (x86)\sbt\bin;C:\Program Files (x86)\Yarn\bin;C:\ProgramData\chocolatey\bin;C:\Program Files\nodejs;C:\Users\Maryna Savchenko\AppData\Local\Microsoft\WindowsApps;E:\java\spark-2.2.0-bin-hadoop2.7\bin;C:\Program Files\Java\jdk1.8.0_131\bin;C:\Program Files (x86)\sbt\bin;C:\winutils\bin;C:\Program Files\Docker Toolbox;C:\Users\Maryna Savchenko\AppData\Local\Yarn\bin;C:\Users\Maryna Savchenko\AppData\Roaming\npm;C:\Program Files\Git\usr\bin\vendor_perl;C:\Program Files\Git\usr\bin\core_perl, USERDOMAIN_ROAMINGPROFILE=BigBrother, PKG_CONFIG_PATH=C:\Program Files\Git\mingw64\lib\pkgconfig;C:\Program Files\Git\mingw64\share\pkgconfig, MSYSTEM_PREFIX=C:/Program Files/Git/mingw64, PROCESSOR_LEVEL=6, SYSTEMDRIVE=C:, CONFIG_SITE=C:/Program Files/Git/mingw64/etc/config.site, FP_NO_HOST_CHECK=NO, POSTGIS_GDAL_ENABLED_DRIVERS=GTiff PNG JPEG GIF XYZ DTED USGSDEM AAIGrid, SESSIONNAME=Console, ALLUSERSPROFILE=C:\ProgramData, GDAL_DATA=C:\Program Files\PostgreSQL\9.6\gdal-data, PROCESSOR_ARCHITECTURE=AMD64, MSYSTEM_CHOST=x86_64-w64-mingw32, =E:=E:\java\repos\JavaTutorAPI\javatutor, ORIGINAL_TEMP=C:/Users/MARYNA~1/AppData/Local/Temp, PROGRAMFILES=C:\Program Files, POSTGIS_ENABLE_OUTDB_RASTERS=1, PSMODULEPATH=C:\WINDOWS\system32\WindowsPowerShell\v1.0\Modules\, PROGRAMDATA=C:\ProgramData, CHOCOLATEYLASTPATHUPDATE=?? ??? 24 11:36:27 2018, USERNAME=Maryna Savchenko, PWD=E:/java/repos/JavaTutorAPI/javatutor, INFOPATH=C:\Program Files\Git\usr\local\info;C:\Program Files\Git\usr\share\info;C:\Program Files\Git\usr\info;C:\Program Files\Git\share\info, FPS_BROWSER_USER_PROFILE_STRING=Default, ONEDRIVE=C:\Users\Maryna Savchenko\OneDrive, PATHEXT=.COM;.EXE;.BAT;.CMD;.VBS;.VBE;.JS;.JSE;.WSF;.WSH;.MSC, SHELL=C:\Program Files\Git\usr\bin\bash.exe, ORIGINAL_TMP=C:/Users/MARYNA~1/AppData/Local/Temp, OLDPWD=E:/java/repos/JavaTutorAPI/javatutor, TMPDIR=C:\Users\MARYNA~1\AppData\Local\Temp, WINDIR=C:\WINDOWS, SSH_ASKPASS=C:/Program Files/Git/mingw64/libexec/git-core/git-gui--askpass, HOMEPATH=\Users\Maryna Savchenko, PROCESSOR_IDENTIFIER=Intel64 Family 6 Model 76 Stepping 3, GenuineIntel, HADOOP_HOME=C:\winutils, M2_HOME=E:\java\apache-maven-3.5.0-bin\apache-maven-3.5.0, PUBLIC=C:\Users\Public, MINGW_CHOST=x86_64-w64-mingw32, =::=::\, EXEPATH=C:\Program Files\Git, SHLVL=1, LOCALAPPDATA=C:\Users\Maryna Savchenko\AppData\Local, ORIGINAL_PATH=C:\Program Files\Git\mingw64\bin;C:\Program Files\Git\usr\bin;C:\Users\Maryna Savchenko\bin;C:\Program Files\Docker\Docker\Resources\bin;C:\ProgramData\Oracle\Java\javapath;C:\Program Files (x86)\Intel\TXE Components\TCS;C:\Program Files\Intel\TXE Components\TCS;C:\WINDOWS\system32;C:\WINDOWS;C:\WINDOWS\System32\Wbem;C:\WINDOWS\System32\WindowsPowerShell\v1.0;C:\Program Files\Intel\TXE Components\DAL;C:\Program Files (x86)\Intel\TXE Components\DAL;C:\Program Files\Intel\TXE Components\IPT;C:\Program Files (x86)\Intel\TXE Components\IPT;E:\java\apache-maven-3.5.0-bin\apache-maven-3.5.0\bin;C:\Program Files\Git\cmd;C:\Program Files\Java\jdk1.8.0_131\bin;C:\Program Files\MySQL\MySQL Utilities 1.6;C:\Program Files (x86)\bin;C:\Program Files (x86)\sbt\bin;C:\Program Files (x86)\Yarn\bin;C:\ProgramData\chocolatey\bin;C:\Program Files\nodejs;C:\Users\Maryna Savchenko\AppData\Local\Microsoft\WindowsApps;E:\java\spark-2.2.0-bin-hadoop2.7\bin;C:\Program Files\Java\jdk1.8.0_131\bin;C:\Program Files (x86)\sbt\bin;C:\winutils\bin;C:\Program Files\Docker Toolbox;C:\Users\Maryna Savchenko\AppData\Local\Yarn\bin;C:\Users\Maryna Savchenko\AppData\Roaming\npm, MANPATH=C:\Program Files\Git\mingw64\share\man;C:\Program Files\Git\usr\local\man;C:\Program Files\Git\usr\share\man;C:\Program Files\Git\usr\man;C:\Program Files\Git\share\man, COMMONPROGRAMFILES(X86)=C:\Program Files (x86)\Common Files, MINGW_PACKAGE_PREFIX=mingw-w64-x86_64, USERDOMAIN=BigBrother, FPS_BROWSER_APP_PROFILE_STRING=Internet Explorer, LOGONSERVER=\\BIGBROTHER, JAVA_HOME=C:/Program Files/Java/jdk1.8.0_131, PLINK_PROTOCOL=ssh, PROMPT=$P$G, PROGRAMFILES(X86)=C:\Program Files (x86), TERM=xterm, LANG=en_US.UTF-8, MINGW_PREFIX=C:/Program Files/Git/mingw64, DISPLAY=needs-to-be-defined, MSYSTEM=MINGW64, APPDATA=C:\Users\Maryna Savchenko\AppData\Roaming, SPARK_HOME=E:\java\spark-2.2.0-bin-hadoop2.7, PROGRAMW6432=C:\Program Files, SYSTEMROOT=C:\WINDOWS, CHOCOLATEYINSTALL=C:\ProgramData\chocolatey, MAVEN_CMD_LINE_ARGS= test, SCALA_HOME=C:\Program Files (x86)\sbt, VBOX_MSI_INSTALL_PATH=C:\Program Files\Oracle\VirtualBox\, OS=Windows_NT, COMMONPROGRAMW6432=C:\Program Files\Common Files, COMPUTERNAME=BIGBROTHER, COMMONPROGRAMFILES=C:\Program Files\Common Files, COMSPEC=C:\WINDOWS\system32\cmd.exe, SBT_HOME=C:\Program Files (x86)\sbt\, MAVEN_PROJECTBASEDIR=E:/java/repos/JavaTutorAPI/javatutor, PROCESSOR_REVISION=4c03, ACLOCAL_PATH=C:\Program Files\Git\mingw64\share\aclocal;C:\Program Files\Git\usr\share\aclocal, MSYSTEM_CARCH=x86_64, PRINTER=Foxit Reader PDF Printer, TEMP=C:\Users\MARYNA~1\AppData\Local\Temp, HOSTNAME=BigBrother, HOMEDRIVE=C:, USERPROFILE=C:\Users\Maryna Savchenko, TMP=C:\Users\MARYNA~1\AppData\Local\Temp, NUMBER_OF_PROCESSORS=4, DOCKER_TOOLBOX_INSTALL_PATH=C:\Program Files\Docker Toolbox, HOME=C:\Users\Maryna Savchenko}}]
10:38:42,057 DEBUG org.springframework.core.io.support.PathMatchingResourcePatternResolver:321 - Resolved classpath location [pro/abacus/javatutor/repository/] to resources [URL [file:/E:/java/repos/JavaTutorAPI/javatutor/target/test-classes/pro/abacus/javatutor/repository/], URL [file:/E:/java/repos/JavaTutorAPI/javatutor/target/classes/pro/abacus/javatutor/repository/]]
10:38:42,057 DEBUG org.springframework.core.io.support.PathMatchingResourcePatternResolver:321 - Resolved classpath location [pro/abacus/javatutor/repository/] to resources [URL [file:/E:/java/repos/JavaTutorAPI/javatutor/target/test-classes/pro/abacus/javatutor/repository/], URL [file:/E:/java/repos/JavaTutorAPI/javatutor/target/classes/pro/abacus/javatutor/repository/]]
10:38:42,058 DEBUG org.springframework.core.io.support.PathMatchingResourcePatternResolver:721 - Looking for matching resources in directory tree [E:\java\repos\JavaTutorAPI\javatutor\target\test-classes\pro\abacus\javatutor\repository]
10:38:42,058 DEBUG org.springframework.core.io.support.PathMatchingResourcePatternResolver:721 - Looking for matching resources in directory tree [E:\java\repos\JavaTutorAPI\javatutor\target\test-classes\pro\abacus\javatutor\repository]
10:38:42,058 DEBUG org.springframework.core.io.support.PathMatchingResourcePatternResolver:783 - Searching directory [E:\java\repos\JavaTutorAPI\javatutor\target\test-classes\pro\abacus\javatutor\repository] for files matching pattern [E:/java/repos/JavaTutorAPI/javatutor/target/test-classes/pro/abacus/javatutor/repository/*.class]
10:38:42,058 DEBUG org.springframework.core.io.support.PathMatchingResourcePatternResolver:783 - Searching directory [E:\java\repos\JavaTutorAPI\javatutor\target\test-classes\pro\abacus\javatutor\repository] for files matching pattern [E:/java/repos/JavaTutorAPI/javatutor/target/test-classes/pro/abacus/javatutor/repository/*.class]
10:38:42,061 DEBUG org.springframework.core.io.support.PathMatchingResourcePatternResolver:721 - Looking for matching resources in directory tree [E:\java\repos\JavaTutorAPI\javatutor\target\classes\pro\abacus\javatutor\repository]
10:38:42,061 DEBUG org.springframework.core.io.support.PathMatchingResourcePatternResolver:721 - Looking for matching resources in directory tree [E:\java\repos\JavaTutorAPI\javatutor\target\classes\pro\abacus\javatutor\repository]
10:38:42,062 DEBUG org.springframework.core.io.support.PathMatchingResourcePatternResolver:783 - Searching directory [E:\java\repos\JavaTutorAPI\javatutor\target\classes\pro\abacus\javatutor\repository] for files matching pattern [E:/java/repos/JavaTutorAPI/javatutor/target/classes/pro/abacus/javatutor/repository/*.class]
10:38:42,062 DEBUG org.springframework.core.io.support.PathMatchingResourcePatternResolver:783 - Searching directory [E:\java\repos\JavaTutorAPI\javatutor\target\classes\pro\abacus\javatutor\repository] for files matching pattern [E:/java/repos/JavaTutorAPI/javatutor/target/classes/pro/abacus/javatutor/repository/*.class]
10:38:42,064 DEBUG org.springframework.core.io.support.PathMatchingResourcePatternResolver:514 - Resolved location pattern [classpath*:pro/abacus/javatutor/repository/*.class] to resources [file [E:\java\repos\JavaTutorAPI\javatutor\target\test-classes\pro\abacus\javatutor\repository\AuthorityRepositoryTest.class], file [E:\java\repos\JavaTutorAPI\javatutor\target\test-classes\pro\abacus\javatutor\repository\JavaQuestionRepositoryTest.class], file [E:\java\repos\JavaTutorAPI\javatutor\target\test-classes\pro\abacus\javatutor\repository\UserRepositoryTest.class], file [E:\java\repos\JavaTutorAPI\javatutor\target\classes\pro\abacus\javatutor\repository\AuthorityRepository.class], file [E:\java\repos\JavaTutorAPI\javatutor\target\classes\pro\abacus\javatutor\repository\JavaQuestionRepository.class], file [E:\java\repos\JavaTutorAPI\javatutor\target\classes\pro\abacus\javatutor\repository\UserRepository.class]]
10:38:42,064 DEBUG org.springframework.core.io.support.PathMatchingResourcePatternResolver:514 - Resolved location pattern [classpath*:pro/abacus/javatutor/repository/*.class] to resources [file [E:\java\repos\JavaTutorAPI\javatutor\target\test-classes\pro\abacus\javatutor\repository\AuthorityRepositoryTest.class], file [E:\java\repos\JavaTutorAPI\javatutor\target\test-classes\pro\abacus\javatutor\repository\JavaQuestionRepositoryTest.class], file [E:\java\repos\JavaTutorAPI\javatutor\target\test-classes\pro\abacus\javatutor\repository\UserRepositoryTest.class], file [E:\java\repos\JavaTutorAPI\javatutor\target\classes\pro\abacus\javatutor\repository\AuthorityRepository.class], file [E:\java\repos\JavaTutorAPI\javatutor\target\classes\pro\abacus\javatutor\repository\JavaQuestionRepository.class], file [E:\java\repos\JavaTutorAPI\javatutor\target\classes\pro\abacus\javatutor\repository\UserRepository.class]]
10:38:42,064 TRACE org.springframework.context.annotation.ClassPathScanningCandidateComponentProvider:426 - Scanning file [E:\java\repos\JavaTutorAPI\javatutor\target\test-classes\pro\abacus\javatutor\repository\AuthorityRepositoryTest.class]
10:38:42,064 TRACE org.springframework.context.annotation.ClassPathScanningCandidateComponentProvider:426 - Scanning file [E:\java\repos\JavaTutorAPI\javatutor\target\test-classes\pro\abacus\javatutor\repository\AuthorityRepositoryTest.class]
10:38:42,068 TRACE org.springframework.context.annotation.ClassPathScanningCandidateComponentProvider:449 - Ignored because not matching any filter: file [E:\java\repos\JavaTutorAPI\javatutor\target\test-classes\pro\abacus\javatutor\repository\AuthorityRepositoryTest.class]
10:38:42,068 TRACE org.springframework.context.annotation.ClassPathScanningCandidateComponentProvider:449 - Ignored because not matching any filter: file [E:\java\repos\JavaTutorAPI\javatutor\target\test-classes\pro\abacus\javatutor\repository\AuthorityRepositoryTest.class]
10:38:42,068 TRACE org.springframework.context.annotation.ClassPathScanningCandidateComponentProvider:426 - Scanning file [E:\java\repos\JavaTutorAPI\javatutor\target\test-classes\pro\abacus\javatutor\repository\JavaQuestionRepositoryTest.class]
10:38:42,068 TRACE org.springframework.context.annotation.ClassPathScanningCandidateComponentProvider:426 - Scanning file [E:\java\repos\JavaTutorAPI\javatutor\target\test-classes\pro\abacus\javatutor\repository\JavaQuestionRepositoryTest.class]
10:38:42,071 TRACE org.springframework.context.annotation.ClassPathScanningCandidateComponentProvider:449 - Ignored because not matching any filter: file [E:\java\repos\JavaTutorAPI\javatutor\target\test-classes\pro\abacus\javatutor\repository\JavaQuestionRepositoryTest.class]
10:38:42,071 TRACE org.springframework.context.annotation.ClassPathScanningCandidateComponentProvider:449 - Ignored because not matching any filter: file [E:\java\repos\JavaTutorAPI\javatutor\target\test-classes\pro\abacus\javatutor\repository\JavaQuestionRepositoryTest.class]
10:38:42,072 TRACE org.springframework.context.annotation.ClassPathScanningCandidateComponentProvider:426 - Scanning file [E:\java\repos\JavaTutorAPI\javatutor\target\test-classes\pro\abacus\javatutor\repository\UserRepositoryTest.class]
10:38:42,072 TRACE org.springframework.context.annotation.ClassPathScanningCandidateComponentProvider:426 - Scanning file [E:\java\repos\JavaTutorAPI\javatutor\target\test-classes\pro\abacus\javatutor\repository\UserRepositoryTest.class]
10:38:42,074 TRACE org.springframework.context.annotation.ClassPathScanningCandidateComponentProvider:449 - Ignored because not matching any filter: file [E:\java\repos\JavaTutorAPI\javatutor\target\test-classes\pro\abacus\javatutor\repository\UserRepositoryTest.class]
10:38:42,074 TRACE org.springframework.context.annotation.ClassPathScanningCandidateComponentProvider:449 - Ignored because not matching any filter: file [E:\java\repos\JavaTutorAPI\javatutor\target\test-classes\pro\abacus\javatutor\repository\UserRepositoryTest.class]
10:38:42,075 TRACE org.springframework.context.annotation.ClassPathScanningCandidateComponentProvider:426 - Scanning file [E:\java\repos\JavaTutorAPI\javatutor\target\classes\pro\abacus\javatutor\repository\AuthorityRepository.class]
10:38:42,075 TRACE org.springframework.context.annotation.ClassPathScanningCandidateComponentProvider:426 - Scanning file [E:\java\repos\JavaTutorAPI\javatutor\target\classes\pro\abacus\javatutor\repository\AuthorityRepository.class]
10:38:42,077 TRACE org.springframework.context.annotation.ClassPathScanningCandidateComponentProvider:449 - Ignored because not matching any filter: file [E:\java\repos\JavaTutorAPI\javatutor\target\classes\pro\abacus\javatutor\repository\AuthorityRepository.class]
10:38:42,077 TRACE org.springframework.context.annotation.ClassPathScanningCandidateComponentProvider:449 - Ignored because not matching any filter: file [E:\java\repos\JavaTutorAPI\javatutor\target\classes\pro\abacus\javatutor\repository\AuthorityRepository.class]
10:38:42,077 TRACE org.springframework.context.annotation.ClassPathScanningCandidateComponentProvider:426 - Scanning file [E:\java\repos\JavaTutorAPI\javatutor\target\classes\pro\abacus\javatutor\repository\JavaQuestionRepository.class]
10:38:42,077 TRACE org.springframework.context.annotation.ClassPathScanningCandidateComponentProvider:426 - Scanning file [E:\java\repos\JavaTutorAPI\javatutor\target\classes\pro\abacus\javatutor\repository\JavaQuestionRepository.class]
10:38:42,079 TRACE org.springframework.context.annotation.ClassPathScanningCandidateComponentProvider:449 - Ignored because not matching any filter: file [E:\java\repos\JavaTutorAPI\javatutor\target\classes\pro\abacus\javatutor\repository\JavaQuestionRepository.class]
10:38:42,079 TRACE org.springframework.context.annotation.ClassPathScanningCandidateComponentProvider:449 - Ignored because not matching any filter: file [E:\java\repos\JavaTutorAPI\javatutor\target\classes\pro\abacus\javatutor\repository\JavaQuestionRepository.class]
10:38:42,079 TRACE org.springframework.context.annotation.ClassPathScanningCandidateComponentProvider:426 - Scanning file [E:\java\repos\JavaTutorAPI\javatutor\target\classes\pro\abacus\javatutor\repository\UserRepository.class]
10:38:42,079 TRACE org.springframework.context.annotation.ClassPathScanningCandidateComponentProvider:426 - Scanning file [E:\java\repos\JavaTutorAPI\javatutor\target\classes\pro\abacus\javatutor\repository\UserRepository.class]
10:38:42,081 TRACE org.springframework.context.annotation.ClassPathScanningCandidateComponentProvider:449 - Ignored because not matching any filter: file [E:\java\repos\JavaTutorAPI\javatutor\target\classes\pro\abacus\javatutor\repository\UserRepository.class]
10:38:42,081 TRACE org.springframework.context.annotation.ClassPathScanningCandidateComponentProvider:449 - Ignored because not matching any filter: file [E:\java\repos\JavaTutorAPI\javatutor\target\classes\pro\abacus\javatutor\repository\UserRepository.class]
10:38:42,082 DEBUG org.springframework.core.io.support.PathMatchingResourcePatternResolver:321 - Resolved classpath location [pro/abacus/javatutor/] to resources [URL [file:/E:/java/repos/JavaTutorAPI/javatutor/target/test-classes/pro/abacus/javatutor/], URL [file:/E:/java/repos/JavaTutorAPI/javatutor/target/classes/pro/abacus/javatutor/]]
10:38:42,082 DEBUG org.springframework.core.io.support.PathMatchingResourcePatternResolver:321 - Resolved classpath location [pro/abacus/javatutor/] to resources [URL [file:/E:/java/repos/JavaTutorAPI/javatutor/target/test-classes/pro/abacus/javatutor/], URL [file:/E:/java/repos/JavaTutorAPI/javatutor/target/classes/pro/abacus/javatutor/]]
10:38:42,083 DEBUG org.springframework.core.io.support.PathMatchingResourcePatternResolver:721 - Looking for matching resources in directory tree [E:\java\repos\JavaTutorAPI\javatutor\target\test-classes\pro\abacus\javatutor]
10:38:42,083 DEBUG org.springframework.core.io.support.PathMatchingResourcePatternResolver:721 - Looking for matching resources in directory tree [E:\java\repos\JavaTutorAPI\javatutor\target\test-classes\pro\abacus\javatutor]
10:38:42,084 DEBUG org.springframework.core.io.support.PathMatchingResourcePatternResolver:783 - Searching directory [E:\java\repos\JavaTutorAPI\javatutor\target\test-classes\pro\abacus\javatutor] for files matching pattern [E:/java/repos/JavaTutorAPI/javatutor/target/test-classes/pro/abacus/javatutor/*.class]
10:38:42,084 DEBUG org.springframework.core.io.support.PathMatchingResourcePatternResolver:783 - Searching directory [E:\java\repos\JavaTutorAPI\javatutor\target\test-classes\pro\abacus\javatutor] for files matching pattern [E:/java/repos/JavaTutorAPI/javatutor/target/test-classes/pro/abacus/javatutor/*.class]
10:38:42,086 DEBUG org.springframework.core.io.support.PathMatchingResourcePatternResolver:721 - Looking for matching resources in directory tree [E:\java\repos\JavaTutorAPI\javatutor\target\classes\pro\abacus\javatutor]
10:38:42,086 DEBUG org.springframework.core.io.support.PathMatchingResourcePatternResolver:721 - Looking for matching resources in directory tree [E:\java\repos\JavaTutorAPI\javatutor\target\classes\pro\abacus\javatutor]
10:38:42,087 DEBUG org.springframework.core.io.support.PathMatchingResourcePatternResolver:783 - Searching directory [E:\java\repos\JavaTutorAPI\javatutor\target\classes\pro\abacus\javatutor] for files matching pattern [E:/java/repos/JavaTutorAPI/javatutor/target/classes/pro/abacus/javatutor/*.class]
10:38:42,087 DEBUG org.springframework.core.io.support.PathMatchingResourcePatternResolver:783 - Searching directory [E:\java\repos\JavaTutorAPI\javatutor\target\classes\pro\abacus\javatutor] for files matching pattern [E:/java/repos/JavaTutorAPI/javatutor/target/classes/pro/abacus/javatutor/*.class]
10:38:42,090 DEBUG org.springframework.core.io.support.PathMatchingResourcePatternResolver:514 - Resolved location pattern [classpath*:pro/abacus/javatutor/*.class] to resources [file [E:\java\repos\JavaTutorAPI\javatutor\target\test-classes\pro\abacus\javatutor\JavaTutorApplicationTest.class], file [E:\java\repos\JavaTutorAPI\javatutor\target\test-classes\pro\abacus\javatutor\SecurityIntegrationTest.class], file [E:\java\repos\JavaTutorAPI\javatutor\target\classes\pro\abacus\javatutor\DatabaseConfiguration.class], file [E:\java\repos\JavaTutorAPI\javatutor\target\classes\pro\abacus\javatutor\JavaTutorApplication.class], file [E:\java\repos\JavaTutorAPI\javatutor\target\classes\pro\abacus\javatutor\SecurityConfiguration.class]]
10:38:42,090 DEBUG org.springframework.core.io.support.PathMatchingResourcePatternResolver:514 - Resolved location pattern [classpath*:pro/abacus/javatutor/*.class] to resources [file [E:\java\repos\JavaTutorAPI\javatutor\target\test-classes\pro\abacus\javatutor\JavaTutorApplicationTest.class], file [E:\java\repos\JavaTutorAPI\javatutor\target\test-classes\pro\abacus\javatutor\SecurityIntegrationTest.class], file [E:\java\repos\JavaTutorAPI\javatutor\target\classes\pro\abacus\javatutor\DatabaseConfiguration.class], file [E:\java\repos\JavaTutorAPI\javatutor\target\classes\pro\abacus\javatutor\JavaTutorApplication.class], file [E:\java\repos\JavaTutorAPI\javatutor\target\classes\pro\abacus\javatutor\SecurityConfiguration.class]]
10:38:42,091 TRACE org.springframework.context.annotation.ClassPathScanningCandidateComponentProvider:426 - Scanning file [E:\java\repos\JavaTutorAPI\javatutor\target\test-classes\pro\abacus\javatutor\JavaTutorApplicationTest.class]
10:38:42,091 TRACE org.springframework.context.annotation.ClassPathScanningCandidateComponentProvider:426 - Scanning file [E:\java\repos\JavaTutorAPI\javatutor\target\test-classes\pro\abacus\javatutor\JavaTutorApplicationTest.class]
10:38:42,093 TRACE org.springframework.context.annotation.ClassPathScanningCandidateComponentProvider:449 - Ignored because not matching any filter: file [E:\java\repos\JavaTutorAPI\javatutor\target\test-classes\pro\abacus\javatutor\JavaTutorApplicationTest.class]
10:38:42,093 TRACE org.springframework.context.annotation.ClassPathScanningCandidateComponentProvider:449 - Ignored because not matching any filter: file [E:\java\repos\JavaTutorAPI\javatutor\target\test-classes\pro\abacus\javatutor\JavaTutorApplicationTest.class]
10:38:42,093 TRACE org.springframework.context.annotation.ClassPathScanningCandidateComponentProvider:426 - Scanning file [E:\java\repos\JavaTutorAPI\javatutor\target\test-classes\pro\abacus\javatutor\SecurityIntegrationTest.class]
10:38:42,093 TRACE org.springframework.context.annotation.ClassPathScanningCandidateComponentProvider:426 - Scanning file [E:\java\repos\JavaTutorAPI\javatutor\target\test-classes\pro\abacus\javatutor\SecurityIntegrationTest.class]
10:38:42,097 TRACE org.springframework.context.annotation.ClassPathScanningCandidateComponentProvider:449 - Ignored because not matching any filter: file [E:\java\repos\JavaTutorAPI\javatutor\target\test-classes\pro\abacus\javatutor\SecurityIntegrationTest.class]
10:38:42,097 TRACE org.springframework.context.annotation.ClassPathScanningCandidateComponentProvider:449 - Ignored because not matching any filter: file [E:\java\repos\JavaTutorAPI\javatutor\target\test-classes\pro\abacus\javatutor\SecurityIntegrationTest.class]
10:38:42,097 TRACE org.springframework.context.annotation.ClassPathScanningCandidateComponentProvider:426 - Scanning file [E:\java\repos\JavaTutorAPI\javatutor\target\classes\pro\abacus\javatutor\DatabaseConfiguration.class]
10:38:42,097 TRACE org.springframework.context.annotation.ClassPathScanningCandidateComponentProvider:426 - Scanning file [E:\java\repos\JavaTutorAPI\javatutor\target\classes\pro\abacus\javatutor\DatabaseConfiguration.class]
10:38:42,099 TRACE org.springframework.context.annotation.ClassPathScanningCandidateComponentProvider:449 - Ignored because not matching any filter: file [E:\java\repos\JavaTutorAPI\javatutor\target\classes\pro\abacus\javatutor\DatabaseConfiguration.class]
10:38:42,099 TRACE org.springframework.context.annotation.ClassPathScanningCandidateComponentProvider:449 - Ignored because not matching any filter: file [E:\java\repos\JavaTutorAPI\javatutor\target\classes\pro\abacus\javatutor\DatabaseConfiguration.class]
10:38:42,100 TRACE org.springframework.context.annotation.ClassPathScanningCandidateComponentProvider:426 - Scanning file [E:\java\repos\JavaTutorAPI\javatutor\target\classes\pro\abacus\javatutor\JavaTutorApplication.class]
10:38:42,100 TRACE org.springframework.context.annotation.ClassPathScanningCandidateComponentProvider:426 - Scanning file [E:\java\repos\JavaTutorAPI\javatutor\target\classes\pro\abacus\javatutor\JavaTutorApplication.class]
10:38:42,104 DEBUG org.springframework.context.annotation.ClassPathScanningCandidateComponentProvider:437 - Identified candidate component class: file [E:\java\repos\JavaTutorAPI\javatutor\target\classes\pro\abacus\javatutor\JavaTutorApplication.class]
10:38:42,104 DEBUG org.springframework.context.annotation.ClassPathScanningCandidateComponentProvider:437 - Identified candidate component class: file [E:\java\repos\JavaTutorAPI\javatutor\target\classes\pro\abacus\javatutor\JavaTutorApplication.class]
10:38:42,105 TRACE org.springframework.context.annotation.ClassPathScanningCandidateComponentProvider:426 - Scanning file [E:\java\repos\JavaTutorAPI\javatutor\target\classes\pro\abacus\javatutor\SecurityConfiguration.class]
10:38:42,105 TRACE org.springframework.context.annotation.ClassPathScanningCandidateComponentProvider:426 - Scanning file [E:\java\repos\JavaTutorAPI\javatutor\target\classes\pro\abacus\javatutor\SecurityConfiguration.class]
10:38:42,113 TRACE org.springframework.context.annotation.ClassPathScanningCandidateComponentProvider:449 - Ignored because not matching any filter: file [E:\java\repos\JavaTutorAPI\javatutor\target\classes\pro\abacus\javatutor\SecurityConfiguration.class]
10:38:42,113 TRACE org.springframework.context.annotation.ClassPathScanningCandidateComponentProvider:449 - Ignored because not matching any filter: file [E:\java\repos\JavaTutorAPI\javatutor\target\classes\pro\abacus\javatutor\SecurityConfiguration.class]
10:38:42,114  INFO org.springframework.boot.test.context.SpringBootTestContextBootstrapper:244 - Found @SpringBootConfiguration pro.abacus.javatutor.JavaTutorApplication for test class pro.abacus.javatutor.repository.AuthorityRepositoryTest
10:38:42,114  INFO org.springframework.boot.test.context.SpringBootTestContextBootstrapper:244 - Found @SpringBootConfiguration pro.abacus.javatutor.JavaTutorApplication for test class pro.abacus.javatutor.repository.AuthorityRepositoryTest
10:38:42,116 DEBUG org.springframework.boot.test.context.SpringBootTestContextBootstrapper:125 - @TestExecutionListeners is not present for class [pro.abacus.javatutor.repository.AuthorityRepositoryTest]: using defaults.
10:38:42,116 DEBUG org.springframework.boot.test.context.SpringBootTestContextBootstrapper:125 - @TestExecutionListeners is not present for class [pro.abacus.javatutor.repository.AuthorityRepositoryTest]: using defaults.
10:38:42,116  INFO org.springframework.boot.test.context.SpringBootTestContextBootstrapper:248 - Loaded default TestExecutionListener class names from location [META-INF/spring.factories]: [org.springframework.security.test.context.support.WithSecurityContextTestExecutionListener, org.springframework.security.test.context.support.ReactorContextTestExecutionListener, org.springframework.test.context.web.ServletTestExecutionListener, org.springframework.test.context.support.DirtiesContextBeforeModesTestExecutionListener, org.springframework.test.context.support.DependencyInjectionTestExecutionListener, org.springframework.test.context.support.DirtiesContextTestExecutionListener, org.springframework.test.context.transaction.TransactionalTestExecutionListener, org.springframework.test.context.jdbc.SqlScriptsTestExecutionListener, org.springframework.boot.test.mock.mockito.MockitoTestExecutionListener, org.springframework.boot.test.mock.mockito.ResetMocksTestExecutionListener, org.springframework.boot.test.autoconfigure.restdocs.RestDocsTestExecutionListener, org.springframework.boot.test.autoconfigure.web.client.MockRestServiceServerResetTestExecutionListener, org.springframework.boot.test.autoconfigure.web.servlet.MockMvcPrintOnlyOnFailureTestExecutionListener, org.springframework.boot.test.autoconfigure.web.servlet.WebDriverTestExecutionListener]
10:38:42,116  INFO org.springframework.boot.test.context.SpringBootTestContextBootstrapper:248 - Loaded default TestExecutionListener class names from location [META-INF/spring.factories]: [org.springframework.security.test.context.support.WithSecurityContextTestExecutionListener, org.springframework.security.test.context.support.ReactorContextTestExecutionListener, org.springframework.test.context.web.ServletTestExecutionListener, org.springframework.test.context.support.DirtiesContextBeforeModesTestExecutionListener, org.springframework.test.context.support.DependencyInjectionTestExecutionListener, org.springframework.test.context.support.DirtiesContextTestExecutionListener, org.springframework.test.context.transaction.TransactionalTestExecutionListener, org.springframework.test.context.jdbc.SqlScriptsTestExecutionListener, org.springframework.boot.test.mock.mockito.MockitoTestExecutionListener, org.springframework.boot.test.mock.mockito.ResetMocksTestExecutionListener, org.springframework.boot.test.autoconfigure.restdocs.RestDocsTestExecutionListener, org.springframework.boot.test.autoconfigure.web.client.MockRestServiceServerResetTestExecutionListener, org.springframework.boot.test.autoconfigure.web.servlet.MockMvcPrintOnlyOnFailureTestExecutionListener, org.springframework.boot.test.autoconfigure.web.servlet.WebDriverTestExecutionListener]
10:38:42,117 TRACE org.springframework.core.io.support.SpringFactoriesLoader:97 - Loaded [org.springframework.boot.test.context.DefaultTestExecutionListenersPostProcessor] names: [org.springframework.boot.test.autoconfigure.SpringBootDependencyInjectionTestExecutionListener$PostProcessor]
10:38:42,117 TRACE org.springframework.core.io.support.SpringFactoriesLoader:97 - Loaded [org.springframework.boot.test.context.DefaultTestExecutionListenersPostProcessor] names: [org.springframework.boot.test.autoconfigure.SpringBootDependencyInjectionTestExecutionListener$PostProcessor]
10:38:42,120  INFO org.springframework.boot.test.context.SpringBootTestContextBootstrapper:177 - Using TestExecutionListeners: [org.springframework.test.context.web.ServletTestExecutionListener@28f05b0c, org.springframework.test.context.support.DirtiesContextBeforeModesTestExecutionListener@660296d5, org.springframework.boot.test.mock.mockito.MockitoTestExecutionListener@6d3163a6, org.springframework.boot.test.autoconfigure.SpringBootDependencyInjectionTestExecutionListener@75d97e18, org.springframework.test.context.support.DirtiesContextTestExecutionListener@5fdb7394, org.springframework.test.context.transaction.TransactionalTestExecutionListener@2d9de284, org.springframework.test.context.jdbc.SqlScriptsTestExecutionListener@4b5798c2, org.springframework.security.test.context.support.WithSecurityContextTestExecutionListener@7540160e, org.springframework.security.test.context.support.ReactorContextTestExecutionListener@71039ce1, org.springframework.boot.test.mock.mockito.ResetMocksTestExecutionListener@3348c987, org.springframework.boot.test.autoconfigure.restdocs.RestDocsTestExecutionListener@44aed6a4, org.springframework.boot.test.autoconfigure.web.client.MockRestServiceServerResetTestExecutionListener@31ab4859, org.springframework.boot.test.autoconfigure.web.servlet.MockMvcPrintOnlyOnFailureTestExecutionListener@5ca22e19, org.springframework.boot.test.autoconfigure.web.servlet.WebDriverTestExecutionListener@29d3d0fb]
10:38:42,120  INFO org.springframework.boot.test.context.SpringBootTestContextBootstrapper:177 - Using TestExecutionListeners: [org.springframework.test.context.web.ServletTestExecutionListener@28f05b0c, org.springframework.test.context.support.DirtiesContextBeforeModesTestExecutionListener@660296d5, org.springframework.boot.test.mock.mockito.MockitoTestExecutionListener@6d3163a6, org.springframework.boot.test.autoconfigure.SpringBootDependencyInjectionTestExecutionListener@75d97e18, org.springframework.test.context.support.DirtiesContextTestExecutionListener@5fdb7394, org.springframework.test.context.transaction.TransactionalTestExecutionListener@2d9de284, org.springframework.test.context.jdbc.SqlScriptsTestExecutionListener@4b5798c2, org.springframework.security.test.context.support.WithSecurityContextTestExecutionListener@7540160e, org.springframework.security.test.context.support.ReactorContextTestExecutionListener@71039ce1, org.springframework.boot.test.mock.mockito.ResetMocksTestExecutionListener@3348c987, org.springframework.boot.test.autoconfigure.restdocs.RestDocsTestExecutionListener@44aed6a4, org.springframework.boot.test.autoconfigure.web.client.MockRestServiceServerResetTestExecutionListener@31ab4859, org.springframework.boot.test.autoconfigure.web.servlet.MockMvcPrintOnlyOnFailureTestExecutionListener@5ca22e19, org.springframework.boot.test.autoconfigure.web.servlet.WebDriverTestExecutionListener@29d3d0fb]
10:38:42,121 TRACE org.springframework.test.context.TestContextManager:166 - Registering TestExecutionListener: org.springframework.test.context.web.ServletTestExecutionListener@28f05b0c
10:38:42,121 TRACE org.springframework.test.context.TestContextManager:166 - Registering TestExecutionListener: org.springframework.test.context.web.ServletTestExecutionListener@28f05b0c
10:38:42,122 TRACE org.springframework.test.context.TestContextManager:166 - Registering TestExecutionListener: org.springframework.test.context.support.DirtiesContextBeforeModesTestExecutionListener@660296d5
10:38:42,122 TRACE org.springframework.test.context.TestContextManager:166 - Registering TestExecutionListener: org.springframework.test.context.support.DirtiesContextBeforeModesTestExecutionListener@660296d5
10:38:42,122 TRACE org.springframework.test.context.TestContextManager:166 - Registering TestExecutionListener: org.springframework.boot.test.mock.mockito.MockitoTestExecutionListener@6d3163a6
10:38:42,122 TRACE org.springframework.test.context.TestContextManager:166 - Registering TestExecutionListener: org.springframework.boot.test.mock.mockito.MockitoTestExecutionListener@6d3163a6
10:38:42,123 TRACE org.springframework.test.context.TestContextManager:166 - Registering TestExecutionListener: org.springframework.boot.test.autoconfigure.SpringBootDependencyInjectionTestExecutionListener@75d97e18
10:38:42,123 TRACE org.springframework.test.context.TestContextManager:166 - Registering TestExecutionListener: org.springframework.boot.test.autoconfigure.SpringBootDependencyInjectionTestExecutionListener@75d97e18
10:38:42,124 TRACE org.springframework.test.context.TestContextManager:166 - Registering TestExecutionListener: org.springframework.test.context.support.DirtiesContextTestExecutionListener@5fdb7394
10:38:42,124 TRACE org.springframework.test.context.TestContextManager:166 - Registering TestExecutionListener: org.springframework.test.context.support.DirtiesContextTestExecutionListener@5fdb7394
10:38:42,124 TRACE org.springframework.test.context.TestContextManager:166 - Registering TestExecutionListener: org.springframework.test.context.transaction.TransactionalTestExecutionListener@2d9de284
10:38:42,124 TRACE org.springframework.test.context.TestContextManager:166 - Registering TestExecutionListener: org.springframework.test.context.transaction.TransactionalTestExecutionListener@2d9de284
10:38:42,125 TRACE org.springframework.test.context.TestContextManager:166 - Registering TestExecutionListener: org.springframework.test.context.jdbc.SqlScriptsTestExecutionListener@4b5798c2
10:38:42,125 TRACE org.springframework.test.context.TestContextManager:166 - Registering TestExecutionListener: org.springframework.test.context.jdbc.SqlScriptsTestExecutionListener@4b5798c2
10:38:42,126 TRACE org.springframework.test.context.TestContextManager:166 - Registering TestExecutionListener: org.springframework.security.test.context.support.WithSecurityContextTestExecutionListener@7540160e
10:38:42,126 TRACE org.springframework.test.context.TestContextManager:166 - Registering TestExecutionListener: org.springframework.security.test.context.support.WithSecurityContextTestExecutionListener@7540160e
10:38:42,127 TRACE org.springframework.test.context.TestContextManager:166 - Registering TestExecutionListener: org.springframework.security.test.context.support.ReactorContextTestExecutionListener@71039ce1
10:38:42,127 TRACE org.springframework.test.context.TestContextManager:166 - Registering TestExecutionListener: org.springframework.security.test.context.support.ReactorContextTestExecutionListener@71039ce1
10:38:42,127 TRACE org.springframework.test.context.TestContextManager:166 - Registering TestExecutionListener: org.springframework.boot.test.mock.mockito.ResetMocksTestExecutionListener@3348c987
10:38:42,127 TRACE org.springframework.test.context.TestContextManager:166 - Registering TestExecutionListener: org.springframework.boot.test.mock.mockito.ResetMocksTestExecutionListener@3348c987
10:38:42,128 TRACE org.springframework.test.context.TestContextManager:166 - Registering TestExecutionListener: org.springframework.boot.test.autoconfigure.restdocs.RestDocsTestExecutionListener@44aed6a4
10:38:42,128 TRACE org.springframework.test.context.TestContextManager:166 - Registering TestExecutionListener: org.springframework.boot.test.autoconfigure.restdocs.RestDocsTestExecutionListener@44aed6a4
10:38:42,129 TRACE org.springframework.test.context.TestContextManager:166 - Registering TestExecutionListener: org.springframework.boot.test.autoconfigure.web.client.MockRestServiceServerResetTestExecutionListener@31ab4859
10:38:42,129 TRACE org.springframework.test.context.TestContextManager:166 - Registering TestExecutionListener: org.springframework.boot.test.autoconfigure.web.client.MockRestServiceServerResetTestExecutionListener@31ab4859
10:38:42,129 TRACE org.springframework.test.context.TestContextManager:166 - Registering TestExecutionListener: org.springframework.boot.test.autoconfigure.web.servlet.MockMvcPrintOnlyOnFailureTestExecutionListener@5ca22e19
10:38:42,129 TRACE org.springframework.test.context.TestContextManager:166 - Registering TestExecutionListener: org.springframework.boot.test.autoconfigure.web.servlet.MockMvcPrintOnlyOnFailureTestExecutionListener@5ca22e19
10:38:42,130 TRACE org.springframework.test.context.TestContextManager:166 - Registering TestExecutionListener: org.springframework.boot.test.autoconfigure.web.servlet.WebDriverTestExecutionListener@29d3d0fb
10:38:42,130 TRACE org.springframework.test.context.TestContextManager:166 - Registering TestExecutionListener: org.springframework.boot.test.autoconfigure.web.servlet.WebDriverTestExecutionListener@29d3d0fb
10:38:42,130 DEBUG org.springframework.test.annotation.ProfileValueUtils:70 - Retrieved @ProfileValueSourceConfiguration [null] for test class [pro.abacus.javatutor.repository.AuthorityRepositoryTest]
10:38:42,130 DEBUG org.springframework.test.annotation.ProfileValueUtils:70 - Retrieved @ProfileValueSourceConfiguration [null] for test class [pro.abacus.javatutor.repository.AuthorityRepositoryTest]
10:38:42,131 DEBUG org.springframework.test.annotation.ProfileValueUtils:83 - Retrieved ProfileValueSource type [class org.springframework.test.annotation.SystemProfileValueSource] for class [pro.abacus.javatutor.repository.AuthorityRepositoryTest]
10:38:42,131 DEBUG org.springframework.test.annotation.ProfileValueUtils:83 - Retrieved ProfileValueSource type [class org.springframework.test.annotation.SystemProfileValueSource] for class [pro.abacus.javatutor.repository.AuthorityRepositoryTest]
10:38:42,131 DEBUG org.springframework.test.annotation.ProfileValueUtils:70 - Retrieved @ProfileValueSourceConfiguration [null] for test class [pro.abacus.javatutor.repository.AuthorityRepositoryTest]
10:38:42,131 DEBUG org.springframework.test.annotation.ProfileValueUtils:70 - Retrieved @ProfileValueSourceConfiguration [null] for test class [pro.abacus.javatutor.repository.AuthorityRepositoryTest]
10:38:42,132 DEBUG org.springframework.test.annotation.ProfileValueUtils:83 - Retrieved ProfileValueSource type [class org.springframework.test.annotation.SystemProfileValueSource] for class [pro.abacus.javatutor.repository.AuthorityRepositoryTest]
10:38:42,132 DEBUG org.springframework.test.annotation.ProfileValueUtils:83 - Retrieved ProfileValueSource type [class org.springframework.test.annotation.SystemProfileValueSource] for class [pro.abacus.javatutor.repository.AuthorityRepositoryTest]
10:38:42,132 DEBUG org.springframework.test.annotation.ProfileValueUtils:70 - Retrieved @ProfileValueSourceConfiguration [null] for test class [pro.abacus.javatutor.repository.AuthorityRepositoryTest]
10:38:42,132 DEBUG org.springframework.test.annotation.ProfileValueUtils:70 - Retrieved @ProfileValueSourceConfiguration [null] for test class [pro.abacus.javatutor.repository.AuthorityRepositoryTest]
10:38:42,133 DEBUG org.springframework.test.annotation.ProfileValueUtils:83 - Retrieved ProfileValueSource type [class org.springframework.test.annotation.SystemProfileValueSource] for class [pro.abacus.javatutor.repository.AuthorityRepositoryTest]
10:38:42,133 DEBUG org.springframework.test.annotation.ProfileValueUtils:83 - Retrieved ProfileValueSource type [class org.springframework.test.annotation.SystemProfileValueSource] for class [pro.abacus.javatutor.repository.AuthorityRepositoryTest]
10:38:42,133 TRACE org.springframework.test.context.TestContextManager:209 - beforeTestClass(): class [pro.abacus.javatutor.repository.AuthorityRepositoryTest]
10:38:42,133 TRACE org.springframework.test.context.TestContextManager:209 - beforeTestClass(): class [pro.abacus.javatutor.repository.AuthorityRepositoryTest]
10:38:42,137 DEBUG org.springframework.test.context.support.AbstractDirtiesContextTestExecutionListener:142 - Before test class: context [DefaultTestContext@1bfa3893 testClass = AuthorityRepositoryTest, testInstance = [null], testMethod = [null], testException = [null], mergedContextConfiguration = [MergedContextConfiguration@70f85235 testClass = AuthorityRepositoryTest, locations = '{}', classes = '{class pro.abacus.javatutor.JavaTutorApplication}', contextInitializerClasses = '[]', activeProfiles = '{}', propertySourceLocations = '{}', propertySourceProperties = '{org.springframework.boot.test.context.SpringBootTestContextBootstrapper=true}', contextCustomizers = set[[ImportsContextCustomizer@3d6778d5 key = [org.springframework.boot.autoconfigure.cache.CacheAutoConfiguration, org.springframework.boot.autoconfigure.data.mongo.MongoDataAutoConfiguration, org.springframework.boot.autoconfigure.data.mongo.MongoReactiveDataAutoConfiguration, org.springframework.boot.autoconfigure.data.mongo.MongoReactiveRepositoriesAutoConfiguration, org.springframework.boot.autoconfigure.data.mongo.MongoRepositoriesAutoConfiguration, org.springframework.boot.autoconfigure.mongo.MongoAutoConfiguration, org.springframework.boot.autoconfigure.mongo.MongoReactiveAutoConfiguration, org.springframework.boot.autoconfigure.mongo.embedded.EmbeddedMongoAutoConfiguration]], org.springframework.boot.test.context.filter.ExcludeFilterContextCustomizer@290dbf45, org.springframework.boot.test.json.DuplicateJsonObjectContextCustomizerFactory$DuplicateJsonObjectContextCustomizer@69a10787, org.springframework.boot.test.mock.mockito.MockitoContextCustomizer@0, org.springframework.boot.test.autoconfigure.OverrideAutoConfigurationContextCustomizerFactory$DisableAutoConfigurationContextCustomizer@1c72da34, org.springframework.boot.test.autoconfigure.filter.TypeExcludeFiltersContextCustomizer@351584c0, org.springframework.boot.test.autoconfigure.properties.PropertyMappingContextCustomizer@9c19a3b8, org.springframework.boot.test.autoconfigure.web.servlet.WebDriverContextCustomizerFactory$Customizer@7f9fcf7f], contextLoader = 'org.springframework.boot.test.context.SpringBootContextLoader', parent = [null]], attributes = map[[empty]]], class annotated with @DirtiesContext [false] with mode [null].
10:38:42,137 DEBUG org.springframework.test.context.support.AbstractDirtiesContextTestExecutionListener:142 - Before test class: context [DefaultTestContext@1bfa3893 testClass = AuthorityRepositoryTest, testInstance = [null], testMethod = [null], testException = [null], mergedContextConfiguration = [MergedContextConfiguration@70f85235 testClass = AuthorityRepositoryTest, locations = '{}', classes = '{class pro.abacus.javatutor.JavaTutorApplication}', contextInitializerClasses = '[]', activeProfiles = '{}', propertySourceLocations = '{}', propertySourceProperties = '{org.springframework.boot.test.context.SpringBootTestContextBootstrapper=true}', contextCustomizers = set[[ImportsContextCustomizer@3d6778d5 key = [org.springframework.boot.autoconfigure.cache.CacheAutoConfiguration, org.springframework.boot.autoconfigure.data.mongo.MongoDataAutoConfiguration, org.springframework.boot.autoconfigure.data.mongo.MongoReactiveDataAutoConfiguration, org.springframework.boot.autoconfigure.data.mongo.MongoReactiveRepositoriesAutoConfiguration, org.springframework.boot.autoconfigure.data.mongo.MongoRepositoriesAutoConfiguration, org.springframework.boot.autoconfigure.mongo.MongoAutoConfiguration, org.springframework.boot.autoconfigure.mongo.MongoReactiveAutoConfiguration, org.springframework.boot.autoconfigure.mongo.embedded.EmbeddedMongoAutoConfiguration]], org.springframework.boot.test.context.filter.ExcludeFilterContextCustomizer@290dbf45, org.springframework.boot.test.json.DuplicateJsonObjectContextCustomizerFactory$DuplicateJsonObjectContextCustomizer@69a10787, org.springframework.boot.test.mock.mockito.MockitoContextCustomizer@0, org.springframework.boot.test.autoconfigure.OverrideAutoConfigurationContextCustomizerFactory$DisableAutoConfigurationContextCustomizer@1c72da34, org.springframework.boot.test.autoconfigure.filter.TypeExcludeFiltersContextCustomizer@351584c0, org.springframework.boot.test.autoconfigure.properties.PropertyMappingContextCustomizer@9c19a3b8, org.springframework.boot.test.autoconfigure.web.servlet.WebDriverContextCustomizerFactory$Customizer@7f9fcf7f], contextLoader = 'org.springframework.boot.test.context.SpringBootContextLoader', parent = [null]], attributes = map[[empty]]], class annotated with @DirtiesContext [false] with mode [null].
10:38:42,146 DEBUG org.springframework.test.annotation.ProfileValueUtils:70 - Retrieved @ProfileValueSourceConfiguration [null] for test class [pro.abacus.javatutor.repository.AuthorityRepositoryTest]
10:38:42,146 DEBUG org.springframework.test.annotation.ProfileValueUtils:70 - Retrieved @ProfileValueSourceConfiguration [null] for test class [pro.abacus.javatutor.repository.AuthorityRepositoryTest]
10:38:42,147 DEBUG org.springframework.test.annotation.ProfileValueUtils:83 - Retrieved ProfileValueSource type [class org.springframework.test.annotation.SystemProfileValueSource] for class [pro.abacus.javatutor.repository.AuthorityRepositoryTest]
10:38:42,147 DEBUG org.springframework.test.annotation.ProfileValueUtils:83 - Retrieved ProfileValueSource type [class org.springframework.test.annotation.SystemProfileValueSource] for class [pro.abacus.javatutor.repository.AuthorityRepositoryTest]
10:38:42,148 TRACE org.springframework.test.context.TestContextManager:240 - prepareTestInstance(): instance [pro.abacus.javatutor.repository.AuthorityRepositoryTest@a84338a]
10:38:42,148 TRACE org.springframework.test.context.TestContextManager:240 - prepareTestInstance(): instance [pro.abacus.javatutor.repository.AuthorityRepositoryTest@a84338a]
10:38:42,153 DEBUG org.springframework.test.context.support.DependencyInjectionTestExecutionListener:81 - Performing dependency injection for test context [[DefaultTestContext@1bfa3893 testClass = AuthorityRepositoryTest, testInstance = pro.abacus.javatutor.repository.AuthorityRepositoryTest@a84338a, testMethod = [null], testException = [null], mergedContextConfiguration = [MergedContextConfiguration@70f85235 testClass = AuthorityRepositoryTest, locations = '{}', classes = '{class pro.abacus.javatutor.JavaTutorApplication}', contextInitializerClasses = '[]', activeProfiles = '{}', propertySourceLocations = '{}', propertySourceProperties = '{org.springframework.boot.test.context.SpringBootTestContextBootstrapper=true}', contextCustomizers = set[[ImportsContextCustomizer@3d6778d5 key = [org.springframework.boot.autoconfigure.cache.CacheAutoConfiguration, org.springframework.boot.autoconfigure.data.mongo.MongoDataAutoConfiguration, org.springframework.boot.autoconfigure.data.mongo.MongoReactiveDataAutoConfiguration, org.springframework.boot.autoconfigure.data.mongo.MongoReactiveRepositoriesAutoConfiguration, org.springframework.boot.autoconfigure.data.mongo.MongoRepositoriesAutoConfiguration, org.springframework.boot.autoconfigure.mongo.MongoAutoConfiguration, org.springframework.boot.autoconfigure.mongo.MongoReactiveAutoConfiguration, org.springframework.boot.autoconfigure.mongo.embedded.EmbeddedMongoAutoConfiguration]], org.springframework.boot.test.context.filter.ExcludeFilterContextCustomizer@290dbf45, org.springframework.boot.test.json.DuplicateJsonObjectContextCustomizerFactory$DuplicateJsonObjectContextCustomizer@69a10787, org.springframework.boot.test.mock.mockito.MockitoContextCustomizer@0, org.springframework.boot.test.autoconfigure.OverrideAutoConfigurationContextCustomizerFactory$DisableAutoConfigurationContextCustomizer@1c72da34, org.springframework.boot.test.autoconfigure.filter.TypeExcludeFiltersContextCustomizer@351584c0, org.springframework.boot.test.autoconfigure.properties.PropertyMappingContextCustomizer@9c19a3b8, org.springframework.boot.test.autoconfigure.web.servlet.WebDriverContextCustomizerFactory$Customizer@7f9fcf7f], contextLoader = 'org.springframework.boot.test.context.SpringBootContextLoader', parent = [null]], attributes = map[[empty]]]].
10:38:42,153 DEBUG org.springframework.test.context.support.DependencyInjectionTestExecutionListener:81 - Performing dependency injection for test context [[DefaultTestContext@1bfa3893 testClass = AuthorityRepositoryTest, testInstance = pro.abacus.javatutor.repository.AuthorityRepositoryTest@a84338a, testMethod = [null], testException = [null], mergedContextConfiguration = [MergedContextConfiguration@70f85235 testClass = AuthorityRepositoryTest, locations = '{}', classes = '{class pro.abacus.javatutor.JavaTutorApplication}', contextInitializerClasses = '[]', activeProfiles = '{}', propertySourceLocations = '{}', propertySourceProperties = '{org.springframework.boot.test.context.SpringBootTestContextBootstrapper=true}', contextCustomizers = set[[ImportsContextCustomizer@3d6778d5 key = [org.springframework.boot.autoconfigure.cache.CacheAutoConfiguration, org.springframework.boot.autoconfigure.data.mongo.MongoDataAutoConfiguration, org.springframework.boot.autoconfigure.data.mongo.MongoReactiveDataAutoConfiguration, org.springframework.boot.autoconfigure.data.mongo.MongoReactiveRepositoriesAutoConfiguration, org.springframework.boot.autoconfigure.data.mongo.MongoRepositoriesAutoConfiguration, org.springframework.boot.autoconfigure.mongo.MongoAutoConfiguration, org.springframework.boot.autoconfigure.mongo.MongoReactiveAutoConfiguration, org.springframework.boot.autoconfigure.mongo.embedded.EmbeddedMongoAutoConfiguration]], org.springframework.boot.test.context.filter.ExcludeFilterContextCustomizer@290dbf45, org.springframework.boot.test.json.DuplicateJsonObjectContextCustomizerFactory$DuplicateJsonObjectContextCustomizer@69a10787, org.springframework.boot.test.mock.mockito.MockitoContextCustomizer@0, org.springframework.boot.test.autoconfigure.OverrideAutoConfigurationContextCustomizerFactory$DisableAutoConfigurationContextCustomizer@1c72da34, org.springframework.boot.test.autoconfigure.filter.TypeExcludeFiltersContextCustomizer@351584c0, org.springframework.boot.test.autoconfigure.properties.PropertyMappingContextCustomizer@9c19a3b8, org.springframework.boot.test.autoconfigure.web.servlet.WebDriverContextCustomizerFactory$Customizer@7f9fcf7f], contextLoader = 'org.springframework.boot.test.context.SpringBootContextLoader', parent = [null]], attributes = map[[empty]]]].
10:38:42,163 DEBUG org.springframework.core.env.StandardEnvironment:109 - Adding PropertySource 'systemProperties' with lowest search precedence
10:38:42,163 DEBUG org.springframework.core.env.StandardEnvironment:109 - Adding PropertySource 'systemProperties' with lowest search precedence
10:38:42,164 DEBUG org.springframework.core.env.StandardEnvironment:109 - Adding PropertySource 'systemEnvironment' with lowest search precedence
10:38:42,164 DEBUG org.springframework.core.env.StandardEnvironment:109 - Adding PropertySource 'systemEnvironment' with lowest search precedence
10:38:42,166 DEBUG org.springframework.core.env.StandardEnvironment:125 - Initialized StandardEnvironment with PropertySources [MapPropertySource@1081126121 {name='systemProperties', properties={java.runtime.name=Java(TM) SE Runtime Environment, sun.boot.library.path=C:\Program Files\Java\jdk1.8.0_131\jre\bin, java.vm.version=25.131-b11, user.country.format=UA, java.vm.vendor=Oracle Corporation, java.vendor.url=http://java.oracle.com/, path.separator=;, java.vm.name=Java HotSpot(TM) 64-Bit Server VM, file.encoding.pkg=sun.io, user.country=US, user.script=, sun.java.launcher=SUN_STANDARD, sun.os.patch.level=, PID=5372, java.vm.specification.name=Java Virtual Machine Specification, user.dir=E:\java\repos\JavaTutorAPI\javatutor, java.runtime.version=1.8.0_131-b11, basedir=E:\java\repos\JavaTutorAPI\javatutor, java.awt.graphicsenv=sun.awt.Win32GraphicsEnvironment, java.endorsed.dirs=C:\Program Files\Java\jdk1.8.0_131\jre\lib\endorsed, os.arch=amd64, surefire.real.class.path=C:\Users\MARYNA~1\AppData\Local\Temp\surefire1244754544745437156\surefirebooter7935569149334272143.jar, java.io.tmpdir=C:\Users\MARYNA~1\AppData\Local\Temp\, line.separator=
, java.vm.specification.vendor=Oracle Corporation, user.variant=, os.name=Windows 10, sun.jnu.encoding=Cp1252, spring.beaninfo.ignore=true, java.library.path=C:\Program Files\Java\jdk1.8.0_131\jre\bin;C:\WINDOWS\Sun\Java\bin;C:\WINDOWS\system32;C:\WINDOWS;C:\Users\Maryna Savchenko\bin;C:\Program Files\Git\mingw64\bin;C:\Program Files\Git\usr\local\bin;C:\Program Files\Git\usr\bin;C:\Program Files\Git\usr\bin;C:\Program Files\Git\mingw64\bin;C:\Program Files\Git\usr\bin;C:\Users\Maryna Savchenko\bin;C:\Program Files\Docker\Docker\Resources\bin;C:\ProgramData\Oracle\Java\javapath;C:\Program Files (x86)\Intel\TXE Components\TCS;C:\Program Files\Intel\TXE Components\TCS;C:\WINDOWS\system32;C:\WINDOWS;C:\WINDOWS\System32\Wbem;C:\WINDOWS\System32\WindowsPowerShell\v1.0;C:\Program Files\Intel\TXE Components\DAL;C:\Program Files (x86)\Intel\TXE Components\DAL;C:\Program Files\Intel\TXE Components\IPT;C:\Program Files (x86)\Intel\TXE Components\IPT;E:\java\apache-maven-3.5.0-bin\apache-maven-3.5.0\bin;C:\Program Files\Git\cmd;C:\Program Files\Java\jdk1.8.0_131\bin;C:\Program Files\MySQL\MySQL Utilities 1.6;C:\Program Files (x86)\bin;C:\Program Files (x86)\sbt\bin;C:\Program Files (x86)\Yarn\bin;C:\ProgramData\chocolatey\bin;C:\Program Files\nodejs;C:\Users\Maryna Savchenko\AppData\Local\Microsoft\WindowsApps;E:\java\spark-2.2.0-bin-hadoop2.7\bin;C:\Program Files\Java\jdk1.8.0_131\bin;C:\Program Files (x86)\sbt\bin;C:\winutils\bin;C:\Program Files\Docker Toolbox;C:\Users\Maryna Savchenko\AppData\Local\Yarn\bin;C:\Users\Maryna Savchenko\AppData\Roaming\npm;C:\Program Files\Git\usr\bin\vendor_perl;C:\Program Files\Git\usr\bin\core_perl;., surefire.test.class.path=E:\java\repos\JavaTutorAPI\javatutor\target\test-classes;E:\java\repos\JavaTutorAPI\javatutor\target\classes;C:\Users\Maryna Savchenko\.m2\repository\org\springframework\boot\spring-boot-starter-web\2.0.2.RELEASE\spring-boot-starter-web-2.0.2.RELEASE.jar;C:\Users\Maryna Savchenko\.m2\repository\org\springframework\boot\spring-boot-starter\2.0.2.RELEASE\spring-boot-starter-2.0.2.RELEASE.jar;C:\Users\Maryna Savchenko\.m2\repository\javax\annotation\javax.annotation-api\1.3.2\javax.annotation-api-1.3.2.jar;C:\Users\Maryna Savchenko\.m2\repository\org\yaml\snakeyaml\1.19\snakeyaml-1.19.jar;C:\Users\Maryna Savchenko\.m2\repository\org\springframework\boot\spring-boot-starter-json\2.0.2.RELEASE\spring-boot-starter-json-2.0.2.RELEASE.jar;C:\Users\Maryna Savchenko\.m2\repository\com\fasterxml\jackson\core\jackson-databind\2.9.5\jackson-databind-2.9.5.jar;C:\Users\Maryna Savchenko\.m2\repository\com\fasterxml\jackson\core\jackson-annotations\2.9.0\jackson-annotations-2.9.0.jar;C:\Users\Maryna Savchenko\.m2\repository\com\fasterxml\jackson\core\jackson-core\2.9.5\jackson-core-2.9.5.jar;C:\Users\Maryna Savchenko\.m2\repository\com\fasterxml\jackson\datatype\jackson-datatype-jdk8\2.9.5\jackson-datatype-jdk8-2.9.5.jar;C:\Users\Maryna Savchenko\.m2\repository\com\fasterxml\jackson\datatype\jackson-datatype-jsr310\2.9.5\jackson-datatype-jsr310-2.9.5.jar;C:\Users\Maryna Savchenko\.m2\repository\com\fasterxml\jackson\module\jackson-module-parameter-names\2.9.5\jackson-module-parameter-names-2.9.5.jar;C:\Users\Maryna Savchenko\.m2\repository\org\springframework\boot\spring-boot-starter-tomcat\2.0.2.RELEASE\spring-boot-starter-tomcat-2.0.2.RELEASE.jar;C:\Users\Maryna Savchenko\.m2\repository\org\apache\tomcat\embed\tomcat-embed-websocket\8.5.31\tomcat-embed-websocket-8.5.31.jar;C:\Users\Maryna Savchenko\.m2\repository\org\hibernate\validator\hibernate-validator\6.0.9.Final\hibernate-validator-6.0.9.Final.jar;C:\Users\Maryna Savchenko\.m2\repository\javax\validation\validation-api\2.0.1.Final\validation-api-2.0.1.Final.jar;C:\Users\Maryna Savchenko\.m2\repository\org\jboss\logging\jboss-logging\3.3.2.Final\jboss-logging-3.3.2.Final.jar;C:\Users\Maryna Savchenko\.m2\repository\com\fasterxml\classmate\1.3.4\classmate-1.3.4.jar;C:\Users\Maryna Savchenko\.m2\repository\org\springframework\spring-web\5.0.6.RELEASE\spring-web-5.0.6.RELEASE.jar;C:\Users\Maryna Savchenko\.m2\repository\org\springframework\spring-beans\5.0.6.RELEASE\spring-beans-5.0.6.RELEASE.jar;C:\Users\Maryna Savchenko\.m2\repository\org\springframework\spring-webmvc\5.0.6.RELEASE\spring-webmvc-5.0.6.RELEASE.jar;C:\Users\Maryna Savchenko\.m2\repository\org\springframework\spring-context\5.0.6.RELEASE\spring-context-5.0.6.RELEASE.jar;C:\Users\Maryna Savchenko\.m2\repository\org\springframework\spring-expression\5.0.6.RELEASE\spring-expression-5.0.6.RELEASE.jar;C:\Users\Maryna Savchenko\.m2\repository\org\slf4j\jcl-over-slf4j\1.7.25\jcl-over-slf4j-1.7.25.jar;C:\Users\Maryna Savchenko\.m2\repository\org\slf4j\slf4j-api\1.7.25\slf4j-api-1.7.25.jar;C:\Users\Maryna Savchenko\.m2\repository\org\slf4j\jul-to-slf4j\1.7.25\jul-to-slf4j-1.7.25.jar;C:\Users\Maryna Savchenko\.m2\repository\org\slf4j\slf4j-log4j12\1.7.25\slf4j-log4j12-1.7.25.jar;C:\Users\Maryna Savchenko\.m2\repository\log4j\log4j\1.2.17\log4j-1.2.17.jar;C:\Users\Maryna Savchenko\.m2\repository\org\springframework\boot\spring-boot-starter-data-mongodb\2.0.2.RELEASE\spring-boot-starter-data-mongodb-2.0.2.RELEASE.jar;C:\Users\Maryna Savchenko\.m2\repository\org\mongodb\mongodb-driver\3.6.0\mongodb-driver-3.6.0.jar;C:\Users\Maryna Savchenko\.m2\repository\org\mongodb\bson\3.6.0\bson-3.6.0.jar;C:\Users\Maryna Savchenko\.m2\repository\org\mongodb\mongodb-driver-core\3.6.0\mongodb-driver-core-3.6.0.jar;C:\Users\Maryna Savchenko\.m2\repository\org\springframework\data\spring-data-mongodb\2.0.7.RELEASE\spring-data-mongodb-2.0.7.RELEASE.jar;C:\Users\Maryna Savchenko\.m2\repository\org\springframework\spring-tx\5.0.6.RELEASE\spring-tx-5.0.6.RELEASE.jar;C:\Users\Maryna Savchenko\.m2\repository\org\springframework\data\spring-data-commons\2.0.7.RELEASE\spring-data-commons-2.0.7.RELEASE.jar;C:\Users\Maryna Savchenko\.m2\repository\org\springframework\boot\spring-boot-starter-actuator\2.0.2.RELEASE\spring-boot-starter-actuator-2.0.2.RELEASE.jar;C:\Users\Maryna Savchenko\.m2\repository\org\springframework\boot\spring-boot-actuator-autoconfigure\2.0.2.RELEASE\spring-boot-actuator-autoconfigure-2.0.2.RELEASE.jar;C:\Users\Maryna Savchenko\.m2\repository\org\springframework\boot\spring-boot-actuator\2.0.2.RELEASE\spring-boot-actuator-2.0.2.RELEASE.jar;C:\Users\Maryna Savchenko\.m2\repository\io\micrometer\micrometer-core\1.0.4\micrometer-core-1.0.4.jar;C:\Users\Maryna Savchenko\.m2\repository\org\hdrhistogram\HdrHistogram\2.1.10\HdrHistogram-2.1.10.jar;C:\Users\Maryna Savchenko\.m2\repository\org\latencyutils\LatencyUtils\2.0.3\LatencyUtils-2.0.3.jar;C:\Users\Maryna Savchenko\.m2\repository\org\springframework\boot\spring-boot-starter-security\2.0.2.RELEASE\spring-boot-starter-security-2.0.2.RELEASE.jar;C:\Users\Maryna Savchenko\.m2\repository\org\springframework\spring-aop\5.0.6.RELEASE\spring-aop-5.0.6.RELEASE.jar;C:\Users\Maryna Savchenko\.m2\repository\org\springframework\security\spring-security-config\5.0.5.RELEASE\spring-security-config-5.0.5.RELEASE.jar;C:\Users\Maryna Savchenko\.m2\repository\org\springframework\security\spring-security-web\5.0.5.RELEASE\spring-security-web-5.0.5.RELEASE.jar;C:\Users\Maryna Savchenko\.m2\repository\org\springframework\security\spring-security-test\5.0.5.RELEASE\spring-security-test-5.0.5.RELEASE.jar;C:\Users\Maryna Savchenko\.m2\repository\org\springframework\security\spring-security-core\5.0.5.RELEASE\spring-security-core-5.0.5.RELEASE.jar;C:\Users\Maryna Savchenko\.m2\repository\org\springframework\spring-core\5.0.6.RELEASE\spring-core-5.0.6.RELEASE.jar;C:\Users\Maryna Savchenko\.m2\repository\org\springframework\spring-jcl\5.0.6.RELEASE\spring-jcl-5.0.6.RELEASE.jar;C:\Users\Maryna Savchenko\.m2\repository\org\springframework\spring-test\5.0.6.RELEASE\spring-test-5.0.6.RELEASE.jar;C:\Users\Maryna Savchenko\.m2\repository\org\springframework\boot\spring-boot-devtools\2.0.2.RELEASE\spring-boot-devtools-2.0.2.RELEASE.jar;C:\Users\Maryna Savchenko\.m2\repository\org\springframework\boot\spring-boot\2.0.2.RELEASE\spring-boot-2.0.2.RELEASE.jar;C:\Users\Maryna Savchenko\.m2\repository\org\springframework\boot\spring-boot-autoconfigure\2.0.2.RELEASE\spring-boot-autoconfigure-2.0.2.RELEASE.jar;C:\Users\Maryna Savchenko\.m2\repository\org\springframework\boot\spring-boot-starter-test\2.0.2.RELEASE\spring-boot-starter-test-2.0.2.RELEASE.jar;C:\Users\Maryna Savchenko\.m2\repository\org\springframework\boot\spring-boot-test\2.0.2.RELEASE\spring-boot-test-2.0.2.RELEASE.jar;C:\Users\Maryna Savchenko\.m2\repository\org\springframework\boot\spring-boot-test-autoconfigure\2.0.2.RELEASE\spring-boot-test-autoconfigure-2.0.2.RELEASE.jar;C:\Users\Maryna Savchenko\.m2\repository\com\jayway\jsonpath\json-path\2.4.0\json-path-2.4.0.jar;C:\Users\Maryna Savchenko\.m2\repository\net\minidev\json-smart\2.3\json-smart-2.3.jar;C:\Users\Maryna Savchenko\.m2\repository\net\minidev\accessors-smart\1.2\accessors-smart-1.2.jar;C:\Users\Maryna Savchenko\.m2\repository\org\ow2\asm\asm\5.0.4\asm-5.0.4.jar;C:\Users\Maryna Savchenko\.m2\repository\org\assertj\assertj-core\3.9.1\assertj-core-3.9.1.jar;C:\Users\Maryna Savchenko\.m2\repository\org\mockito\mockito-core\2.15.0\mockito-core-2.15.0.jar;C:\Users\Maryna Savchenko\.m2\repository\net\bytebuddy\byte-buddy\1.7.11\byte-buddy-1.7.11.jar;C:\Users\Maryna Savchenko\.m2\repository\net\bytebuddy\byte-buddy-agent\1.7.11\byte-buddy-agent-1.7.11.jar;C:\Users\Maryna Savchenko\.m2\repository\org\objenesis\objenesis\2.6\objenesis-2.6.jar;C:\Users\Maryna Savchenko\.m2\repository\org\hamcrest\hamcrest-core\1.3\hamcrest-core-1.3.jar;C:\Users\Maryna Savchenko\.m2\repository\org\hamcrest\hamcrest-library\1.3\hamcrest-library-1.3.jar;C:\Users\Maryna Savchenko\.m2\repository\org\skyscreamer\jsonassert\1.5.0\jsonassert-1.5.0.jar;C:\Users\Maryna Savchenko\.m2\repository\com\vaadin\external\google\android-json\0.0.20131108.vaadin1\android-json-0.0.20131108.vaadin1.jar;C:\Users\Maryna Savchenko\.m2\repository\org\xmlunit\xmlunit-core\2.5.1\xmlunit-core-2.5.1.jar;C:\Users\Maryna Savchenko\.m2\repository\pl\pragmatists\JUnitParams\1.1.1\JUnitParams-1.1.1.jar;C:\Users\Maryna Savchenko\.m2\repository\org\apache\tomcat\embed\tomcat-embed-jasper\8.5.31\tomcat-embed-jasper-8.5.31.jar;C:\Users\Maryna Savchenko\.m2\repository\org\apache\tomcat\embed\tomcat-embed-core\8.5.31\tomcat-embed-core-8.5.31.jar;C:\Users\Maryna Savchenko\.m2\repository\org\apache\tomcat\tomcat-annotations-api\8.5.31\tomcat-annotations-api-8.5.31.jar;C:\Users\Maryna Savchenko\.m2\repository\org\apache\tomcat\embed\tomcat-embed-el\8.5.31\tomcat-embed-el-8.5.31.jar;C:\Users\Maryna Savchenko\.m2\repository\org\eclipse\jdt\ecj\3.12.3\ecj-3.12.3.jar;C:\Users\Maryna Savchenko\.m2\repository\junit\junit\4.12\junit-4.12.jar;C:\Users\Maryna Savchenko\.m2\repository\org\projectlombok\lombok\1.16.20\lombok-1.16.20.jar;C:\Users\Maryna Savchenko\.m2\repository\org\projectlombok\lombok-maven-plugin\1.16.20.0\lombok-maven-plugin-1.16.20.0.jar;C:\Users\Maryna Savchenko\.m2\repository\org\apache\commons\commons-lang3\3.7\commons-lang3-3.7.jar;C:\Users\Maryna Savchenko\.m2\repository\org\sonatype\plexus\plexus-build-api\0.0.7\plexus-build-api-0.0.7.jar;C:\Users\Maryna Savchenko\.m2\repository\org\codehaus\plexus\plexus-utils\1.5.8\plexus-utils-1.5.8.jar;, java.specification.name=Java Platform API Specification, java.class.version=52.0, sun.management.compiler=HotSpot 64-Bit Tiered Compilers, os.version=10.0, user.home=C:\Users\Maryna Savchenko, user.timezone=Europe/Belgrade, java.awt.printerjob=sun.awt.windows.WPrinterJob, file.encoding=Cp1252, java.specification.version=1.8, java.class.path=E:\java\repos\JavaTutorAPI\javatutor\target\test-classes;E:\java\repos\JavaTutorAPI\javatutor\target\classes;C:\Users\Maryna Savchenko\.m2\repository\org\springframework\boot\spring-boot-starter-web\2.0.2.RELEASE\spring-boot-starter-web-2.0.2.RELEASE.jar;C:\Users\Maryna Savchenko\.m2\repository\org\springframework\boot\spring-boot-starter\2.0.2.RELEASE\spring-boot-starter-2.0.2.RELEASE.jar;C:\Users\Maryna Savchenko\.m2\repository\javax\annotation\javax.annotation-api\1.3.2\javax.annotation-api-1.3.2.jar;C:\Users\Maryna Savchenko\.m2\repository\org\yaml\snakeyaml\1.19\snakeyaml-1.19.jar;C:\Users\Maryna Savchenko\.m2\repository\org\springframework\boot\spring-boot-starter-json\2.0.2.RELEASE\spring-boot-starter-json-2.0.2.RELEASE.jar;C:\Users\Maryna Savchenko\.m2\repository\com\fasterxml\jackson\core\jackson-databind\2.9.5\jackson-databind-2.9.5.jar;C:\Users\Maryna Savchenko\.m2\repository\com\fasterxml\jackson\core\jackson-annotations\2.9.0\jackson-annotations-2.9.0.jar;C:\Users\Maryna Savchenko\.m2\repository\com\fasterxml\jackson\core\jackson-core\2.9.5\jackson-core-2.9.5.jar;C:\Users\Maryna Savchenko\.m2\repository\com\fasterxml\jackson\datatype\jackson-datatype-jdk8\2.9.5\jackson-datatype-jdk8-2.9.5.jar;C:\Users\Maryna Savchenko\.m2\repository\com\fasterxml\jackson\datatype\jackson-datatype-jsr310\2.9.5\jackson-datatype-jsr310-2.9.5.jar;C:\Users\Maryna Savchenko\.m2\repository\com\fasterxml\jackson\module\jackson-module-parameter-names\2.9.5\jackson-module-parameter-names-2.9.5.jar;C:\Users\Maryna Savchenko\.m2\repository\org\springframework\boot\spring-boot-starter-tomcat\2.0.2.RELEASE\spring-boot-starter-tomcat-2.0.2.RELEASE.jar;C:\Users\Maryna Savchenko\.m2\repository\org\apache\tomcat\embed\tomcat-embed-websocket\8.5.31\tomcat-embed-websocket-8.5.31.jar;C:\Users\Maryna Savchenko\.m2\repository\org\hibernate\validator\hibernate-validator\6.0.9.Final\hibernate-validator-6.0.9.Final.jar;C:\Users\Maryna Savchenko\.m2\repository\javax\validation\validation-api\2.0.1.Final\validation-api-2.0.1.Final.jar;C:\Users\Maryna Savchenko\.m2\repository\org\jboss\logging\jboss-logging\3.3.2.Final\jboss-logging-3.3.2.Final.jar;C:\Users\Maryna Savchenko\.m2\repository\com\fasterxml\classmate\1.3.4\classmate-1.3.4.jar;C:\Users\Maryna Savchenko\.m2\repository\org\springframework\spring-web\5.0.6.RELEASE\spring-web-5.0.6.RELEASE.jar;C:\Users\Maryna Savchenko\.m2\repository\org\springframework\spring-beans\5.0.6.RELEASE\spring-beans-5.0.6.RELEASE.jar;C:\Users\Maryna Savchenko\.m2\repository\org\springframework\spring-webmvc\5.0.6.RELEASE\spring-webmvc-5.0.6.RELEASE.jar;C:\Users\Maryna Savchenko\.m2\repository\org\springframework\spring-context\5.0.6.RELEASE\spring-context-5.0.6.RELEASE.jar;C:\Users\Maryna Savchenko\.m2\repository\org\springframework\spring-expression\5.0.6.RELEASE\spring-expression-5.0.6.RELEASE.jar;C:\Users\Maryna Savchenko\.m2\repository\org\slf4j\jcl-over-slf4j\1.7.25\jcl-over-slf4j-1.7.25.jar;C:\Users\Maryna Savchenko\.m2\repository\org\slf4j\slf4j-api\1.7.25\slf4j-api-1.7.25.jar;C:\Users\Maryna Savchenko\.m2\repository\org\slf4j\jul-to-slf4j\1.7.25\jul-to-slf4j-1.7.25.jar;C:\Users\Maryna Savchenko\.m2\repository\org\slf4j\slf4j-log4j12\1.7.25\slf4j-log4j12-1.7.25.jar;C:\Users\Maryna Savchenko\.m2\repository\log4j\log4j\1.2.17\log4j-1.2.17.jar;C:\Users\Maryna Savchenko\.m2\repository\org\springframework\boot\spring-boot-starter-data-mongodb\2.0.2.RELEASE\spring-boot-starter-data-mongodb-2.0.2.RELEASE.jar;C:\Users\Maryna Savchenko\.m2\repository\org\mongodb\mongodb-driver\3.6.0\mongodb-driver-3.6.0.jar;C:\Users\Maryna Savchenko\.m2\repository\org\mongodb\bson\3.6.0\bson-3.6.0.jar;C:\Users\Maryna Savchenko\.m2\repository\org\mongodb\mongodb-driver-core\3.6.0\mongodb-driver-core-3.6.0.jar;C:\Users\Maryna Savchenko\.m2\repository\org\springframework\data\spring-data-mongodb\2.0.7.RELEASE\spring-data-mongodb-2.0.7.RELEASE.jar;C:\Users\Maryna Savchenko\.m2\repository\org\springframework\spring-tx\5.0.6.RELEASE\spring-tx-5.0.6.RELEASE.jar;C:\Users\Maryna Savchenko\.m2\repository\org\springframework\data\spring-data-commons\2.0.7.RELEASE\spring-data-commons-2.0.7.RELEASE.jar;C:\Users\Maryna Savchenko\.m2\repository\org\springframework\boot\spring-boot-starter-actuator\2.0.2.RELEASE\spring-boot-starter-actuator-2.0.2.RELEASE.jar;C:\Users\Maryna Savchenko\.m2\repository\org\springframework\boot\spring-boot-actuator-autoconfigure\2.0.2.RELEASE\spring-boot-actuator-autoconfigure-2.0.2.RELEASE.jar;C:\Users\Maryna Savchenko\.m2\repository\org\springframework\boot\spring-boot-actuator\2.0.2.RELEASE\spring-boot-actuator-2.0.2.RELEASE.jar;C:\Users\Maryna Savchenko\.m2\repository\io\micrometer\micrometer-core\1.0.4\micrometer-core-1.0.4.jar;C:\Users\Maryna Savchenko\.m2\repository\org\hdrhistogram\HdrHistogram\2.1.10\HdrHistogram-2.1.10.jar;C:\Users\Maryna Savchenko\.m2\repository\org\latencyutils\LatencyUtils\2.0.3\LatencyUtils-2.0.3.jar;C:\Users\Maryna Savchenko\.m2\repository\org\springframework\boot\spring-boot-starter-security\2.0.2.RELEASE\spring-boot-starter-security-2.0.2.RELEASE.jar;C:\Users\Maryna Savchenko\.m2\repository\org\springframework\spring-aop\5.0.6.RELEASE\spring-aop-5.0.6.RELEASE.jar;C:\Users\Maryna Savchenko\.m2\repository\org\springframework\security\spring-security-config\5.0.5.RELEASE\spring-security-config-5.0.5.RELEASE.jar;C:\Users\Maryna Savchenko\.m2\repository\org\springframework\security\spring-security-web\5.0.5.RELEASE\spring-security-web-5.0.5.RELEASE.jar;C:\Users\Maryna Savchenko\.m2\repository\org\springframework\security\spring-security-test\5.0.5.RELEASE\spring-security-test-5.0.5.RELEASE.jar;C:\Users\Maryna Savchenko\.m2\repository\org\springframework\security\spring-security-core\5.0.5.RELEASE\spring-security-core-5.0.5.RELEASE.jar;C:\Users\Maryna Savchenko\.m2\repository\org\springframework\spring-core\5.0.6.RELEASE\spring-core-5.0.6.RELEASE.jar;C:\Users\Maryna Savchenko\.m2\repository\org\springframework\spring-jcl\5.0.6.RELEASE\spring-jcl-5.0.6.RELEASE.jar;C:\Users\Maryna Savchenko\.m2\repository\org\springframework\spring-test\5.0.6.RELEASE\spring-test-5.0.6.RELEASE.jar;C:\Users\Maryna Savchenko\.m2\repository\org\springframework\boot\spring-boot-devtools\2.0.2.RELEASE\spring-boot-devtools-2.0.2.RELEASE.jar;C:\Users\Maryna Savchenko\.m2\repository\org\springframework\boot\spring-boot\2.0.2.RELEASE\spring-boot-2.0.2.RELEASE.jar;C:\Users\Maryna Savchenko\.m2\repository\org\springframework\boot\spring-boot-autoconfigure\2.0.2.RELEASE\spring-boot-autoconfigure-2.0.2.RELEASE.jar;C:\Users\Maryna Savchenko\.m2\repository\org\springframework\boot\spring-boot-starter-test\2.0.2.RELEASE\spring-boot-starter-test-2.0.2.RELEASE.jar;C:\Users\Maryna Savchenko\.m2\repository\org\springframework\boot\spring-boot-test\2.0.2.RELEASE\spring-boot-test-2.0.2.RELEASE.jar;C:\Users\Maryna Savchenko\.m2\repository\org\springframework\boot\spring-boot-test-autoconfigure\2.0.2.RELEASE\spring-boot-test-autoconfigure-2.0.2.RELEASE.jar;C:\Users\Maryna Savchenko\.m2\repository\com\jayway\jsonpath\json-path\2.4.0\json-path-2.4.0.jar;C:\Users\Maryna Savchenko\.m2\repository\net\minidev\json-smart\2.3\json-smart-2.3.jar;C:\Users\Maryna Savchenko\.m2\repository\net\minidev\accessors-smart\1.2\accessors-smart-1.2.jar;C:\Users\Maryna Savchenko\.m2\repository\org\ow2\asm\asm\5.0.4\asm-5.0.4.jar;C:\Users\Maryna Savchenko\.m2\repository\org\assertj\assertj-core\3.9.1\assertj-core-3.9.1.jar;C:\Users\Maryna Savchenko\.m2\repository\org\mockito\mockito-core\2.15.0\mockito-core-2.15.0.jar;C:\Users\Maryna Savchenko\.m2\repository\net\bytebuddy\byte-buddy\1.7.11\byte-buddy-1.7.11.jar;C:\Users\Maryna Savchenko\.m2\repository\net\bytebuddy\byte-buddy-agent\1.7.11\byte-buddy-agent-1.7.11.jar;C:\Users\Maryna Savchenko\.m2\repository\org\objenesis\objenesis\2.6\objenesis-2.6.jar;C:\Users\Maryna Savchenko\.m2\repository\org\hamcrest\hamcrest-core\1.3\hamcrest-core-1.3.jar;C:\Users\Maryna Savchenko\.m2\repository\org\hamcrest\hamcrest-library\1.3\hamcrest-library-1.3.jar;C:\Users\Maryna Savchenko\.m2\repository\org\skyscreamer\jsonassert\1.5.0\jsonassert-1.5.0.jar;C:\Users\Maryna Savchenko\.m2\repository\com\vaadin\external\google\android-json\0.0.20131108.vaadin1\android-json-0.0.20131108.vaadin1.jar;C:\Users\Maryna Savchenko\.m2\repository\org\xmlunit\xmlunit-core\2.5.1\xmlunit-core-2.5.1.jar;C:\Users\Maryna Savchenko\.m2\repository\pl\pragmatists\JUnitParams\1.1.1\JUnitParams-1.1.1.jar;C:\Users\Maryna Savchenko\.m2\repository\org\apache\tomcat\embed\tomcat-embed-jasper\8.5.31\tomcat-embed-jasper-8.5.31.jar;C:\Users\Maryna Savchenko\.m2\repository\org\apache\tomcat\embed\tomcat-embed-core\8.5.31\tomcat-embed-core-8.5.31.jar;C:\Users\Maryna Savchenko\.m2\repository\org\apache\tomcat\tomcat-annotations-api\8.5.31\tomcat-annotations-api-8.5.31.jar;C:\Users\Maryna Savchenko\.m2\repository\org\apache\tomcat\embed\tomcat-embed-el\8.5.31\tomcat-embed-el-8.5.31.jar;C:\Users\Maryna Savchenko\.m2\repository\org\eclipse\jdt\ecj\3.12.3\ecj-3.12.3.jar;C:\Users\Maryna Savchenko\.m2\repository\junit\junit\4.12\junit-4.12.jar;C:\Users\Maryna Savchenko\.m2\repository\org\projectlombok\lombok\1.16.20\lombok-1.16.20.jar;C:\Users\Maryna Savchenko\.m2\repository\org\projectlombok\lombok-maven-plugin\1.16.20.0\lombok-maven-plugin-1.16.20.0.jar;C:\Users\Maryna Savchenko\.m2\repository\org\apache\commons\commons-lang3\3.7\commons-lang3-3.7.jar;C:\Users\Maryna Savchenko\.m2\repository\org\sonatype\plexus\plexus-build-api\0.0.7\plexus-build-api-0.0.7.jar;C:\Users\Maryna Savchenko\.m2\repository\org\codehaus\plexus\plexus-utils\1.5.8\plexus-utils-1.5.8.jar;, user.name=Maryna Savchenko, java.vm.specification.version=1.8, sun.java.command=C:\Users\MARYNA~1\AppData\Local\Temp\surefire1244754544745437156\surefirebooter7935569149334272143.jar C:\Users\Maryna Savchenko\AppData\Local\Temp\surefire1244754544745437156 2018-10-11T10-37-06_854-jvmRun1 surefire6084229711424990350tmp surefire_01445494788152468973tmp, java.home=C:\Program Files\Java\jdk1.8.0_131\jre, sun.arch.data.model=64, user.language=en, java.specification.vendor=Oracle Corporation, user.language.format=uk, awt.toolkit=sun.awt.windows.WToolkit, java.vm.info=mixed mode, java.version=1.8.0_131, java.ext.dirs=C:\Program Files\Java\jdk1.8.0_131\jre\lib\ext;C:\WINDOWS\Sun\Java\lib\ext, sun.boot.class.path=C:\Program Files\Java\jdk1.8.0_131\jre\lib\resources.jar;C:\Program Files\Java\jdk1.8.0_131\jre\lib\rt.jar;C:\Program Files\Java\jdk1.8.0_131\jre\lib\sunrsasign.jar;C:\Program Files\Java\jdk1.8.0_131\jre\lib\jsse.jar;C:\Program Files\Java\jdk1.8.0_131\jre\lib\jce.jar;C:\Program Files\Java\jdk1.8.0_131\jre\lib\charsets.jar;C:\Program Files\Java\jdk1.8.0_131\jre\lib\jfr.jar;C:\Program Files\Java\jdk1.8.0_131\jre\classes, java.awt.headless=true, java.vendor=Oracle Corporation, localRepository=C:\Users\Maryna Savchenko\.m2\repository, file.separator=\, java.vendor.url.bug=http://bugreport.sun.com/bugreport/, sun.io.unicode.encoding=UnicodeLittle, sun.cpu.endian=little, sun.desktop=windows, sun.cpu.isalist=amd64}}, SystemEnvironmentPropertySource@1915430696 {name='systemEnvironment', properties={PATH=C:\Users\Maryna Savchenko\bin;C:\Program Files\Git\mingw64\bin;C:\Program Files\Git\usr\local\bin;C:\Program Files\Git\usr\bin;C:\Program Files\Git\usr\bin;C:\Program Files\Git\mingw64\bin;C:\Program Files\Git\usr\bin;C:\Users\Maryna Savchenko\bin;C:\Program Files\Docker\Docker\Resources\bin;C:\ProgramData\Oracle\Java\javapath;C:\Program Files (x86)\Intel\TXE Components\TCS;C:\Program Files\Intel\TXE Components\TCS;C:\WINDOWS\system32;C:\WINDOWS;C:\WINDOWS\System32\Wbem;C:\WINDOWS\System32\WindowsPowerShell\v1.0;C:\Program Files\Intel\TXE Components\DAL;C:\Program Files (x86)\Intel\TXE Components\DAL;C:\Program Files\Intel\TXE Components\IPT;C:\Program Files (x86)\Intel\TXE Components\IPT;E:\java\apache-maven-3.5.0-bin\apache-maven-3.5.0\bin;C:\Program Files\Git\cmd;C:\Program Files\Java\jdk1.8.0_131\bin;C:\Program Files\MySQL\MySQL Utilities 1.6;C:\Program Files (x86)\bin;C:\Program Files (x86)\sbt\bin;C:\Program Files (x86)\Yarn\bin;C:\ProgramData\chocolatey\bin;C:\Program Files\nodejs;C:\Users\Maryna Savchenko\AppData\Local\Microsoft\WindowsApps;E:\java\spark-2.2.0-bin-hadoop2.7\bin;C:\Program Files\Java\jdk1.8.0_131\bin;C:\Program Files (x86)\sbt\bin;C:\winutils\bin;C:\Program Files\Docker Toolbox;C:\Users\Maryna Savchenko\AppData\Local\Yarn\bin;C:\Users\Maryna Savchenko\AppData\Roaming\npm;C:\Program Files\Git\usr\bin\vendor_perl;C:\Program Files\Git\usr\bin\core_perl, USERDOMAIN_ROAMINGPROFILE=BigBrother, PKG_CONFIG_PATH=C:\Program Files\Git\mingw64\lib\pkgconfig;C:\Program Files\Git\mingw64\share\pkgconfig, MSYSTEM_PREFIX=C:/Program Files/Git/mingw64, PROCESSOR_LEVEL=6, SYSTEMDRIVE=C:, CONFIG_SITE=C:/Program Files/Git/mingw64/etc/config.site, FP_NO_HOST_CHECK=NO, POSTGIS_GDAL_ENABLED_DRIVERS=GTiff PNG JPEG GIF XYZ DTED USGSDEM AAIGrid, SESSIONNAME=Console, ALLUSERSPROFILE=C:\ProgramData, GDAL_DATA=C:\Program Files\PostgreSQL\9.6\gdal-data, PROCESSOR_ARCHITECTURE=AMD64, MSYSTEM_CHOST=x86_64-w64-mingw32, =E:=E:\java\repos\JavaTutorAPI\javatutor, ORIGINAL_TEMP=C:/Users/MARYNA~1/AppData/Local/Temp, PROGRAMFILES=C:\Program Files, POSTGIS_ENABLE_OUTDB_RASTERS=1, PSMODULEPATH=C:\WINDOWS\system32\WindowsPowerShell\v1.0\Modules\, PROGRAMDATA=C:\ProgramData, CHOCOLATEYLASTPATHUPDATE=?? ??? 24 11:36:27 2018, USERNAME=Maryna Savchenko, PWD=E:/java/repos/JavaTutorAPI/javatutor, INFOPATH=C:\Program Files\Git\usr\local\info;C:\Program Files\Git\usr\share\info;C:\Program Files\Git\usr\info;C:\Program Files\Git\share\info, FPS_BROWSER_USER_PROFILE_STRING=Default, ONEDRIVE=C:\Users\Maryna Savchenko\OneDrive, PATHEXT=.COM;.EXE;.BAT;.CMD;.VBS;.VBE;.JS;.JSE;.WSF;.WSH;.MSC, SHELL=C:\Program Files\Git\usr\bin\bash.exe, ORIGINAL_TMP=C:/Users/MARYNA~1/AppData/Local/Temp, OLDPWD=E:/java/repos/JavaTutorAPI/javatutor, TMPDIR=C:\Users\MARYNA~1\AppData\Local\Temp, WINDIR=C:\WINDOWS, SSH_ASKPASS=C:/Program Files/Git/mingw64/libexec/git-core/git-gui--askpass, HOMEPATH=\Users\Maryna Savchenko, PROCESSOR_IDENTIFIER=Intel64 Family 6 Model 76 Stepping 3, GenuineIntel, HADOOP_HOME=C:\winutils, M2_HOME=E:\java\apache-maven-3.5.0-bin\apache-maven-3.5.0, PUBLIC=C:\Users\Public, MINGW_CHOST=x86_64-w64-mingw32, =::=::\, EXEPATH=C:\Program Files\Git, SHLVL=1, LOCALAPPDATA=C:\Users\Maryna Savchenko\AppData\Local, ORIGINAL_PATH=C:\Program Files\Git\mingw64\bin;C:\Program Files\Git\usr\bin;C:\Users\Maryna Savchenko\bin;C:\Program Files\Docker\Docker\Resources\bin;C:\ProgramData\Oracle\Java\javapath;C:\Program Files (x86)\Intel\TXE Components\TCS;C:\Program Files\Intel\TXE Components\TCS;C:\WINDOWS\system32;C:\WINDOWS;C:\WINDOWS\System32\Wbem;C:\WINDOWS\System32\WindowsPowerShell\v1.0;C:\Program Files\Intel\TXE Components\DAL;C:\Program Files (x86)\Intel\TXE Components\DAL;C:\Program Files\Intel\TXE Components\IPT;C:\Program Files (x86)\Intel\TXE Components\IPT;E:\java\apache-maven-3.5.0-bin\apache-maven-3.5.0\bin;C:\Program Files\Git\cmd;C:\Program Files\Java\jdk1.8.0_131\bin;C:\Program Files\MySQL\MySQL Utilities 1.6;C:\Program Files (x86)\bin;C:\Program Files (x86)\sbt\bin;C:\Program Files (x86)\Yarn\bin;C:\ProgramData\chocolatey\bin;C:\Program Files\nodejs;C:\Users\Maryna Savchenko\AppData\Local\Microsoft\WindowsApps;E:\java\spark-2.2.0-bin-hadoop2.7\bin;C:\Program Files\Java\jdk1.8.0_131\bin;C:\Program Files (x86)\sbt\bin;C:\winutils\bin;C:\Program Files\Docker Toolbox;C:\Users\Maryna Savchenko\AppData\Local\Yarn\bin;C:\Users\Maryna Savchenko\AppData\Roaming\npm, MANPATH=C:\Program Files\Git\mingw64\share\man;C:\Program Files\Git\usr\local\man;C:\Program Files\Git\usr\share\man;C:\Program Files\Git\usr\man;C:\Program Files\Git\share\man, COMMONPROGRAMFILES(X86)=C:\Program Files (x86)\Common Files, MINGW_PACKAGE_PREFIX=mingw-w64-x86_64, USERDOMAIN=BigBrother, FPS_BROWSER_APP_PROFILE_STRING=Internet Explorer, LOGONSERVER=\\BIGBROTHER, JAVA_HOME=C:/Program Files/Java/jdk1.8.0_131, PLINK_PROTOCOL=ssh, PROMPT=$P$G, PROGRAMFILES(X86)=C:\Program Files (x86), TERM=xterm, LANG=en_US.UTF-8, MINGW_PREFIX=C:/Program Files/Git/mingw64, DISPLAY=needs-to-be-defined, MSYSTEM=MINGW64, APPDATA=C:\Users\Maryna Savchenko\AppData\Roaming, SPARK_HOME=E:\java\spark-2.2.0-bin-hadoop2.7, PROGRAMW6432=C:\Program Files, SYSTEMROOT=C:\WINDOWS, CHOCOLATEYINSTALL=C:\ProgramData\chocolatey, MAVEN_CMD_LINE_ARGS= test, SCALA_HOME=C:\Program Files (x86)\sbt, VBOX_MSI_INSTALL_PATH=C:\Program Files\Oracle\VirtualBox\, OS=Windows_NT, COMMONPROGRAMW6432=C:\Program Files\Common Files, COMPUTERNAME=BIGBROTHER, COMMONPROGRAMFILES=C:\Program Files\Common Files, COMSPEC=C:\WINDOWS\system32\cmd.exe, SBT_HOME=C:\Program Files (x86)\sbt\, MAVEN_PROJECTBASEDIR=E:/java/repos/JavaTutorAPI/javatutor, PROCESSOR_REVISION=4c03, ACLOCAL_PATH=C:\Program Files\Git\mingw64\share\aclocal;C:\Program Files\Git\usr\share\aclocal, MSYSTEM_CARCH=x86_64, PRINTER=Foxit Reader PDF Printer, TEMP=C:\Users\MARYNA~1\AppData\Local\Temp, HOSTNAME=BigBrother, HOMEDRIVE=C:, USERPROFILE=C:\Users\Maryna Savchenko, TMP=C:\Users\MARYNA~1\AppData\Local\Temp, NUMBER_OF_PROCESSORS=4, DOCKER_TOOLBOX_INSTALL_PATH=C:\Program Files\Docker Toolbox, HOME=C:\Users\Maryna Savchenko}}]
10:38:42,166 DEBUG org.springframework.core.env.StandardEnvironment:125 - Initialized StandardEnvironment with PropertySources [MapPropertySource@1081126121 {name='systemProperties', properties={java.runtime.name=Java(TM) SE Runtime Environment, sun.boot.library.path=C:\Program Files\Java\jdk1.8.0_131\jre\bin, java.vm.version=25.131-b11, user.country.format=UA, java.vm.vendor=Oracle Corporation, java.vendor.url=http://java.oracle.com/, path.separator=;, java.vm.name=Java HotSpot(TM) 64-Bit Server VM, file.encoding.pkg=sun.io, user.country=US, user.script=, sun.java.launcher=SUN_STANDARD, sun.os.patch.level=, PID=5372, java.vm.specification.name=Java Virtual Machine Specification, user.dir=E:\java\repos\JavaTutorAPI\javatutor, java.runtime.version=1.8.0_131-b11, basedir=E:\java\repos\JavaTutorAPI\javatutor, java.awt.graphicsenv=sun.awt.Win32GraphicsEnvironment, java.endorsed.dirs=C:\Program Files\Java\jdk1.8.0_131\jre\lib\endorsed, os.arch=amd64, surefire.real.class.path=C:\Users\MARYNA~1\AppData\Local\Temp\surefire1244754544745437156\surefirebooter7935569149334272143.jar, java.io.tmpdir=C:\Users\MARYNA~1\AppData\Local\Temp\, line.separator=
, java.vm.specification.vendor=Oracle Corporation, user.variant=, os.name=Windows 10, sun.jnu.encoding=Cp1252, spring.beaninfo.ignore=true, java.library.path=C:\Program Files\Java\jdk1.8.0_131\jre\bin;C:\WINDOWS\Sun\Java\bin;C:\WINDOWS\system32;C:\WINDOWS;C:\Users\Maryna Savchenko\bin;C:\Program Files\Git\mingw64\bin;C:\Program Files\Git\usr\local\bin;C:\Program Files\Git\usr\bin;C:\Program Files\Git\usr\bin;C:\Program Files\Git\mingw64\bin;C:\Program Files\Git\usr\bin;C:\Users\Maryna Savchenko\bin;C:\Program Files\Docker\Docker\Resources\bin;C:\ProgramData\Oracle\Java\javapath;C:\Program Files (x86)\Intel\TXE Components\TCS;C:\Program Files\Intel\TXE Components\TCS;C:\WINDOWS\system32;C:\WINDOWS;C:\WINDOWS\System32\Wbem;C:\WINDOWS\System32\WindowsPowerShell\v1.0;C:\Program Files\Intel\TXE Components\DAL;C:\Program Files (x86)\Intel\TXE Components\DAL;C:\Program Files\Intel\TXE Components\IPT;C:\Program Files (x86)\Intel\TXE Components\IPT;E:\java\apache-maven-3.5.0-bin\apache-maven-3.5.0\bin;C:\Program Files\Git\cmd;C:\Program Files\Java\jdk1.8.0_131\bin;C:\Program Files\MySQL\MySQL Utilities 1.6;C:\Program Files (x86)\bin;C:\Program Files (x86)\sbt\bin;C:\Program Files (x86)\Yarn\bin;C:\ProgramData\chocolatey\bin;C:\Program Files\nodejs;C:\Users\Maryna Savchenko\AppData\Local\Microsoft\WindowsApps;E:\java\spark-2.2.0-bin-hadoop2.7\bin;C:\Program Files\Java\jdk1.8.0_131\bin;C:\Program Files (x86)\sbt\bin;C:\winutils\bin;C:\Program Files\Docker Toolbox;C:\Users\Maryna Savchenko\AppData\Local\Yarn\bin;C:\Users\Maryna Savchenko\AppData\Roaming\npm;C:\Program Files\Git\usr\bin\vendor_perl;C:\Program Files\Git\usr\bin\core_perl;., surefire.test.class.path=E:\java\repos\JavaTutorAPI\javatutor\target\test-classes;E:\java\repos\JavaTutorAPI\javatutor\target\classes;C:\Users\Maryna Savchenko\.m2\repository\org\springframework\boot\spring-boot-starter-web\2.0.2.RELEASE\spring-boot-starter-web-2.0.2.RELEASE.jar;C:\Users\Maryna Savchenko\.m2\repository\org\springframework\boot\spring-boot-starter\2.0.2.RELEASE\spring-boot-starter-2.0.2.RELEASE.jar;C:\Users\Maryna Savchenko\.m2\repository\javax\annotation\javax.annotation-api\1.3.2\javax.annotation-api-1.3.2.jar;C:\Users\Maryna Savchenko\.m2\repository\org\yaml\snakeyaml\1.19\snakeyaml-1.19.jar;C:\Users\Maryna Savchenko\.m2\repository\org\springframework\boot\spring-boot-starter-json\2.0.2.RELEASE\spring-boot-starter-json-2.0.2.RELEASE.jar;C:\Users\Maryna Savchenko\.m2\repository\com\fasterxml\jackson\core\jackson-databind\2.9.5\jackson-databind-2.9.5.jar;C:\Users\Maryna Savchenko\.m2\repository\com\fasterxml\jackson\core\jackson-annotations\2.9.0\jackson-annotations-2.9.0.jar;C:\Users\Maryna Savchenko\.m2\repository\com\fasterxml\jackson\core\jackson-core\2.9.5\jackson-core-2.9.5.jar;C:\Users\Maryna Savchenko\.m2\repository\com\fasterxml\jackson\datatype\jackson-datatype-jdk8\2.9.5\jackson-datatype-jdk8-2.9.5.jar;C:\Users\Maryna Savchenko\.m2\repository\com\fasterxml\jackson\datatype\jackson-datatype-jsr310\2.9.5\jackson-datatype-jsr310-2.9.5.jar;C:\Users\Maryna Savchenko\.m2\repository\com\fasterxml\jackson\module\jackson-module-parameter-names\2.9.5\jackson-module-parameter-names-2.9.5.jar;C:\Users\Maryna Savchenko\.m2\repository\org\springframework\boot\spring-boot-starter-tomcat\2.0.2.RELEASE\spring-boot-starter-tomcat-2.0.2.RELEASE.jar;C:\Users\Maryna Savchenko\.m2\repository\org\apache\tomcat\embed\tomcat-embed-websocket\8.5.31\tomcat-embed-websocket-8.5.31.jar;C:\Users\Maryna Savchenko\.m2\repository\org\hibernate\validator\hibernate-validator\6.0.9.Final\hibernate-validator-6.0.9.Final.jar;C:\Users\Maryna Savchenko\.m2\repository\javax\validation\validation-api\2.0.1.Final\validation-api-2.0.1.Final.jar;C:\Users\Maryna Savchenko\.m2\repository\org\jboss\logging\jboss-logging\3.3.2.Final\jboss-logging-3.3.2.Final.jar;C:\Users\Maryna Savchenko\.m2\repository\com\fasterxml\classmate\1.3.4\classmate-1.3.4.jar;C:\Users\Maryna Savchenko\.m2\repository\org\springframework\spring-web\5.0.6.RELEASE\spring-web-5.0.6.RELEASE.jar;C:\Users\Maryna Savchenko\.m2\repository\org\springframework\spring-beans\5.0.6.RELEASE\spring-beans-5.0.6.RELEASE.jar;C:\Users\Maryna Savchenko\.m2\repository\org\springframework\spring-webmvc\5.0.6.RELEASE\spring-webmvc-5.0.6.RELEASE.jar;C:\Users\Maryna Savchenko\.m2\repository\org\springframework\spring-context\5.0.6.RELEASE\spring-context-5.0.6.RELEASE.jar;C:\Users\Maryna Savchenko\.m2\repository\org\springframework\spring-expression\5.0.6.RELEASE\spring-expression-5.0.6.RELEASE.jar;C:\Users\Maryna Savchenko\.m2\repository\org\slf4j\jcl-over-slf4j\1.7.25\jcl-over-slf4j-1.7.25.jar;C:\Users\Maryna Savchenko\.m2\repository\org\slf4j\slf4j-api\1.7.25\slf4j-api-1.7.25.jar;C:\Users\Maryna Savchenko\.m2\repository\org\slf4j\jul-to-slf4j\1.7.25\jul-to-slf4j-1.7.25.jar;C:\Users\Maryna Savchenko\.m2\repository\org\slf4j\slf4j-log4j12\1.7.25\slf4j-log4j12-1.7.25.jar;C:\Users\Maryna Savchenko\.m2\repository\log4j\log4j\1.2.17\log4j-1.2.17.jar;C:\Users\Maryna Savchenko\.m2\repository\org\springframework\boot\spring-boot-starter-data-mongodb\2.0.2.RELEASE\spring-boot-starter-data-mongodb-2.0.2.RELEASE.jar;C:\Users\Maryna Savchenko\.m2\repository\org\mongodb\mongodb-driver\3.6.0\mongodb-driver-3.6.0.jar;C:\Users\Maryna Savchenko\.m2\repository\org\mongodb\bson\3.6.0\bson-3.6.0.jar;C:\Users\Maryna Savchenko\.m2\repository\org\mongodb\mongodb-driver-core\3.6.0\mongodb-driver-core-3.6.0.jar;C:\Users\Maryna Savchenko\.m2\repository\org\springframework\data\spring-data-mongodb\2.0.7.RELEASE\spring-data-mongodb-2.0.7.RELEASE.jar;C:\Users\Maryna Savchenko\.m2\repository\org\springframework\spring-tx\5.0.6.RELEASE\spring-tx-5.0.6.RELEASE.jar;C:\Users\Maryna Savchenko\.m2\repository\org\springframework\data\spring-data-commons\2.0.7.RELEASE\spring-data-commons-2.0.7.RELEASE.jar;C:\Users\Maryna Savchenko\.m2\repository\org\springframework\boot\spring-boot-starter-actuator\2.0.2.RELEASE\spring-boot-starter-actuator-2.0.2.RELEASE.jar;C:\Users\Maryna Savchenko\.m2\repository\org\springframework\boot\spring-boot-actuator-autoconfigure\2.0.2.RELEASE\spring-boot-actuator-autoconfigure-2.0.2.RELEASE.jar;C:\Users\Maryna Savchenko\.m2\repository\org\springframework\boot\spring-boot-actuator\2.0.2.RELEASE\spring-boot-actuator-2.0.2.RELEASE.jar;C:\Users\Maryna Savchenko\.m2\repository\io\micrometer\micrometer-core\1.0.4\micrometer-core-1.0.4.jar;C:\Users\Maryna Savchenko\.m2\repository\org\hdrhistogram\HdrHistogram\2.1.10\HdrHistogram-2.1.10.jar;C:\Users\Maryna Savchenko\.m2\repository\org\latencyutils\LatencyUtils\2.0.3\LatencyUtils-2.0.3.jar;C:\Users\Maryna Savchenko\.m2\repository\org\springframework\boot\spring-boot-starter-security\2.0.2.RELEASE\spring-boot-starter-security-2.0.2.RELEASE.jar;C:\Users\Maryna Savchenko\.m2\repository\org\springframework\spring-aop\5.0.6.RELEASE\spring-aop-5.0.6.RELEASE.jar;C:\Users\Maryna Savchenko\.m2\repository\org\springframework\security\spring-security-config\5.0.5.RELEASE\spring-security-config-5.0.5.RELEASE.jar;C:\Users\Maryna Savchenko\.m2\repository\org\springframework\security\spring-security-web\5.0.5.RELEASE\spring-security-web-5.0.5.RELEASE.jar;C:\Users\Maryna Savchenko\.m2\repository\org\springframework\security\spring-security-test\5.0.5.RELEASE\spring-security-test-5.0.5.RELEASE.jar;C:\Users\Maryna Savchenko\.m2\repository\org\springframework\security\spring-security-core\5.0.5.RELEASE\spring-security-core-5.0.5.RELEASE.jar;C:\Users\Maryna Savchenko\.m2\repository\org\springframework\spring-core\5.0.6.RELEASE\spring-core-5.0.6.RELEASE.jar;C:\Users\Maryna Savchenko\.m2\repository\org\springframework\spring-jcl\5.0.6.RELEASE\spring-jcl-5.0.6.RELEASE.jar;C:\Users\Maryna Savchenko\.m2\repository\org\springframework\spring-test\5.0.6.RELEASE\spring-test-5.0.6.RELEASE.jar;C:\Users\Maryna Savchenko\.m2\repository\org\springframework\boot\spring-boot-devtools\2.0.2.RELEASE\spring-boot-devtools-2.0.2.RELEASE.jar;C:\Users\Maryna Savchenko\.m2\repository\org\springframework\boot\spring-boot\2.0.2.RELEASE\spring-boot-2.0.2.RELEASE.jar;C:\Users\Maryna Savchenko\.m2\repository\org\springframework\boot\spring-boot-autoconfigure\2.0.2.RELEASE\spring-boot-autoconfigure-2.0.2.RELEASE.jar;C:\Users\Maryna Savchenko\.m2\repository\org\springframework\boot\spring-boot-starter-test\2.0.2.RELEASE\spring-boot-starter-test-2.0.2.RELEASE.jar;C:\Users\Maryna Savchenko\.m2\repository\org\springframework\boot\spring-boot-test\2.0.2.RELEASE\spring-boot-test-2.0.2.RELEASE.jar;C:\Users\Maryna Savchenko\.m2\repository\org\springframework\boot\spring-boot-test-autoconfigure\2.0.2.RELEASE\spring-boot-test-autoconfigure-2.0.2.RELEASE.jar;C:\Users\Maryna Savchenko\.m2\repository\com\jayway\jsonpath\json-path\2.4.0\json-path-2.4.0.jar;C:\Users\Maryna Savchenko\.m2\repository\net\minidev\json-smart\2.3\json-smart-2.3.jar;C:\Users\Maryna Savchenko\.m2\repository\net\minidev\accessors-smart\1.2\accessors-smart-1.2.jar;C:\Users\Maryna Savchenko\.m2\repository\org\ow2\asm\asm\5.0.4\asm-5.0.4.jar;C:\Users\Maryna Savchenko\.m2\repository\org\assertj\assertj-core\3.9.1\assertj-core-3.9.1.jar;C:\Users\Maryna Savchenko\.m2\repository\org\mockito\mockito-core\2.15.0\mockito-core-2.15.0.jar;C:\Users\Maryna Savchenko\.m2\repository\net\bytebuddy\byte-buddy\1.7.11\byte-buddy-1.7.11.jar;C:\Users\Maryna Savchenko\.m2\repository\net\bytebuddy\byte-buddy-agent\1.7.11\byte-buddy-agent-1.7.11.jar;C:\Users\Maryna Savchenko\.m2\repository\org\objenesis\objenesis\2.6\objenesis-2.6.jar;C:\Users\Maryna Savchenko\.m2\repository\org\hamcrest\hamcrest-core\1.3\hamcrest-core-1.3.jar;C:\Users\Maryna Savchenko\.m2\repository\org\hamcrest\hamcrest-library\1.3\hamcrest-library-1.3.jar;C:\Users\Maryna Savchenko\.m2\repository\org\skyscreamer\jsonassert\1.5.0\jsonassert-1.5.0.jar;C:\Users\Maryna Savchenko\.m2\repository\com\vaadin\external\google\android-json\0.0.20131108.vaadin1\android-json-0.0.20131108.vaadin1.jar;C:\Users\Maryna Savchenko\.m2\repository\org\xmlunit\xmlunit-core\2.5.1\xmlunit-core-2.5.1.jar;C:\Users\Maryna Savchenko\.m2\repository\pl\pragmatists\JUnitParams\1.1.1\JUnitParams-1.1.1.jar;C:\Users\Maryna Savchenko\.m2\repository\org\apache\tomcat\embed\tomcat-embed-jasper\8.5.31\tomcat-embed-jasper-8.5.31.jar;C:\Users\Maryna Savchenko\.m2\repository\org\apache\tomcat\embed\tomcat-embed-core\8.5.31\tomcat-embed-core-8.5.31.jar;C:\Users\Maryna Savchenko\.m2\repository\org\apache\tomcat\tomcat-annotations-api\8.5.31\tomcat-annotations-api-8.5.31.jar;C:\Users\Maryna Savchenko\.m2\repository\org\apache\tomcat\embed\tomcat-embed-el\8.5.31\tomcat-embed-el-8.5.31.jar;C:\Users\Maryna Savchenko\.m2\repository\org\eclipse\jdt\ecj\3.12.3\ecj-3.12.3.jar;C:\Users\Maryna Savchenko\.m2\repository\junit\junit\4.12\junit-4.12.jar;C:\Users\Maryna Savchenko\.m2\repository\org\projectlombok\lombok\1.16.20\lombok-1.16.20.jar;C:\Users\Maryna Savchenko\.m2\repository\org\projectlombok\lombok-maven-plugin\1.16.20.0\lombok-maven-plugin-1.16.20.0.jar;C:\Users\Maryna Savchenko\.m2\repository\org\apache\commons\commons-lang3\3.7\commons-lang3-3.7.jar;C:\Users\Maryna Savchenko\.m2\repository\org\sonatype\plexus\plexus-build-api\0.0.7\plexus-build-api-0.0.7.jar;C:\Users\Maryna Savchenko\.m2\repository\org\codehaus\plexus\plexus-utils\1.5.8\plexus-utils-1.5.8.jar;, java.specification.name=Java Platform API Specification, java.class.version=52.0, sun.management.compiler=HotSpot 64-Bit Tiered Compilers, os.version=10.0, user.home=C:\Users\Maryna Savchenko, user.timezone=Europe/Belgrade, java.awt.printerjob=sun.awt.windows.WPrinterJob, file.encoding=Cp1252, java.specification.version=1.8, java.class.path=E:\java\repos\JavaTutorAPI\javatutor\target\test-classes;E:\java\repos\JavaTutorAPI\javatutor\target\classes;C:\Users\Maryna Savchenko\.m2\repository\org\springframework\boot\spring-boot-starter-web\2.0.2.RELEASE\spring-boot-starter-web-2.0.2.RELEASE.jar;C:\Users\Maryna Savchenko\.m2\repository\org\springframework\boot\spring-boot-starter\2.0.2.RELEASE\spring-boot-starter-2.0.2.RELEASE.jar;C:\Users\Maryna Savchenko\.m2\repository\javax\annotation\javax.annotation-api\1.3.2\javax.annotation-api-1.3.2.jar;C:\Users\Maryna Savchenko\.m2\repository\org\yaml\snakeyaml\1.19\snakeyaml-1.19.jar;C:\Users\Maryna Savchenko\.m2\repository\org\springframework\boot\spring-boot-starter-json\2.0.2.RELEASE\spring-boot-starter-json-2.0.2.RELEASE.jar;C:\Users\Maryna Savchenko\.m2\repository\com\fasterxml\jackson\core\jackson-databind\2.9.5\jackson-databind-2.9.5.jar;C:\Users\Maryna Savchenko\.m2\repository\com\fasterxml\jackson\core\jackson-annotations\2.9.0\jackson-annotations-2.9.0.jar;C:\Users\Maryna Savchenko\.m2\repository\com\fasterxml\jackson\core\jackson-core\2.9.5\jackson-core-2.9.5.jar;C:\Users\Maryna Savchenko\.m2\repository\com\fasterxml\jackson\datatype\jackson-datatype-jdk8\2.9.5\jackson-datatype-jdk8-2.9.5.jar;C:\Users\Maryna Savchenko\.m2\repository\com\fasterxml\jackson\datatype\jackson-datatype-jsr310\2.9.5\jackson-datatype-jsr310-2.9.5.jar;C:\Users\Maryna Savchenko\.m2\repository\com\fasterxml\jackson\module\jackson-module-parameter-names\2.9.5\jackson-module-parameter-names-2.9.5.jar;C:\Users\Maryna Savchenko\.m2\repository\org\springframework\boot\spring-boot-starter-tomcat\2.0.2.RELEASE\spring-boot-starter-tomcat-2.0.2.RELEASE.jar;C:\Users\Maryna Savchenko\.m2\repository\org\apache\tomcat\embed\tomcat-embed-websocket\8.5.31\tomcat-embed-websocket-8.5.31.jar;C:\Users\Maryna Savchenko\.m2\repository\org\hibernate\validator\hibernate-validator\6.0.9.Final\hibernate-validator-6.0.9.Final.jar;C:\Users\Maryna Savchenko\.m2\repository\javax\validation\validation-api\2.0.1.Final\validation-api-2.0.1.Final.jar;C:\Users\Maryna Savchenko\.m2\repository\org\jboss\logging\jboss-logging\3.3.2.Final\jboss-logging-3.3.2.Final.jar;C:\Users\Maryna Savchenko\.m2\repository\com\fasterxml\classmate\1.3.4\classmate-1.3.4.jar;C:\Users\Maryna Savchenko\.m2\repository\org\springframework\spring-web\5.0.6.RELEASE\spring-web-5.0.6.RELEASE.jar;C:\Users\Maryna Savchenko\.m2\repository\org\springframework\spring-beans\5.0.6.RELEASE\spring-beans-5.0.6.RELEASE.jar;C:\Users\Maryna Savchenko\.m2\repository\org\springframework\spring-webmvc\5.0.6.RELEASE\spring-webmvc-5.0.6.RELEASE.jar;C:\Users\Maryna Savchenko\.m2\repository\org\springframework\spring-context\5.0.6.RELEASE\spring-context-5.0.6.RELEASE.jar;C:\Users\Maryna Savchenko\.m2\repository\org\springframework\spring-expression\5.0.6.RELEASE\spring-expression-5.0.6.RELEASE.jar;C:\Users\Maryna Savchenko\.m2\repository\org\slf4j\jcl-over-slf4j\1.7.25\jcl-over-slf4j-1.7.25.jar;C:\Users\Maryna Savchenko\.m2\repository\org\slf4j\slf4j-api\1.7.25\slf4j-api-1.7.25.jar;C:\Users\Maryna Savchenko\.m2\repository\org\slf4j\jul-to-slf4j\1.7.25\jul-to-slf4j-1.7.25.jar;C:\Users\Maryna Savchenko\.m2\repository\org\slf4j\slf4j-log4j12\1.7.25\slf4j-log4j12-1.7.25.jar;C:\Users\Maryna Savchenko\.m2\repository\log4j\log4j\1.2.17\log4j-1.2.17.jar;C:\Users\Maryna Savchenko\.m2\repository\org\springframework\boot\spring-boot-starter-data-mongodb\2.0.2.RELEASE\spring-boot-starter-data-mongodb-2.0.2.RELEASE.jar;C:\Users\Maryna Savchenko\.m2\repository\org\mongodb\mongodb-driver\3.6.0\mongodb-driver-3.6.0.jar;C:\Users\Maryna Savchenko\.m2\repository\org\mongodb\bson\3.6.0\bson-3.6.0.jar;C:\Users\Maryna Savchenko\.m2\repository\org\mongodb\mongodb-driver-core\3.6.0\mongodb-driver-core-3.6.0.jar;C:\Users\Maryna Savchenko\.m2\repository\org\springframework\data\spring-data-mongodb\2.0.7.RELEASE\spring-data-mongodb-2.0.7.RELEASE.jar;C:\Users\Maryna Savchenko\.m2\repository\org\springframework\spring-tx\5.0.6.RELEASE\spring-tx-5.0.6.RELEASE.jar;C:\Users\Maryna Savchenko\.m2\repository\org\springframework\data\spring-data-commons\2.0.7.RELEASE\spring-data-commons-2.0.7.RELEASE.jar;C:\Users\Maryna Savchenko\.m2\repository\org\springframework\boot\spring-boot-starter-actuator\2.0.2.RELEASE\spring-boot-starter-actuator-2.0.2.RELEASE.jar;C:\Users\Maryna Savchenko\.m2\repository\org\springframework\boot\spring-boot-actuator-autoconfigure\2.0.2.RELEASE\spring-boot-actuator-autoconfigure-2.0.2.RELEASE.jar;C:\Users\Maryna Savchenko\.m2\repository\org\springframework\boot\spring-boot-actuator\2.0.2.RELEASE\spring-boot-actuator-2.0.2.RELEASE.jar;C:\Users\Maryna Savchenko\.m2\repository\io\micrometer\micrometer-core\1.0.4\micrometer-core-1.0.4.jar;C:\Users\Maryna Savchenko\.m2\repository\org\hdrhistogram\HdrHistogram\2.1.10\HdrHistogram-2.1.10.jar;C:\Users\Maryna Savchenko\.m2\repository\org\latencyutils\LatencyUtils\2.0.3\LatencyUtils-2.0.3.jar;C:\Users\Maryna Savchenko\.m2\repository\org\springframework\boot\spring-boot-starter-security\2.0.2.RELEASE\spring-boot-starter-security-2.0.2.RELEASE.jar;C:\Users\Maryna Savchenko\.m2\repository\org\springframework\spring-aop\5.0.6.RELEASE\spring-aop-5.0.6.RELEASE.jar;C:\Users\Maryna Savchenko\.m2\repository\org\springframework\security\spring-security-config\5.0.5.RELEASE\spring-security-config-5.0.5.RELEASE.jar;C:\Users\Maryna Savchenko\.m2\repository\org\springframework\security\spring-security-web\5.0.5.RELEASE\spring-security-web-5.0.5.RELEASE.jar;C:\Users\Maryna Savchenko\.m2\repository\org\springframework\security\spring-security-test\5.0.5.RELEASE\spring-security-test-5.0.5.RELEASE.jar;C:\Users\Maryna Savchenko\.m2\repository\org\springframework\security\spring-security-core\5.0.5.RELEASE\spring-security-core-5.0.5.RELEASE.jar;C:\Users\Maryna Savchenko\.m2\repository\org\springframework\spring-core\5.0.6.RELEASE\spring-core-5.0.6.RELEASE.jar;C:\Users\Maryna Savchenko\.m2\repository\org\springframework\spring-jcl\5.0.6.RELEASE\spring-jcl-5.0.6.RELEASE.jar;C:\Users\Maryna Savchenko\.m2\repository\org\springframework\spring-test\5.0.6.RELEASE\spring-test-5.0.6.RELEASE.jar;C:\Users\Maryna Savchenko\.m2\repository\org\springframework\boot\spring-boot-devtools\2.0.2.RELEASE\spring-boot-devtools-2.0.2.RELEASE.jar;C:\Users\Maryna Savchenko\.m2\repository\org\springframework\boot\spring-boot\2.0.2.RELEASE\spring-boot-2.0.2.RELEASE.jar;C:\Users\Maryna Savchenko\.m2\repository\org\springframework\boot\spring-boot-autoconfigure\2.0.2.RELEASE\spring-boot-autoconfigure-2.0.2.RELEASE.jar;C:\Users\Maryna Savchenko\.m2\repository\org\springframework\boot\spring-boot-starter-test\2.0.2.RELEASE\spring-boot-starter-test-2.0.2.RELEASE.jar;C:\Users\Maryna Savchenko\.m2\repository\org\springframework\boot\spring-boot-test\2.0.2.RELEASE\spring-boot-test-2.0.2.RELEASE.jar;C:\Users\Maryna Savchenko\.m2\repository\org\springframework\boot\spring-boot-test-autoconfigure\2.0.2.RELEASE\spring-boot-test-autoconfigure-2.0.2.RELEASE.jar;C:\Users\Maryna Savchenko\.m2\repository\com\jayway\jsonpath\json-path\2.4.0\json-path-2.4.0.jar;C:\Users\Maryna Savchenko\.m2\repository\net\minidev\json-smart\2.3\json-smart-2.3.jar;C:\Users\Maryna Savchenko\.m2\repository\net\minidev\accessors-smart\1.2\accessors-smart-1.2.jar;C:\Users\Maryna Savchenko\.m2\repository\org\ow2\asm\asm\5.0.4\asm-5.0.4.jar;C:\Users\Maryna Savchenko\.m2\repository\org\assertj\assertj-core\3.9.1\assertj-core-3.9.1.jar;C:\Users\Maryna Savchenko\.m2\repository\org\mockito\mockito-core\2.15.0\mockito-core-2.15.0.jar;C:\Users\Maryna Savchenko\.m2\repository\net\bytebuddy\byte-buddy\1.7.11\byte-buddy-1.7.11.jar;C:\Users\Maryna Savchenko\.m2\repository\net\bytebuddy\byte-buddy-agent\1.7.11\byte-buddy-agent-1.7.11.jar;C:\Users\Maryna Savchenko\.m2\repository\org\objenesis\objenesis\2.6\objenesis-2.6.jar;C:\Users\Maryna Savchenko\.m2\repository\org\hamcrest\hamcrest-core\1.3\hamcrest-core-1.3.jar;C:\Users\Maryna Savchenko\.m2\repository\org\hamcrest\hamcrest-library\1.3\hamcrest-library-1.3.jar;C:\Users\Maryna Savchenko\.m2\repository\org\skyscreamer\jsonassert\1.5.0\jsonassert-1.5.0.jar;C:\Users\Maryna Savchenko\.m2\repository\com\vaadin\external\google\android-json\0.0.20131108.vaadin1\android-json-0.0.20131108.vaadin1.jar;C:\Users\Maryna Savchenko\.m2\repository\org\xmlunit\xmlunit-core\2.5.1\xmlunit-core-2.5.1.jar;C:\Users\Maryna Savchenko\.m2\repository\pl\pragmatists\JUnitParams\1.1.1\JUnitParams-1.1.1.jar;C:\Users\Maryna Savchenko\.m2\repository\org\apache\tomcat\embed\tomcat-embed-jasper\8.5.31\tomcat-embed-jasper-8.5.31.jar;C:\Users\Maryna Savchenko\.m2\repository\org\apache\tomcat\embed\tomcat-embed-core\8.5.31\tomcat-embed-core-8.5.31.jar;C:\Users\Maryna Savchenko\.m2\repository\org\apache\tomcat\tomcat-annotations-api\8.5.31\tomcat-annotations-api-8.5.31.jar;C:\Users\Maryna Savchenko\.m2\repository\org\apache\tomcat\embed\tomcat-embed-el\8.5.31\tomcat-embed-el-8.5.31.jar;C:\Users\Maryna Savchenko\.m2\repository\org\eclipse\jdt\ecj\3.12.3\ecj-3.12.3.jar;C:\Users\Maryna Savchenko\.m2\repository\junit\junit\4.12\junit-4.12.jar;C:\Users\Maryna Savchenko\.m2\repository\org\projectlombok\lombok\1.16.20\lombok-1.16.20.jar;C:\Users\Maryna Savchenko\.m2\repository\org\projectlombok\lombok-maven-plugin\1.16.20.0\lombok-maven-plugin-1.16.20.0.jar;C:\Users\Maryna Savchenko\.m2\repository\org\apache\commons\commons-lang3\3.7\commons-lang3-3.7.jar;C:\Users\Maryna Savchenko\.m2\repository\org\sonatype\plexus\plexus-build-api\0.0.7\plexus-build-api-0.0.7.jar;C:\Users\Maryna Savchenko\.m2\repository\org\codehaus\plexus\plexus-utils\1.5.8\plexus-utils-1.5.8.jar;, user.name=Maryna Savchenko, java.vm.specification.version=1.8, sun.java.command=C:\Users\MARYNA~1\AppData\Local\Temp\surefire1244754544745437156\surefirebooter7935569149334272143.jar C:\Users\Maryna Savchenko\AppData\Local\Temp\surefire1244754544745437156 2018-10-11T10-37-06_854-jvmRun1 surefire6084229711424990350tmp surefire_01445494788152468973tmp, java.home=C:\Program Files\Java\jdk1.8.0_131\jre, sun.arch.data.model=64, user.language=en, java.specification.vendor=Oracle Corporation, user.language.format=uk, awt.toolkit=sun.awt.windows.WToolkit, java.vm.info=mixed mode, java.version=1.8.0_131, java.ext.dirs=C:\Program Files\Java\jdk1.8.0_131\jre\lib\ext;C:\WINDOWS\Sun\Java\lib\ext, sun.boot.class.path=C:\Program Files\Java\jdk1.8.0_131\jre\lib\resources.jar;C:\Program Files\Java\jdk1.8.0_131\jre\lib\rt.jar;C:\Program Files\Java\jdk1.8.0_131\jre\lib\sunrsasign.jar;C:\Program Files\Java\jdk1.8.0_131\jre\lib\jsse.jar;C:\Program Files\Java\jdk1.8.0_131\jre\lib\jce.jar;C:\Program Files\Java\jdk1.8.0_131\jre\lib\charsets.jar;C:\Program Files\Java\jdk1.8.0_131\jre\lib\jfr.jar;C:\Program Files\Java\jdk1.8.0_131\jre\classes, java.awt.headless=true, java.vendor=Oracle Corporation, localRepository=C:\Users\Maryna Savchenko\.m2\repository, file.separator=\, java.vendor.url.bug=http://bugreport.sun.com/bugreport/, sun.io.unicode.encoding=UnicodeLittle, sun.cpu.endian=little, sun.desktop=windows, sun.cpu.isalist=amd64}}, SystemEnvironmentPropertySource@1915430696 {name='systemEnvironment', properties={PATH=C:\Users\Maryna Savchenko\bin;C:\Program Files\Git\mingw64\bin;C:\Program Files\Git\usr\local\bin;C:\Program Files\Git\usr\bin;C:\Program Files\Git\usr\bin;C:\Program Files\Git\mingw64\bin;C:\Program Files\Git\usr\bin;C:\Users\Maryna Savchenko\bin;C:\Program Files\Docker\Docker\Resources\bin;C:\ProgramData\Oracle\Java\javapath;C:\Program Files (x86)\Intel\TXE Components\TCS;C:\Program Files\Intel\TXE Components\TCS;C:\WINDOWS\system32;C:\WINDOWS;C:\WINDOWS\System32\Wbem;C:\WINDOWS\System32\WindowsPowerShell\v1.0;C:\Program Files\Intel\TXE Components\DAL;C:\Program Files (x86)\Intel\TXE Components\DAL;C:\Program Files\Intel\TXE Components\IPT;C:\Program Files (x86)\Intel\TXE Components\IPT;E:\java\apache-maven-3.5.0-bin\apache-maven-3.5.0\bin;C:\Program Files\Git\cmd;C:\Program Files\Java\jdk1.8.0_131\bin;C:\Program Files\MySQL\MySQL Utilities 1.6;C:\Program Files (x86)\bin;C:\Program Files (x86)\sbt\bin;C:\Program Files (x86)\Yarn\bin;C:\ProgramData\chocolatey\bin;C:\Program Files\nodejs;C:\Users\Maryna Savchenko\AppData\Local\Microsoft\WindowsApps;E:\java\spark-2.2.0-bin-hadoop2.7\bin;C:\Program Files\Java\jdk1.8.0_131\bin;C:\Program Files (x86)\sbt\bin;C:\winutils\bin;C:\Program Files\Docker Toolbox;C:\Users\Maryna Savchenko\AppData\Local\Yarn\bin;C:\Users\Maryna Savchenko\AppData\Roaming\npm;C:\Program Files\Git\usr\bin\vendor_perl;C:\Program Files\Git\usr\bin\core_perl, USERDOMAIN_ROAMINGPROFILE=BigBrother, PKG_CONFIG_PATH=C:\Program Files\Git\mingw64\lib\pkgconfig;C:\Program Files\Git\mingw64\share\pkgconfig, MSYSTEM_PREFIX=C:/Program Files/Git/mingw64, PROCESSOR_LEVEL=6, SYSTEMDRIVE=C:, CONFIG_SITE=C:/Program Files/Git/mingw64/etc/config.site, FP_NO_HOST_CHECK=NO, POSTGIS_GDAL_ENABLED_DRIVERS=GTiff PNG JPEG GIF XYZ DTED USGSDEM AAIGrid, SESSIONNAME=Console, ALLUSERSPROFILE=C:\ProgramData, GDAL_DATA=C:\Program Files\PostgreSQL\9.6\gdal-data, PROCESSOR_ARCHITECTURE=AMD64, MSYSTEM_CHOST=x86_64-w64-mingw32, =E:=E:\java\repos\JavaTutorAPI\javatutor, ORIGINAL_TEMP=C:/Users/MARYNA~1/AppData/Local/Temp, PROGRAMFILES=C:\Program Files, POSTGIS_ENABLE_OUTDB_RASTERS=1, PSMODULEPATH=C:\WINDOWS\system32\WindowsPowerShell\v1.0\Modules\, PROGRAMDATA=C:\ProgramData, CHOCOLATEYLASTPATHUPDATE=?? ??? 24 11:36:27 2018, USERNAME=Maryna Savchenko, PWD=E:/java/repos/JavaTutorAPI/javatutor, INFOPATH=C:\Program Files\Git\usr\local\info;C:\Program Files\Git\usr\share\info;C:\Program Files\Git\usr\info;C:\Program Files\Git\share\info, FPS_BROWSER_USER_PROFILE_STRING=Default, ONEDRIVE=C:\Users\Maryna Savchenko\OneDrive, PATHEXT=.COM;.EXE;.BAT;.CMD;.VBS;.VBE;.JS;.JSE;.WSF;.WSH;.MSC, SHELL=C:\Program Files\Git\usr\bin\bash.exe, ORIGINAL_TMP=C:/Users/MARYNA~1/AppData/Local/Temp, OLDPWD=E:/java/repos/JavaTutorAPI/javatutor, TMPDIR=C:\Users\MARYNA~1\AppData\Local\Temp, WINDIR=C:\WINDOWS, SSH_ASKPASS=C:/Program Files/Git/mingw64/libexec/git-core/git-gui--askpass, HOMEPATH=\Users\Maryna Savchenko, PROCESSOR_IDENTIFIER=Intel64 Family 6 Model 76 Stepping 3, GenuineIntel, HADOOP_HOME=C:\winutils, M2_HOME=E:\java\apache-maven-3.5.0-bin\apache-maven-3.5.0, PUBLIC=C:\Users\Public, MINGW_CHOST=x86_64-w64-mingw32, =::=::\, EXEPATH=C:\Program Files\Git, SHLVL=1, LOCALAPPDATA=C:\Users\Maryna Savchenko\AppData\Local, ORIGINAL_PATH=C:\Program Files\Git\mingw64\bin;C:\Program Files\Git\usr\bin;C:\Users\Maryna Savchenko\bin;C:\Program Files\Docker\Docker\Resources\bin;C:\ProgramData\Oracle\Java\javapath;C:\Program Files (x86)\Intel\TXE Components\TCS;C:\Program Files\Intel\TXE Components\TCS;C:\WINDOWS\system32;C:\WINDOWS;C:\WINDOWS\System32\Wbem;C:\WINDOWS\System32\WindowsPowerShell\v1.0;C:\Program Files\Intel\TXE Components\DAL;C:\Program Files (x86)\Intel\TXE Components\DAL;C:\Program Files\Intel\TXE Components\IPT;C:\Program Files (x86)\Intel\TXE Components\IPT;E:\java\apache-maven-3.5.0-bin\apache-maven-3.5.0\bin;C:\Program Files\Git\cmd;C:\Program Files\Java\jdk1.8.0_131\bin;C:\Program Files\MySQL\MySQL Utilities 1.6;C:\Program Files (x86)\bin;C:\Program Files (x86)\sbt\bin;C:\Program Files (x86)\Yarn\bin;C:\ProgramData\chocolatey\bin;C:\Program Files\nodejs;C:\Users\Maryna Savchenko\AppData\Local\Microsoft\WindowsApps;E:\java\spark-2.2.0-bin-hadoop2.7\bin;C:\Program Files\Java\jdk1.8.0_131\bin;C:\Program Files (x86)\sbt\bin;C:\winutils\bin;C:\Program Files\Docker Toolbox;C:\Users\Maryna Savchenko\AppData\Local\Yarn\bin;C:\Users\Maryna Savchenko\AppData\Roaming\npm, MANPATH=C:\Program Files\Git\mingw64\share\man;C:\Program Files\Git\usr\local\man;C:\Program Files\Git\usr\share\man;C:\Program Files\Git\usr\man;C:\Program Files\Git\share\man, COMMONPROGRAMFILES(X86)=C:\Program Files (x86)\Common Files, MINGW_PACKAGE_PREFIX=mingw-w64-x86_64, USERDOMAIN=BigBrother, FPS_BROWSER_APP_PROFILE_STRING=Internet Explorer, LOGONSERVER=\\BIGBROTHER, JAVA_HOME=C:/Program Files/Java/jdk1.8.0_131, PLINK_PROTOCOL=ssh, PROMPT=$P$G, PROGRAMFILES(X86)=C:\Program Files (x86), TERM=xterm, LANG=en_US.UTF-8, MINGW_PREFIX=C:/Program Files/Git/mingw64, DISPLAY=needs-to-be-defined, MSYSTEM=MINGW64, APPDATA=C:\Users\Maryna Savchenko\AppData\Roaming, SPARK_HOME=E:\java\spark-2.2.0-bin-hadoop2.7, PROGRAMW6432=C:\Program Files, SYSTEMROOT=C:\WINDOWS, CHOCOLATEYINSTALL=C:\ProgramData\chocolatey, MAVEN_CMD_LINE_ARGS= test, SCALA_HOME=C:\Program Files (x86)\sbt, VBOX_MSI_INSTALL_PATH=C:\Program Files\Oracle\VirtualBox\, OS=Windows_NT, COMMONPROGRAMW6432=C:\Program Files\Common Files, COMPUTERNAME=BIGBROTHER, COMMONPROGRAMFILES=C:\Program Files\Common Files, COMSPEC=C:\WINDOWS\system32\cmd.exe, SBT_HOME=C:\Program Files (x86)\sbt\, MAVEN_PROJECTBASEDIR=E:/java/repos/JavaTutorAPI/javatutor, PROCESSOR_REVISION=4c03, ACLOCAL_PATH=C:\Program Files\Git\mingw64\share\aclocal;C:\Program Files\Git\usr\share\aclocal, MSYSTEM_CARCH=x86_64, PRINTER=Foxit Reader PDF Printer, TEMP=C:\Users\MARYNA~1\AppData\Local\Temp, HOSTNAME=BigBrother, HOMEDRIVE=C:, USERPROFILE=C:\Users\Maryna Savchenko, TMP=C:\Users\MARYNA~1\AppData\Local\Temp, NUMBER_OF_PROCESSORS=4, DOCKER_TOOLBOX_INSTALL_PATH=C:\Program Files\Docker Toolbox, HOME=C:\Users\Maryna Savchenko}}]
10:38:42,180 DEBUG org.springframework.test.context.support.TestPropertySourceUtils:244 - Adding inlined properties to environment: {spring.jmx.enabled=false, org.springframework.boot.test.context.SpringBootTestContextBootstrapper=true, server.port=-1}
10:38:42,180 DEBUG org.springframework.test.context.support.TestPropertySourceUtils:244 - Adding inlined properties to environment: {spring.jmx.enabled=false, org.springframework.boot.test.context.SpringBootTestContextBootstrapper=true, server.port=-1}
10:38:42,181 DEBUG org.springframework.core.env.StandardEnvironment:98 - Adding PropertySource 'Inlined Test Properties' with highest search precedence
10:38:42,181 DEBUG org.springframework.core.env.StandardEnvironment:98 - Adding PropertySource 'Inlined Test Properties' with highest search precedence
10:38:42,248 TRACE org.springframework.core.env.PropertySourcesPropertyResolver:82 - Searching for key 'spring.profiles.active' in PropertySource 'Inlined Test Properties'
10:38:42,248 TRACE org.springframework.core.env.PropertySourcesPropertyResolver:82 - Searching for key 'spring.profiles.active' in PropertySource 'Inlined Test Properties'
10:38:42,249 TRACE org.springframework.core.env.PropertySourcesPropertyResolver:82 - Searching for key 'spring.profiles.active' in PropertySource 'systemProperties'
10:38:42,249 TRACE org.springframework.core.env.PropertySourcesPropertyResolver:82 - Searching for key 'spring.profiles.active' in PropertySource 'systemProperties'
10:38:42,249 TRACE org.springframework.core.env.PropertySourcesPropertyResolver:82 - Searching for key 'spring.profiles.active' in PropertySource 'systemEnvironment'
10:38:42,249 TRACE org.springframework.core.env.PropertySourcesPropertyResolver:82 - Searching for key 'spring.profiles.active' in PropertySource 'systemEnvironment'
10:38:42,265 DEBUG org.springframework.core.env.PropertySourcesPropertyResolver:96 - Could not find key 'spring.profiles.active' in any property source
10:38:42,265 DEBUG org.springframework.core.env.PropertySourcesPropertyResolver:96 - Could not find key 'spring.profiles.active' in any property source
10:38:42,266 TRACE org.springframework.core.env.PropertySourcesPropertyResolver:82 - Searching for key 'spring.profiles.active' in PropertySource 'Inlined Test Properties'
10:38:42,266 TRACE org.springframework.core.env.PropertySourcesPropertyResolver:82 - Searching for key 'spring.profiles.active' in PropertySource 'Inlined Test Properties'
10:38:42,266 TRACE org.springframework.core.env.PropertySourcesPropertyResolver:82 - Searching for key 'spring.profiles.active' in PropertySource 'systemProperties'
10:38:42,266 TRACE org.springframework.core.env.PropertySourcesPropertyResolver:82 - Searching for key 'spring.profiles.active' in PropertySource 'systemProperties'
10:38:42,267 TRACE org.springframework.core.env.PropertySourcesPropertyResolver:82 - Searching for key 'spring.profiles.active' in PropertySource 'systemEnvironment'
10:38:42,267 TRACE org.springframework.core.env.PropertySourcesPropertyResolver:82 - Searching for key 'spring.profiles.active' in PropertySource 'systemEnvironment'
10:38:42,267 DEBUG org.springframework.core.env.PropertySourcesPropertyResolver:96 - Could not find key 'spring.profiles.active' in any property source
10:38:42,267 DEBUG org.springframework.core.env.PropertySourcesPropertyResolver:96 - Could not find key 'spring.profiles.active' in any property source
10:38:42,269 TRACE org.springframework.core.io.support.SpringFactoriesLoader:97 - Loaded [org.springframework.boot.env.EnvironmentPostProcessor] names: [org.springframework.boot.devtools.env.DevToolsHomePropertiesPostProcessor, org.springframework.boot.devtools.env.DevToolsPropertyDefaultsPostProcessor, org.springframework.boot.cloud.CloudFoundryVcapEnvironmentPostProcessor, org.springframework.boot.env.SpringApplicationJsonEnvironmentPostProcessor, org.springframework.boot.env.SystemEnvironmentPropertySourceEnvironmentPostProcessor]
10:38:42,269 TRACE org.springframework.core.io.support.SpringFactoriesLoader:97 - Loaded [org.springframework.boot.env.EnvironmentPostProcessor] names: [org.springframework.boot.devtools.env.DevToolsHomePropertiesPostProcessor, org.springframework.boot.devtools.env.DevToolsPropertyDefaultsPostProcessor, org.springframework.boot.cloud.CloudFoundryVcapEnvironmentPostProcessor, org.springframework.boot.env.SpringApplicationJsonEnvironmentPostProcessor, org.springframework.boot.env.SystemEnvironmentPropertySourceEnvironmentPostProcessor]
10:38:42,271 DEBUG org.springframework.core.env.StandardEnvironment:174 - Replacing PropertySource 'systemEnvironment' with 'systemEnvironment'
10:38:42,271 DEBUG org.springframework.core.env.StandardEnvironment:174 - Replacing PropertySource 'systemEnvironment' with 'systemEnvironment'
10:38:42,272 DEBUG org.springframework.core.env.StandardEnvironment:136 - Adding PropertySource 'random' with search precedence immediately lower than 'systemEnvironment'
10:38:42,272 DEBUG org.springframework.core.env.StandardEnvironment:136 - Adding PropertySource 'random' with search precedence immediately lower than 'systemEnvironment'
10:38:42,277 TRACE org.springframework.boot.env.RandomValuePropertySource:143 - RandomValuePropertySource add to Environment
10:38:42,277 TRACE org.springframework.boot.env.RandomValuePropertySource:143 - RandomValuePropertySource add to Environment
10:38:42,278 TRACE org.springframework.core.io.support.SpringFactoriesLoader:97 - Loaded [org.springframework.boot.env.PropertySourceLoader] names: [org.springframework.boot.env.PropertiesPropertySourceLoader, org.springframework.boot.env.YamlPropertySourceLoader]
10:38:42,278 TRACE org.springframework.core.io.support.SpringFactoriesLoader:97 - Loaded [org.springframework.boot.env.PropertySourceLoader] names: [org.springframework.boot.env.PropertiesPropertySourceLoader, org.springframework.boot.env.YamlPropertySourceLoader]
10:38:42,279 TRACE org.springframework.core.env.PropertySourcesPropertyResolver:82 - Searching for key 'spring.profiles.active' in PropertySource 'Inlined Test Properties'
10:38:42,279 TRACE org.springframework.core.env.PropertySourcesPropertyResolver:82 - Searching for key 'spring.profiles.active' in PropertySource 'Inlined Test Properties'
10:38:42,280 TRACE org.springframework.core.env.PropertySourcesPropertyResolver:82 - Searching for key 'spring.profiles.active' in PropertySource 'systemProperties'
10:38:42,280 TRACE org.springframework.core.env.PropertySourcesPropertyResolver:82 - Searching for key 'spring.profiles.active' in PropertySource 'systemProperties'
10:38:42,280 TRACE org.springframework.core.env.PropertySourcesPropertyResolver:82 - Searching for key 'spring.profiles.active' in PropertySource 'systemEnvironment'
10:38:42,280 TRACE org.springframework.core.env.PropertySourcesPropertyResolver:82 - Searching for key 'spring.profiles.active' in PropertySource 'systemEnvironment'
10:38:42,281 TRACE org.springframework.core.env.PropertySourcesPropertyResolver:82 - Searching for key 'spring.profiles.active' in PropertySource 'random'
10:38:42,281 TRACE org.springframework.core.env.PropertySourcesPropertyResolver:82 - Searching for key 'spring.profiles.active' in PropertySource 'random'
10:38:42,287 DEBUG org.springframework.core.env.PropertySourcesPropertyResolver:96 - Could not find key 'spring.profiles.active' in any property source
10:38:42,287 DEBUG org.springframework.core.env.PropertySourcesPropertyResolver:96 - Could not find key 'spring.profiles.active' in any property source
10:38:42,288 TRACE org.springframework.core.env.PropertySourcesPropertyResolver:82 - Searching for key 'spring.profiles.default' in PropertySource 'Inlined Test Properties'
10:38:42,288 TRACE org.springframework.core.env.PropertySourcesPropertyResolver:82 - Searching for key 'spring.profiles.default' in PropertySource 'Inlined Test Properties'
10:38:42,294 TRACE org.springframework.core.env.PropertySourcesPropertyResolver:82 - Searching for key 'spring.profiles.default' in PropertySource 'systemProperties'
10:38:42,294 TRACE org.springframework.core.env.PropertySourcesPropertyResolver:82 - Searching for key 'spring.profiles.default' in PropertySource 'systemProperties'
10:38:42,294 TRACE org.springframework.core.env.PropertySourcesPropertyResolver:82 - Searching for key 'spring.profiles.default' in PropertySource 'systemEnvironment'
10:38:42,294 TRACE org.springframework.core.env.PropertySourcesPropertyResolver:82 - Searching for key 'spring.profiles.default' in PropertySource 'systemEnvironment'
10:38:42,296 TRACE org.springframework.core.env.PropertySourcesPropertyResolver:82 - Searching for key 'spring.profiles.default' in PropertySource 'random'
10:38:42,296 TRACE org.springframework.core.env.PropertySourcesPropertyResolver:82 - Searching for key 'spring.profiles.default' in PropertySource 'random'
10:38:42,296 DEBUG org.springframework.core.env.PropertySourcesPropertyResolver:96 - Could not find key 'spring.profiles.default' in any property source
10:38:42,296 DEBUG org.springframework.core.env.PropertySourcesPropertyResolver:96 - Could not find key 'spring.profiles.default' in any property source
10:38:42,334 DEBUG org.springframework.core.env.MutablePropertySources:109 - Adding PropertySource 'applicationConfig: [classpath:/application.properties]' with lowest search precedence
10:38:42,334 DEBUG org.springframework.core.env.MutablePropertySources:109 - Adding PropertySource 'applicationConfig: [classpath:/application.properties]' with lowest search precedence
10:38:42,531 DEBUG org.springframework.core.env.StandardEnvironment:109 - Adding PropertySource 'applicationConfig: [classpath:/application.properties]' with lowest search precedence
10:38:42,531 DEBUG org.springframework.core.env.StandardEnvironment:109 - Adding PropertySource 'applicationConfig: [classpath:/application.properties]' with lowest search precedence
10:38:42,541 TRACE org.springframework.core.env.PropertySourcesPropertyResolver:82 - Searching for key 'spring.output.ansi.console-available' in PropertySource 'Inlined Test Properties'
10:38:42,541 TRACE org.springframework.core.env.PropertySourcesPropertyResolver:82 - Searching for key 'spring.output.ansi.console-available' in PropertySource 'Inlined Test Properties'
10:38:42,545 TRACE org.springframework.core.env.PropertySourcesPropertyResolver:82 - Searching for key 'spring.output.ansi.console-available' in PropertySource 'systemProperties'
10:38:42,545 TRACE org.springframework.core.env.PropertySourcesPropertyResolver:82 - Searching for key 'spring.output.ansi.console-available' in PropertySource 'systemProperties'
10:38:42,546 TRACE org.springframework.core.env.PropertySourcesPropertyResolver:82 - Searching for key 'spring.output.ansi.console-available' in PropertySource 'systemEnvironment'
10:38:42,546 TRACE org.springframework.core.env.PropertySourcesPropertyResolver:82 - Searching for key 'spring.output.ansi.console-available' in PropertySource 'systemEnvironment'
10:38:42,547 TRACE org.springframework.core.env.PropertySourcesPropertyResolver:82 - Searching for key 'spring.output.ansi.console-available' in PropertySource 'random'
10:38:42,547 TRACE org.springframework.core.env.PropertySourcesPropertyResolver:82 - Searching for key 'spring.output.ansi.console-available' in PropertySource 'random'
10:38:42,548 TRACE org.springframework.core.env.PropertySourcesPropertyResolver:82 - Searching for key 'spring.output.ansi.console-available' in PropertySource 'applicationConfig: [classpath:/application.properties]'
10:38:42,548 TRACE org.springframework.core.env.PropertySourcesPropertyResolver:82 - Searching for key 'spring.output.ansi.console-available' in PropertySource 'applicationConfig: [classpath:/application.properties]'
10:38:42,549 DEBUG org.springframework.core.env.PropertySourcesPropertyResolver:96 - Could not find key 'spring.output.ansi.console-available' in any property source
10:38:42,549 DEBUG org.springframework.core.env.PropertySourcesPropertyResolver:96 - Could not find key 'spring.output.ansi.console-available' in any property source
10:38:42,550 TRACE org.springframework.core.env.PropertySourcesPropertyResolver:82 - Searching for key 'logging.exception-conversion-word' in PropertySource 'Inlined Test Properties'
10:38:42,550 TRACE org.springframework.core.env.PropertySourcesPropertyResolver:82 - Searching for key 'logging.exception-conversion-word' in PropertySource 'Inlined Test Properties'
10:38:42,551 TRACE org.springframework.core.env.PropertySourcesPropertyResolver:82 - Searching for key 'logging.exception-conversion-word' in PropertySource 'systemProperties'
10:38:42,551 TRACE org.springframework.core.env.PropertySourcesPropertyResolver:82 - Searching for key 'logging.exception-conversion-word' in PropertySource 'systemProperties'
10:38:42,552 TRACE org.springframework.core.env.PropertySourcesPropertyResolver:82 - Searching for key 'logging.exception-conversion-word' in PropertySource 'systemEnvironment'
10:38:42,552 TRACE org.springframework.core.env.PropertySourcesPropertyResolver:82 - Searching for key 'logging.exception-conversion-word' in PropertySource 'systemEnvironment'
10:38:42,553 TRACE org.springframework.core.env.PropertySourcesPropertyResolver:82 - Searching for key 'logging.exception-conversion-word' in PropertySource 'random'
10:38:42,553 TRACE org.springframework.core.env.PropertySourcesPropertyResolver:82 - Searching for key 'logging.exception-conversion-word' in PropertySource 'random'
10:38:42,554 TRACE org.springframework.core.env.PropertySourcesPropertyResolver:82 - Searching for key 'logging.exception-conversion-word' in PropertySource 'applicationConfig: [classpath:/application.properties]'
10:38:42,554 TRACE org.springframework.core.env.PropertySourcesPropertyResolver:82 - Searching for key 'logging.exception-conversion-word' in PropertySource 'applicationConfig: [classpath:/application.properties]'
10:38:42,555 DEBUG org.springframework.core.env.PropertySourcesPropertyResolver:96 - Could not find key 'logging.exception-conversion-word' in any property source
10:38:42,555 DEBUG org.springframework.core.env.PropertySourcesPropertyResolver:96 - Could not find key 'logging.exception-conversion-word' in any property source
10:38:42,564 TRACE org.springframework.core.env.PropertySourcesPropertyResolver:82 - Searching for key 'logging.pattern.console' in PropertySource 'Inlined Test Properties'
10:38:42,564 TRACE org.springframework.core.env.PropertySourcesPropertyResolver:82 - Searching for key 'logging.pattern.console' in PropertySource 'Inlined Test Properties'
10:38:42,566 TRACE org.springframework.core.env.PropertySourcesPropertyResolver:82 - Searching for key 'logging.pattern.console' in PropertySource 'systemProperties'
10:38:42,566 TRACE org.springframework.core.env.PropertySourcesPropertyResolver:82 - Searching for key 'logging.pattern.console' in PropertySource 'systemProperties'
10:38:42,568 TRACE org.springframework.core.env.PropertySourcesPropertyResolver:82 - Searching for key 'logging.pattern.console' in PropertySource 'systemEnvironment'
10:38:42,568 TRACE org.springframework.core.env.PropertySourcesPropertyResolver:82 - Searching for key 'logging.pattern.console' in PropertySource 'systemEnvironment'
10:38:42,571 TRACE org.springframework.core.env.PropertySourcesPropertyResolver:82 - Searching for key 'logging.pattern.console' in PropertySource 'random'
10:38:42,571 TRACE org.springframework.core.env.PropertySourcesPropertyResolver:82 - Searching for key 'logging.pattern.console' in PropertySource 'random'
10:38:42,578 TRACE org.springframework.core.env.PropertySourcesPropertyResolver:82 - Searching for key 'logging.pattern.console' in PropertySource 'applicationConfig: [classpath:/application.properties]'
10:38:42,578 TRACE org.springframework.core.env.PropertySourcesPropertyResolver:82 - Searching for key 'logging.pattern.console' in PropertySource 'applicationConfig: [classpath:/application.properties]'
10:38:42,579 DEBUG org.springframework.core.env.PropertySourcesPropertyResolver:96 - Could not find key 'logging.pattern.console' in any property source
10:38:42,579 DEBUG org.springframework.core.env.PropertySourcesPropertyResolver:96 - Could not find key 'logging.pattern.console' in any property source
10:38:42,580 TRACE org.springframework.core.env.PropertySourcesPropertyResolver:82 - Searching for key 'logging.pattern.file' in PropertySource 'Inlined Test Properties'
10:38:42,580 TRACE org.springframework.core.env.PropertySourcesPropertyResolver:82 - Searching for key 'logging.pattern.file' in PropertySource 'Inlined Test Properties'
10:38:42,581 TRACE org.springframework.core.env.PropertySourcesPropertyResolver:82 - Searching for key 'logging.pattern.file' in PropertySource 'systemProperties'
10:38:42,581 TRACE org.springframework.core.env.PropertySourcesPropertyResolver:82 - Searching for key 'logging.pattern.file' in PropertySource 'systemProperties'
10:38:42,582 TRACE org.springframework.core.env.PropertySourcesPropertyResolver:82 - Searching for key 'logging.pattern.file' in PropertySource 'systemEnvironment'
10:38:42,582 TRACE org.springframework.core.env.PropertySourcesPropertyResolver:82 - Searching for key 'logging.pattern.file' in PropertySource 'systemEnvironment'
10:38:42,582 TRACE org.springframework.core.env.PropertySourcesPropertyResolver:82 - Searching for key 'logging.pattern.file' in PropertySource 'random'
10:38:42,582 TRACE org.springframework.core.env.PropertySourcesPropertyResolver:82 - Searching for key 'logging.pattern.file' in PropertySource 'random'
10:38:42,583 TRACE org.springframework.core.env.PropertySourcesPropertyResolver:82 - Searching for key 'logging.pattern.file' in PropertySource 'applicationConfig: [classpath:/application.properties]'
10:38:42,583 TRACE org.springframework.core.env.PropertySourcesPropertyResolver:82 - Searching for key 'logging.pattern.file' in PropertySource 'applicationConfig: [classpath:/application.properties]'
10:38:42,584 DEBUG org.springframework.core.env.PropertySourcesPropertyResolver:96 - Could not find key 'logging.pattern.file' in any property source
10:38:42,584 DEBUG org.springframework.core.env.PropertySourcesPropertyResolver:96 - Could not find key 'logging.pattern.file' in any property source
10:38:42,585 TRACE org.springframework.core.env.PropertySourcesPropertyResolver:82 - Searching for key 'logging.file.max-history' in PropertySource 'Inlined Test Properties'
10:38:42,585 TRACE org.springframework.core.env.PropertySourcesPropertyResolver:82 - Searching for key 'logging.file.max-history' in PropertySource 'Inlined Test Properties'
10:38:42,585 TRACE org.springframework.core.env.PropertySourcesPropertyResolver:82 - Searching for key 'logging.file.max-history' in PropertySource 'systemProperties'
10:38:42,585 TRACE org.springframework.core.env.PropertySourcesPropertyResolver:82 - Searching for key 'logging.file.max-history' in PropertySource 'systemProperties'
10:38:42,586 TRACE org.springframework.core.env.PropertySourcesPropertyResolver:82 - Searching for key 'logging.file.max-history' in PropertySource 'systemEnvironment'
10:38:42,586 TRACE org.springframework.core.env.PropertySourcesPropertyResolver:82 - Searching for key 'logging.file.max-history' in PropertySource 'systemEnvironment'
10:38:42,587 TRACE org.springframework.core.env.PropertySourcesPropertyResolver:82 - Searching for key 'logging.file.max-history' in PropertySource 'random'
10:38:42,587 TRACE org.springframework.core.env.PropertySourcesPropertyResolver:82 - Searching for key 'logging.file.max-history' in PropertySource 'random'
10:38:42,588 TRACE org.springframework.core.env.PropertySourcesPropertyResolver:82 - Searching for key 'logging.file.max-history' in PropertySource 'applicationConfig: [classpath:/application.properties]'
10:38:42,588 TRACE org.springframework.core.env.PropertySourcesPropertyResolver:82 - Searching for key 'logging.file.max-history' in PropertySource 'applicationConfig: [classpath:/application.properties]'
10:38:42,588 DEBUG org.springframework.core.env.PropertySourcesPropertyResolver:96 - Could not find key 'logging.file.max-history' in any property source
10:38:42,588 DEBUG org.springframework.core.env.PropertySourcesPropertyResolver:96 - Could not find key 'logging.file.max-history' in any property source
10:38:42,601 TRACE org.springframework.core.env.PropertySourcesPropertyResolver:82 - Searching for key 'logging.file.max-size' in PropertySource 'Inlined Test Properties'
10:38:42,601 TRACE org.springframework.core.env.PropertySourcesPropertyResolver:82 - Searching for key 'logging.file.max-size' in PropertySource 'Inlined Test Properties'
10:38:42,604 TRACE org.springframework.core.env.PropertySourcesPropertyResolver:82 - Searching for key 'logging.file.max-size' in PropertySource 'systemProperties'
10:38:42,604 TRACE org.springframework.core.env.PropertySourcesPropertyResolver:82 - Searching for key 'logging.file.max-size' in PropertySource 'systemProperties'
10:38:42,613 TRACE org.springframework.core.env.PropertySourcesPropertyResolver:82 - Searching for key 'logging.file.max-size' in PropertySource 'systemEnvironment'
10:38:42,613 TRACE org.springframework.core.env.PropertySourcesPropertyResolver:82 - Searching for key 'logging.file.max-size' in PropertySource 'systemEnvironment'
10:38:42,614 TRACE org.springframework.core.env.PropertySourcesPropertyResolver:82 - Searching for key 'logging.file.max-size' in PropertySource 'random'
10:38:42,614 TRACE org.springframework.core.env.PropertySourcesPropertyResolver:82 - Searching for key 'logging.file.max-size' in PropertySource 'random'
10:38:42,614 TRACE org.springframework.core.env.PropertySourcesPropertyResolver:82 - Searching for key 'logging.file.max-size' in PropertySource 'applicationConfig: [classpath:/application.properties]'
10:38:42,614 TRACE org.springframework.core.env.PropertySourcesPropertyResolver:82 - Searching for key 'logging.file.max-size' in PropertySource 'applicationConfig: [classpath:/application.properties]'
10:38:42,615 DEBUG org.springframework.core.env.PropertySourcesPropertyResolver:96 - Could not find key 'logging.file.max-size' in any property source
10:38:42,615 DEBUG org.springframework.core.env.PropertySourcesPropertyResolver:96 - Could not find key 'logging.file.max-size' in any property source
10:38:42,616 TRACE org.springframework.core.env.PropertySourcesPropertyResolver:82 - Searching for key 'logging.pattern.level' in PropertySource 'Inlined Test Properties'
10:38:42,616 TRACE org.springframework.core.env.PropertySourcesPropertyResolver:82 - Searching for key 'logging.pattern.level' in PropertySource 'Inlined Test Properties'
10:38:42,617 TRACE org.springframework.core.env.PropertySourcesPropertyResolver:82 - Searching for key 'logging.pattern.level' in PropertySource 'systemProperties'
10:38:42,617 TRACE org.springframework.core.env.PropertySourcesPropertyResolver:82 - Searching for key 'logging.pattern.level' in PropertySource 'systemProperties'
10:38:42,617 TRACE org.springframework.core.env.PropertySourcesPropertyResolver:82 - Searching for key 'logging.pattern.level' in PropertySource 'systemEnvironment'
10:38:42,617 TRACE org.springframework.core.env.PropertySourcesPropertyResolver:82 - Searching for key 'logging.pattern.level' in PropertySource 'systemEnvironment'
10:38:42,618 TRACE org.springframework.core.env.PropertySourcesPropertyResolver:82 - Searching for key 'logging.pattern.level' in PropertySource 'random'
10:38:42,618 TRACE org.springframework.core.env.PropertySourcesPropertyResolver:82 - Searching for key 'logging.pattern.level' in PropertySource 'random'
10:38:42,619 TRACE org.springframework.core.env.PropertySourcesPropertyResolver:82 - Searching for key 'logging.pattern.level' in PropertySource 'applicationConfig: [classpath:/application.properties]'
10:38:42,619 TRACE org.springframework.core.env.PropertySourcesPropertyResolver:82 - Searching for key 'logging.pattern.level' in PropertySource 'applicationConfig: [classpath:/application.properties]'
10:38:42,619 DEBUG org.springframework.core.env.PropertySourcesPropertyResolver:96 - Could not find key 'logging.pattern.level' in any property source
10:38:42,619 DEBUG org.springframework.core.env.PropertySourcesPropertyResolver:96 - Could not find key 'logging.pattern.level' in any property source
10:38:42,620 TRACE org.springframework.core.env.PropertySourcesPropertyResolver:82 - Searching for key 'logging.pattern.dateformat' in PropertySource 'Inlined Test Properties'
10:38:42,620 TRACE org.springframework.core.env.PropertySourcesPropertyResolver:82 - Searching for key 'logging.pattern.dateformat' in PropertySource 'Inlined Test Properties'
10:38:42,620 TRACE org.springframework.core.env.PropertySourcesPropertyResolver:82 - Searching for key 'logging.pattern.dateformat' in PropertySource 'systemProperties'
10:38:42,620 TRACE org.springframework.core.env.PropertySourcesPropertyResolver:82 - Searching for key 'logging.pattern.dateformat' in PropertySource 'systemProperties'
10:38:42,621 TRACE org.springframework.core.env.PropertySourcesPropertyResolver:82 - Searching for key 'logging.pattern.dateformat' in PropertySource 'systemEnvironment'
10:38:42,621 TRACE org.springframework.core.env.PropertySourcesPropertyResolver:82 - Searching for key 'logging.pattern.dateformat' in PropertySource 'systemEnvironment'
10:38:42,621 TRACE org.springframework.core.env.PropertySourcesPropertyResolver:82 - Searching for key 'logging.pattern.dateformat' in PropertySource 'random'
10:38:42,621 TRACE org.springframework.core.env.PropertySourcesPropertyResolver:82 - Searching for key 'logging.pattern.dateformat' in PropertySource 'random'
10:38:42,629 TRACE org.springframework.core.env.PropertySourcesPropertyResolver:82 - Searching for key 'logging.pattern.dateformat' in PropertySource 'applicationConfig: [classpath:/application.properties]'
10:38:42,629 TRACE org.springframework.core.env.PropertySourcesPropertyResolver:82 - Searching for key 'logging.pattern.dateformat' in PropertySource 'applicationConfig: [classpath:/application.properties]'
10:38:42,680 DEBUG org.springframework.core.env.PropertySourcesPropertyResolver:96 - Could not find key 'logging.pattern.dateformat' in any property source
10:38:42,680 DEBUG org.springframework.core.env.PropertySourcesPropertyResolver:96 - Could not find key 'logging.pattern.dateformat' in any property source
10:38:42,682 TRACE org.springframework.core.env.PropertySourcesPropertyResolver:82 - Searching for key 'logging.file' in PropertySource 'Inlined Test Properties'
10:38:42,682 TRACE org.springframework.core.env.PropertySourcesPropertyResolver:82 - Searching for key 'logging.file' in PropertySource 'Inlined Test Properties'
10:38:42,683 TRACE org.springframework.core.env.PropertySourcesPropertyResolver:82 - Searching for key 'logging.file' in PropertySource 'systemProperties'
10:38:42,683 TRACE org.springframework.core.env.PropertySourcesPropertyResolver:82 - Searching for key 'logging.file' in PropertySource 'systemProperties'
10:38:42,684 TRACE org.springframework.core.env.PropertySourcesPropertyResolver:82 - Searching for key 'logging.file' in PropertySource 'systemEnvironment'
10:38:42,684 TRACE org.springframework.core.env.PropertySourcesPropertyResolver:82 - Searching for key 'logging.file' in PropertySource 'systemEnvironment'
10:38:42,697 TRACE org.springframework.core.env.PropertySourcesPropertyResolver:82 - Searching for key 'logging.file' in PropertySource 'random'
10:38:42,697 TRACE org.springframework.core.env.PropertySourcesPropertyResolver:82 - Searching for key 'logging.file' in PropertySource 'random'
10:38:42,699 TRACE org.springframework.core.env.PropertySourcesPropertyResolver:82 - Searching for key 'logging.file' in PropertySource 'applicationConfig: [classpath:/application.properties]'
10:38:42,699 TRACE org.springframework.core.env.PropertySourcesPropertyResolver:82 - Searching for key 'logging.file' in PropertySource 'applicationConfig: [classpath:/application.properties]'
10:38:42,701 DEBUG org.springframework.core.env.PropertySourcesPropertyResolver:96 - Could not find key 'logging.file' in any property source
10:38:42,701 DEBUG org.springframework.core.env.PropertySourcesPropertyResolver:96 - Could not find key 'logging.file' in any property source
10:38:42,702 TRACE org.springframework.core.env.PropertySourcesPropertyResolver:82 - Searching for key 'logging.path' in PropertySource 'Inlined Test Properties'
10:38:42,702 TRACE org.springframework.core.env.PropertySourcesPropertyResolver:82 - Searching for key 'logging.path' in PropertySource 'Inlined Test Properties'
10:38:42,703 TRACE org.springframework.core.env.PropertySourcesPropertyResolver:82 - Searching for key 'logging.path' in PropertySource 'systemProperties'
10:38:42,703 TRACE org.springframework.core.env.PropertySourcesPropertyResolver:82 - Searching for key 'logging.path' in PropertySource 'systemProperties'
10:38:42,704 TRACE org.springframework.core.env.PropertySourcesPropertyResolver:82 - Searching for key 'logging.path' in PropertySource 'systemEnvironment'
10:38:42,704 TRACE org.springframework.core.env.PropertySourcesPropertyResolver:82 - Searching for key 'logging.path' in PropertySource 'systemEnvironment'
10:38:42,705 TRACE org.springframework.core.env.PropertySourcesPropertyResolver:82 - Searching for key 'logging.path' in PropertySource 'random'
10:38:42,705 TRACE org.springframework.core.env.PropertySourcesPropertyResolver:82 - Searching for key 'logging.path' in PropertySource 'random'
10:38:42,713 TRACE org.springframework.core.env.PropertySourcesPropertyResolver:82 - Searching for key 'logging.path' in PropertySource 'applicationConfig: [classpath:/application.properties]'
10:38:42,713 TRACE org.springframework.core.env.PropertySourcesPropertyResolver:82 - Searching for key 'logging.path' in PropertySource 'applicationConfig: [classpath:/application.properties]'
10:38:42,715 DEBUG org.springframework.core.env.PropertySourcesPropertyResolver:96 - Could not find key 'logging.path' in any property source
10:38:42,715 DEBUG org.springframework.core.env.PropertySourcesPropertyResolver:96 - Could not find key 'logging.path' in any property source
10:38:42,716 TRACE org.springframework.core.env.PropertySourcesPropertyResolver:82 - Searching for key 'debug' in PropertySource 'Inlined Test Properties'
10:38:42,716 TRACE org.springframework.core.env.PropertySourcesPropertyResolver:82 - Searching for key 'debug' in PropertySource 'Inlined Test Properties'
10:38:42,717 TRACE org.springframework.core.env.PropertySourcesPropertyResolver:82 - Searching for key 'debug' in PropertySource 'systemProperties'
10:38:42,717 TRACE org.springframework.core.env.PropertySourcesPropertyResolver:82 - Searching for key 'debug' in PropertySource 'systemProperties'
10:38:42,719 TRACE org.springframework.core.env.PropertySourcesPropertyResolver:82 - Searching for key 'debug' in PropertySource 'systemEnvironment'
10:38:42,719 TRACE org.springframework.core.env.PropertySourcesPropertyResolver:82 - Searching for key 'debug' in PropertySource 'systemEnvironment'
10:38:42,726 TRACE org.springframework.core.env.PropertySourcesPropertyResolver:82 - Searching for key 'debug' in PropertySource 'random'
10:38:42,726 TRACE org.springframework.core.env.PropertySourcesPropertyResolver:82 - Searching for key 'debug' in PropertySource 'random'
10:38:42,728 TRACE org.springframework.core.env.PropertySourcesPropertyResolver:82 - Searching for key 'debug' in PropertySource 'applicationConfig: [classpath:/application.properties]'
10:38:42,728 TRACE org.springframework.core.env.PropertySourcesPropertyResolver:82 - Searching for key 'debug' in PropertySource 'applicationConfig: [classpath:/application.properties]'
10:38:42,730 DEBUG org.springframework.core.env.PropertySourcesPropertyResolver:96 - Could not find key 'debug' in any property source
10:38:42,730 DEBUG org.springframework.core.env.PropertySourcesPropertyResolver:96 - Could not find key 'debug' in any property source
10:38:42,730 TRACE org.springframework.core.env.PropertySourcesPropertyResolver:82 - Searching for key 'trace' in PropertySource 'Inlined Test Properties'
10:38:42,730 TRACE org.springframework.core.env.PropertySourcesPropertyResolver:82 - Searching for key 'trace' in PropertySource 'Inlined Test Properties'
10:38:42,731 TRACE org.springframework.core.env.PropertySourcesPropertyResolver:82 - Searching for key 'trace' in PropertySource 'systemProperties'
10:38:42,731 TRACE org.springframework.core.env.PropertySourcesPropertyResolver:82 - Searching for key 'trace' in PropertySource 'systemProperties'
10:38:42,732 TRACE org.springframework.core.env.PropertySourcesPropertyResolver:82 - Searching for key 'trace' in PropertySource 'systemEnvironment'
10:38:42,732 TRACE org.springframework.core.env.PropertySourcesPropertyResolver:82 - Searching for key 'trace' in PropertySource 'systemEnvironment'
10:38:42,734 TRACE org.springframework.core.env.PropertySourcesPropertyResolver:82 - Searching for key 'trace' in PropertySource 'random'
10:38:42,734 TRACE org.springframework.core.env.PropertySourcesPropertyResolver:82 - Searching for key 'trace' in PropertySource 'random'
10:38:42,736 TRACE org.springframework.core.env.PropertySourcesPropertyResolver:82 - Searching for key 'trace' in PropertySource 'applicationConfig: [classpath:/application.properties]'
10:38:42,736 TRACE org.springframework.core.env.PropertySourcesPropertyResolver:82 - Searching for key 'trace' in PropertySource 'applicationConfig: [classpath:/application.properties]'
10:38:42,737 DEBUG org.springframework.core.env.PropertySourcesPropertyResolver:96 - Could not find key 'trace' in any property source
10:38:42,737 DEBUG org.springframework.core.env.PropertySourcesPropertyResolver:96 - Could not find key 'trace' in any property source
10:38:42,741 TRACE org.springframework.core.env.PropertySourcesPropertyResolver:82 - Searching for key 'logging.config' in PropertySource 'Inlined Test Properties'
10:38:42,741 TRACE org.springframework.core.env.PropertySourcesPropertyResolver:82 - Searching for key 'logging.config' in PropertySource 'Inlined Test Properties'
10:38:42,745 TRACE org.springframework.core.env.PropertySourcesPropertyResolver:82 - Searching for key 'logging.config' in PropertySource 'systemProperties'
10:38:42,745 TRACE org.springframework.core.env.PropertySourcesPropertyResolver:82 - Searching for key 'logging.config' in PropertySource 'systemProperties'
10:38:42,748 TRACE org.springframework.core.env.PropertySourcesPropertyResolver:82 - Searching for key 'logging.config' in PropertySource 'systemEnvironment'
10:38:42,748 TRACE org.springframework.core.env.PropertySourcesPropertyResolver:82 - Searching for key 'logging.config' in PropertySource 'systemEnvironment'
10:38:42,749 TRACE org.springframework.core.env.PropertySourcesPropertyResolver:82 - Searching for key 'logging.config' in PropertySource 'random'
10:38:42,749 TRACE org.springframework.core.env.PropertySourcesPropertyResolver:82 - Searching for key 'logging.config' in PropertySource 'random'
10:38:42,750 TRACE org.springframework.core.env.PropertySourcesPropertyResolver:82 - Searching for key 'logging.config' in PropertySource 'applicationConfig: [classpath:/application.properties]'
10:38:42,750 TRACE org.springframework.core.env.PropertySourcesPropertyResolver:82 - Searching for key 'logging.config' in PropertySource 'applicationConfig: [classpath:/application.properties]'
10:38:42,752 DEBUG org.springframework.core.env.PropertySourcesPropertyResolver:96 - Could not find key 'logging.config' in any property source
10:38:42,752 DEBUG org.springframework.core.env.PropertySourcesPropertyResolver:96 - Could not find key 'logging.config' in any property source
10:38:42,780 TRACE org.springframework.core.env.PropertySourcesPropertyResolver:82 - Searching for key 'logging.register-shutdown-hook' in PropertySource 'Inlined Test Properties'
10:38:42,780 TRACE org.springframework.core.env.PropertySourcesPropertyResolver:82 - Searching for key 'logging.register-shutdown-hook' in PropertySource 'Inlined Test Properties'
10:38:42,781 TRACE org.springframework.core.env.PropertySourcesPropertyResolver:82 - Searching for key 'logging.register-shutdown-hook' in PropertySource 'systemProperties'
10:38:42,781 TRACE org.springframework.core.env.PropertySourcesPropertyResolver:82 - Searching for key 'logging.register-shutdown-hook' in PropertySource 'systemProperties'
10:38:42,782 TRACE org.springframework.core.env.PropertySourcesPropertyResolver:82 - Searching for key 'logging.register-shutdown-hook' in PropertySource 'systemEnvironment'
10:38:42,782 TRACE org.springframework.core.env.PropertySourcesPropertyResolver:82 - Searching for key 'logging.register-shutdown-hook' in PropertySource 'systemEnvironment'
10:38:42,783 TRACE org.springframework.core.env.PropertySourcesPropertyResolver:82 - Searching for key 'logging.register-shutdown-hook' in PropertySource 'random'
10:38:42,783 TRACE org.springframework.core.env.PropertySourcesPropertyResolver:82 - Searching for key 'logging.register-shutdown-hook' in PropertySource 'random'
10:38:42,783 TRACE org.springframework.core.env.PropertySourcesPropertyResolver:82 - Searching for key 'logging.register-shutdown-hook' in PropertySource 'applicationConfig: [classpath:/application.properties]'
10:38:42,783 TRACE org.springframework.core.env.PropertySourcesPropertyResolver:82 - Searching for key 'logging.register-shutdown-hook' in PropertySource 'applicationConfig: [classpath:/application.properties]'
10:38:42,784 DEBUG org.springframework.core.env.PropertySourcesPropertyResolver:96 - Could not find key 'logging.register-shutdown-hook' in any property source
10:38:42,784 DEBUG org.springframework.core.env.PropertySourcesPropertyResolver:96 - Could not find key 'logging.register-shutdown-hook' in any property source
10:38:42,785 DEBUG org.springframework.boot.context.logging.ClasspathLoggingApplicationListener:53 - Application started with classpath: [file:/C:/Users/Maryna%20Savchenko/AppData/Local/Temp/surefire1244754544745437156/surefirebooter7935569149334272143.jar]
10:38:42,785 DEBUG org.springframework.boot.context.logging.ClasspathLoggingApplicationListener:53 - Application started with classpath: [file:/C:/Users/Maryna%20Savchenko/AppData/Local/Temp/surefire1244754544745437156/surefirebooter7935569149334272143.jar]
10:38:42,786 TRACE org.springframework.core.env.PropertySourcesPropertyResolver:82 - Searching for key 'context.listener.classes' in PropertySource 'Inlined Test Properties'
10:38:42,786 TRACE org.springframework.core.env.PropertySourcesPropertyResolver:82 - Searching for key 'context.listener.classes' in PropertySource 'Inlined Test Properties'
10:38:42,787 TRACE org.springframework.core.env.PropertySourcesPropertyResolver:82 - Searching for key 'context.listener.classes' in PropertySource 'systemProperties'
10:38:42,787 TRACE org.springframework.core.env.PropertySourcesPropertyResolver:82 - Searching for key 'context.listener.classes' in PropertySource 'systemProperties'
10:38:42,788 TRACE org.springframework.core.env.PropertySourcesPropertyResolver:82 - Searching for key 'context.listener.classes' in PropertySource 'systemEnvironment'
10:38:42,788 TRACE org.springframework.core.env.PropertySourcesPropertyResolver:82 - Searching for key 'context.listener.classes' in PropertySource 'systemEnvironment'
10:38:42,799 TRACE org.springframework.core.env.PropertySourcesPropertyResolver:82 - Searching for key 'context.listener.classes' in PropertySource 'random'
10:38:42,799 TRACE org.springframework.core.env.PropertySourcesPropertyResolver:82 - Searching for key 'context.listener.classes' in PropertySource 'random'
10:38:42,800 TRACE org.springframework.core.env.PropertySourcesPropertyResolver:82 - Searching for key 'context.listener.classes' in PropertySource 'applicationConfig: [classpath:/application.properties]'
10:38:42,800 TRACE org.springframework.core.env.PropertySourcesPropertyResolver:82 - Searching for key 'context.listener.classes' in PropertySource 'applicationConfig: [classpath:/application.properties]'
10:38:42,802 DEBUG org.springframework.core.env.PropertySourcesPropertyResolver:96 - Could not find key 'context.listener.classes' in any property source
10:38:42,802 DEBUG org.springframework.core.env.PropertySourcesPropertyResolver:96 - Could not find key 'context.listener.classes' in any property source
10:38:42,821 DEBUG org.springframework.core.env.StandardEnvironment:98 - Adding PropertySource 'configurationProperties' with highest search precedence
10:38:42,821 DEBUG org.springframework.core.env.StandardEnvironment:98 - Adding PropertySource 'configurationProperties' with highest search precedence
10:38:42,829 TRACE org.springframework.core.env.PropertySourcesPropertyResolver:82 - Searching for key 'spring.banner.image.location' in PropertySource 'configurationProperties'
10:38:42,829 TRACE org.springframework.core.env.PropertySourcesPropertyResolver:82 - Searching for key 'spring.banner.image.location' in PropertySource 'configurationProperties'
10:38:42,833 TRACE org.springframework.core.env.PropertySourcesPropertyResolver:82 - Searching for key 'spring.banner.image.location' in PropertySource 'Inlined Test Properties'
10:38:42,833 TRACE org.springframework.core.env.PropertySourcesPropertyResolver:82 - Searching for key 'spring.banner.image.location' in PropertySource 'Inlined Test Properties'
10:38:42,834 TRACE org.springframework.core.env.PropertySourcesPropertyResolver:82 - Searching for key 'spring.banner.image.location' in PropertySource 'systemProperties'
10:38:42,834 TRACE org.springframework.core.env.PropertySourcesPropertyResolver:82 - Searching for key 'spring.banner.image.location' in PropertySource 'systemProperties'
10:38:42,835 TRACE org.springframework.core.env.PropertySourcesPropertyResolver:82 - Searching for key 'spring.banner.image.location' in PropertySource 'systemEnvironment'
10:38:42,835 TRACE org.springframework.core.env.PropertySourcesPropertyResolver:82 - Searching for key 'spring.banner.image.location' in PropertySource 'systemEnvironment'
10:38:42,836 TRACE org.springframework.core.env.PropertySourcesPropertyResolver:82 - Searching for key 'spring.banner.image.location' in PropertySource 'random'
10:38:42,836 TRACE org.springframework.core.env.PropertySourcesPropertyResolver:82 - Searching for key 'spring.banner.image.location' in PropertySource 'random'
10:38:42,837 TRACE org.springframework.core.env.PropertySourcesPropertyResolver:82 - Searching for key 'spring.banner.image.location' in PropertySource 'applicationConfig: [classpath:/application.properties]'
10:38:42,837 TRACE org.springframework.core.env.PropertySourcesPropertyResolver:82 - Searching for key 'spring.banner.image.location' in PropertySource 'applicationConfig: [classpath:/application.properties]'
10:38:42,844 DEBUG org.springframework.core.env.PropertySourcesPropertyResolver:96 - Could not find key 'spring.banner.image.location' in any property source
10:38:42,844 DEBUG org.springframework.core.env.PropertySourcesPropertyResolver:96 - Could not find key 'spring.banner.image.location' in any property source
10:38:42,850 TRACE org.springframework.core.env.PropertySourcesPropertyResolver:82 - Searching for key 'spring.banner.location' in PropertySource 'configurationProperties'
10:38:42,850 TRACE org.springframework.core.env.PropertySourcesPropertyResolver:82 - Searching for key 'spring.banner.location' in PropertySource 'configurationProperties'
10:38:42,854 TRACE org.springframework.core.env.PropertySourcesPropertyResolver:82 - Searching for key 'spring.banner.location' in PropertySource 'Inlined Test Properties'
10:38:42,854 TRACE org.springframework.core.env.PropertySourcesPropertyResolver:82 - Searching for key 'spring.banner.location' in PropertySource 'Inlined Test Properties'
10:38:42,862 TRACE org.springframework.core.env.PropertySourcesPropertyResolver:82 - Searching for key 'spring.banner.location' in PropertySource 'systemProperties'
10:38:42,862 TRACE org.springframework.core.env.PropertySourcesPropertyResolver:82 - Searching for key 'spring.banner.location' in PropertySource 'systemProperties'
10:38:42,863 TRACE org.springframework.core.env.PropertySourcesPropertyResolver:82 - Searching for key 'spring.banner.location' in PropertySource 'systemEnvironment'
10:38:42,863 TRACE org.springframework.core.env.PropertySourcesPropertyResolver:82 - Searching for key 'spring.banner.location' in PropertySource 'systemEnvironment'
10:38:42,864 TRACE org.springframework.core.env.PropertySourcesPropertyResolver:82 - Searching for key 'spring.banner.location' in PropertySource 'random'
10:38:42,864 TRACE org.springframework.core.env.PropertySourcesPropertyResolver:82 - Searching for key 'spring.banner.location' in PropertySource 'random'
10:38:42,865 TRACE org.springframework.core.env.PropertySourcesPropertyResolver:82 - Searching for key 'spring.banner.location' in PropertySource 'applicationConfig: [classpath:/application.properties]'
10:38:42,865 TRACE org.springframework.core.env.PropertySourcesPropertyResolver:82 - Searching for key 'spring.banner.location' in PropertySource 'applicationConfig: [classpath:/application.properties]'
10:38:42,866 DEBUG org.springframework.core.env.PropertySourcesPropertyResolver:96 - Could not find key 'spring.banner.location' in any property source
10:38:42,866 DEBUG org.springframework.core.env.PropertySourcesPropertyResolver:96 - Could not find key 'spring.banner.location' in any property source

  .   ____          _            __ _ _
 /\\ / ___'_ __ _ _(_)_ __  __ _ \ \ \ \
( ( )\___ | '_ | '_| | '_ \/ _` | \ \ \ \
 \\/  ___)| |_)| | | | | || (_| |  ) ) ) )
  '  |____| .__|_| |_|_| |_\__, | / / / /
 =========|_|==============|___/=/_/_/_/
 :: Spring Boot ::        (v2.0.2.RELEASE)

10:38:42,884 DEBUG org.springframework.core.env.StandardEnvironment:109 - Adding PropertySource 'systemProperties' with lowest search precedence
10:38:42,884 DEBUG org.springframework.core.env.StandardEnvironment:109 - Adding PropertySource 'systemProperties' with lowest search precedence
10:38:42,885 DEBUG org.springframework.core.env.StandardEnvironment:109 - Adding PropertySource 'systemEnvironment' with lowest search precedence
10:38:42,885 DEBUG org.springframework.core.env.StandardEnvironment:109 - Adding PropertySource 'systemEnvironment' with lowest search precedence
10:38:42,887 DEBUG org.springframework.core.env.StandardEnvironment:125 - Initialized StandardEnvironment with PropertySources [MapPropertySource@1887979637 {name='systemProperties', properties={java.runtime.name=Java(TM) SE Runtime Environment, sun.boot.library.path=C:\Program Files\Java\jdk1.8.0_131\jre\bin, java.vm.version=25.131-b11, user.country.format=UA, java.vm.vendor=Oracle Corporation, java.vendor.url=http://java.oracle.com/, path.separator=;, java.vm.name=Java HotSpot(TM) 64-Bit Server VM, file.encoding.pkg=sun.io, user.country=US, user.script=, sun.java.launcher=SUN_STANDARD, sun.os.patch.level=, PID=5372, java.vm.specification.name=Java Virtual Machine Specification, user.dir=E:\java\repos\JavaTutorAPI\javatutor, java.runtime.version=1.8.0_131-b11, basedir=E:\java\repos\JavaTutorAPI\javatutor, java.awt.graphicsenv=sun.awt.Win32GraphicsEnvironment, java.endorsed.dirs=C:\Program Files\Java\jdk1.8.0_131\jre\lib\endorsed, os.arch=amd64, surefire.real.class.path=C:\Users\MARYNA~1\AppData\Local\Temp\surefire1244754544745437156\surefirebooter7935569149334272143.jar, java.io.tmpdir=C:\Users\MARYNA~1\AppData\Local\Temp\, line.separator=
, java.vm.specification.vendor=Oracle Corporation, user.variant=, os.name=Windows 10, sun.jnu.encoding=Cp1252, spring.beaninfo.ignore=true, java.library.path=C:\Program Files\Java\jdk1.8.0_131\jre\bin;C:\WINDOWS\Sun\Java\bin;C:\WINDOWS\system32;C:\WINDOWS;C:\Users\Maryna Savchenko\bin;C:\Program Files\Git\mingw64\bin;C:\Program Files\Git\usr\local\bin;C:\Program Files\Git\usr\bin;C:\Program Files\Git\usr\bin;C:\Program Files\Git\mingw64\bin;C:\Program Files\Git\usr\bin;C:\Users\Maryna Savchenko\bin;C:\Program Files\Docker\Docker\Resources\bin;C:\ProgramData\Oracle\Java\javapath;C:\Program Files (x86)\Intel\TXE Components\TCS;C:\Program Files\Intel\TXE Components\TCS;C:\WINDOWS\system32;C:\WINDOWS;C:\WINDOWS\System32\Wbem;C:\WINDOWS\System32\WindowsPowerShell\v1.0;C:\Program Files\Intel\TXE Components\DAL;C:\Program Files (x86)\Intel\TXE Components\DAL;C:\Program Files\Intel\TXE Components\IPT;C:\Program Files (x86)\Intel\TXE Components\IPT;E:\java\apache-maven-3.5.0-bin\apache-maven-3.5.0\bin;C:\Program Files\Git\cmd;C:\Program Files\Java\jdk1.8.0_131\bin;C:\Program Files\MySQL\MySQL Utilities 1.6;C:\Program Files (x86)\bin;C:\Program Files (x86)\sbt\bin;C:\Program Files (x86)\Yarn\bin;C:\ProgramData\chocolatey\bin;C:\Program Files\nodejs;C:\Users\Maryna Savchenko\AppData\Local\Microsoft\WindowsApps;E:\java\spark-2.2.0-bin-hadoop2.7\bin;C:\Program Files\Java\jdk1.8.0_131\bin;C:\Program Files (x86)\sbt\bin;C:\winutils\bin;C:\Program Files\Docker Toolbox;C:\Users\Maryna Savchenko\AppData\Local\Yarn\bin;C:\Users\Maryna Savchenko\AppData\Roaming\npm;C:\Program Files\Git\usr\bin\vendor_perl;C:\Program Files\Git\usr\bin\core_perl;., surefire.test.class.path=E:\java\repos\JavaTutorAPI\javatutor\target\test-classes;E:\java\repos\JavaTutorAPI\javatutor\target\classes;C:\Users\Maryna Savchenko\.m2\repository\org\springframework\boot\spring-boot-starter-web\2.0.2.RELEASE\spring-boot-starter-web-2.0.2.RELEASE.jar;C:\Users\Maryna Savchenko\.m2\repository\org\springframework\boot\spring-boot-starter\2.0.2.RELEASE\spring-boot-starter-2.0.2.RELEASE.jar;C:\Users\Maryna Savchenko\.m2\repository\javax\annotation\javax.annotation-api\1.3.2\javax.annotation-api-1.3.2.jar;C:\Users\Maryna Savchenko\.m2\repository\org\yaml\snakeyaml\1.19\snakeyaml-1.19.jar;C:\Users\Maryna Savchenko\.m2\repository\org\springframework\boot\spring-boot-starter-json\2.0.2.RELEASE\spring-boot-starter-json-2.0.2.RELEASE.jar;C:\Users\Maryna Savchenko\.m2\repository\com\fasterxml\jackson\core\jackson-databind\2.9.5\jackson-databind-2.9.5.jar;C:\Users\Maryna Savchenko\.m2\repository\com\fasterxml\jackson\core\jackson-annotations\2.9.0\jackson-annotations-2.9.0.jar;C:\Users\Maryna Savchenko\.m2\repository\com\fasterxml\jackson\core\jackson-core\2.9.5\jackson-core-2.9.5.jar;C:\Users\Maryna Savchenko\.m2\repository\com\fasterxml\jackson\datatype\jackson-datatype-jdk8\2.9.5\jackson-datatype-jdk8-2.9.5.jar;C:\Users\Maryna Savchenko\.m2\repository\com\fasterxml\jackson\datatype\jackson-datatype-jsr310\2.9.5\jackson-datatype-jsr310-2.9.5.jar;C:\Users\Maryna Savchenko\.m2\repository\com\fasterxml\jackson\module\jackson-module-parameter-names\2.9.5\jackson-module-parameter-names-2.9.5.jar;C:\Users\Maryna Savchenko\.m2\repository\org\springframework\boot\spring-boot-starter-tomcat\2.0.2.RELEASE\spring-boot-starter-tomcat-2.0.2.RELEASE.jar;C:\Users\Maryna Savchenko\.m2\repository\org\apache\tomcat\embed\tomcat-embed-websocket\8.5.31\tomcat-embed-websocket-8.5.31.jar;C:\Users\Maryna Savchenko\.m2\repository\org\hibernate\validator\hibernate-validator\6.0.9.Final\hibernate-validator-6.0.9.Final.jar;C:\Users\Maryna Savchenko\.m2\repository\javax\validation\validation-api\2.0.1.Final\validation-api-2.0.1.Final.jar;C:\Users\Maryna Savchenko\.m2\repository\org\jboss\logging\jboss-logging\3.3.2.Final\jboss-logging-3.3.2.Final.jar;C:\Users\Maryna Savchenko\.m2\repository\com\fasterxml\classmate\1.3.4\classmate-1.3.4.jar;C:\Users\Maryna Savchenko\.m2\repository\org\springframework\spring-web\5.0.6.RELEASE\spring-web-5.0.6.RELEASE.jar;C:\Users\Maryna Savchenko\.m2\repository\org\springframework\spring-beans\5.0.6.RELEASE\spring-beans-5.0.6.RELEASE.jar;C:\Users\Maryna Savchenko\.m2\repository\org\springframework\spring-webmvc\5.0.6.RELEASE\spring-webmvc-5.0.6.RELEASE.jar;C:\Users\Maryna Savchenko\.m2\repository\org\springframework\spring-context\5.0.6.RELEASE\spring-context-5.0.6.RELEASE.jar;C:\Users\Maryna Savchenko\.m2\repository\org\springframework\spring-expression\5.0.6.RELEASE\spring-expression-5.0.6.RELEASE.jar;C:\Users\Maryna Savchenko\.m2\repository\org\slf4j\jcl-over-slf4j\1.7.25\jcl-over-slf4j-1.7.25.jar;C:\Users\Maryna Savchenko\.m2\repository\org\slf4j\slf4j-api\1.7.25\slf4j-api-1.7.25.jar;C:\Users\Maryna Savchenko\.m2\repository\org\slf4j\jul-to-slf4j\1.7.25\jul-to-slf4j-1.7.25.jar;C:\Users\Maryna Savchenko\.m2\repository\org\slf4j\slf4j-log4j12\1.7.25\slf4j-log4j12-1.7.25.jar;C:\Users\Maryna Savchenko\.m2\repository\log4j\log4j\1.2.17\log4j-1.2.17.jar;C:\Users\Maryna Savchenko\.m2\repository\org\springframework\boot\spring-boot-starter-data-mongodb\2.0.2.RELEASE\spring-boot-starter-data-mongodb-2.0.2.RELEASE.jar;C:\Users\Maryna Savchenko\.m2\repository\org\mongodb\mongodb-driver\3.6.0\mongodb-driver-3.6.0.jar;C:\Users\Maryna Savchenko\.m2\repository\org\mongodb\bson\3.6.0\bson-3.6.0.jar;C:\Users\Maryna Savchenko\.m2\repository\org\mongodb\mongodb-driver-core\3.6.0\mongodb-driver-core-3.6.0.jar;C:\Users\Maryna Savchenko\.m2\repository\org\springframework\data\spring-data-mongodb\2.0.7.RELEASE\spring-data-mongodb-2.0.7.RELEASE.jar;C:\Users\Maryna Savchenko\.m2\repository\org\springframework\spring-tx\5.0.6.RELEASE\spring-tx-5.0.6.RELEASE.jar;C:\Users\Maryna Savchenko\.m2\repository\org\springframework\data\spring-data-commons\2.0.7.RELEASE\spring-data-commons-2.0.7.RELEASE.jar;C:\Users\Maryna Savchenko\.m2\repository\org\springframework\boot\spring-boot-starter-actuator\2.0.2.RELEASE\spring-boot-starter-actuator-2.0.2.RELEASE.jar;C:\Users\Maryna Savchenko\.m2\repository\org\springframework\boot\spring-boot-actuator-autoconfigure\2.0.2.RELEASE\spring-boot-actuator-autoconfigure-2.0.2.RELEASE.jar;C:\Users\Maryna Savchenko\.m2\repository\org\springframework\boot\spring-boot-actuator\2.0.2.RELEASE\spring-boot-actuator-2.0.2.RELEASE.jar;C:\Users\Maryna Savchenko\.m2\repository\io\micrometer\micrometer-core\1.0.4\micrometer-core-1.0.4.jar;C:\Users\Maryna Savchenko\.m2\repository\org\hdrhistogram\HdrHistogram\2.1.10\HdrHistogram-2.1.10.jar;C:\Users\Maryna Savchenko\.m2\repository\org\latencyutils\LatencyUtils\2.0.3\LatencyUtils-2.0.3.jar;C:\Users\Maryna Savchenko\.m2\repository\org\springframework\boot\spring-boot-starter-security\2.0.2.RELEASE\spring-boot-starter-security-2.0.2.RELEASE.jar;C:\Users\Maryna Savchenko\.m2\repository\org\springframework\spring-aop\5.0.6.RELEASE\spring-aop-5.0.6.RELEASE.jar;C:\Users\Maryna Savchenko\.m2\repository\org\springframework\security\spring-security-config\5.0.5.RELEASE\spring-security-config-5.0.5.RELEASE.jar;C:\Users\Maryna Savchenko\.m2\repository\org\springframework\security\spring-security-web\5.0.5.RELEASE\spring-security-web-5.0.5.RELEASE.jar;C:\Users\Maryna Savchenko\.m2\repository\org\springframework\security\spring-security-test\5.0.5.RELEASE\spring-security-test-5.0.5.RELEASE.jar;C:\Users\Maryna Savchenko\.m2\repository\org\springframework\security\spring-security-core\5.0.5.RELEASE\spring-security-core-5.0.5.RELEASE.jar;C:\Users\Maryna Savchenko\.m2\repository\org\springframework\spring-core\5.0.6.RELEASE\spring-core-5.0.6.RELEASE.jar;C:\Users\Maryna Savchenko\.m2\repository\org\springframework\spring-jcl\5.0.6.RELEASE\spring-jcl-5.0.6.RELEASE.jar;C:\Users\Maryna Savchenko\.m2\repository\org\springframework\spring-test\5.0.6.RELEASE\spring-test-5.0.6.RELEASE.jar;C:\Users\Maryna Savchenko\.m2\repository\org\springframework\boot\spring-boot-devtools\2.0.2.RELEASE\spring-boot-devtools-2.0.2.RELEASE.jar;C:\Users\Maryna Savchenko\.m2\repository\org\springframework\boot\spring-boot\2.0.2.RELEASE\spring-boot-2.0.2.RELEASE.jar;C:\Users\Maryna Savchenko\.m2\repository\org\springframework\boot\spring-boot-autoconfigure\2.0.2.RELEASE\spring-boot-autoconfigure-2.0.2.RELEASE.jar;C:\Users\Maryna Savchenko\.m2\repository\org\springframework\boot\spring-boot-starter-test\2.0.2.RELEASE\spring-boot-starter-test-2.0.2.RELEASE.jar;C:\Users\Maryna Savchenko\.m2\repository\org\springframework\boot\spring-boot-test\2.0.2.RELEASE\spring-boot-test-2.0.2.RELEASE.jar;C:\Users\Maryna Savchenko\.m2\repository\org\springframework\boot\spring-boot-test-autoconfigure\2.0.2.RELEASE\spring-boot-test-autoconfigure-2.0.2.RELEASE.jar;C:\Users\Maryna Savchenko\.m2\repository\com\jayway\jsonpath\json-path\2.4.0\json-path-2.4.0.jar;C:\Users\Maryna Savchenko\.m2\repository\net\minidev\json-smart\2.3\json-smart-2.3.jar;C:\Users\Maryna Savchenko\.m2\repository\net\minidev\accessors-smart\1.2\accessors-smart-1.2.jar;C:\Users\Maryna Savchenko\.m2\repository\org\ow2\asm\asm\5.0.4\asm-5.0.4.jar;C:\Users\Maryna Savchenko\.m2\repository\org\assertj\assertj-core\3.9.1\assertj-core-3.9.1.jar;C:\Users\Maryna Savchenko\.m2\repository\org\mockito\mockito-core\2.15.0\mockito-core-2.15.0.jar;C:\Users\Maryna Savchenko\.m2\repository\net\bytebuddy\byte-buddy\1.7.11\byte-buddy-1.7.11.jar;C:\Users\Maryna Savchenko\.m2\repository\net\bytebuddy\byte-buddy-agent\1.7.11\byte-buddy-agent-1.7.11.jar;C:\Users\Maryna Savchenko\.m2\repository\org\objenesis\objenesis\2.6\objenesis-2.6.jar;C:\Users\Maryna Savchenko\.m2\repository\org\hamcrest\hamcrest-core\1.3\hamcrest-core-1.3.jar;C:\Users\Maryna Savchenko\.m2\repository\org\hamcrest\hamcrest-library\1.3\hamcrest-library-1.3.jar;C:\Users\Maryna Savchenko\.m2\repository\org\skyscreamer\jsonassert\1.5.0\jsonassert-1.5.0.jar;C:\Users\Maryna Savchenko\.m2\repository\com\vaadin\external\google\android-json\0.0.20131108.vaadin1\android-json-0.0.20131108.vaadin1.jar;C:\Users\Maryna Savchenko\.m2\repository\org\xmlunit\xmlunit-core\2.5.1\xmlunit-core-2.5.1.jar;C:\Users\Maryna Savchenko\.m2\repository\pl\pragmatists\JUnitParams\1.1.1\JUnitParams-1.1.1.jar;C:\Users\Maryna Savchenko\.m2\repository\org\apache\tomcat\embed\tomcat-embed-jasper\8.5.31\tomcat-embed-jasper-8.5.31.jar;C:\Users\Maryna Savchenko\.m2\repository\org\apache\tomcat\embed\tomcat-embed-core\8.5.31\tomcat-embed-core-8.5.31.jar;C:\Users\Maryna Savchenko\.m2\repository\org\apache\tomcat\tomcat-annotations-api\8.5.31\tomcat-annotations-api-8.5.31.jar;C:\Users\Maryna Savchenko\.m2\repository\org\apache\tomcat\embed\tomcat-embed-el\8.5.31\tomcat-embed-el-8.5.31.jar;C:\Users\Maryna Savchenko\.m2\repository\org\eclipse\jdt\ecj\3.12.3\ecj-3.12.3.jar;C:\Users\Maryna Savchenko\.m2\repository\junit\junit\4.12\junit-4.12.jar;C:\Users\Maryna Savchenko\.m2\repository\org\projectlombok\lombok\1.16.20\lombok-1.16.20.jar;C:\Users\Maryna Savchenko\.m2\repository\org\projectlombok\lombok-maven-plugin\1.16.20.0\lombok-maven-plugin-1.16.20.0.jar;C:\Users\Maryna Savchenko\.m2\repository\org\apache\commons\commons-lang3\3.7\commons-lang3-3.7.jar;C:\Users\Maryna Savchenko\.m2\repository\org\sonatype\plexus\plexus-build-api\0.0.7\plexus-build-api-0.0.7.jar;C:\Users\Maryna Savchenko\.m2\repository\org\codehaus\plexus\plexus-utils\1.5.8\plexus-utils-1.5.8.jar;, java.specification.name=Java Platform API Specification, java.class.version=52.0, sun.management.compiler=HotSpot 64-Bit Tiered Compilers, os.version=10.0, user.home=C:\Users\Maryna Savchenko, user.timezone=Europe/Belgrade, java.awt.printerjob=sun.awt.windows.WPrinterJob, file.encoding=Cp1252, java.specification.version=1.8, java.class.path=E:\java\repos\JavaTutorAPI\javatutor\target\test-classes;E:\java\repos\JavaTutorAPI\javatutor\target\classes;C:\Users\Maryna Savchenko\.m2\repository\org\springframework\boot\spring-boot-starter-web\2.0.2.RELEASE\spring-boot-starter-web-2.0.2.RELEASE.jar;C:\Users\Maryna Savchenko\.m2\repository\org\springframework\boot\spring-boot-starter\2.0.2.RELEASE\spring-boot-starter-2.0.2.RELEASE.jar;C:\Users\Maryna Savchenko\.m2\repository\javax\annotation\javax.annotation-api\1.3.2\javax.annotation-api-1.3.2.jar;C:\Users\Maryna Savchenko\.m2\repository\org\yaml\snakeyaml\1.19\snakeyaml-1.19.jar;C:\Users\Maryna Savchenko\.m2\repository\org\springframework\boot\spring-boot-starter-json\2.0.2.RELEASE\spring-boot-starter-json-2.0.2.RELEASE.jar;C:\Users\Maryna Savchenko\.m2\repository\com\fasterxml\jackson\core\jackson-databind\2.9.5\jackson-databind-2.9.5.jar;C:\Users\Maryna Savchenko\.m2\repository\com\fasterxml\jackson\core\jackson-annotations\2.9.0\jackson-annotations-2.9.0.jar;C:\Users\Maryna Savchenko\.m2\repository\com\fasterxml\jackson\core\jackson-core\2.9.5\jackson-core-2.9.5.jar;C:\Users\Maryna Savchenko\.m2\repository\com\fasterxml\jackson\datatype\jackson-datatype-jdk8\2.9.5\jackson-datatype-jdk8-2.9.5.jar;C:\Users\Maryna Savchenko\.m2\repository\com\fasterxml\jackson\datatype\jackson-datatype-jsr310\2.9.5\jackson-datatype-jsr310-2.9.5.jar;C:\Users\Maryna Savchenko\.m2\repository\com\fasterxml\jackson\module\jackson-module-parameter-names\2.9.5\jackson-module-parameter-names-2.9.5.jar;C:\Users\Maryna Savchenko\.m2\repository\org\springframework\boot\spring-boot-starter-tomcat\2.0.2.RELEASE\spring-boot-starter-tomcat-2.0.2.RELEASE.jar;C:\Users\Maryna Savchenko\.m2\repository\org\apache\tomcat\embed\tomcat-embed-websocket\8.5.31\tomcat-embed-websocket-8.5.31.jar;C:\Users\Maryna Savchenko\.m2\repository\org\hibernate\validator\hibernate-validator\6.0.9.Final\hibernate-validator-6.0.9.Final.jar;C:\Users\Maryna Savchenko\.m2\repository\javax\validation\validation-api\2.0.1.Final\validation-api-2.0.1.Final.jar;C:\Users\Maryna Savchenko\.m2\repository\org\jboss\logging\jboss-logging\3.3.2.Final\jboss-logging-3.3.2.Final.jar;C:\Users\Maryna Savchenko\.m2\repository\com\fasterxml\classmate\1.3.4\classmate-1.3.4.jar;C:\Users\Maryna Savchenko\.m2\repository\org\springframework\spring-web\5.0.6.RELEASE\spring-web-5.0.6.RELEASE.jar;C:\Users\Maryna Savchenko\.m2\repository\org\springframework\spring-beans\5.0.6.RELEASE\spring-beans-5.0.6.RELEASE.jar;C:\Users\Maryna Savchenko\.m2\repository\org\springframework\spring-webmvc\5.0.6.RELEASE\spring-webmvc-5.0.6.RELEASE.jar;C:\Users\Maryna Savchenko\.m2\repository\org\springframework\spring-context\5.0.6.RELEASE\spring-context-5.0.6.RELEASE.jar;C:\Users\Maryna Savchenko\.m2\repository\org\springframework\spring-expression\5.0.6.RELEASE\spring-expression-5.0.6.RELEASE.jar;C:\Users\Maryna Savchenko\.m2\repository\org\slf4j\jcl-over-slf4j\1.7.25\jcl-over-slf4j-1.7.25.jar;C:\Users\Maryna Savchenko\.m2\repository\org\slf4j\slf4j-api\1.7.25\slf4j-api-1.7.25.jar;C:\Users\Maryna Savchenko\.m2\repository\org\slf4j\jul-to-slf4j\1.7.25\jul-to-slf4j-1.7.25.jar;C:\Users\Maryna Savchenko\.m2\repository\org\slf4j\slf4j-log4j12\1.7.25\slf4j-log4j12-1.7.25.jar;C:\Users\Maryna Savchenko\.m2\repository\log4j\log4j\1.2.17\log4j-1.2.17.jar;C:\Users\Maryna Savchenko\.m2\repository\org\springframework\boot\spring-boot-starter-data-mongodb\2.0.2.RELEASE\spring-boot-starter-data-mongodb-2.0.2.RELEASE.jar;C:\Users\Maryna Savchenko\.m2\repository\org\mongodb\mongodb-driver\3.6.0\mongodb-driver-3.6.0.jar;C:\Users\Maryna Savchenko\.m2\repository\org\mongodb\bson\3.6.0\bson-3.6.0.jar;C:\Users\Maryna Savchenko\.m2\repository\org\mongodb\mongodb-driver-core\3.6.0\mongodb-driver-core-3.6.0.jar;C:\Users\Maryna Savchenko\.m2\repository\org\springframework\data\spring-data-mongodb\2.0.7.RELEASE\spring-data-mongodb-2.0.7.RELEASE.jar;C:\Users\Maryna Savchenko\.m2\repository\org\springframework\spring-tx\5.0.6.RELEASE\spring-tx-5.0.6.RELEASE.jar;C:\Users\Maryna Savchenko\.m2\repository\org\springframework\data\spring-data-commons\2.0.7.RELEASE\spring-data-commons-2.0.7.RELEASE.jar;C:\Users\Maryna Savchenko\.m2\repository\org\springframework\boot\spring-boot-starter-actuator\2.0.2.RELEASE\spring-boot-starter-actuator-2.0.2.RELEASE.jar;C:\Users\Maryna Savchenko\.m2\repository\org\springframework\boot\spring-boot-actuator-autoconfigure\2.0.2.RELEASE\spring-boot-actuator-autoconfigure-2.0.2.RELEASE.jar;C:\Users\Maryna Savchenko\.m2\repository\org\springframework\boot\spring-boot-actuator\2.0.2.RELEASE\spring-boot-actuator-2.0.2.RELEASE.jar;C:\Users\Maryna Savchenko\.m2\repository\io\micrometer\micrometer-core\1.0.4\micrometer-core-1.0.4.jar;C:\Users\Maryna Savchenko\.m2\repository\org\hdrhistogram\HdrHistogram\2.1.10\HdrHistogram-2.1.10.jar;C:\Users\Maryna Savchenko\.m2\repository\org\latencyutils\LatencyUtils\2.0.3\LatencyUtils-2.0.3.jar;C:\Users\Maryna Savchenko\.m2\repository\org\springframework\boot\spring-boot-starter-security\2.0.2.RELEASE\spring-boot-starter-security-2.0.2.RELEASE.jar;C:\Users\Maryna Savchenko\.m2\repository\org\springframework\spring-aop\5.0.6.RELEASE\spring-aop-5.0.6.RELEASE.jar;C:\Users\Maryna Savchenko\.m2\repository\org\springframework\security\spring-security-config\5.0.5.RELEASE\spring-security-config-5.0.5.RELEASE.jar;C:\Users\Maryna Savchenko\.m2\repository\org\springframework\security\spring-security-web\5.0.5.RELEASE\spring-security-web-5.0.5.RELEASE.jar;C:\Users\Maryna Savchenko\.m2\repository\org\springframework\security\spring-security-test\5.0.5.RELEASE\spring-security-test-5.0.5.RELEASE.jar;C:\Users\Maryna Savchenko\.m2\repository\org\springframework\security\spring-security-core\5.0.5.RELEASE\spring-security-core-5.0.5.RELEASE.jar;C:\Users\Maryna Savchenko\.m2\repository\org\springframework\spring-core\5.0.6.RELEASE\spring-core-5.0.6.RELEASE.jar;C:\Users\Maryna Savchenko\.m2\repository\org\springframework\spring-jcl\5.0.6.RELEASE\spring-jcl-5.0.6.RELEASE.jar;C:\Users\Maryna Savchenko\.m2\repository\org\springframework\spring-test\5.0.6.RELEASE\spring-test-5.0.6.RELEASE.jar;C:\Users\Maryna Savchenko\.m2\repository\org\springframework\boot\spring-boot-devtools\2.0.2.RELEASE\spring-boot-devtools-2.0.2.RELEASE.jar;C:\Users\Maryna Savchenko\.m2\repository\org\springframework\boot\spring-boot\2.0.2.RELEASE\spring-boot-2.0.2.RELEASE.jar;C:\Users\Maryna Savchenko\.m2\repository\org\springframework\boot\spring-boot-autoconfigure\2.0.2.RELEASE\spring-boot-autoconfigure-2.0.2.RELEASE.jar;C:\Users\Maryna Savchenko\.m2\repository\org\springframework\boot\spring-boot-starter-test\2.0.2.RELEASE\spring-boot-starter-test-2.0.2.RELEASE.jar;C:\Users\Maryna Savchenko\.m2\repository\org\springframework\boot\spring-boot-test\2.0.2.RELEASE\spring-boot-test-2.0.2.RELEASE.jar;C:\Users\Maryna Savchenko\.m2\repository\org\springframework\boot\spring-boot-test-autoconfigure\2.0.2.RELEASE\spring-boot-test-autoconfigure-2.0.2.RELEASE.jar;C:\Users\Maryna Savchenko\.m2\repository\com\jayway\jsonpath\json-path\2.4.0\json-path-2.4.0.jar;C:\Users\Maryna Savchenko\.m2\repository\net\minidev\json-smart\2.3\json-smart-2.3.jar;C:\Users\Maryna Savchenko\.m2\repository\net\minidev\accessors-smart\1.2\accessors-smart-1.2.jar;C:\Users\Maryna Savchenko\.m2\repository\org\ow2\asm\asm\5.0.4\asm-5.0.4.jar;C:\Users\Maryna Savchenko\.m2\repository\org\assertj\assertj-core\3.9.1\assertj-core-3.9.1.jar;C:\Users\Maryna Savchenko\.m2\repository\org\mockito\mockito-core\2.15.0\mockito-core-2.15.0.jar;C:\Users\Maryna Savchenko\.m2\repository\net\bytebuddy\byte-buddy\1.7.11\byte-buddy-1.7.11.jar;C:\Users\Maryna Savchenko\.m2\repository\net\bytebuddy\byte-buddy-agent\1.7.11\byte-buddy-agent-1.7.11.jar;C:\Users\Maryna Savchenko\.m2\repository\org\objenesis\objenesis\2.6\objenesis-2.6.jar;C:\Users\Maryna Savchenko\.m2\repository\org\hamcrest\hamcrest-core\1.3\hamcrest-core-1.3.jar;C:\Users\Maryna Savchenko\.m2\repository\org\hamcrest\hamcrest-library\1.3\hamcrest-library-1.3.jar;C:\Users\Maryna Savchenko\.m2\repository\org\skyscreamer\jsonassert\1.5.0\jsonassert-1.5.0.jar;C:\Users\Maryna Savchenko\.m2\repository\com\vaadin\external\google\android-json\0.0.20131108.vaadin1\android-json-0.0.20131108.vaadin1.jar;C:\Users\Maryna Savchenko\.m2\repository\org\xmlunit\xmlunit-core\2.5.1\xmlunit-core-2.5.1.jar;C:\Users\Maryna Savchenko\.m2\repository\pl\pragmatists\JUnitParams\1.1.1\JUnitParams-1.1.1.jar;C:\Users\Maryna Savchenko\.m2\repository\org\apache\tomcat\embed\tomcat-embed-jasper\8.5.31\tomcat-embed-jasper-8.5.31.jar;C:\Users\Maryna Savchenko\.m2\repository\org\apache\tomcat\embed\tomcat-embed-core\8.5.31\tomcat-embed-core-8.5.31.jar;C:\Users\Maryna Savchenko\.m2\repository\org\apache\tomcat\tomcat-annotations-api\8.5.31\tomcat-annotations-api-8.5.31.jar;C:\Users\Maryna Savchenko\.m2\repository\org\apache\tomcat\embed\tomcat-embed-el\8.5.31\tomcat-embed-el-8.5.31.jar;C:\Users\Maryna Savchenko\.m2\repository\org\eclipse\jdt\ecj\3.12.3\ecj-3.12.3.jar;C:\Users\Maryna Savchenko\.m2\repository\junit\junit\4.12\junit-4.12.jar;C:\Users\Maryna Savchenko\.m2\repository\org\projectlombok\lombok\1.16.20\lombok-1.16.20.jar;C:\Users\Maryna Savchenko\.m2\repository\org\projectlombok\lombok-maven-plugin\1.16.20.0\lombok-maven-plugin-1.16.20.0.jar;C:\Users\Maryna Savchenko\.m2\repository\org\apache\commons\commons-lang3\3.7\commons-lang3-3.7.jar;C:\Users\Maryna Savchenko\.m2\repository\org\sonatype\plexus\plexus-build-api\0.0.7\plexus-build-api-0.0.7.jar;C:\Users\Maryna Savchenko\.m2\repository\org\codehaus\plexus\plexus-utils\1.5.8\plexus-utils-1.5.8.jar;, user.name=Maryna Savchenko, java.vm.specification.version=1.8, sun.java.command=C:\Users\MARYNA~1\AppData\Local\Temp\surefire1244754544745437156\surefirebooter7935569149334272143.jar C:\Users\Maryna Savchenko\AppData\Local\Temp\surefire1244754544745437156 2018-10-11T10-37-06_854-jvmRun1 surefire6084229711424990350tmp surefire_01445494788152468973tmp, java.home=C:\Program Files\Java\jdk1.8.0_131\jre, sun.arch.data.model=64, user.language=en, java.specification.vendor=Oracle Corporation, user.language.format=uk, awt.toolkit=sun.awt.windows.WToolkit, java.vm.info=mixed mode, java.version=1.8.0_131, java.ext.dirs=C:\Program Files\Java\jdk1.8.0_131\jre\lib\ext;C:\WINDOWS\Sun\Java\lib\ext, sun.boot.class.path=C:\Program Files\Java\jdk1.8.0_131\jre\lib\resources.jar;C:\Program Files\Java\jdk1.8.0_131\jre\lib\rt.jar;C:\Program Files\Java\jdk1.8.0_131\jre\lib\sunrsasign.jar;C:\Program Files\Java\jdk1.8.0_131\jre\lib\jsse.jar;C:\Program Files\Java\jdk1.8.0_131\jre\lib\jce.jar;C:\Program Files\Java\jdk1.8.0_131\jre\lib\charsets.jar;C:\Program Files\Java\jdk1.8.0_131\jre\lib\jfr.jar;C:\Program Files\Java\jdk1.8.0_131\jre\classes, java.awt.headless=true, java.vendor=Oracle Corporation, localRepository=C:\Users\Maryna Savchenko\.m2\repository, file.separator=\, java.vendor.url.bug=http://bugreport.sun.com/bugreport/, sun.io.unicode.encoding=UnicodeLittle, sun.cpu.endian=little, sun.desktop=windows, sun.cpu.isalist=amd64}}, SystemEnvironmentPropertySource@1880741401 {name='systemEnvironment', properties={PATH=C:\Users\Maryna Savchenko\bin;C:\Program Files\Git\mingw64\bin;C:\Program Files\Git\usr\local\bin;C:\Program Files\Git\usr\bin;C:\Program Files\Git\usr\bin;C:\Program Files\Git\mingw64\bin;C:\Program Files\Git\usr\bin;C:\Users\Maryna Savchenko\bin;C:\Program Files\Docker\Docker\Resources\bin;C:\ProgramData\Oracle\Java\javapath;C:\Program Files (x86)\Intel\TXE Components\TCS;C:\Program Files\Intel\TXE Components\TCS;C:\WINDOWS\system32;C:\WINDOWS;C:\WINDOWS\System32\Wbem;C:\WINDOWS\System32\WindowsPowerShell\v1.0;C:\Program Files\Intel\TXE Components\DAL;C:\Program Files (x86)\Intel\TXE Components\DAL;C:\Program Files\Intel\TXE Components\IPT;C:\Program Files (x86)\Intel\TXE Components\IPT;E:\java\apache-maven-3.5.0-bin\apache-maven-3.5.0\bin;C:\Program Files\Git\cmd;C:\Program Files\Java\jdk1.8.0_131\bin;C:\Program Files\MySQL\MySQL Utilities 1.6;C:\Program Files (x86)\bin;C:\Program Files (x86)\sbt\bin;C:\Program Files (x86)\Yarn\bin;C:\ProgramData\chocolatey\bin;C:\Program Files\nodejs;C:\Users\Maryna Savchenko\AppData\Local\Microsoft\WindowsApps;E:\java\spark-2.2.0-bin-hadoop2.7\bin;C:\Program Files\Java\jdk1.8.0_131\bin;C:\Program Files (x86)\sbt\bin;C:\winutils\bin;C:\Program Files\Docker Toolbox;C:\Users\Maryna Savchenko\AppData\Local\Yarn\bin;C:\Users\Maryna Savchenko\AppData\Roaming\npm;C:\Program Files\Git\usr\bin\vendor_perl;C:\Program Files\Git\usr\bin\core_perl, USERDOMAIN_ROAMINGPROFILE=BigBrother, PKG_CONFIG_PATH=C:\Program Files\Git\mingw64\lib\pkgconfig;C:\Program Files\Git\mingw64\share\pkgconfig, MSYSTEM_PREFIX=C:/Program Files/Git/mingw64, PROCESSOR_LEVEL=6, SYSTEMDRIVE=C:, CONFIG_SITE=C:/Program Files/Git/mingw64/etc/config.site, FP_NO_HOST_CHECK=NO, POSTGIS_GDAL_ENABLED_DRIVERS=GTiff PNG JPEG GIF XYZ DTED USGSDEM AAIGrid, SESSIONNAME=Console, ALLUSERSPROFILE=C:\ProgramData, GDAL_DATA=C:\Program Files\PostgreSQL\9.6\gdal-data, PROCESSOR_ARCHITECTURE=AMD64, MSYSTEM_CHOST=x86_64-w64-mingw32, =E:=E:\java\repos\JavaTutorAPI\javatutor, ORIGINAL_TEMP=C:/Users/MARYNA~1/AppData/Local/Temp, PROGRAMFILES=C:\Program Files, POSTGIS_ENABLE_OUTDB_RASTERS=1, PSMODULEPATH=C:\WINDOWS\system32\WindowsPowerShell\v1.0\Modules\, PROGRAMDATA=C:\ProgramData, CHOCOLATEYLASTPATHUPDATE=?? ??? 24 11:36:27 2018, USERNAME=Maryna Savchenko, PWD=E:/java/repos/JavaTutorAPI/javatutor, INFOPATH=C:\Program Files\Git\usr\local\info;C:\Program Files\Git\usr\share\info;C:\Program Files\Git\usr\info;C:\Program Files\Git\share\info, FPS_BROWSER_USER_PROFILE_STRING=Default, ONEDRIVE=C:\Users\Maryna Savchenko\OneDrive, PATHEXT=.COM;.EXE;.BAT;.CMD;.VBS;.VBE;.JS;.JSE;.WSF;.WSH;.MSC, SHELL=C:\Program Files\Git\usr\bin\bash.exe, ORIGINAL_TMP=C:/Users/MARYNA~1/AppData/Local/Temp, OLDPWD=E:/java/repos/JavaTutorAPI/javatutor, TMPDIR=C:\Users\MARYNA~1\AppData\Local\Temp, WINDIR=C:\WINDOWS, SSH_ASKPASS=C:/Program Files/Git/mingw64/libexec/git-core/git-gui--askpass, HOMEPATH=\Users\Maryna Savchenko, PROCESSOR_IDENTIFIER=Intel64 Family 6 Model 76 Stepping 3, GenuineIntel, HADOOP_HOME=C:\winutils, M2_HOME=E:\java\apache-maven-3.5.0-bin\apache-maven-3.5.0, PUBLIC=C:\Users\Public, MINGW_CHOST=x86_64-w64-mingw32, =::=::\, EXEPATH=C:\Program Files\Git, SHLVL=1, LOCALAPPDATA=C:\Users\Maryna Savchenko\AppData\Local, ORIGINAL_PATH=C:\Program Files\Git\mingw64\bin;C:\Program Files\Git\usr\bin;C:\Users\Maryna Savchenko\bin;C:\Program Files\Docker\Docker\Resources\bin;C:\ProgramData\Oracle\Java\javapath;C:\Program Files (x86)\Intel\TXE Components\TCS;C:\Program Files\Intel\TXE Components\TCS;C:\WINDOWS\system32;C:\WINDOWS;C:\WINDOWS\System32\Wbem;C:\WINDOWS\System32\WindowsPowerShell\v1.0;C:\Program Files\Intel\TXE Components\DAL;C:\Program Files (x86)\Intel\TXE Components\DAL;C:\Program Files\Intel\TXE Components\IPT;C:\Program Files (x86)\Intel\TXE Components\IPT;E:\java\apache-maven-3.5.0-bin\apache-maven-3.5.0\bin;C:\Program Files\Git\cmd;C:\Program Files\Java\jdk1.8.0_131\bin;C:\Program Files\MySQL\MySQL Utilities 1.6;C:\Program Files (x86)\bin;C:\Program Files (x86)\sbt\bin;C:\Program Files (x86)\Yarn\bin;C:\ProgramData\chocolatey\bin;C:\Program Files\nodejs;C:\Users\Maryna Savchenko\AppData\Local\Microsoft\WindowsApps;E:\java\spark-2.2.0-bin-hadoop2.7\bin;C:\Program Files\Java\jdk1.8.0_131\bin;C:\Program Files (x86)\sbt\bin;C:\winutils\bin;C:\Program Files\Docker Toolbox;C:\Users\Maryna Savchenko\AppData\Local\Yarn\bin;C:\Users\Maryna Savchenko\AppData\Roaming\npm, MANPATH=C:\Program Files\Git\mingw64\share\man;C:\Program Files\Git\usr\local\man;C:\Program Files\Git\usr\share\man;C:\Program Files\Git\usr\man;C:\Program Files\Git\share\man, COMMONPROGRAMFILES(X86)=C:\Program Files (x86)\Common Files, MINGW_PACKAGE_PREFIX=mingw-w64-x86_64, USERDOMAIN=BigBrother, FPS_BROWSER_APP_PROFILE_STRING=Internet Explorer, LOGONSERVER=\\BIGBROTHER, JAVA_HOME=C:/Program Files/Java/jdk1.8.0_131, PLINK_PROTOCOL=ssh, PROMPT=$P$G, PROGRAMFILES(X86)=C:\Program Files (x86), TERM=xterm, LANG=en_US.UTF-8, MINGW_PREFIX=C:/Program Files/Git/mingw64, DISPLAY=needs-to-be-defined, MSYSTEM=MINGW64, APPDATA=C:\Users\Maryna Savchenko\AppData\Roaming, SPARK_HOME=E:\java\spark-2.2.0-bin-hadoop2.7, PROGRAMW6432=C:\Program Files, SYSTEMROOT=C:\WINDOWS, CHOCOLATEYINSTALL=C:\ProgramData\chocolatey, MAVEN_CMD_LINE_ARGS= test, SCALA_HOME=C:\Program Files (x86)\sbt, VBOX_MSI_INSTALL_PATH=C:\Program Files\Oracle\VirtualBox\, OS=Windows_NT, COMMONPROGRAMW6432=C:\Program Files\Common Files, COMPUTERNAME=BIGBROTHER, COMMONPROGRAMFILES=C:\Program Files\Common Files, COMSPEC=C:\WINDOWS\system32\cmd.exe, SBT_HOME=C:\Program Files (x86)\sbt\, MAVEN_PROJECTBASEDIR=E:/java/repos/JavaTutorAPI/javatutor, PROCESSOR_REVISION=4c03, ACLOCAL_PATH=C:\Program Files\Git\mingw64\share\aclocal;C:\Program Files\Git\usr\share\aclocal, MSYSTEM_CARCH=x86_64, PRINTER=Foxit Reader PDF Printer, TEMP=C:\Users\MARYNA~1\AppData\Local\Temp, HOSTNAME=BigBrother, HOMEDRIVE=C:, USERPROFILE=C:\Users\Maryna Savchenko, TMP=C:\Users\MARYNA~1\AppData\Local\Temp, NUMBER_OF_PROCESSORS=4, DOCKER_TOOLBOX_INSTALL_PATH=C:\Program Files\Docker Toolbox, HOME=C:\Users\Maryna Savchenko}}]
10:38:42,887 DEBUG org.springframework.core.env.StandardEnvironment:125 - Initialized StandardEnvironment with PropertySources [MapPropertySource@1887979637 {name='systemProperties', properties={java.runtime.name=Java(TM) SE Runtime Environment, sun.boot.library.path=C:\Program Files\Java\jdk1.8.0_131\jre\bin, java.vm.version=25.131-b11, user.country.format=UA, java.vm.vendor=Oracle Corporation, java.vendor.url=http://java.oracle.com/, path.separator=;, java.vm.name=Java HotSpot(TM) 64-Bit Server VM, file.encoding.pkg=sun.io, user.country=US, user.script=, sun.java.launcher=SUN_STANDARD, sun.os.patch.level=, PID=5372, java.vm.specification.name=Java Virtual Machine Specification, user.dir=E:\java\repos\JavaTutorAPI\javatutor, java.runtime.version=1.8.0_131-b11, basedir=E:\java\repos\JavaTutorAPI\javatutor, java.awt.graphicsenv=sun.awt.Win32GraphicsEnvironment, java.endorsed.dirs=C:\Program Files\Java\jdk1.8.0_131\jre\lib\endorsed, os.arch=amd64, surefire.real.class.path=C:\Users\MARYNA~1\AppData\Local\Temp\surefire1244754544745437156\surefirebooter7935569149334272143.jar, java.io.tmpdir=C:\Users\MARYNA~1\AppData\Local\Temp\, line.separator=
, java.vm.specification.vendor=Oracle Corporation, user.variant=, os.name=Windows 10, sun.jnu.encoding=Cp1252, spring.beaninfo.ignore=true, java.library.path=C:\Program Files\Java\jdk1.8.0_131\jre\bin;C:\WINDOWS\Sun\Java\bin;C:\WINDOWS\system32;C:\WINDOWS;C:\Users\Maryna Savchenko\bin;C:\Program Files\Git\mingw64\bin;C:\Program Files\Git\usr\local\bin;C:\Program Files\Git\usr\bin;C:\Program Files\Git\usr\bin;C:\Program Files\Git\mingw64\bin;C:\Program Files\Git\usr\bin;C:\Users\Maryna Savchenko\bin;C:\Program Files\Docker\Docker\Resources\bin;C:\ProgramData\Oracle\Java\javapath;C:\Program Files (x86)\Intel\TXE Components\TCS;C:\Program Files\Intel\TXE Components\TCS;C:\WINDOWS\system32;C:\WINDOWS;C:\WINDOWS\System32\Wbem;C:\WINDOWS\System32\WindowsPowerShell\v1.0;C:\Program Files\Intel\TXE Components\DAL;C:\Program Files (x86)\Intel\TXE Components\DAL;C:\Program Files\Intel\TXE Components\IPT;C:\Program Files (x86)\Intel\TXE Components\IPT;E:\java\apache-maven-3.5.0-bin\apache-maven-3.5.0\bin;C:\Program Files\Git\cmd;C:\Program Files\Java\jdk1.8.0_131\bin;C:\Program Files\MySQL\MySQL Utilities 1.6;C:\Program Files (x86)\bin;C:\Program Files (x86)\sbt\bin;C:\Program Files (x86)\Yarn\bin;C:\ProgramData\chocolatey\bin;C:\Program Files\nodejs;C:\Users\Maryna Savchenko\AppData\Local\Microsoft\WindowsApps;E:\java\spark-2.2.0-bin-hadoop2.7\bin;C:\Program Files\Java\jdk1.8.0_131\bin;C:\Program Files (x86)\sbt\bin;C:\winutils\bin;C:\Program Files\Docker Toolbox;C:\Users\Maryna Savchenko\AppData\Local\Yarn\bin;C:\Users\Maryna Savchenko\AppData\Roaming\npm;C:\Program Files\Git\usr\bin\vendor_perl;C:\Program Files\Git\usr\bin\core_perl;., surefire.test.class.path=E:\java\repos\JavaTutorAPI\javatutor\target\test-classes;E:\java\repos\JavaTutorAPI\javatutor\target\classes;C:\Users\Maryna Savchenko\.m2\repository\org\springframework\boot\spring-boot-starter-web\2.0.2.RELEASE\spring-boot-starter-web-2.0.2.RELEASE.jar;C:\Users\Maryna Savchenko\.m2\repository\org\springframework\boot\spring-boot-starter\2.0.2.RELEASE\spring-boot-starter-2.0.2.RELEASE.jar;C:\Users\Maryna Savchenko\.m2\repository\javax\annotation\javax.annotation-api\1.3.2\javax.annotation-api-1.3.2.jar;C:\Users\Maryna Savchenko\.m2\repository\org\yaml\snakeyaml\1.19\snakeyaml-1.19.jar;C:\Users\Maryna Savchenko\.m2\repository\org\springframework\boot\spring-boot-starter-json\2.0.2.RELEASE\spring-boot-starter-json-2.0.2.RELEASE.jar;C:\Users\Maryna Savchenko\.m2\repository\com\fasterxml\jackson\core\jackson-databind\2.9.5\jackson-databind-2.9.5.jar;C:\Users\Maryna Savchenko\.m2\repository\com\fasterxml\jackson\core\jackson-annotations\2.9.0\jackson-annotations-2.9.0.jar;C:\Users\Maryna Savchenko\.m2\repository\com\fasterxml\jackson\core\jackson-core\2.9.5\jackson-core-2.9.5.jar;C:\Users\Maryna Savchenko\.m2\repository\com\fasterxml\jackson\datatype\jackson-datatype-jdk8\2.9.5\jackson-datatype-jdk8-2.9.5.jar;C:\Users\Maryna Savchenko\.m2\repository\com\fasterxml\jackson\datatype\jackson-datatype-jsr310\2.9.5\jackson-datatype-jsr310-2.9.5.jar;C:\Users\Maryna Savchenko\.m2\repository\com\fasterxml\jackson\module\jackson-module-parameter-names\2.9.5\jackson-module-parameter-names-2.9.5.jar;C:\Users\Maryna Savchenko\.m2\repository\org\springframework\boot\spring-boot-starter-tomcat\2.0.2.RELEASE\spring-boot-starter-tomcat-2.0.2.RELEASE.jar;C:\Users\Maryna Savchenko\.m2\repository\org\apache\tomcat\embed\tomcat-embed-websocket\8.5.31\tomcat-embed-websocket-8.5.31.jar;C:\Users\Maryna Savchenko\.m2\repository\org\hibernate\validator\hibernate-validator\6.0.9.Final\hibernate-validator-6.0.9.Final.jar;C:\Users\Maryna Savchenko\.m2\repository\javax\validation\validation-api\2.0.1.Final\validation-api-2.0.1.Final.jar;C:\Users\Maryna Savchenko\.m2\repository\org\jboss\logging\jboss-logging\3.3.2.Final\jboss-logging-3.3.2.Final.jar;C:\Users\Maryna Savchenko\.m2\repository\com\fasterxml\classmate\1.3.4\classmate-1.3.4.jar;C:\Users\Maryna Savchenko\.m2\repository\org\springframework\spring-web\5.0.6.RELEASE\spring-web-5.0.6.RELEASE.jar;C:\Users\Maryna Savchenko\.m2\repository\org\springframework\spring-beans\5.0.6.RELEASE\spring-beans-5.0.6.RELEASE.jar;C:\Users\Maryna Savchenko\.m2\repository\org\springframework\spring-webmvc\5.0.6.RELEASE\spring-webmvc-5.0.6.RELEASE.jar;C:\Users\Maryna Savchenko\.m2\repository\org\springframework\spring-context\5.0.6.RELEASE\spring-context-5.0.6.RELEASE.jar;C:\Users\Maryna Savchenko\.m2\repository\org\springframework\spring-expression\5.0.6.RELEASE\spring-expression-5.0.6.RELEASE.jar;C:\Users\Maryna Savchenko\.m2\repository\org\slf4j\jcl-over-slf4j\1.7.25\jcl-over-slf4j-1.7.25.jar;C:\Users\Maryna Savchenko\.m2\repository\org\slf4j\slf4j-api\1.7.25\slf4j-api-1.7.25.jar;C:\Users\Maryna Savchenko\.m2\repository\org\slf4j\jul-to-slf4j\1.7.25\jul-to-slf4j-1.7.25.jar;C:\Users\Maryna Savchenko\.m2\repository\org\slf4j\slf4j-log4j12\1.7.25\slf4j-log4j12-1.7.25.jar;C:\Users\Maryna Savchenko\.m2\repository\log4j\log4j\1.2.17\log4j-1.2.17.jar;C:\Users\Maryna Savchenko\.m2\repository\org\springframework\boot\spring-boot-starter-data-mongodb\2.0.2.RELEASE\spring-boot-starter-data-mongodb-2.0.2.RELEASE.jar;C:\Users\Maryna Savchenko\.m2\repository\org\mongodb\mongodb-driver\3.6.0\mongodb-driver-3.6.0.jar;C:\Users\Maryna Savchenko\.m2\repository\org\mongodb\bson\3.6.0\bson-3.6.0.jar;C:\Users\Maryna Savchenko\.m2\repository\org\mongodb\mongodb-driver-core\3.6.0\mongodb-driver-core-3.6.0.jar;C:\Users\Maryna Savchenko\.m2\repository\org\springframework\data\spring-data-mongodb\2.0.7.RELEASE\spring-data-mongodb-2.0.7.RELEASE.jar;C:\Users\Maryna Savchenko\.m2\repository\org\springframework\spring-tx\5.0.6.RELEASE\spring-tx-5.0.6.RELEASE.jar;C:\Users\Maryna Savchenko\.m2\repository\org\springframework\data\spring-data-commons\2.0.7.RELEASE\spring-data-commons-2.0.7.RELEASE.jar;C:\Users\Maryna Savchenko\.m2\repository\org\springframework\boot\spring-boot-starter-actuator\2.0.2.RELEASE\spring-boot-starter-actuator-2.0.2.RELEASE.jar;C:\Users\Maryna Savchenko\.m2\repository\org\springframework\boot\spring-boot-actuator-autoconfigure\2.0.2.RELEASE\spring-boot-actuator-autoconfigure-2.0.2.RELEASE.jar;C:\Users\Maryna Savchenko\.m2\repository\org\springframework\boot\spring-boot-actuator\2.0.2.RELEASE\spring-boot-actuator-2.0.2.RELEASE.jar;C:\Users\Maryna Savchenko\.m2\repository\io\micrometer\micrometer-core\1.0.4\micrometer-core-1.0.4.jar;C:\Users\Maryna Savchenko\.m2\repository\org\hdrhistogram\HdrHistogram\2.1.10\HdrHistogram-2.1.10.jar;C:\Users\Maryna Savchenko\.m2\repository\org\latencyutils\LatencyUtils\2.0.3\LatencyUtils-2.0.3.jar;C:\Users\Maryna Savchenko\.m2\repository\org\springframework\boot\spring-boot-starter-security\2.0.2.RELEASE\spring-boot-starter-security-2.0.2.RELEASE.jar;C:\Users\Maryna Savchenko\.m2\repository\org\springframework\spring-aop\5.0.6.RELEASE\spring-aop-5.0.6.RELEASE.jar;C:\Users\Maryna Savchenko\.m2\repository\org\springframework\security\spring-security-config\5.0.5.RELEASE\spring-security-config-5.0.5.RELEASE.jar;C:\Users\Maryna Savchenko\.m2\repository\org\springframework\security\spring-security-web\5.0.5.RELEASE\spring-security-web-5.0.5.RELEASE.jar;C:\Users\Maryna Savchenko\.m2\repository\org\springframework\security\spring-security-test\5.0.5.RELEASE\spring-security-test-5.0.5.RELEASE.jar;C:\Users\Maryna Savchenko\.m2\repository\org\springframework\security\spring-security-core\5.0.5.RELEASE\spring-security-core-5.0.5.RELEASE.jar;C:\Users\Maryna Savchenko\.m2\repository\org\springframework\spring-core\5.0.6.RELEASE\spring-core-5.0.6.RELEASE.jar;C:\Users\Maryna Savchenko\.m2\repository\org\springframework\spring-jcl\5.0.6.RELEASE\spring-jcl-5.0.6.RELEASE.jar;C:\Users\Maryna Savchenko\.m2\repository\org\springframework\spring-test\5.0.6.RELEASE\spring-test-5.0.6.RELEASE.jar;C:\Users\Maryna Savchenko\.m2\repository\org\springframework\boot\spring-boot-devtools\2.0.2.RELEASE\spring-boot-devtools-2.0.2.RELEASE.jar;C:\Users\Maryna Savchenko\.m2\repository\org\springframework\boot\spring-boot\2.0.2.RELEASE\spring-boot-2.0.2.RELEASE.jar;C:\Users\Maryna Savchenko\.m2\repository\org\springframework\boot\spring-boot-autoconfigure\2.0.2.RELEASE\spring-boot-autoconfigure-2.0.2.RELEASE.jar;C:\Users\Maryna Savchenko\.m2\repository\org\springframework\boot\spring-boot-starter-test\2.0.2.RELEASE\spring-boot-starter-test-2.0.2.RELEASE.jar;C:\Users\Maryna Savchenko\.m2\repository\org\springframework\boot\spring-boot-test\2.0.2.RELEASE\spring-boot-test-2.0.2.RELEASE.jar;C:\Users\Maryna Savchenko\.m2\repository\org\springframework\boot\spring-boot-test-autoconfigure\2.0.2.RELEASE\spring-boot-test-autoconfigure-2.0.2.RELEASE.jar;C:\Users\Maryna Savchenko\.m2\repository\com\jayway\jsonpath\json-path\2.4.0\json-path-2.4.0.jar;C:\Users\Maryna Savchenko\.m2\repository\net\minidev\json-smart\2.3\json-smart-2.3.jar;C:\Users\Maryna Savchenko\.m2\repository\net\minidev\accessors-smart\1.2\accessors-smart-1.2.jar;C:\Users\Maryna Savchenko\.m2\repository\org\ow2\asm\asm\5.0.4\asm-5.0.4.jar;C:\Users\Maryna Savchenko\.m2\repository\org\assertj\assertj-core\3.9.1\assertj-core-3.9.1.jar;C:\Users\Maryna Savchenko\.m2\repository\org\mockito\mockito-core\2.15.0\mockito-core-2.15.0.jar;C:\Users\Maryna Savchenko\.m2\repository\net\bytebuddy\byte-buddy\1.7.11\byte-buddy-1.7.11.jar;C:\Users\Maryna Savchenko\.m2\repository\net\bytebuddy\byte-buddy-agent\1.7.11\byte-buddy-agent-1.7.11.jar;C:\Users\Maryna Savchenko\.m2\repository\org\objenesis\objenesis\2.6\objenesis-2.6.jar;C:\Users\Maryna Savchenko\.m2\repository\org\hamcrest\hamcrest-core\1.3\hamcrest-core-1.3.jar;C:\Users\Maryna Savchenko\.m2\repository\org\hamcrest\hamcrest-library\1.3\hamcrest-library-1.3.jar;C:\Users\Maryna Savchenko\.m2\repository\org\skyscreamer\jsonassert\1.5.0\jsonassert-1.5.0.jar;C:\Users\Maryna Savchenko\.m2\repository\com\vaadin\external\google\android-json\0.0.20131108.vaadin1\android-json-0.0.20131108.vaadin1.jar;C:\Users\Maryna Savchenko\.m2\repository\org\xmlunit\xmlunit-core\2.5.1\xmlunit-core-2.5.1.jar;C:\Users\Maryna Savchenko\.m2\repository\pl\pragmatists\JUnitParams\1.1.1\JUnitParams-1.1.1.jar;C:\Users\Maryna Savchenko\.m2\repository\org\apache\tomcat\embed\tomcat-embed-jasper\8.5.31\tomcat-embed-jasper-8.5.31.jar;C:\Users\Maryna Savchenko\.m2\repository\org\apache\tomcat\embed\tomcat-embed-core\8.5.31\tomcat-embed-core-8.5.31.jar;C:\Users\Maryna Savchenko\.m2\repository\org\apache\tomcat\tomcat-annotations-api\8.5.31\tomcat-annotations-api-8.5.31.jar;C:\Users\Maryna Savchenko\.m2\repository\org\apache\tomcat\embed\tomcat-embed-el\8.5.31\tomcat-embed-el-8.5.31.jar;C:\Users\Maryna Savchenko\.m2\repository\org\eclipse\jdt\ecj\3.12.3\ecj-3.12.3.jar;C:\Users\Maryna Savchenko\.m2\repository\junit\junit\4.12\junit-4.12.jar;C:\Users\Maryna Savchenko\.m2\repository\org\projectlombok\lombok\1.16.20\lombok-1.16.20.jar;C:\Users\Maryna Savchenko\.m2\repository\org\projectlombok\lombok-maven-plugin\1.16.20.0\lombok-maven-plugin-1.16.20.0.jar;C:\Users\Maryna Savchenko\.m2\repository\org\apache\commons\commons-lang3\3.7\commons-lang3-3.7.jar;C:\Users\Maryna Savchenko\.m2\repository\org\sonatype\plexus\plexus-build-api\0.0.7\plexus-build-api-0.0.7.jar;C:\Users\Maryna Savchenko\.m2\repository\org\codehaus\plexus\plexus-utils\1.5.8\plexus-utils-1.5.8.jar;, java.specification.name=Java Platform API Specification, java.class.version=52.0, sun.management.compiler=HotSpot 64-Bit Tiered Compilers, os.version=10.0, user.home=C:\Users\Maryna Savchenko, user.timezone=Europe/Belgrade, java.awt.printerjob=sun.awt.windows.WPrinterJob, file.encoding=Cp1252, java.specification.version=1.8, java.class.path=E:\java\repos\JavaTutorAPI\javatutor\target\test-classes;E:\java\repos\JavaTutorAPI\javatutor\target\classes;C:\Users\Maryna Savchenko\.m2\repository\org\springframework\boot\spring-boot-starter-web\2.0.2.RELEASE\spring-boot-starter-web-2.0.2.RELEASE.jar;C:\Users\Maryna Savchenko\.m2\repository\org\springframework\boot\spring-boot-starter\2.0.2.RELEASE\spring-boot-starter-2.0.2.RELEASE.jar;C:\Users\Maryna Savchenko\.m2\repository\javax\annotation\javax.annotation-api\1.3.2\javax.annotation-api-1.3.2.jar;C:\Users\Maryna Savchenko\.m2\repository\org\yaml\snakeyaml\1.19\snakeyaml-1.19.jar;C:\Users\Maryna Savchenko\.m2\repository\org\springframework\boot\spring-boot-starter-json\2.0.2.RELEASE\spring-boot-starter-json-2.0.2.RELEASE.jar;C:\Users\Maryna Savchenko\.m2\repository\com\fasterxml\jackson\core\jackson-databind\2.9.5\jackson-databind-2.9.5.jar;C:\Users\Maryna Savchenko\.m2\repository\com\fasterxml\jackson\core\jackson-annotations\2.9.0\jackson-annotations-2.9.0.jar;C:\Users\Maryna Savchenko\.m2\repository\com\fasterxml\jackson\core\jackson-core\2.9.5\jackson-core-2.9.5.jar;C:\Users\Maryna Savchenko\.m2\repository\com\fasterxml\jackson\datatype\jackson-datatype-jdk8\2.9.5\jackson-datatype-jdk8-2.9.5.jar;C:\Users\Maryna Savchenko\.m2\repository\com\fasterxml\jackson\datatype\jackson-datatype-jsr310\2.9.5\jackson-datatype-jsr310-2.9.5.jar;C:\Users\Maryna Savchenko\.m2\repository\com\fasterxml\jackson\module\jackson-module-parameter-names\2.9.5\jackson-module-parameter-names-2.9.5.jar;C:\Users\Maryna Savchenko\.m2\repository\org\springframework\boot\spring-boot-starter-tomcat\2.0.2.RELEASE\spring-boot-starter-tomcat-2.0.2.RELEASE.jar;C:\Users\Maryna Savchenko\.m2\repository\org\apache\tomcat\embed\tomcat-embed-websocket\8.5.31\tomcat-embed-websocket-8.5.31.jar;C:\Users\Maryna Savchenko\.m2\repository\org\hibernate\validator\hibernate-validator\6.0.9.Final\hibernate-validator-6.0.9.Final.jar;C:\Users\Maryna Savchenko\.m2\repository\javax\validation\validation-api\2.0.1.Final\validation-api-2.0.1.Final.jar;C:\Users\Maryna Savchenko\.m2\repository\org\jboss\logging\jboss-logging\3.3.2.Final\jboss-logging-3.3.2.Final.jar;C:\Users\Maryna Savchenko\.m2\repository\com\fasterxml\classmate\1.3.4\classmate-1.3.4.jar;C:\Users\Maryna Savchenko\.m2\repository\org\springframework\spring-web\5.0.6.RELEASE\spring-web-5.0.6.RELEASE.jar;C:\Users\Maryna Savchenko\.m2\repository\org\springframework\spring-beans\5.0.6.RELEASE\spring-beans-5.0.6.RELEASE.jar;C:\Users\Maryna Savchenko\.m2\repository\org\springframework\spring-webmvc\5.0.6.RELEASE\spring-webmvc-5.0.6.RELEASE.jar;C:\Users\Maryna Savchenko\.m2\repository\org\springframework\spring-context\5.0.6.RELEASE\spring-context-5.0.6.RELEASE.jar;C:\Users\Maryna Savchenko\.m2\repository\org\springframework\spring-expression\5.0.6.RELEASE\spring-expression-5.0.6.RELEASE.jar;C:\Users\Maryna Savchenko\.m2\repository\org\slf4j\jcl-over-slf4j\1.7.25\jcl-over-slf4j-1.7.25.jar;C:\Users\Maryna Savchenko\.m2\repository\org\slf4j\slf4j-api\1.7.25\slf4j-api-1.7.25.jar;C:\Users\Maryna Savchenko\.m2\repository\org\slf4j\jul-to-slf4j\1.7.25\jul-to-slf4j-1.7.25.jar;C:\Users\Maryna Savchenko\.m2\repository\org\slf4j\slf4j-log4j12\1.7.25\slf4j-log4j12-1.7.25.jar;C:\Users\Maryna Savchenko\.m2\repository\log4j\log4j\1.2.17\log4j-1.2.17.jar;C:\Users\Maryna Savchenko\.m2\repository\org\springframework\boot\spring-boot-starter-data-mongodb\2.0.2.RELEASE\spring-boot-starter-data-mongodb-2.0.2.RELEASE.jar;C:\Users\Maryna Savchenko\.m2\repository\org\mongodb\mongodb-driver\3.6.0\mongodb-driver-3.6.0.jar;C:\Users\Maryna Savchenko\.m2\repository\org\mongodb\bson\3.6.0\bson-3.6.0.jar;C:\Users\Maryna Savchenko\.m2\repository\org\mongodb\mongodb-driver-core\3.6.0\mongodb-driver-core-3.6.0.jar;C:\Users\Maryna Savchenko\.m2\repository\org\springframework\data\spring-data-mongodb\2.0.7.RELEASE\spring-data-mongodb-2.0.7.RELEASE.jar;C:\Users\Maryna Savchenko\.m2\repository\org\springframework\spring-tx\5.0.6.RELEASE\spring-tx-5.0.6.RELEASE.jar;C:\Users\Maryna Savchenko\.m2\repository\org\springframework\data\spring-data-commons\2.0.7.RELEASE\spring-data-commons-2.0.7.RELEASE.jar;C:\Users\Maryna Savchenko\.m2\repository\org\springframework\boot\spring-boot-starter-actuator\2.0.2.RELEASE\spring-boot-starter-actuator-2.0.2.RELEASE.jar;C:\Users\Maryna Savchenko\.m2\repository\org\springframework\boot\spring-boot-actuator-autoconfigure\2.0.2.RELEASE\spring-boot-actuator-autoconfigure-2.0.2.RELEASE.jar;C:\Users\Maryna Savchenko\.m2\repository\org\springframework\boot\spring-boot-actuator\2.0.2.RELEASE\spring-boot-actuator-2.0.2.RELEASE.jar;C:\Users\Maryna Savchenko\.m2\repository\io\micrometer\micrometer-core\1.0.4\micrometer-core-1.0.4.jar;C:\Users\Maryna Savchenko\.m2\repository\org\hdrhistogram\HdrHistogram\2.1.10\HdrHistogram-2.1.10.jar;C:\Users\Maryna Savchenko\.m2\repository\org\latencyutils\LatencyUtils\2.0.3\LatencyUtils-2.0.3.jar;C:\Users\Maryna Savchenko\.m2\repository\org\springframework\boot\spring-boot-starter-security\2.0.2.RELEASE\spring-boot-starter-security-2.0.2.RELEASE.jar;C:\Users\Maryna Savchenko\.m2\repository\org\springframework\spring-aop\5.0.6.RELEASE\spring-aop-5.0.6.RELEASE.jar;C:\Users\Maryna Savchenko\.m2\repository\org\springframework\security\spring-security-config\5.0.5.RELEASE\spring-security-config-5.0.5.RELEASE.jar;C:\Users\Maryna Savchenko\.m2\repository\org\springframework\security\spring-security-web\5.0.5.RELEASE\spring-security-web-5.0.5.RELEASE.jar;C:\Users\Maryna Savchenko\.m2\repository\org\springframework\security\spring-security-test\5.0.5.RELEASE\spring-security-test-5.0.5.RELEASE.jar;C:\Users\Maryna Savchenko\.m2\repository\org\springframework\security\spring-security-core\5.0.5.RELEASE\spring-security-core-5.0.5.RELEASE.jar;C:\Users\Maryna Savchenko\.m2\repository\org\springframework\spring-core\5.0.6.RELEASE\spring-core-5.0.6.RELEASE.jar;C:\Users\Maryna Savchenko\.m2\repository\org\springframework\spring-jcl\5.0.6.RELEASE\spring-jcl-5.0.6.RELEASE.jar;C:\Users\Maryna Savchenko\.m2\repository\org\springframework\spring-test\5.0.6.RELEASE\spring-test-5.0.6.RELEASE.jar;C:\Users\Maryna Savchenko\.m2\repository\org\springframework\boot\spring-boot-devtools\2.0.2.RELEASE\spring-boot-devtools-2.0.2.RELEASE.jar;C:\Users\Maryna Savchenko\.m2\repository\org\springframework\boot\spring-boot\2.0.2.RELEASE\spring-boot-2.0.2.RELEASE.jar;C:\Users\Maryna Savchenko\.m2\repository\org\springframework\boot\spring-boot-autoconfigure\2.0.2.RELEASE\spring-boot-autoconfigure-2.0.2.RELEASE.jar;C:\Users\Maryna Savchenko\.m2\repository\org\springframework\boot\spring-boot-starter-test\2.0.2.RELEASE\spring-boot-starter-test-2.0.2.RELEASE.jar;C:\Users\Maryna Savchenko\.m2\repository\org\springframework\boot\spring-boot-test\2.0.2.RELEASE\spring-boot-test-2.0.2.RELEASE.jar;C:\Users\Maryna Savchenko\.m2\repository\org\springframework\boot\spring-boot-test-autoconfigure\2.0.2.RELEASE\spring-boot-test-autoconfigure-2.0.2.RELEASE.jar;C:\Users\Maryna Savchenko\.m2\repository\com\jayway\jsonpath\json-path\2.4.0\json-path-2.4.0.jar;C:\Users\Maryna Savchenko\.m2\repository\net\minidev\json-smart\2.3\json-smart-2.3.jar;C:\Users\Maryna Savchenko\.m2\repository\net\minidev\accessors-smart\1.2\accessors-smart-1.2.jar;C:\Users\Maryna Savchenko\.m2\repository\org\ow2\asm\asm\5.0.4\asm-5.0.4.jar;C:\Users\Maryna Savchenko\.m2\repository\org\assertj\assertj-core\3.9.1\assertj-core-3.9.1.jar;C:\Users\Maryna Savchenko\.m2\repository\org\mockito\mockito-core\2.15.0\mockito-core-2.15.0.jar;C:\Users\Maryna Savchenko\.m2\repository\net\bytebuddy\byte-buddy\1.7.11\byte-buddy-1.7.11.jar;C:\Users\Maryna Savchenko\.m2\repository\net\bytebuddy\byte-buddy-agent\1.7.11\byte-buddy-agent-1.7.11.jar;C:\Users\Maryna Savchenko\.m2\repository\org\objenesis\objenesis\2.6\objenesis-2.6.jar;C:\Users\Maryna Savchenko\.m2\repository\org\hamcrest\hamcrest-core\1.3\hamcrest-core-1.3.jar;C:\Users\Maryna Savchenko\.m2\repository\org\hamcrest\hamcrest-library\1.3\hamcrest-library-1.3.jar;C:\Users\Maryna Savchenko\.m2\repository\org\skyscreamer\jsonassert\1.5.0\jsonassert-1.5.0.jar;C:\Users\Maryna Savchenko\.m2\repository\com\vaadin\external\google\android-json\0.0.20131108.vaadin1\android-json-0.0.20131108.vaadin1.jar;C:\Users\Maryna Savchenko\.m2\repository\org\xmlunit\xmlunit-core\2.5.1\xmlunit-core-2.5.1.jar;C:\Users\Maryna Savchenko\.m2\repository\pl\pragmatists\JUnitParams\1.1.1\JUnitParams-1.1.1.jar;C:\Users\Maryna Savchenko\.m2\repository\org\apache\tomcat\embed\tomcat-embed-jasper\8.5.31\tomcat-embed-jasper-8.5.31.jar;C:\Users\Maryna Savchenko\.m2\repository\org\apache\tomcat\embed\tomcat-embed-core\8.5.31\tomcat-embed-core-8.5.31.jar;C:\Users\Maryna Savchenko\.m2\repository\org\apache\tomcat\tomcat-annotations-api\8.5.31\tomcat-annotations-api-8.5.31.jar;C:\Users\Maryna Savchenko\.m2\repository\org\apache\tomcat\embed\tomcat-embed-el\8.5.31\tomcat-embed-el-8.5.31.jar;C:\Users\Maryna Savchenko\.m2\repository\org\eclipse\jdt\ecj\3.12.3\ecj-3.12.3.jar;C:\Users\Maryna Savchenko\.m2\repository\junit\junit\4.12\junit-4.12.jar;C:\Users\Maryna Savchenko\.m2\repository\org\projectlombok\lombok\1.16.20\lombok-1.16.20.jar;C:\Users\Maryna Savchenko\.m2\repository\org\projectlombok\lombok-maven-plugin\1.16.20.0\lombok-maven-plugin-1.16.20.0.jar;C:\Users\Maryna Savchenko\.m2\repository\org\apache\commons\commons-lang3\3.7\commons-lang3-3.7.jar;C:\Users\Maryna Savchenko\.m2\repository\org\sonatype\plexus\plexus-build-api\0.0.7\plexus-build-api-0.0.7.jar;C:\Users\Maryna Savchenko\.m2\repository\org\codehaus\plexus\plexus-utils\1.5.8\plexus-utils-1.5.8.jar;, user.name=Maryna Savchenko, java.vm.specification.version=1.8, sun.java.command=C:\Users\MARYNA~1\AppData\Local\Temp\surefire1244754544745437156\surefirebooter7935569149334272143.jar C:\Users\Maryna Savchenko\AppData\Local\Temp\surefire1244754544745437156 2018-10-11T10-37-06_854-jvmRun1 surefire6084229711424990350tmp surefire_01445494788152468973tmp, java.home=C:\Program Files\Java\jdk1.8.0_131\jre, sun.arch.data.model=64, user.language=en, java.specification.vendor=Oracle Corporation, user.language.format=uk, awt.toolkit=sun.awt.windows.WToolkit, java.vm.info=mixed mode, java.version=1.8.0_131, java.ext.dirs=C:\Program Files\Java\jdk1.8.0_131\jre\lib\ext;C:\WINDOWS\Sun\Java\lib\ext, sun.boot.class.path=C:\Program Files\Java\jdk1.8.0_131\jre\lib\resources.jar;C:\Program Files\Java\jdk1.8.0_131\jre\lib\rt.jar;C:\Program Files\Java\jdk1.8.0_131\jre\lib\sunrsasign.jar;C:\Program Files\Java\jdk1.8.0_131\jre\lib\jsse.jar;C:\Program Files\Java\jdk1.8.0_131\jre\lib\jce.jar;C:\Program Files\Java\jdk1.8.0_131\jre\lib\charsets.jar;C:\Program Files\Java\jdk1.8.0_131\jre\lib\jfr.jar;C:\Program Files\Java\jdk1.8.0_131\jre\classes, java.awt.headless=true, java.vendor=Oracle Corporation, localRepository=C:\Users\Maryna Savchenko\.m2\repository, file.separator=\, java.vendor.url.bug=http://bugreport.sun.com/bugreport/, sun.io.unicode.encoding=UnicodeLittle, sun.cpu.endian=little, sun.desktop=windows, sun.cpu.isalist=amd64}}, SystemEnvironmentPropertySource@1880741401 {name='systemEnvironment', properties={PATH=C:\Users\Maryna Savchenko\bin;C:\Program Files\Git\mingw64\bin;C:\Program Files\Git\usr\local\bin;C:\Program Files\Git\usr\bin;C:\Program Files\Git\usr\bin;C:\Program Files\Git\mingw64\bin;C:\Program Files\Git\usr\bin;C:\Users\Maryna Savchenko\bin;C:\Program Files\Docker\Docker\Resources\bin;C:\ProgramData\Oracle\Java\javapath;C:\Program Files (x86)\Intel\TXE Components\TCS;C:\Program Files\Intel\TXE Components\TCS;C:\WINDOWS\system32;C:\WINDOWS;C:\WINDOWS\System32\Wbem;C:\WINDOWS\System32\WindowsPowerShell\v1.0;C:\Program Files\Intel\TXE Components\DAL;C:\Program Files (x86)\Intel\TXE Components\DAL;C:\Program Files\Intel\TXE Components\IPT;C:\Program Files (x86)\Intel\TXE Components\IPT;E:\java\apache-maven-3.5.0-bin\apache-maven-3.5.0\bin;C:\Program Files\Git\cmd;C:\Program Files\Java\jdk1.8.0_131\bin;C:\Program Files\MySQL\MySQL Utilities 1.6;C:\Program Files (x86)\bin;C:\Program Files (x86)\sbt\bin;C:\Program Files (x86)\Yarn\bin;C:\ProgramData\chocolatey\bin;C:\Program Files\nodejs;C:\Users\Maryna Savchenko\AppData\Local\Microsoft\WindowsApps;E:\java\spark-2.2.0-bin-hadoop2.7\bin;C:\Program Files\Java\jdk1.8.0_131\bin;C:\Program Files (x86)\sbt\bin;C:\winutils\bin;C:\Program Files\Docker Toolbox;C:\Users\Maryna Savchenko\AppData\Local\Yarn\bin;C:\Users\Maryna Savchenko\AppData\Roaming\npm;C:\Program Files\Git\usr\bin\vendor_perl;C:\Program Files\Git\usr\bin\core_perl, USERDOMAIN_ROAMINGPROFILE=BigBrother, PKG_CONFIG_PATH=C:\Program Files\Git\mingw64\lib\pkgconfig;C:\Program Files\Git\mingw64\share\pkgconfig, MSYSTEM_PREFIX=C:/Program Files/Git/mingw64, PROCESSOR_LEVEL=6, SYSTEMDRIVE=C:, CONFIG_SITE=C:/Program Files/Git/mingw64/etc/config.site, FP_NO_HOST_CHECK=NO, POSTGIS_GDAL_ENABLED_DRIVERS=GTiff PNG JPEG GIF XYZ DTED USGSDEM AAIGrid, SESSIONNAME=Console, ALLUSERSPROFILE=C:\ProgramData, GDAL_DATA=C:\Program Files\PostgreSQL\9.6\gdal-data, PROCESSOR_ARCHITECTURE=AMD64, MSYSTEM_CHOST=x86_64-w64-mingw32, =E:=E:\java\repos\JavaTutorAPI\javatutor, ORIGINAL_TEMP=C:/Users/MARYNA~1/AppData/Local/Temp, PROGRAMFILES=C:\Program Files, POSTGIS_ENABLE_OUTDB_RASTERS=1, PSMODULEPATH=C:\WINDOWS\system32\WindowsPowerShell\v1.0\Modules\, PROGRAMDATA=C:\ProgramData, CHOCOLATEYLASTPATHUPDATE=?? ??? 24 11:36:27 2018, USERNAME=Maryna Savchenko, PWD=E:/java/repos/JavaTutorAPI/javatutor, INFOPATH=C:\Program Files\Git\usr\local\info;C:\Program Files\Git\usr\share\info;C:\Program Files\Git\usr\info;C:\Program Files\Git\share\info, FPS_BROWSER_USER_PROFILE_STRING=Default, ONEDRIVE=C:\Users\Maryna Savchenko\OneDrive, PATHEXT=.COM;.EXE;.BAT;.CMD;.VBS;.VBE;.JS;.JSE;.WSF;.WSH;.MSC, SHELL=C:\Program Files\Git\usr\bin\bash.exe, ORIGINAL_TMP=C:/Users/MARYNA~1/AppData/Local/Temp, OLDPWD=E:/java/repos/JavaTutorAPI/javatutor, TMPDIR=C:\Users\MARYNA~1\AppData\Local\Temp, WINDIR=C:\WINDOWS, SSH_ASKPASS=C:/Program Files/Git/mingw64/libexec/git-core/git-gui--askpass, HOMEPATH=\Users\Maryna Savchenko, PROCESSOR_IDENTIFIER=Intel64 Family 6 Model 76 Stepping 3, GenuineIntel, HADOOP_HOME=C:\winutils, M2_HOME=E:\java\apache-maven-3.5.0-bin\apache-maven-3.5.0, PUBLIC=C:\Users\Public, MINGW_CHOST=x86_64-w64-mingw32, =::=::\, EXEPATH=C:\Program Files\Git, SHLVL=1, LOCALAPPDATA=C:\Users\Maryna Savchenko\AppData\Local, ORIGINAL_PATH=C:\Program Files\Git\mingw64\bin;C:\Program Files\Git\usr\bin;C:\Users\Maryna Savchenko\bin;C:\Program Files\Docker\Docker\Resources\bin;C:\ProgramData\Oracle\Java\javapath;C:\Program Files (x86)\Intel\TXE Components\TCS;C:\Program Files\Intel\TXE Components\TCS;C:\WINDOWS\system32;C:\WINDOWS;C:\WINDOWS\System32\Wbem;C:\WINDOWS\System32\WindowsPowerShell\v1.0;C:\Program Files\Intel\TXE Components\DAL;C:\Program Files (x86)\Intel\TXE Components\DAL;C:\Program Files\Intel\TXE Components\IPT;C:\Program Files (x86)\Intel\TXE Components\IPT;E:\java\apache-maven-3.5.0-bin\apache-maven-3.5.0\bin;C:\Program Files\Git\cmd;C:\Program Files\Java\jdk1.8.0_131\bin;C:\Program Files\MySQL\MySQL Utilities 1.6;C:\Program Files (x86)\bin;C:\Program Files (x86)\sbt\bin;C:\Program Files (x86)\Yarn\bin;C:\ProgramData\chocolatey\bin;C:\Program Files\nodejs;C:\Users\Maryna Savchenko\AppData\Local\Microsoft\WindowsApps;E:\java\spark-2.2.0-bin-hadoop2.7\bin;C:\Program Files\Java\jdk1.8.0_131\bin;C:\Program Files (x86)\sbt\bin;C:\winutils\bin;C:\Program Files\Docker Toolbox;C:\Users\Maryna Savchenko\AppData\Local\Yarn\bin;C:\Users\Maryna Savchenko\AppData\Roaming\npm, MANPATH=C:\Program Files\Git\mingw64\share\man;C:\Program Files\Git\usr\local\man;C:\Program Files\Git\usr\share\man;C:\Program Files\Git\usr\man;C:\Program Files\Git\share\man, COMMONPROGRAMFILES(X86)=C:\Program Files (x86)\Common Files, MINGW_PACKAGE_PREFIX=mingw-w64-x86_64, USERDOMAIN=BigBrother, FPS_BROWSER_APP_PROFILE_STRING=Internet Explorer, LOGONSERVER=\\BIGBROTHER, JAVA_HOME=C:/Program Files/Java/jdk1.8.0_131, PLINK_PROTOCOL=ssh, PROMPT=$P$G, PROGRAMFILES(X86)=C:\Program Files (x86), TERM=xterm, LANG=en_US.UTF-8, MINGW_PREFIX=C:/Program Files/Git/mingw64, DISPLAY=needs-to-be-defined, MSYSTEM=MINGW64, APPDATA=C:\Users\Maryna Savchenko\AppData\Roaming, SPARK_HOME=E:\java\spark-2.2.0-bin-hadoop2.7, PROGRAMW6432=C:\Program Files, SYSTEMROOT=C:\WINDOWS, CHOCOLATEYINSTALL=C:\ProgramData\chocolatey, MAVEN_CMD_LINE_ARGS= test, SCALA_HOME=C:\Program Files (x86)\sbt, VBOX_MSI_INSTALL_PATH=C:\Program Files\Oracle\VirtualBox\, OS=Windows_NT, COMMONPROGRAMW6432=C:\Program Files\Common Files, COMPUTERNAME=BIGBROTHER, COMMONPROGRAMFILES=C:\Program Files\Common Files, COMSPEC=C:\WINDOWS\system32\cmd.exe, SBT_HOME=C:\Program Files (x86)\sbt\, MAVEN_PROJECTBASEDIR=E:/java/repos/JavaTutorAPI/javatutor, PROCESSOR_REVISION=4c03, ACLOCAL_PATH=C:\Program Files\Git\mingw64\share\aclocal;C:\Program Files\Git\usr\share\aclocal, MSYSTEM_CARCH=x86_64, PRINTER=Foxit Reader PDF Printer, TEMP=C:\Users\MARYNA~1\AppData\Local\Temp, HOSTNAME=BigBrother, HOMEDRIVE=C:, USERPROFILE=C:\Users\Maryna Savchenko, TMP=C:\Users\MARYNA~1\AppData\Local\Temp, NUMBER_OF_PROCESSORS=4, DOCKER_TOOLBOX_INSTALL_PATH=C:\Program Files\Docker Toolbox, HOME=C:\Users\Maryna Savchenko}}]
10:38:42,946 DEBUG org.springframework.context.annotation.ClassPathBeanDefinitionScanner:212 - JSR-250 'javax.annotation.ManagedBean' found and supported for component scanning
10:38:42,946 DEBUG org.springframework.context.annotation.ClassPathBeanDefinitionScanner:212 - JSR-250 'javax.annotation.ManagedBean' found and supported for component scanning
10:38:42,965 TRACE org.springframework.boot.diagnostics.FailureAnalyzers:81 - Failed to load org.springframework.boot.autoconfigure.jdbc.HikariDriverConfigurationFailureAnalyzer
java.lang.NoClassDefFoundError: org/springframework/jdbc/CannotGetJdbcConnectionException
	at java.lang.Class.getDeclaredConstructors0(Native Method)
	at java.lang.Class.privateGetDeclaredConstructors(Class.java:2671)
	at java.lang.Class.getConstructor0(Class.java:3075)
	at java.lang.Class.getDeclaredConstructor(Class.java:2178)
	at org.springframework.boot.diagnostics.FailureAnalyzers.loadFailureAnalyzers(FailureAnalyzers.java:76)
	at org.springframework.boot.diagnostics.FailureAnalyzers.<init>(FailureAnalyzers.java:65)
	at org.springframework.boot.diagnostics.FailureAnalyzers.<init>(FailureAnalyzers.java:59)
	at sun.reflect.NativeConstructorAccessorImpl.newInstance0(Native Method)
	at sun.reflect.NativeConstructorAccessorImpl.newInstance(NativeConstructorAccessorImpl.java:62)
	at sun.reflect.DelegatingConstructorAccessorImpl.newInstance(DelegatingConstructorAccessorImpl.java:45)
	at java.lang.reflect.Constructor.newInstance(Constructor.java:423)
	at org.springframework.beans.BeanUtils.instantiateClass(BeanUtils.java:170)
	at org.springframework.boot.SpringApplication.createSpringFactoriesInstances(SpringApplication.java:444)
	at org.springframework.boot.SpringApplication.getSpringFactoriesInstances(SpringApplication.java:427)
	at org.springframework.boot.SpringApplication.run(SpringApplication.java:322)
	at org.springframework.boot.test.context.SpringBootContextLoader.loadContext(SpringBootContextLoader.java:139)
	at org.springframework.test.context.cache.DefaultCacheAwareContextLoaderDelegate.loadContextInternal(DefaultCacheAwareContextLoaderDelegate.java:99)
	at org.springframework.test.context.cache.DefaultCacheAwareContextLoaderDelegate.loadContext(DefaultCacheAwareContextLoaderDelegate.java:117)
	at org.springframework.test.context.support.DefaultTestContext.getApplicationContext(DefaultTestContext.java:108)
	at org.springframework.test.context.support.DependencyInjectionTestExecutionListener.injectDependencies(DependencyInjectionTestExecutionListener.java:117)
	at org.springframework.test.context.support.DependencyInjectionTestExecutionListener.prepareTestInstance(DependencyInjectionTestExecutionListener.java:83)
	at org.springframework.boot.test.autoconfigure.SpringBootDependencyInjectionTestExecutionListener.prepareTestInstance(SpringBootDependencyInjectionTestExecutionListener.java:44)
	at org.springframework.test.context.TestContextManager.prepareTestInstance(TestContextManager.java:246)
	at org.springframework.test.context.junit4.SpringJUnit4ClassRunner.createTest(SpringJUnit4ClassRunner.java:227)
	at org.springframework.test.context.junit4.SpringJUnit4ClassRunner$1.runReflectiveCall(SpringJUnit4ClassRunner.java:289)
	at org.junit.internal.runners.model.ReflectiveCallable.run(ReflectiveCallable.java:12)
	at org.springframework.test.context.junit4.SpringJUnit4ClassRunner.methodBlock(SpringJUnit4ClassRunner.java:291)
	at org.springframework.test.context.junit4.SpringJUnit4ClassRunner.runChild(SpringJUnit4ClassRunner.java:246)
	at org.springframework.test.context.junit4.SpringJUnit4ClassRunner.runChild(SpringJUnit4ClassRunner.java:97)
	at org.junit.runners.ParentRunner$3.run(ParentRunner.java:290)
	at org.junit.runners.ParentRunner$1.schedule(ParentRunner.java:71)
	at org.junit.runners.ParentRunner.runChildren(ParentRunner.java:288)
	at org.junit.runners.ParentRunner.access$000(ParentRunner.java:58)
	at org.junit.runners.ParentRunner$2.evaluate(ParentRunner.java:268)
	at org.springframework.test.context.junit4.statements.RunBeforeTestClassCallbacks.evaluate(RunBeforeTestClassCallbacks.java:61)
	at org.springframework.test.context.junit4.statements.RunAfterTestClassCallbacks.evaluate(RunAfterTestClassCallbacks.java:70)
	at org.junit.runners.ParentRunner.run(ParentRunner.java:363)
	at org.springframework.test.context.junit4.SpringJUnit4ClassRunner.run(SpringJUnit4ClassRunner.java:190)
	at org.apache.maven.surefire.junit4.JUnit4Provider.execute(JUnit4Provider.java:365)
	at org.apache.maven.surefire.junit4.JUnit4Provider.executeWithRerun(JUnit4Provider.java:273)
	at org.apache.maven.surefire.junit4.JUnit4Provider.executeTestSet(JUnit4Provider.java:238)
	at org.apache.maven.surefire.junit4.JUnit4Provider.invoke(JUnit4Provider.java:159)
	at org.apache.maven.surefire.booter.ForkedBooter.invokeProviderInSameClassLoader(ForkedBooter.java:379)
	at org.apache.maven.surefire.booter.ForkedBooter.runSuitesInProcess(ForkedBooter.java:340)
	at org.apache.maven.surefire.booter.ForkedBooter.execute(ForkedBooter.java:125)
	at org.apache.maven.surefire.booter.ForkedBooter.main(ForkedBooter.java:413)
Caused by: java.lang.ClassNotFoundException: org.springframework.jdbc.CannotGetJdbcConnectionException
	at java.net.URLClassLoader.findClass(URLClassLoader.java:381)
	at java.lang.ClassLoader.loadClass(ClassLoader.java:424)
	at sun.misc.Launcher$AppClassLoader.loadClass(Launcher.java:335)
	at java.lang.ClassLoader.loadClass(ClassLoader.java:357)
	... 46 more
10:38:42,965 TRACE org.springframework.boot.diagnostics.FailureAnalyzers:81 - Failed to load org.springframework.boot.autoconfigure.jdbc.HikariDriverConfigurationFailureAnalyzer
java.lang.NoClassDefFoundError: org/springframework/jdbc/CannotGetJdbcConnectionException
	at java.lang.Class.getDeclaredConstructors0(Native Method)
	at java.lang.Class.privateGetDeclaredConstructors(Class.java:2671)
	at java.lang.Class.getConstructor0(Class.java:3075)
	at java.lang.Class.getDeclaredConstructor(Class.java:2178)
	at org.springframework.boot.diagnostics.FailureAnalyzers.loadFailureAnalyzers(FailureAnalyzers.java:76)
	at org.springframework.boot.diagnostics.FailureAnalyzers.<init>(FailureAnalyzers.java:65)
	at org.springframework.boot.diagnostics.FailureAnalyzers.<init>(FailureAnalyzers.java:59)
	at sun.reflect.NativeConstructorAccessorImpl.newInstance0(Native Method)
	at sun.reflect.NativeConstructorAccessorImpl.newInstance(NativeConstructorAccessorImpl.java:62)
	at sun.reflect.DelegatingConstructorAccessorImpl.newInstance(DelegatingConstructorAccessorImpl.java:45)
	at java.lang.reflect.Constructor.newInstance(Constructor.java:423)
	at org.springframework.beans.BeanUtils.instantiateClass(BeanUtils.java:170)
	at org.springframework.boot.SpringApplication.createSpringFactoriesInstances(SpringApplication.java:444)
	at org.springframework.boot.SpringApplication.getSpringFactoriesInstances(SpringApplication.java:427)
	at org.springframework.boot.SpringApplication.run(SpringApplication.java:322)
	at org.springframework.boot.test.context.SpringBootContextLoader.loadContext(SpringBootContextLoader.java:139)
	at org.springframework.test.context.cache.DefaultCacheAwareContextLoaderDelegate.loadContextInternal(DefaultCacheAwareContextLoaderDelegate.java:99)
	at org.springframework.test.context.cache.DefaultCacheAwareContextLoaderDelegate.loadContext(DefaultCacheAwareContextLoaderDelegate.java:117)
	at org.springframework.test.context.support.DefaultTestContext.getApplicationContext(DefaultTestContext.java:108)
	at org.springframework.test.context.support.DependencyInjectionTestExecutionListener.injectDependencies(DependencyInjectionTestExecutionListener.java:117)
	at org.springframework.test.context.support.DependencyInjectionTestExecutionListener.prepareTestInstance(DependencyInjectionTestExecutionListener.java:83)
	at org.springframework.boot.test.autoconfigure.SpringBootDependencyInjectionTestExecutionListener.prepareTestInstance(SpringBootDependencyInjectionTestExecutionListener.java:44)
	at org.springframework.test.context.TestContextManager.prepareTestInstance(TestContextManager.java:246)
	at org.springframework.test.context.junit4.SpringJUnit4ClassRunner.createTest(SpringJUnit4ClassRunner.java:227)
	at org.springframework.test.context.junit4.SpringJUnit4ClassRunner$1.runReflectiveCall(SpringJUnit4ClassRunner.java:289)
	at org.junit.internal.runners.model.ReflectiveCallable.run(ReflectiveCallable.java:12)
	at org.springframework.test.context.junit4.SpringJUnit4ClassRunner.methodBlock(SpringJUnit4ClassRunner.java:291)
	at org.springframework.test.context.junit4.SpringJUnit4ClassRunner.runChild(SpringJUnit4ClassRunner.java:246)
	at org.springframework.test.context.junit4.SpringJUnit4ClassRunner.runChild(SpringJUnit4ClassRunner.java:97)
	at org.junit.runners.ParentRunner$3.run(ParentRunner.java:290)
	at org.junit.runners.ParentRunner$1.schedule(ParentRunner.java:71)
	at org.junit.runners.ParentRunner.runChildren(ParentRunner.java:288)
	at org.junit.runners.ParentRunner.access$000(ParentRunner.java:58)
	at org.junit.runners.ParentRunner$2.evaluate(ParentRunner.java:268)
	at org.springframework.test.context.junit4.statements.RunBeforeTestClassCallbacks.evaluate(RunBeforeTestClassCallbacks.java:61)
	at org.springframework.test.context.junit4.statements.RunAfterTestClassCallbacks.evaluate(RunAfterTestClassCallbacks.java:70)
	at org.junit.runners.ParentRunner.run(ParentRunner.java:363)
	at org.springframework.test.context.junit4.SpringJUnit4ClassRunner.run(SpringJUnit4ClassRunner.java:190)
	at org.apache.maven.surefire.junit4.JUnit4Provider.execute(JUnit4Provider.java:365)
	at org.apache.maven.surefire.junit4.JUnit4Provider.executeWithRerun(JUnit4Provider.java:273)
	at org.apache.maven.surefire.junit4.JUnit4Provider.executeTestSet(JUnit4Provider.java:238)
	at org.apache.maven.surefire.junit4.JUnit4Provider.invoke(JUnit4Provider.java:159)
	at org.apache.maven.surefire.booter.ForkedBooter.invokeProviderInSameClassLoader(ForkedBooter.java:379)
	at org.apache.maven.surefire.booter.ForkedBooter.runSuitesInProcess(ForkedBooter.java:340)
	at org.apache.maven.surefire.booter.ForkedBooter.execute(ForkedBooter.java:125)
	at org.apache.maven.surefire.booter.ForkedBooter.main(ForkedBooter.java:413)
Caused by: java.lang.ClassNotFoundException: org.springframework.jdbc.CannotGetJdbcConnectionException
	at java.net.URLClassLoader.findClass(URLClassLoader.java:381)
	at java.lang.ClassLoader.loadClass(ClassLoader.java:424)
	at sun.misc.Launcher$AppClassLoader.loadClass(Launcher.java:335)
	at java.lang.ClassLoader.loadClass(ClassLoader.java:357)
	... 46 more
10:38:42,976 TRACE org.springframework.core.env.PropertySourcesPropertyResolver:82 - Searching for key 'context.initializer.classes' in PropertySource 'configurationProperties'
10:38:42,976 TRACE org.springframework.core.env.PropertySourcesPropertyResolver:82 - Searching for key 'context.initializer.classes' in PropertySource 'configurationProperties'
10:38:42,978 TRACE org.springframework.core.env.PropertySourcesPropertyResolver:82 - Searching for key 'context.initializer.classes' in PropertySource 'Inlined Test Properties'
10:38:42,978 TRACE org.springframework.core.env.PropertySourcesPropertyResolver:82 - Searching for key 'context.initializer.classes' in PropertySource 'Inlined Test Properties'
10:38:42,979 TRACE org.springframework.core.env.PropertySourcesPropertyResolver:82 - Searching for key 'context.initializer.classes' in PropertySource 'systemProperties'
10:38:42,979 TRACE org.springframework.core.env.PropertySourcesPropertyResolver:82 - Searching for key 'context.initializer.classes' in PropertySource 'systemProperties'
10:38:42,980 TRACE org.springframework.core.env.PropertySourcesPropertyResolver:82 - Searching for key 'context.initializer.classes' in PropertySource 'systemEnvironment'
10:38:42,980 TRACE org.springframework.core.env.PropertySourcesPropertyResolver:82 - Searching for key 'context.initializer.classes' in PropertySource 'systemEnvironment'
10:38:42,981 TRACE org.springframework.core.env.PropertySourcesPropertyResolver:82 - Searching for key 'context.initializer.classes' in PropertySource 'random'
10:38:42,981 TRACE org.springframework.core.env.PropertySourcesPropertyResolver:82 - Searching for key 'context.initializer.classes' in PropertySource 'random'
10:38:42,985 TRACE org.springframework.core.env.PropertySourcesPropertyResolver:82 - Searching for key 'context.initializer.classes' in PropertySource 'applicationConfig: [classpath:/application.properties]'
10:38:42,985 TRACE org.springframework.core.env.PropertySourcesPropertyResolver:82 - Searching for key 'context.initializer.classes' in PropertySource 'applicationConfig: [classpath:/application.properties]'
10:38:42,986 DEBUG org.springframework.core.env.PropertySourcesPropertyResolver:96 - Could not find key 'context.initializer.classes' in any property source
10:38:42,986 DEBUG org.springframework.core.env.PropertySourcesPropertyResolver:96 - Could not find key 'context.initializer.classes' in any property source
10:38:42,991 TRACE org.springframework.core.env.PropertySourcesPropertyResolver:82 - Searching for key 'spring.application.name' in PropertySource 'configurationProperties'
10:38:42,991 TRACE org.springframework.core.env.PropertySourcesPropertyResolver:82 - Searching for key 'spring.application.name' in PropertySource 'configurationProperties'
10:38:42,994 TRACE org.springframework.core.env.PropertySourcesPropertyResolver:82 - Searching for key 'spring.application.name' in PropertySource 'Inlined Test Properties'
10:38:42,994 TRACE org.springframework.core.env.PropertySourcesPropertyResolver:82 - Searching for key 'spring.application.name' in PropertySource 'Inlined Test Properties'
10:38:42,997 TRACE org.springframework.core.env.PropertySourcesPropertyResolver:82 - Searching for key 'spring.application.name' in PropertySource 'systemProperties'
10:38:42,997 TRACE org.springframework.core.env.PropertySourcesPropertyResolver:82 - Searching for key 'spring.application.name' in PropertySource 'systemProperties'
10:38:42,999 TRACE org.springframework.core.env.PropertySourcesPropertyResolver:82 - Searching for key 'spring.application.name' in PropertySource 'systemEnvironment'
10:38:42,999 TRACE org.springframework.core.env.PropertySourcesPropertyResolver:82 - Searching for key 'spring.application.name' in PropertySource 'systemEnvironment'
10:38:43,000 TRACE org.springframework.core.env.PropertySourcesPropertyResolver:82 - Searching for key 'spring.application.name' in PropertySource 'random'
10:38:43,000 TRACE org.springframework.core.env.PropertySourcesPropertyResolver:82 - Searching for key 'spring.application.name' in PropertySource 'random'
10:38:43,002 TRACE org.springframework.core.env.PropertySourcesPropertyResolver:82 - Searching for key 'spring.application.name' in PropertySource 'applicationConfig: [classpath:/application.properties]'
10:38:43,002 TRACE org.springframework.core.env.PropertySourcesPropertyResolver:82 - Searching for key 'spring.application.name' in PropertySource 'applicationConfig: [classpath:/application.properties]'
10:38:43,003 DEBUG org.springframework.core.env.PropertySourcesPropertyResolver:96 - Could not find key 'spring.application.name' in any property source
10:38:43,003 DEBUG org.springframework.core.env.PropertySourcesPropertyResolver:96 - Could not find key 'spring.application.name' in any property source
10:38:43,013 DEBUG org.springframework.core.env.StandardEnvironment:98 - Adding PropertySource 'test' with highest search precedence
10:38:43,013 DEBUG org.springframework.core.env.StandardEnvironment:98 - Adding PropertySource 'test' with highest search precedence
10:38:43,014 DEBUG org.springframework.core.env.StandardEnvironment:159 - Removing PropertySource 'configurationProperties'
10:38:43,014 DEBUG org.springframework.core.env.StandardEnvironment:159 - Removing PropertySource 'configurationProperties'
10:38:43,015 DEBUG org.springframework.core.env.StandardEnvironment:98 - Adding PropertySource 'configurationProperties' with highest search precedence
10:38:43,015 DEBUG org.springframework.core.env.StandardEnvironment:98 - Adding PropertySource 'configurationProperties' with highest search precedence
10:38:43,017 DEBUG org.springframework.core.env.StandardEnvironment:98 - Adding PropertySource 'Annotations' with highest search precedence
10:38:43,017 DEBUG org.springframework.core.env.StandardEnvironment:98 - Adding PropertySource 'Annotations' with highest search precedence
10:38:43,020 DEBUG org.springframework.beans.factory.support.DefaultListableBeanFactory:908 - Registering scope 'restart' with implementation [org.springframework.boot.devtools.restart.RestartScopeInitializer$RestartScope@6f8ac8d5]
10:38:43,020 DEBUG org.springframework.beans.factory.support.DefaultListableBeanFactory:908 - Registering scope 'restart' with implementation [org.springframework.boot.devtools.restart.RestartScopeInitializer$RestartScope@6f8ac8d5]
10:38:43,021 DEBUG org.springframework.beans.factory.support.DefaultListableBeanFactory:254 - Returning cached instance of singleton bean 'autoConfigurationReport'
10:38:43,021 DEBUG org.springframework.beans.factory.support.DefaultListableBeanFactory:254 - Returning cached instance of singleton bean 'autoConfigurationReport'
10:38:43,032  INFO pro.abacus.javatutor.repository.AuthorityRepositoryTest:50 - Starting AuthorityRepositoryTest on BigBrother with PID 5372 (started by Maryna Savchenko in E:\java\repos\JavaTutorAPI\javatutor)
10:38:43,033 TRACE org.springframework.core.env.PropertySourcesPropertyResolver:82 - Searching for key 'spring.profiles.active' in PropertySource 'Annotations'
10:38:43,033 TRACE org.springframework.core.env.PropertySourcesPropertyResolver:82 - Searching for key 'spring.profiles.active' in PropertySource 'Annotations'
10:38:43,034 TRACE org.springframework.core.env.PropertySourcesPropertyResolver:82 - Searching for key 'spring.profiles.active' in PropertySource 'configurationProperties'
10:38:43,034 TRACE org.springframework.core.env.PropertySourcesPropertyResolver:82 - Searching for key 'spring.profiles.active' in PropertySource 'configurationProperties'
10:38:43,038 TRACE org.springframework.core.env.PropertySourcesPropertyResolver:82 - Searching for key 'spring.profiles.active' in PropertySource 'test'
10:38:43,038 TRACE org.springframework.core.env.PropertySourcesPropertyResolver:82 - Searching for key 'spring.profiles.active' in PropertySource 'test'
10:38:43,052 TRACE org.springframework.core.env.PropertySourcesPropertyResolver:82 - Searching for key 'spring.profiles.active' in PropertySource 'Inlined Test Properties'
10:38:43,052 TRACE org.springframework.core.env.PropertySourcesPropertyResolver:82 - Searching for key 'spring.profiles.active' in PropertySource 'Inlined Test Properties'
10:38:43,053 TRACE org.springframework.core.env.PropertySourcesPropertyResolver:82 - Searching for key 'spring.profiles.active' in PropertySource 'systemProperties'
10:38:43,053 TRACE org.springframework.core.env.PropertySourcesPropertyResolver:82 - Searching for key 'spring.profiles.active' in PropertySource 'systemProperties'
10:38:43,058 TRACE org.springframework.core.env.PropertySourcesPropertyResolver:82 - Searching for key 'spring.profiles.active' in PropertySource 'systemEnvironment'
10:38:43,058 TRACE org.springframework.core.env.PropertySourcesPropertyResolver:82 - Searching for key 'spring.profiles.active' in PropertySource 'systemEnvironment'
10:38:43,061 TRACE org.springframework.core.env.PropertySourcesPropertyResolver:82 - Searching for key 'spring.profiles.active' in PropertySource 'random'
10:38:43,061 TRACE org.springframework.core.env.PropertySourcesPropertyResolver:82 - Searching for key 'spring.profiles.active' in PropertySource 'random'
10:38:43,063 TRACE org.springframework.core.env.PropertySourcesPropertyResolver:82 - Searching for key 'spring.profiles.active' in PropertySource 'applicationConfig: [classpath:/application.properties]'
10:38:43,063 TRACE org.springframework.core.env.PropertySourcesPropertyResolver:82 - Searching for key 'spring.profiles.active' in PropertySource 'applicationConfig: [classpath:/application.properties]'
10:38:43,073 DEBUG org.springframework.core.env.PropertySourcesPropertyResolver:96 - Could not find key 'spring.profiles.active' in any property source
10:38:43,073 DEBUG org.springframework.core.env.PropertySourcesPropertyResolver:96 - Could not find key 'spring.profiles.active' in any property source
10:38:43,079 TRACE org.springframework.core.env.PropertySourcesPropertyResolver:82 - Searching for key 'spring.profiles.default' in PropertySource 'Annotations'
10:38:43,079 TRACE org.springframework.core.env.PropertySourcesPropertyResolver:82 - Searching for key 'spring.profiles.default' in PropertySource 'Annotations'
10:38:43,079 TRACE org.springframework.core.env.PropertySourcesPropertyResolver:82 - Searching for key 'spring.profiles.default' in PropertySource 'configurationProperties'
10:38:43,079 TRACE org.springframework.core.env.PropertySourcesPropertyResolver:82 - Searching for key 'spring.profiles.default' in PropertySource 'configurationProperties'
10:38:43,080 TRACE org.springframework.core.env.PropertySourcesPropertyResolver:82 - Searching for key 'spring.profiles.default' in PropertySource 'test'
10:38:43,080 TRACE org.springframework.core.env.PropertySourcesPropertyResolver:82 - Searching for key 'spring.profiles.default' in PropertySource 'test'
10:38:43,130 TRACE org.springframework.core.env.PropertySourcesPropertyResolver:82 - Searching for key 'spring.profiles.default' in PropertySource 'Inlined Test Properties'
10:38:43,130 TRACE org.springframework.core.env.PropertySourcesPropertyResolver:82 - Searching for key 'spring.profiles.default' in PropertySource 'Inlined Test Properties'
10:38:43,134 TRACE org.springframework.core.env.PropertySourcesPropertyResolver:82 - Searching for key 'spring.profiles.default' in PropertySource 'systemProperties'
10:38:43,134 TRACE org.springframework.core.env.PropertySourcesPropertyResolver:82 - Searching for key 'spring.profiles.default' in PropertySource 'systemProperties'
10:38:43,138 TRACE org.springframework.core.env.PropertySourcesPropertyResolver:82 - Searching for key 'spring.profiles.default' in PropertySource 'systemEnvironment'
10:38:43,138 TRACE org.springframework.core.env.PropertySourcesPropertyResolver:82 - Searching for key 'spring.profiles.default' in PropertySource 'systemEnvironment'
10:38:43,146 TRACE org.springframework.core.env.PropertySourcesPropertyResolver:82 - Searching for key 'spring.profiles.default' in PropertySource 'random'
10:38:43,146 TRACE org.springframework.core.env.PropertySourcesPropertyResolver:82 - Searching for key 'spring.profiles.default' in PropertySource 'random'
10:38:43,150 TRACE org.springframework.core.env.PropertySourcesPropertyResolver:82 - Searching for key 'spring.profiles.default' in PropertySource 'applicationConfig: [classpath:/application.properties]'
10:38:43,150 TRACE org.springframework.core.env.PropertySourcesPropertyResolver:82 - Searching for key 'spring.profiles.default' in PropertySource 'applicationConfig: [classpath:/application.properties]'
10:38:43,154 DEBUG org.springframework.core.env.PropertySourcesPropertyResolver:96 - Could not find key 'spring.profiles.default' in any property source
10:38:43,154 DEBUG org.springframework.core.env.PropertySourcesPropertyResolver:96 - Could not find key 'spring.profiles.default' in any property source
10:38:43,155  INFO pro.abacus.javatutor.repository.AuthorityRepositoryTest:659 - No active profile set, falling back to default profiles: default
10:38:43,161 DEBUG org.springframework.boot.SpringApplication:687 - Loading source class pro.abacus.javatutor.JavaTutorApplication
10:38:43,161 DEBUG org.springframework.boot.SpringApplication:687 - Loading source class pro.abacus.javatutor.JavaTutorApplication
10:38:43,164 DEBUG org.springframework.context.annotation.ClassPathBeanDefinitionScanner:212 - JSR-250 'javax.annotation.ManagedBean' found and supported for component scanning
10:38:43,164 DEBUG org.springframework.context.annotation.ClassPathBeanDefinitionScanner:212 - JSR-250 'javax.annotation.ManagedBean' found and supported for component scanning
10:38:43,179 TRACE org.springframework.boot.context.config.ConfigFileApplicationListener:169 - Skipped missing config 'file:./config/application.properties' (file:./config/application.properties)
10:38:43,179 TRACE org.springframework.boot.context.config.ConfigFileApplicationListener:169 - Skipped missing config 'file:./config/application.properties' (file:./config/application.properties)
10:38:43,180 TRACE org.springframework.boot.context.config.ConfigFileApplicationListener:169 - Skipped missing config 'file:./config/application.xml' (file:./config/application.xml)
10:38:43,180 TRACE org.springframework.boot.context.config.ConfigFileApplicationListener:169 - Skipped missing config 'file:./config/application.xml' (file:./config/application.xml)
10:38:43,180 TRACE org.springframework.boot.context.config.ConfigFileApplicationListener:169 - Skipped missing config 'file:./config/application.yml' (file:./config/application.yml)
10:38:43,180 TRACE org.springframework.boot.context.config.ConfigFileApplicationListener:169 - Skipped missing config 'file:./config/application.yml' (file:./config/application.yml)
10:38:43,181 TRACE org.springframework.boot.context.config.ConfigFileApplicationListener:169 - Skipped missing config 'file:./config/application.yaml' (file:./config/application.yaml)
10:38:43,181 TRACE org.springframework.boot.context.config.ConfigFileApplicationListener:169 - Skipped missing config 'file:./config/application.yaml' (file:./config/application.yaml)
10:38:43,181 TRACE org.springframework.boot.context.config.ConfigFileApplicationListener:169 - Skipped missing config 'file:./application.properties' (file:./application.properties)
10:38:43,181 TRACE org.springframework.boot.context.config.ConfigFileApplicationListener:169 - Skipped missing config 'file:./application.properties' (file:./application.properties)
10:38:43,182 TRACE org.springframework.boot.context.config.ConfigFileApplicationListener:169 - Skipped missing config 'file:./application.xml' (file:./application.xml)
10:38:43,182 TRACE org.springframework.boot.context.config.ConfigFileApplicationListener:169 - Skipped missing config 'file:./application.xml' (file:./application.xml)
10:38:43,182 TRACE org.springframework.boot.context.config.ConfigFileApplicationListener:169 - Skipped missing config 'file:./application.yml' (file:./application.yml)
10:38:43,182 TRACE org.springframework.boot.context.config.ConfigFileApplicationListener:169 - Skipped missing config 'file:./application.yml' (file:./application.yml)
10:38:43,182 TRACE org.springframework.boot.context.config.ConfigFileApplicationListener:169 - Skipped missing config 'file:./application.yaml' (file:./application.yaml)
10:38:43,182 TRACE org.springframework.boot.context.config.ConfigFileApplicationListener:169 - Skipped missing config 'file:./application.yaml' (file:./application.yaml)
10:38:43,183 TRACE org.springframework.boot.context.config.ConfigFileApplicationListener:169 - Skipped missing config 'classpath:/config/application.properties'
10:38:43,183 TRACE org.springframework.boot.context.config.ConfigFileApplicationListener:169 - Skipped missing config 'classpath:/config/application.properties'
10:38:43,183 TRACE org.springframework.boot.context.config.ConfigFileApplicationListener:169 - Skipped missing config 'classpath:/config/application.xml'
10:38:43,183 TRACE org.springframework.boot.context.config.ConfigFileApplicationListener:169 - Skipped missing config 'classpath:/config/application.xml'
10:38:43,184 TRACE org.springframework.boot.context.config.ConfigFileApplicationListener:169 - Skipped missing config 'classpath:/config/application.yml'
10:38:43,184 TRACE org.springframework.boot.context.config.ConfigFileApplicationListener:169 - Skipped missing config 'classpath:/config/application.yml'
10:38:43,184 TRACE org.springframework.boot.context.config.ConfigFileApplicationListener:169 - Skipped missing config 'classpath:/config/application.yaml'
10:38:43,184 TRACE org.springframework.boot.context.config.ConfigFileApplicationListener:169 - Skipped missing config 'classpath:/config/application.yaml'
10:38:43,185 DEBUG org.springframework.boot.context.config.ConfigFileApplicationListener:172 - Loaded config file 'file:/E:/java/repos/JavaTutorAPI/javatutor/target/classes/application.properties' (classpath:/application.properties)
10:38:43,185 DEBUG org.springframework.boot.context.config.ConfigFileApplicationListener:172 - Loaded config file 'file:/E:/java/repos/JavaTutorAPI/javatutor/target/classes/application.properties' (classpath:/application.properties)
10:38:43,185 TRACE org.springframework.boot.context.config.ConfigFileApplicationListener:169 - Skipped missing config 'classpath:/application.xml'
10:38:43,185 TRACE org.springframework.boot.context.config.ConfigFileApplicationListener:169 - Skipped missing config 'classpath:/application.xml'
10:38:43,185 TRACE org.springframework.boot.context.config.ConfigFileApplicationListener:169 - Skipped missing config 'classpath:/application.yml'
10:38:43,185 TRACE org.springframework.boot.context.config.ConfigFileApplicationListener:169 - Skipped missing config 'classpath:/application.yml'
10:38:43,186 TRACE org.springframework.boot.context.config.ConfigFileApplicationListener:169 - Skipped missing config 'classpath:/application.yaml'
10:38:43,186 TRACE org.springframework.boot.context.config.ConfigFileApplicationListener:169 - Skipped missing config 'classpath:/application.yaml'
10:38:43,186 TRACE org.springframework.boot.context.config.ConfigFileApplicationListener:169 - Skipped missing config 'file:./config/application-default.properties' (file:./config/application-default.properties) for profile default
10:38:43,186 TRACE org.springframework.boot.context.config.ConfigFileApplicationListener:169 - Skipped missing config 'file:./config/application-default.properties' (file:./config/application-default.properties) for profile default
10:38:43,186 TRACE org.springframework.boot.context.config.ConfigFileApplicationListener:169 - Skipped missing config 'file:./config/application-default.properties' (file:./config/application-default.properties) for profile default
10:38:43,186 TRACE org.springframework.boot.context.config.ConfigFileApplicationListener:169 - Skipped missing config 'file:./config/application-default.properties' (file:./config/application-default.properties) for profile default
10:38:43,187 TRACE org.springframework.boot.context.config.ConfigFileApplicationListener:169 - Skipped missing config 'file:./config/application.properties' (file:./config/application.properties) for profile default
10:38:43,187 TRACE org.springframework.boot.context.config.ConfigFileApplicationListener:169 - Skipped missing config 'file:./config/application.properties' (file:./config/application.properties) for profile default
10:38:43,187 TRACE org.springframework.boot.context.config.ConfigFileApplicationListener:169 - Skipped missing config 'file:./config/application-default.xml' (file:./config/application-default.xml) for profile default
10:38:43,187 TRACE org.springframework.boot.context.config.ConfigFileApplicationListener:169 - Skipped missing config 'file:./config/application-default.xml' (file:./config/application-default.xml) for profile default
10:38:43,188 TRACE org.springframework.boot.context.config.ConfigFileApplicationListener:169 - Skipped missing config 'file:./config/application-default.xml' (file:./config/application-default.xml) for profile default
10:38:43,188 TRACE org.springframework.boot.context.config.ConfigFileApplicationListener:169 - Skipped missing config 'file:./config/application-default.xml' (file:./config/application-default.xml) for profile default
10:38:43,188 TRACE org.springframework.boot.context.config.ConfigFileApplicationListener:169 - Skipped missing config 'file:./config/application.xml' (file:./config/application.xml) for profile default
10:38:43,188 TRACE org.springframework.boot.context.config.ConfigFileApplicationListener:169 - Skipped missing config 'file:./config/application.xml' (file:./config/application.xml) for profile default
10:38:43,191 TRACE org.springframework.boot.context.config.ConfigFileApplicationListener:169 - Skipped missing config 'file:./config/application-default.yml' (file:./config/application-default.yml) for profile default
10:38:43,191 TRACE org.springframework.boot.context.config.ConfigFileApplicationListener:169 - Skipped missing config 'file:./config/application-default.yml' (file:./config/application-default.yml) for profile default
10:38:43,192 TRACE org.springframework.boot.context.config.ConfigFileApplicationListener:169 - Skipped missing config 'file:./config/application-default.yml' (file:./config/application-default.yml) for profile default
10:38:43,192 TRACE org.springframework.boot.context.config.ConfigFileApplicationListener:169 - Skipped missing config 'file:./config/application-default.yml' (file:./config/application-default.yml) for profile default
10:38:43,195 TRACE org.springframework.boot.context.config.ConfigFileApplicationListener:169 - Skipped missing config 'file:./config/application.yml' (file:./config/application.yml) for profile default
10:38:43,195 TRACE org.springframework.boot.context.config.ConfigFileApplicationListener:169 - Skipped missing config 'file:./config/application.yml' (file:./config/application.yml) for profile default
10:38:43,196 TRACE org.springframework.boot.context.config.ConfigFileApplicationListener:169 - Skipped missing config 'file:./config/application-default.yaml' (file:./config/application-default.yaml) for profile default
10:38:43,196 TRACE org.springframework.boot.context.config.ConfigFileApplicationListener:169 - Skipped missing config 'file:./config/application-default.yaml' (file:./config/application-default.yaml) for profile default
10:38:43,197 TRACE org.springframework.boot.context.config.ConfigFileApplicationListener:169 - Skipped missing config 'file:./config/application-default.yaml' (file:./config/application-default.yaml) for profile default
10:38:43,197 TRACE org.springframework.boot.context.config.ConfigFileApplicationListener:169 - Skipped missing config 'file:./config/application-default.yaml' (file:./config/application-default.yaml) for profile default
10:38:43,197 TRACE org.springframework.boot.context.config.ConfigFileApplicationListener:169 - Skipped missing config 'file:./config/application.yaml' (file:./config/application.yaml) for profile default
10:38:43,197 TRACE org.springframework.boot.context.config.ConfigFileApplicationListener:169 - Skipped missing config 'file:./config/application.yaml' (file:./config/application.yaml) for profile default
10:38:43,198 TRACE org.springframework.boot.context.config.ConfigFileApplicationListener:169 - Skipped missing config 'file:./application-default.properties' (file:./application-default.properties) for profile default
10:38:43,198 TRACE org.springframework.boot.context.config.ConfigFileApplicationListener:169 - Skipped missing config 'file:./application-default.properties' (file:./application-default.properties) for profile default
10:38:43,199 TRACE org.springframework.boot.context.config.ConfigFileApplicationListener:169 - Skipped missing config 'file:./application-default.properties' (file:./application-default.properties) for profile default
10:38:43,199 TRACE org.springframework.boot.context.config.ConfigFileApplicationListener:169 - Skipped missing config 'file:./application-default.properties' (file:./application-default.properties) for profile default
10:38:43,215 TRACE org.springframework.boot.context.config.ConfigFileApplicationListener:169 - Skipped missing config 'file:./application.properties' (file:./application.properties) for profile default
10:38:43,215 TRACE org.springframework.boot.context.config.ConfigFileApplicationListener:169 - Skipped missing config 'file:./application.properties' (file:./application.properties) for profile default
10:38:43,219 TRACE org.springframework.boot.context.config.ConfigFileApplicationListener:169 - Skipped missing config 'file:./application-default.xml' (file:./application-default.xml) for profile default
10:38:43,219 TRACE org.springframework.boot.context.config.ConfigFileApplicationListener:169 - Skipped missing config 'file:./application-default.xml' (file:./application-default.xml) for profile default
10:38:43,224 TRACE org.springframework.boot.context.config.ConfigFileApplicationListener:169 - Skipped missing config 'file:./application-default.xml' (file:./application-default.xml) for profile default
10:38:43,224 TRACE org.springframework.boot.context.config.ConfigFileApplicationListener:169 - Skipped missing config 'file:./application-default.xml' (file:./application-default.xml) for profile default
10:38:43,227 TRACE org.springframework.boot.context.config.ConfigFileApplicationListener:169 - Skipped missing config 'file:./application.xml' (file:./application.xml) for profile default
10:38:43,227 TRACE org.springframework.boot.context.config.ConfigFileApplicationListener:169 - Skipped missing config 'file:./application.xml' (file:./application.xml) for profile default
10:38:43,229 TRACE org.springframework.boot.context.config.ConfigFileApplicationListener:169 - Skipped missing config 'file:./application-default.yml' (file:./application-default.yml) for profile default
10:38:43,229 TRACE org.springframework.boot.context.config.ConfigFileApplicationListener:169 - Skipped missing config 'file:./application-default.yml' (file:./application-default.yml) for profile default
10:38:43,232 TRACE org.springframework.boot.context.config.ConfigFileApplicationListener:169 - Skipped missing config 'file:./application-default.yml' (file:./application-default.yml) for profile default
10:38:43,232 TRACE org.springframework.boot.context.config.ConfigFileApplicationListener:169 - Skipped missing config 'file:./application-default.yml' (file:./application-default.yml) for profile default
10:38:43,233 TRACE org.springframework.boot.context.config.ConfigFileApplicationListener:169 - Skipped missing config 'file:./application.yml' (file:./application.yml) for profile default
10:38:43,233 TRACE org.springframework.boot.context.config.ConfigFileApplicationListener:169 - Skipped missing config 'file:./application.yml' (file:./application.yml) for profile default
10:38:43,234 TRACE org.springframework.boot.context.config.ConfigFileApplicationListener:169 - Skipped missing config 'file:./application-default.yaml' (file:./application-default.yaml) for profile default
10:38:43,234 TRACE org.springframework.boot.context.config.ConfigFileApplicationListener:169 - Skipped missing config 'file:./application-default.yaml' (file:./application-default.yaml) for profile default
10:38:43,234 TRACE org.springframework.boot.context.config.ConfigFileApplicationListener:169 - Skipped missing config 'file:./application-default.yaml' (file:./application-default.yaml) for profile default
10:38:43,234 TRACE org.springframework.boot.context.config.ConfigFileApplicationListener:169 - Skipped missing config 'file:./application-default.yaml' (file:./application-default.yaml) for profile default
10:38:43,235 TRACE org.springframework.boot.context.config.ConfigFileApplicationListener:169 - Skipped missing config 'file:./application.yaml' (file:./application.yaml) for profile default
10:38:43,235 TRACE org.springframework.boot.context.config.ConfigFileApplicationListener:169 - Skipped missing config 'file:./application.yaml' (file:./application.yaml) for profile default
10:38:43,236 TRACE org.springframework.boot.context.config.ConfigFileApplicationListener:169 - Skipped missing config 'classpath:/config/application-default.properties' for profile default
10:38:43,236 TRACE org.springframework.boot.context.config.ConfigFileApplicationListener:169 - Skipped missing config 'classpath:/config/application-default.properties' for profile default
10:38:43,237 TRACE org.springframework.boot.context.config.ConfigFileApplicationListener:169 - Skipped missing config 'classpath:/config/application-default.properties' for profile default
10:38:43,237 TRACE org.springframework.boot.context.config.ConfigFileApplicationListener:169 - Skipped missing config 'classpath:/config/application-default.properties' for profile default
10:38:43,238 TRACE org.springframework.boot.context.config.ConfigFileApplicationListener:169 - Skipped missing config 'classpath:/config/application.properties' for profile default
10:38:43,238 TRACE org.springframework.boot.context.config.ConfigFileApplicationListener:169 - Skipped missing config 'classpath:/config/application.properties' for profile default
10:38:43,245 TRACE org.springframework.boot.context.config.ConfigFileApplicationListener:169 - Skipped missing config 'classpath:/config/application-default.xml' for profile default
10:38:43,245 TRACE org.springframework.boot.context.config.ConfigFileApplicationListener:169 - Skipped missing config 'classpath:/config/application-default.xml' for profile default
10:38:43,247 TRACE org.springframework.boot.context.config.ConfigFileApplicationListener:169 - Skipped missing config 'classpath:/config/application-default.xml' for profile default
10:38:43,247 TRACE org.springframework.boot.context.config.ConfigFileApplicationListener:169 - Skipped missing config 'classpath:/config/application-default.xml' for profile default
10:38:43,248 TRACE org.springframework.boot.context.config.ConfigFileApplicationListener:169 - Skipped missing config 'classpath:/config/application.xml' for profile default
10:38:43,248 TRACE org.springframework.boot.context.config.ConfigFileApplicationListener:169 - Skipped missing config 'classpath:/config/application.xml' for profile default
10:38:43,249 TRACE org.springframework.boot.context.config.ConfigFileApplicationListener:169 - Skipped missing config 'classpath:/config/application-default.yml' for profile default
10:38:43,249 TRACE org.springframework.boot.context.config.ConfigFileApplicationListener:169 - Skipped missing config 'classpath:/config/application-default.yml' for profile default
10:38:43,250 TRACE org.springframework.boot.context.config.ConfigFileApplicationListener:169 - Skipped missing config 'classpath:/config/application-default.yml' for profile default
10:38:43,250 TRACE org.springframework.boot.context.config.ConfigFileApplicationListener:169 - Skipped missing config 'classpath:/config/application-default.yml' for profile default
10:38:43,251 TRACE org.springframework.boot.context.config.ConfigFileApplicationListener:169 - Skipped missing config 'classpath:/config/application.yml' for profile default
10:38:43,251 TRACE org.springframework.boot.context.config.ConfigFileApplicationListener:169 - Skipped missing config 'classpath:/config/application.yml' for profile default
10:38:43,252 TRACE org.springframework.boot.context.config.ConfigFileApplicationListener:169 - Skipped missing config 'classpath:/config/application-default.yaml' for profile default
10:38:43,252 TRACE org.springframework.boot.context.config.ConfigFileApplicationListener:169 - Skipped missing config 'classpath:/config/application-default.yaml' for profile default
10:38:43,253 TRACE org.springframework.boot.context.config.ConfigFileApplicationListener:169 - Skipped missing config 'classpath:/config/application-default.yaml' for profile default
10:38:43,253 TRACE org.springframework.boot.context.config.ConfigFileApplicationListener:169 - Skipped missing config 'classpath:/config/application-default.yaml' for profile default
10:38:43,254 TRACE org.springframework.boot.context.config.ConfigFileApplicationListener:169 - Skipped missing config 'classpath:/config/application.yaml' for profile default
10:38:43,254 TRACE org.springframework.boot.context.config.ConfigFileApplicationListener:169 - Skipped missing config 'classpath:/config/application.yaml' for profile default
10:38:43,255 TRACE org.springframework.boot.context.config.ConfigFileApplicationListener:169 - Skipped missing config 'classpath:/application-default.properties' for profile default
10:38:43,255 TRACE org.springframework.boot.context.config.ConfigFileApplicationListener:169 - Skipped missing config 'classpath:/application-default.properties' for profile default
10:38:43,260 TRACE org.springframework.boot.context.config.ConfigFileApplicationListener:169 - Skipped missing config 'classpath:/application-default.properties' for profile default
10:38:43,260 TRACE org.springframework.boot.context.config.ConfigFileApplicationListener:169 - Skipped missing config 'classpath:/application-default.properties' for profile default
10:38:43,262 TRACE org.springframework.boot.context.config.ConfigFileApplicationListener:169 - Skipped missing config 'classpath:/application-default.xml' for profile default
10:38:43,262 TRACE org.springframework.boot.context.config.ConfigFileApplicationListener:169 - Skipped missing config 'classpath:/application-default.xml' for profile default
10:38:43,264 TRACE org.springframework.boot.context.config.ConfigFileApplicationListener:169 - Skipped missing config 'classpath:/application-default.xml' for profile default
10:38:43,264 TRACE org.springframework.boot.context.config.ConfigFileApplicationListener:169 - Skipped missing config 'classpath:/application-default.xml' for profile default
10:38:43,266 TRACE org.springframework.boot.context.config.ConfigFileApplicationListener:169 - Skipped missing config 'classpath:/application.xml' for profile default
10:38:43,266 TRACE org.springframework.boot.context.config.ConfigFileApplicationListener:169 - Skipped missing config 'classpath:/application.xml' for profile default
10:38:43,268 TRACE org.springframework.boot.context.config.ConfigFileApplicationListener:169 - Skipped missing config 'classpath:/application-default.yml' for profile default
10:38:43,268 TRACE org.springframework.boot.context.config.ConfigFileApplicationListener:169 - Skipped missing config 'classpath:/application-default.yml' for profile default
10:38:43,272 TRACE org.springframework.boot.context.config.ConfigFileApplicationListener:169 - Skipped missing config 'classpath:/application-default.yml' for profile default
10:38:43,272 TRACE org.springframework.boot.context.config.ConfigFileApplicationListener:169 - Skipped missing config 'classpath:/application-default.yml' for profile default
10:38:43,277 TRACE org.springframework.boot.context.config.ConfigFileApplicationListener:169 - Skipped missing config 'classpath:/application.yml' for profile default
10:38:43,277 TRACE org.springframework.boot.context.config.ConfigFileApplicationListener:169 - Skipped missing config 'classpath:/application.yml' for profile default
10:38:43,279 TRACE org.springframework.boot.context.config.ConfigFileApplicationListener:169 - Skipped missing config 'classpath:/application-default.yaml' for profile default
10:38:43,279 TRACE org.springframework.boot.context.config.ConfigFileApplicationListener:169 - Skipped missing config 'classpath:/application-default.yaml' for profile default
10:38:43,280 TRACE org.springframework.boot.context.config.ConfigFileApplicationListener:169 - Skipped missing config 'classpath:/application-default.yaml' for profile default
10:38:43,280 TRACE org.springframework.boot.context.config.ConfigFileApplicationListener:169 - Skipped missing config 'classpath:/application-default.yaml' for profile default
10:38:43,280 TRACE org.springframework.boot.context.config.ConfigFileApplicationListener:169 - Skipped missing config 'classpath:/application.yaml' for profile default
10:38:43,280 TRACE org.springframework.boot.context.config.ConfigFileApplicationListener:169 - Skipped missing config 'classpath:/application.yaml' for profile default
10:38:43,281 TRACE org.springframework.boot.context.config.ConfigFileApplicationListener:169 - Skipped missing config 'file:./config/application.properties' (file:./config/application.properties)
10:38:43,281 TRACE org.springframework.boot.context.config.ConfigFileApplicationListener:169 - Skipped missing config 'file:./config/application.properties' (file:./config/application.properties)
10:38:43,282 TRACE org.springframework.boot.context.config.ConfigFileApplicationListener:169 - Skipped missing config 'file:./config/application.xml' (file:./config/application.xml)
10:38:43,282 TRACE org.springframework.boot.context.config.ConfigFileApplicationListener:169 - Skipped missing config 'file:./config/application.xml' (file:./config/application.xml)
10:38:43,283 TRACE org.springframework.boot.context.config.ConfigFileApplicationListener:169 - Skipped missing config 'file:./config/application.yml' (file:./config/application.yml)
10:38:43,283 TRACE org.springframework.boot.context.config.ConfigFileApplicationListener:169 - Skipped missing config 'file:./config/application.yml' (file:./config/application.yml)
10:38:43,284 TRACE org.springframework.boot.context.config.ConfigFileApplicationListener:169 - Skipped missing config 'file:./config/application.yaml' (file:./config/application.yaml)
10:38:43,284 TRACE org.springframework.boot.context.config.ConfigFileApplicationListener:169 - Skipped missing config 'file:./config/application.yaml' (file:./config/application.yaml)
10:38:43,285 TRACE org.springframework.boot.context.config.ConfigFileApplicationListener:169 - Skipped missing config 'file:./application.properties' (file:./application.properties)
10:38:43,285 TRACE org.springframework.boot.context.config.ConfigFileApplicationListener:169 - Skipped missing config 'file:./application.properties' (file:./application.properties)
10:38:43,286 TRACE org.springframework.boot.context.config.ConfigFileApplicationListener:169 - Skipped missing config 'file:./application.xml' (file:./application.xml)
10:38:43,286 TRACE org.springframework.boot.context.config.ConfigFileApplicationListener:169 - Skipped missing config 'file:./application.xml' (file:./application.xml)
10:38:43,287 TRACE org.springframework.boot.context.config.ConfigFileApplicationListener:169 - Skipped missing config 'file:./application.yml' (file:./application.yml)
10:38:43,287 TRACE org.springframework.boot.context.config.ConfigFileApplicationListener:169 - Skipped missing config 'file:./application.yml' (file:./application.yml)
10:38:43,288 TRACE org.springframework.boot.context.config.ConfigFileApplicationListener:169 - Skipped missing config 'file:./application.yaml' (file:./application.yaml)
10:38:43,288 TRACE org.springframework.boot.context.config.ConfigFileApplicationListener:169 - Skipped missing config 'file:./application.yaml' (file:./application.yaml)
10:38:43,293 TRACE org.springframework.boot.context.config.ConfigFileApplicationListener:169 - Skipped missing config 'classpath:/config/application.properties'
10:38:43,293 TRACE org.springframework.boot.context.config.ConfigFileApplicationListener:169 - Skipped missing config 'classpath:/config/application.properties'
10:38:43,296 TRACE org.springframework.boot.context.config.ConfigFileApplicationListener:169 - Skipped missing config 'classpath:/config/application.xml'
10:38:43,296 TRACE org.springframework.boot.context.config.ConfigFileApplicationListener:169 - Skipped missing config 'classpath:/config/application.xml'
10:38:43,297 TRACE org.springframework.boot.context.config.ConfigFileApplicationListener:169 - Skipped missing config 'classpath:/config/application.yml'
10:38:43,297 TRACE org.springframework.boot.context.config.ConfigFileApplicationListener:169 - Skipped missing config 'classpath:/config/application.yml'
10:38:43,298 TRACE org.springframework.boot.context.config.ConfigFileApplicationListener:169 - Skipped missing config 'classpath:/config/application.yaml'
10:38:43,298 TRACE org.springframework.boot.context.config.ConfigFileApplicationListener:169 - Skipped missing config 'classpath:/config/application.yaml'
10:38:43,298 TRACE org.springframework.boot.context.config.ConfigFileApplicationListener:169 - Skipped missing config 'classpath:/application.xml'
10:38:43,298 TRACE org.springframework.boot.context.config.ConfigFileApplicationListener:169 - Skipped missing config 'classpath:/application.xml'
10:38:43,299 TRACE org.springframework.boot.context.config.ConfigFileApplicationListener:169 - Skipped missing config 'classpath:/application.yml'
10:38:43,299 TRACE org.springframework.boot.context.config.ConfigFileApplicationListener:169 - Skipped missing config 'classpath:/application.yml'
10:38:43,300 TRACE org.springframework.boot.context.config.ConfigFileApplicationListener:169 - Skipped missing config 'classpath:/application.yaml'
10:38:43,300 TRACE org.springframework.boot.context.config.ConfigFileApplicationListener:169 - Skipped missing config 'classpath:/application.yaml'
10:38:43,302  INFO org.springframework.context.annotation.AnnotationConfigApplicationContext:590 - Refreshing org.springframework.context.annotation.AnnotationConfigApplicationContext@531ec2ca: startup date [Thu Oct 11 10:38:43 CEST 2018]; root of context hierarchy
10:38:43,302  INFO org.springframework.context.annotation.AnnotationConfigApplicationContext:590 - Refreshing org.springframework.context.annotation.AnnotationConfigApplicationContext@531ec2ca: startup date [Thu Oct 11 10:38:43 CEST 2018]; root of context hierarchy
10:38:43,315 DEBUG org.springframework.context.annotation.AnnotationConfigApplicationContext:624 - Bean factory for org.springframework.context.annotation.AnnotationConfigApplicationContext@531ec2ca: org.springframework.beans.factory.support.DefaultListableBeanFactory@156324b: defining beans [org.springframework.context.annotation.internalConfigurationAnnotationProcessor,org.springframework.context.annotation.internalAutowiredAnnotationProcessor,org.springframework.context.annotation.internalRequiredAnnotationProcessor,org.springframework.context.annotation.internalCommonAnnotationProcessor,org.springframework.context.event.internalEventListenerProcessor,org.springframework.context.event.internalEventListenerFactory,org.springframework.boot.test.context.ImportsContextCustomizer$ImportsCleanupPostProcessor,org.springframework.boot.test.context.ImportsContextCustomizer$ImportsConfiguration,org.springframework.boot.test.mock.mockito.MockitoPostProcessor$SpyPostProcessor,org.springframework.boot.test.mock.mockito.MockitoPostProcessor,javaTutorApplication]; root of factory hierarchy
10:38:43,315 DEBUG org.springframework.context.annotation.AnnotationConfigApplicationContext:624 - Bean factory for org.springframework.context.annotation.AnnotationConfigApplicationContext@531ec2ca: org.springframework.beans.factory.support.DefaultListableBeanFactory@156324b: defining beans [org.springframework.context.annotation.internalConfigurationAnnotationProcessor,org.springframework.context.annotation.internalAutowiredAnnotationProcessor,org.springframework.context.annotation.internalRequiredAnnotationProcessor,org.springframework.context.annotation.internalCommonAnnotationProcessor,org.springframework.context.event.internalEventListenerProcessor,org.springframework.context.event.internalEventListenerFactory,org.springframework.boot.test.context.ImportsContextCustomizer$ImportsCleanupPostProcessor,org.springframework.boot.test.context.ImportsContextCustomizer$ImportsConfiguration,org.springframework.boot.test.mock.mockito.MockitoPostProcessor$SpyPostProcessor,org.springframework.boot.test.mock.mockito.MockitoPostProcessor,javaTutorApplication]; root of factory hierarchy
10:38:43,317 DEBUG org.springframework.beans.factory.support.DefaultListableBeanFactory:219 - Creating shared instance of singleton bean 'org.springframework.context.annotation.internalConfigurationAnnotationProcessor'
10:38:43,317 DEBUG org.springframework.beans.factory.support.DefaultListableBeanFactory:219 - Creating shared instance of singleton bean 'org.springframework.context.annotation.internalConfigurationAnnotationProcessor'
10:38:43,319 DEBUG org.springframework.beans.factory.support.DefaultListableBeanFactory:466 - Creating instance of bean 'org.springframework.context.annotation.internalConfigurationAnnotationProcessor'
10:38:43,319 DEBUG org.springframework.beans.factory.support.DefaultListableBeanFactory:466 - Creating instance of bean 'org.springframework.context.annotation.internalConfigurationAnnotationProcessor'
10:38:43,322 DEBUG org.springframework.beans.factory.support.DefaultListableBeanFactory:569 - Eagerly caching bean 'org.springframework.context.annotation.internalConfigurationAnnotationProcessor' to allow for resolving potential circular references
10:38:43,322 DEBUG org.springframework.beans.factory.support.DefaultListableBeanFactory:569 - Eagerly caching bean 'org.springframework.context.annotation.internalConfigurationAnnotationProcessor' to allow for resolving potential circular references
10:38:43,329 DEBUG org.springframework.beans.factory.support.DefaultListableBeanFactory:219 - Creating shared instance of singleton bean 'org.springframework.boot.autoconfigure.internalCachingMetadataReaderFactory'
10:38:43,329 DEBUG org.springframework.beans.factory.support.DefaultListableBeanFactory:219 - Creating shared instance of singleton bean 'org.springframework.boot.autoconfigure.internalCachingMetadataReaderFactory'
10:38:43,330 DEBUG org.springframework.beans.factory.support.DefaultListableBeanFactory:466 - Creating instance of bean 'org.springframework.boot.autoconfigure.internalCachingMetadataReaderFactory'
10:38:43,330 DEBUG org.springframework.beans.factory.support.DefaultListableBeanFactory:466 - Creating instance of bean 'org.springframework.boot.autoconfigure.internalCachingMetadataReaderFactory'
10:38:43,331 DEBUG org.springframework.beans.factory.support.DefaultListableBeanFactory:569 - Eagerly caching bean 'org.springframework.boot.autoconfigure.internalCachingMetadataReaderFactory' to allow for resolving potential circular references
10:38:43,331 DEBUG org.springframework.beans.factory.support.DefaultListableBeanFactory:569 - Eagerly caching bean 'org.springframework.boot.autoconfigure.internalCachingMetadataReaderFactory' to allow for resolving potential circular references
10:38:43,332 DEBUG org.springframework.beans.factory.support.DefaultListableBeanFactory:503 - Finished creating instance of bean 'org.springframework.boot.autoconfigure.internalCachingMetadataReaderFactory'
10:38:43,332 DEBUG org.springframework.beans.factory.support.DefaultListableBeanFactory:503 - Finished creating instance of bean 'org.springframework.boot.autoconfigure.internalCachingMetadataReaderFactory'
10:38:43,334 TRACE org.springframework.beans.CachedIntrospectionResults:271 - Getting BeanInfo for class [org.springframework.context.annotation.ConfigurationClassPostProcessor]
10:38:43,334 TRACE org.springframework.beans.CachedIntrospectionResults:271 - Getting BeanInfo for class [org.springframework.context.annotation.ConfigurationClassPostProcessor]
10:38:43,353 TRACE org.springframework.beans.CachedIntrospectionResults:276 - Caching PropertyDescriptors for class [org.springframework.context.annotation.ConfigurationClassPostProcessor]
10:38:43,353 TRACE org.springframework.beans.CachedIntrospectionResults:276 - Caching PropertyDescriptors for class [org.springframework.context.annotation.ConfigurationClassPostProcessor]
10:38:43,354 TRACE org.springframework.beans.CachedIntrospectionResults:289 - Found bean property 'beanClassLoader' of type [java.lang.ClassLoader]
10:38:43,354 TRACE org.springframework.beans.CachedIntrospectionResults:289 - Found bean property 'beanClassLoader' of type [java.lang.ClassLoader]
10:38:43,364 TRACE org.springframework.beans.CachedIntrospectionResults:289 - Found bean property 'beanNameGenerator' of type [org.springframework.beans.factory.support.BeanNameGenerator]
10:38:43,364 TRACE org.springframework.beans.CachedIntrospectionResults:289 - Found bean property 'beanNameGenerator' of type [org.springframework.beans.factory.support.BeanNameGenerator]
10:38:43,365 TRACE org.springframework.beans.CachedIntrospectionResults:289 - Found bean property 'class' of type [java.lang.Class]
10:38:43,365 TRACE org.springframework.beans.CachedIntrospectionResults:289 - Found bean property 'class' of type [java.lang.Class]
10:38:43,367 TRACE org.springframework.beans.CachedIntrospectionResults:289 - Found bean property 'environment' of type [org.springframework.core.env.Environment]
10:38:43,367 TRACE org.springframework.beans.CachedIntrospectionResults:289 - Found bean property 'environment' of type [org.springframework.core.env.Environment]
10:38:43,368 TRACE org.springframework.beans.CachedIntrospectionResults:289 - Found bean property 'metadataReaderFactory' of type [org.springframework.core.type.classreading.MetadataReaderFactory]
10:38:43,368 TRACE org.springframework.beans.CachedIntrospectionResults:289 - Found bean property 'metadataReaderFactory' of type [org.springframework.core.type.classreading.MetadataReaderFactory]
10:38:43,370 TRACE org.springframework.beans.CachedIntrospectionResults:289 - Found bean property 'order' of type [int]
10:38:43,370 TRACE org.springframework.beans.CachedIntrospectionResults:289 - Found bean property 'order' of type [int]
10:38:43,377 TRACE org.springframework.beans.CachedIntrospectionResults:289 - Found bean property 'problemReporter' of type [org.springframework.beans.factory.parsing.ProblemReporter]
10:38:43,377 TRACE org.springframework.beans.CachedIntrospectionResults:289 - Found bean property 'problemReporter' of type [org.springframework.beans.factory.parsing.ProblemReporter]
10:38:43,378 TRACE org.springframework.beans.CachedIntrospectionResults:289 - Found bean property 'resourceLoader' of type [org.springframework.core.io.ResourceLoader]
10:38:43,378 TRACE org.springframework.beans.CachedIntrospectionResults:289 - Found bean property 'resourceLoader' of type [org.springframework.core.io.ResourceLoader]
10:38:43,379 TRACE org.springframework.beans.CachedIntrospectionResults:289 - Found bean property 'sourceExtractor' of type [org.springframework.beans.factory.parsing.SourceExtractor]
10:38:43,379 TRACE org.springframework.beans.CachedIntrospectionResults:289 - Found bean property 'sourceExtractor' of type [org.springframework.beans.factory.parsing.SourceExtractor]
10:38:43,414 DEBUG org.springframework.beans.factory.support.DefaultListableBeanFactory:503 - Finished creating instance of bean 'org.springframework.context.annotation.internalConfigurationAnnotationProcessor'
10:38:43,414 DEBUG org.springframework.beans.factory.support.DefaultListableBeanFactory:503 - Finished creating instance of bean 'org.springframework.context.annotation.internalConfigurationAnnotationProcessor'
10:38:43,521 DEBUG org.springframework.context.annotation.ClassPathBeanDefinitionScanner:212 - JSR-250 'javax.annotation.ManagedBean' found and supported for component scanning
10:38:43,521 DEBUG org.springframework.context.annotation.ClassPathBeanDefinitionScanner:212 - JSR-250 'javax.annotation.ManagedBean' found and supported for component scanning
10:38:43,530 DEBUG org.springframework.core.io.support.PathMatchingResourcePatternResolver:321 - Resolved classpath location [pro/abacus/javatutor/] to resources [URL [file:/E:/java/repos/JavaTutorAPI/javatutor/target/test-classes/pro/abacus/javatutor/], URL [file:/E:/java/repos/JavaTutorAPI/javatutor/target/classes/pro/abacus/javatutor/]]
10:38:43,530 DEBUG org.springframework.core.io.support.PathMatchingResourcePatternResolver:321 - Resolved classpath location [pro/abacus/javatutor/] to resources [URL [file:/E:/java/repos/JavaTutorAPI/javatutor/target/test-classes/pro/abacus/javatutor/], URL [file:/E:/java/repos/JavaTutorAPI/javatutor/target/classes/pro/abacus/javatutor/]]
10:38:43,532 DEBUG org.springframework.core.io.support.PathMatchingResourcePatternResolver:721 - Looking for matching resources in directory tree [E:\java\repos\JavaTutorAPI\javatutor\target\test-classes\pro\abacus\javatutor]
10:38:43,532 DEBUG org.springframework.core.io.support.PathMatchingResourcePatternResolver:721 - Looking for matching resources in directory tree [E:\java\repos\JavaTutorAPI\javatutor\target\test-classes\pro\abacus\javatutor]
10:38:43,535 DEBUG org.springframework.core.io.support.PathMatchingResourcePatternResolver:783 - Searching directory [E:\java\repos\JavaTutorAPI\javatutor\target\test-classes\pro\abacus\javatutor] for files matching pattern [E:/java/repos/JavaTutorAPI/javatutor/target/test-classes/pro/abacus/javatutor/**/*.class]
10:38:43,535 DEBUG org.springframework.core.io.support.PathMatchingResourcePatternResolver:783 - Searching directory [E:\java\repos\JavaTutorAPI\javatutor\target\test-classes\pro\abacus\javatutor] for files matching pattern [E:/java/repos/JavaTutorAPI/javatutor/target/test-classes/pro/abacus/javatutor/**/*.class]
10:38:43,537 DEBUG org.springframework.core.io.support.PathMatchingResourcePatternResolver:783 - Searching directory [E:\java\repos\JavaTutorAPI\javatutor\target\test-classes\pro\abacus\javatutor\controller] for files matching pattern [E:/java/repos/JavaTutorAPI/javatutor/target/test-classes/pro/abacus/javatutor/**/*.class]
10:38:43,537 DEBUG org.springframework.core.io.support.PathMatchingResourcePatternResolver:783 - Searching directory [E:\java\repos\JavaTutorAPI\javatutor\target\test-classes\pro\abacus\javatutor\controller] for files matching pattern [E:/java/repos/JavaTutorAPI/javatutor/target/test-classes/pro/abacus/javatutor/**/*.class]
10:38:43,548 DEBUG org.springframework.core.io.support.PathMatchingResourcePatternResolver:783 - Searching directory [E:\java\repos\JavaTutorAPI\javatutor\target\test-classes\pro\abacus\javatutor\repository] for files matching pattern [E:/java/repos/JavaTutorAPI/javatutor/target/test-classes/pro/abacus/javatutor/**/*.class]
10:38:43,548 DEBUG org.springframework.core.io.support.PathMatchingResourcePatternResolver:783 - Searching directory [E:\java\repos\JavaTutorAPI\javatutor\target\test-classes\pro\abacus\javatutor\repository] for files matching pattern [E:/java/repos/JavaTutorAPI/javatutor/target/test-classes/pro/abacus/javatutor/**/*.class]
10:38:43,551 DEBUG org.springframework.core.io.support.PathMatchingResourcePatternResolver:783 - Searching directory [E:\java\repos\JavaTutorAPI\javatutor\target\test-classes\pro\abacus\javatutor\security] for files matching pattern [E:/java/repos/JavaTutorAPI/javatutor/target/test-classes/pro/abacus/javatutor/**/*.class]
10:38:43,551 DEBUG org.springframework.core.io.support.PathMatchingResourcePatternResolver:783 - Searching directory [E:\java\repos\JavaTutorAPI\javatutor\target\test-classes\pro\abacus\javatutor\security] for files matching pattern [E:/java/repos/JavaTutorAPI/javatutor/target/test-classes/pro/abacus/javatutor/**/*.class]
10:38:43,553 DEBUG org.springframework.core.io.support.PathMatchingResourcePatternResolver:783 - Searching directory [E:\java\repos\JavaTutorAPI\javatutor\target\test-classes\pro\abacus\javatutor\service] for files matching pattern [E:/java/repos/JavaTutorAPI/javatutor/target/test-classes/pro/abacus/javatutor/**/*.class]
10:38:43,553 DEBUG org.springframework.core.io.support.PathMatchingResourcePatternResolver:783 - Searching directory [E:\java\repos\JavaTutorAPI\javatutor\target\test-classes\pro\abacus\javatutor\service] for files matching pattern [E:/java/repos/JavaTutorAPI/javatutor/target/test-classes/pro/abacus/javatutor/**/*.class]
10:38:43,559 DEBUG org.springframework.core.io.support.PathMatchingResourcePatternResolver:721 - Looking for matching resources in directory tree [E:\java\repos\JavaTutorAPI\javatutor\target\classes\pro\abacus\javatutor]
10:38:43,559 DEBUG org.springframework.core.io.support.PathMatchingResourcePatternResolver:721 - Looking for matching resources in directory tree [E:\java\repos\JavaTutorAPI\javatutor\target\classes\pro\abacus\javatutor]
10:38:43,560 DEBUG org.springframework.core.io.support.PathMatchingResourcePatternResolver:783 - Searching directory [E:\java\repos\JavaTutorAPI\javatutor\target\classes\pro\abacus\javatutor] for files matching pattern [E:/java/repos/JavaTutorAPI/javatutor/target/classes/pro/abacus/javatutor/**/*.class]
10:38:43,560 DEBUG org.springframework.core.io.support.PathMatchingResourcePatternResolver:783 - Searching directory [E:\java\repos\JavaTutorAPI\javatutor\target\classes\pro\abacus\javatutor] for files matching pattern [E:/java/repos/JavaTutorAPI/javatutor/target/classes/pro/abacus/javatutor/**/*.class]
10:38:43,563 DEBUG org.springframework.core.io.support.PathMatchingResourcePatternResolver:783 - Searching directory [E:\java\repos\JavaTutorAPI\javatutor\target\classes\pro\abacus\javatutor\controller] for files matching pattern [E:/java/repos/JavaTutorAPI/javatutor/target/classes/pro/abacus/javatutor/**/*.class]
10:38:43,563 DEBUG org.springframework.core.io.support.PathMatchingResourcePatternResolver:783 - Searching directory [E:\java\repos\JavaTutorAPI\javatutor\target\classes\pro\abacus\javatutor\controller] for files matching pattern [E:/java/repos/JavaTutorAPI/javatutor/target/classes/pro/abacus/javatutor/**/*.class]
10:38:43,570 DEBUG org.springframework.core.io.support.PathMatchingResourcePatternResolver:783 - Searching directory [E:\java\repos\JavaTutorAPI\javatutor\target\classes\pro\abacus\javatutor\domain] for files matching pattern [E:/java/repos/JavaTutorAPI/javatutor/target/classes/pro/abacus/javatutor/**/*.class]
10:38:43,570 DEBUG org.springframework.core.io.support.PathMatchingResourcePatternResolver:783 - Searching directory [E:\java\repos\JavaTutorAPI\javatutor\target\classes\pro\abacus\javatutor\domain] for files matching pattern [E:/java/repos/JavaTutorAPI/javatutor/target/classes/pro/abacus/javatutor/**/*.class]
10:38:43,579 DEBUG org.springframework.core.io.support.PathMatchingResourcePatternResolver:783 - Searching directory [E:\java\repos\JavaTutorAPI\javatutor\target\classes\pro\abacus\javatutor\repository] for files matching pattern [E:/java/repos/JavaTutorAPI/javatutor/target/classes/pro/abacus/javatutor/**/*.class]
10:38:43,579 DEBUG org.springframework.core.io.support.PathMatchingResourcePatternResolver:783 - Searching directory [E:\java\repos\JavaTutorAPI\javatutor\target\classes\pro\abacus\javatutor\repository] for files matching pattern [E:/java/repos/JavaTutorAPI/javatutor/target/classes/pro/abacus/javatutor/**/*.class]
10:38:43,581 DEBUG org.springframework.core.io.support.PathMatchingResourcePatternResolver:783 - Searching directory [E:\java\repos\JavaTutorAPI\javatutor\target\classes\pro\abacus\javatutor\security] for files matching pattern [E:/java/repos/JavaTutorAPI/javatutor/target/classes/pro/abacus/javatutor/**/*.class]
10:38:43,581 DEBUG org.springframework.core.io.support.PathMatchingResourcePatternResolver:783 - Searching directory [E:\java\repos\JavaTutorAPI\javatutor\target\classes\pro\abacus\javatutor\security] for files matching pattern [E:/java/repos/JavaTutorAPI/javatutor/target/classes/pro/abacus/javatutor/**/*.class]
10:38:43,585 DEBUG org.springframework.core.io.support.PathMatchingResourcePatternResolver:783 - Searching directory [E:\java\repos\JavaTutorAPI\javatutor\target\classes\pro\abacus\javatutor\service] for files matching pattern [E:/java/repos/JavaTutorAPI/javatutor/target/classes/pro/abacus/javatutor/**/*.class]
10:38:43,585 DEBUG org.springframework.core.io.support.PathMatchingResourcePatternResolver:783 - Searching directory [E:\java\repos\JavaTutorAPI\javatutor\target\classes\pro\abacus\javatutor\service] for files matching pattern [E:/java/repos/JavaTutorAPI/javatutor/target/classes/pro/abacus/javatutor/**/*.class]
10:38:43,588 DEBUG org.springframework.core.io.support.PathMatchingResourcePatternResolver:514 - Resolved location pattern [classpath*:pro/abacus/javatutor/**/*.class] to resources [file [E:\java\repos\JavaTutorAPI\javatutor\target\test-classes\pro\abacus\javatutor\controller\QuestionRestControllerTest.class], file [E:\java\repos\JavaTutorAPI\javatutor\target\test-classes\pro\abacus\javatutor\controller\RegistrationControllerTest.class], file [E:\java\repos\JavaTutorAPI\javatutor\target\test-classes\pro\abacus\javatutor\JavaTutorApplicationTest.class], file [E:\java\repos\JavaTutorAPI\javatutor\target\test-classes\pro\abacus\javatutor\repository\AuthorityRepositoryTest.class], file [E:\java\repos\JavaTutorAPI\javatutor\target\test-classes\pro\abacus\javatutor\repository\JavaQuestionRepositoryTest.class], file [E:\java\repos\JavaTutorAPI\javatutor\target\test-classes\pro\abacus\javatutor\repository\UserRepositoryTest.class], file [E:\java\repos\JavaTutorAPI\javatutor\target\test-classes\pro\abacus\javatutor\security\UserDetailsServiceImplTest.class], file [E:\java\repos\JavaTutorAPI\javatutor\target\test-classes\pro\abacus\javatutor\SecurityIntegrationTest.class], file [E:\java\repos\JavaTutorAPI\javatutor\target\test-classes\pro\abacus\javatutor\service\JavaQuestionsServiceImplTest.class], file [E:\java\repos\JavaTutorAPI\javatutor\target\test-classes\pro\abacus\javatutor\service\UserServiceImplTest.class], file [E:\java\repos\JavaTutorAPI\javatutor\target\classes\pro\abacus\javatutor\controller\QuestionRestController.class], file [E:\java\repos\JavaTutorAPI\javatutor\target\classes\pro\abacus\javatutor\controller\RegistrationController.class], file [E:\java\repos\JavaTutorAPI\javatutor\target\classes\pro\abacus\javatutor\DatabaseConfiguration.class], file [E:\java\repos\JavaTutorAPI\javatutor\target\classes\pro\abacus\javatutor\domain\Authority.class], file [E:\java\repos\JavaTutorAPI\javatutor\target\classes\pro\abacus\javatutor\domain\JavaQuestion.class], file [E:\java\repos\JavaTutorAPI\javatutor\target\classes\pro\abacus\javatutor\domain\User.class], file [E:\java\repos\JavaTutorAPI\javatutor\target\classes\pro\abacus\javatutor\JavaTutorApplication.class], file [E:\java\repos\JavaTutorAPI\javatutor\target\classes\pro\abacus\javatutor\repository\AuthorityRepository.class], file [E:\java\repos\JavaTutorAPI\javatutor\target\classes\pro\abacus\javatutor\repository\JavaQuestionRepository.class], file [E:\java\repos\JavaTutorAPI\javatutor\target\classes\pro\abacus\javatutor\repository\UserRepository.class], file [E:\java\repos\JavaTutorAPI\javatutor\target\classes\pro\abacus\javatutor\security\AuthFailureHandler.class], file [E:\java\repos\JavaTutorAPI\javatutor\target\classes\pro\abacus\javatutor\security\AuthSuccessHandler.class], file [E:\java\repos\JavaTutorAPI\javatutor\target\classes\pro\abacus\javatutor\security\LogoutSuccessHandlerImpl.class], file [E:\java\repos\JavaTutorAPI\javatutor\target\classes\pro\abacus\javatutor\security\UserDetailsImpl.class], file [E:\java\repos\JavaTutorAPI\javatutor\target\classes\pro\abacus\javatutor\security\UserDetailsServiceImpl.class], file [E:\java\repos\JavaTutorAPI\javatutor\target\classes\pro\abacus\javatutor\SecurityConfiguration.class], file [E:\java\repos\JavaTutorAPI\javatutor\target\classes\pro\abacus\javatutor\service\JavaQuestionsService.class], file [E:\java\repos\JavaTutorAPI\javatutor\target\classes\pro\abacus\javatutor\service\JavaQuestionsServiceImpl.class], file [E:\java\repos\JavaTutorAPI\javatutor\target\classes\pro\abacus\javatutor\service\UserService.class], file [E:\java\repos\JavaTutorAPI\javatutor\target\classes\pro\abacus\javatutor\service\UserServiceImpl.class]]
10:38:43,588 DEBUG org.springframework.core.io.support.PathMatchingResourcePatternResolver:514 - Resolved location pattern [classpath*:pro/abacus/javatutor/**/*.class] to resources [file [E:\java\repos\JavaTutorAPI\javatutor\target\test-classes\pro\abacus\javatutor\controller\QuestionRestControllerTest.class], file [E:\java\repos\JavaTutorAPI\javatutor\target\test-classes\pro\abacus\javatutor\controller\RegistrationControllerTest.class], file [E:\java\repos\JavaTutorAPI\javatutor\target\test-classes\pro\abacus\javatutor\JavaTutorApplicationTest.class], file [E:\java\repos\JavaTutorAPI\javatutor\target\test-classes\pro\abacus\javatutor\repository\AuthorityRepositoryTest.class], file [E:\java\repos\JavaTutorAPI\javatutor\target\test-classes\pro\abacus\javatutor\repository\JavaQuestionRepositoryTest.class], file [E:\java\repos\JavaTutorAPI\javatutor\target\test-classes\pro\abacus\javatutor\repository\UserRepositoryTest.class], file [E:\java\repos\JavaTutorAPI\javatutor\target\test-classes\pro\abacus\javatutor\security\UserDetailsServiceImplTest.class], file [E:\java\repos\JavaTutorAPI\javatutor\target\test-classes\pro\abacus\javatutor\SecurityIntegrationTest.class], file [E:\java\repos\JavaTutorAPI\javatutor\target\test-classes\pro\abacus\javatutor\service\JavaQuestionsServiceImplTest.class], file [E:\java\repos\JavaTutorAPI\javatutor\target\test-classes\pro\abacus\javatutor\service\UserServiceImplTest.class], file [E:\java\repos\JavaTutorAPI\javatutor\target\classes\pro\abacus\javatutor\controller\QuestionRestController.class], file [E:\java\repos\JavaTutorAPI\javatutor\target\classes\pro\abacus\javatutor\controller\RegistrationController.class], file [E:\java\repos\JavaTutorAPI\javatutor\target\classes\pro\abacus\javatutor\DatabaseConfiguration.class], file [E:\java\repos\JavaTutorAPI\javatutor\target\classes\pro\abacus\javatutor\domain\Authority.class], file [E:\java\repos\JavaTutorAPI\javatutor\target\classes\pro\abacus\javatutor\domain\JavaQuestion.class], file [E:\java\repos\JavaTutorAPI\javatutor\target\classes\pro\abacus\javatutor\domain\User.class], file [E:\java\repos\JavaTutorAPI\javatutor\target\classes\pro\abacus\javatutor\JavaTutorApplication.class], file [E:\java\repos\JavaTutorAPI\javatutor\target\classes\pro\abacus\javatutor\repository\AuthorityRepository.class], file [E:\java\repos\JavaTutorAPI\javatutor\target\classes\pro\abacus\javatutor\repository\JavaQuestionRepository.class], file [E:\java\repos\JavaTutorAPI\javatutor\target\classes\pro\abacus\javatutor\repository\UserRepository.class], file [E:\java\repos\JavaTutorAPI\javatutor\target\classes\pro\abacus\javatutor\security\AuthFailureHandler.class], file [E:\java\repos\JavaTutorAPI\javatutor\target\classes\pro\abacus\javatutor\security\AuthSuccessHandler.class], file [E:\java\repos\JavaTutorAPI\javatutor\target\classes\pro\abacus\javatutor\security\LogoutSuccessHandlerImpl.class], file [E:\java\repos\JavaTutorAPI\javatutor\target\classes\pro\abacus\javatutor\security\UserDetailsImpl.class], file [E:\java\repos\JavaTutorAPI\javatutor\target\classes\pro\abacus\javatutor\security\UserDetailsServiceImpl.class], file [E:\java\repos\JavaTutorAPI\javatutor\target\classes\pro\abacus\javatutor\SecurityConfiguration.class], file [E:\java\repos\JavaTutorAPI\javatutor\target\classes\pro\abacus\javatutor\service\JavaQuestionsService.class], file [E:\java\repos\JavaTutorAPI\javatutor\target\classes\pro\abacus\javatutor\service\JavaQuestionsServiceImpl.class], file [E:\java\repos\JavaTutorAPI\javatutor\target\classes\pro\abacus\javatutor\service\UserService.class], file [E:\java\repos\JavaTutorAPI\javatutor\target\classes\pro\abacus\javatutor\service\UserServiceImpl.class]]
10:38:43,602 TRACE org.springframework.context.annotation.ClassPathBeanDefinitionScanner:426 - Scanning file [E:\java\repos\JavaTutorAPI\javatutor\target\test-classes\pro\abacus\javatutor\controller\QuestionRestControllerTest.class]
10:38:43,602 TRACE org.springframework.context.annotation.ClassPathBeanDefinitionScanner:426 - Scanning file [E:\java\repos\JavaTutorAPI\javatutor\target\test-classes\pro\abacus\javatutor\controller\QuestionRestControllerTest.class]
10:38:43,615 DEBUG org.springframework.beans.factory.support.DefaultListableBeanFactory:254 - Returning cached instance of singleton bean 'org.springframework.boot.test.context.filter.TestTypeExcludeFilter'
10:38:43,615 DEBUG org.springframework.beans.factory.support.DefaultListableBeanFactory:254 - Returning cached instance of singleton bean 'org.springframework.boot.test.context.filter.TestTypeExcludeFilter'
10:38:43,616 DEBUG org.springframework.beans.factory.support.DefaultListableBeanFactory:254 - Returning cached instance of singleton bean 'org.springframework.boot.test.autoconfigure.filter.TypeExcludeFilters'
10:38:43,616 DEBUG org.springframework.beans.factory.support.DefaultListableBeanFactory:254 - Returning cached instance of singleton bean 'org.springframework.boot.test.autoconfigure.filter.TypeExcludeFilters'
10:38:43,617 TRACE org.springframework.context.annotation.ClassPathBeanDefinitionScanner:449 - Ignored because not matching any filter: file [E:\java\repos\JavaTutorAPI\javatutor\target\test-classes\pro\abacus\javatutor\controller\QuestionRestControllerTest.class]
10:38:43,617 TRACE org.springframework.context.annotation.ClassPathBeanDefinitionScanner:449 - Ignored because not matching any filter: file [E:\java\repos\JavaTutorAPI\javatutor\target\test-classes\pro\abacus\javatutor\controller\QuestionRestControllerTest.class]
10:38:43,618 TRACE org.springframework.context.annotation.ClassPathBeanDefinitionScanner:426 - Scanning file [E:\java\repos\JavaTutorAPI\javatutor\target\test-classes\pro\abacus\javatutor\controller\RegistrationControllerTest.class]
10:38:43,618 TRACE org.springframework.context.annotation.ClassPathBeanDefinitionScanner:426 - Scanning file [E:\java\repos\JavaTutorAPI\javatutor\target\test-classes\pro\abacus\javatutor\controller\RegistrationControllerTest.class]
10:38:43,635 DEBUG org.springframework.beans.factory.support.DefaultListableBeanFactory:254 - Returning cached instance of singleton bean 'org.springframework.boot.test.context.filter.TestTypeExcludeFilter'
10:38:43,635 DEBUG org.springframework.beans.factory.support.DefaultListableBeanFactory:254 - Returning cached instance of singleton bean 'org.springframework.boot.test.context.filter.TestTypeExcludeFilter'
10:38:43,648 DEBUG org.springframework.beans.factory.support.DefaultListableBeanFactory:254 - Returning cached instance of singleton bean 'org.springframework.boot.test.autoconfigure.filter.TypeExcludeFilters'
10:38:43,648 DEBUG org.springframework.beans.factory.support.DefaultListableBeanFactory:254 - Returning cached instance of singleton bean 'org.springframework.boot.test.autoconfigure.filter.TypeExcludeFilters'
10:38:43,651 TRACE org.springframework.context.annotation.ClassPathBeanDefinitionScanner:449 - Ignored because not matching any filter: file [E:\java\repos\JavaTutorAPI\javatutor\target\test-classes\pro\abacus\javatutor\controller\RegistrationControllerTest.class]
10:38:43,651 TRACE org.springframework.context.annotation.ClassPathBeanDefinitionScanner:449 - Ignored because not matching any filter: file [E:\java\repos\JavaTutorAPI\javatutor\target\test-classes\pro\abacus\javatutor\controller\RegistrationControllerTest.class]
10:38:43,652 TRACE org.springframework.context.annotation.ClassPathBeanDefinitionScanner:426 - Scanning file [E:\java\repos\JavaTutorAPI\javatutor\target\test-classes\pro\abacus\javatutor\JavaTutorApplicationTest.class]
10:38:43,652 TRACE org.springframework.context.annotation.ClassPathBeanDefinitionScanner:426 - Scanning file [E:\java\repos\JavaTutorAPI\javatutor\target\test-classes\pro\abacus\javatutor\JavaTutorApplicationTest.class]
10:38:43,661 DEBUG org.springframework.beans.factory.support.DefaultListableBeanFactory:254 - Returning cached instance of singleton bean 'org.springframework.boot.test.context.filter.TestTypeExcludeFilter'
10:38:43,661 DEBUG org.springframework.beans.factory.support.DefaultListableBeanFactory:254 - Returning cached instance of singleton bean 'org.springframework.boot.test.context.filter.TestTypeExcludeFilter'
10:38:43,662 DEBUG org.springframework.beans.factory.support.DefaultListableBeanFactory:254 - Returning cached instance of singleton bean 'org.springframework.boot.test.autoconfigure.filter.TypeExcludeFilters'
10:38:43,662 DEBUG org.springframework.beans.factory.support.DefaultListableBeanFactory:254 - Returning cached instance of singleton bean 'org.springframework.boot.test.autoconfigure.filter.TypeExcludeFilters'
10:38:43,663 TRACE org.springframework.context.annotation.ClassPathBeanDefinitionScanner:449 - Ignored because not matching any filter: file [E:\java\repos\JavaTutorAPI\javatutor\target\test-classes\pro\abacus\javatutor\JavaTutorApplicationTest.class]
10:38:43,663 TRACE org.springframework.context.annotation.ClassPathBeanDefinitionScanner:449 - Ignored because not matching any filter: file [E:\java\repos\JavaTutorAPI\javatutor\target\test-classes\pro\abacus\javatutor\JavaTutorApplicationTest.class]
10:38:43,664 TRACE org.springframework.context.annotation.ClassPathBeanDefinitionScanner:426 - Scanning file [E:\java\repos\JavaTutorAPI\javatutor\target\test-classes\pro\abacus\javatutor\repository\AuthorityRepositoryTest.class]
10:38:43,664 TRACE org.springframework.context.annotation.ClassPathBeanDefinitionScanner:426 - Scanning file [E:\java\repos\JavaTutorAPI\javatutor\target\test-classes\pro\abacus\javatutor\repository\AuthorityRepositoryTest.class]
10:38:43,667 DEBUG org.springframework.beans.factory.support.DefaultListableBeanFactory:254 - Returning cached instance of singleton bean 'org.springframework.boot.test.context.filter.TestTypeExcludeFilter'
10:38:43,667 DEBUG org.springframework.beans.factory.support.DefaultListableBeanFactory:254 - Returning cached instance of singleton bean 'org.springframework.boot.test.context.filter.TestTypeExcludeFilter'
10:38:43,668 DEBUG org.springframework.beans.factory.support.DefaultListableBeanFactory:254 - Returning cached instance of singleton bean 'org.springframework.boot.test.autoconfigure.filter.TypeExcludeFilters'
10:38:43,668 DEBUG org.springframework.beans.factory.support.DefaultListableBeanFactory:254 - Returning cached instance of singleton bean 'org.springframework.boot.test.autoconfigure.filter.TypeExcludeFilters'
10:38:43,670 TRACE org.springframework.context.annotation.ClassPathBeanDefinitionScanner:449 - Ignored because not matching any filter: file [E:\java\repos\JavaTutorAPI\javatutor\target\test-classes\pro\abacus\javatutor\repository\AuthorityRepositoryTest.class]
10:38:43,670 TRACE org.springframework.context.annotation.ClassPathBeanDefinitionScanner:449 - Ignored because not matching any filter: file [E:\java\repos\JavaTutorAPI\javatutor\target\test-classes\pro\abacus\javatutor\repository\AuthorityRepositoryTest.class]
10:38:43,670 TRACE org.springframework.context.annotation.ClassPathBeanDefinitionScanner:426 - Scanning file [E:\java\repos\JavaTutorAPI\javatutor\target\test-classes\pro\abacus\javatutor\repository\JavaQuestionRepositoryTest.class]
10:38:43,670 TRACE org.springframework.context.annotation.ClassPathBeanDefinitionScanner:426 - Scanning file [E:\java\repos\JavaTutorAPI\javatutor\target\test-classes\pro\abacus\javatutor\repository\JavaQuestionRepositoryTest.class]
10:38:43,678 DEBUG org.springframework.beans.factory.support.DefaultListableBeanFactory:254 - Returning cached instance of singleton bean 'org.springframework.boot.test.context.filter.TestTypeExcludeFilter'
10:38:43,678 DEBUG org.springframework.beans.factory.support.DefaultListableBeanFactory:254 - Returning cached instance of singleton bean 'org.springframework.boot.test.context.filter.TestTypeExcludeFilter'
10:38:43,680 DEBUG org.springframework.beans.factory.support.DefaultListableBeanFactory:254 - Returning cached instance of singleton bean 'org.springframework.boot.test.autoconfigure.filter.TypeExcludeFilters'
10:38:43,680 DEBUG org.springframework.beans.factory.support.DefaultListableBeanFactory:254 - Returning cached instance of singleton bean 'org.springframework.boot.test.autoconfigure.filter.TypeExcludeFilters'
10:38:43,681 TRACE org.springframework.context.annotation.ClassPathBeanDefinitionScanner:449 - Ignored because not matching any filter: file [E:\java\repos\JavaTutorAPI\javatutor\target\test-classes\pro\abacus\javatutor\repository\JavaQuestionRepositoryTest.class]
10:38:43,681 TRACE org.springframework.context.annotation.ClassPathBeanDefinitionScanner:449 - Ignored because not matching any filter: file [E:\java\repos\JavaTutorAPI\javatutor\target\test-classes\pro\abacus\javatutor\repository\JavaQuestionRepositoryTest.class]
10:38:43,683 TRACE org.springframework.context.annotation.ClassPathBeanDefinitionScanner:426 - Scanning file [E:\java\repos\JavaTutorAPI\javatutor\target\test-classes\pro\abacus\javatutor\repository\UserRepositoryTest.class]
10:38:43,683 TRACE org.springframework.context.annotation.ClassPathBeanDefinitionScanner:426 - Scanning file [E:\java\repos\JavaTutorAPI\javatutor\target\test-classes\pro\abacus\javatutor\repository\UserRepositoryTest.class]
10:38:43,686 DEBUG org.springframework.beans.factory.support.DefaultListableBeanFactory:254 - Returning cached instance of singleton bean 'org.springframework.boot.test.context.filter.TestTypeExcludeFilter'
10:38:43,686 DEBUG org.springframework.beans.factory.support.DefaultListableBeanFactory:254 - Returning cached instance of singleton bean 'org.springframework.boot.test.context.filter.TestTypeExcludeFilter'
10:38:43,687 DEBUG org.springframework.beans.factory.support.DefaultListableBeanFactory:254 - Returning cached instance of singleton bean 'org.springframework.boot.test.autoconfigure.filter.TypeExcludeFilters'
10:38:43,687 DEBUG org.springframework.beans.factory.support.DefaultListableBeanFactory:254 - Returning cached instance of singleton bean 'org.springframework.boot.test.autoconfigure.filter.TypeExcludeFilters'
10:38:43,695 TRACE org.springframework.context.annotation.ClassPathBeanDefinitionScanner:449 - Ignored because not matching any filter: file [E:\java\repos\JavaTutorAPI\javatutor\target\test-classes\pro\abacus\javatutor\repository\UserRepositoryTest.class]
10:38:43,695 TRACE org.springframework.context.annotation.ClassPathBeanDefinitionScanner:449 - Ignored because not matching any filter: file [E:\java\repos\JavaTutorAPI\javatutor\target\test-classes\pro\abacus\javatutor\repository\UserRepositoryTest.class]
10:38:43,696 TRACE org.springframework.context.annotation.ClassPathBeanDefinitionScanner:426 - Scanning file [E:\java\repos\JavaTutorAPI\javatutor\target\test-classes\pro\abacus\javatutor\security\UserDetailsServiceImplTest.class]
10:38:43,696 TRACE org.springframework.context.annotation.ClassPathBeanDefinitionScanner:426 - Scanning file [E:\java\repos\JavaTutorAPI\javatutor\target\test-classes\pro\abacus\javatutor\security\UserDetailsServiceImplTest.class]
10:38:43,700 DEBUG org.springframework.beans.factory.support.DefaultListableBeanFactory:254 - Returning cached instance of singleton bean 'org.springframework.boot.test.context.filter.TestTypeExcludeFilter'
10:38:43,700 DEBUG org.springframework.beans.factory.support.DefaultListableBeanFactory:254 - Returning cached instance of singleton bean 'org.springframework.boot.test.context.filter.TestTypeExcludeFilter'
10:38:43,701 DEBUG org.springframework.beans.factory.support.DefaultListableBeanFactory:254 - Returning cached instance of singleton bean 'org.springframework.boot.test.autoconfigure.filter.TypeExcludeFilters'
10:38:43,701 DEBUG org.springframework.beans.factory.support.DefaultListableBeanFactory:254 - Returning cached instance of singleton bean 'org.springframework.boot.test.autoconfigure.filter.TypeExcludeFilters'
10:38:43,703 TRACE org.springframework.context.annotation.ClassPathBeanDefinitionScanner:449 - Ignored because not matching any filter: file [E:\java\repos\JavaTutorAPI\javatutor\target\test-classes\pro\abacus\javatutor\security\UserDetailsServiceImplTest.class]
10:38:43,703 TRACE org.springframework.context.annotation.ClassPathBeanDefinitionScanner:449 - Ignored because not matching any filter: file [E:\java\repos\JavaTutorAPI\javatutor\target\test-classes\pro\abacus\javatutor\security\UserDetailsServiceImplTest.class]
10:38:43,704 TRACE org.springframework.context.annotation.ClassPathBeanDefinitionScanner:426 - Scanning file [E:\java\repos\JavaTutorAPI\javatutor\target\test-classes\pro\abacus\javatutor\SecurityIntegrationTest.class]
10:38:43,704 TRACE org.springframework.context.annotation.ClassPathBeanDefinitionScanner:426 - Scanning file [E:\java\repos\JavaTutorAPI\javatutor\target\test-classes\pro\abacus\javatutor\SecurityIntegrationTest.class]
10:38:43,714 DEBUG org.springframework.beans.factory.support.DefaultListableBeanFactory:254 - Returning cached instance of singleton bean 'org.springframework.boot.test.context.filter.TestTypeExcludeFilter'
10:38:43,714 DEBUG org.springframework.beans.factory.support.DefaultListableBeanFactory:254 - Returning cached instance of singleton bean 'org.springframework.boot.test.context.filter.TestTypeExcludeFilter'
10:38:43,728 DEBUG org.springframework.beans.factory.support.DefaultListableBeanFactory:254 - Returning cached instance of singleton bean 'org.springframework.boot.test.autoconfigure.filter.TypeExcludeFilters'
10:38:43,728 DEBUG org.springframework.beans.factory.support.DefaultListableBeanFactory:254 - Returning cached instance of singleton bean 'org.springframework.boot.test.autoconfigure.filter.TypeExcludeFilters'
10:38:43,731 TRACE org.springframework.context.annotation.ClassPathBeanDefinitionScanner:449 - Ignored because not matching any filter: file [E:\java\repos\JavaTutorAPI\javatutor\target\test-classes\pro\abacus\javatutor\SecurityIntegrationTest.class]
10:38:43,731 TRACE org.springframework.context.annotation.ClassPathBeanDefinitionScanner:449 - Ignored because not matching any filter: file [E:\java\repos\JavaTutorAPI\javatutor\target\test-classes\pro\abacus\javatutor\SecurityIntegrationTest.class]
10:38:43,732 TRACE org.springframework.context.annotation.ClassPathBeanDefinitionScanner:426 - Scanning file [E:\java\repos\JavaTutorAPI\javatutor\target\test-classes\pro\abacus\javatutor\service\JavaQuestionsServiceImplTest.class]
10:38:43,732 TRACE org.springframework.context.annotation.ClassPathBeanDefinitionScanner:426 - Scanning file [E:\java\repos\JavaTutorAPI\javatutor\target\test-classes\pro\abacus\javatutor\service\JavaQuestionsServiceImplTest.class]
10:38:43,736 DEBUG org.springframework.beans.factory.support.DefaultListableBeanFactory:254 - Returning cached instance of singleton bean 'org.springframework.boot.test.context.filter.TestTypeExcludeFilter'
10:38:43,736 DEBUG org.springframework.beans.factory.support.DefaultListableBeanFactory:254 - Returning cached instance of singleton bean 'org.springframework.boot.test.context.filter.TestTypeExcludeFilter'
10:38:43,737 DEBUG org.springframework.beans.factory.support.DefaultListableBeanFactory:254 - Returning cached instance of singleton bean 'org.springframework.boot.test.autoconfigure.filter.TypeExcludeFilters'
10:38:43,737 DEBUG org.springframework.beans.factory.support.DefaultListableBeanFactory:254 - Returning cached instance of singleton bean 'org.springframework.boot.test.autoconfigure.filter.TypeExcludeFilters'
10:38:43,745 TRACE org.springframework.context.annotation.ClassPathBeanDefinitionScanner:449 - Ignored because not matching any filter: file [E:\java\repos\JavaTutorAPI\javatutor\target\test-classes\pro\abacus\javatutor\service\JavaQuestionsServiceImplTest.class]
10:38:43,745 TRACE org.springframework.context.annotation.ClassPathBeanDefinitionScanner:449 - Ignored because not matching any filter: file [E:\java\repos\JavaTutorAPI\javatutor\target\test-classes\pro\abacus\javatutor\service\JavaQuestionsServiceImplTest.class]
10:38:43,746 TRACE org.springframework.context.annotation.ClassPathBeanDefinitionScanner:426 - Scanning file [E:\java\repos\JavaTutorAPI\javatutor\target\test-classes\pro\abacus\javatutor\service\UserServiceImplTest.class]
10:38:43,746 TRACE org.springframework.context.annotation.ClassPathBeanDefinitionScanner:426 - Scanning file [E:\java\repos\JavaTutorAPI\javatutor\target\test-classes\pro\abacus\javatutor\service\UserServiceImplTest.class]
10:38:43,750 DEBUG org.springframework.beans.factory.support.DefaultListableBeanFactory:254 - Returning cached instance of singleton bean 'org.springframework.boot.test.context.filter.TestTypeExcludeFilter'
10:38:43,750 DEBUG org.springframework.beans.factory.support.DefaultListableBeanFactory:254 - Returning cached instance of singleton bean 'org.springframework.boot.test.context.filter.TestTypeExcludeFilter'
10:38:43,751 DEBUG org.springframework.beans.factory.support.DefaultListableBeanFactory:254 - Returning cached instance of singleton bean 'org.springframework.boot.test.autoconfigure.filter.TypeExcludeFilters'
10:38:43,751 DEBUG org.springframework.beans.factory.support.DefaultListableBeanFactory:254 - Returning cached instance of singleton bean 'org.springframework.boot.test.autoconfigure.filter.TypeExcludeFilters'
10:38:43,754 TRACE org.springframework.context.annotation.ClassPathBeanDefinitionScanner:449 - Ignored because not matching any filter: file [E:\java\repos\JavaTutorAPI\javatutor\target\test-classes\pro\abacus\javatutor\service\UserServiceImplTest.class]
10:38:43,754 TRACE org.springframework.context.annotation.ClassPathBeanDefinitionScanner:449 - Ignored because not matching any filter: file [E:\java\repos\JavaTutorAPI\javatutor\target\test-classes\pro\abacus\javatutor\service\UserServiceImplTest.class]
10:38:43,757 TRACE org.springframework.context.annotation.ClassPathBeanDefinitionScanner:426 - Scanning file [E:\java\repos\JavaTutorAPI\javatutor\target\classes\pro\abacus\javatutor\controller\QuestionRestController.class]
10:38:43,757 TRACE org.springframework.context.annotation.ClassPathBeanDefinitionScanner:426 - Scanning file [E:\java\repos\JavaTutorAPI\javatutor\target\classes\pro\abacus\javatutor\controller\QuestionRestController.class]
10:38:43,764 DEBUG org.springframework.beans.factory.support.DefaultListableBeanFactory:254 - Returning cached instance of singleton bean 'org.springframework.boot.test.context.filter.TestTypeExcludeFilter'
10:38:43,764 DEBUG org.springframework.beans.factory.support.DefaultListableBeanFactory:254 - Returning cached instance of singleton bean 'org.springframework.boot.test.context.filter.TestTypeExcludeFilter'
10:38:43,765 DEBUG org.springframework.beans.factory.support.DefaultListableBeanFactory:254 - Returning cached instance of singleton bean 'org.springframework.boot.test.autoconfigure.filter.TypeExcludeFilters'
10:38:43,765 DEBUG org.springframework.beans.factory.support.DefaultListableBeanFactory:254 - Returning cached instance of singleton bean 'org.springframework.boot.test.autoconfigure.filter.TypeExcludeFilters'
10:38:43,766 TRACE org.springframework.context.annotation.ClassPathBeanDefinitionScanner:449 - Ignored because not matching any filter: file [E:\java\repos\JavaTutorAPI\javatutor\target\classes\pro\abacus\javatutor\controller\QuestionRestController.class]
10:38:43,766 TRACE org.springframework.context.annotation.ClassPathBeanDefinitionScanner:449 - Ignored because not matching any filter: file [E:\java\repos\JavaTutorAPI\javatutor\target\classes\pro\abacus\javatutor\controller\QuestionRestController.class]
10:38:43,766 TRACE org.springframework.context.annotation.ClassPathBeanDefinitionScanner:426 - Scanning file [E:\java\repos\JavaTutorAPI\javatutor\target\classes\pro\abacus\javatutor\controller\RegistrationController.class]
10:38:43,766 TRACE org.springframework.context.annotation.ClassPathBeanDefinitionScanner:426 - Scanning file [E:\java\repos\JavaTutorAPI\javatutor\target\classes\pro\abacus\javatutor\controller\RegistrationController.class]
10:38:43,776 DEBUG org.springframework.beans.factory.support.DefaultListableBeanFactory:254 - Returning cached instance of singleton bean 'org.springframework.boot.test.context.filter.TestTypeExcludeFilter'
10:38:43,776 DEBUG org.springframework.beans.factory.support.DefaultListableBeanFactory:254 - Returning cached instance of singleton bean 'org.springframework.boot.test.context.filter.TestTypeExcludeFilter'
10:38:43,779 DEBUG org.springframework.beans.factory.support.DefaultListableBeanFactory:254 - Returning cached instance of singleton bean 'org.springframework.boot.test.autoconfigure.filter.TypeExcludeFilters'
10:38:43,779 DEBUG org.springframework.beans.factory.support.DefaultListableBeanFactory:254 - Returning cached instance of singleton bean 'org.springframework.boot.test.autoconfigure.filter.TypeExcludeFilters'
10:38:43,781 TRACE org.springframework.context.annotation.ClassPathBeanDefinitionScanner:449 - Ignored because not matching any filter: file [E:\java\repos\JavaTutorAPI\javatutor\target\classes\pro\abacus\javatutor\controller\RegistrationController.class]
10:38:43,781 TRACE org.springframework.context.annotation.ClassPathBeanDefinitionScanner:449 - Ignored because not matching any filter: file [E:\java\repos\JavaTutorAPI\javatutor\target\classes\pro\abacus\javatutor\controller\RegistrationController.class]
10:38:43,782 TRACE org.springframework.context.annotation.ClassPathBeanDefinitionScanner:426 - Scanning file [E:\java\repos\JavaTutorAPI\javatutor\target\classes\pro\abacus\javatutor\DatabaseConfiguration.class]
10:38:43,782 TRACE org.springframework.context.annotation.ClassPathBeanDefinitionScanner:426 - Scanning file [E:\java\repos\JavaTutorAPI\javatutor\target\classes\pro\abacus\javatutor\DatabaseConfiguration.class]
10:38:43,796 DEBUG org.springframework.beans.factory.support.DefaultListableBeanFactory:254 - Returning cached instance of singleton bean 'org.springframework.boot.test.context.filter.TestTypeExcludeFilter'
10:38:43,796 DEBUG org.springframework.beans.factory.support.DefaultListableBeanFactory:254 - Returning cached instance of singleton bean 'org.springframework.boot.test.context.filter.TestTypeExcludeFilter'
10:38:43,797 DEBUG org.springframework.beans.factory.support.DefaultListableBeanFactory:254 - Returning cached instance of singleton bean 'org.springframework.boot.test.autoconfigure.filter.TypeExcludeFilters'
10:38:43,797 DEBUG org.springframework.beans.factory.support.DefaultListableBeanFactory:254 - Returning cached instance of singleton bean 'org.springframework.boot.test.autoconfigure.filter.TypeExcludeFilters'
10:38:43,798 TRACE org.springframework.context.annotation.ClassPathBeanDefinitionScanner:449 - Ignored because not matching any filter: file [E:\java\repos\JavaTutorAPI\javatutor\target\classes\pro\abacus\javatutor\DatabaseConfiguration.class]
10:38:43,798 TRACE org.springframework.context.annotation.ClassPathBeanDefinitionScanner:449 - Ignored because not matching any filter: file [E:\java\repos\JavaTutorAPI\javatutor\target\classes\pro\abacus\javatutor\DatabaseConfiguration.class]
10:38:43,799 TRACE org.springframework.context.annotation.ClassPathBeanDefinitionScanner:426 - Scanning file [E:\java\repos\JavaTutorAPI\javatutor\target\classes\pro\abacus\javatutor\domain\Authority.class]
10:38:43,799 TRACE org.springframework.context.annotation.ClassPathBeanDefinitionScanner:426 - Scanning file [E:\java\repos\JavaTutorAPI\javatutor\target\classes\pro\abacus\javatutor\domain\Authority.class]
10:38:43,803 DEBUG org.springframework.beans.factory.support.DefaultListableBeanFactory:254 - Returning cached instance of singleton bean 'org.springframework.boot.test.context.filter.TestTypeExcludeFilter'
10:38:43,803 DEBUG org.springframework.beans.factory.support.DefaultListableBeanFactory:254 - Returning cached instance of singleton bean 'org.springframework.boot.test.context.filter.TestTypeExcludeFilter'
10:38:43,803 DEBUG org.springframework.beans.factory.support.DefaultListableBeanFactory:254 - Returning cached instance of singleton bean 'org.springframework.boot.test.autoconfigure.filter.TypeExcludeFilters'
10:38:43,803 DEBUG org.springframework.beans.factory.support.DefaultListableBeanFactory:254 - Returning cached instance of singleton bean 'org.springframework.boot.test.autoconfigure.filter.TypeExcludeFilters'
10:38:43,805 TRACE org.springframework.context.annotation.ClassPathBeanDefinitionScanner:449 - Ignored because not matching any filter: file [E:\java\repos\JavaTutorAPI\javatutor\target\classes\pro\abacus\javatutor\domain\Authority.class]
10:38:43,805 TRACE org.springframework.context.annotation.ClassPathBeanDefinitionScanner:449 - Ignored because not matching any filter: file [E:\java\repos\JavaTutorAPI\javatutor\target\classes\pro\abacus\javatutor\domain\Authority.class]
10:38:43,812 TRACE org.springframework.context.annotation.ClassPathBeanDefinitionScanner:426 - Scanning file [E:\java\repos\JavaTutorAPI\javatutor\target\classes\pro\abacus\javatutor\domain\JavaQuestion.class]
10:38:43,812 TRACE org.springframework.context.annotation.ClassPathBeanDefinitionScanner:426 - Scanning file [E:\java\repos\JavaTutorAPI\javatutor\target\classes\pro\abacus\javatutor\domain\JavaQuestion.class]
10:38:43,814 DEBUG org.springframework.beans.factory.support.DefaultListableBeanFactory:254 - Returning cached instance of singleton bean 'org.springframework.boot.test.context.filter.TestTypeExcludeFilter'
10:38:43,814 DEBUG org.springframework.beans.factory.support.DefaultListableBeanFactory:254 - Returning cached instance of singleton bean 'org.springframework.boot.test.context.filter.TestTypeExcludeFilter'
10:38:43,816 DEBUG org.springframework.beans.factory.support.DefaultListableBeanFactory:254 - Returning cached instance of singleton bean 'org.springframework.boot.test.autoconfigure.filter.TypeExcludeFilters'
10:38:43,816 DEBUG org.springframework.beans.factory.support.DefaultListableBeanFactory:254 - Returning cached instance of singleton bean 'org.springframework.boot.test.autoconfigure.filter.TypeExcludeFilters'
10:38:43,828 TRACE org.springframework.context.annotation.ClassPathBeanDefinitionScanner:449 - Ignored because not matching any filter: file [E:\java\repos\JavaTutorAPI\javatutor\target\classes\pro\abacus\javatutor\domain\JavaQuestion.class]
10:38:43,828 TRACE org.springframework.context.annotation.ClassPathBeanDefinitionScanner:449 - Ignored because not matching any filter: file [E:\java\repos\JavaTutorAPI\javatutor\target\classes\pro\abacus\javatutor\domain\JavaQuestion.class]
10:38:43,830 TRACE org.springframework.context.annotation.ClassPathBeanDefinitionScanner:426 - Scanning file [E:\java\repos\JavaTutorAPI\javatutor\target\classes\pro\abacus\javatutor\domain\User.class]
10:38:43,830 TRACE org.springframework.context.annotation.ClassPathBeanDefinitionScanner:426 - Scanning file [E:\java\repos\JavaTutorAPI\javatutor\target\classes\pro\abacus\javatutor\domain\User.class]
10:38:43,833 DEBUG org.springframework.beans.factory.support.DefaultListableBeanFactory:254 - Returning cached instance of singleton bean 'org.springframework.boot.test.context.filter.TestTypeExcludeFilter'
10:38:43,833 DEBUG org.springframework.beans.factory.support.DefaultListableBeanFactory:254 - Returning cached instance of singleton bean 'org.springframework.boot.test.context.filter.TestTypeExcludeFilter'
10:38:43,834 DEBUG org.springframework.beans.factory.support.DefaultListableBeanFactory:254 - Returning cached instance of singleton bean 'org.springframework.boot.test.autoconfigure.filter.TypeExcludeFilters'
10:38:43,834 DEBUG org.springframework.beans.factory.support.DefaultListableBeanFactory:254 - Returning cached instance of singleton bean 'org.springframework.boot.test.autoconfigure.filter.TypeExcludeFilters'
10:38:43,835 TRACE org.springframework.context.annotation.ClassPathBeanDefinitionScanner:449 - Ignored because not matching any filter: file [E:\java\repos\JavaTutorAPI\javatutor\target\classes\pro\abacus\javatutor\domain\User.class]
10:38:43,835 TRACE org.springframework.context.annotation.ClassPathBeanDefinitionScanner:449 - Ignored because not matching any filter: file [E:\java\repos\JavaTutorAPI\javatutor\target\classes\pro\abacus\javatutor\domain\User.class]
10:38:43,836 TRACE org.springframework.context.annotation.ClassPathBeanDefinitionScanner:426 - Scanning file [E:\java\repos\JavaTutorAPI\javatutor\target\classes\pro\abacus\javatutor\JavaTutorApplication.class]
10:38:43,836 TRACE org.springframework.context.annotation.ClassPathBeanDefinitionScanner:426 - Scanning file [E:\java\repos\JavaTutorAPI\javatutor\target\classes\pro\abacus\javatutor\JavaTutorApplication.class]
10:38:43,860 TRACE org.springframework.context.annotation.ClassPathBeanDefinitionScanner:449 - Ignored because not matching any filter: file [E:\java\repos\JavaTutorAPI\javatutor\target\classes\pro\abacus\javatutor\JavaTutorApplication.class]
10:38:43,860 TRACE org.springframework.context.annotation.ClassPathBeanDefinitionScanner:449 - Ignored because not matching any filter: file [E:\java\repos\JavaTutorAPI\javatutor\target\classes\pro\abacus\javatutor\JavaTutorApplication.class]
10:38:43,862 TRACE org.springframework.context.annotation.ClassPathBeanDefinitionScanner:426 - Scanning file [E:\java\repos\JavaTutorAPI\javatutor\target\classes\pro\abacus\javatutor\repository\AuthorityRepository.class]
10:38:43,862 TRACE org.springframework.context.annotation.ClassPathBeanDefinitionScanner:426 - Scanning file [E:\java\repos\JavaTutorAPI\javatutor\target\classes\pro\abacus\javatutor\repository\AuthorityRepository.class]
10:38:43,864 DEBUG org.springframework.beans.factory.support.DefaultListableBeanFactory:254 - Returning cached instance of singleton bean 'org.springframework.boot.test.context.filter.TestTypeExcludeFilter'
10:38:43,864 DEBUG org.springframework.beans.factory.support.DefaultListableBeanFactory:254 - Returning cached instance of singleton bean 'org.springframework.boot.test.context.filter.TestTypeExcludeFilter'
10:38:43,865 DEBUG org.springframework.beans.factory.support.DefaultListableBeanFactory:254 - Returning cached instance of singleton bean 'org.springframework.boot.test.autoconfigure.filter.TypeExcludeFilters'
10:38:43,865 DEBUG org.springframework.beans.factory.support.DefaultListableBeanFactory:254 - Returning cached instance of singleton bean 'org.springframework.boot.test.autoconfigure.filter.TypeExcludeFilters'
10:38:43,866 TRACE org.springframework.context.annotation.ClassPathBeanDefinitionScanner:449 - Ignored because not matching any filter: file [E:\java\repos\JavaTutorAPI\javatutor\target\classes\pro\abacus\javatutor\repository\AuthorityRepository.class]
10:38:43,866 TRACE org.springframework.context.annotation.ClassPathBeanDefinitionScanner:449 - Ignored because not matching any filter: file [E:\java\repos\JavaTutorAPI\javatutor\target\classes\pro\abacus\javatutor\repository\AuthorityRepository.class]
10:38:43,867 TRACE org.springframework.context.annotation.ClassPathBeanDefinitionScanner:426 - Scanning file [E:\java\repos\JavaTutorAPI\javatutor\target\classes\pro\abacus\javatutor\repository\JavaQuestionRepository.class]
10:38:43,867 TRACE org.springframework.context.annotation.ClassPathBeanDefinitionScanner:426 - Scanning file [E:\java\repos\JavaTutorAPI\javatutor\target\classes\pro\abacus\javatutor\repository\JavaQuestionRepository.class]
10:38:43,870 DEBUG org.springframework.beans.factory.support.DefaultListableBeanFactory:254 - Returning cached instance of singleton bean 'org.springframework.boot.test.context.filter.TestTypeExcludeFilter'
10:38:43,870 DEBUG org.springframework.beans.factory.support.DefaultListableBeanFactory:254 - Returning cached instance of singleton bean 'org.springframework.boot.test.context.filter.TestTypeExcludeFilter'
10:38:43,873 DEBUG org.springframework.beans.factory.support.DefaultListableBeanFactory:254 - Returning cached instance of singleton bean 'org.springframework.boot.test.autoconfigure.filter.TypeExcludeFilters'
10:38:43,873 DEBUG org.springframework.beans.factory.support.DefaultListableBeanFactory:254 - Returning cached instance of singleton bean 'org.springframework.boot.test.autoconfigure.filter.TypeExcludeFilters'
10:38:43,875 TRACE org.springframework.context.annotation.ClassPathBeanDefinitionScanner:449 - Ignored because not matching any filter: file [E:\java\repos\JavaTutorAPI\javatutor\target\classes\pro\abacus\javatutor\repository\JavaQuestionRepository.class]
10:38:43,875 TRACE org.springframework.context.annotation.ClassPathBeanDefinitionScanner:449 - Ignored because not matching any filter: file [E:\java\repos\JavaTutorAPI\javatutor\target\classes\pro\abacus\javatutor\repository\JavaQuestionRepository.class]
10:38:43,877 TRACE org.springframework.context.annotation.ClassPathBeanDefinitionScanner:426 - Scanning file [E:\java\repos\JavaTutorAPI\javatutor\target\classes\pro\abacus\javatutor\repository\UserRepository.class]
10:38:43,877 TRACE org.springframework.context.annotation.ClassPathBeanDefinitionScanner:426 - Scanning file [E:\java\repos\JavaTutorAPI\javatutor\target\classes\pro\abacus\javatutor\repository\UserRepository.class]
10:38:43,880 DEBUG org.springframework.beans.factory.support.DefaultListableBeanFactory:254 - Returning cached instance of singleton bean 'org.springframework.boot.test.context.filter.TestTypeExcludeFilter'
10:38:43,880 DEBUG org.springframework.beans.factory.support.DefaultListableBeanFactory:254 - Returning cached instance of singleton bean 'org.springframework.boot.test.context.filter.TestTypeExcludeFilter'
10:38:43,881 DEBUG org.springframework.beans.factory.support.DefaultListableBeanFactory:254 - Returning cached instance of singleton bean 'org.springframework.boot.test.autoconfigure.filter.TypeExcludeFilters'
10:38:43,881 DEBUG org.springframework.beans.factory.support.DefaultListableBeanFactory:254 - Returning cached instance of singleton bean 'org.springframework.boot.test.autoconfigure.filter.TypeExcludeFilters'
10:38:43,882 TRACE org.springframework.context.annotation.ClassPathBeanDefinitionScanner:449 - Ignored because not matching any filter: file [E:\java\repos\JavaTutorAPI\javatutor\target\classes\pro\abacus\javatutor\repository\UserRepository.class]
10:38:43,882 TRACE org.springframework.context.annotation.ClassPathBeanDefinitionScanner:449 - Ignored because not matching any filter: file [E:\java\repos\JavaTutorAPI\javatutor\target\classes\pro\abacus\javatutor\repository\UserRepository.class]
10:38:43,883 TRACE org.springframework.context.annotation.ClassPathBeanDefinitionScanner:426 - Scanning file [E:\java\repos\JavaTutorAPI\javatutor\target\classes\pro\abacus\javatutor\security\AuthFailureHandler.class]
10:38:43,883 TRACE org.springframework.context.annotation.ClassPathBeanDefinitionScanner:426 - Scanning file [E:\java\repos\JavaTutorAPI\javatutor\target\classes\pro\abacus\javatutor\security\AuthFailureHandler.class]
10:38:43,885 DEBUG org.springframework.beans.factory.support.DefaultListableBeanFactory:254 - Returning cached instance of singleton bean 'org.springframework.boot.test.context.filter.TestTypeExcludeFilter'
10:38:43,885 DEBUG org.springframework.beans.factory.support.DefaultListableBeanFactory:254 - Returning cached instance of singleton bean 'org.springframework.boot.test.context.filter.TestTypeExcludeFilter'
10:38:43,886 DEBUG org.springframework.beans.factory.support.DefaultListableBeanFactory:254 - Returning cached instance of singleton bean 'org.springframework.boot.test.autoconfigure.filter.TypeExcludeFilters'
10:38:43,886 DEBUG org.springframework.beans.factory.support.DefaultListableBeanFactory:254 - Returning cached instance of singleton bean 'org.springframework.boot.test.autoconfigure.filter.TypeExcludeFilters'
10:38:43,887 TRACE org.springframework.context.annotation.ClassPathBeanDefinitionScanner:449 - Ignored because not matching any filter: file [E:\java\repos\JavaTutorAPI\javatutor\target\classes\pro\abacus\javatutor\security\AuthFailureHandler.class]
10:38:43,887 TRACE org.springframework.context.annotation.ClassPathBeanDefinitionScanner:449 - Ignored because not matching any filter: file [E:\java\repos\JavaTutorAPI\javatutor\target\classes\pro\abacus\javatutor\security\AuthFailureHandler.class]
10:38:43,888 TRACE org.springframework.context.annotation.ClassPathBeanDefinitionScanner:426 - Scanning file [E:\java\repos\JavaTutorAPI\javatutor\target\classes\pro\abacus\javatutor\security\AuthSuccessHandler.class]
10:38:43,888 TRACE org.springframework.context.annotation.ClassPathBeanDefinitionScanner:426 - Scanning file [E:\java\repos\JavaTutorAPI\javatutor\target\classes\pro\abacus\javatutor\security\AuthSuccessHandler.class]
10:38:43,894 DEBUG org.springframework.beans.factory.support.DefaultListableBeanFactory:254 - Returning cached instance of singleton bean 'org.springframework.boot.test.context.filter.TestTypeExcludeFilter'
10:38:43,894 DEBUG org.springframework.beans.factory.support.DefaultListableBeanFactory:254 - Returning cached instance of singleton bean 'org.springframework.boot.test.context.filter.TestTypeExcludeFilter'
10:38:43,897 DEBUG org.springframework.beans.factory.support.DefaultListableBeanFactory:254 - Returning cached instance of singleton bean 'org.springframework.boot.test.autoconfigure.filter.TypeExcludeFilters'
10:38:43,897 DEBUG org.springframework.beans.factory.support.DefaultListableBeanFactory:254 - Returning cached instance of singleton bean 'org.springframework.boot.test.autoconfigure.filter.TypeExcludeFilters'
10:38:43,900 TRACE org.springframework.context.annotation.ClassPathBeanDefinitionScanner:449 - Ignored because not matching any filter: file [E:\java\repos\JavaTutorAPI\javatutor\target\classes\pro\abacus\javatutor\security\AuthSuccessHandler.class]
10:38:43,900 TRACE org.springframework.context.annotation.ClassPathBeanDefinitionScanner:449 - Ignored because not matching any filter: file [E:\java\repos\JavaTutorAPI\javatutor\target\classes\pro\abacus\javatutor\security\AuthSuccessHandler.class]
10:38:43,901 TRACE org.springframework.context.annotation.ClassPathBeanDefinitionScanner:426 - Scanning file [E:\java\repos\JavaTutorAPI\javatutor\target\classes\pro\abacus\javatutor\security\LogoutSuccessHandlerImpl.class]
10:38:43,901 TRACE org.springframework.context.annotation.ClassPathBeanDefinitionScanner:426 - Scanning file [E:\java\repos\JavaTutorAPI\javatutor\target\classes\pro\abacus\javatutor\security\LogoutSuccessHandlerImpl.class]
10:38:43,903 DEBUG org.springframework.beans.factory.support.DefaultListableBeanFactory:254 - Returning cached instance of singleton bean 'org.springframework.boot.test.context.filter.TestTypeExcludeFilter'
10:38:43,903 DEBUG org.springframework.beans.factory.support.DefaultListableBeanFactory:254 - Returning cached instance of singleton bean 'org.springframework.boot.test.context.filter.TestTypeExcludeFilter'
10:38:43,904 DEBUG org.springframework.beans.factory.support.DefaultListableBeanFactory:254 - Returning cached instance of singleton bean 'org.springframework.boot.test.autoconfigure.filter.TypeExcludeFilters'
10:38:43,904 DEBUG org.springframework.beans.factory.support.DefaultListableBeanFactory:254 - Returning cached instance of singleton bean 'org.springframework.boot.test.autoconfigure.filter.TypeExcludeFilters'
10:38:43,905 TRACE org.springframework.context.annotation.ClassPathBeanDefinitionScanner:449 - Ignored because not matching any filter: file [E:\java\repos\JavaTutorAPI\javatutor\target\classes\pro\abacus\javatutor\security\LogoutSuccessHandlerImpl.class]
10:38:43,905 TRACE org.springframework.context.annotation.ClassPathBeanDefinitionScanner:449 - Ignored because not matching any filter: file [E:\java\repos\JavaTutorAPI\javatutor\target\classes\pro\abacus\javatutor\security\LogoutSuccessHandlerImpl.class]
10:38:43,907 TRACE org.springframework.context.annotation.ClassPathBeanDefinitionScanner:426 - Scanning file [E:\java\repos\JavaTutorAPI\javatutor\target\classes\pro\abacus\javatutor\security\UserDetailsImpl.class]
10:38:43,907 TRACE org.springframework.context.annotation.ClassPathBeanDefinitionScanner:426 - Scanning file [E:\java\repos\JavaTutorAPI\javatutor\target\classes\pro\abacus\javatutor\security\UserDetailsImpl.class]
10:38:43,910 DEBUG org.springframework.beans.factory.support.DefaultListableBeanFactory:254 - Returning cached instance of singleton bean 'org.springframework.boot.test.context.filter.TestTypeExcludeFilter'
10:38:43,910 DEBUG org.springframework.beans.factory.support.DefaultListableBeanFactory:254 - Returning cached instance of singleton bean 'org.springframework.boot.test.context.filter.TestTypeExcludeFilter'
10:38:43,912 DEBUG org.springframework.beans.factory.support.DefaultListableBeanFactory:254 - Returning cached instance of singleton bean 'org.springframework.boot.test.autoconfigure.filter.TypeExcludeFilters'
10:38:43,912 DEBUG org.springframework.beans.factory.support.DefaultListableBeanFactory:254 - Returning cached instance of singleton bean 'org.springframework.boot.test.autoconfigure.filter.TypeExcludeFilters'
10:38:43,913 TRACE org.springframework.context.annotation.ClassPathBeanDefinitionScanner:449 - Ignored because not matching any filter: file [E:\java\repos\JavaTutorAPI\javatutor\target\classes\pro\abacus\javatutor\security\UserDetailsImpl.class]
10:38:43,913 TRACE org.springframework.context.annotation.ClassPathBeanDefinitionScanner:449 - Ignored because not matching any filter: file [E:\java\repos\JavaTutorAPI\javatutor\target\classes\pro\abacus\javatutor\security\UserDetailsImpl.class]
10:38:43,914 TRACE org.springframework.context.annotation.ClassPathBeanDefinitionScanner:426 - Scanning file [E:\java\repos\JavaTutorAPI\javatutor\target\classes\pro\abacus\javatutor\security\UserDetailsServiceImpl.class]
10:38:43,914 TRACE org.springframework.context.annotation.ClassPathBeanDefinitionScanner:426 - Scanning file [E:\java\repos\JavaTutorAPI\javatutor\target\classes\pro\abacus\javatutor\security\UserDetailsServiceImpl.class]
10:38:43,916 DEBUG org.springframework.beans.factory.support.DefaultListableBeanFactory:254 - Returning cached instance of singleton bean 'org.springframework.boot.test.context.filter.TestTypeExcludeFilter'
10:38:43,916 DEBUG org.springframework.beans.factory.support.DefaultListableBeanFactory:254 - Returning cached instance of singleton bean 'org.springframework.boot.test.context.filter.TestTypeExcludeFilter'
10:38:43,917 DEBUG org.springframework.beans.factory.support.DefaultListableBeanFactory:254 - Returning cached instance of singleton bean 'org.springframework.boot.test.autoconfigure.filter.TypeExcludeFilters'
10:38:43,917 DEBUG org.springframework.beans.factory.support.DefaultListableBeanFactory:254 - Returning cached instance of singleton bean 'org.springframework.boot.test.autoconfigure.filter.TypeExcludeFilters'
10:38:43,920 TRACE org.springframework.context.annotation.ClassPathBeanDefinitionScanner:449 - Ignored because not matching any filter: file [E:\java\repos\JavaTutorAPI\javatutor\target\classes\pro\abacus\javatutor\security\UserDetailsServiceImpl.class]
10:38:43,920 TRACE org.springframework.context.annotation.ClassPathBeanDefinitionScanner:449 - Ignored because not matching any filter: file [E:\java\repos\JavaTutorAPI\javatutor\target\classes\pro\abacus\javatutor\security\UserDetailsServiceImpl.class]
10:38:43,921 TRACE org.springframework.context.annotation.ClassPathBeanDefinitionScanner:426 - Scanning file [E:\java\repos\JavaTutorAPI\javatutor\target\classes\pro\abacus\javatutor\SecurityConfiguration.class]
10:38:43,921 TRACE org.springframework.context.annotation.ClassPathBeanDefinitionScanner:426 - Scanning file [E:\java\repos\JavaTutorAPI\javatutor\target\classes\pro\abacus\javatutor\SecurityConfiguration.class]
10:38:43,927 DEBUG org.springframework.beans.factory.support.DefaultListableBeanFactory:254 - Returning cached instance of singleton bean 'org.springframework.boot.test.context.filter.TestTypeExcludeFilter'
10:38:43,927 DEBUG org.springframework.beans.factory.support.DefaultListableBeanFactory:254 - Returning cached instance of singleton bean 'org.springframework.boot.test.context.filter.TestTypeExcludeFilter'
10:38:43,928 DEBUG org.springframework.beans.factory.support.DefaultListableBeanFactory:254 - Returning cached instance of singleton bean 'org.springframework.boot.test.autoconfigure.filter.TypeExcludeFilters'
10:38:43,928 DEBUG org.springframework.beans.factory.support.DefaultListableBeanFactory:254 - Returning cached instance of singleton bean 'org.springframework.boot.test.autoconfigure.filter.TypeExcludeFilters'
10:38:43,929 TRACE org.springframework.context.annotation.ClassPathBeanDefinitionScanner:449 - Ignored because not matching any filter: file [E:\java\repos\JavaTutorAPI\javatutor\target\classes\pro\abacus\javatutor\SecurityConfiguration.class]
10:38:43,929 TRACE org.springframework.context.annotation.ClassPathBeanDefinitionScanner:449 - Ignored because not matching any filter: file [E:\java\repos\JavaTutorAPI\javatutor\target\classes\pro\abacus\javatutor\SecurityConfiguration.class]
10:38:43,930 TRACE org.springframework.context.annotation.ClassPathBeanDefinitionScanner:426 - Scanning file [E:\java\repos\JavaTutorAPI\javatutor\target\classes\pro\abacus\javatutor\service\JavaQuestionsService.class]
10:38:43,930 TRACE org.springframework.context.annotation.ClassPathBeanDefinitionScanner:426 - Scanning file [E:\java\repos\JavaTutorAPI\javatutor\target\classes\pro\abacus\javatutor\service\JavaQuestionsService.class]
10:38:43,932 DEBUG org.springframework.beans.factory.support.DefaultListableBeanFactory:254 - Returning cached instance of singleton bean 'org.springframework.boot.test.context.filter.TestTypeExcludeFilter'
10:38:43,932 DEBUG org.springframework.beans.factory.support.DefaultListableBeanFactory:254 - Returning cached instance of singleton bean 'org.springframework.boot.test.context.filter.TestTypeExcludeFilter'
10:38:43,933 DEBUG org.springframework.beans.factory.support.DefaultListableBeanFactory:254 - Returning cached instance of singleton bean 'org.springframework.boot.test.autoconfigure.filter.TypeExcludeFilters'
10:38:43,933 DEBUG org.springframework.beans.factory.support.DefaultListableBeanFactory:254 - Returning cached instance of singleton bean 'org.springframework.boot.test.autoconfigure.filter.TypeExcludeFilters'
10:38:43,934 TRACE org.springframework.context.annotation.ClassPathBeanDefinitionScanner:449 - Ignored because not matching any filter: file [E:\java\repos\JavaTutorAPI\javatutor\target\classes\pro\abacus\javatutor\service\JavaQuestionsService.class]
10:38:43,934 TRACE org.springframework.context.annotation.ClassPathBeanDefinitionScanner:449 - Ignored because not matching any filter: file [E:\java\repos\JavaTutorAPI\javatutor\target\classes\pro\abacus\javatutor\service\JavaQuestionsService.class]
10:38:43,935 TRACE org.springframework.context.annotation.ClassPathBeanDefinitionScanner:426 - Scanning file [E:\java\repos\JavaTutorAPI\javatutor\target\classes\pro\abacus\javatutor\service\JavaQuestionsServiceImpl.class]
10:38:43,935 TRACE org.springframework.context.annotation.ClassPathBeanDefinitionScanner:426 - Scanning file [E:\java\repos\JavaTutorAPI\javatutor\target\classes\pro\abacus\javatutor\service\JavaQuestionsServiceImpl.class]
10:38:43,938 DEBUG org.springframework.beans.factory.support.DefaultListableBeanFactory:254 - Returning cached instance of singleton bean 'org.springframework.boot.test.context.filter.TestTypeExcludeFilter'
10:38:43,938 DEBUG org.springframework.beans.factory.support.DefaultListableBeanFactory:254 - Returning cached instance of singleton bean 'org.springframework.boot.test.context.filter.TestTypeExcludeFilter'
10:38:43,939 DEBUG org.springframework.beans.factory.support.DefaultListableBeanFactory:254 - Returning cached instance of singleton bean 'org.springframework.boot.test.autoconfigure.filter.TypeExcludeFilters'
10:38:43,939 DEBUG org.springframework.beans.factory.support.DefaultListableBeanFactory:254 - Returning cached instance of singleton bean 'org.springframework.boot.test.autoconfigure.filter.TypeExcludeFilters'
10:38:43,943 TRACE org.springframework.context.annotation.ClassPathBeanDefinitionScanner:449 - Ignored because not matching any filter: file [E:\java\repos\JavaTutorAPI\javatutor\target\classes\pro\abacus\javatutor\service\JavaQuestionsServiceImpl.class]
10:38:43,943 TRACE org.springframework.context.annotation.ClassPathBeanDefinitionScanner:449 - Ignored because not matching any filter: file [E:\java\repos\JavaTutorAPI\javatutor\target\classes\pro\abacus\javatutor\service\JavaQuestionsServiceImpl.class]
10:38:43,945 TRACE org.springframework.context.annotation.ClassPathBeanDefinitionScanner:426 - Scanning file [E:\java\repos\JavaTutorAPI\javatutor\target\classes\pro\abacus\javatutor\service\UserService.class]
10:38:43,945 TRACE org.springframework.context.annotation.ClassPathBeanDefinitionScanner:426 - Scanning file [E:\java\repos\JavaTutorAPI\javatutor\target\classes\pro\abacus\javatutor\service\UserService.class]
10:38:43,947 DEBUG org.springframework.beans.factory.support.DefaultListableBeanFactory:254 - Returning cached instance of singleton bean 'org.springframework.boot.test.context.filter.TestTypeExcludeFilter'
10:38:43,947 DEBUG org.springframework.beans.factory.support.DefaultListableBeanFactory:254 - Returning cached instance of singleton bean 'org.springframework.boot.test.context.filter.TestTypeExcludeFilter'
10:38:43,948 DEBUG org.springframework.beans.factory.support.DefaultListableBeanFactory:254 - Returning cached instance of singleton bean 'org.springframework.boot.test.autoconfigure.filter.TypeExcludeFilters'
10:38:43,948 DEBUG org.springframework.beans.factory.support.DefaultListableBeanFactory:254 - Returning cached instance of singleton bean 'org.springframework.boot.test.autoconfigure.filter.TypeExcludeFilters'
10:38:43,949 TRACE org.springframework.context.annotation.ClassPathBeanDefinitionScanner:449 - Ignored because not matching any filter: file [E:\java\repos\JavaTutorAPI\javatutor\target\classes\pro\abacus\javatutor\service\UserService.class]
10:38:43,949 TRACE org.springframework.context.annotation.ClassPathBeanDefinitionScanner:449 - Ignored because not matching any filter: file [E:\java\repos\JavaTutorAPI\javatutor\target\classes\pro\abacus\javatutor\service\UserService.class]
10:38:43,950 TRACE org.springframework.context.annotation.ClassPathBeanDefinitionScanner:426 - Scanning file [E:\java\repos\JavaTutorAPI\javatutor\target\classes\pro\abacus\javatutor\service\UserServiceImpl.class]
10:38:43,950 TRACE org.springframework.context.annotation.ClassPathBeanDefinitionScanner:426 - Scanning file [E:\java\repos\JavaTutorAPI\javatutor\target\classes\pro\abacus\javatutor\service\UserServiceImpl.class]
10:38:43,953 DEBUG org.springframework.beans.factory.support.DefaultListableBeanFactory:254 - Returning cached instance of singleton bean 'org.springframework.boot.test.context.filter.TestTypeExcludeFilter'
10:38:43,953 DEBUG org.springframework.beans.factory.support.DefaultListableBeanFactory:254 - Returning cached instance of singleton bean 'org.springframework.boot.test.context.filter.TestTypeExcludeFilter'
10:38:43,954 DEBUG org.springframework.beans.factory.support.DefaultListableBeanFactory:254 - Returning cached instance of singleton bean 'org.springframework.boot.test.autoconfigure.filter.TypeExcludeFilters'
10:38:43,954 DEBUG org.springframework.beans.factory.support.DefaultListableBeanFactory:254 - Returning cached instance of singleton bean 'org.springframework.boot.test.autoconfigure.filter.TypeExcludeFilters'
10:38:43,955 TRACE org.springframework.context.annotation.ClassPathBeanDefinitionScanner:449 - Ignored because not matching any filter: file [E:\java\repos\JavaTutorAPI\javatutor\target\classes\pro\abacus\javatutor\service\UserServiceImpl.class]
10:38:43,955 TRACE org.springframework.context.annotation.ClassPathBeanDefinitionScanner:449 - Ignored because not matching any filter: file [E:\java\repos\JavaTutorAPI\javatutor\target\classes\pro\abacus\javatutor\service\UserServiceImpl.class]
10:38:43,996 TRACE org.springframework.core.io.support.SpringFactoriesLoader:97 - Loaded [org.springframework.boot.autoconfigure.AutoConfigurationImportFilter] names: [org.springframework.boot.autoconfigure.condition.OnClassCondition]
10:38:43,996 TRACE org.springframework.core.io.support.SpringFactoriesLoader:97 - Loaded [org.springframework.boot.autoconfigure.AutoConfigurationImportFilter] names: [org.springframework.boot.autoconfigure.condition.OnClassCondition]
10:38:43,998 DEBUG org.springframework.beans.factory.support.DefaultListableBeanFactory:254 - Returning cached instance of singleton bean 'autoConfigurationReport'
10:38:43,998 DEBUG org.springframework.beans.factory.support.DefaultListableBeanFactory:254 - Returning cached instance of singleton bean 'autoConfigurationReport'
10:38:44,064 TRACE org.springframework.boot.autoconfigure.condition.OnClassCondition:92 - Condition OnClassCondition on org.springframework.boot.autoconfigure.data.mongo.MongoReactiveDataAutoConfiguration did not match due to @ConditionalOnClass did not find required class 'com.mongodb.reactivestreams.client.MongoClient'
10:38:44,064 TRACE org.springframework.boot.autoconfigure.condition.OnClassCondition:92 - Condition OnClassCondition on org.springframework.boot.autoconfigure.data.mongo.MongoReactiveDataAutoConfiguration did not match due to @ConditionalOnClass did not find required class 'com.mongodb.reactivestreams.client.MongoClient'
10:38:44,066 TRACE org.springframework.boot.autoconfigure.condition.OnClassCondition:92 - Condition OnClassCondition on org.springframework.boot.autoconfigure.data.mongo.MongoReactiveRepositoriesAutoConfiguration did not match due to @ConditionalOnClass did not find required class 'com.mongodb.reactivestreams.client.MongoClient'
10:38:44,066 TRACE org.springframework.boot.autoconfigure.condition.OnClassCondition:92 - Condition OnClassCondition on org.springframework.boot.autoconfigure.data.mongo.MongoReactiveRepositoriesAutoConfiguration did not match due to @ConditionalOnClass did not find required class 'com.mongodb.reactivestreams.client.MongoClient'
10:38:44,066 TRACE org.springframework.boot.autoconfigure.condition.OnClassCondition:92 - Condition OnClassCondition on org.springframework.boot.autoconfigure.mongo.MongoReactiveAutoConfiguration did not match due to @ConditionalOnClass did not find required class 'com.mongodb.reactivestreams.client.MongoClient'
10:38:44,066 TRACE org.springframework.boot.autoconfigure.condition.OnClassCondition:92 - Condition OnClassCondition on org.springframework.boot.autoconfigure.mongo.MongoReactiveAutoConfiguration did not match due to @ConditionalOnClass did not find required class 'com.mongodb.reactivestreams.client.MongoClient'
10:38:44,067 TRACE org.springframework.boot.autoconfigure.condition.OnClassCondition:92 - Condition OnClassCondition on org.springframework.boot.autoconfigure.mongo.embedded.EmbeddedMongoAutoConfiguration did not match due to @ConditionalOnClass did not find required class 'de.flapdoodle.embed.mongo.MongodStarter'
10:38:44,067 TRACE org.springframework.boot.autoconfigure.condition.OnClassCondition:92 - Condition OnClassCondition on org.springframework.boot.autoconfigure.mongo.embedded.EmbeddedMongoAutoConfiguration did not match due to @ConditionalOnClass did not find required class 'de.flapdoodle.embed.mongo.MongodStarter'
10:38:44,068 TRACE org.springframework.boot.autoconfigure.AutoConfigurationImportSelector:258 - Filtered 4 auto configuration class in 71 ms
10:38:44,068 TRACE org.springframework.boot.autoconfigure.AutoConfigurationImportSelector:258 - Filtered 4 auto configuration class in 71 ms
10:38:44,069 TRACE org.springframework.core.io.support.SpringFactoriesLoader:97 - Loaded [org.springframework.boot.autoconfigure.AutoConfigurationImportListener] names: [org.springframework.boot.autoconfigure.condition.ConditionEvaluationReportAutoConfigurationImportListener]
10:38:44,069 TRACE org.springframework.core.io.support.SpringFactoriesLoader:97 - Loaded [org.springframework.boot.autoconfigure.AutoConfigurationImportListener] names: [org.springframework.boot.autoconfigure.condition.ConditionEvaluationReportAutoConfigurationImportListener]
10:38:44,070 DEBUG org.springframework.beans.factory.support.DefaultListableBeanFactory:254 - Returning cached instance of singleton bean 'autoConfigurationReport'
10:38:44,070 DEBUG org.springframework.beans.factory.support.DefaultListableBeanFactory:254 - Returning cached instance of singleton bean 'autoConfigurationReport'
10:38:44,071 TRACE org.springframework.core.env.PropertySourcesPropertyResolver:82 - Searching for key 'spring.boot.enableautoconfiguration' in PropertySource 'Annotations'
10:38:44,071 TRACE org.springframework.core.env.PropertySourcesPropertyResolver:82 - Searching for key 'spring.boot.enableautoconfiguration' in PropertySource 'Annotations'
10:38:44,071 TRACE org.springframework.core.env.PropertySourcesPropertyResolver:82 - Searching for key 'spring.boot.enableautoconfiguration' in PropertySource 'configurationProperties'
10:38:44,071 TRACE org.springframework.core.env.PropertySourcesPropertyResolver:82 - Searching for key 'spring.boot.enableautoconfiguration' in PropertySource 'configurationProperties'
10:38:44,073 DEBUG org.springframework.core.env.PropertySourcesPropertyResolver:115 - Found key 'spring.boot.enableautoconfiguration' in PropertySource 'configurationProperties' with value of type String
10:38:44,073 DEBUG org.springframework.core.env.PropertySourcesPropertyResolver:115 - Found key 'spring.boot.enableautoconfiguration' in PropertySource 'configurationProperties' with value of type String
10:38:44,086 DEBUG org.springframework.beans.factory.support.DefaultListableBeanFactory:254 - Returning cached instance of singleton bean 'org.springframework.boot.autoconfigure.internalCachingMetadataReaderFactory'
10:38:44,086 DEBUG org.springframework.beans.factory.support.DefaultListableBeanFactory:254 - Returning cached instance of singleton bean 'org.springframework.boot.autoconfigure.internalCachingMetadataReaderFactory'
10:38:44,103 TRACE org.springframework.boot.autoconfigure.condition.OnClassCondition:92 - Condition OnClassCondition on org.springframework.boot.autoconfigure.cache.CacheAutoConfiguration matched due to @ConditionalOnClass found required class 'org.springframework.cache.CacheManager'; @ConditionalOnMissingClass did not find unwanted class
10:38:44,103 TRACE org.springframework.boot.autoconfigure.condition.OnClassCondition:92 - Condition OnClassCondition on org.springframework.boot.autoconfigure.cache.CacheAutoConfiguration matched due to @ConditionalOnClass found required class 'org.springframework.cache.CacheManager'; @ConditionalOnMissingClass did not find unwanted class
10:38:44,112 DEBUG org.springframework.beans.factory.support.DefaultListableBeanFactory:254 - Returning cached instance of singleton bean 'autoConfigurationReport'
10:38:44,112 DEBUG org.springframework.beans.factory.support.DefaultListableBeanFactory:254 - Returning cached instance of singleton bean 'autoConfigurationReport'
10:38:44,120 TRACE org.springframework.boot.autoconfigure.condition.OnClassCondition:92 - Condition OnClassCondition on org.springframework.boot.autoconfigure.cache.CacheAutoConfiguration$CacheManagerJpaDependencyConfiguration did not match due to @ConditionalOnClass did not find required class 'org.springframework.orm.jpa.LocalContainerEntityManagerFactoryBean'
10:38:44,120 TRACE org.springframework.boot.autoconfigure.condition.OnClassCondition:92 - Condition OnClassCondition on org.springframework.boot.autoconfigure.cache.CacheAutoConfiguration$CacheManagerJpaDependencyConfiguration did not match due to @ConditionalOnClass did not find required class 'org.springframework.orm.jpa.LocalContainerEntityManagerFactoryBean'
10:38:44,129 DEBUG org.springframework.beans.factory.support.DefaultListableBeanFactory:254 - Returning cached instance of singleton bean 'autoConfigurationReport'
10:38:44,129 DEBUG org.springframework.beans.factory.support.DefaultListableBeanFactory:254 - Returning cached instance of singleton bean 'autoConfigurationReport'
10:38:44,198 TRACE org.springframework.boot.autoconfigure.cache.CacheCondition:92 - Condition CacheCondition on org.springframework.boot.autoconfigure.cache.GenericCacheConfiguration did not match due to Cache org.springframework.boot.autoconfigure.cache.GenericCacheConfiguration unknown cache type
10:38:44,198 TRACE org.springframework.boot.autoconfigure.cache.CacheCondition:92 - Condition CacheCondition on org.springframework.boot.autoconfigure.cache.GenericCacheConfiguration did not match due to Cache org.springframework.boot.autoconfigure.cache.GenericCacheConfiguration unknown cache type
10:38:44,243 DEBUG org.springframework.beans.factory.support.DefaultListableBeanFactory:254 - Returning cached instance of singleton bean 'autoConfigurationReport'
10:38:44,243 DEBUG org.springframework.beans.factory.support.DefaultListableBeanFactory:254 - Returning cached instance of singleton bean 'autoConfigurationReport'
10:38:44,246 TRACE org.springframework.boot.autoconfigure.condition.OnClassCondition:92 - Condition OnClassCondition on org.springframework.boot.autoconfigure.cache.JCacheCacheConfiguration did not match due to @ConditionalOnClass did not find required classes 'javax.cache.Caching', 'org.springframework.cache.jcache.JCacheCacheManager'
10:38:44,246 TRACE org.springframework.boot.autoconfigure.condition.OnClassCondition:92 - Condition OnClassCondition on org.springframework.boot.autoconfigure.cache.JCacheCacheConfiguration did not match due to @ConditionalOnClass did not find required classes 'javax.cache.Caching', 'org.springframework.cache.jcache.JCacheCacheManager'
10:38:44,247 DEBUG org.springframework.beans.factory.support.DefaultListableBeanFactory:254 - Returning cached instance of singleton bean 'autoConfigurationReport'
10:38:44,247 DEBUG org.springframework.beans.factory.support.DefaultListableBeanFactory:254 - Returning cached instance of singleton bean 'autoConfigurationReport'
10:38:44,250 TRACE org.springframework.boot.autoconfigure.condition.OnClassCondition:92 - Condition OnClassCondition on org.springframework.boot.autoconfigure.cache.EhCacheCacheConfiguration did not match due to @ConditionalOnClass did not find required classes 'net.sf.ehcache.Cache', 'org.springframework.cache.ehcache.EhCacheCacheManager'
10:38:44,250 TRACE org.springframework.boot.autoconfigure.condition.OnClassCondition:92 - Condition OnClassCondition on org.springframework.boot.autoconfigure.cache.EhCacheCacheConfiguration did not match due to @ConditionalOnClass did not find required classes 'net.sf.ehcache.Cache', 'org.springframework.cache.ehcache.EhCacheCacheManager'
10:38:44,251 DEBUG org.springframework.beans.factory.support.DefaultListableBeanFactory:254 - Returning cached instance of singleton bean 'autoConfigurationReport'
10:38:44,251 DEBUG org.springframework.beans.factory.support.DefaultListableBeanFactory:254 - Returning cached instance of singleton bean 'autoConfigurationReport'
10:38:44,255 TRACE org.springframework.boot.autoconfigure.condition.OnClassCondition:92 - Condition OnClassCondition on org.springframework.boot.autoconfigure.cache.HazelcastCacheConfiguration did not match due to @ConditionalOnClass did not find required classes 'com.hazelcast.core.HazelcastInstance', 'com.hazelcast.spring.cache.HazelcastCacheManager'
10:38:44,255 TRACE org.springframework.boot.autoconfigure.condition.OnClassCondition:92 - Condition OnClassCondition on org.springframework.boot.autoconfigure.cache.HazelcastCacheConfiguration did not match due to @ConditionalOnClass did not find required classes 'com.hazelcast.core.HazelcastInstance', 'com.hazelcast.spring.cache.HazelcastCacheManager'
10:38:44,262 DEBUG org.springframework.beans.factory.support.DefaultListableBeanFactory:254 - Returning cached instance of singleton bean 'autoConfigurationReport'
10:38:44,262 DEBUG org.springframework.beans.factory.support.DefaultListableBeanFactory:254 - Returning cached instance of singleton bean 'autoConfigurationReport'
10:38:44,266 TRACE org.springframework.boot.autoconfigure.condition.OnClassCondition:92 - Condition OnClassCondition on org.springframework.boot.autoconfigure.cache.InfinispanCacheConfiguration did not match due to @ConditionalOnClass did not find required class 'org.infinispan.spring.provider.SpringEmbeddedCacheManager'
10:38:44,266 TRACE org.springframework.boot.autoconfigure.condition.OnClassCondition:92 - Condition OnClassCondition on org.springframework.boot.autoconfigure.cache.InfinispanCacheConfiguration did not match due to @ConditionalOnClass did not find required class 'org.infinispan.spring.provider.SpringEmbeddedCacheManager'
10:38:44,266 DEBUG org.springframework.beans.factory.support.DefaultListableBeanFactory:254 - Returning cached instance of singleton bean 'autoConfigurationReport'
10:38:44,266 DEBUG org.springframework.beans.factory.support.DefaultListableBeanFactory:254 - Returning cached instance of singleton bean 'autoConfigurationReport'
10:38:44,269 TRACE org.springframework.boot.autoconfigure.condition.OnClassCondition:92 - Condition OnClassCondition on org.springframework.boot.autoconfigure.cache.CouchbaseCacheConfiguration did not match due to @ConditionalOnClass did not find required classes 'com.couchbase.client.java.Bucket', 'com.couchbase.client.spring.cache.CouchbaseCacheManager'
10:38:44,269 TRACE org.springframework.boot.autoconfigure.condition.OnClassCondition:92 - Condition OnClassCondition on org.springframework.boot.autoconfigure.cache.CouchbaseCacheConfiguration did not match due to @ConditionalOnClass did not find required classes 'com.couchbase.client.java.Bucket', 'com.couchbase.client.spring.cache.CouchbaseCacheManager'
10:38:44,270 DEBUG org.springframework.beans.factory.support.DefaultListableBeanFactory:254 - Returning cached instance of singleton bean 'autoConfigurationReport'
10:38:44,270 DEBUG org.springframework.beans.factory.support.DefaultListableBeanFactory:254 - Returning cached instance of singleton bean 'autoConfigurationReport'
10:38:44,272 TRACE org.springframework.boot.autoconfigure.cache.CacheCondition:92 - Condition CacheCondition on org.springframework.boot.autoconfigure.cache.RedisCacheConfiguration did not match due to Cache org.springframework.boot.autoconfigure.cache.RedisCacheConfiguration unknown cache type
10:38:44,272 TRACE org.springframework.boot.autoconfigure.cache.CacheCondition:92 - Condition CacheCondition on org.springframework.boot.autoconfigure.cache.RedisCacheConfiguration did not match due to Cache org.springframework.boot.autoconfigure.cache.RedisCacheConfiguration unknown cache type
10:38:44,273 DEBUG org.springframework.beans.factory.support.DefaultListableBeanFactory:254 - Returning cached instance of singleton bean 'autoConfigurationReport'
10:38:44,273 DEBUG org.springframework.beans.factory.support.DefaultListableBeanFactory:254 - Returning cached instance of singleton bean 'autoConfigurationReport'
10:38:44,276 TRACE org.springframework.boot.autoconfigure.condition.OnClassCondition:92 - Condition OnClassCondition on org.springframework.boot.autoconfigure.cache.CaffeineCacheConfiguration did not match due to @ConditionalOnClass did not find required classes 'com.github.benmanes.caffeine.cache.Caffeine', 'org.springframework.cache.caffeine.CaffeineCacheManager'
10:38:44,276 TRACE org.springframework.boot.autoconfigure.condition.OnClassCondition:92 - Condition OnClassCondition on org.springframework.boot.autoconfigure.cache.CaffeineCacheConfiguration did not match due to @ConditionalOnClass did not find required classes 'com.github.benmanes.caffeine.cache.Caffeine', 'org.springframework.cache.caffeine.CaffeineCacheManager'
10:38:44,278 DEBUG org.springframework.beans.factory.support.DefaultListableBeanFactory:254 - Returning cached instance of singleton bean 'autoConfigurationReport'
10:38:44,278 DEBUG org.springframework.beans.factory.support.DefaultListableBeanFactory:254 - Returning cached instance of singleton bean 'autoConfigurationReport'
10:38:44,280 TRACE org.springframework.boot.autoconfigure.cache.CacheCondition:92 - Condition CacheCondition on org.springframework.boot.autoconfigure.cache.SimpleCacheConfiguration did not match due to Cache org.springframework.boot.autoconfigure.cache.SimpleCacheConfiguration unknown cache type
10:38:44,280 TRACE org.springframework.boot.autoconfigure.cache.CacheCondition:92 - Condition CacheCondition on org.springframework.boot.autoconfigure.cache.SimpleCacheConfiguration did not match due to Cache org.springframework.boot.autoconfigure.cache.SimpleCacheConfiguration unknown cache type
10:38:44,281 DEBUG org.springframework.beans.factory.support.DefaultListableBeanFactory:254 - Returning cached instance of singleton bean 'autoConfigurationReport'
10:38:44,281 DEBUG org.springframework.beans.factory.support.DefaultListableBeanFactory:254 - Returning cached instance of singleton bean 'autoConfigurationReport'
10:38:44,284 TRACE org.springframework.boot.autoconfigure.cache.CacheCondition:92 - Condition CacheCondition on org.springframework.boot.autoconfigure.cache.NoOpCacheConfiguration matched due to Cache org.springframework.boot.autoconfigure.cache.NoOpCacheConfiguration NONE cache type
10:38:44,284 TRACE org.springframework.boot.autoconfigure.cache.CacheCondition:92 - Condition CacheCondition on org.springframework.boot.autoconfigure.cache.NoOpCacheConfiguration matched due to Cache org.springframework.boot.autoconfigure.cache.NoOpCacheConfiguration NONE cache type
10:38:44,285 DEBUG org.springframework.beans.factory.support.DefaultListableBeanFactory:254 - Returning cached instance of singleton bean 'autoConfigurationReport'
10:38:44,285 DEBUG org.springframework.beans.factory.support.DefaultListableBeanFactory:254 - Returning cached instance of singleton bean 'autoConfigurationReport'
10:38:44,295 TRACE org.springframework.boot.autoconfigure.condition.OnClassCondition:92 - Condition OnClassCondition on org.springframework.boot.autoconfigure.mongo.MongoAutoConfiguration matched due to @ConditionalOnClass found required class 'com.mongodb.MongoClient'; @ConditionalOnMissingClass did not find unwanted class
10:38:44,295 TRACE org.springframework.boot.autoconfigure.condition.OnClassCondition:92 - Condition OnClassCondition on org.springframework.boot.autoconfigure.mongo.MongoAutoConfiguration matched due to @ConditionalOnClass found required class 'com.mongodb.MongoClient'; @ConditionalOnMissingClass did not find unwanted class
10:38:44,295 DEBUG org.springframework.beans.factory.support.DefaultListableBeanFactory:254 - Returning cached instance of singleton bean 'autoConfigurationReport'
10:38:44,295 DEBUG org.springframework.beans.factory.support.DefaultListableBeanFactory:254 - Returning cached instance of singleton bean 'autoConfigurationReport'
10:38:44,300 TRACE org.springframework.boot.autoconfigure.condition.OnClassCondition:92 - Condition OnClassCondition on org.springframework.boot.autoconfigure.data.mongo.MongoDataAutoConfiguration matched due to @ConditionalOnClass found required classes 'com.mongodb.MongoClient', 'org.springframework.data.mongodb.core.MongoTemplate'; @ConditionalOnMissingClass did not find unwanted class
10:38:44,300 TRACE org.springframework.boot.autoconfigure.condition.OnClassCondition:92 - Condition OnClassCondition on org.springframework.boot.autoconfigure.data.mongo.MongoDataAutoConfiguration matched due to @ConditionalOnClass found required classes 'com.mongodb.MongoClient', 'org.springframework.data.mongodb.core.MongoTemplate'; @ConditionalOnMissingClass did not find unwanted class
10:38:44,301 DEBUG org.springframework.beans.factory.support.DefaultListableBeanFactory:254 - Returning cached instance of singleton bean 'autoConfigurationReport'
10:38:44,301 DEBUG org.springframework.beans.factory.support.DefaultListableBeanFactory:254 - Returning cached instance of singleton bean 'autoConfigurationReport'
10:38:44,313 TRACE org.springframework.boot.autoconfigure.condition.OnClassCondition:92 - Condition OnClassCondition on org.springframework.boot.autoconfigure.data.mongo.MongoRepositoriesAutoConfiguration matched due to @ConditionalOnClass found required classes 'com.mongodb.MongoClient', 'org.springframework.data.mongodb.repository.MongoRepository'; @ConditionalOnMissingClass did not find unwanted class
10:38:44,313 TRACE org.springframework.boot.autoconfigure.condition.OnClassCondition:92 - Condition OnClassCondition on org.springframework.boot.autoconfigure.data.mongo.MongoRepositoriesAutoConfiguration matched due to @ConditionalOnClass found required classes 'com.mongodb.MongoClient', 'org.springframework.data.mongodb.repository.MongoRepository'; @ConditionalOnMissingClass did not find unwanted class
10:38:44,314 DEBUG org.springframework.beans.factory.support.DefaultListableBeanFactory:254 - Returning cached instance of singleton bean 'autoConfigurationReport'
10:38:44,314 DEBUG org.springframework.beans.factory.support.DefaultListableBeanFactory:254 - Returning cached instance of singleton bean 'autoConfigurationReport'
10:38:44,315 TRACE org.springframework.core.env.PropertySourcesPropertyResolver:82 - Searching for key 'spring.data.mongodb.repositories.type' in PropertySource 'Annotations'
10:38:44,315 TRACE org.springframework.core.env.PropertySourcesPropertyResolver:82 - Searching for key 'spring.data.mongodb.repositories.type' in PropertySource 'Annotations'
10:38:44,315 TRACE org.springframework.core.env.PropertySourcesPropertyResolver:82 - Searching for key 'spring.data.mongodb.repositories.type' in PropertySource 'configurationProperties'
10:38:44,315 TRACE org.springframework.core.env.PropertySourcesPropertyResolver:82 - Searching for key 'spring.data.mongodb.repositories.type' in PropertySource 'configurationProperties'
10:38:44,317 DEBUG org.springframework.core.env.PropertySourcesPropertyResolver:115 - Found key 'spring.data.mongodb.repositories.type' in PropertySource 'configurationProperties' with value of type String
10:38:44,317 DEBUG org.springframework.core.env.PropertySourcesPropertyResolver:115 - Found key 'spring.data.mongodb.repositories.type' in PropertySource 'configurationProperties' with value of type String
10:38:44,318 TRACE org.springframework.boot.autoconfigure.data.OnRepositoryTypeCondition:92 - Condition OnRepositoryTypeCondition on org.springframework.boot.autoconfigure.data.mongo.MongoRepositoriesAutoConfiguration matched due to @ConditionalOnRepositoryType configured type of 'AUTO' matched required type
10:38:44,318 TRACE org.springframework.boot.autoconfigure.data.OnRepositoryTypeCondition:92 - Condition OnRepositoryTypeCondition on org.springframework.boot.autoconfigure.data.mongo.MongoRepositoriesAutoConfiguration matched due to @ConditionalOnRepositoryType configured type of 'AUTO' matched required type
10:38:44,319 DEBUG org.springframework.beans.factory.support.DefaultListableBeanFactory:254 - Returning cached instance of singleton bean 'autoConfigurationReport'
10:38:44,319 DEBUG org.springframework.beans.factory.support.DefaultListableBeanFactory:254 - Returning cached instance of singleton bean 'autoConfigurationReport'
10:38:44,337 DEBUG org.springframework.context.annotation.ConfigurationClassBeanDefinitionReader:166 - Registered bean definition for imported class 'pro.abacus.javatutor.repository.AuthorityRepositoryTest'
10:38:44,337 DEBUG org.springframework.context.annotation.ConfigurationClassBeanDefinitionReader:166 - Registered bean definition for imported class 'pro.abacus.javatutor.repository.AuthorityRepositoryTest'
10:38:44,341 TRACE org.springframework.boot.autoconfigure.condition.OnClassCondition:92 - Condition OnClassCondition on org.springframework.boot.autoconfigure.cache.CacheAutoConfiguration matched due to @ConditionalOnClass found required class 'org.springframework.cache.CacheManager'; @ConditionalOnMissingClass did not find unwanted class
10:38:44,341 TRACE org.springframework.boot.autoconfigure.condition.OnClassCondition:92 - Condition OnClassCondition on org.springframework.boot.autoconfigure.cache.CacheAutoConfiguration matched due to @ConditionalOnClass found required class 'org.springframework.cache.CacheManager'; @ConditionalOnMissingClass did not find unwanted class
10:38:44,342 DEBUG org.springframework.beans.factory.support.DefaultListableBeanFactory:254 - Returning cached instance of singleton bean 'autoConfigurationReport'
10:38:44,342 DEBUG org.springframework.beans.factory.support.DefaultListableBeanFactory:254 - Returning cached instance of singleton bean 'autoConfigurationReport'
10:38:44,345 DEBUG org.springframework.beans.factory.support.DefaultListableBeanFactory:219 - Creating shared instance of singleton bean 'org.springframework.boot.autoconfigure.condition.BeanTypeRegistry'
10:38:44,345 DEBUG org.springframework.beans.factory.support.DefaultListableBeanFactory:219 - Creating shared instance of singleton bean 'org.springframework.boot.autoconfigure.condition.BeanTypeRegistry'
10:38:44,347 DEBUG org.springframework.beans.factory.support.DefaultListableBeanFactory:466 - Creating instance of bean 'org.springframework.boot.autoconfigure.condition.BeanTypeRegistry'
10:38:44,347 DEBUG org.springframework.beans.factory.support.DefaultListableBeanFactory:466 - Creating instance of bean 'org.springframework.boot.autoconfigure.condition.BeanTypeRegistry'
10:38:44,349 DEBUG org.springframework.beans.factory.support.DefaultListableBeanFactory:569 - Eagerly caching bean 'org.springframework.boot.autoconfigure.condition.BeanTypeRegistry' to allow for resolving potential circular references
10:38:44,349 DEBUG org.springframework.beans.factory.support.DefaultListableBeanFactory:569 - Eagerly caching bean 'org.springframework.boot.autoconfigure.condition.BeanTypeRegistry' to allow for resolving potential circular references
10:38:44,350 DEBUG org.springframework.beans.factory.support.DefaultListableBeanFactory:503 - Finished creating instance of bean 'org.springframework.boot.autoconfigure.condition.BeanTypeRegistry'
10:38:44,350 DEBUG org.springframework.beans.factory.support.DefaultListableBeanFactory:503 - Finished creating instance of bean 'org.springframework.boot.autoconfigure.condition.BeanTypeRegistry'
10:38:44,354 TRACE org.springframework.boot.autoconfigure.condition.OnBeanCondition:92 - Condition OnBeanCondition on org.springframework.boot.autoconfigure.cache.CacheAutoConfiguration did not match due to @ConditionalOnBean (types: org.springframework.cache.interceptor.CacheAspectSupport; SearchStrategy: all) did not find any beans of type org.springframework.cache.interceptor.CacheAspectSupport
10:38:44,354 TRACE org.springframework.boot.autoconfigure.condition.OnBeanCondition:92 - Condition OnBeanCondition on org.springframework.boot.autoconfigure.cache.CacheAutoConfiguration did not match due to @ConditionalOnBean (types: org.springframework.cache.interceptor.CacheAspectSupport; SearchStrategy: all) did not find any beans of type org.springframework.cache.interceptor.CacheAspectSupport
10:38:44,355 DEBUG org.springframework.beans.factory.support.DefaultListableBeanFactory:254 - Returning cached instance of singleton bean 'autoConfigurationReport'
10:38:44,355 DEBUG org.springframework.beans.factory.support.DefaultListableBeanFactory:254 - Returning cached instance of singleton bean 'autoConfigurationReport'
10:38:44,357 TRACE org.springframework.boot.autoconfigure.condition.OnClassCondition:92 - Condition OnClassCondition on org.springframework.boot.autoconfigure.mongo.MongoAutoConfiguration matched due to @ConditionalOnClass found required class 'com.mongodb.MongoClient'; @ConditionalOnMissingClass did not find unwanted class
10:38:44,357 TRACE org.springframework.boot.autoconfigure.condition.OnClassCondition:92 - Condition OnClassCondition on org.springframework.boot.autoconfigure.mongo.MongoAutoConfiguration matched due to @ConditionalOnClass found required class 'com.mongodb.MongoClient'; @ConditionalOnMissingClass did not find unwanted class
10:38:44,359 DEBUG org.springframework.beans.factory.support.DefaultListableBeanFactory:254 - Returning cached instance of singleton bean 'autoConfigurationReport'
10:38:44,359 DEBUG org.springframework.beans.factory.support.DefaultListableBeanFactory:254 - Returning cached instance of singleton bean 'autoConfigurationReport'
10:38:44,361 DEBUG org.springframework.beans.factory.support.DefaultListableBeanFactory:254 - Returning cached instance of singleton bean 'org.springframework.boot.autoconfigure.condition.BeanTypeRegistry'
10:38:44,361 DEBUG org.springframework.beans.factory.support.DefaultListableBeanFactory:254 - Returning cached instance of singleton bean 'org.springframework.boot.autoconfigure.condition.BeanTypeRegistry'
10:38:44,362 TRACE org.springframework.boot.autoconfigure.condition.OnBeanCondition:92 - Condition OnBeanCondition on org.springframework.boot.autoconfigure.mongo.MongoAutoConfiguration matched due to @ConditionalOnMissingBean (types: org.springframework.data.mongodb.MongoDbFactory; SearchStrategy: all) did not find any beans
10:38:44,362 TRACE org.springframework.boot.autoconfigure.condition.OnBeanCondition:92 - Condition OnBeanCondition on org.springframework.boot.autoconfigure.mongo.MongoAutoConfiguration matched due to @ConditionalOnMissingBean (types: org.springframework.data.mongodb.MongoDbFactory; SearchStrategy: all) did not find any beans
10:38:44,366 DEBUG org.springframework.beans.factory.support.DefaultListableBeanFactory:254 - Returning cached instance of singleton bean 'autoConfigurationReport'
10:38:44,366 DEBUG org.springframework.beans.factory.support.DefaultListableBeanFactory:254 - Returning cached instance of singleton bean 'autoConfigurationReport'
10:38:44,368 DEBUG org.springframework.context.annotation.ConfigurationClassBeanDefinitionReader:166 - Registered bean definition for imported class 'org.springframework.boot.autoconfigure.mongo.MongoAutoConfiguration'
10:38:44,368 DEBUG org.springframework.context.annotation.ConfigurationClassBeanDefinitionReader:166 - Registered bean definition for imported class 'org.springframework.boot.autoconfigure.mongo.MongoAutoConfiguration'
10:38:44,370 DEBUG org.springframework.beans.factory.support.DefaultListableBeanFactory:254 - Returning cached instance of singleton bean 'org.springframework.boot.autoconfigure.condition.BeanTypeRegistry'
10:38:44,370 DEBUG org.springframework.beans.factory.support.DefaultListableBeanFactory:254 - Returning cached instance of singleton bean 'org.springframework.boot.autoconfigure.condition.BeanTypeRegistry'
10:38:44,375 TRACE org.springframework.boot.autoconfigure.condition.OnBeanCondition:92 - Condition OnBeanCondition on org.springframework.boot.autoconfigure.mongo.MongoAutoConfiguration#mongo matched due to @ConditionalOnMissingBean (types: com.mongodb.MongoClient; SearchStrategy: all) did not find any beans
10:38:44,375 TRACE org.springframework.boot.autoconfigure.condition.OnBeanCondition:92 - Condition OnBeanCondition on org.springframework.boot.autoconfigure.mongo.MongoAutoConfiguration#mongo matched due to @ConditionalOnMissingBean (types: com.mongodb.MongoClient; SearchStrategy: all) did not find any beans
10:38:44,377 DEBUG org.springframework.beans.factory.support.DefaultListableBeanFactory:254 - Returning cached instance of singleton bean 'autoConfigurationReport'
10:38:44,377 DEBUG org.springframework.beans.factory.support.DefaultListableBeanFactory:254 - Returning cached instance of singleton bean 'autoConfigurationReport'
10:38:44,380 DEBUG org.springframework.context.annotation.ConfigurationClassBeanDefinitionReader:264 - Registering bean definition for @Bean method org.springframework.boot.autoconfigure.mongo.MongoAutoConfiguration.mongo()
10:38:44,380 DEBUG org.springframework.context.annotation.ConfigurationClassBeanDefinitionReader:264 - Registering bean definition for @Bean method org.springframework.boot.autoconfigure.mongo.MongoAutoConfiguration.mongo()
10:38:44,384 TRACE org.springframework.boot.autoconfigure.condition.OnClassCondition:92 - Condition OnClassCondition on org.springframework.boot.autoconfigure.data.mongo.MongoDataAutoConfiguration matched due to @ConditionalOnClass found required classes 'com.mongodb.MongoClient', 'org.springframework.data.mongodb.core.MongoTemplate'; @ConditionalOnMissingClass did not find unwanted class
10:38:44,384 TRACE org.springframework.boot.autoconfigure.condition.OnClassCondition:92 - Condition OnClassCondition on org.springframework.boot.autoconfigure.data.mongo.MongoDataAutoConfiguration matched due to @ConditionalOnClass found required classes 'com.mongodb.MongoClient', 'org.springframework.data.mongodb.core.MongoTemplate'; @ConditionalOnMissingClass did not find unwanted class
10:38:44,388 DEBUG org.springframework.beans.factory.support.DefaultListableBeanFactory:254 - Returning cached instance of singleton bean 'autoConfigurationReport'
10:38:44,388 DEBUG org.springframework.beans.factory.support.DefaultListableBeanFactory:254 - Returning cached instance of singleton bean 'autoConfigurationReport'
10:38:44,395 DEBUG org.springframework.context.annotation.ConfigurationClassBeanDefinitionReader:166 - Registered bean definition for imported class 'org.springframework.boot.autoconfigure.data.mongo.MongoDataAutoConfiguration'
10:38:44,395 DEBUG org.springframework.context.annotation.ConfigurationClassBeanDefinitionReader:166 - Registered bean definition for imported class 'org.springframework.boot.autoconfigure.data.mongo.MongoDataAutoConfiguration'
10:38:44,396 DEBUG org.springframework.beans.factory.support.DefaultListableBeanFactory:254 - Returning cached instance of singleton bean 'org.springframework.boot.autoconfigure.condition.BeanTypeRegistry'
10:38:44,396 DEBUG org.springframework.beans.factory.support.DefaultListableBeanFactory:254 - Returning cached instance of singleton bean 'org.springframework.boot.autoconfigure.condition.BeanTypeRegistry'
10:38:44,398 TRACE org.springframework.boot.autoconfigure.condition.OnBeanCondition:92 - Condition OnBeanCondition on org.springframework.boot.autoconfigure.data.mongo.MongoDataAutoConfiguration#mongoDbFactory matched due to @ConditionalOnMissingBean (types: org.springframework.data.mongodb.MongoDbFactory; SearchStrategy: all) did not find any beans
10:38:44,398 TRACE org.springframework.boot.autoconfigure.condition.OnBeanCondition:92 - Condition OnBeanCondition on org.springframework.boot.autoconfigure.data.mongo.MongoDataAutoConfiguration#mongoDbFactory matched due to @ConditionalOnMissingBean (types: org.springframework.data.mongodb.MongoDbFactory; SearchStrategy: all) did not find any beans
10:38:44,399 DEBUG org.springframework.beans.factory.support.DefaultListableBeanFactory:254 - Returning cached instance of singleton bean 'autoConfigurationReport'
10:38:44,399 DEBUG org.springframework.beans.factory.support.DefaultListableBeanFactory:254 - Returning cached instance of singleton bean 'autoConfigurationReport'
10:38:44,400 DEBUG org.springframework.context.annotation.ConfigurationClassBeanDefinitionReader:264 - Registering bean definition for @Bean method org.springframework.boot.autoconfigure.data.mongo.MongoDataAutoConfiguration.mongoDbFactory()
10:38:44,400 DEBUG org.springframework.context.annotation.ConfigurationClassBeanDefinitionReader:264 - Registering bean definition for @Bean method org.springframework.boot.autoconfigure.data.mongo.MongoDataAutoConfiguration.mongoDbFactory()
10:38:44,401 DEBUG org.springframework.beans.factory.support.DefaultListableBeanFactory:254 - Returning cached instance of singleton bean 'org.springframework.boot.autoconfigure.condition.BeanTypeRegistry'
10:38:44,401 DEBUG org.springframework.beans.factory.support.DefaultListableBeanFactory:254 - Returning cached instance of singleton bean 'org.springframework.boot.autoconfigure.condition.BeanTypeRegistry'
10:38:44,404 TRACE org.springframework.boot.autoconfigure.condition.OnBeanCondition:92 - Condition OnBeanCondition on org.springframework.boot.autoconfigure.data.mongo.MongoDataAutoConfiguration#mongoTemplate matched due to @ConditionalOnMissingBean (types: org.springframework.data.mongodb.core.MongoTemplate; SearchStrategy: all) did not find any beans
10:38:44,404 TRACE org.springframework.boot.autoconfigure.condition.OnBeanCondition:92 - Condition OnBeanCondition on org.springframework.boot.autoconfigure.data.mongo.MongoDataAutoConfiguration#mongoTemplate matched due to @ConditionalOnMissingBean (types: org.springframework.data.mongodb.core.MongoTemplate; SearchStrategy: all) did not find any beans
10:38:44,411 DEBUG org.springframework.beans.factory.support.DefaultListableBeanFactory:254 - Returning cached instance of singleton bean 'autoConfigurationReport'
10:38:44,411 DEBUG org.springframework.beans.factory.support.DefaultListableBeanFactory:254 - Returning cached instance of singleton bean 'autoConfigurationReport'
10:38:44,432 DEBUG org.springframework.context.annotation.ConfigurationClassBeanDefinitionReader:264 - Registering bean definition for @Bean method org.springframework.boot.autoconfigure.data.mongo.MongoDataAutoConfiguration.mongoTemplate()
10:38:44,432 DEBUG org.springframework.context.annotation.ConfigurationClassBeanDefinitionReader:264 - Registering bean definition for @Bean method org.springframework.boot.autoconfigure.data.mongo.MongoDataAutoConfiguration.mongoTemplate()
10:38:44,434 DEBUG org.springframework.beans.factory.support.DefaultListableBeanFactory:254 - Returning cached instance of singleton bean 'org.springframework.boot.autoconfigure.condition.BeanTypeRegistry'
10:38:44,434 DEBUG org.springframework.beans.factory.support.DefaultListableBeanFactory:254 - Returning cached instance of singleton bean 'org.springframework.boot.autoconfigure.condition.BeanTypeRegistry'
10:38:44,436 TRACE org.springframework.boot.autoconfigure.condition.OnBeanCondition:92 - Condition OnBeanCondition on org.springframework.boot.autoconfigure.data.mongo.MongoDataAutoConfiguration#mappingMongoConverter matched due to @ConditionalOnMissingBean (types: org.springframework.data.mongodb.core.convert.MongoConverter; SearchStrategy: all) did not find any beans
10:38:44,436 TRACE org.springframework.boot.autoconfigure.condition.OnBeanCondition:92 - Condition OnBeanCondition on org.springframework.boot.autoconfigure.data.mongo.MongoDataAutoConfiguration#mappingMongoConverter matched due to @ConditionalOnMissingBean (types: org.springframework.data.mongodb.core.convert.MongoConverter; SearchStrategy: all) did not find any beans
10:38:44,445 DEBUG org.springframework.beans.factory.support.DefaultListableBeanFactory:254 - Returning cached instance of singleton bean 'autoConfigurationReport'
10:38:44,445 DEBUG org.springframework.beans.factory.support.DefaultListableBeanFactory:254 - Returning cached instance of singleton bean 'autoConfigurationReport'
10:38:44,447 DEBUG org.springframework.context.annotation.ConfigurationClassBeanDefinitionReader:264 - Registering bean definition for @Bean method org.springframework.boot.autoconfigure.data.mongo.MongoDataAutoConfiguration.mappingMongoConverter()
10:38:44,447 DEBUG org.springframework.context.annotation.ConfigurationClassBeanDefinitionReader:264 - Registering bean definition for @Bean method org.springframework.boot.autoconfigure.data.mongo.MongoDataAutoConfiguration.mappingMongoConverter()
10:38:44,448 DEBUG org.springframework.beans.factory.support.DefaultListableBeanFactory:254 - Returning cached instance of singleton bean 'org.springframework.boot.autoconfigure.condition.BeanTypeRegistry'
10:38:44,448 DEBUG org.springframework.beans.factory.support.DefaultListableBeanFactory:254 - Returning cached instance of singleton bean 'org.springframework.boot.autoconfigure.condition.BeanTypeRegistry'
10:38:44,449 TRACE org.springframework.boot.autoconfigure.condition.OnBeanCondition:92 - Condition OnBeanCondition on org.springframework.boot.autoconfigure.data.mongo.MongoDataAutoConfiguration#mongoMappingContext matched due to @ConditionalOnMissingBean (types: org.springframework.data.mongodb.core.mapping.MongoMappingContext; SearchStrategy: all) did not find any beans
10:38:44,449 TRACE org.springframework.boot.autoconfigure.condition.OnBeanCondition:92 - Condition OnBeanCondition on org.springframework.boot.autoconfigure.data.mongo.MongoDataAutoConfiguration#mongoMappingContext matched due to @ConditionalOnMissingBean (types: org.springframework.data.mongodb.core.mapping.MongoMappingContext; SearchStrategy: all) did not find any beans
10:38:44,451 DEBUG org.springframework.beans.factory.support.DefaultListableBeanFactory:254 - Returning cached instance of singleton bean 'autoConfigurationReport'
10:38:44,451 DEBUG org.springframework.beans.factory.support.DefaultListableBeanFactory:254 - Returning cached instance of singleton bean 'autoConfigurationReport'
10:38:44,452 DEBUG org.springframework.context.annotation.ConfigurationClassBeanDefinitionReader:264 - Registering bean definition for @Bean method org.springframework.boot.autoconfigure.data.mongo.MongoDataAutoConfiguration.mongoMappingContext()
10:38:44,452 DEBUG org.springframework.context.annotation.ConfigurationClassBeanDefinitionReader:264 - Registering bean definition for @Bean method org.springframework.boot.autoconfigure.data.mongo.MongoDataAutoConfiguration.mongoMappingContext()
10:38:44,454 DEBUG org.springframework.beans.factory.support.DefaultListableBeanFactory:254 - Returning cached instance of singleton bean 'org.springframework.boot.autoconfigure.condition.BeanTypeRegistry'
10:38:44,454 DEBUG org.springframework.beans.factory.support.DefaultListableBeanFactory:254 - Returning cached instance of singleton bean 'org.springframework.boot.autoconfigure.condition.BeanTypeRegistry'
10:38:44,459 TRACE org.springframework.boot.autoconfigure.condition.OnBeanCondition:92 - Condition OnBeanCondition on org.springframework.boot.autoconfigure.data.mongo.MongoDataAutoConfiguration#gridFsTemplate matched due to @ConditionalOnMissingBean (types: org.springframework.data.mongodb.gridfs.GridFsTemplate; SearchStrategy: all) did not find any beans
10:38:44,459 TRACE org.springframework.boot.autoconfigure.condition.OnBeanCondition:92 - Condition OnBeanCondition on org.springframework.boot.autoconfigure.data.mongo.MongoDataAutoConfiguration#gridFsTemplate matched due to @ConditionalOnMissingBean (types: org.springframework.data.mongodb.gridfs.GridFsTemplate; SearchStrategy: all) did not find any beans
10:38:44,460 DEBUG org.springframework.beans.factory.support.DefaultListableBeanFactory:254 - Returning cached instance of singleton bean 'autoConfigurationReport'
10:38:44,460 DEBUG org.springframework.beans.factory.support.DefaultListableBeanFactory:254 - Returning cached instance of singleton bean 'autoConfigurationReport'
10:38:44,462 DEBUG org.springframework.context.annotation.ConfigurationClassBeanDefinitionReader:264 - Registering bean definition for @Bean method org.springframework.boot.autoconfigure.data.mongo.MongoDataAutoConfiguration.gridFsTemplate()
10:38:44,462 DEBUG org.springframework.context.annotation.ConfigurationClassBeanDefinitionReader:264 - Registering bean definition for @Bean method org.springframework.boot.autoconfigure.data.mongo.MongoDataAutoConfiguration.gridFsTemplate()
10:38:44,463 DEBUG org.springframework.beans.factory.support.DefaultListableBeanFactory:254 - Returning cached instance of singleton bean 'org.springframework.boot.autoconfigure.condition.BeanTypeRegistry'
10:38:44,463 DEBUG org.springframework.beans.factory.support.DefaultListableBeanFactory:254 - Returning cached instance of singleton bean 'org.springframework.boot.autoconfigure.condition.BeanTypeRegistry'
10:38:44,465 TRACE org.springframework.boot.autoconfigure.condition.OnBeanCondition:92 - Condition OnBeanCondition on org.springframework.boot.autoconfigure.data.mongo.MongoDataAutoConfiguration#mongoCustomConversions matched due to @ConditionalOnMissingBean (types: org.springframework.data.mongodb.core.convert.MongoCustomConversions; SearchStrategy: all) did not find any beans
10:38:44,465 TRACE org.springframework.boot.autoconfigure.condition.OnBeanCondition:92 - Condition OnBeanCondition on org.springframework.boot.autoconfigure.data.mongo.MongoDataAutoConfiguration#mongoCustomConversions matched due to @ConditionalOnMissingBean (types: org.springframework.data.mongodb.core.convert.MongoCustomConversions; SearchStrategy: all) did not find any beans
10:38:44,466 DEBUG org.springframework.beans.factory.support.DefaultListableBeanFactory:254 - Returning cached instance of singleton bean 'autoConfigurationReport'
10:38:44,466 DEBUG org.springframework.beans.factory.support.DefaultListableBeanFactory:254 - Returning cached instance of singleton bean 'autoConfigurationReport'
10:38:44,468 DEBUG org.springframework.context.annotation.ConfigurationClassBeanDefinitionReader:264 - Registering bean definition for @Bean method org.springframework.boot.autoconfigure.data.mongo.MongoDataAutoConfiguration.mongoCustomConversions()
10:38:44,468 DEBUG org.springframework.context.annotation.ConfigurationClassBeanDefinitionReader:264 - Registering bean definition for @Bean method org.springframework.boot.autoconfigure.data.mongo.MongoDataAutoConfiguration.mongoCustomConversions()
10:38:44,470 TRACE org.springframework.boot.autoconfigure.condition.OnClassCondition:92 - Condition OnClassCondition on org.springframework.boot.autoconfigure.data.mongo.MongoRepositoriesAutoConfiguration matched due to @ConditionalOnClass found required classes 'com.mongodb.MongoClient', 'org.springframework.data.mongodb.repository.MongoRepository'; @ConditionalOnMissingClass did not find unwanted class
10:38:44,470 TRACE org.springframework.boot.autoconfigure.condition.OnClassCondition:92 - Condition OnClassCondition on org.springframework.boot.autoconfigure.data.mongo.MongoRepositoriesAutoConfiguration matched due to @ConditionalOnClass found required classes 'com.mongodb.MongoClient', 'org.springframework.data.mongodb.repository.MongoRepository'; @ConditionalOnMissingClass did not find unwanted class
10:38:44,473 DEBUG org.springframework.beans.factory.support.DefaultListableBeanFactory:254 - Returning cached instance of singleton bean 'autoConfigurationReport'
10:38:44,473 DEBUG org.springframework.beans.factory.support.DefaultListableBeanFactory:254 - Returning cached instance of singleton bean 'autoConfigurationReport'
10:38:44,475 DEBUG org.springframework.beans.factory.support.DefaultListableBeanFactory:254 - Returning cached instance of singleton bean 'org.springframework.boot.autoconfigure.condition.BeanTypeRegistry'
10:38:44,475 DEBUG org.springframework.beans.factory.support.DefaultListableBeanFactory:254 - Returning cached instance of singleton bean 'org.springframework.boot.autoconfigure.condition.BeanTypeRegistry'
10:38:44,477 DEBUG org.springframework.beans.factory.support.DefaultListableBeanFactory:254 - Returning cached instance of singleton bean 'org.springframework.boot.autoconfigure.condition.BeanTypeRegistry'
10:38:44,477 DEBUG org.springframework.beans.factory.support.DefaultListableBeanFactory:254 - Returning cached instance of singleton bean 'org.springframework.boot.autoconfigure.condition.BeanTypeRegistry'
10:38:44,480 TRACE org.springframework.boot.autoconfigure.condition.OnBeanCondition:92 - Condition OnBeanCondition on org.springframework.boot.autoconfigure.data.mongo.MongoRepositoriesAutoConfiguration matched due to @ConditionalOnMissingBean (types: org.springframework.data.mongodb.repository.support.MongoRepositoryFactoryBean,org.springframework.data.mongodb.repository.config.MongoRepositoryConfigurationExtension; SearchStrategy: all) did not find any beans
10:38:44,480 TRACE org.springframework.boot.autoconfigure.condition.OnBeanCondition:92 - Condition OnBeanCondition on org.springframework.boot.autoconfigure.data.mongo.MongoRepositoriesAutoConfiguration matched due to @ConditionalOnMissingBean (types: org.springframework.data.mongodb.repository.support.MongoRepositoryFactoryBean,org.springframework.data.mongodb.repository.config.MongoRepositoryConfigurationExtension; SearchStrategy: all) did not find any beans
10:38:44,481 DEBUG org.springframework.beans.factory.support.DefaultListableBeanFactory:254 - Returning cached instance of singleton bean 'autoConfigurationReport'
10:38:44,481 DEBUG org.springframework.beans.factory.support.DefaultListableBeanFactory:254 - Returning cached instance of singleton bean 'autoConfigurationReport'
10:38:44,482 TRACE org.springframework.core.env.PropertySourcesPropertyResolver:82 - Searching for key 'spring.data.mongodb.repositories.type' in PropertySource 'Annotations'
10:38:44,482 TRACE org.springframework.core.env.PropertySourcesPropertyResolver:82 - Searching for key 'spring.data.mongodb.repositories.type' in PropertySource 'Annotations'
10:38:44,483 TRACE org.springframework.core.env.PropertySourcesPropertyResolver:82 - Searching for key 'spring.data.mongodb.repositories.type' in PropertySource 'configurationProperties'
10:38:44,483 TRACE org.springframework.core.env.PropertySourcesPropertyResolver:82 - Searching for key 'spring.data.mongodb.repositories.type' in PropertySource 'configurationProperties'
10:38:44,484 DEBUG org.springframework.core.env.PropertySourcesPropertyResolver:115 - Found key 'spring.data.mongodb.repositories.type' in PropertySource 'configurationProperties' with value of type String
10:38:44,484 DEBUG org.springframework.core.env.PropertySourcesPropertyResolver:115 - Found key 'spring.data.mongodb.repositories.type' in PropertySource 'configurationProperties' with value of type String
10:38:44,485 TRACE org.springframework.boot.autoconfigure.data.OnRepositoryTypeCondition:92 - Condition OnRepositoryTypeCondition on org.springframework.boot.autoconfigure.data.mongo.MongoRepositoriesAutoConfiguration matched due to @ConditionalOnRepositoryType configured type of 'AUTO' matched required type
10:38:44,485 TRACE org.springframework.boot.autoconfigure.data.OnRepositoryTypeCondition:92 - Condition OnRepositoryTypeCondition on org.springframework.boot.autoconfigure.data.mongo.MongoRepositoriesAutoConfiguration matched due to @ConditionalOnRepositoryType configured type of 'AUTO' matched required type
10:38:44,486 DEBUG org.springframework.beans.factory.support.DefaultListableBeanFactory:254 - Returning cached instance of singleton bean 'autoConfigurationReport'
10:38:44,486 DEBUG org.springframework.beans.factory.support.DefaultListableBeanFactory:254 - Returning cached instance of singleton bean 'autoConfigurationReport'
10:38:44,488 DEBUG org.springframework.context.annotation.ConfigurationClassBeanDefinitionReader:166 - Registered bean definition for imported class 'org.springframework.boot.autoconfigure.data.mongo.MongoRepositoriesAutoConfiguration'
10:38:44,488 DEBUG org.springframework.context.annotation.ConfigurationClassBeanDefinitionReader:166 - Registered bean definition for imported class 'org.springframework.boot.autoconfigure.data.mongo.MongoRepositoriesAutoConfiguration'
10:38:44,500 DEBUG org.springframework.core.env.StandardEnvironment:109 - Adding PropertySource 'systemProperties' with lowest search precedence
10:38:44,500 DEBUG org.springframework.core.env.StandardEnvironment:109 - Adding PropertySource 'systemProperties' with lowest search precedence
10:38:44,505 DEBUG org.springframework.core.env.StandardEnvironment:109 - Adding PropertySource 'systemEnvironment' with lowest search precedence
10:38:44,505 DEBUG org.springframework.core.env.StandardEnvironment:109 - Adding PropertySource 'systemEnvironment' with lowest search precedence
10:38:44,512 DEBUG org.springframework.core.env.StandardEnvironment:125 - Initialized StandardEnvironment with PropertySources [MapPropertySource@1780290663 {name='systemProperties', properties={java.runtime.name=Java(TM) SE Runtime Environment, sun.boot.library.path=C:\Program Files\Java\jdk1.8.0_131\jre\bin, java.vm.version=25.131-b11, user.country.format=UA, java.vm.vendor=Oracle Corporation, java.vendor.url=http://java.oracle.com/, path.separator=;, java.vm.name=Java HotSpot(TM) 64-Bit Server VM, file.encoding.pkg=sun.io, user.country=US, user.script=, sun.java.launcher=SUN_STANDARD, sun.os.patch.level=, PID=5372, java.vm.specification.name=Java Virtual Machine Specification, user.dir=E:\java\repos\JavaTutorAPI\javatutor, java.runtime.version=1.8.0_131-b11, basedir=E:\java\repos\JavaTutorAPI\javatutor, java.awt.graphicsenv=sun.awt.Win32GraphicsEnvironment, java.endorsed.dirs=C:\Program Files\Java\jdk1.8.0_131\jre\lib\endorsed, os.arch=amd64, surefire.real.class.path=C:\Users\MARYNA~1\AppData\Local\Temp\surefire1244754544745437156\surefirebooter7935569149334272143.jar, java.io.tmpdir=C:\Users\MARYNA~1\AppData\Local\Temp\, line.separator=
, java.vm.specification.vendor=Oracle Corporation, user.variant=, os.name=Windows 10, sun.jnu.encoding=Cp1252, spring.beaninfo.ignore=true, java.library.path=C:\Program Files\Java\jdk1.8.0_131\jre\bin;C:\WINDOWS\Sun\Java\bin;C:\WINDOWS\system32;C:\WINDOWS;C:\Users\Maryna Savchenko\bin;C:\Program Files\Git\mingw64\bin;C:\Program Files\Git\usr\local\bin;C:\Program Files\Git\usr\bin;C:\Program Files\Git\usr\bin;C:\Program Files\Git\mingw64\bin;C:\Program Files\Git\usr\bin;C:\Users\Maryna Savchenko\bin;C:\Program Files\Docker\Docker\Resources\bin;C:\ProgramData\Oracle\Java\javapath;C:\Program Files (x86)\Intel\TXE Components\TCS;C:\Program Files\Intel\TXE Components\TCS;C:\WINDOWS\system32;C:\WINDOWS;C:\WINDOWS\System32\Wbem;C:\WINDOWS\System32\WindowsPowerShell\v1.0;C:\Program Files\Intel\TXE Components\DAL;C:\Program Files (x86)\Intel\TXE Components\DAL;C:\Program Files\Intel\TXE Components\IPT;C:\Program Files (x86)\Intel\TXE Components\IPT;E:\java\apache-maven-3.5.0-bin\apache-maven-3.5.0\bin;C:\Program Files\Git\cmd;C:\Program Files\Java\jdk1.8.0_131\bin;C:\Program Files\MySQL\MySQL Utilities 1.6;C:\Program Files (x86)\bin;C:\Program Files (x86)\sbt\bin;C:\Program Files (x86)\Yarn\bin;C:\ProgramData\chocolatey\bin;C:\Program Files\nodejs;C:\Users\Maryna Savchenko\AppData\Local\Microsoft\WindowsApps;E:\java\spark-2.2.0-bin-hadoop2.7\bin;C:\Program Files\Java\jdk1.8.0_131\bin;C:\Program Files (x86)\sbt\bin;C:\winutils\bin;C:\Program Files\Docker Toolbox;C:\Users\Maryna Savchenko\AppData\Local\Yarn\bin;C:\Users\Maryna Savchenko\AppData\Roaming\npm;C:\Program Files\Git\usr\bin\vendor_perl;C:\Program Files\Git\usr\bin\core_perl;., surefire.test.class.path=E:\java\repos\JavaTutorAPI\javatutor\target\test-classes;E:\java\repos\JavaTutorAPI\javatutor\target\classes;C:\Users\Maryna Savchenko\.m2\repository\org\springframework\boot\spring-boot-starter-web\2.0.2.RELEASE\spring-boot-starter-web-2.0.2.RELEASE.jar;C:\Users\Maryna Savchenko\.m2\repository\org\springframework\boot\spring-boot-starter\2.0.2.RELEASE\spring-boot-starter-2.0.2.RELEASE.jar;C:\Users\Maryna Savchenko\.m2\repository\javax\annotation\javax.annotation-api\1.3.2\javax.annotation-api-1.3.2.jar;C:\Users\Maryna Savchenko\.m2\repository\org\yaml\snakeyaml\1.19\snakeyaml-1.19.jar;C:\Users\Maryna Savchenko\.m2\repository\org\springframework\boot\spring-boot-starter-json\2.0.2.RELEASE\spring-boot-starter-json-2.0.2.RELEASE.jar;C:\Users\Maryna Savchenko\.m2\repository\com\fasterxml\jackson\core\jackson-databind\2.9.5\jackson-databind-2.9.5.jar;C:\Users\Maryna Savchenko\.m2\repository\com\fasterxml\jackson\core\jackson-annotations\2.9.0\jackson-annotations-2.9.0.jar;C:\Users\Maryna Savchenko\.m2\repository\com\fasterxml\jackson\core\jackson-core\2.9.5\jackson-core-2.9.5.jar;C:\Users\Maryna Savchenko\.m2\repository\com\fasterxml\jackson\datatype\jackson-datatype-jdk8\2.9.5\jackson-datatype-jdk8-2.9.5.jar;C:\Users\Maryna Savchenko\.m2\repository\com\fasterxml\jackson\datatype\jackson-datatype-jsr310\2.9.5\jackson-datatype-jsr310-2.9.5.jar;C:\Users\Maryna Savchenko\.m2\repository\com\fasterxml\jackson\module\jackson-module-parameter-names\2.9.5\jackson-module-parameter-names-2.9.5.jar;C:\Users\Maryna Savchenko\.m2\repository\org\springframework\boot\spring-boot-starter-tomcat\2.0.2.RELEASE\spring-boot-starter-tomcat-2.0.2.RELEASE.jar;C:\Users\Maryna Savchenko\.m2\repository\org\apache\tomcat\embed\tomcat-embed-websocket\8.5.31\tomcat-embed-websocket-8.5.31.jar;C:\Users\Maryna Savchenko\.m2\repository\org\hibernate\validator\hibernate-validator\6.0.9.Final\hibernate-validator-6.0.9.Final.jar;C:\Users\Maryna Savchenko\.m2\repository\javax\validation\validation-api\2.0.1.Final\validation-api-2.0.1.Final.jar;C:\Users\Maryna Savchenko\.m2\repository\org\jboss\logging\jboss-logging\3.3.2.Final\jboss-logging-3.3.2.Final.jar;C:\Users\Maryna Savchenko\.m2\repository\com\fasterxml\classmate\1.3.4\classmate-1.3.4.jar;C:\Users\Maryna Savchenko\.m2\repository\org\springframework\spring-web\5.0.6.RELEASE\spring-web-5.0.6.RELEASE.jar;C:\Users\Maryna Savchenko\.m2\repository\org\springframework\spring-beans\5.0.6.RELEASE\spring-beans-5.0.6.RELEASE.jar;C:\Users\Maryna Savchenko\.m2\repository\org\springframework\spring-webmvc\5.0.6.RELEASE\spring-webmvc-5.0.6.RELEASE.jar;C:\Users\Maryna Savchenko\.m2\repository\org\springframework\spring-context\5.0.6.RELEASE\spring-context-5.0.6.RELEASE.jar;C:\Users\Maryna Savchenko\.m2\repository\org\springframework\spring-expression\5.0.6.RELEASE\spring-expression-5.0.6.RELEASE.jar;C:\Users\Maryna Savchenko\.m2\repository\org\slf4j\jcl-over-slf4j\1.7.25\jcl-over-slf4j-1.7.25.jar;C:\Users\Maryna Savchenko\.m2\repository\org\slf4j\slf4j-api\1.7.25\slf4j-api-1.7.25.jar;C:\Users\Maryna Savchenko\.m2\repository\org\slf4j\jul-to-slf4j\1.7.25\jul-to-slf4j-1.7.25.jar;C:\Users\Maryna Savchenko\.m2\repository\org\slf4j\slf4j-log4j12\1.7.25\slf4j-log4j12-1.7.25.jar;C:\Users\Maryna Savchenko\.m2\repository\log4j\log4j\1.2.17\log4j-1.2.17.jar;C:\Users\Maryna Savchenko\.m2\repository\org\springframework\boot\spring-boot-starter-data-mongodb\2.0.2.RELEASE\spring-boot-starter-data-mongodb-2.0.2.RELEASE.jar;C:\Users\Maryna Savchenko\.m2\repository\org\mongodb\mongodb-driver\3.6.0\mongodb-driver-3.6.0.jar;C:\Users\Maryna Savchenko\.m2\repository\org\mongodb\bson\3.6.0\bson-3.6.0.jar;C:\Users\Maryna Savchenko\.m2\repository\org\mongodb\mongodb-driver-core\3.6.0\mongodb-driver-core-3.6.0.jar;C:\Users\Maryna Savchenko\.m2\repository\org\springframework\data\spring-data-mongodb\2.0.7.RELEASE\spring-data-mongodb-2.0.7.RELEASE.jar;C:\Users\Maryna Savchenko\.m2\repository\org\springframework\spring-tx\5.0.6.RELEASE\spring-tx-5.0.6.RELEASE.jar;C:\Users\Maryna Savchenko\.m2\repository\org\springframework\data\spring-data-commons\2.0.7.RELEASE\spring-data-commons-2.0.7.RELEASE.jar;C:\Users\Maryna Savchenko\.m2\repository\org\springframework\boot\spring-boot-starter-actuator\2.0.2.RELEASE\spring-boot-starter-actuator-2.0.2.RELEASE.jar;C:\Users\Maryna Savchenko\.m2\repository\org\springframework\boot\spring-boot-actuator-autoconfigure\2.0.2.RELEASE\spring-boot-actuator-autoconfigure-2.0.2.RELEASE.jar;C:\Users\Maryna Savchenko\.m2\repository\org\springframework\boot\spring-boot-actuator\2.0.2.RELEASE\spring-boot-actuator-2.0.2.RELEASE.jar;C:\Users\Maryna Savchenko\.m2\repository\io\micrometer\micrometer-core\1.0.4\micrometer-core-1.0.4.jar;C:\Users\Maryna Savchenko\.m2\repository\org\hdrhistogram\HdrHistogram\2.1.10\HdrHistogram-2.1.10.jar;C:\Users\Maryna Savchenko\.m2\repository\org\latencyutils\LatencyUtils\2.0.3\LatencyUtils-2.0.3.jar;C:\Users\Maryna Savchenko\.m2\repository\org\springframework\boot\spring-boot-starter-security\2.0.2.RELEASE\spring-boot-starter-security-2.0.2.RELEASE.jar;C:\Users\Maryna Savchenko\.m2\repository\org\springframework\spring-aop\5.0.6.RELEASE\spring-aop-5.0.6.RELEASE.jar;C:\Users\Maryna Savchenko\.m2\repository\org\springframework\security\spring-security-config\5.0.5.RELEASE\spring-security-config-5.0.5.RELEASE.jar;C:\Users\Maryna Savchenko\.m2\repository\org\springframework\security\spring-security-web\5.0.5.RELEASE\spring-security-web-5.0.5.RELEASE.jar;C:\Users\Maryna Savchenko\.m2\repository\org\springframework\security\spring-security-test\5.0.5.RELEASE\spring-security-test-5.0.5.RELEASE.jar;C:\Users\Maryna Savchenko\.m2\repository\org\springframework\security\spring-security-core\5.0.5.RELEASE\spring-security-core-5.0.5.RELEASE.jar;C:\Users\Maryna Savchenko\.m2\repository\org\springframework\spring-core\5.0.6.RELEASE\spring-core-5.0.6.RELEASE.jar;C:\Users\Maryna Savchenko\.m2\repository\org\springframework\spring-jcl\5.0.6.RELEASE\spring-jcl-5.0.6.RELEASE.jar;C:\Users\Maryna Savchenko\.m2\repository\org\springframework\spring-test\5.0.6.RELEASE\spring-test-5.0.6.RELEASE.jar;C:\Users\Maryna Savchenko\.m2\repository\org\springframework\boot\spring-boot-devtools\2.0.2.RELEASE\spring-boot-devtools-2.0.2.RELEASE.jar;C:\Users\Maryna Savchenko\.m2\repository\org\springframework\boot\spring-boot\2.0.2.RELEASE\spring-boot-2.0.2.RELEASE.jar;C:\Users\Maryna Savchenko\.m2\repository\org\springframework\boot\spring-boot-autoconfigure\2.0.2.RELEASE\spring-boot-autoconfigure-2.0.2.RELEASE.jar;C:\Users\Maryna Savchenko\.m2\repository\org\springframework\boot\spring-boot-starter-test\2.0.2.RELEASE\spring-boot-starter-test-2.0.2.RELEASE.jar;C:\Users\Maryna Savchenko\.m2\repository\org\springframework\boot\spring-boot-test\2.0.2.RELEASE\spring-boot-test-2.0.2.RELEASE.jar;C:\Users\Maryna Savchenko\.m2\repository\org\springframework\boot\spring-boot-test-autoconfigure\2.0.2.RELEASE\spring-boot-test-autoconfigure-2.0.2.RELEASE.jar;C:\Users\Maryna Savchenko\.m2\repository\com\jayway\jsonpath\json-path\2.4.0\json-path-2.4.0.jar;C:\Users\Maryna Savchenko\.m2\repository\net\minidev\json-smart\2.3\json-smart-2.3.jar;C:\Users\Maryna Savchenko\.m2\repository\net\minidev\accessors-smart\1.2\accessors-smart-1.2.jar;C:\Users\Maryna Savchenko\.m2\repository\org\ow2\asm\asm\5.0.4\asm-5.0.4.jar;C:\Users\Maryna Savchenko\.m2\repository\org\assertj\assertj-core\3.9.1\assertj-core-3.9.1.jar;C:\Users\Maryna Savchenko\.m2\repository\org\mockito\mockito-core\2.15.0\mockito-core-2.15.0.jar;C:\Users\Maryna Savchenko\.m2\repository\net\bytebuddy\byte-buddy\1.7.11\byte-buddy-1.7.11.jar;C:\Users\Maryna Savchenko\.m2\repository\net\bytebuddy\byte-buddy-agent\1.7.11\byte-buddy-agent-1.7.11.jar;C:\Users\Maryna Savchenko\.m2\repository\org\objenesis\objenesis\2.6\objenesis-2.6.jar;C:\Users\Maryna Savchenko\.m2\repository\org\hamcrest\hamcrest-core\1.3\hamcrest-core-1.3.jar;C:\Users\Maryna Savchenko\.m2\repository\org\hamcrest\hamcrest-library\1.3\hamcrest-library-1.3.jar;C:\Users\Maryna Savchenko\.m2\repository\org\skyscreamer\jsonassert\1.5.0\jsonassert-1.5.0.jar;C:\Users\Maryna Savchenko\.m2\repository\com\vaadin\external\google\android-json\0.0.20131108.vaadin1\android-json-0.0.20131108.vaadin1.jar;C:\Users\Maryna Savchenko\.m2\repository\org\xmlunit\xmlunit-core\2.5.1\xmlunit-core-2.5.1.jar;C:\Users\Maryna Savchenko\.m2\repository\pl\pragmatists\JUnitParams\1.1.1\JUnitParams-1.1.1.jar;C:\Users\Maryna Savchenko\.m2\repository\org\apache\tomcat\embed\tomcat-embed-jasper\8.5.31\tomcat-embed-jasper-8.5.31.jar;C:\Users\Maryna Savchenko\.m2\repository\org\apache\tomcat\embed\tomcat-embed-core\8.5.31\tomcat-embed-core-8.5.31.jar;C:\Users\Maryna Savchenko\.m2\repository\org\apache\tomcat\tomcat-annotations-api\8.5.31\tomcat-annotations-api-8.5.31.jar;C:\Users\Maryna Savchenko\.m2\repository\org\apache\tomcat\embed\tomcat-embed-el\8.5.31\tomcat-embed-el-8.5.31.jar;C:\Users\Maryna Savchenko\.m2\repository\org\eclipse\jdt\ecj\3.12.3\ecj-3.12.3.jar;C:\Users\Maryna Savchenko\.m2\repository\junit\junit\4.12\junit-4.12.jar;C:\Users\Maryna Savchenko\.m2\repository\org\projectlombok\lombok\1.16.20\lombok-1.16.20.jar;C:\Users\Maryna Savchenko\.m2\repository\org\projectlombok\lombok-maven-plugin\1.16.20.0\lombok-maven-plugin-1.16.20.0.jar;C:\Users\Maryna Savchenko\.m2\repository\org\apache\commons\commons-lang3\3.7\commons-lang3-3.7.jar;C:\Users\Maryna Savchenko\.m2\repository\org\sonatype\plexus\plexus-build-api\0.0.7\plexus-build-api-0.0.7.jar;C:\Users\Maryna Savchenko\.m2\repository\org\codehaus\plexus\plexus-utils\1.5.8\plexus-utils-1.5.8.jar;, java.specification.name=Java Platform API Specification, java.class.version=52.0, sun.management.compiler=HotSpot 64-Bit Tiered Compilers, os.version=10.0, user.home=C:\Users\Maryna Savchenko, user.timezone=Europe/Belgrade, java.awt.printerjob=sun.awt.windows.WPrinterJob, file.encoding=Cp1252, java.specification.version=1.8, java.class.path=E:\java\repos\JavaTutorAPI\javatutor\target\test-classes;E:\java\repos\JavaTutorAPI\javatutor\target\classes;C:\Users\Maryna Savchenko\.m2\repository\org\springframework\boot\spring-boot-starter-web\2.0.2.RELEASE\spring-boot-starter-web-2.0.2.RELEASE.jar;C:\Users\Maryna Savchenko\.m2\repository\org\springframework\boot\spring-boot-starter\2.0.2.RELEASE\spring-boot-starter-2.0.2.RELEASE.jar;C:\Users\Maryna Savchenko\.m2\repository\javax\annotation\javax.annotation-api\1.3.2\javax.annotation-api-1.3.2.jar;C:\Users\Maryna Savchenko\.m2\repository\org\yaml\snakeyaml\1.19\snakeyaml-1.19.jar;C:\Users\Maryna Savchenko\.m2\repository\org\springframework\boot\spring-boot-starter-json\2.0.2.RELEASE\spring-boot-starter-json-2.0.2.RELEASE.jar;C:\Users\Maryna Savchenko\.m2\repository\com\fasterxml\jackson\core\jackson-databind\2.9.5\jackson-databind-2.9.5.jar;C:\Users\Maryna Savchenko\.m2\repository\com\fasterxml\jackson\core\jackson-annotations\2.9.0\jackson-annotations-2.9.0.jar;C:\Users\Maryna Savchenko\.m2\repository\com\fasterxml\jackson\core\jackson-core\2.9.5\jackson-core-2.9.5.jar;C:\Users\Maryna Savchenko\.m2\repository\com\fasterxml\jackson\datatype\jackson-datatype-jdk8\2.9.5\jackson-datatype-jdk8-2.9.5.jar;C:\Users\Maryna Savchenko\.m2\repository\com\fasterxml\jackson\datatype\jackson-datatype-jsr310\2.9.5\jackson-datatype-jsr310-2.9.5.jar;C:\Users\Maryna Savchenko\.m2\repository\com\fasterxml\jackson\module\jackson-module-parameter-names\2.9.5\jackson-module-parameter-names-2.9.5.jar;C:\Users\Maryna Savchenko\.m2\repository\org\springframework\boot\spring-boot-starter-tomcat\2.0.2.RELEASE\spring-boot-starter-tomcat-2.0.2.RELEASE.jar;C:\Users\Maryna Savchenko\.m2\repository\org\apache\tomcat\embed\tomcat-embed-websocket\8.5.31\tomcat-embed-websocket-8.5.31.jar;C:\Users\Maryna Savchenko\.m2\repository\org\hibernate\validator\hibernate-validator\6.0.9.Final\hibernate-validator-6.0.9.Final.jar;C:\Users\Maryna Savchenko\.m2\repository\javax\validation\validation-api\2.0.1.Final\validation-api-2.0.1.Final.jar;C:\Users\Maryna Savchenko\.m2\repository\org\jboss\logging\jboss-logging\3.3.2.Final\jboss-logging-3.3.2.Final.jar;C:\Users\Maryna Savchenko\.m2\repository\com\fasterxml\classmate\1.3.4\classmate-1.3.4.jar;C:\Users\Maryna Savchenko\.m2\repository\org\springframework\spring-web\5.0.6.RELEASE\spring-web-5.0.6.RELEASE.jar;C:\Users\Maryna Savchenko\.m2\repository\org\springframework\spring-beans\5.0.6.RELEASE\spring-beans-5.0.6.RELEASE.jar;C:\Users\Maryna Savchenko\.m2\repository\org\springframework\spring-webmvc\5.0.6.RELEASE\spring-webmvc-5.0.6.RELEASE.jar;C:\Users\Maryna Savchenko\.m2\repository\org\springframework\spring-context\5.0.6.RELEASE\spring-context-5.0.6.RELEASE.jar;C:\Users\Maryna Savchenko\.m2\repository\org\springframework\spring-expression\5.0.6.RELEASE\spring-expression-5.0.6.RELEASE.jar;C:\Users\Maryna Savchenko\.m2\repository\org\slf4j\jcl-over-slf4j\1.7.25\jcl-over-slf4j-1.7.25.jar;C:\Users\Maryna Savchenko\.m2\repository\org\slf4j\slf4j-api\1.7.25\slf4j-api-1.7.25.jar;C:\Users\Maryna Savchenko\.m2\repository\org\slf4j\jul-to-slf4j\1.7.25\jul-to-slf4j-1.7.25.jar;C:\Users\Maryna Savchenko\.m2\repository\org\slf4j\slf4j-log4j12\1.7.25\slf4j-log4j12-1.7.25.jar;C:\Users\Maryna Savchenko\.m2\repository\log4j\log4j\1.2.17\log4j-1.2.17.jar;C:\Users\Maryna Savchenko\.m2\repository\org\springframework\boot\spring-boot-starter-data-mongodb\2.0.2.RELEASE\spring-boot-starter-data-mongodb-2.0.2.RELEASE.jar;C:\Users\Maryna Savchenko\.m2\repository\org\mongodb\mongodb-driver\3.6.0\mongodb-driver-3.6.0.jar;C:\Users\Maryna Savchenko\.m2\repository\org\mongodb\bson\3.6.0\bson-3.6.0.jar;C:\Users\Maryna Savchenko\.m2\repository\org\mongodb\mongodb-driver-core\3.6.0\mongodb-driver-core-3.6.0.jar;C:\Users\Maryna Savchenko\.m2\repository\org\springframework\data\spring-data-mongodb\2.0.7.RELEASE\spring-data-mongodb-2.0.7.RELEASE.jar;C:\Users\Maryna Savchenko\.m2\repository\org\springframework\spring-tx\5.0.6.RELEASE\spring-tx-5.0.6.RELEASE.jar;C:\Users\Maryna Savchenko\.m2\repository\org\springframework\data\spring-data-commons\2.0.7.RELEASE\spring-data-commons-2.0.7.RELEASE.jar;C:\Users\Maryna Savchenko\.m2\repository\org\springframework\boot\spring-boot-starter-actuator\2.0.2.RELEASE\spring-boot-starter-actuator-2.0.2.RELEASE.jar;C:\Users\Maryna Savchenko\.m2\repository\org\springframework\boot\spring-boot-actuator-autoconfigure\2.0.2.RELEASE\spring-boot-actuator-autoconfigure-2.0.2.RELEASE.jar;C:\Users\Maryna Savchenko\.m2\repository\org\springframework\boot\spring-boot-actuator\2.0.2.RELEASE\spring-boot-actuator-2.0.2.RELEASE.jar;C:\Users\Maryna Savchenko\.m2\repository\io\micrometer\micrometer-core\1.0.4\micrometer-core-1.0.4.jar;C:\Users\Maryna Savchenko\.m2\repository\org\hdrhistogram\HdrHistogram\2.1.10\HdrHistogram-2.1.10.jar;C:\Users\Maryna Savchenko\.m2\repository\org\latencyutils\LatencyUtils\2.0.3\LatencyUtils-2.0.3.jar;C:\Users\Maryna Savchenko\.m2\repository\org\springframework\boot\spring-boot-starter-security\2.0.2.RELEASE\spring-boot-starter-security-2.0.2.RELEASE.jar;C:\Users\Maryna Savchenko\.m2\repository\org\springframework\spring-aop\5.0.6.RELEASE\spring-aop-5.0.6.RELEASE.jar;C:\Users\Maryna Savchenko\.m2\repository\org\springframework\security\spring-security-config\5.0.5.RELEASE\spring-security-config-5.0.5.RELEASE.jar;C:\Users\Maryna Savchenko\.m2\repository\org\springframework\security\spring-security-web\5.0.5.RELEASE\spring-security-web-5.0.5.RELEASE.jar;C:\Users\Maryna Savchenko\.m2\repository\org\springframework\security\spring-security-test\5.0.5.RELEASE\spring-security-test-5.0.5.RELEASE.jar;C:\Users\Maryna Savchenko\.m2\repository\org\springframework\security\spring-security-core\5.0.5.RELEASE\spring-security-core-5.0.5.RELEASE.jar;C:\Users\Maryna Savchenko\.m2\repository\org\springframework\spring-core\5.0.6.RELEASE\spring-core-5.0.6.RELEASE.jar;C:\Users\Maryna Savchenko\.m2\repository\org\springframework\spring-jcl\5.0.6.RELEASE\spring-jcl-5.0.6.RELEASE.jar;C:\Users\Maryna Savchenko\.m2\repository\org\springframework\spring-test\5.0.6.RELEASE\spring-test-5.0.6.RELEASE.jar;C:\Users\Maryna Savchenko\.m2\repository\org\springframework\boot\spring-boot-devtools\2.0.2.RELEASE\spring-boot-devtools-2.0.2.RELEASE.jar;C:\Users\Maryna Savchenko\.m2\repository\org\springframework\boot\spring-boot\2.0.2.RELEASE\spring-boot-2.0.2.RELEASE.jar;C:\Users\Maryna Savchenko\.m2\repository\org\springframework\boot\spring-boot-autoconfigure\2.0.2.RELEASE\spring-boot-autoconfigure-2.0.2.RELEASE.jar;C:\Users\Maryna Savchenko\.m2\repository\org\springframework\boot\spring-boot-starter-test\2.0.2.RELEASE\spring-boot-starter-test-2.0.2.RELEASE.jar;C:\Users\Maryna Savchenko\.m2\repository\org\springframework\boot\spring-boot-test\2.0.2.RELEASE\spring-boot-test-2.0.2.RELEASE.jar;C:\Users\Maryna Savchenko\.m2\repository\org\springframework\boot\spring-boot-test-autoconfigure\2.0.2.RELEASE\spring-boot-test-autoconfigure-2.0.2.RELEASE.jar;C:\Users\Maryna Savchenko\.m2\repository\com\jayway\jsonpath\json-path\2.4.0\json-path-2.4.0.jar;C:\Users\Maryna Savchenko\.m2\repository\net\minidev\json-smart\2.3\json-smart-2.3.jar;C:\Users\Maryna Savchenko\.m2\repository\net\minidev\accessors-smart\1.2\accessors-smart-1.2.jar;C:\Users\Maryna Savchenko\.m2\repository\org\ow2\asm\asm\5.0.4\asm-5.0.4.jar;C:\Users\Maryna Savchenko\.m2\repository\org\assertj\assertj-core\3.9.1\assertj-core-3.9.1.jar;C:\Users\Maryna Savchenko\.m2\repository\org\mockito\mockito-core\2.15.0\mockito-core-2.15.0.jar;C:\Users\Maryna Savchenko\.m2\repository\net\bytebuddy\byte-buddy\1.7.11\byte-buddy-1.7.11.jar;C:\Users\Maryna Savchenko\.m2\repository\net\bytebuddy\byte-buddy-agent\1.7.11\byte-buddy-agent-1.7.11.jar;C:\Users\Maryna Savchenko\.m2\repository\org\objenesis\objenesis\2.6\objenesis-2.6.jar;C:\Users\Maryna Savchenko\.m2\repository\org\hamcrest\hamcrest-core\1.3\hamcrest-core-1.3.jar;C:\Users\Maryna Savchenko\.m2\repository\org\hamcrest\hamcrest-library\1.3\hamcrest-library-1.3.jar;C:\Users\Maryna Savchenko\.m2\repository\org\skyscreamer\jsonassert\1.5.0\jsonassert-1.5.0.jar;C:\Users\Maryna Savchenko\.m2\repository\com\vaadin\external\google\android-json\0.0.20131108.vaadin1\android-json-0.0.20131108.vaadin1.jar;C:\Users\Maryna Savchenko\.m2\repository\org\xmlunit\xmlunit-core\2.5.1\xmlunit-core-2.5.1.jar;C:\Users\Maryna Savchenko\.m2\repository\pl\pragmatists\JUnitParams\1.1.1\JUnitParams-1.1.1.jar;C:\Users\Maryna Savchenko\.m2\repository\org\apache\tomcat\embed\tomcat-embed-jasper\8.5.31\tomcat-embed-jasper-8.5.31.jar;C:\Users\Maryna Savchenko\.m2\repository\org\apache\tomcat\embed\tomcat-embed-core\8.5.31\tomcat-embed-core-8.5.31.jar;C:\Users\Maryna Savchenko\.m2\repository\org\apache\tomcat\tomcat-annotations-api\8.5.31\tomcat-annotations-api-8.5.31.jar;C:\Users\Maryna Savchenko\.m2\repository\org\apache\tomcat\embed\tomcat-embed-el\8.5.31\tomcat-embed-el-8.5.31.jar;C:\Users\Maryna Savchenko\.m2\repository\org\eclipse\jdt\ecj\3.12.3\ecj-3.12.3.jar;C:\Users\Maryna Savchenko\.m2\repository\junit\junit\4.12\junit-4.12.jar;C:\Users\Maryna Savchenko\.m2\repository\org\projectlombok\lombok\1.16.20\lombok-1.16.20.jar;C:\Users\Maryna Savchenko\.m2\repository\org\projectlombok\lombok-maven-plugin\1.16.20.0\lombok-maven-plugin-1.16.20.0.jar;C:\Users\Maryna Savchenko\.m2\repository\org\apache\commons\commons-lang3\3.7\commons-lang3-3.7.jar;C:\Users\Maryna Savchenko\.m2\repository\org\sonatype\plexus\plexus-build-api\0.0.7\plexus-build-api-0.0.7.jar;C:\Users\Maryna Savchenko\.m2\repository\org\codehaus\plexus\plexus-utils\1.5.8\plexus-utils-1.5.8.jar;, user.name=Maryna Savchenko, java.vm.specification.version=1.8, sun.java.command=C:\Users\MARYNA~1\AppData\Local\Temp\surefire1244754544745437156\surefirebooter7935569149334272143.jar C:\Users\Maryna Savchenko\AppData\Local\Temp\surefire1244754544745437156 2018-10-11T10-37-06_854-jvmRun1 surefire6084229711424990350tmp surefire_01445494788152468973tmp, java.home=C:\Program Files\Java\jdk1.8.0_131\jre, sun.arch.data.model=64, user.language=en, java.specification.vendor=Oracle Corporation, user.language.format=uk, awt.toolkit=sun.awt.windows.WToolkit, java.vm.info=mixed mode, java.version=1.8.0_131, java.ext.dirs=C:\Program Files\Java\jdk1.8.0_131\jre\lib\ext;C:\WINDOWS\Sun\Java\lib\ext, sun.boot.class.path=C:\Program Files\Java\jdk1.8.0_131\jre\lib\resources.jar;C:\Program Files\Java\jdk1.8.0_131\jre\lib\rt.jar;C:\Program Files\Java\jdk1.8.0_131\jre\lib\sunrsasign.jar;C:\Program Files\Java\jdk1.8.0_131\jre\lib\jsse.jar;C:\Program Files\Java\jdk1.8.0_131\jre\lib\jce.jar;C:\Program Files\Java\jdk1.8.0_131\jre\lib\charsets.jar;C:\Program Files\Java\jdk1.8.0_131\jre\lib\jfr.jar;C:\Program Files\Java\jdk1.8.0_131\jre\classes, java.awt.headless=true, java.vendor=Oracle Corporation, localRepository=C:\Users\Maryna Savchenko\.m2\repository, file.separator=\, java.vendor.url.bug=http://bugreport.sun.com/bugreport/, sun.io.unicode.encoding=UnicodeLittle, sun.cpu.endian=little, sun.desktop=windows, sun.cpu.isalist=amd64}}, SystemEnvironmentPropertySource@1399693980 {name='systemEnvironment', properties={PATH=C:\Users\Maryna Savchenko\bin;C:\Program Files\Git\mingw64\bin;C:\Program Files\Git\usr\local\bin;C:\Program Files\Git\usr\bin;C:\Program Files\Git\usr\bin;C:\Program Files\Git\mingw64\bin;C:\Program Files\Git\usr\bin;C:\Users\Maryna Savchenko\bin;C:\Program Files\Docker\Docker\Resources\bin;C:\ProgramData\Oracle\Java\javapath;C:\Program Files (x86)\Intel\TXE Components\TCS;C:\Program Files\Intel\TXE Components\TCS;C:\WINDOWS\system32;C:\WINDOWS;C:\WINDOWS\System32\Wbem;C:\WINDOWS\System32\WindowsPowerShell\v1.0;C:\Program Files\Intel\TXE Components\DAL;C:\Program Files (x86)\Intel\TXE Components\DAL;C:\Program Files\Intel\TXE Components\IPT;C:\Program Files (x86)\Intel\TXE Components\IPT;E:\java\apache-maven-3.5.0-bin\apache-maven-3.5.0\bin;C:\Program Files\Git\cmd;C:\Program Files\Java\jdk1.8.0_131\bin;C:\Program Files\MySQL\MySQL Utilities 1.6;C:\Program Files (x86)\bin;C:\Program Files (x86)\sbt\bin;C:\Program Files (x86)\Yarn\bin;C:\ProgramData\chocolatey\bin;C:\Program Files\nodejs;C:\Users\Maryna Savchenko\AppData\Local\Microsoft\WindowsApps;E:\java\spark-2.2.0-bin-hadoop2.7\bin;C:\Program Files\Java\jdk1.8.0_131\bin;C:\Program Files (x86)\sbt\bin;C:\winutils\bin;C:\Program Files\Docker Toolbox;C:\Users\Maryna Savchenko\AppData\Local\Yarn\bin;C:\Users\Maryna Savchenko\AppData\Roaming\npm;C:\Program Files\Git\usr\bin\vendor_perl;C:\Program Files\Git\usr\bin\core_perl, USERDOMAIN_ROAMINGPROFILE=BigBrother, PKG_CONFIG_PATH=C:\Program Files\Git\mingw64\lib\pkgconfig;C:\Program Files\Git\mingw64\share\pkgconfig, MSYSTEM_PREFIX=C:/Program Files/Git/mingw64, PROCESSOR_LEVEL=6, SYSTEMDRIVE=C:, CONFIG_SITE=C:/Program Files/Git/mingw64/etc/config.site, FP_NO_HOST_CHECK=NO, POSTGIS_GDAL_ENABLED_DRIVERS=GTiff PNG JPEG GIF XYZ DTED USGSDEM AAIGrid, SESSIONNAME=Console, ALLUSERSPROFILE=C:\ProgramData, GDAL_DATA=C:\Program Files\PostgreSQL\9.6\gdal-data, PROCESSOR_ARCHITECTURE=AMD64, MSYSTEM_CHOST=x86_64-w64-mingw32, =E:=E:\java\repos\JavaTutorAPI\javatutor, ORIGINAL_TEMP=C:/Users/MARYNA~1/AppData/Local/Temp, PROGRAMFILES=C:\Program Files, POSTGIS_ENABLE_OUTDB_RASTERS=1, PSMODULEPATH=C:\WINDOWS\system32\WindowsPowerShell\v1.0\Modules\, PROGRAMDATA=C:\ProgramData, CHOCOLATEYLASTPATHUPDATE=?? ??? 24 11:36:27 2018, USERNAME=Maryna Savchenko, PWD=E:/java/repos/JavaTutorAPI/javatutor, INFOPATH=C:\Program Files\Git\usr\local\info;C:\Program Files\Git\usr\share\info;C:\Program Files\Git\usr\info;C:\Program Files\Git\share\info, FPS_BROWSER_USER_PROFILE_STRING=Default, ONEDRIVE=C:\Users\Maryna Savchenko\OneDrive, PATHEXT=.COM;.EXE;.BAT;.CMD;.VBS;.VBE;.JS;.JSE;.WSF;.WSH;.MSC, SHELL=C:\Program Files\Git\usr\bin\bash.exe, ORIGINAL_TMP=C:/Users/MARYNA~1/AppData/Local/Temp, OLDPWD=E:/java/repos/JavaTutorAPI/javatutor, TMPDIR=C:\Users\MARYNA~1\AppData\Local\Temp, WINDIR=C:\WINDOWS, SSH_ASKPASS=C:/Program Files/Git/mingw64/libexec/git-core/git-gui--askpass, HOMEPATH=\Users\Maryna Savchenko, PROCESSOR_IDENTIFIER=Intel64 Family 6 Model 76 Stepping 3, GenuineIntel, HADOOP_HOME=C:\winutils, M2_HOME=E:\java\apache-maven-3.5.0-bin\apache-maven-3.5.0, PUBLIC=C:\Users\Public, MINGW_CHOST=x86_64-w64-mingw32, =::=::\, EXEPATH=C:\Program Files\Git, SHLVL=1, LOCALAPPDATA=C:\Users\Maryna Savchenko\AppData\Local, ORIGINAL_PATH=C:\Program Files\Git\mingw64\bin;C:\Program Files\Git\usr\bin;C:\Users\Maryna Savchenko\bin;C:\Program Files\Docker\Docker\Resources\bin;C:\ProgramData\Oracle\Java\javapath;C:\Program Files (x86)\Intel\TXE Components\TCS;C:\Program Files\Intel\TXE Components\TCS;C:\WINDOWS\system32;C:\WINDOWS;C:\WINDOWS\System32\Wbem;C:\WINDOWS\System32\WindowsPowerShell\v1.0;C:\Program Files\Intel\TXE Components\DAL;C:\Program Files (x86)\Intel\TXE Components\DAL;C:\Program Files\Intel\TXE Components\IPT;C:\Program Files (x86)\Intel\TXE Components\IPT;E:\java\apache-maven-3.5.0-bin\apache-maven-3.5.0\bin;C:\Program Files\Git\cmd;C:\Program Files\Java\jdk1.8.0_131\bin;C:\Program Files\MySQL\MySQL Utilities 1.6;C:\Program Files (x86)\bin;C:\Program Files (x86)\sbt\bin;C:\Program Files (x86)\Yarn\bin;C:\ProgramData\chocolatey\bin;C:\Program Files\nodejs;C:\Users\Maryna Savchenko\AppData\Local\Microsoft\WindowsApps;E:\java\spark-2.2.0-bin-hadoop2.7\bin;C:\Program Files\Java\jdk1.8.0_131\bin;C:\Program Files (x86)\sbt\bin;C:\winutils\bin;C:\Program Files\Docker Toolbox;C:\Users\Maryna Savchenko\AppData\Local\Yarn\bin;C:\Users\Maryna Savchenko\AppData\Roaming\npm, MANPATH=C:\Program Files\Git\mingw64\share\man;C:\Program Files\Git\usr\local\man;C:\Program Files\Git\usr\share\man;C:\Program Files\Git\usr\man;C:\Program Files\Git\share\man, COMMONPROGRAMFILES(X86)=C:\Program Files (x86)\Common Files, MINGW_PACKAGE_PREFIX=mingw-w64-x86_64, USERDOMAIN=BigBrother, FPS_BROWSER_APP_PROFILE_STRING=Internet Explorer, LOGONSERVER=\\BIGBROTHER, JAVA_HOME=C:/Program Files/Java/jdk1.8.0_131, PLINK_PROTOCOL=ssh, PROMPT=$P$G, PROGRAMFILES(X86)=C:\Program Files (x86), TERM=xterm, LANG=en_US.UTF-8, MINGW_PREFIX=C:/Program Files/Git/mingw64, DISPLAY=needs-to-be-defined, MSYSTEM=MINGW64, APPDATA=C:\Users\Maryna Savchenko\AppData\Roaming, SPARK_HOME=E:\java\spark-2.2.0-bin-hadoop2.7, PROGRAMW6432=C:\Program Files, SYSTEMROOT=C:\WINDOWS, CHOCOLATEYINSTALL=C:\ProgramData\chocolatey, MAVEN_CMD_LINE_ARGS= test, SCALA_HOME=C:\Program Files (x86)\sbt, VBOX_MSI_INSTALL_PATH=C:\Program Files\Oracle\VirtualBox\, OS=Windows_NT, COMMONPROGRAMW6432=C:\Program Files\Common Files, COMPUTERNAME=BIGBROTHER, COMMONPROGRAMFILES=C:\Program Files\Common Files, COMSPEC=C:\WINDOWS\system32\cmd.exe, SBT_HOME=C:\Program Files (x86)\sbt\, MAVEN_PROJECTBASEDIR=E:/java/repos/JavaTutorAPI/javatutor, PROCESSOR_REVISION=4c03, ACLOCAL_PATH=C:\Program Files\Git\mingw64\share\aclocal;C:\Program Files\Git\usr\share\aclocal, MSYSTEM_CARCH=x86_64, PRINTER=Foxit Reader PDF Printer, TEMP=C:\Users\MARYNA~1\AppData\Local\Temp, HOSTNAME=BigBrother, HOMEDRIVE=C:, USERPROFILE=C:\Users\Maryna Savchenko, TMP=C:\Users\MARYNA~1\AppData\Local\Temp, NUMBER_OF_PROCESSORS=4, DOCKER_TOOLBOX_INSTALL_PATH=C:\Program Files\Docker Toolbox, HOME=C:\Users\Maryna Savchenko}}]
10:38:44,512 DEBUG org.springframework.core.env.StandardEnvironment:125 - Initialized StandardEnvironment with PropertySources [MapPropertySource@1780290663 {name='systemProperties', properties={java.runtime.name=Java(TM) SE Runtime Environment, sun.boot.library.path=C:\Program Files\Java\jdk1.8.0_131\jre\bin, java.vm.version=25.131-b11, user.country.format=UA, java.vm.vendor=Oracle Corporation, java.vendor.url=http://java.oracle.com/, path.separator=;, java.vm.name=Java HotSpot(TM) 64-Bit Server VM, file.encoding.pkg=sun.io, user.country=US, user.script=, sun.java.launcher=SUN_STANDARD, sun.os.patch.level=, PID=5372, java.vm.specification.name=Java Virtual Machine Specification, user.dir=E:\java\repos\JavaTutorAPI\javatutor, java.runtime.version=1.8.0_131-b11, basedir=E:\java\repos\JavaTutorAPI\javatutor, java.awt.graphicsenv=sun.awt.Win32GraphicsEnvironment, java.endorsed.dirs=C:\Program Files\Java\jdk1.8.0_131\jre\lib\endorsed, os.arch=amd64, surefire.real.class.path=C:\Users\MARYNA~1\AppData\Local\Temp\surefire1244754544745437156\surefirebooter7935569149334272143.jar, java.io.tmpdir=C:\Users\MARYNA~1\AppData\Local\Temp\, line.separator=
, java.vm.specification.vendor=Oracle Corporation, user.variant=, os.name=Windows 10, sun.jnu.encoding=Cp1252, spring.beaninfo.ignore=true, java.library.path=C:\Program Files\Java\jdk1.8.0_131\jre\bin;C:\WINDOWS\Sun\Java\bin;C:\WINDOWS\system32;C:\WINDOWS;C:\Users\Maryna Savchenko\bin;C:\Program Files\Git\mingw64\bin;C:\Program Files\Git\usr\local\bin;C:\Program Files\Git\usr\bin;C:\Program Files\Git\usr\bin;C:\Program Files\Git\mingw64\bin;C:\Program Files\Git\usr\bin;C:\Users\Maryna Savchenko\bin;C:\Program Files\Docker\Docker\Resources\bin;C:\ProgramData\Oracle\Java\javapath;C:\Program Files (x86)\Intel\TXE Components\TCS;C:\Program Files\Intel\TXE Components\TCS;C:\WINDOWS\system32;C:\WINDOWS;C:\WINDOWS\System32\Wbem;C:\WINDOWS\System32\WindowsPowerShell\v1.0;C:\Program Files\Intel\TXE Components\DAL;C:\Program Files (x86)\Intel\TXE Components\DAL;C:\Program Files\Intel\TXE Components\IPT;C:\Program Files (x86)\Intel\TXE Components\IPT;E:\java\apache-maven-3.5.0-bin\apache-maven-3.5.0\bin;C:\Program Files\Git\cmd;C:\Program Files\Java\jdk1.8.0_131\bin;C:\Program Files\MySQL\MySQL Utilities 1.6;C:\Program Files (x86)\bin;C:\Program Files (x86)\sbt\bin;C:\Program Files (x86)\Yarn\bin;C:\ProgramData\chocolatey\bin;C:\Program Files\nodejs;C:\Users\Maryna Savchenko\AppData\Local\Microsoft\WindowsApps;E:\java\spark-2.2.0-bin-hadoop2.7\bin;C:\Program Files\Java\jdk1.8.0_131\bin;C:\Program Files (x86)\sbt\bin;C:\winutils\bin;C:\Program Files\Docker Toolbox;C:\Users\Maryna Savchenko\AppData\Local\Yarn\bin;C:\Users\Maryna Savchenko\AppData\Roaming\npm;C:\Program Files\Git\usr\bin\vendor_perl;C:\Program Files\Git\usr\bin\core_perl;., surefire.test.class.path=E:\java\repos\JavaTutorAPI\javatutor\target\test-classes;E:\java\repos\JavaTutorAPI\javatutor\target\classes;C:\Users\Maryna Savchenko\.m2\repository\org\springframework\boot\spring-boot-starter-web\2.0.2.RELEASE\spring-boot-starter-web-2.0.2.RELEASE.jar;C:\Users\Maryna Savchenko\.m2\repository\org\springframework\boot\spring-boot-starter\2.0.2.RELEASE\spring-boot-starter-2.0.2.RELEASE.jar;C:\Users\Maryna Savchenko\.m2\repository\javax\annotation\javax.annotation-api\1.3.2\javax.annotation-api-1.3.2.jar;C:\Users\Maryna Savchenko\.m2\repository\org\yaml\snakeyaml\1.19\snakeyaml-1.19.jar;C:\Users\Maryna Savchenko\.m2\repository\org\springframework\boot\spring-boot-starter-json\2.0.2.RELEASE\spring-boot-starter-json-2.0.2.RELEASE.jar;C:\Users\Maryna Savchenko\.m2\repository\com\fasterxml\jackson\core\jackson-databind\2.9.5\jackson-databind-2.9.5.jar;C:\Users\Maryna Savchenko\.m2\repository\com\fasterxml\jackson\core\jackson-annotations\2.9.0\jackson-annotations-2.9.0.jar;C:\Users\Maryna Savchenko\.m2\repository\com\fasterxml\jackson\core\jackson-core\2.9.5\jackson-core-2.9.5.jar;C:\Users\Maryna Savchenko\.m2\repository\com\fasterxml\jackson\datatype\jackson-datatype-jdk8\2.9.5\jackson-datatype-jdk8-2.9.5.jar;C:\Users\Maryna Savchenko\.m2\repository\com\fasterxml\jackson\datatype\jackson-datatype-jsr310\2.9.5\jackson-datatype-jsr310-2.9.5.jar;C:\Users\Maryna Savchenko\.m2\repository\com\fasterxml\jackson\module\jackson-module-parameter-names\2.9.5\jackson-module-parameter-names-2.9.5.jar;C:\Users\Maryna Savchenko\.m2\repository\org\springframework\boot\spring-boot-starter-tomcat\2.0.2.RELEASE\spring-boot-starter-tomcat-2.0.2.RELEASE.jar;C:\Users\Maryna Savchenko\.m2\repository\org\apache\tomcat\embed\tomcat-embed-websocket\8.5.31\tomcat-embed-websocket-8.5.31.jar;C:\Users\Maryna Savchenko\.m2\repository\org\hibernate\validator\hibernate-validator\6.0.9.Final\hibernate-validator-6.0.9.Final.jar;C:\Users\Maryna Savchenko\.m2\repository\javax\validation\validation-api\2.0.1.Final\validation-api-2.0.1.Final.jar;C:\Users\Maryna Savchenko\.m2\repository\org\jboss\logging\jboss-logging\3.3.2.Final\jboss-logging-3.3.2.Final.jar;C:\Users\Maryna Savchenko\.m2\repository\com\fasterxml\classmate\1.3.4\classmate-1.3.4.jar;C:\Users\Maryna Savchenko\.m2\repository\org\springframework\spring-web\5.0.6.RELEASE\spring-web-5.0.6.RELEASE.jar;C:\Users\Maryna Savchenko\.m2\repository\org\springframework\spring-beans\5.0.6.RELEASE\spring-beans-5.0.6.RELEASE.jar;C:\Users\Maryna Savchenko\.m2\repository\org\springframework\spring-webmvc\5.0.6.RELEASE\spring-webmvc-5.0.6.RELEASE.jar;C:\Users\Maryna Savchenko\.m2\repository\org\springframework\spring-context\5.0.6.RELEASE\spring-context-5.0.6.RELEASE.jar;C:\Users\Maryna Savchenko\.m2\repository\org\springframework\spring-expression\5.0.6.RELEASE\spring-expression-5.0.6.RELEASE.jar;C:\Users\Maryna Savchenko\.m2\repository\org\slf4j\jcl-over-slf4j\1.7.25\jcl-over-slf4j-1.7.25.jar;C:\Users\Maryna Savchenko\.m2\repository\org\slf4j\slf4j-api\1.7.25\slf4j-api-1.7.25.jar;C:\Users\Maryna Savchenko\.m2\repository\org\slf4j\jul-to-slf4j\1.7.25\jul-to-slf4j-1.7.25.jar;C:\Users\Maryna Savchenko\.m2\repository\org\slf4j\slf4j-log4j12\1.7.25\slf4j-log4j12-1.7.25.jar;C:\Users\Maryna Savchenko\.m2\repository\log4j\log4j\1.2.17\log4j-1.2.17.jar;C:\Users\Maryna Savchenko\.m2\repository\org\springframework\boot\spring-boot-starter-data-mongodb\2.0.2.RELEASE\spring-boot-starter-data-mongodb-2.0.2.RELEASE.jar;C:\Users\Maryna Savchenko\.m2\repository\org\mongodb\mongodb-driver\3.6.0\mongodb-driver-3.6.0.jar;C:\Users\Maryna Savchenko\.m2\repository\org\mongodb\bson\3.6.0\bson-3.6.0.jar;C:\Users\Maryna Savchenko\.m2\repository\org\mongodb\mongodb-driver-core\3.6.0\mongodb-driver-core-3.6.0.jar;C:\Users\Maryna Savchenko\.m2\repository\org\springframework\data\spring-data-mongodb\2.0.7.RELEASE\spring-data-mongodb-2.0.7.RELEASE.jar;C:\Users\Maryna Savchenko\.m2\repository\org\springframework\spring-tx\5.0.6.RELEASE\spring-tx-5.0.6.RELEASE.jar;C:\Users\Maryna Savchenko\.m2\repository\org\springframework\data\spring-data-commons\2.0.7.RELEASE\spring-data-commons-2.0.7.RELEASE.jar;C:\Users\Maryna Savchenko\.m2\repository\org\springframework\boot\spring-boot-starter-actuator\2.0.2.RELEASE\spring-boot-starter-actuator-2.0.2.RELEASE.jar;C:\Users\Maryna Savchenko\.m2\repository\org\springframework\boot\spring-boot-actuator-autoconfigure\2.0.2.RELEASE\spring-boot-actuator-autoconfigure-2.0.2.RELEASE.jar;C:\Users\Maryna Savchenko\.m2\repository\org\springframework\boot\spring-boot-actuator\2.0.2.RELEASE\spring-boot-actuator-2.0.2.RELEASE.jar;C:\Users\Maryna Savchenko\.m2\repository\io\micrometer\micrometer-core\1.0.4\micrometer-core-1.0.4.jar;C:\Users\Maryna Savchenko\.m2\repository\org\hdrhistogram\HdrHistogram\2.1.10\HdrHistogram-2.1.10.jar;C:\Users\Maryna Savchenko\.m2\repository\org\latencyutils\LatencyUtils\2.0.3\LatencyUtils-2.0.3.jar;C:\Users\Maryna Savchenko\.m2\repository\org\springframework\boot\spring-boot-starter-security\2.0.2.RELEASE\spring-boot-starter-security-2.0.2.RELEASE.jar;C:\Users\Maryna Savchenko\.m2\repository\org\springframework\spring-aop\5.0.6.RELEASE\spring-aop-5.0.6.RELEASE.jar;C:\Users\Maryna Savchenko\.m2\repository\org\springframework\security\spring-security-config\5.0.5.RELEASE\spring-security-config-5.0.5.RELEASE.jar;C:\Users\Maryna Savchenko\.m2\repository\org\springframework\security\spring-security-web\5.0.5.RELEASE\spring-security-web-5.0.5.RELEASE.jar;C:\Users\Maryna Savchenko\.m2\repository\org\springframework\security\spring-security-test\5.0.5.RELEASE\spring-security-test-5.0.5.RELEASE.jar;C:\Users\Maryna Savchenko\.m2\repository\org\springframework\security\spring-security-core\5.0.5.RELEASE\spring-security-core-5.0.5.RELEASE.jar;C:\Users\Maryna Savchenko\.m2\repository\org\springframework\spring-core\5.0.6.RELEASE\spring-core-5.0.6.RELEASE.jar;C:\Users\Maryna Savchenko\.m2\repository\org\springframework\spring-jcl\5.0.6.RELEASE\spring-jcl-5.0.6.RELEASE.jar;C:\Users\Maryna Savchenko\.m2\repository\org\springframework\spring-test\5.0.6.RELEASE\spring-test-5.0.6.RELEASE.jar;C:\Users\Maryna Savchenko\.m2\repository\org\springframework\boot\spring-boot-devtools\2.0.2.RELEASE\spring-boot-devtools-2.0.2.RELEASE.jar;C:\Users\Maryna Savchenko\.m2\repository\org\springframework\boot\spring-boot\2.0.2.RELEASE\spring-boot-2.0.2.RELEASE.jar;C:\Users\Maryna Savchenko\.m2\repository\org\springframework\boot\spring-boot-autoconfigure\2.0.2.RELEASE\spring-boot-autoconfigure-2.0.2.RELEASE.jar;C:\Users\Maryna Savchenko\.m2\repository\org\springframework\boot\spring-boot-starter-test\2.0.2.RELEASE\spring-boot-starter-test-2.0.2.RELEASE.jar;C:\Users\Maryna Savchenko\.m2\repository\org\springframework\boot\spring-boot-test\2.0.2.RELEASE\spring-boot-test-2.0.2.RELEASE.jar;C:\Users\Maryna Savchenko\.m2\repository\org\springframework\boot\spring-boot-test-autoconfigure\2.0.2.RELEASE\spring-boot-test-autoconfigure-2.0.2.RELEASE.jar;C:\Users\Maryna Savchenko\.m2\repository\com\jayway\jsonpath\json-path\2.4.0\json-path-2.4.0.jar;C:\Users\Maryna Savchenko\.m2\repository\net\minidev\json-smart\2.3\json-smart-2.3.jar;C:\Users\Maryna Savchenko\.m2\repository\net\minidev\accessors-smart\1.2\accessors-smart-1.2.jar;C:\Users\Maryna Savchenko\.m2\repository\org\ow2\asm\asm\5.0.4\asm-5.0.4.jar;C:\Users\Maryna Savchenko\.m2\repository\org\assertj\assertj-core\3.9.1\assertj-core-3.9.1.jar;C:\Users\Maryna Savchenko\.m2\repository\org\mockito\mockito-core\2.15.0\mockito-core-2.15.0.jar;C:\Users\Maryna Savchenko\.m2\repository\net\bytebuddy\byte-buddy\1.7.11\byte-buddy-1.7.11.jar;C:\Users\Maryna Savchenko\.m2\repository\net\bytebuddy\byte-buddy-agent\1.7.11\byte-buddy-agent-1.7.11.jar;C:\Users\Maryna Savchenko\.m2\repository\org\objenesis\objenesis\2.6\objenesis-2.6.jar;C:\Users\Maryna Savchenko\.m2\repository\org\hamcrest\hamcrest-core\1.3\hamcrest-core-1.3.jar;C:\Users\Maryna Savchenko\.m2\repository\org\hamcrest\hamcrest-library\1.3\hamcrest-library-1.3.jar;C:\Users\Maryna Savchenko\.m2\repository\org\skyscreamer\jsonassert\1.5.0\jsonassert-1.5.0.jar;C:\Users\Maryna Savchenko\.m2\repository\com\vaadin\external\google\android-json\0.0.20131108.vaadin1\android-json-0.0.20131108.vaadin1.jar;C:\Users\Maryna Savchenko\.m2\repository\org\xmlunit\xmlunit-core\2.5.1\xmlunit-core-2.5.1.jar;C:\Users\Maryna Savchenko\.m2\repository\pl\pragmatists\JUnitParams\1.1.1\JUnitParams-1.1.1.jar;C:\Users\Maryna Savchenko\.m2\repository\org\apache\tomcat\embed\tomcat-embed-jasper\8.5.31\tomcat-embed-jasper-8.5.31.jar;C:\Users\Maryna Savchenko\.m2\repository\org\apache\tomcat\embed\tomcat-embed-core\8.5.31\tomcat-embed-core-8.5.31.jar;C:\Users\Maryna Savchenko\.m2\repository\org\apache\tomcat\tomcat-annotations-api\8.5.31\tomcat-annotations-api-8.5.31.jar;C:\Users\Maryna Savchenko\.m2\repository\org\apache\tomcat\embed\tomcat-embed-el\8.5.31\tomcat-embed-el-8.5.31.jar;C:\Users\Maryna Savchenko\.m2\repository\org\eclipse\jdt\ecj\3.12.3\ecj-3.12.3.jar;C:\Users\Maryna Savchenko\.m2\repository\junit\junit\4.12\junit-4.12.jar;C:\Users\Maryna Savchenko\.m2\repository\org\projectlombok\lombok\1.16.20\lombok-1.16.20.jar;C:\Users\Maryna Savchenko\.m2\repository\org\projectlombok\lombok-maven-plugin\1.16.20.0\lombok-maven-plugin-1.16.20.0.jar;C:\Users\Maryna Savchenko\.m2\repository\org\apache\commons\commons-lang3\3.7\commons-lang3-3.7.jar;C:\Users\Maryna Savchenko\.m2\repository\org\sonatype\plexus\plexus-build-api\0.0.7\plexus-build-api-0.0.7.jar;C:\Users\Maryna Savchenko\.m2\repository\org\codehaus\plexus\plexus-utils\1.5.8\plexus-utils-1.5.8.jar;, java.specification.name=Java Platform API Specification, java.class.version=52.0, sun.management.compiler=HotSpot 64-Bit Tiered Compilers, os.version=10.0, user.home=C:\Users\Maryna Savchenko, user.timezone=Europe/Belgrade, java.awt.printerjob=sun.awt.windows.WPrinterJob, file.encoding=Cp1252, java.specification.version=1.8, java.class.path=E:\java\repos\JavaTutorAPI\javatutor\target\test-classes;E:\java\repos\JavaTutorAPI\javatutor\target\classes;C:\Users\Maryna Savchenko\.m2\repository\org\springframework\boot\spring-boot-starter-web\2.0.2.RELEASE\spring-boot-starter-web-2.0.2.RELEASE.jar;C:\Users\Maryna Savchenko\.m2\repository\org\springframework\boot\spring-boot-starter\2.0.2.RELEASE\spring-boot-starter-2.0.2.RELEASE.jar;C:\Users\Maryna Savchenko\.m2\repository\javax\annotation\javax.annotation-api\1.3.2\javax.annotation-api-1.3.2.jar;C:\Users\Maryna Savchenko\.m2\repository\org\yaml\snakeyaml\1.19\snakeyaml-1.19.jar;C:\Users\Maryna Savchenko\.m2\repository\org\springframework\boot\spring-boot-starter-json\2.0.2.RELEASE\spring-boot-starter-json-2.0.2.RELEASE.jar;C:\Users\Maryna Savchenko\.m2\repository\com\fasterxml\jackson\core\jackson-databind\2.9.5\jackson-databind-2.9.5.jar;C:\Users\Maryna Savchenko\.m2\repository\com\fasterxml\jackson\core\jackson-annotations\2.9.0\jackson-annotations-2.9.0.jar;C:\Users\Maryna Savchenko\.m2\repository\com\fasterxml\jackson\core\jackson-core\2.9.5\jackson-core-2.9.5.jar;C:\Users\Maryna Savchenko\.m2\repository\com\fasterxml\jackson\datatype\jackson-datatype-jdk8\2.9.5\jackson-datatype-jdk8-2.9.5.jar;C:\Users\Maryna Savchenko\.m2\repository\com\fasterxml\jackson\datatype\jackson-datatype-jsr310\2.9.5\jackson-datatype-jsr310-2.9.5.jar;C:\Users\Maryna Savchenko\.m2\repository\com\fasterxml\jackson\module\jackson-module-parameter-names\2.9.5\jackson-module-parameter-names-2.9.5.jar;C:\Users\Maryna Savchenko\.m2\repository\org\springframework\boot\spring-boot-starter-tomcat\2.0.2.RELEASE\spring-boot-starter-tomcat-2.0.2.RELEASE.jar;C:\Users\Maryna Savchenko\.m2\repository\org\apache\tomcat\embed\tomcat-embed-websocket\8.5.31\tomcat-embed-websocket-8.5.31.jar;C:\Users\Maryna Savchenko\.m2\repository\org\hibernate\validator\hibernate-validator\6.0.9.Final\hibernate-validator-6.0.9.Final.jar;C:\Users\Maryna Savchenko\.m2\repository\javax\validation\validation-api\2.0.1.Final\validation-api-2.0.1.Final.jar;C:\Users\Maryna Savchenko\.m2\repository\org\jboss\logging\jboss-logging\3.3.2.Final\jboss-logging-3.3.2.Final.jar;C:\Users\Maryna Savchenko\.m2\repository\com\fasterxml\classmate\1.3.4\classmate-1.3.4.jar;C:\Users\Maryna Savchenko\.m2\repository\org\springframework\spring-web\5.0.6.RELEASE\spring-web-5.0.6.RELEASE.jar;C:\Users\Maryna Savchenko\.m2\repository\org\springframework\spring-beans\5.0.6.RELEASE\spring-beans-5.0.6.RELEASE.jar;C:\Users\Maryna Savchenko\.m2\repository\org\springframework\spring-webmvc\5.0.6.RELEASE\spring-webmvc-5.0.6.RELEASE.jar;C:\Users\Maryna Savchenko\.m2\repository\org\springframework\spring-context\5.0.6.RELEASE\spring-context-5.0.6.RELEASE.jar;C:\Users\Maryna Savchenko\.m2\repository\org\springframework\spring-expression\5.0.6.RELEASE\spring-expression-5.0.6.RELEASE.jar;C:\Users\Maryna Savchenko\.m2\repository\org\slf4j\jcl-over-slf4j\1.7.25\jcl-over-slf4j-1.7.25.jar;C:\Users\Maryna Savchenko\.m2\repository\org\slf4j\slf4j-api\1.7.25\slf4j-api-1.7.25.jar;C:\Users\Maryna Savchenko\.m2\repository\org\slf4j\jul-to-slf4j\1.7.25\jul-to-slf4j-1.7.25.jar;C:\Users\Maryna Savchenko\.m2\repository\org\slf4j\slf4j-log4j12\1.7.25\slf4j-log4j12-1.7.25.jar;C:\Users\Maryna Savchenko\.m2\repository\log4j\log4j\1.2.17\log4j-1.2.17.jar;C:\Users\Maryna Savchenko\.m2\repository\org\springframework\boot\spring-boot-starter-data-mongodb\2.0.2.RELEASE\spring-boot-starter-data-mongodb-2.0.2.RELEASE.jar;C:\Users\Maryna Savchenko\.m2\repository\org\mongodb\mongodb-driver\3.6.0\mongodb-driver-3.6.0.jar;C:\Users\Maryna Savchenko\.m2\repository\org\mongodb\bson\3.6.0\bson-3.6.0.jar;C:\Users\Maryna Savchenko\.m2\repository\org\mongodb\mongodb-driver-core\3.6.0\mongodb-driver-core-3.6.0.jar;C:\Users\Maryna Savchenko\.m2\repository\org\springframework\data\spring-data-mongodb\2.0.7.RELEASE\spring-data-mongodb-2.0.7.RELEASE.jar;C:\Users\Maryna Savchenko\.m2\repository\org\springframework\spring-tx\5.0.6.RELEASE\spring-tx-5.0.6.RELEASE.jar;C:\Users\Maryna Savchenko\.m2\repository\org\springframework\data\spring-data-commons\2.0.7.RELEASE\spring-data-commons-2.0.7.RELEASE.jar;C:\Users\Maryna Savchenko\.m2\repository\org\springframework\boot\spring-boot-starter-actuator\2.0.2.RELEASE\spring-boot-starter-actuator-2.0.2.RELEASE.jar;C:\Users\Maryna Savchenko\.m2\repository\org\springframework\boot\spring-boot-actuator-autoconfigure\2.0.2.RELEASE\spring-boot-actuator-autoconfigure-2.0.2.RELEASE.jar;C:\Users\Maryna Savchenko\.m2\repository\org\springframework\boot\spring-boot-actuator\2.0.2.RELEASE\spring-boot-actuator-2.0.2.RELEASE.jar;C:\Users\Maryna Savchenko\.m2\repository\io\micrometer\micrometer-core\1.0.4\micrometer-core-1.0.4.jar;C:\Users\Maryna Savchenko\.m2\repository\org\hdrhistogram\HdrHistogram\2.1.10\HdrHistogram-2.1.10.jar;C:\Users\Maryna Savchenko\.m2\repository\org\latencyutils\LatencyUtils\2.0.3\LatencyUtils-2.0.3.jar;C:\Users\Maryna Savchenko\.m2\repository\org\springframework\boot\spring-boot-starter-security\2.0.2.RELEASE\spring-boot-starter-security-2.0.2.RELEASE.jar;C:\Users\Maryna Savchenko\.m2\repository\org\springframework\spring-aop\5.0.6.RELEASE\spring-aop-5.0.6.RELEASE.jar;C:\Users\Maryna Savchenko\.m2\repository\org\springframework\security\spring-security-config\5.0.5.RELEASE\spring-security-config-5.0.5.RELEASE.jar;C:\Users\Maryna Savchenko\.m2\repository\org\springframework\security\spring-security-web\5.0.5.RELEASE\spring-security-web-5.0.5.RELEASE.jar;C:\Users\Maryna Savchenko\.m2\repository\org\springframework\security\spring-security-test\5.0.5.RELEASE\spring-security-test-5.0.5.RELEASE.jar;C:\Users\Maryna Savchenko\.m2\repository\org\springframework\security\spring-security-core\5.0.5.RELEASE\spring-security-core-5.0.5.RELEASE.jar;C:\Users\Maryna Savchenko\.m2\repository\org\springframework\spring-core\5.0.6.RELEASE\spring-core-5.0.6.RELEASE.jar;C:\Users\Maryna Savchenko\.m2\repository\org\springframework\spring-jcl\5.0.6.RELEASE\spring-jcl-5.0.6.RELEASE.jar;C:\Users\Maryna Savchenko\.m2\repository\org\springframework\spring-test\5.0.6.RELEASE\spring-test-5.0.6.RELEASE.jar;C:\Users\Maryna Savchenko\.m2\repository\org\springframework\boot\spring-boot-devtools\2.0.2.RELEASE\spring-boot-devtools-2.0.2.RELEASE.jar;C:\Users\Maryna Savchenko\.m2\repository\org\springframework\boot\spring-boot\2.0.2.RELEASE\spring-boot-2.0.2.RELEASE.jar;C:\Users\Maryna Savchenko\.m2\repository\org\springframework\boot\spring-boot-autoconfigure\2.0.2.RELEASE\spring-boot-autoconfigure-2.0.2.RELEASE.jar;C:\Users\Maryna Savchenko\.m2\repository\org\springframework\boot\spring-boot-starter-test\2.0.2.RELEASE\spring-boot-starter-test-2.0.2.RELEASE.jar;C:\Users\Maryna Savchenko\.m2\repository\org\springframework\boot\spring-boot-test\2.0.2.RELEASE\spring-boot-test-2.0.2.RELEASE.jar;C:\Users\Maryna Savchenko\.m2\repository\org\springframework\boot\spring-boot-test-autoconfigure\2.0.2.RELEASE\spring-boot-test-autoconfigure-2.0.2.RELEASE.jar;C:\Users\Maryna Savchenko\.m2\repository\com\jayway\jsonpath\json-path\2.4.0\json-path-2.4.0.jar;C:\Users\Maryna Savchenko\.m2\repository\net\minidev\json-smart\2.3\json-smart-2.3.jar;C:\Users\Maryna Savchenko\.m2\repository\net\minidev\accessors-smart\1.2\accessors-smart-1.2.jar;C:\Users\Maryna Savchenko\.m2\repository\org\ow2\asm\asm\5.0.4\asm-5.0.4.jar;C:\Users\Maryna Savchenko\.m2\repository\org\assertj\assertj-core\3.9.1\assertj-core-3.9.1.jar;C:\Users\Maryna Savchenko\.m2\repository\org\mockito\mockito-core\2.15.0\mockito-core-2.15.0.jar;C:\Users\Maryna Savchenko\.m2\repository\net\bytebuddy\byte-buddy\1.7.11\byte-buddy-1.7.11.jar;C:\Users\Maryna Savchenko\.m2\repository\net\bytebuddy\byte-buddy-agent\1.7.11\byte-buddy-agent-1.7.11.jar;C:\Users\Maryna Savchenko\.m2\repository\org\objenesis\objenesis\2.6\objenesis-2.6.jar;C:\Users\Maryna Savchenko\.m2\repository\org\hamcrest\hamcrest-core\1.3\hamcrest-core-1.3.jar;C:\Users\Maryna Savchenko\.m2\repository\org\hamcrest\hamcrest-library\1.3\hamcrest-library-1.3.jar;C:\Users\Maryna Savchenko\.m2\repository\org\skyscreamer\jsonassert\1.5.0\jsonassert-1.5.0.jar;C:\Users\Maryna Savchenko\.m2\repository\com\vaadin\external\google\android-json\0.0.20131108.vaadin1\android-json-0.0.20131108.vaadin1.jar;C:\Users\Maryna Savchenko\.m2\repository\org\xmlunit\xmlunit-core\2.5.1\xmlunit-core-2.5.1.jar;C:\Users\Maryna Savchenko\.m2\repository\pl\pragmatists\JUnitParams\1.1.1\JUnitParams-1.1.1.jar;C:\Users\Maryna Savchenko\.m2\repository\org\apache\tomcat\embed\tomcat-embed-jasper\8.5.31\tomcat-embed-jasper-8.5.31.jar;C:\Users\Maryna Savchenko\.m2\repository\org\apache\tomcat\embed\tomcat-embed-core\8.5.31\tomcat-embed-core-8.5.31.jar;C:\Users\Maryna Savchenko\.m2\repository\org\apache\tomcat\tomcat-annotations-api\8.5.31\tomcat-annotations-api-8.5.31.jar;C:\Users\Maryna Savchenko\.m2\repository\org\apache\tomcat\embed\tomcat-embed-el\8.5.31\tomcat-embed-el-8.5.31.jar;C:\Users\Maryna Savchenko\.m2\repository\org\eclipse\jdt\ecj\3.12.3\ecj-3.12.3.jar;C:\Users\Maryna Savchenko\.m2\repository\junit\junit\4.12\junit-4.12.jar;C:\Users\Maryna Savchenko\.m2\repository\org\projectlombok\lombok\1.16.20\lombok-1.16.20.jar;C:\Users\Maryna Savchenko\.m2\repository\org\projectlombok\lombok-maven-plugin\1.16.20.0\lombok-maven-plugin-1.16.20.0.jar;C:\Users\Maryna Savchenko\.m2\repository\org\apache\commons\commons-lang3\3.7\commons-lang3-3.7.jar;C:\Users\Maryna Savchenko\.m2\repository\org\sonatype\plexus\plexus-build-api\0.0.7\plexus-build-api-0.0.7.jar;C:\Users\Maryna Savchenko\.m2\repository\org\codehaus\plexus\plexus-utils\1.5.8\plexus-utils-1.5.8.jar;, user.name=Maryna Savchenko, java.vm.specification.version=1.8, sun.java.command=C:\Users\MARYNA~1\AppData\Local\Temp\surefire1244754544745437156\surefirebooter7935569149334272143.jar C:\Users\Maryna Savchenko\AppData\Local\Temp\surefire1244754544745437156 2018-10-11T10-37-06_854-jvmRun1 surefire6084229711424990350tmp surefire_01445494788152468973tmp, java.home=C:\Program Files\Java\jdk1.8.0_131\jre, sun.arch.data.model=64, user.language=en, java.specification.vendor=Oracle Corporation, user.language.format=uk, awt.toolkit=sun.awt.windows.WToolkit, java.vm.info=mixed mode, java.version=1.8.0_131, java.ext.dirs=C:\Program Files\Java\jdk1.8.0_131\jre\lib\ext;C:\WINDOWS\Sun\Java\lib\ext, sun.boot.class.path=C:\Program Files\Java\jdk1.8.0_131\jre\lib\resources.jar;C:\Program Files\Java\jdk1.8.0_131\jre\lib\rt.jar;C:\Program Files\Java\jdk1.8.0_131\jre\lib\sunrsasign.jar;C:\Program Files\Java\jdk1.8.0_131\jre\lib\jsse.jar;C:\Program Files\Java\jdk1.8.0_131\jre\lib\jce.jar;C:\Program Files\Java\jdk1.8.0_131\jre\lib\charsets.jar;C:\Program Files\Java\jdk1.8.0_131\jre\lib\jfr.jar;C:\Program Files\Java\jdk1.8.0_131\jre\classes, java.awt.headless=true, java.vendor=Oracle Corporation, localRepository=C:\Users\Maryna Savchenko\.m2\repository, file.separator=\, java.vendor.url.bug=http://bugreport.sun.com/bugreport/, sun.io.unicode.encoding=UnicodeLittle, sun.cpu.endian=little, sun.desktop=windows, sun.cpu.isalist=amd64}}, SystemEnvironmentPropertySource@1399693980 {name='systemEnvironment', properties={PATH=C:\Users\Maryna Savchenko\bin;C:\Program Files\Git\mingw64\bin;C:\Program Files\Git\usr\local\bin;C:\Program Files\Git\usr\bin;C:\Program Files\Git\usr\bin;C:\Program Files\Git\mingw64\bin;C:\Program Files\Git\usr\bin;C:\Users\Maryna Savchenko\bin;C:\Program Files\Docker\Docker\Resources\bin;C:\ProgramData\Oracle\Java\javapath;C:\Program Files (x86)\Intel\TXE Components\TCS;C:\Program Files\Intel\TXE Components\TCS;C:\WINDOWS\system32;C:\WINDOWS;C:\WINDOWS\System32\Wbem;C:\WINDOWS\System32\WindowsPowerShell\v1.0;C:\Program Files\Intel\TXE Components\DAL;C:\Program Files (x86)\Intel\TXE Components\DAL;C:\Program Files\Intel\TXE Components\IPT;C:\Program Files (x86)\Intel\TXE Components\IPT;E:\java\apache-maven-3.5.0-bin\apache-maven-3.5.0\bin;C:\Program Files\Git\cmd;C:\Program Files\Java\jdk1.8.0_131\bin;C:\Program Files\MySQL\MySQL Utilities 1.6;C:\Program Files (x86)\bin;C:\Program Files (x86)\sbt\bin;C:\Program Files (x86)\Yarn\bin;C:\ProgramData\chocolatey\bin;C:\Program Files\nodejs;C:\Users\Maryna Savchenko\AppData\Local\Microsoft\WindowsApps;E:\java\spark-2.2.0-bin-hadoop2.7\bin;C:\Program Files\Java\jdk1.8.0_131\bin;C:\Program Files (x86)\sbt\bin;C:\winutils\bin;C:\Program Files\Docker Toolbox;C:\Users\Maryna Savchenko\AppData\Local\Yarn\bin;C:\Users\Maryna Savchenko\AppData\Roaming\npm;C:\Program Files\Git\usr\bin\vendor_perl;C:\Program Files\Git\usr\bin\core_perl, USERDOMAIN_ROAMINGPROFILE=BigBrother, PKG_CONFIG_PATH=C:\Program Files\Git\mingw64\lib\pkgconfig;C:\Program Files\Git\mingw64\share\pkgconfig, MSYSTEM_PREFIX=C:/Program Files/Git/mingw64, PROCESSOR_LEVEL=6, SYSTEMDRIVE=C:, CONFIG_SITE=C:/Program Files/Git/mingw64/etc/config.site, FP_NO_HOST_CHECK=NO, POSTGIS_GDAL_ENABLED_DRIVERS=GTiff PNG JPEG GIF XYZ DTED USGSDEM AAIGrid, SESSIONNAME=Console, ALLUSERSPROFILE=C:\ProgramData, GDAL_DATA=C:\Program Files\PostgreSQL\9.6\gdal-data, PROCESSOR_ARCHITECTURE=AMD64, MSYSTEM_CHOST=x86_64-w64-mingw32, =E:=E:\java\repos\JavaTutorAPI\javatutor, ORIGINAL_TEMP=C:/Users/MARYNA~1/AppData/Local/Temp, PROGRAMFILES=C:\Program Files, POSTGIS_ENABLE_OUTDB_RASTERS=1, PSMODULEPATH=C:\WINDOWS\system32\WindowsPowerShell\v1.0\Modules\, PROGRAMDATA=C:\ProgramData, CHOCOLATEYLASTPATHUPDATE=?? ??? 24 11:36:27 2018, USERNAME=Maryna Savchenko, PWD=E:/java/repos/JavaTutorAPI/javatutor, INFOPATH=C:\Program Files\Git\usr\local\info;C:\Program Files\Git\usr\share\info;C:\Program Files\Git\usr\info;C:\Program Files\Git\share\info, FPS_BROWSER_USER_PROFILE_STRING=Default, ONEDRIVE=C:\Users\Maryna Savchenko\OneDrive, PATHEXT=.COM;.EXE;.BAT;.CMD;.VBS;.VBE;.JS;.JSE;.WSF;.WSH;.MSC, SHELL=C:\Program Files\Git\usr\bin\bash.exe, ORIGINAL_TMP=C:/Users/MARYNA~1/AppData/Local/Temp, OLDPWD=E:/java/repos/JavaTutorAPI/javatutor, TMPDIR=C:\Users\MARYNA~1\AppData\Local\Temp, WINDIR=C:\WINDOWS, SSH_ASKPASS=C:/Program Files/Git/mingw64/libexec/git-core/git-gui--askpass, HOMEPATH=\Users\Maryna Savchenko, PROCESSOR_IDENTIFIER=Intel64 Family 6 Model 76 Stepping 3, GenuineIntel, HADOOP_HOME=C:\winutils, M2_HOME=E:\java\apache-maven-3.5.0-bin\apache-maven-3.5.0, PUBLIC=C:\Users\Public, MINGW_CHOST=x86_64-w64-mingw32, =::=::\, EXEPATH=C:\Program Files\Git, SHLVL=1, LOCALAPPDATA=C:\Users\Maryna Savchenko\AppData\Local, ORIGINAL_PATH=C:\Program Files\Git\mingw64\bin;C:\Program Files\Git\usr\bin;C:\Users\Maryna Savchenko\bin;C:\Program Files\Docker\Docker\Resources\bin;C:\ProgramData\Oracle\Java\javapath;C:\Program Files (x86)\Intel\TXE Components\TCS;C:\Program Files\Intel\TXE Components\TCS;C:\WINDOWS\system32;C:\WINDOWS;C:\WINDOWS\System32\Wbem;C:\WINDOWS\System32\WindowsPowerShell\v1.0;C:\Program Files\Intel\TXE Components\DAL;C:\Program Files (x86)\Intel\TXE Components\DAL;C:\Program Files\Intel\TXE Components\IPT;C:\Program Files (x86)\Intel\TXE Components\IPT;E:\java\apache-maven-3.5.0-bin\apache-maven-3.5.0\bin;C:\Program Files\Git\cmd;C:\Program Files\Java\jdk1.8.0_131\bin;C:\Program Files\MySQL\MySQL Utilities 1.6;C:\Program Files (x86)\bin;C:\Program Files (x86)\sbt\bin;C:\Program Files (x86)\Yarn\bin;C:\ProgramData\chocolatey\bin;C:\Program Files\nodejs;C:\Users\Maryna Savchenko\AppData\Local\Microsoft\WindowsApps;E:\java\spark-2.2.0-bin-hadoop2.7\bin;C:\Program Files\Java\jdk1.8.0_131\bin;C:\Program Files (x86)\sbt\bin;C:\winutils\bin;C:\Program Files\Docker Toolbox;C:\Users\Maryna Savchenko\AppData\Local\Yarn\bin;C:\Users\Maryna Savchenko\AppData\Roaming\npm, MANPATH=C:\Program Files\Git\mingw64\share\man;C:\Program Files\Git\usr\local\man;C:\Program Files\Git\usr\share\man;C:\Program Files\Git\usr\man;C:\Program Files\Git\share\man, COMMONPROGRAMFILES(X86)=C:\Program Files (x86)\Common Files, MINGW_PACKAGE_PREFIX=mingw-w64-x86_64, USERDOMAIN=BigBrother, FPS_BROWSER_APP_PROFILE_STRING=Internet Explorer, LOGONSERVER=\\BIGBROTHER, JAVA_HOME=C:/Program Files/Java/jdk1.8.0_131, PLINK_PROTOCOL=ssh, PROMPT=$P$G, PROGRAMFILES(X86)=C:\Program Files (x86), TERM=xterm, LANG=en_US.UTF-8, MINGW_PREFIX=C:/Program Files/Git/mingw64, DISPLAY=needs-to-be-defined, MSYSTEM=MINGW64, APPDATA=C:\Users\Maryna Savchenko\AppData\Roaming, SPARK_HOME=E:\java\spark-2.2.0-bin-hadoop2.7, PROGRAMW6432=C:\Program Files, SYSTEMROOT=C:\WINDOWS, CHOCOLATEYINSTALL=C:\ProgramData\chocolatey, MAVEN_CMD_LINE_ARGS= test, SCALA_HOME=C:\Program Files (x86)\sbt, VBOX_MSI_INSTALL_PATH=C:\Program Files\Oracle\VirtualBox\, OS=Windows_NT, COMMONPROGRAMW6432=C:\Program Files\Common Files, COMPUTERNAME=BIGBROTHER, COMMONPROGRAMFILES=C:\Program Files\Common Files, COMSPEC=C:\WINDOWS\system32\cmd.exe, SBT_HOME=C:\Program Files (x86)\sbt\, MAVEN_PROJECTBASEDIR=E:/java/repos/JavaTutorAPI/javatutor, PROCESSOR_REVISION=4c03, ACLOCAL_PATH=C:\Program Files\Git\mingw64\share\aclocal;C:\Program Files\Git\usr\share\aclocal, MSYSTEM_CARCH=x86_64, PRINTER=Foxit Reader PDF Printer, TEMP=C:\Users\MARYNA~1\AppData\Local\Temp, HOSTNAME=BigBrother, HOMEDRIVE=C:, USERPROFILE=C:\Users\Maryna Savchenko, TMP=C:\Users\MARYNA~1\AppData\Local\Temp, NUMBER_OF_PROCESSORS=4, DOCKER_TOOLBOX_INSTALL_PATH=C:\Program Files\Docker Toolbox, HOME=C:\Users\Maryna Savchenko}}]
10:38:44,519 DEBUG org.springframework.beans.factory.support.DefaultListableBeanFactory:219 - Creating shared instance of singleton bean 'org.springframework.boot.autoconfigure.AutoConfigurationPackages'
10:38:44,519 DEBUG org.springframework.beans.factory.support.DefaultListableBeanFactory:219 - Creating shared instance of singleton bean 'org.springframework.boot.autoconfigure.AutoConfigurationPackages'
10:38:44,519 DEBUG org.springframework.beans.factory.support.DefaultListableBeanFactory:466 - Creating instance of bean 'org.springframework.boot.autoconfigure.AutoConfigurationPackages'
10:38:44,519 DEBUG org.springframework.beans.factory.support.DefaultListableBeanFactory:466 - Creating instance of bean 'org.springframework.boot.autoconfigure.AutoConfigurationPackages'
10:38:44,521 DEBUG org.springframework.beans.factory.support.DefaultListableBeanFactory:569 - Eagerly caching bean 'org.springframework.boot.autoconfigure.AutoConfigurationPackages' to allow for resolving potential circular references
10:38:44,521 DEBUG org.springframework.beans.factory.support.DefaultListableBeanFactory:569 - Eagerly caching bean 'org.springframework.boot.autoconfigure.AutoConfigurationPackages' to allow for resolving potential circular references
10:38:44,522 DEBUG org.springframework.beans.factory.support.DefaultListableBeanFactory:503 - Finished creating instance of bean 'org.springframework.boot.autoconfigure.AutoConfigurationPackages'
10:38:44,522 DEBUG org.springframework.beans.factory.support.DefaultListableBeanFactory:503 - Finished creating instance of bean 'org.springframework.boot.autoconfigure.AutoConfigurationPackages'
10:38:44,523 DEBUG org.springframework.boot.autoconfigure.AutoConfigurationPackages:206 - @EnableAutoConfiguration was declared on a class in the package 'pro.abacus.javatutor'. Automatic @Repository and @Entity scanning is enabled.
10:38:44,523 DEBUG org.springframework.boot.autoconfigure.AutoConfigurationPackages:206 - @EnableAutoConfiguration was declared on a class in the package 'pro.abacus.javatutor'. Automatic @Repository and @Entity scanning is enabled.
10:38:44,525 DEBUG org.springframework.core.io.support.PathMatchingResourcePatternResolver:321 - Resolved classpath location [pro/abacus/javatutor/] to resources [URL [file:/E:/java/repos/JavaTutorAPI/javatutor/target/test-classes/pro/abacus/javatutor/], URL [file:/E:/java/repos/JavaTutorAPI/javatutor/target/classes/pro/abacus/javatutor/]]
10:38:44,525 DEBUG org.springframework.core.io.support.PathMatchingResourcePatternResolver:321 - Resolved classpath location [pro/abacus/javatutor/] to resources [URL [file:/E:/java/repos/JavaTutorAPI/javatutor/target/test-classes/pro/abacus/javatutor/], URL [file:/E:/java/repos/JavaTutorAPI/javatutor/target/classes/pro/abacus/javatutor/]]
10:38:44,526 DEBUG org.springframework.core.io.support.PathMatchingResourcePatternResolver:721 - Looking for matching resources in directory tree [E:\java\repos\JavaTutorAPI\javatutor\target\test-classes\pro\abacus\javatutor]
10:38:44,526 DEBUG org.springframework.core.io.support.PathMatchingResourcePatternResolver:721 - Looking for matching resources in directory tree [E:\java\repos\JavaTutorAPI\javatutor\target\test-classes\pro\abacus\javatutor]
10:38:44,527 DEBUG org.springframework.core.io.support.PathMatchingResourcePatternResolver:783 - Searching directory [E:\java\repos\JavaTutorAPI\javatutor\target\test-classes\pro\abacus\javatutor] for files matching pattern [E:/java/repos/JavaTutorAPI/javatutor/target/test-classes/pro/abacus/javatutor/**/*.class]
10:38:44,527 DEBUG org.springframework.core.io.support.PathMatchingResourcePatternResolver:783 - Searching directory [E:\java\repos\JavaTutorAPI\javatutor\target\test-classes\pro\abacus\javatutor] for files matching pattern [E:/java/repos/JavaTutorAPI/javatutor/target/test-classes/pro/abacus/javatutor/**/*.class]
10:38:44,528 DEBUG org.springframework.core.io.support.PathMatchingResourcePatternResolver:783 - Searching directory [E:\java\repos\JavaTutorAPI\javatutor\target\test-classes\pro\abacus\javatutor\controller] for files matching pattern [E:/java/repos/JavaTutorAPI/javatutor/target/test-classes/pro/abacus/javatutor/**/*.class]
10:38:44,528 DEBUG org.springframework.core.io.support.PathMatchingResourcePatternResolver:783 - Searching directory [E:\java\repos\JavaTutorAPI\javatutor\target\test-classes\pro\abacus\javatutor\controller] for files matching pattern [E:/java/repos/JavaTutorAPI/javatutor/target/test-classes/pro/abacus/javatutor/**/*.class]
10:38:44,530 DEBUG org.springframework.core.io.support.PathMatchingResourcePatternResolver:783 - Searching directory [E:\java\repos\JavaTutorAPI\javatutor\target\test-classes\pro\abacus\javatutor\repository] for files matching pattern [E:/java/repos/JavaTutorAPI/javatutor/target/test-classes/pro/abacus/javatutor/**/*.class]
10:38:44,530 DEBUG org.springframework.core.io.support.PathMatchingResourcePatternResolver:783 - Searching directory [E:\java\repos\JavaTutorAPI\javatutor\target\test-classes\pro\abacus\javatutor\repository] for files matching pattern [E:/java/repos/JavaTutorAPI/javatutor/target/test-classes/pro/abacus/javatutor/**/*.class]
10:38:44,532 DEBUG org.springframework.core.io.support.PathMatchingResourcePatternResolver:783 - Searching directory [E:\java\repos\JavaTutorAPI\javatutor\target\test-classes\pro\abacus\javatutor\security] for files matching pattern [E:/java/repos/JavaTutorAPI/javatutor/target/test-classes/pro/abacus/javatutor/**/*.class]
10:38:44,532 DEBUG org.springframework.core.io.support.PathMatchingResourcePatternResolver:783 - Searching directory [E:\java\repos\JavaTutorAPI\javatutor\target\test-classes\pro\abacus\javatutor\security] for files matching pattern [E:/java/repos/JavaTutorAPI/javatutor/target/test-classes/pro/abacus/javatutor/**/*.class]
10:38:44,534 DEBUG org.springframework.core.io.support.PathMatchingResourcePatternResolver:783 - Searching directory [E:\java\repos\JavaTutorAPI\javatutor\target\test-classes\pro\abacus\javatutor\service] for files matching pattern [E:/java/repos/JavaTutorAPI/javatutor/target/test-classes/pro/abacus/javatutor/**/*.class]
10:38:44,534 DEBUG org.springframework.core.io.support.PathMatchingResourcePatternResolver:783 - Searching directory [E:\java\repos\JavaTutorAPI\javatutor\target\test-classes\pro\abacus\javatutor\service] for files matching pattern [E:/java/repos/JavaTutorAPI/javatutor/target/test-classes/pro/abacus/javatutor/**/*.class]
10:38:44,537 DEBUG org.springframework.core.io.support.PathMatchingResourcePatternResolver:721 - Looking for matching resources in directory tree [E:\java\repos\JavaTutorAPI\javatutor\target\classes\pro\abacus\javatutor]
10:38:44,537 DEBUG org.springframework.core.io.support.PathMatchingResourcePatternResolver:721 - Looking for matching resources in directory tree [E:\java\repos\JavaTutorAPI\javatutor\target\classes\pro\abacus\javatutor]
10:38:44,538 DEBUG org.springframework.core.io.support.PathMatchingResourcePatternResolver:783 - Searching directory [E:\java\repos\JavaTutorAPI\javatutor\target\classes\pro\abacus\javatutor] for files matching pattern [E:/java/repos/JavaTutorAPI/javatutor/target/classes/pro/abacus/javatutor/**/*.class]
10:38:44,538 DEBUG org.springframework.core.io.support.PathMatchingResourcePatternResolver:783 - Searching directory [E:\java\repos\JavaTutorAPI\javatutor\target\classes\pro\abacus\javatutor] for files matching pattern [E:/java/repos/JavaTutorAPI/javatutor/target/classes/pro/abacus/javatutor/**/*.class]
10:38:44,542 DEBUG org.springframework.core.io.support.PathMatchingResourcePatternResolver:783 - Searching directory [E:\java\repos\JavaTutorAPI\javatutor\target\classes\pro\abacus\javatutor\controller] for files matching pattern [E:/java/repos/JavaTutorAPI/javatutor/target/classes/pro/abacus/javatutor/**/*.class]
10:38:44,542 DEBUG org.springframework.core.io.support.PathMatchingResourcePatternResolver:783 - Searching directory [E:\java\repos\JavaTutorAPI\javatutor\target\classes\pro\abacus\javatutor\controller] for files matching pattern [E:/java/repos/JavaTutorAPI/javatutor/target/classes/pro/abacus/javatutor/**/*.class]
10:38:44,545 DEBUG org.springframework.core.io.support.PathMatchingResourcePatternResolver:783 - Searching directory [E:\java\repos\JavaTutorAPI\javatutor\target\classes\pro\abacus\javatutor\domain] for files matching pattern [E:/java/repos/JavaTutorAPI/javatutor/target/classes/pro/abacus/javatutor/**/*.class]
10:38:44,545 DEBUG org.springframework.core.io.support.PathMatchingResourcePatternResolver:783 - Searching directory [E:\java\repos\JavaTutorAPI\javatutor\target\classes\pro\abacus\javatutor\domain] for files matching pattern [E:/java/repos/JavaTutorAPI/javatutor/target/classes/pro/abacus/javatutor/**/*.class]
10:38:44,547 DEBUG org.springframework.core.io.support.PathMatchingResourcePatternResolver:783 - Searching directory [E:\java\repos\JavaTutorAPI\javatutor\target\classes\pro\abacus\javatutor\repository] for files matching pattern [E:/java/repos/JavaTutorAPI/javatutor/target/classes/pro/abacus/javatutor/**/*.class]
10:38:44,547 DEBUG org.springframework.core.io.support.PathMatchingResourcePatternResolver:783 - Searching directory [E:\java\repos\JavaTutorAPI\javatutor\target\classes\pro\abacus\javatutor\repository] for files matching pattern [E:/java/repos/JavaTutorAPI/javatutor/target/classes/pro/abacus/javatutor/**/*.class]
10:38:44,549 DEBUG org.springframework.core.io.support.PathMatchingResourcePatternResolver:783 - Searching directory [E:\java\repos\JavaTutorAPI\javatutor\target\classes\pro\abacus\javatutor\security] for files matching pattern [E:/java/repos/JavaTutorAPI/javatutor/target/classes/pro/abacus/javatutor/**/*.class]
10:38:44,549 DEBUG org.springframework.core.io.support.PathMatchingResourcePatternResolver:783 - Searching directory [E:\java\repos\JavaTutorAPI\javatutor\target\classes\pro\abacus\javatutor\security] for files matching pattern [E:/java/repos/JavaTutorAPI/javatutor/target/classes/pro/abacus/javatutor/**/*.class]
10:38:44,551 DEBUG org.springframework.core.io.support.PathMatchingResourcePatternResolver:783 - Searching directory [E:\java\repos\JavaTutorAPI\javatutor\target\classes\pro\abacus\javatutor\service] for files matching pattern [E:/java/repos/JavaTutorAPI/javatutor/target/classes/pro/abacus/javatutor/**/*.class]
10:38:44,551 DEBUG org.springframework.core.io.support.PathMatchingResourcePatternResolver:783 - Searching directory [E:\java\repos\JavaTutorAPI\javatutor\target\classes\pro\abacus\javatutor\service] for files matching pattern [E:/java/repos/JavaTutorAPI/javatutor/target/classes/pro/abacus/javatutor/**/*.class]
10:38:44,553 DEBUG org.springframework.core.io.support.PathMatchingResourcePatternResolver:514 - Resolved location pattern [classpath*:pro/abacus/javatutor/**/*.class] to resources [file [E:\java\repos\JavaTutorAPI\javatutor\target\test-classes\pro\abacus\javatutor\controller\QuestionRestControllerTest.class], file [E:\java\repos\JavaTutorAPI\javatutor\target\test-classes\pro\abacus\javatutor\controller\RegistrationControllerTest.class], file [E:\java\repos\JavaTutorAPI\javatutor\target\test-classes\pro\abacus\javatutor\JavaTutorApplicationTest.class], file [E:\java\repos\JavaTutorAPI\javatutor\target\test-classes\pro\abacus\javatutor\repository\AuthorityRepositoryTest.class], file [E:\java\repos\JavaTutorAPI\javatutor\target\test-classes\pro\abacus\javatutor\repository\JavaQuestionRepositoryTest.class], file [E:\java\repos\JavaTutorAPI\javatutor\target\test-classes\pro\abacus\javatutor\repository\UserRepositoryTest.class], file [E:\java\repos\JavaTutorAPI\javatutor\target\test-classes\pro\abacus\javatutor\security\UserDetailsServiceImplTest.class], file [E:\java\repos\JavaTutorAPI\javatutor\target\test-classes\pro\abacus\javatutor\SecurityIntegrationTest.class], file [E:\java\repos\JavaTutorAPI\javatutor\target\test-classes\pro\abacus\javatutor\service\JavaQuestionsServiceImplTest.class], file [E:\java\repos\JavaTutorAPI\javatutor\target\test-classes\pro\abacus\javatutor\service\UserServiceImplTest.class], file [E:\java\repos\JavaTutorAPI\javatutor\target\classes\pro\abacus\javatutor\controller\QuestionRestController.class], file [E:\java\repos\JavaTutorAPI\javatutor\target\classes\pro\abacus\javatutor\controller\RegistrationController.class], file [E:\java\repos\JavaTutorAPI\javatutor\target\classes\pro\abacus\javatutor\DatabaseConfiguration.class], file [E:\java\repos\JavaTutorAPI\javatutor\target\classes\pro\abacus\javatutor\domain\Authority.class], file [E:\java\repos\JavaTutorAPI\javatutor\target\classes\pro\abacus\javatutor\domain\JavaQuestion.class], file [E:\java\repos\JavaTutorAPI\javatutor\target\classes\pro\abacus\javatutor\domain\User.class], file [E:\java\repos\JavaTutorAPI\javatutor\target\classes\pro\abacus\javatutor\JavaTutorApplication.class], file [E:\java\repos\JavaTutorAPI\javatutor\target\classes\pro\abacus\javatutor\repository\AuthorityRepository.class], file [E:\java\repos\JavaTutorAPI\javatutor\target\classes\pro\abacus\javatutor\repository\JavaQuestionRepository.class], file [E:\java\repos\JavaTutorAPI\javatutor\target\classes\pro\abacus\javatutor\repository\UserRepository.class], file [E:\java\repos\JavaTutorAPI\javatutor\target\classes\pro\abacus\javatutor\security\AuthFailureHandler.class], file [E:\java\repos\JavaTutorAPI\javatutor\target\classes\pro\abacus\javatutor\security\AuthSuccessHandler.class], file [E:\java\repos\JavaTutorAPI\javatutor\target\classes\pro\abacus\javatutor\security\LogoutSuccessHandlerImpl.class], file [E:\java\repos\JavaTutorAPI\javatutor\target\classes\pro\abacus\javatutor\security\UserDetailsImpl.class], file [E:\java\repos\JavaTutorAPI\javatutor\target\classes\pro\abacus\javatutor\security\UserDetailsServiceImpl.class], file [E:\java\repos\JavaTutorAPI\javatutor\target\classes\pro\abacus\javatutor\SecurityConfiguration.class], file [E:\java\repos\JavaTutorAPI\javatutor\target\classes\pro\abacus\javatutor\service\JavaQuestionsService.class], file [E:\java\repos\JavaTutorAPI\javatutor\target\classes\pro\abacus\javatutor\service\JavaQuestionsServiceImpl.class], file [E:\java\repos\JavaTutorAPI\javatutor\target\classes\pro\abacus\javatutor\service\UserService.class], file [E:\java\repos\JavaTutorAPI\javatutor\target\classes\pro\abacus\javatutor\service\UserServiceImpl.class]]
10:38:44,553 DEBUG org.springframework.core.io.support.PathMatchingResourcePatternResolver:514 - Resolved location pattern [classpath*:pro/abacus/javatutor/**/*.class] to resources [file [E:\java\repos\JavaTutorAPI\javatutor\target\test-classes\pro\abacus\javatutor\controller\QuestionRestControllerTest.class], file [E:\java\repos\JavaTutorAPI\javatutor\target\test-classes\pro\abacus\javatutor\controller\RegistrationControllerTest.class], file [E:\java\repos\JavaTutorAPI\javatutor\target\test-classes\pro\abacus\javatutor\JavaTutorApplicationTest.class], file [E:\java\repos\JavaTutorAPI\javatutor\target\test-classes\pro\abacus\javatutor\repository\AuthorityRepositoryTest.class], file [E:\java\repos\JavaTutorAPI\javatutor\target\test-classes\pro\abacus\javatutor\repository\JavaQuestionRepositoryTest.class], file [E:\java\repos\JavaTutorAPI\javatutor\target\test-classes\pro\abacus\javatutor\repository\UserRepositoryTest.class], file [E:\java\repos\JavaTutorAPI\javatutor\target\test-classes\pro\abacus\javatutor\security\UserDetailsServiceImplTest.class], file [E:\java\repos\JavaTutorAPI\javatutor\target\test-classes\pro\abacus\javatutor\SecurityIntegrationTest.class], file [E:\java\repos\JavaTutorAPI\javatutor\target\test-classes\pro\abacus\javatutor\service\JavaQuestionsServiceImplTest.class], file [E:\java\repos\JavaTutorAPI\javatutor\target\test-classes\pro\abacus\javatutor\service\UserServiceImplTest.class], file [E:\java\repos\JavaTutorAPI\javatutor\target\classes\pro\abacus\javatutor\controller\QuestionRestController.class], file [E:\java\repos\JavaTutorAPI\javatutor\target\classes\pro\abacus\javatutor\controller\RegistrationController.class], file [E:\java\repos\JavaTutorAPI\javatutor\target\classes\pro\abacus\javatutor\DatabaseConfiguration.class], file [E:\java\repos\JavaTutorAPI\javatutor\target\classes\pro\abacus\javatutor\domain\Authority.class], file [E:\java\repos\JavaTutorAPI\javatutor\target\classes\pro\abacus\javatutor\domain\JavaQuestion.class], file [E:\java\repos\JavaTutorAPI\javatutor\target\classes\pro\abacus\javatutor\domain\User.class], file [E:\java\repos\JavaTutorAPI\javatutor\target\classes\pro\abacus\javatutor\JavaTutorApplication.class], file [E:\java\repos\JavaTutorAPI\javatutor\target\classes\pro\abacus\javatutor\repository\AuthorityRepository.class], file [E:\java\repos\JavaTutorAPI\javatutor\target\classes\pro\abacus\javatutor\repository\JavaQuestionRepository.class], file [E:\java\repos\JavaTutorAPI\javatutor\target\classes\pro\abacus\javatutor\repository\UserRepository.class], file [E:\java\repos\JavaTutorAPI\javatutor\target\classes\pro\abacus\javatutor\security\AuthFailureHandler.class], file [E:\java\repos\JavaTutorAPI\javatutor\target\classes\pro\abacus\javatutor\security\AuthSuccessHandler.class], file [E:\java\repos\JavaTutorAPI\javatutor\target\classes\pro\abacus\javatutor\security\LogoutSuccessHandlerImpl.class], file [E:\java\repos\JavaTutorAPI\javatutor\target\classes\pro\abacus\javatutor\security\UserDetailsImpl.class], file [E:\java\repos\JavaTutorAPI\javatutor\target\classes\pro\abacus\javatutor\security\UserDetailsServiceImpl.class], file [E:\java\repos\JavaTutorAPI\javatutor\target\classes\pro\abacus\javatutor\SecurityConfiguration.class], file [E:\java\repos\JavaTutorAPI\javatutor\target\classes\pro\abacus\javatutor\service\JavaQuestionsService.class], file [E:\java\repos\JavaTutorAPI\javatutor\target\classes\pro\abacus\javatutor\service\JavaQuestionsServiceImpl.class], file [E:\java\repos\JavaTutorAPI\javatutor\target\classes\pro\abacus\javatutor\service\UserService.class], file [E:\java\repos\JavaTutorAPI\javatutor\target\classes\pro\abacus\javatutor\service\UserServiceImpl.class]]
10:38:44,555 TRACE org.springframework.data.repository.config.RepositoryComponentProvider:426 - Scanning file [E:\java\repos\JavaTutorAPI\javatutor\target\test-classes\pro\abacus\javatutor\controller\QuestionRestControllerTest.class]
10:38:44,555 TRACE org.springframework.data.repository.config.RepositoryComponentProvider:426 - Scanning file [E:\java\repos\JavaTutorAPI\javatutor\target\test-classes\pro\abacus\javatutor\controller\QuestionRestControllerTest.class]
10:38:44,562 TRACE org.springframework.data.repository.config.RepositoryComponentProvider:449 - Ignored because not matching any filter: file [E:\java\repos\JavaTutorAPI\javatutor\target\test-classes\pro\abacus\javatutor\controller\QuestionRestControllerTest.class]
10:38:44,562 TRACE org.springframework.data.repository.config.RepositoryComponentProvider:449 - Ignored because not matching any filter: file [E:\java\repos\JavaTutorAPI\javatutor\target\test-classes\pro\abacus\javatutor\controller\QuestionRestControllerTest.class]
10:38:44,563 TRACE org.springframework.data.repository.config.RepositoryComponentProvider:426 - Scanning file [E:\java\repos\JavaTutorAPI\javatutor\target\test-classes\pro\abacus\javatutor\controller\RegistrationControllerTest.class]
10:38:44,563 TRACE org.springframework.data.repository.config.RepositoryComponentProvider:426 - Scanning file [E:\java\repos\JavaTutorAPI\javatutor\target\test-classes\pro\abacus\javatutor\controller\RegistrationControllerTest.class]
10:38:44,565 TRACE org.springframework.data.repository.config.RepositoryComponentProvider:449 - Ignored because not matching any filter: file [E:\java\repos\JavaTutorAPI\javatutor\target\test-classes\pro\abacus\javatutor\controller\RegistrationControllerTest.class]
10:38:44,565 TRACE org.springframework.data.repository.config.RepositoryComponentProvider:449 - Ignored because not matching any filter: file [E:\java\repos\JavaTutorAPI\javatutor\target\test-classes\pro\abacus\javatutor\controller\RegistrationControllerTest.class]
10:38:44,565 TRACE org.springframework.data.repository.config.RepositoryComponentProvider:426 - Scanning file [E:\java\repos\JavaTutorAPI\javatutor\target\test-classes\pro\abacus\javatutor\JavaTutorApplicationTest.class]
10:38:44,565 TRACE org.springframework.data.repository.config.RepositoryComponentProvider:426 - Scanning file [E:\java\repos\JavaTutorAPI\javatutor\target\test-classes\pro\abacus\javatutor\JavaTutorApplicationTest.class]
10:38:44,566 TRACE org.springframework.data.repository.config.RepositoryComponentProvider:449 - Ignored because not matching any filter: file [E:\java\repos\JavaTutorAPI\javatutor\target\test-classes\pro\abacus\javatutor\JavaTutorApplicationTest.class]
10:38:44,566 TRACE org.springframework.data.repository.config.RepositoryComponentProvider:449 - Ignored because not matching any filter: file [E:\java\repos\JavaTutorAPI\javatutor\target\test-classes\pro\abacus\javatutor\JavaTutorApplicationTest.class]
10:38:44,570 TRACE org.springframework.data.repository.config.RepositoryComponentProvider:426 - Scanning file [E:\java\repos\JavaTutorAPI\javatutor\target\test-classes\pro\abacus\javatutor\repository\AuthorityRepositoryTest.class]
10:38:44,570 TRACE org.springframework.data.repository.config.RepositoryComponentProvider:426 - Scanning file [E:\java\repos\JavaTutorAPI\javatutor\target\test-classes\pro\abacus\javatutor\repository\AuthorityRepositoryTest.class]
10:38:44,571 TRACE org.springframework.data.repository.config.RepositoryComponentProvider:449 - Ignored because not matching any filter: file [E:\java\repos\JavaTutorAPI\javatutor\target\test-classes\pro\abacus\javatutor\repository\AuthorityRepositoryTest.class]
10:38:44,571 TRACE org.springframework.data.repository.config.RepositoryComponentProvider:449 - Ignored because not matching any filter: file [E:\java\repos\JavaTutorAPI\javatutor\target\test-classes\pro\abacus\javatutor\repository\AuthorityRepositoryTest.class]
10:38:44,573 TRACE org.springframework.data.repository.config.RepositoryComponentProvider:426 - Scanning file [E:\java\repos\JavaTutorAPI\javatutor\target\test-classes\pro\abacus\javatutor\repository\JavaQuestionRepositoryTest.class]
10:38:44,573 TRACE org.springframework.data.repository.config.RepositoryComponentProvider:426 - Scanning file [E:\java\repos\JavaTutorAPI\javatutor\target\test-classes\pro\abacus\javatutor\repository\JavaQuestionRepositoryTest.class]
10:38:44,574 TRACE org.springframework.data.repository.config.RepositoryComponentProvider:449 - Ignored because not matching any filter: file [E:\java\repos\JavaTutorAPI\javatutor\target\test-classes\pro\abacus\javatutor\repository\JavaQuestionRepositoryTest.class]
10:38:44,574 TRACE org.springframework.data.repository.config.RepositoryComponentProvider:449 - Ignored because not matching any filter: file [E:\java\repos\JavaTutorAPI\javatutor\target\test-classes\pro\abacus\javatutor\repository\JavaQuestionRepositoryTest.class]
10:38:44,575 TRACE org.springframework.data.repository.config.RepositoryComponentProvider:426 - Scanning file [E:\java\repos\JavaTutorAPI\javatutor\target\test-classes\pro\abacus\javatutor\repository\UserRepositoryTest.class]
10:38:44,575 TRACE org.springframework.data.repository.config.RepositoryComponentProvider:426 - Scanning file [E:\java\repos\JavaTutorAPI\javatutor\target\test-classes\pro\abacus\javatutor\repository\UserRepositoryTest.class]
10:38:44,576 TRACE org.springframework.data.repository.config.RepositoryComponentProvider:449 - Ignored because not matching any filter: file [E:\java\repos\JavaTutorAPI\javatutor\target\test-classes\pro\abacus\javatutor\repository\UserRepositoryTest.class]
10:38:44,576 TRACE org.springframework.data.repository.config.RepositoryComponentProvider:449 - Ignored because not matching any filter: file [E:\java\repos\JavaTutorAPI\javatutor\target\test-classes\pro\abacus\javatutor\repository\UserRepositoryTest.class]
10:38:44,578 TRACE org.springframework.data.repository.config.RepositoryComponentProvider:426 - Scanning file [E:\java\repos\JavaTutorAPI\javatutor\target\test-classes\pro\abacus\javatutor\security\UserDetailsServiceImplTest.class]
10:38:44,578 TRACE org.springframework.data.repository.config.RepositoryComponentProvider:426 - Scanning file [E:\java\repos\JavaTutorAPI\javatutor\target\test-classes\pro\abacus\javatutor\security\UserDetailsServiceImplTest.class]
10:38:44,579 TRACE org.springframework.data.repository.config.RepositoryComponentProvider:449 - Ignored because not matching any filter: file [E:\java\repos\JavaTutorAPI\javatutor\target\test-classes\pro\abacus\javatutor\security\UserDetailsServiceImplTest.class]
10:38:44,579 TRACE org.springframework.data.repository.config.RepositoryComponentProvider:449 - Ignored because not matching any filter: file [E:\java\repos\JavaTutorAPI\javatutor\target\test-classes\pro\abacus\javatutor\security\UserDetailsServiceImplTest.class]
10:38:44,580 TRACE org.springframework.data.repository.config.RepositoryComponentProvider:426 - Scanning file [E:\java\repos\JavaTutorAPI\javatutor\target\test-classes\pro\abacus\javatutor\SecurityIntegrationTest.class]
10:38:44,580 TRACE org.springframework.data.repository.config.RepositoryComponentProvider:426 - Scanning file [E:\java\repos\JavaTutorAPI\javatutor\target\test-classes\pro\abacus\javatutor\SecurityIntegrationTest.class]
10:38:44,581 TRACE org.springframework.data.repository.config.RepositoryComponentProvider:449 - Ignored because not matching any filter: file [E:\java\repos\JavaTutorAPI\javatutor\target\test-classes\pro\abacus\javatutor\SecurityIntegrationTest.class]
10:38:44,581 TRACE org.springframework.data.repository.config.RepositoryComponentProvider:449 - Ignored because not matching any filter: file [E:\java\repos\JavaTutorAPI\javatutor\target\test-classes\pro\abacus\javatutor\SecurityIntegrationTest.class]
10:38:44,581 TRACE org.springframework.data.repository.config.RepositoryComponentProvider:426 - Scanning file [E:\java\repos\JavaTutorAPI\javatutor\target\test-classes\pro\abacus\javatutor\service\JavaQuestionsServiceImplTest.class]
10:38:44,581 TRACE org.springframework.data.repository.config.RepositoryComponentProvider:426 - Scanning file [E:\java\repos\JavaTutorAPI\javatutor\target\test-classes\pro\abacus\javatutor\service\JavaQuestionsServiceImplTest.class]
10:38:44,582 TRACE org.springframework.data.repository.config.RepositoryComponentProvider:449 - Ignored because not matching any filter: file [E:\java\repos\JavaTutorAPI\javatutor\target\test-classes\pro\abacus\javatutor\service\JavaQuestionsServiceImplTest.class]
10:38:44,582 TRACE org.springframework.data.repository.config.RepositoryComponentProvider:449 - Ignored because not matching any filter: file [E:\java\repos\JavaTutorAPI\javatutor\target\test-classes\pro\abacus\javatutor\service\JavaQuestionsServiceImplTest.class]
10:38:44,583 TRACE org.springframework.data.repository.config.RepositoryComponentProvider:426 - Scanning file [E:\java\repos\JavaTutorAPI\javatutor\target\test-classes\pro\abacus\javatutor\service\UserServiceImplTest.class]
10:38:44,583 TRACE org.springframework.data.repository.config.RepositoryComponentProvider:426 - Scanning file [E:\java\repos\JavaTutorAPI\javatutor\target\test-classes\pro\abacus\javatutor\service\UserServiceImplTest.class]
10:38:44,584 TRACE org.springframework.data.repository.config.RepositoryComponentProvider:449 - Ignored because not matching any filter: file [E:\java\repos\JavaTutorAPI\javatutor\target\test-classes\pro\abacus\javatutor\service\UserServiceImplTest.class]
10:38:44,584 TRACE org.springframework.data.repository.config.RepositoryComponentProvider:449 - Ignored because not matching any filter: file [E:\java\repos\JavaTutorAPI\javatutor\target\test-classes\pro\abacus\javatutor\service\UserServiceImplTest.class]
10:38:44,585 TRACE org.springframework.data.repository.config.RepositoryComponentProvider:426 - Scanning file [E:\java\repos\JavaTutorAPI\javatutor\target\classes\pro\abacus\javatutor\controller\QuestionRestController.class]
10:38:44,585 TRACE org.springframework.data.repository.config.RepositoryComponentProvider:426 - Scanning file [E:\java\repos\JavaTutorAPI\javatutor\target\classes\pro\abacus\javatutor\controller\QuestionRestController.class]
10:38:44,586 TRACE org.springframework.data.repository.config.RepositoryComponentProvider:449 - Ignored because not matching any filter: file [E:\java\repos\JavaTutorAPI\javatutor\target\classes\pro\abacus\javatutor\controller\QuestionRestController.class]
10:38:44,586 TRACE org.springframework.data.repository.config.RepositoryComponentProvider:449 - Ignored because not matching any filter: file [E:\java\repos\JavaTutorAPI\javatutor\target\classes\pro\abacus\javatutor\controller\QuestionRestController.class]
10:38:44,587 TRACE org.springframework.data.repository.config.RepositoryComponentProvider:426 - Scanning file [E:\java\repos\JavaTutorAPI\javatutor\target\classes\pro\abacus\javatutor\controller\RegistrationController.class]
10:38:44,587 TRACE org.springframework.data.repository.config.RepositoryComponentProvider:426 - Scanning file [E:\java\repos\JavaTutorAPI\javatutor\target\classes\pro\abacus\javatutor\controller\RegistrationController.class]
10:38:44,588 TRACE org.springframework.data.repository.config.RepositoryComponentProvider:449 - Ignored because not matching any filter: file [E:\java\repos\JavaTutorAPI\javatutor\target\classes\pro\abacus\javatutor\controller\RegistrationController.class]
10:38:44,588 TRACE org.springframework.data.repository.config.RepositoryComponentProvider:449 - Ignored because not matching any filter: file [E:\java\repos\JavaTutorAPI\javatutor\target\classes\pro\abacus\javatutor\controller\RegistrationController.class]
10:38:44,593 TRACE org.springframework.data.repository.config.RepositoryComponentProvider:426 - Scanning file [E:\java\repos\JavaTutorAPI\javatutor\target\classes\pro\abacus\javatutor\DatabaseConfiguration.class]
10:38:44,593 TRACE org.springframework.data.repository.config.RepositoryComponentProvider:426 - Scanning file [E:\java\repos\JavaTutorAPI\javatutor\target\classes\pro\abacus\javatutor\DatabaseConfiguration.class]
10:38:44,595 TRACE org.springframework.data.repository.config.RepositoryComponentProvider:449 - Ignored because not matching any filter: file [E:\java\repos\JavaTutorAPI\javatutor\target\classes\pro\abacus\javatutor\DatabaseConfiguration.class]
10:38:44,595 TRACE org.springframework.data.repository.config.RepositoryComponentProvider:449 - Ignored because not matching any filter: file [E:\java\repos\JavaTutorAPI\javatutor\target\classes\pro\abacus\javatutor\DatabaseConfiguration.class]
10:38:44,597 TRACE org.springframework.data.repository.config.RepositoryComponentProvider:426 - Scanning file [E:\java\repos\JavaTutorAPI\javatutor\target\classes\pro\abacus\javatutor\domain\Authority.class]
10:38:44,597 TRACE org.springframework.data.repository.config.RepositoryComponentProvider:426 - Scanning file [E:\java\repos\JavaTutorAPI\javatutor\target\classes\pro\abacus\javatutor\domain\Authority.class]
10:38:44,618 TRACE org.springframework.data.repository.config.RepositoryComponentProvider:449 - Ignored because not matching any filter: file [E:\java\repos\JavaTutorAPI\javatutor\target\classes\pro\abacus\javatutor\domain\Authority.class]
10:38:44,618 TRACE org.springframework.data.repository.config.RepositoryComponentProvider:449 - Ignored because not matching any filter: file [E:\java\repos\JavaTutorAPI\javatutor\target\classes\pro\abacus\javatutor\domain\Authority.class]
10:38:44,619 TRACE org.springframework.data.repository.config.RepositoryComponentProvider:426 - Scanning file [E:\java\repos\JavaTutorAPI\javatutor\target\classes\pro\abacus\javatutor\domain\JavaQuestion.class]
10:38:44,619 TRACE org.springframework.data.repository.config.RepositoryComponentProvider:426 - Scanning file [E:\java\repos\JavaTutorAPI\javatutor\target\classes\pro\abacus\javatutor\domain\JavaQuestion.class]
10:38:44,628 TRACE org.springframework.data.repository.config.RepositoryComponentProvider:449 - Ignored because not matching any filter: file [E:\java\repos\JavaTutorAPI\javatutor\target\classes\pro\abacus\javatutor\domain\JavaQuestion.class]
10:38:44,628 TRACE org.springframework.data.repository.config.RepositoryComponentProvider:449 - Ignored because not matching any filter: file [E:\java\repos\JavaTutorAPI\javatutor\target\classes\pro\abacus\javatutor\domain\JavaQuestion.class]
10:38:44,629 TRACE org.springframework.data.repository.config.RepositoryComponentProvider:426 - Scanning file [E:\java\repos\JavaTutorAPI\javatutor\target\classes\pro\abacus\javatutor\domain\User.class]
10:38:44,629 TRACE org.springframework.data.repository.config.RepositoryComponentProvider:426 - Scanning file [E:\java\repos\JavaTutorAPI\javatutor\target\classes\pro\abacus\javatutor\domain\User.class]
10:38:44,631 TRACE org.springframework.data.repository.config.RepositoryComponentProvider:449 - Ignored because not matching any filter: file [E:\java\repos\JavaTutorAPI\javatutor\target\classes\pro\abacus\javatutor\domain\User.class]
10:38:44,631 TRACE org.springframework.data.repository.config.RepositoryComponentProvider:449 - Ignored because not matching any filter: file [E:\java\repos\JavaTutorAPI\javatutor\target\classes\pro\abacus\javatutor\domain\User.class]
10:38:44,632 TRACE org.springframework.data.repository.config.RepositoryComponentProvider:426 - Scanning file [E:\java\repos\JavaTutorAPI\javatutor\target\classes\pro\abacus\javatutor\JavaTutorApplication.class]
10:38:44,632 TRACE org.springframework.data.repository.config.RepositoryComponentProvider:426 - Scanning file [E:\java\repos\JavaTutorAPI\javatutor\target\classes\pro\abacus\javatutor\JavaTutorApplication.class]
10:38:44,635 TRACE org.springframework.data.repository.config.RepositoryComponentProvider:449 - Ignored because not matching any filter: file [E:\java\repos\JavaTutorAPI\javatutor\target\classes\pro\abacus\javatutor\JavaTutorApplication.class]
10:38:44,635 TRACE org.springframework.data.repository.config.RepositoryComponentProvider:449 - Ignored because not matching any filter: file [E:\java\repos\JavaTutorAPI\javatutor\target\classes\pro\abacus\javatutor\JavaTutorApplication.class]
10:38:44,636 TRACE org.springframework.data.repository.config.RepositoryComponentProvider:426 - Scanning file [E:\java\repos\JavaTutorAPI\javatutor\target\classes\pro\abacus\javatutor\repository\AuthorityRepository.class]
10:38:44,636 TRACE org.springframework.data.repository.config.RepositoryComponentProvider:426 - Scanning file [E:\java\repos\JavaTutorAPI\javatutor\target\classes\pro\abacus\javatutor\repository\AuthorityRepository.class]
10:38:44,658 DEBUG org.springframework.data.repository.config.RepositoryComponentProvider:437 - Identified candidate component class: file [E:\java\repos\JavaTutorAPI\javatutor\target\classes\pro\abacus\javatutor\repository\AuthorityRepository.class]
10:38:44,658 DEBUG org.springframework.data.repository.config.RepositoryComponentProvider:437 - Identified candidate component class: file [E:\java\repos\JavaTutorAPI\javatutor\target\classes\pro\abacus\javatutor\repository\AuthorityRepository.class]
10:38:44,660 TRACE org.springframework.data.repository.config.RepositoryComponentProvider:426 - Scanning file [E:\java\repos\JavaTutorAPI\javatutor\target\classes\pro\abacus\javatutor\repository\JavaQuestionRepository.class]
10:38:44,660 TRACE org.springframework.data.repository.config.RepositoryComponentProvider:426 - Scanning file [E:\java\repos\JavaTutorAPI\javatutor\target\classes\pro\abacus\javatutor\repository\JavaQuestionRepository.class]
10:38:44,662 DEBUG org.springframework.data.repository.config.RepositoryComponentProvider:437 - Identified candidate component class: file [E:\java\repos\JavaTutorAPI\javatutor\target\classes\pro\abacus\javatutor\repository\JavaQuestionRepository.class]
10:38:44,662 DEBUG org.springframework.data.repository.config.RepositoryComponentProvider:437 - Identified candidate component class: file [E:\java\repos\JavaTutorAPI\javatutor\target\classes\pro\abacus\javatutor\repository\JavaQuestionRepository.class]
10:38:44,663 TRACE org.springframework.data.repository.config.RepositoryComponentProvider:426 - Scanning file [E:\java\repos\JavaTutorAPI\javatutor\target\classes\pro\abacus\javatutor\repository\UserRepository.class]
10:38:44,663 TRACE org.springframework.data.repository.config.RepositoryComponentProvider:426 - Scanning file [E:\java\repos\JavaTutorAPI\javatutor\target\classes\pro\abacus\javatutor\repository\UserRepository.class]
10:38:44,664 DEBUG org.springframework.data.repository.config.RepositoryComponentProvider:437 - Identified candidate component class: file [E:\java\repos\JavaTutorAPI\javatutor\target\classes\pro\abacus\javatutor\repository\UserRepository.class]
10:38:44,664 DEBUG org.springframework.data.repository.config.RepositoryComponentProvider:437 - Identified candidate component class: file [E:\java\repos\JavaTutorAPI\javatutor\target\classes\pro\abacus\javatutor\repository\UserRepository.class]
10:38:44,665 TRACE org.springframework.data.repository.config.RepositoryComponentProvider:426 - Scanning file [E:\java\repos\JavaTutorAPI\javatutor\target\classes\pro\abacus\javatutor\security\AuthFailureHandler.class]
10:38:44,665 TRACE org.springframework.data.repository.config.RepositoryComponentProvider:426 - Scanning file [E:\java\repos\JavaTutorAPI\javatutor\target\classes\pro\abacus\javatutor\security\AuthFailureHandler.class]
10:38:44,681 TRACE org.springframework.data.repository.config.RepositoryComponentProvider:449 - Ignored because not matching any filter: file [E:\java\repos\JavaTutorAPI\javatutor\target\classes\pro\abacus\javatutor\security\AuthFailureHandler.class]
10:38:44,681 TRACE org.springframework.data.repository.config.RepositoryComponentProvider:449 - Ignored because not matching any filter: file [E:\java\repos\JavaTutorAPI\javatutor\target\classes\pro\abacus\javatutor\security\AuthFailureHandler.class]
10:38:44,682 TRACE org.springframework.data.repository.config.RepositoryComponentProvider:426 - Scanning file [E:\java\repos\JavaTutorAPI\javatutor\target\classes\pro\abacus\javatutor\security\AuthSuccessHandler.class]
10:38:44,682 TRACE org.springframework.data.repository.config.RepositoryComponentProvider:426 - Scanning file [E:\java\repos\JavaTutorAPI\javatutor\target\classes\pro\abacus\javatutor\security\AuthSuccessHandler.class]
10:38:44,688 TRACE org.springframework.data.repository.config.RepositoryComponentProvider:449 - Ignored because not matching any filter: file [E:\java\repos\JavaTutorAPI\javatutor\target\classes\pro\abacus\javatutor\security\AuthSuccessHandler.class]
10:38:44,688 TRACE org.springframework.data.repository.config.RepositoryComponentProvider:449 - Ignored because not matching any filter: file [E:\java\repos\JavaTutorAPI\javatutor\target\classes\pro\abacus\javatutor\security\AuthSuccessHandler.class]
10:38:44,691 TRACE org.springframework.data.repository.config.RepositoryComponentProvider:426 - Scanning file [E:\java\repos\JavaTutorAPI\javatutor\target\classes\pro\abacus\javatutor\security\LogoutSuccessHandlerImpl.class]
10:38:44,691 TRACE org.springframework.data.repository.config.RepositoryComponentProvider:426 - Scanning file [E:\java\repos\JavaTutorAPI\javatutor\target\classes\pro\abacus\javatutor\security\LogoutSuccessHandlerImpl.class]
10:38:44,697 TRACE org.springframework.data.repository.config.RepositoryComponentProvider:449 - Ignored because not matching any filter: file [E:\java\repos\JavaTutorAPI\javatutor\target\classes\pro\abacus\javatutor\security\LogoutSuccessHandlerImpl.class]
10:38:44,697 TRACE org.springframework.data.repository.config.RepositoryComponentProvider:449 - Ignored because not matching any filter: file [E:\java\repos\JavaTutorAPI\javatutor\target\classes\pro\abacus\javatutor\security\LogoutSuccessHandlerImpl.class]
10:38:44,699 TRACE org.springframework.data.repository.config.RepositoryComponentProvider:426 - Scanning file [E:\java\repos\JavaTutorAPI\javatutor\target\classes\pro\abacus\javatutor\security\UserDetailsImpl.class]
10:38:44,699 TRACE org.springframework.data.repository.config.RepositoryComponentProvider:426 - Scanning file [E:\java\repos\JavaTutorAPI\javatutor\target\classes\pro\abacus\javatutor\security\UserDetailsImpl.class]
10:38:44,730 TRACE org.springframework.data.repository.config.RepositoryComponentProvider:449 - Ignored because not matching any filter: file [E:\java\repos\JavaTutorAPI\javatutor\target\classes\pro\abacus\javatutor\security\UserDetailsImpl.class]
10:38:44,730 TRACE org.springframework.data.repository.config.RepositoryComponentProvider:449 - Ignored because not matching any filter: file [E:\java\repos\JavaTutorAPI\javatutor\target\classes\pro\abacus\javatutor\security\UserDetailsImpl.class]
10:38:44,732 TRACE org.springframework.data.repository.config.RepositoryComponentProvider:426 - Scanning file [E:\java\repos\JavaTutorAPI\javatutor\target\classes\pro\abacus\javatutor\security\UserDetailsServiceImpl.class]
10:38:44,732 TRACE org.springframework.data.repository.config.RepositoryComponentProvider:426 - Scanning file [E:\java\repos\JavaTutorAPI\javatutor\target\classes\pro\abacus\javatutor\security\UserDetailsServiceImpl.class]
10:38:44,738 TRACE org.springframework.data.repository.config.RepositoryComponentProvider:449 - Ignored because not matching any filter: file [E:\java\repos\JavaTutorAPI\javatutor\target\classes\pro\abacus\javatutor\security\UserDetailsServiceImpl.class]
10:38:44,738 TRACE org.springframework.data.repository.config.RepositoryComponentProvider:449 - Ignored because not matching any filter: file [E:\java\repos\JavaTutorAPI\javatutor\target\classes\pro\abacus\javatutor\security\UserDetailsServiceImpl.class]
10:38:44,745 TRACE org.springframework.data.repository.config.RepositoryComponentProvider:426 - Scanning file [E:\java\repos\JavaTutorAPI\javatutor\target\classes\pro\abacus\javatutor\SecurityConfiguration.class]
10:38:44,745 TRACE org.springframework.data.repository.config.RepositoryComponentProvider:426 - Scanning file [E:\java\repos\JavaTutorAPI\javatutor\target\classes\pro\abacus\javatutor\SecurityConfiguration.class]
10:38:44,754 TRACE org.springframework.data.repository.config.RepositoryComponentProvider:449 - Ignored because not matching any filter: file [E:\java\repos\JavaTutorAPI\javatutor\target\classes\pro\abacus\javatutor\SecurityConfiguration.class]
10:38:44,754 TRACE org.springframework.data.repository.config.RepositoryComponentProvider:449 - Ignored because not matching any filter: file [E:\java\repos\JavaTutorAPI\javatutor\target\classes\pro\abacus\javatutor\SecurityConfiguration.class]
10:38:44,759 TRACE org.springframework.data.repository.config.RepositoryComponentProvider:426 - Scanning file [E:\java\repos\JavaTutorAPI\javatutor\target\classes\pro\abacus\javatutor\service\JavaQuestionsService.class]
10:38:44,759 TRACE org.springframework.data.repository.config.RepositoryComponentProvider:426 - Scanning file [E:\java\repos\JavaTutorAPI\javatutor\target\classes\pro\abacus\javatutor\service\JavaQuestionsService.class]
10:38:44,760 TRACE org.springframework.data.repository.config.RepositoryComponentProvider:449 - Ignored because not matching any filter: file [E:\java\repos\JavaTutorAPI\javatutor\target\classes\pro\abacus\javatutor\service\JavaQuestionsService.class]
10:38:44,760 TRACE org.springframework.data.repository.config.RepositoryComponentProvider:449 - Ignored because not matching any filter: file [E:\java\repos\JavaTutorAPI\javatutor\target\classes\pro\abacus\javatutor\service\JavaQuestionsService.class]
10:38:44,762 TRACE org.springframework.data.repository.config.RepositoryComponentProvider:426 - Scanning file [E:\java\repos\JavaTutorAPI\javatutor\target\classes\pro\abacus\javatutor\service\JavaQuestionsServiceImpl.class]
10:38:44,762 TRACE org.springframework.data.repository.config.RepositoryComponentProvider:426 - Scanning file [E:\java\repos\JavaTutorAPI\javatutor\target\classes\pro\abacus\javatutor\service\JavaQuestionsServiceImpl.class]
10:38:44,765 TRACE org.springframework.data.repository.config.RepositoryComponentProvider:449 - Ignored because not matching any filter: file [E:\java\repos\JavaTutorAPI\javatutor\target\classes\pro\abacus\javatutor\service\JavaQuestionsServiceImpl.class]
10:38:44,765 TRACE org.springframework.data.repository.config.RepositoryComponentProvider:449 - Ignored because not matching any filter: file [E:\java\repos\JavaTutorAPI\javatutor\target\classes\pro\abacus\javatutor\service\JavaQuestionsServiceImpl.class]
10:38:44,768 TRACE org.springframework.data.repository.config.RepositoryComponentProvider:426 - Scanning file [E:\java\repos\JavaTutorAPI\javatutor\target\classes\pro\abacus\javatutor\service\UserService.class]
10:38:44,768 TRACE org.springframework.data.repository.config.RepositoryComponentProvider:426 - Scanning file [E:\java\repos\JavaTutorAPI\javatutor\target\classes\pro\abacus\javatutor\service\UserService.class]
10:38:44,770 TRACE org.springframework.data.repository.config.RepositoryComponentProvider:449 - Ignored because not matching any filter: file [E:\java\repos\JavaTutorAPI\javatutor\target\classes\pro\abacus\javatutor\service\UserService.class]
10:38:44,770 TRACE org.springframework.data.repository.config.RepositoryComponentProvider:449 - Ignored because not matching any filter: file [E:\java\repos\JavaTutorAPI\javatutor\target\classes\pro\abacus\javatutor\service\UserService.class]
10:38:44,771 TRACE org.springframework.data.repository.config.RepositoryComponentProvider:426 - Scanning file [E:\java\repos\JavaTutorAPI\javatutor\target\classes\pro\abacus\javatutor\service\UserServiceImpl.class]
10:38:44,771 TRACE org.springframework.data.repository.config.RepositoryComponentProvider:426 - Scanning file [E:\java\repos\JavaTutorAPI\javatutor\target\classes\pro\abacus\javatutor\service\UserServiceImpl.class]
10:38:44,779 TRACE org.springframework.data.repository.config.RepositoryComponentProvider:449 - Ignored because not matching any filter: file [E:\java\repos\JavaTutorAPI\javatutor\target\classes\pro\abacus\javatutor\service\UserServiceImpl.class]
10:38:44,779 TRACE org.springframework.data.repository.config.RepositoryComponentProvider:449 - Ignored because not matching any filter: file [E:\java\repos\JavaTutorAPI\javatutor\target\classes\pro\abacus\javatutor\service\UserServiceImpl.class]
10:38:44,834 DEBUG org.springframework.core.io.support.PathMatchingResourcePatternResolver:321 - Resolved classpath location [pro/abacus/javatutor/repository/] to resources [URL [file:/E:/java/repos/JavaTutorAPI/javatutor/target/test-classes/pro/abacus/javatutor/repository/], URL [file:/E:/java/repos/JavaTutorAPI/javatutor/target/classes/pro/abacus/javatutor/repository/]]
10:38:44,834 DEBUG org.springframework.core.io.support.PathMatchingResourcePatternResolver:321 - Resolved classpath location [pro/abacus/javatutor/repository/] to resources [URL [file:/E:/java/repos/JavaTutorAPI/javatutor/target/test-classes/pro/abacus/javatutor/repository/], URL [file:/E:/java/repos/JavaTutorAPI/javatutor/target/classes/pro/abacus/javatutor/repository/]]
10:38:44,836 DEBUG org.springframework.core.io.support.PathMatchingResourcePatternResolver:721 - Looking for matching resources in directory tree [E:\java\repos\JavaTutorAPI\javatutor\target\test-classes\pro\abacus\javatutor\repository]
10:38:44,836 DEBUG org.springframework.core.io.support.PathMatchingResourcePatternResolver:721 - Looking for matching resources in directory tree [E:\java\repos\JavaTutorAPI\javatutor\target\test-classes\pro\abacus\javatutor\repository]
10:38:44,845 DEBUG org.springframework.core.io.support.PathMatchingResourcePatternResolver:783 - Searching directory [E:\java\repos\JavaTutorAPI\javatutor\target\test-classes\pro\abacus\javatutor\repository] for files matching pattern [E:/java/repos/JavaTutorAPI/javatutor/target/test-classes/pro/abacus/javatutor/repository/**/*UserRepositoryImpl.class]
10:38:44,845 DEBUG org.springframework.core.io.support.PathMatchingResourcePatternResolver:783 - Searching directory [E:\java\repos\JavaTutorAPI\javatutor\target\test-classes\pro\abacus\javatutor\repository] for files matching pattern [E:/java/repos/JavaTutorAPI/javatutor/target/test-classes/pro/abacus/javatutor/repository/**/*UserRepositoryImpl.class]
10:38:44,848 DEBUG org.springframework.core.io.support.PathMatchingResourcePatternResolver:721 - Looking for matching resources in directory tree [E:\java\repos\JavaTutorAPI\javatutor\target\classes\pro\abacus\javatutor\repository]
10:38:44,848 DEBUG org.springframework.core.io.support.PathMatchingResourcePatternResolver:721 - Looking for matching resources in directory tree [E:\java\repos\JavaTutorAPI\javatutor\target\classes\pro\abacus\javatutor\repository]
10:38:44,852 DEBUG org.springframework.core.io.support.PathMatchingResourcePatternResolver:783 - Searching directory [E:\java\repos\JavaTutorAPI\javatutor\target\classes\pro\abacus\javatutor\repository] for files matching pattern [E:/java/repos/JavaTutorAPI/javatutor/target/classes/pro/abacus/javatutor/repository/**/*UserRepositoryImpl.class]
10:38:44,852 DEBUG org.springframework.core.io.support.PathMatchingResourcePatternResolver:783 - Searching directory [E:\java\repos\JavaTutorAPI\javatutor\target\classes\pro\abacus\javatutor\repository] for files matching pattern [E:/java/repos/JavaTutorAPI/javatutor/target/classes/pro/abacus/javatutor/repository/**/*UserRepositoryImpl.class]
10:38:44,855 DEBUG org.springframework.core.io.support.PathMatchingResourcePatternResolver:514 - Resolved location pattern [classpath*:pro/abacus/javatutor/repository/**/*UserRepositoryImpl.class] to resources []
10:38:44,855 DEBUG org.springframework.core.io.support.PathMatchingResourcePatternResolver:514 - Resolved location pattern [classpath*:pro/abacus/javatutor/repository/**/*UserRepositoryImpl.class] to resources []
10:38:44,867 DEBUG org.springframework.data.repository.config.RepositoryConfigurationDelegate:137 - Spring Data MongoDB - Registering repository: userRepository - Interface: pro.abacus.javatutor.repository.UserRepository - Factory: org.springframework.data.mongodb.repository.support.MongoRepositoryFactoryBean
10:38:44,867 DEBUG org.springframework.data.repository.config.RepositoryConfigurationDelegate:137 - Spring Data MongoDB - Registering repository: userRepository - Interface: pro.abacus.javatutor.repository.UserRepository - Factory: org.springframework.data.mongodb.repository.support.MongoRepositoryFactoryBean
10:38:44,896 DEBUG org.springframework.core.io.support.PathMatchingResourcePatternResolver:321 - Resolved classpath location [pro/abacus/javatutor/repository/] to resources [URL [file:/E:/java/repos/JavaTutorAPI/javatutor/target/test-classes/pro/abacus/javatutor/repository/], URL [file:/E:/java/repos/JavaTutorAPI/javatutor/target/classes/pro/abacus/javatutor/repository/]]
10:38:44,896 DEBUG org.springframework.core.io.support.PathMatchingResourcePatternResolver:321 - Resolved classpath location [pro/abacus/javatutor/repository/] to resources [URL [file:/E:/java/repos/JavaTutorAPI/javatutor/target/test-classes/pro/abacus/javatutor/repository/], URL [file:/E:/java/repos/JavaTutorAPI/javatutor/target/classes/pro/abacus/javatutor/repository/]]
10:38:44,899 DEBUG org.springframework.core.io.support.PathMatchingResourcePatternResolver:721 - Looking for matching resources in directory tree [E:\java\repos\JavaTutorAPI\javatutor\target\test-classes\pro\abacus\javatutor\repository]
10:38:44,899 DEBUG org.springframework.core.io.support.PathMatchingResourcePatternResolver:721 - Looking for matching resources in directory tree [E:\java\repos\JavaTutorAPI\javatutor\target\test-classes\pro\abacus\javatutor\repository]
10:38:44,902 DEBUG org.springframework.core.io.support.PathMatchingResourcePatternResolver:783 - Searching directory [E:\java\repos\JavaTutorAPI\javatutor\target\test-classes\pro\abacus\javatutor\repository] for files matching pattern [E:/java/repos/JavaTutorAPI/javatutor/target/test-classes/pro/abacus/javatutor/repository/**/*AuthorityRepositoryImpl.class]
10:38:44,902 DEBUG org.springframework.core.io.support.PathMatchingResourcePatternResolver:783 - Searching directory [E:\java\repos\JavaTutorAPI\javatutor\target\test-classes\pro\abacus\javatutor\repository] for files matching pattern [E:/java/repos/JavaTutorAPI/javatutor/target/test-classes/pro/abacus/javatutor/repository/**/*AuthorityRepositoryImpl.class]
10:38:44,912 DEBUG org.springframework.core.io.support.PathMatchingResourcePatternResolver:721 - Looking for matching resources in directory tree [E:\java\repos\JavaTutorAPI\javatutor\target\classes\pro\abacus\javatutor\repository]
10:38:44,912 DEBUG org.springframework.core.io.support.PathMatchingResourcePatternResolver:721 - Looking for matching resources in directory tree [E:\java\repos\JavaTutorAPI\javatutor\target\classes\pro\abacus\javatutor\repository]
10:38:44,914 DEBUG org.springframework.core.io.support.PathMatchingResourcePatternResolver:783 - Searching directory [E:\java\repos\JavaTutorAPI\javatutor\target\classes\pro\abacus\javatutor\repository] for files matching pattern [E:/java/repos/JavaTutorAPI/javatutor/target/classes/pro/abacus/javatutor/repository/**/*AuthorityRepositoryImpl.class]
10:38:44,914 DEBUG org.springframework.core.io.support.PathMatchingResourcePatternResolver:783 - Searching directory [E:\java\repos\JavaTutorAPI\javatutor\target\classes\pro\abacus\javatutor\repository] for files matching pattern [E:/java/repos/JavaTutorAPI/javatutor/target/classes/pro/abacus/javatutor/repository/**/*AuthorityRepositoryImpl.class]
10:38:44,916 DEBUG org.springframework.core.io.support.PathMatchingResourcePatternResolver:514 - Resolved location pattern [classpath*:pro/abacus/javatutor/repository/**/*AuthorityRepositoryImpl.class] to resources []
10:38:44,916 DEBUG org.springframework.core.io.support.PathMatchingResourcePatternResolver:514 - Resolved location pattern [classpath*:pro/abacus/javatutor/repository/**/*AuthorityRepositoryImpl.class] to resources []
10:38:44,919 DEBUG org.springframework.data.repository.config.RepositoryConfigurationDelegate:137 - Spring Data MongoDB - Registering repository: authorityRepository - Interface: pro.abacus.javatutor.repository.AuthorityRepository - Factory: org.springframework.data.mongodb.repository.support.MongoRepositoryFactoryBean
10:38:44,919 DEBUG org.springframework.data.repository.config.RepositoryConfigurationDelegate:137 - Spring Data MongoDB - Registering repository: authorityRepository - Interface: pro.abacus.javatutor.repository.AuthorityRepository - Factory: org.springframework.data.mongodb.repository.support.MongoRepositoryFactoryBean
10:38:44,933 DEBUG org.springframework.core.io.support.PathMatchingResourcePatternResolver:321 - Resolved classpath location [pro/abacus/javatutor/repository/] to resources [URL [file:/E:/java/repos/JavaTutorAPI/javatutor/target/test-classes/pro/abacus/javatutor/repository/], URL [file:/E:/java/repos/JavaTutorAPI/javatutor/target/classes/pro/abacus/javatutor/repository/]]
10:38:44,933 DEBUG org.springframework.core.io.support.PathMatchingResourcePatternResolver:321 - Resolved classpath location [pro/abacus/javatutor/repository/] to resources [URL [file:/E:/java/repos/JavaTutorAPI/javatutor/target/test-classes/pro/abacus/javatutor/repository/], URL [file:/E:/java/repos/JavaTutorAPI/javatutor/target/classes/pro/abacus/javatutor/repository/]]
10:38:44,947 DEBUG org.springframework.core.io.support.PathMatchingResourcePatternResolver:721 - Looking for matching resources in directory tree [E:\java\repos\JavaTutorAPI\javatutor\target\test-classes\pro\abacus\javatutor\repository]
10:38:44,947 DEBUG org.springframework.core.io.support.PathMatchingResourcePatternResolver:721 - Looking for matching resources in directory tree [E:\java\repos\JavaTutorAPI\javatutor\target\test-classes\pro\abacus\javatutor\repository]
10:38:44,949 DEBUG org.springframework.core.io.support.PathMatchingResourcePatternResolver:783 - Searching directory [E:\java\repos\JavaTutorAPI\javatutor\target\test-classes\pro\abacus\javatutor\repository] for files matching pattern [E:/java/repos/JavaTutorAPI/javatutor/target/test-classes/pro/abacus/javatutor/repository/**/*JavaQuestionRepositoryImpl.class]
10:38:44,949 DEBUG org.springframework.core.io.support.PathMatchingResourcePatternResolver:783 - Searching directory [E:\java\repos\JavaTutorAPI\javatutor\target\test-classes\pro\abacus\javatutor\repository] for files matching pattern [E:/java/repos/JavaTutorAPI/javatutor/target/test-classes/pro/abacus/javatutor/repository/**/*JavaQuestionRepositoryImpl.class]
10:38:44,970 DEBUG org.springframework.core.io.support.PathMatchingResourcePatternResolver:721 - Looking for matching resources in directory tree [E:\java\repos\JavaTutorAPI\javatutor\target\classes\pro\abacus\javatutor\repository]
10:38:44,970 DEBUG org.springframework.core.io.support.PathMatchingResourcePatternResolver:721 - Looking for matching resources in directory tree [E:\java\repos\JavaTutorAPI\javatutor\target\classes\pro\abacus\javatutor\repository]
10:38:44,975 DEBUG org.springframework.core.io.support.PathMatchingResourcePatternResolver:783 - Searching directory [E:\java\repos\JavaTutorAPI\javatutor\target\classes\pro\abacus\javatutor\repository] for files matching pattern [E:/java/repos/JavaTutorAPI/javatutor/target/classes/pro/abacus/javatutor/repository/**/*JavaQuestionRepositoryImpl.class]
10:38:44,975 DEBUG org.springframework.core.io.support.PathMatchingResourcePatternResolver:783 - Searching directory [E:\java\repos\JavaTutorAPI\javatutor\target\classes\pro\abacus\javatutor\repository] for files matching pattern [E:/java/repos/JavaTutorAPI/javatutor/target/classes/pro/abacus/javatutor/repository/**/*JavaQuestionRepositoryImpl.class]
10:38:44,981 DEBUG org.springframework.core.io.support.PathMatchingResourcePatternResolver:514 - Resolved location pattern [classpath*:pro/abacus/javatutor/repository/**/*JavaQuestionRepositoryImpl.class] to resources []
10:38:44,981 DEBUG org.springframework.core.io.support.PathMatchingResourcePatternResolver:514 - Resolved location pattern [classpath*:pro/abacus/javatutor/repository/**/*JavaQuestionRepositoryImpl.class] to resources []
10:38:44,986 DEBUG org.springframework.data.repository.config.RepositoryConfigurationDelegate:137 - Spring Data MongoDB - Registering repository: javaQuestionRepository - Interface: pro.abacus.javatutor.repository.JavaQuestionRepository - Factory: org.springframework.data.mongodb.repository.support.MongoRepositoryFactoryBean
10:38:44,986 DEBUG org.springframework.data.repository.config.RepositoryConfigurationDelegate:137 - Spring Data MongoDB - Registering repository: javaQuestionRepository - Interface: pro.abacus.javatutor.repository.JavaQuestionRepository - Factory: org.springframework.data.mongodb.repository.support.MongoRepositoryFactoryBean
10:38:44,996 DEBUG org.springframework.beans.factory.support.DefaultListableBeanFactory:219 - Creating shared instance of singleton bean 'org.springframework.boot.test.context.ImportsContextCustomizer$ImportsCleanupPostProcessor'
10:38:44,996 DEBUG org.springframework.beans.factory.support.DefaultListableBeanFactory:219 - Creating shared instance of singleton bean 'org.springframework.boot.test.context.ImportsContextCustomizer$ImportsCleanupPostProcessor'
10:38:44,997 DEBUG org.springframework.beans.factory.support.DefaultListableBeanFactory:466 - Creating instance of bean 'org.springframework.boot.test.context.ImportsContextCustomizer$ImportsCleanupPostProcessor'
10:38:44,997 DEBUG org.springframework.beans.factory.support.DefaultListableBeanFactory:466 - Creating instance of bean 'org.springframework.boot.test.context.ImportsContextCustomizer$ImportsCleanupPostProcessor'
10:38:44,999 DEBUG org.springframework.beans.factory.support.DefaultListableBeanFactory:569 - Eagerly caching bean 'org.springframework.boot.test.context.ImportsContextCustomizer$ImportsCleanupPostProcessor' to allow for resolving potential circular references
10:38:44,999 DEBUG org.springframework.beans.factory.support.DefaultListableBeanFactory:569 - Eagerly caching bean 'org.springframework.boot.test.context.ImportsContextCustomizer$ImportsCleanupPostProcessor' to allow for resolving potential circular references
10:38:45,001 DEBUG org.springframework.beans.factory.support.DefaultListableBeanFactory:503 - Finished creating instance of bean 'org.springframework.boot.test.context.ImportsContextCustomizer$ImportsCleanupPostProcessor'
10:38:45,001 DEBUG org.springframework.beans.factory.support.DefaultListableBeanFactory:503 - Finished creating instance of bean 'org.springframework.boot.test.context.ImportsContextCustomizer$ImportsCleanupPostProcessor'
10:38:45,003 DEBUG org.springframework.context.annotation.ConfigurationClassEnhancer:112 - Successfully enhanced pro.abacus.javatutor.JavaTutorApplication; enhanced class name is: pro.abacus.javatutor.JavaTutorApplication$$EnhancerBySpringCGLIB$$18d37e53
10:38:45,003 DEBUG org.springframework.context.annotation.ConfigurationClassEnhancer:112 - Successfully enhanced pro.abacus.javatutor.JavaTutorApplication; enhanced class name is: pro.abacus.javatutor.JavaTutorApplication$$EnhancerBySpringCGLIB$$18d37e53
10:38:45,005 DEBUG org.springframework.context.annotation.ConfigurationClassPostProcessor:406 - Replacing bean definition 'javaTutorApplication' existing class 'pro.abacus.javatutor.JavaTutorApplication' with enhanced class 'pro.abacus.javatutor.JavaTutorApplication$$EnhancerBySpringCGLIB$$18d37e53'
10:38:45,005 DEBUG org.springframework.context.annotation.ConfigurationClassPostProcessor:406 - Replacing bean definition 'javaTutorApplication' existing class 'pro.abacus.javatutor.JavaTutorApplication' with enhanced class 'pro.abacus.javatutor.JavaTutorApplication$$EnhancerBySpringCGLIB$$18d37e53'
10:38:45,006 DEBUG org.springframework.context.annotation.ConfigurationClassEnhancer:112 - Successfully enhanced org.springframework.boot.autoconfigure.mongo.MongoAutoConfiguration; enhanced class name is: org.springframework.boot.autoconfigure.mongo.MongoAutoConfiguration$$EnhancerBySpringCGLIB$$f9fc28ea
10:38:45,006 DEBUG org.springframework.context.annotation.ConfigurationClassEnhancer:112 - Successfully enhanced org.springframework.boot.autoconfigure.mongo.MongoAutoConfiguration; enhanced class name is: org.springframework.boot.autoconfigure.mongo.MongoAutoConfiguration$$EnhancerBySpringCGLIB$$f9fc28ea
10:38:45,008 DEBUG org.springframework.context.annotation.ConfigurationClassPostProcessor:406 - Replacing bean definition 'org.springframework.boot.autoconfigure.mongo.MongoAutoConfiguration' existing class 'org.springframework.boot.autoconfigure.mongo.MongoAutoConfiguration' with enhanced class 'org.springframework.boot.autoconfigure.mongo.MongoAutoConfiguration$$EnhancerBySpringCGLIB$$f9fc28ea'
10:38:45,008 DEBUG org.springframework.context.annotation.ConfigurationClassPostProcessor:406 - Replacing bean definition 'org.springframework.boot.autoconfigure.mongo.MongoAutoConfiguration' existing class 'org.springframework.boot.autoconfigure.mongo.MongoAutoConfiguration' with enhanced class 'org.springframework.boot.autoconfigure.mongo.MongoAutoConfiguration$$EnhancerBySpringCGLIB$$f9fc28ea'
10:38:45,010 DEBUG org.springframework.context.annotation.ConfigurationClassEnhancer:112 - Successfully enhanced org.springframework.boot.autoconfigure.data.mongo.MongoDataAutoConfiguration; enhanced class name is: org.springframework.boot.autoconfigure.data.mongo.MongoDataAutoConfiguration$$EnhancerBySpringCGLIB$$28baabcc
10:38:45,010 DEBUG org.springframework.context.annotation.ConfigurationClassEnhancer:112 - Successfully enhanced org.springframework.boot.autoconfigure.data.mongo.MongoDataAutoConfiguration; enhanced class name is: org.springframework.boot.autoconfigure.data.mongo.MongoDataAutoConfiguration$$EnhancerBySpringCGLIB$$28baabcc
10:38:45,011 DEBUG org.springframework.context.annotation.ConfigurationClassPostProcessor:406 - Replacing bean definition 'org.springframework.boot.autoconfigure.data.mongo.MongoDataAutoConfiguration' existing class 'org.springframework.boot.autoconfigure.data.mongo.MongoDataAutoConfiguration' with enhanced class 'org.springframework.boot.autoconfigure.data.mongo.MongoDataAutoConfiguration$$EnhancerBySpringCGLIB$$28baabcc'
10:38:45,011 DEBUG org.springframework.context.annotation.ConfigurationClassPostProcessor:406 - Replacing bean definition 'org.springframework.boot.autoconfigure.data.mongo.MongoDataAutoConfiguration' existing class 'org.springframework.boot.autoconfigure.data.mongo.MongoDataAutoConfiguration' with enhanced class 'org.springframework.boot.autoconfigure.data.mongo.MongoDataAutoConfiguration$$EnhancerBySpringCGLIB$$28baabcc'
10:38:45,029 DEBUG org.springframework.context.annotation.ConfigurationClassEnhancer:112 - Successfully enhanced org.springframework.boot.autoconfigure.data.mongo.MongoRepositoriesAutoConfiguration; enhanced class name is: org.springframework.boot.autoconfigure.data.mongo.MongoRepositoriesAutoConfiguration$$EnhancerBySpringCGLIB$$5cd7f60e
10:38:45,029 DEBUG org.springframework.context.annotation.ConfigurationClassEnhancer:112 - Successfully enhanced org.springframework.boot.autoconfigure.data.mongo.MongoRepositoriesAutoConfiguration; enhanced class name is: org.springframework.boot.autoconfigure.data.mongo.MongoRepositoriesAutoConfiguration$$EnhancerBySpringCGLIB$$5cd7f60e
10:38:45,029 DEBUG org.springframework.context.annotation.ConfigurationClassPostProcessor:406 - Replacing bean definition 'org.springframework.boot.autoconfigure.data.mongo.MongoRepositoriesAutoConfiguration' existing class 'org.springframework.boot.autoconfigure.data.mongo.MongoRepositoriesAutoConfiguration' with enhanced class 'org.springframework.boot.autoconfigure.data.mongo.MongoRepositoriesAutoConfiguration$$EnhancerBySpringCGLIB$$5cd7f60e'
10:38:45,029 DEBUG org.springframework.context.annotation.ConfigurationClassPostProcessor:406 - Replacing bean definition 'org.springframework.boot.autoconfigure.data.mongo.MongoRepositoriesAutoConfiguration' existing class 'org.springframework.boot.autoconfigure.data.mongo.MongoRepositoriesAutoConfiguration' with enhanced class 'org.springframework.boot.autoconfigure.data.mongo.MongoRepositoriesAutoConfiguration$$EnhancerBySpringCGLIB$$5cd7f60e'
10:38:45,030 DEBUG org.springframework.core.env.StandardEnvironment:159 - Removing PropertySource 'defaultProperties'
10:38:45,030 DEBUG org.springframework.core.env.StandardEnvironment:159 - Removing PropertySource 'defaultProperties'
10:38:45,032 DEBUG org.springframework.beans.factory.support.DefaultListableBeanFactory:219 - Creating shared instance of singleton bean 'org.springframework.boot.test.mock.mockito.MockitoPostProcessor'
10:38:45,032 DEBUG org.springframework.beans.factory.support.DefaultListableBeanFactory:219 - Creating shared instance of singleton bean 'org.springframework.boot.test.mock.mockito.MockitoPostProcessor'
10:38:45,032 DEBUG org.springframework.beans.factory.support.DefaultListableBeanFactory:466 - Creating instance of bean 'org.springframework.boot.test.mock.mockito.MockitoPostProcessor'
10:38:45,032 DEBUG org.springframework.beans.factory.support.DefaultListableBeanFactory:466 - Creating instance of bean 'org.springframework.boot.test.mock.mockito.MockitoPostProcessor'
10:38:45,037 DEBUG org.springframework.beans.factory.support.DefaultListableBeanFactory:569 - Eagerly caching bean 'org.springframework.boot.test.mock.mockito.MockitoPostProcessor' to allow for resolving potential circular references
10:38:45,037 DEBUG org.springframework.beans.factory.support.DefaultListableBeanFactory:569 - Eagerly caching bean 'org.springframework.boot.test.mock.mockito.MockitoPostProcessor' to allow for resolving potential circular references
10:38:45,045 TRACE org.springframework.beans.CachedIntrospectionResults:271 - Getting BeanInfo for class [org.springframework.boot.test.mock.mockito.MockitoPostProcessor]
10:38:45,045 TRACE org.springframework.beans.CachedIntrospectionResults:271 - Getting BeanInfo for class [org.springframework.boot.test.mock.mockito.MockitoPostProcessor]
10:38:45,054 TRACE org.springframework.beans.CachedIntrospectionResults:276 - Caching PropertyDescriptors for class [org.springframework.boot.test.mock.mockito.MockitoPostProcessor]
10:38:45,054 TRACE org.springframework.beans.CachedIntrospectionResults:276 - Caching PropertyDescriptors for class [org.springframework.boot.test.mock.mockito.MockitoPostProcessor]
10:38:45,057 TRACE org.springframework.beans.CachedIntrospectionResults:289 - Found bean property 'beanClassLoader' of type [java.lang.ClassLoader]
10:38:45,057 TRACE org.springframework.beans.CachedIntrospectionResults:289 - Found bean property 'beanClassLoader' of type [java.lang.ClassLoader]
10:38:45,061 TRACE org.springframework.beans.CachedIntrospectionResults:289 - Found bean property 'beanFactory' of type [org.springframework.beans.factory.BeanFactory]
10:38:45,061 TRACE org.springframework.beans.CachedIntrospectionResults:289 - Found bean property 'beanFactory' of type [org.springframework.beans.factory.BeanFactory]
10:38:45,064 TRACE org.springframework.beans.CachedIntrospectionResults:289 - Found bean property 'class' of type [java.lang.Class]
10:38:45,064 TRACE org.springframework.beans.CachedIntrospectionResults:289 - Found bean property 'class' of type [java.lang.Class]
10:38:45,065 TRACE org.springframework.beans.CachedIntrospectionResults:289 - Found bean property 'order' of type [int]
10:38:45,065 TRACE org.springframework.beans.CachedIntrospectionResults:289 - Found bean property 'order' of type [int]
10:38:45,082 DEBUG org.springframework.beans.factory.support.DefaultListableBeanFactory:503 - Finished creating instance of bean 'org.springframework.boot.test.mock.mockito.MockitoPostProcessor'
10:38:45,082 DEBUG org.springframework.beans.factory.support.DefaultListableBeanFactory:503 - Finished creating instance of bean 'org.springframework.boot.test.mock.mockito.MockitoPostProcessor'
10:38:45,098 DEBUG org.springframework.beans.factory.support.DefaultListableBeanFactory:219 - Creating shared instance of singleton bean 'org.springframework.boot.context.properties.ConfigurationBeanFactoryMetadata'
10:38:45,098 DEBUG org.springframework.beans.factory.support.DefaultListableBeanFactory:219 - Creating shared instance of singleton bean 'org.springframework.boot.context.properties.ConfigurationBeanFactoryMetadata'
10:38:45,098 DEBUG org.springframework.beans.factory.support.DefaultListableBeanFactory:466 - Creating instance of bean 'org.springframework.boot.context.properties.ConfigurationBeanFactoryMetadata'
10:38:45,098 DEBUG org.springframework.beans.factory.support.DefaultListableBeanFactory:466 - Creating instance of bean 'org.springframework.boot.context.properties.ConfigurationBeanFactoryMetadata'
10:38:45,100 DEBUG org.springframework.beans.factory.support.DefaultListableBeanFactory:569 - Eagerly caching bean 'org.springframework.boot.context.properties.ConfigurationBeanFactoryMetadata' to allow for resolving potential circular references
10:38:45,100 DEBUG org.springframework.beans.factory.support.DefaultListableBeanFactory:569 - Eagerly caching bean 'org.springframework.boot.context.properties.ConfigurationBeanFactoryMetadata' to allow for resolving potential circular references
10:38:45,101 TRACE org.springframework.beans.CachedIntrospectionResults:271 - Getting BeanInfo for class [org.springframework.boot.context.properties.ConfigurationBeanFactoryMetadata]
10:38:45,101 TRACE org.springframework.beans.CachedIntrospectionResults:271 - Getting BeanInfo for class [org.springframework.boot.context.properties.ConfigurationBeanFactoryMetadata]
10:38:45,109 TRACE org.springframework.beans.CachedIntrospectionResults:276 - Caching PropertyDescriptors for class [org.springframework.boot.context.properties.ConfigurationBeanFactoryMetadata]
10:38:45,109 TRACE org.springframework.beans.CachedIntrospectionResults:276 - Caching PropertyDescriptors for class [org.springframework.boot.context.properties.ConfigurationBeanFactoryMetadata]
10:38:45,129 TRACE org.springframework.beans.CachedIntrospectionResults:289 - Found bean property 'class' of type [java.lang.Class]
10:38:45,129 TRACE org.springframework.beans.CachedIntrospectionResults:289 - Found bean property 'class' of type [java.lang.Class]
10:38:45,133 DEBUG org.springframework.beans.factory.support.DefaultListableBeanFactory:503 - Finished creating instance of bean 'org.springframework.boot.context.properties.ConfigurationBeanFactoryMetadata'
10:38:45,133 DEBUG org.springframework.beans.factory.support.DefaultListableBeanFactory:503 - Finished creating instance of bean 'org.springframework.boot.context.properties.ConfigurationBeanFactoryMetadata'
10:38:45,143 DEBUG org.springframework.beans.factory.support.DefaultListableBeanFactory:219 - Creating shared instance of singleton bean 'org.springframework.context.annotation.internalAutowiredAnnotationProcessor'
10:38:45,143 DEBUG org.springframework.beans.factory.support.DefaultListableBeanFactory:219 - Creating shared instance of singleton bean 'org.springframework.context.annotation.internalAutowiredAnnotationProcessor'
10:38:45,144 DEBUG org.springframework.beans.factory.support.DefaultListableBeanFactory:466 - Creating instance of bean 'org.springframework.context.annotation.internalAutowiredAnnotationProcessor'
10:38:45,144 DEBUG org.springframework.beans.factory.support.DefaultListableBeanFactory:466 - Creating instance of bean 'org.springframework.context.annotation.internalAutowiredAnnotationProcessor'
10:38:45,148 DEBUG org.springframework.beans.factory.support.DefaultListableBeanFactory:569 - Eagerly caching bean 'org.springframework.context.annotation.internalAutowiredAnnotationProcessor' to allow for resolving potential circular references
10:38:45,148 DEBUG org.springframework.beans.factory.support.DefaultListableBeanFactory:569 - Eagerly caching bean 'org.springframework.context.annotation.internalAutowiredAnnotationProcessor' to allow for resolving potential circular references
10:38:45,149 TRACE org.springframework.beans.CachedIntrospectionResults:271 - Getting BeanInfo for class [org.springframework.beans.factory.annotation.AutowiredAnnotationBeanPostProcessor]
10:38:45,149 TRACE org.springframework.beans.CachedIntrospectionResults:271 - Getting BeanInfo for class [org.springframework.beans.factory.annotation.AutowiredAnnotationBeanPostProcessor]
10:38:45,163 TRACE org.springframework.beans.CachedIntrospectionResults:276 - Caching PropertyDescriptors for class [org.springframework.beans.factory.annotation.AutowiredAnnotationBeanPostProcessor]
10:38:45,163 TRACE org.springframework.beans.CachedIntrospectionResults:276 - Caching PropertyDescriptors for class [org.springframework.beans.factory.annotation.AutowiredAnnotationBeanPostProcessor]
10:38:45,164 TRACE org.springframework.beans.CachedIntrospectionResults:289 - Found bean property 'autowiredAnnotationType' of type [java.lang.Class]
10:38:45,164 TRACE org.springframework.beans.CachedIntrospectionResults:289 - Found bean property 'autowiredAnnotationType' of type [java.lang.Class]
10:38:45,166 TRACE org.springframework.beans.CachedIntrospectionResults:289 - Found bean property 'autowiredAnnotationTypes' of type [java.util.Set]
10:38:45,166 TRACE org.springframework.beans.CachedIntrospectionResults:289 - Found bean property 'autowiredAnnotationTypes' of type [java.util.Set]
10:38:45,168 TRACE org.springframework.beans.CachedIntrospectionResults:289 - Found bean property 'beanFactory' of type [org.springframework.beans.factory.BeanFactory]
10:38:45,168 TRACE org.springframework.beans.CachedIntrospectionResults:289 - Found bean property 'beanFactory' of type [org.springframework.beans.factory.BeanFactory]
10:38:45,170 TRACE org.springframework.beans.CachedIntrospectionResults:289 - Found bean property 'class' of type [java.lang.Class]
10:38:45,170 TRACE org.springframework.beans.CachedIntrospectionResults:289 - Found bean property 'class' of type [java.lang.Class]
10:38:45,171 TRACE org.springframework.beans.CachedIntrospectionResults:289 - Found bean property 'order' of type [int]
10:38:45,171 TRACE org.springframework.beans.CachedIntrospectionResults:289 - Found bean property 'order' of type [int]
10:38:45,171 TRACE org.springframework.beans.CachedIntrospectionResults:289 - Found bean property 'requiredParameterName' of type [java.lang.String]
10:38:45,171 TRACE org.springframework.beans.CachedIntrospectionResults:289 - Found bean property 'requiredParameterName' of type [java.lang.String]
10:38:45,175 TRACE org.springframework.beans.CachedIntrospectionResults:289 - Found bean property 'requiredParameterValue' of type [boolean]
10:38:45,175 TRACE org.springframework.beans.CachedIntrospectionResults:289 - Found bean property 'requiredParameterValue' of type [boolean]
10:38:45,186 DEBUG org.springframework.beans.factory.support.DefaultListableBeanFactory:503 - Finished creating instance of bean 'org.springframework.context.annotation.internalAutowiredAnnotationProcessor'
10:38:45,186 DEBUG org.springframework.beans.factory.support.DefaultListableBeanFactory:503 - Finished creating instance of bean 'org.springframework.context.annotation.internalAutowiredAnnotationProcessor'
10:38:45,187 DEBUG org.springframework.beans.factory.support.DefaultListableBeanFactory:219 - Creating shared instance of singleton bean 'org.springframework.context.annotation.internalRequiredAnnotationProcessor'
10:38:45,187 DEBUG org.springframework.beans.factory.support.DefaultListableBeanFactory:219 - Creating shared instance of singleton bean 'org.springframework.context.annotation.internalRequiredAnnotationProcessor'
10:38:45,191 DEBUG org.springframework.beans.factory.support.DefaultListableBeanFactory:466 - Creating instance of bean 'org.springframework.context.annotation.internalRequiredAnnotationProcessor'
10:38:45,191 DEBUG org.springframework.beans.factory.support.DefaultListableBeanFactory:466 - Creating instance of bean 'org.springframework.context.annotation.internalRequiredAnnotationProcessor'
10:38:45,192 DEBUG org.springframework.beans.factory.support.DefaultListableBeanFactory:569 - Eagerly caching bean 'org.springframework.context.annotation.internalRequiredAnnotationProcessor' to allow for resolving potential circular references
10:38:45,192 DEBUG org.springframework.beans.factory.support.DefaultListableBeanFactory:569 - Eagerly caching bean 'org.springframework.context.annotation.internalRequiredAnnotationProcessor' to allow for resolving potential circular references
10:38:45,195 TRACE org.springframework.beans.CachedIntrospectionResults:271 - Getting BeanInfo for class [org.springframework.beans.factory.annotation.RequiredAnnotationBeanPostProcessor]
10:38:45,195 TRACE org.springframework.beans.CachedIntrospectionResults:271 - Getting BeanInfo for class [org.springframework.beans.factory.annotation.RequiredAnnotationBeanPostProcessor]
10:38:45,202 TRACE org.springframework.beans.CachedIntrospectionResults:276 - Caching PropertyDescriptors for class [org.springframework.beans.factory.annotation.RequiredAnnotationBeanPostProcessor]
10:38:45,202 TRACE org.springframework.beans.CachedIntrospectionResults:276 - Caching PropertyDescriptors for class [org.springframework.beans.factory.annotation.RequiredAnnotationBeanPostProcessor]
10:38:45,204 TRACE org.springframework.beans.CachedIntrospectionResults:289 - Found bean property 'beanFactory' of type [org.springframework.beans.factory.BeanFactory]
10:38:45,204 TRACE org.springframework.beans.CachedIntrospectionResults:289 - Found bean property 'beanFactory' of type [org.springframework.beans.factory.BeanFactory]
10:38:45,204 TRACE org.springframework.beans.CachedIntrospectionResults:289 - Found bean property 'class' of type [java.lang.Class]
10:38:45,204 TRACE org.springframework.beans.CachedIntrospectionResults:289 - Found bean property 'class' of type [java.lang.Class]
10:38:45,211 TRACE org.springframework.beans.CachedIntrospectionResults:289 - Found bean property 'order' of type [int]
10:38:45,211 TRACE org.springframework.beans.CachedIntrospectionResults:289 - Found bean property 'order' of type [int]
10:38:45,212 TRACE org.springframework.beans.CachedIntrospectionResults:289 - Found bean property 'requiredAnnotationType' of type [java.lang.Class]
10:38:45,212 TRACE org.springframework.beans.CachedIntrospectionResults:289 - Found bean property 'requiredAnnotationType' of type [java.lang.Class]
10:38:45,223 DEBUG org.springframework.beans.factory.support.DefaultListableBeanFactory:503 - Finished creating instance of bean 'org.springframework.context.annotation.internalRequiredAnnotationProcessor'
10:38:45,223 DEBUG org.springframework.beans.factory.support.DefaultListableBeanFactory:503 - Finished creating instance of bean 'org.springframework.context.annotation.internalRequiredAnnotationProcessor'
10:38:45,224 DEBUG org.springframework.beans.factory.support.DefaultListableBeanFactory:219 - Creating shared instance of singleton bean 'org.springframework.context.annotation.internalCommonAnnotationProcessor'
10:38:45,224 DEBUG org.springframework.beans.factory.support.DefaultListableBeanFactory:219 - Creating shared instance of singleton bean 'org.springframework.context.annotation.internalCommonAnnotationProcessor'
10:38:45,225 DEBUG org.springframework.beans.factory.support.DefaultListableBeanFactory:466 - Creating instance of bean 'org.springframework.context.annotation.internalCommonAnnotationProcessor'
10:38:45,225 DEBUG org.springframework.beans.factory.support.DefaultListableBeanFactory:466 - Creating instance of bean 'org.springframework.context.annotation.internalCommonAnnotationProcessor'
10:38:45,227 DEBUG org.springframework.beans.factory.support.DefaultListableBeanFactory:569 - Eagerly caching bean 'org.springframework.context.annotation.internalCommonAnnotationProcessor' to allow for resolving potential circular references
10:38:45,227 DEBUG org.springframework.beans.factory.support.DefaultListableBeanFactory:569 - Eagerly caching bean 'org.springframework.context.annotation.internalCommonAnnotationProcessor' to allow for resolving potential circular references
10:38:45,228 TRACE org.springframework.beans.CachedIntrospectionResults:271 - Getting BeanInfo for class [org.springframework.context.annotation.CommonAnnotationBeanPostProcessor]
10:38:45,228 TRACE org.springframework.beans.CachedIntrospectionResults:271 - Getting BeanInfo for class [org.springframework.context.annotation.CommonAnnotationBeanPostProcessor]
10:38:45,236 TRACE org.springframework.beans.CachedIntrospectionResults:276 - Caching PropertyDescriptors for class [org.springframework.context.annotation.CommonAnnotationBeanPostProcessor]
10:38:45,236 TRACE org.springframework.beans.CachedIntrospectionResults:276 - Caching PropertyDescriptors for class [org.springframework.context.annotation.CommonAnnotationBeanPostProcessor]
10:38:45,237 TRACE org.springframework.beans.CachedIntrospectionResults:289 - Found bean property 'alwaysUseJndiLookup' of type [boolean]
10:38:45,237 TRACE org.springframework.beans.CachedIntrospectionResults:289 - Found bean property 'alwaysUseJndiLookup' of type [boolean]
10:38:45,238 TRACE org.springframework.beans.CachedIntrospectionResults:289 - Found bean property 'beanFactory' of type [org.springframework.beans.factory.BeanFactory]
10:38:45,238 TRACE org.springframework.beans.CachedIntrospectionResults:289 - Found bean property 'beanFactory' of type [org.springframework.beans.factory.BeanFactory]
10:38:45,240 TRACE org.springframework.beans.CachedIntrospectionResults:289 - Found bean property 'class' of type [java.lang.Class]
10:38:45,240 TRACE org.springframework.beans.CachedIntrospectionResults:289 - Found bean property 'class' of type [java.lang.Class]
10:38:45,241 TRACE org.springframework.beans.CachedIntrospectionResults:289 - Found bean property 'destroyAnnotationType' of type [java.lang.Class]
10:38:45,241 TRACE org.springframework.beans.CachedIntrospectionResults:289 - Found bean property 'destroyAnnotationType' of type [java.lang.Class]
10:38:45,242 TRACE org.springframework.beans.CachedIntrospectionResults:289 - Found bean property 'fallbackToDefaultTypeMatch' of type [boolean]
10:38:45,242 TRACE org.springframework.beans.CachedIntrospectionResults:289 - Found bean property 'fallbackToDefaultTypeMatch' of type [boolean]
10:38:45,243 TRACE org.springframework.beans.CachedIntrospectionResults:289 - Found bean property 'initAnnotationType' of type [java.lang.Class]
10:38:45,243 TRACE org.springframework.beans.CachedIntrospectionResults:289 - Found bean property 'initAnnotationType' of type [java.lang.Class]
10:38:45,244 TRACE org.springframework.beans.CachedIntrospectionResults:289 - Found bean property 'jndiFactory' of type [org.springframework.beans.factory.BeanFactory]
10:38:45,244 TRACE org.springframework.beans.CachedIntrospectionResults:289 - Found bean property 'jndiFactory' of type [org.springframework.beans.factory.BeanFactory]
10:38:45,245 TRACE org.springframework.beans.CachedIntrospectionResults:289 - Found bean property 'order' of type [int]
10:38:45,245 TRACE org.springframework.beans.CachedIntrospectionResults:289 - Found bean property 'order' of type [int]
10:38:45,246 TRACE org.springframework.beans.CachedIntrospectionResults:289 - Found bean property 'resourceFactory' of type [org.springframework.beans.factory.BeanFactory]
10:38:45,246 TRACE org.springframework.beans.CachedIntrospectionResults:289 - Found bean property 'resourceFactory' of type [org.springframework.beans.factory.BeanFactory]
10:38:45,259 DEBUG org.springframework.beans.factory.support.DefaultListableBeanFactory:503 - Finished creating instance of bean 'org.springframework.context.annotation.internalCommonAnnotationProcessor'
10:38:45,259 DEBUG org.springframework.beans.factory.support.DefaultListableBeanFactory:503 - Finished creating instance of bean 'org.springframework.context.annotation.internalCommonAnnotationProcessor'
10:38:45,261 DEBUG org.springframework.beans.factory.support.DefaultListableBeanFactory:219 - Creating shared instance of singleton bean 'org.springframework.boot.test.mock.mockito.MockitoPostProcessor$SpyPostProcessor'
10:38:45,261 DEBUG org.springframework.beans.factory.support.DefaultListableBeanFactory:219 - Creating shared instance of singleton bean 'org.springframework.boot.test.mock.mockito.MockitoPostProcessor$SpyPostProcessor'
10:38:45,262 DEBUG org.springframework.beans.factory.support.DefaultListableBeanFactory:466 - Creating instance of bean 'org.springframework.boot.test.mock.mockito.MockitoPostProcessor$SpyPostProcessor'
10:38:45,262 DEBUG org.springframework.beans.factory.support.DefaultListableBeanFactory:466 - Creating instance of bean 'org.springframework.boot.test.mock.mockito.MockitoPostProcessor$SpyPostProcessor'
10:38:45,263 DEBUG org.springframework.beans.factory.support.DefaultListableBeanFactory:254 - Returning cached instance of singleton bean 'org.springframework.boot.test.mock.mockito.MockitoPostProcessor'
10:38:45,263 DEBUG org.springframework.beans.factory.support.DefaultListableBeanFactory:254 - Returning cached instance of singleton bean 'org.springframework.boot.test.mock.mockito.MockitoPostProcessor'
10:38:45,265 DEBUG org.springframework.beans.factory.support.DefaultListableBeanFactory:569 - Eagerly caching bean 'org.springframework.boot.test.mock.mockito.MockitoPostProcessor$SpyPostProcessor' to allow for resolving potential circular references
10:38:45,265 DEBUG org.springframework.beans.factory.support.DefaultListableBeanFactory:569 - Eagerly caching bean 'org.springframework.boot.test.mock.mockito.MockitoPostProcessor$SpyPostProcessor' to allow for resolving potential circular references
10:38:45,266 TRACE org.springframework.beans.CachedIntrospectionResults:271 - Getting BeanInfo for class [org.springframework.boot.test.mock.mockito.MockitoPostProcessor$SpyPostProcessor]
10:38:45,266 TRACE org.springframework.beans.CachedIntrospectionResults:271 - Getting BeanInfo for class [org.springframework.boot.test.mock.mockito.MockitoPostProcessor$SpyPostProcessor]
10:38:45,273 TRACE org.springframework.beans.CachedIntrospectionResults:276 - Caching PropertyDescriptors for class [org.springframework.boot.test.mock.mockito.MockitoPostProcessor$SpyPostProcessor]
10:38:45,273 TRACE org.springframework.beans.CachedIntrospectionResults:276 - Caching PropertyDescriptors for class [org.springframework.boot.test.mock.mockito.MockitoPostProcessor$SpyPostProcessor]
10:38:45,274 TRACE org.springframework.beans.CachedIntrospectionResults:289 - Found bean property 'class' of type [java.lang.Class]
10:38:45,274 TRACE org.springframework.beans.CachedIntrospectionResults:289 - Found bean property 'class' of type [java.lang.Class]
10:38:45,277 TRACE org.springframework.beans.CachedIntrospectionResults:289 - Found bean property 'order' of type [int]
10:38:45,277 TRACE org.springframework.beans.CachedIntrospectionResults:289 - Found bean property 'order' of type [int]
10:38:45,283 DEBUG org.springframework.beans.factory.support.DefaultListableBeanFactory:503 - Finished creating instance of bean 'org.springframework.boot.test.mock.mockito.MockitoPostProcessor$SpyPostProcessor'
10:38:45,283 DEBUG org.springframework.beans.factory.support.DefaultListableBeanFactory:503 - Finished creating instance of bean 'org.springframework.boot.test.mock.mockito.MockitoPostProcessor$SpyPostProcessor'
10:38:45,285 DEBUG org.springframework.beans.factory.support.DefaultListableBeanFactory:219 - Creating shared instance of singleton bean 'org.springframework.boot.context.properties.ConfigurationPropertiesBindingPostProcessor'
10:38:45,285 DEBUG org.springframework.beans.factory.support.DefaultListableBeanFactory:219 - Creating shared instance of singleton bean 'org.springframework.boot.context.properties.ConfigurationPropertiesBindingPostProcessor'
10:38:45,285 DEBUG org.springframework.beans.factory.support.DefaultListableBeanFactory:466 - Creating instance of bean 'org.springframework.boot.context.properties.ConfigurationPropertiesBindingPostProcessor'
10:38:45,285 DEBUG org.springframework.beans.factory.support.DefaultListableBeanFactory:466 - Creating instance of bean 'org.springframework.boot.context.properties.ConfigurationPropertiesBindingPostProcessor'
10:38:45,287 DEBUG org.springframework.beans.factory.support.DefaultListableBeanFactory:569 - Eagerly caching bean 'org.springframework.boot.context.properties.ConfigurationPropertiesBindingPostProcessor' to allow for resolving potential circular references
10:38:45,287 DEBUG org.springframework.beans.factory.support.DefaultListableBeanFactory:569 - Eagerly caching bean 'org.springframework.boot.context.properties.ConfigurationPropertiesBindingPostProcessor' to allow for resolving potential circular references
10:38:45,291 TRACE org.springframework.beans.CachedIntrospectionResults:271 - Getting BeanInfo for class [org.springframework.boot.context.properties.ConfigurationPropertiesBindingPostProcessor]
10:38:45,291 TRACE org.springframework.beans.CachedIntrospectionResults:271 - Getting BeanInfo for class [org.springframework.boot.context.properties.ConfigurationPropertiesBindingPostProcessor]
10:38:45,297 TRACE org.springframework.beans.CachedIntrospectionResults:276 - Caching PropertyDescriptors for class [org.springframework.boot.context.properties.ConfigurationPropertiesBindingPostProcessor]
10:38:45,297 TRACE org.springframework.beans.CachedIntrospectionResults:276 - Caching PropertyDescriptors for class [org.springframework.boot.context.properties.ConfigurationPropertiesBindingPostProcessor]
10:38:45,298 TRACE org.springframework.beans.CachedIntrospectionResults:289 - Found bean property 'applicationContext' of type [org.springframework.context.ApplicationContext]
10:38:45,298 TRACE org.springframework.beans.CachedIntrospectionResults:289 - Found bean property 'applicationContext' of type [org.springframework.context.ApplicationContext]
10:38:45,298 TRACE org.springframework.beans.CachedIntrospectionResults:289 - Found bean property 'class' of type [java.lang.Class]
10:38:45,298 TRACE org.springframework.beans.CachedIntrospectionResults:289 - Found bean property 'class' of type [java.lang.Class]
10:38:45,299 TRACE org.springframework.beans.CachedIntrospectionResults:289 - Found bean property 'order' of type [int]
10:38:45,299 TRACE org.springframework.beans.CachedIntrospectionResults:289 - Found bean property 'order' of type [int]
10:38:45,309 DEBUG org.springframework.beans.factory.support.DefaultListableBeanFactory:1751 - Invoking afterPropertiesSet() on bean with name 'org.springframework.boot.context.properties.ConfigurationPropertiesBindingPostProcessor'
10:38:45,309 DEBUG org.springframework.beans.factory.support.DefaultListableBeanFactory:1751 - Invoking afterPropertiesSet() on bean with name 'org.springframework.boot.context.properties.ConfigurationPropertiesBindingPostProcessor'
10:38:45,311 DEBUG org.springframework.beans.factory.support.DefaultListableBeanFactory:254 - Returning cached instance of singleton bean 'org.springframework.boot.context.properties.ConfigurationBeanFactoryMetadata'
10:38:45,311 DEBUG org.springframework.beans.factory.support.DefaultListableBeanFactory:254 - Returning cached instance of singleton bean 'org.springframework.boot.context.properties.ConfigurationBeanFactoryMetadata'
10:38:45,313 DEBUG org.springframework.beans.factory.support.DefaultListableBeanFactory:503 - Finished creating instance of bean 'org.springframework.boot.context.properties.ConfigurationPropertiesBindingPostProcessor'
10:38:45,313 DEBUG org.springframework.beans.factory.support.DefaultListableBeanFactory:503 - Finished creating instance of bean 'org.springframework.boot.context.properties.ConfigurationPropertiesBindingPostProcessor'
10:38:45,313 DEBUG org.springframework.beans.factory.support.DefaultListableBeanFactory:254 - Returning cached instance of singleton bean 'org.springframework.boot.test.mock.mockito.MockitoPostProcessor'
10:38:45,313 DEBUG org.springframework.beans.factory.support.DefaultListableBeanFactory:254 - Returning cached instance of singleton bean 'org.springframework.boot.test.mock.mockito.MockitoPostProcessor'
10:38:45,314 DEBUG org.springframework.beans.factory.support.DefaultListableBeanFactory:254 - Returning cached instance of singleton bean 'org.springframework.boot.test.autoconfigure.properties.PropertyMappingContextCustomizer$PropertyMappingCheckBeanPostProcessor'
10:38:45,314 DEBUG org.springframework.beans.factory.support.DefaultListableBeanFactory:254 - Returning cached instance of singleton bean 'org.springframework.boot.test.autoconfigure.properties.PropertyMappingContextCustomizer$PropertyMappingCheckBeanPostProcessor'
10:38:45,316 DEBUG org.springframework.context.annotation.AnnotationConfigApplicationContext:741 - Unable to locate MessageSource with name 'messageSource': using default [org.springframework.context.support.DelegatingMessageSource@3ff8a3ad]
10:38:45,316 DEBUG org.springframework.context.annotation.AnnotationConfigApplicationContext:741 - Unable to locate MessageSource with name 'messageSource': using default [org.springframework.context.support.DelegatingMessageSource@3ff8a3ad]
10:38:45,317 DEBUG org.springframework.context.annotation.AnnotationConfigApplicationContext:765 - Unable to locate ApplicationEventMulticaster with name 'applicationEventMulticaster': using default [org.springframework.context.event.SimpleApplicationEventMulticaster@550fa96f]
10:38:45,317 DEBUG org.springframework.context.annotation.AnnotationConfigApplicationContext:765 - Unable to locate ApplicationEventMulticaster with name 'applicationEventMulticaster': using default [org.springframework.context.event.SimpleApplicationEventMulticaster@550fa96f]
10:38:45,319 DEBUG org.springframework.beans.factory.support.DefaultListableBeanFactory:729 - Pre-instantiating singletons in org.springframework.beans.factory.support.DefaultListableBeanFactory@156324b: defining beans [org.springframework.context.annotation.internalConfigurationAnnotationProcessor,org.springframework.context.annotation.internalAutowiredAnnotationProcessor,org.springframework.context.annotation.internalRequiredAnnotationProcessor,org.springframework.context.annotation.internalCommonAnnotationProcessor,org.springframework.context.event.internalEventListenerProcessor,org.springframework.context.event.internalEventListenerFactory,org.springframework.boot.test.context.ImportsContextCustomizer$ImportsCleanupPostProcessor,org.springframework.boot.test.mock.mockito.MockitoPostProcessor$SpyPostProcessor,org.springframework.boot.test.mock.mockito.MockitoPostProcessor,javaTutorApplication,org.springframework.boot.autoconfigure.internalCachingMetadataReaderFactory,org.springframework.boot.autoconfigure.AutoConfigurationPackages,org.springframework.boot.autoconfigure.condition.BeanTypeRegistry,org.springframework.boot.autoconfigure.mongo.MongoAutoConfiguration,mongo,spring.data.mongodb-org.springframework.boot.autoconfigure.mongo.MongoProperties,org.springframework.boot.context.properties.ConfigurationPropertiesBindingPostProcessor,org.springframework.boot.context.properties.ConfigurationBeanFactoryMetadata,org.springframework.boot.autoconfigure.data.mongo.MongoDataAutoConfiguration,mongoDbFactory,mongoTemplate,mappingMongoConverter,mongoMappingContext,gridFsTemplate,mongoCustomConversions,org.springframework.boot.autoconfigure.data.mongo.MongoRepositoriesAutoConfiguration,userRepository,authorityRepository,javaQuestionRepository]; root of factory hierarchy
10:38:45,319 DEBUG org.springframework.beans.factory.support.DefaultListableBeanFactory:729 - Pre-instantiating singletons in org.springframework.beans.factory.support.DefaultListableBeanFactory@156324b: defining beans [org.springframework.context.annotation.internalConfigurationAnnotationProcessor,org.springframework.context.annotation.internalAutowiredAnnotationProcessor,org.springframework.context.annotation.internalRequiredAnnotationProcessor,org.springframework.context.annotation.internalCommonAnnotationProcessor,org.springframework.context.event.internalEventListenerProcessor,org.springframework.context.event.internalEventListenerFactory,org.springframework.boot.test.context.ImportsContextCustomizer$ImportsCleanupPostProcessor,org.springframework.boot.test.mock.mockito.MockitoPostProcessor$SpyPostProcessor,org.springframework.boot.test.mock.mockito.MockitoPostProcessor,javaTutorApplication,org.springframework.boot.autoconfigure.internalCachingMetadataReaderFactory,org.springframework.boot.autoconfigure.AutoConfigurationPackages,org.springframework.boot.autoconfigure.condition.BeanTypeRegistry,org.springframework.boot.autoconfigure.mongo.MongoAutoConfiguration,mongo,spring.data.mongodb-org.springframework.boot.autoconfigure.mongo.MongoProperties,org.springframework.boot.context.properties.ConfigurationPropertiesBindingPostProcessor,org.springframework.boot.context.properties.ConfigurationBeanFactoryMetadata,org.springframework.boot.autoconfigure.data.mongo.MongoDataAutoConfiguration,mongoDbFactory,mongoTemplate,mappingMongoConverter,mongoMappingContext,gridFsTemplate,mongoCustomConversions,org.springframework.boot.autoconfigure.data.mongo.MongoRepositoriesAutoConfiguration,userRepository,authorityRepository,javaQuestionRepository]; root of factory hierarchy
10:38:45,320 DEBUG org.springframework.beans.factory.support.DefaultListableBeanFactory:254 - Returning cached instance of singleton bean 'org.springframework.context.annotation.internalConfigurationAnnotationProcessor'
10:38:45,320 DEBUG org.springframework.beans.factory.support.DefaultListableBeanFactory:254 - Returning cached instance of singleton bean 'org.springframework.context.annotation.internalConfigurationAnnotationProcessor'
10:38:45,322 DEBUG org.springframework.beans.factory.support.DefaultListableBeanFactory:254 - Returning cached instance of singleton bean 'org.springframework.context.annotation.internalAutowiredAnnotationProcessor'
10:38:45,322 DEBUG org.springframework.beans.factory.support.DefaultListableBeanFactory:254 - Returning cached instance of singleton bean 'org.springframework.context.annotation.internalAutowiredAnnotationProcessor'
10:38:45,324 DEBUG org.springframework.beans.factory.support.DefaultListableBeanFactory:254 - Returning cached instance of singleton bean 'org.springframework.context.annotation.internalRequiredAnnotationProcessor'
10:38:45,324 DEBUG org.springframework.beans.factory.support.DefaultListableBeanFactory:254 - Returning cached instance of singleton bean 'org.springframework.context.annotation.internalRequiredAnnotationProcessor'
10:38:45,325 DEBUG org.springframework.beans.factory.support.DefaultListableBeanFactory:254 - Returning cached instance of singleton bean 'org.springframework.context.annotation.internalCommonAnnotationProcessor'
10:38:45,325 DEBUG org.springframework.beans.factory.support.DefaultListableBeanFactory:254 - Returning cached instance of singleton bean 'org.springframework.context.annotation.internalCommonAnnotationProcessor'
10:38:45,327 DEBUG org.springframework.beans.factory.support.DefaultListableBeanFactory:219 - Creating shared instance of singleton bean 'org.springframework.context.event.internalEventListenerProcessor'
10:38:45,327 DEBUG org.springframework.beans.factory.support.DefaultListableBeanFactory:219 - Creating shared instance of singleton bean 'org.springframework.context.event.internalEventListenerProcessor'
10:38:45,329 DEBUG org.springframework.beans.factory.support.DefaultListableBeanFactory:466 - Creating instance of bean 'org.springframework.context.event.internalEventListenerProcessor'
10:38:45,329 DEBUG org.springframework.beans.factory.support.DefaultListableBeanFactory:466 - Creating instance of bean 'org.springframework.context.event.internalEventListenerProcessor'
10:38:45,331 DEBUG org.springframework.beans.factory.support.DefaultListableBeanFactory:569 - Eagerly caching bean 'org.springframework.context.event.internalEventListenerProcessor' to allow for resolving potential circular references
10:38:45,331 DEBUG org.springframework.beans.factory.support.DefaultListableBeanFactory:569 - Eagerly caching bean 'org.springframework.context.event.internalEventListenerProcessor' to allow for resolving potential circular references
10:38:45,332 TRACE org.springframework.beans.CachedIntrospectionResults:271 - Getting BeanInfo for class [org.springframework.context.event.EventListenerMethodProcessor]
10:38:45,332 TRACE org.springframework.beans.CachedIntrospectionResults:271 - Getting BeanInfo for class [org.springframework.context.event.EventListenerMethodProcessor]
10:38:45,337 TRACE org.springframework.beans.CachedIntrospectionResults:276 - Caching PropertyDescriptors for class [org.springframework.context.event.EventListenerMethodProcessor]
10:38:45,337 TRACE org.springframework.beans.CachedIntrospectionResults:276 - Caching PropertyDescriptors for class [org.springframework.context.event.EventListenerMethodProcessor]
10:38:45,344 TRACE org.springframework.beans.CachedIntrospectionResults:289 - Found bean property 'applicationContext' of type [org.springframework.context.ApplicationContext]
10:38:45,344 TRACE org.springframework.beans.CachedIntrospectionResults:289 - Found bean property 'applicationContext' of type [org.springframework.context.ApplicationContext]
10:38:45,345 TRACE org.springframework.beans.CachedIntrospectionResults:289 - Found bean property 'class' of type [java.lang.Class]
10:38:45,345 TRACE org.springframework.beans.CachedIntrospectionResults:289 - Found bean property 'class' of type [java.lang.Class]
10:38:45,351 DEBUG org.springframework.beans.factory.support.DefaultListableBeanFactory:503 - Finished creating instance of bean 'org.springframework.context.event.internalEventListenerProcessor'
10:38:45,351 DEBUG org.springframework.beans.factory.support.DefaultListableBeanFactory:503 - Finished creating instance of bean 'org.springframework.context.event.internalEventListenerProcessor'
10:38:45,351 DEBUG org.springframework.beans.factory.support.DefaultListableBeanFactory:219 - Creating shared instance of singleton bean 'org.springframework.context.event.internalEventListenerFactory'
10:38:45,351 DEBUG org.springframework.beans.factory.support.DefaultListableBeanFactory:219 - Creating shared instance of singleton bean 'org.springframework.context.event.internalEventListenerFactory'
10:38:45,352 DEBUG org.springframework.beans.factory.support.DefaultListableBeanFactory:466 - Creating instance of bean 'org.springframework.context.event.internalEventListenerFactory'
10:38:45,352 DEBUG org.springframework.beans.factory.support.DefaultListableBeanFactory:466 - Creating instance of bean 'org.springframework.context.event.internalEventListenerFactory'
10:38:45,354 DEBUG org.springframework.beans.factory.support.DefaultListableBeanFactory:569 - Eagerly caching bean 'org.springframework.context.event.internalEventListenerFactory' to allow for resolving potential circular references
10:38:45,354 DEBUG org.springframework.beans.factory.support.DefaultListableBeanFactory:569 - Eagerly caching bean 'org.springframework.context.event.internalEventListenerFactory' to allow for resolving potential circular references
10:38:45,354 TRACE org.springframework.beans.CachedIntrospectionResults:271 - Getting BeanInfo for class [org.springframework.context.event.DefaultEventListenerFactory]
10:38:45,354 TRACE org.springframework.beans.CachedIntrospectionResults:271 - Getting BeanInfo for class [org.springframework.context.event.DefaultEventListenerFactory]
10:38:45,359 TRACE org.springframework.beans.CachedIntrospectionResults:276 - Caching PropertyDescriptors for class [org.springframework.context.event.DefaultEventListenerFactory]
10:38:45,359 TRACE org.springframework.beans.CachedIntrospectionResults:276 - Caching PropertyDescriptors for class [org.springframework.context.event.DefaultEventListenerFactory]
10:38:45,361 TRACE org.springframework.beans.CachedIntrospectionResults:289 - Found bean property 'class' of type [java.lang.Class]
10:38:45,361 TRACE org.springframework.beans.CachedIntrospectionResults:289 - Found bean property 'class' of type [java.lang.Class]
10:38:45,363 TRACE org.springframework.beans.CachedIntrospectionResults:289 - Found bean property 'order' of type [int]
10:38:45,363 TRACE org.springframework.beans.CachedIntrospectionResults:289 - Found bean property 'order' of type [int]
10:38:45,368 DEBUG org.springframework.beans.factory.support.DefaultListableBeanFactory:503 - Finished creating instance of bean 'org.springframework.context.event.internalEventListenerFactory'
10:38:45,368 DEBUG org.springframework.beans.factory.support.DefaultListableBeanFactory:503 - Finished creating instance of bean 'org.springframework.context.event.internalEventListenerFactory'
10:38:45,368 DEBUG org.springframework.beans.factory.support.DefaultListableBeanFactory:254 - Returning cached instance of singleton bean 'org.springframework.boot.test.context.ImportsContextCustomizer$ImportsCleanupPostProcessor'
10:38:45,368 DEBUG org.springframework.beans.factory.support.DefaultListableBeanFactory:254 - Returning cached instance of singleton bean 'org.springframework.boot.test.context.ImportsContextCustomizer$ImportsCleanupPostProcessor'
10:38:45,369 DEBUG org.springframework.beans.factory.support.DefaultListableBeanFactory:254 - Returning cached instance of singleton bean 'org.springframework.boot.test.mock.mockito.MockitoPostProcessor$SpyPostProcessor'
10:38:45,369 DEBUG org.springframework.beans.factory.support.DefaultListableBeanFactory:254 - Returning cached instance of singleton bean 'org.springframework.boot.test.mock.mockito.MockitoPostProcessor$SpyPostProcessor'
10:38:45,374 DEBUG org.springframework.beans.factory.support.DefaultListableBeanFactory:254 - Returning cached instance of singleton bean 'org.springframework.boot.test.mock.mockito.MockitoPostProcessor'
10:38:45,374 DEBUG org.springframework.beans.factory.support.DefaultListableBeanFactory:254 - Returning cached instance of singleton bean 'org.springframework.boot.test.mock.mockito.MockitoPostProcessor'
10:38:45,375 DEBUG org.springframework.beans.factory.support.DefaultListableBeanFactory:219 - Creating shared instance of singleton bean 'javaTutorApplication'
10:38:45,375 DEBUG org.springframework.beans.factory.support.DefaultListableBeanFactory:219 - Creating shared instance of singleton bean 'javaTutorApplication'
10:38:45,376 DEBUG org.springframework.beans.factory.support.DefaultListableBeanFactory:466 - Creating instance of bean 'javaTutorApplication'
10:38:45,376 DEBUG org.springframework.beans.factory.support.DefaultListableBeanFactory:466 - Creating instance of bean 'javaTutorApplication'
10:38:45,379 DEBUG org.springframework.beans.factory.support.DefaultListableBeanFactory:569 - Eagerly caching bean 'javaTutorApplication' to allow for resolving potential circular references
10:38:45,379 DEBUG org.springframework.beans.factory.support.DefaultListableBeanFactory:569 - Eagerly caching bean 'javaTutorApplication' to allow for resolving potential circular references
10:38:45,381 TRACE org.springframework.beans.CachedIntrospectionResults:271 - Getting BeanInfo for class [pro.abacus.javatutor.JavaTutorApplication$$EnhancerBySpringCGLIB$$18d37e53]
10:38:45,381 TRACE org.springframework.beans.CachedIntrospectionResults:271 - Getting BeanInfo for class [pro.abacus.javatutor.JavaTutorApplication$$EnhancerBySpringCGLIB$$18d37e53]
10:38:45,387 TRACE org.springframework.beans.CachedIntrospectionResults:276 - Caching PropertyDescriptors for class [pro.abacus.javatutor.JavaTutorApplication$$EnhancerBySpringCGLIB$$18d37e53]
10:38:45,387 TRACE org.springframework.beans.CachedIntrospectionResults:276 - Caching PropertyDescriptors for class [pro.abacus.javatutor.JavaTutorApplication$$EnhancerBySpringCGLIB$$18d37e53]
10:38:45,388 TRACE org.springframework.beans.CachedIntrospectionResults:289 - Found bean property 'beanFactory' of type [org.springframework.beans.factory.BeanFactory]
10:38:45,388 TRACE org.springframework.beans.CachedIntrospectionResults:289 - Found bean property 'beanFactory' of type [org.springframework.beans.factory.BeanFactory]
10:38:45,389 TRACE org.springframework.beans.CachedIntrospectionResults:289 - Found bean property 'class' of type [java.lang.Class]
10:38:45,389 TRACE org.springframework.beans.CachedIntrospectionResults:289 - Found bean property 'class' of type [java.lang.Class]
10:38:45,393 DEBUG org.springframework.beans.factory.support.DefaultListableBeanFactory:503 - Finished creating instance of bean 'javaTutorApplication'
10:38:45,393 DEBUG org.springframework.beans.factory.support.DefaultListableBeanFactory:503 - Finished creating instance of bean 'javaTutorApplication'
10:38:45,394 DEBUG org.springframework.beans.factory.support.DefaultListableBeanFactory:254 - Returning cached instance of singleton bean 'org.springframework.boot.autoconfigure.internalCachingMetadataReaderFactory'
10:38:45,394 DEBUG org.springframework.beans.factory.support.DefaultListableBeanFactory:254 - Returning cached instance of singleton bean 'org.springframework.boot.autoconfigure.internalCachingMetadataReaderFactory'
10:38:45,395 DEBUG org.springframework.beans.factory.support.DefaultListableBeanFactory:254 - Returning cached instance of singleton bean 'org.springframework.boot.autoconfigure.AutoConfigurationPackages'
10:38:45,395 DEBUG org.springframework.beans.factory.support.DefaultListableBeanFactory:254 - Returning cached instance of singleton bean 'org.springframework.boot.autoconfigure.AutoConfigurationPackages'
10:38:45,396 DEBUG org.springframework.beans.factory.support.DefaultListableBeanFactory:254 - Returning cached instance of singleton bean 'org.springframework.boot.autoconfigure.condition.BeanTypeRegistry'
10:38:45,396 DEBUG org.springframework.beans.factory.support.DefaultListableBeanFactory:254 - Returning cached instance of singleton bean 'org.springframework.boot.autoconfigure.condition.BeanTypeRegistry'
10:38:45,396 DEBUG org.springframework.beans.factory.support.DefaultListableBeanFactory:219 - Creating shared instance of singleton bean 'org.springframework.boot.autoconfigure.mongo.MongoAutoConfiguration'
10:38:45,396 DEBUG org.springframework.beans.factory.support.DefaultListableBeanFactory:219 - Creating shared instance of singleton bean 'org.springframework.boot.autoconfigure.mongo.MongoAutoConfiguration'
10:38:45,397 DEBUG org.springframework.beans.factory.support.DefaultListableBeanFactory:466 - Creating instance of bean 'org.springframework.boot.autoconfigure.mongo.MongoAutoConfiguration'
10:38:45,397 DEBUG org.springframework.beans.factory.support.DefaultListableBeanFactory:466 - Creating instance of bean 'org.springframework.boot.autoconfigure.mongo.MongoAutoConfiguration'
10:38:45,399 DEBUG org.springframework.core.LocalVariableTableParameterNameDiscoverer:108 - Cannot find '.class' file for class [class org.springframework.boot.autoconfigure.mongo.MongoAutoConfiguration$$EnhancerBySpringCGLIB$$f9fc28ea] - unable to determine constructor/method parameter names
10:38:45,399 DEBUG org.springframework.core.LocalVariableTableParameterNameDiscoverer:108 - Cannot find '.class' file for class [class org.springframework.boot.autoconfigure.mongo.MongoAutoConfiguration$$EnhancerBySpringCGLIB$$f9fc28ea] - unable to determine constructor/method parameter names
10:38:45,404 TRACE org.springframework.beans.TypeConverterDelegate:436 - Converting String to [class java.lang.Class] using property editor [org.springframework.beans.propertyeditors.ClassEditor@31b6b0c7]
10:38:45,404 TRACE org.springframework.beans.TypeConverterDelegate:436 - Converting String to [class java.lang.Class] using property editor [org.springframework.beans.propertyeditors.ClassEditor@31b6b0c7]
10:38:45,412 TRACE org.springframework.beans.TypeConverterDelegate:436 - Converting String to [class java.lang.Class] using property editor [org.springframework.beans.propertyeditors.ClassEditor@7d1cb59f]
10:38:45,412 TRACE org.springframework.beans.TypeConverterDelegate:436 - Converting String to [class java.lang.Class] using property editor [org.springframework.beans.propertyeditors.ClassEditor@7d1cb59f]
10:38:45,414 TRACE org.springframework.beans.TypeConverterDelegate:436 - Converting String to [class java.lang.Class] using property editor [org.springframework.beans.propertyeditors.ClassEditor@12f8682a]
10:38:45,414 TRACE org.springframework.beans.TypeConverterDelegate:436 - Converting String to [class java.lang.Class] using property editor [org.springframework.beans.propertyeditors.ClassEditor@12f8682a]
10:38:45,417 DEBUG org.springframework.beans.factory.support.DefaultListableBeanFactory:219 - Creating shared instance of singleton bean 'spring.data.mongodb-org.springframework.boot.autoconfigure.mongo.MongoProperties'
10:38:45,417 DEBUG org.springframework.beans.factory.support.DefaultListableBeanFactory:219 - Creating shared instance of singleton bean 'spring.data.mongodb-org.springframework.boot.autoconfigure.mongo.MongoProperties'
10:38:45,418 DEBUG org.springframework.beans.factory.support.DefaultListableBeanFactory:466 - Creating instance of bean 'spring.data.mongodb-org.springframework.boot.autoconfigure.mongo.MongoProperties'
10:38:45,418 DEBUG org.springframework.beans.factory.support.DefaultListableBeanFactory:466 - Creating instance of bean 'spring.data.mongodb-org.springframework.boot.autoconfigure.mongo.MongoProperties'
10:38:45,419 DEBUG org.springframework.beans.factory.support.DefaultListableBeanFactory:569 - Eagerly caching bean 'spring.data.mongodb-org.springframework.boot.autoconfigure.mongo.MongoProperties' to allow for resolving potential circular references
10:38:45,419 DEBUG org.springframework.beans.factory.support.DefaultListableBeanFactory:569 - Eagerly caching bean 'spring.data.mongodb-org.springframework.boot.autoconfigure.mongo.MongoProperties' to allow for resolving potential circular references
10:38:45,421 TRACE org.springframework.beans.CachedIntrospectionResults:271 - Getting BeanInfo for class [org.springframework.boot.autoconfigure.mongo.MongoProperties]
10:38:45,421 TRACE org.springframework.beans.CachedIntrospectionResults:271 - Getting BeanInfo for class [org.springframework.boot.autoconfigure.mongo.MongoProperties]
10:38:45,430 TRACE org.springframework.beans.CachedIntrospectionResults:276 - Caching PropertyDescriptors for class [org.springframework.boot.autoconfigure.mongo.MongoProperties]
10:38:45,430 TRACE org.springframework.beans.CachedIntrospectionResults:276 - Caching PropertyDescriptors for class [org.springframework.boot.autoconfigure.mongo.MongoProperties]
10:38:45,430 TRACE org.springframework.beans.CachedIntrospectionResults:289 - Found bean property 'authenticationDatabase' of type [java.lang.String]
10:38:45,430 TRACE org.springframework.beans.CachedIntrospectionResults:289 - Found bean property 'authenticationDatabase' of type [java.lang.String]
10:38:45,431 TRACE org.springframework.beans.CachedIntrospectionResults:289 - Found bean property 'class' of type [java.lang.Class]
10:38:45,431 TRACE org.springframework.beans.CachedIntrospectionResults:289 - Found bean property 'class' of type [java.lang.Class]
10:38:45,432 TRACE org.springframework.beans.CachedIntrospectionResults:289 - Found bean property 'database' of type [java.lang.String]
10:38:45,432 TRACE org.springframework.beans.CachedIntrospectionResults:289 - Found bean property 'database' of type [java.lang.String]
10:38:45,433 TRACE org.springframework.beans.CachedIntrospectionResults:289 - Found bean property 'fieldNamingStrategy' of type [java.lang.Class]
10:38:45,433 TRACE org.springframework.beans.CachedIntrospectionResults:289 - Found bean property 'fieldNamingStrategy' of type [java.lang.Class]
10:38:45,434 TRACE org.springframework.beans.CachedIntrospectionResults:289 - Found bean property 'gridFsDatabase' of type [java.lang.String]
10:38:45,434 TRACE org.springframework.beans.CachedIntrospectionResults:289 - Found bean property 'gridFsDatabase' of type [java.lang.String]
10:38:45,435 TRACE org.springframework.beans.CachedIntrospectionResults:289 - Found bean property 'host' of type [java.lang.String]
10:38:45,435 TRACE org.springframework.beans.CachedIntrospectionResults:289 - Found bean property 'host' of type [java.lang.String]
10:38:45,435 TRACE org.springframework.beans.CachedIntrospectionResults:289 - Found bean property 'mongoClientDatabase' of type [java.lang.String]
10:38:45,435 TRACE org.springframework.beans.CachedIntrospectionResults:289 - Found bean property 'mongoClientDatabase' of type [java.lang.String]
10:38:45,436 TRACE org.springframework.beans.CachedIntrospectionResults:289 - Found bean property 'password' of type [[C]
10:38:45,436 TRACE org.springframework.beans.CachedIntrospectionResults:289 - Found bean property 'password' of type [[C]
10:38:45,436 TRACE org.springframework.beans.CachedIntrospectionResults:289 - Found bean property 'port' of type [java.lang.Integer]
10:38:45,436 TRACE org.springframework.beans.CachedIntrospectionResults:289 - Found bean property 'port' of type [java.lang.Integer]
10:38:45,437 TRACE org.springframework.beans.CachedIntrospectionResults:289 - Found bean property 'uri' of type [java.lang.String]
10:38:45,437 TRACE org.springframework.beans.CachedIntrospectionResults:289 - Found bean property 'uri' of type [java.lang.String]
10:38:45,438 TRACE org.springframework.beans.CachedIntrospectionResults:289 - Found bean property 'username' of type [java.lang.String]
10:38:45,438 TRACE org.springframework.beans.CachedIntrospectionResults:289 - Found bean property 'username' of type [java.lang.String]
10:38:45,440 TRACE org.springframework.beans.factory.support.DefaultListableBeanFactory:684 - No bean named 'conversionService' found in org.springframework.beans.factory.support.DefaultListableBeanFactory@156324b: defining beans [org.springframework.context.annotation.internalConfigurationAnnotationProcessor,org.springframework.context.annotation.internalAutowiredAnnotationProcessor,org.springframework.context.annotation.internalRequiredAnnotationProcessor,org.springframework.context.annotation.internalCommonAnnotationProcessor,org.springframework.context.event.internalEventListenerProcessor,org.springframework.context.event.internalEventListenerFactory,org.springframework.boot.test.context.ImportsContextCustomizer$ImportsCleanupPostProcessor,org.springframework.boot.test.mock.mockito.MockitoPostProcessor$SpyPostProcessor,org.springframework.boot.test.mock.mockito.MockitoPostProcessor,javaTutorApplication,org.springframework.boot.autoconfigure.internalCachingMetadataReaderFactory,org.springframework.boot.autoconfigure.AutoConfigurationPackages,org.springframework.boot.autoconfigure.condition.BeanTypeRegistry,org.springframework.boot.autoconfigure.mongo.MongoAutoConfiguration,mongo,spring.data.mongodb-org.springframework.boot.autoconfigure.mongo.MongoProperties,org.springframework.boot.context.properties.ConfigurationPropertiesBindingPostProcessor,org.springframework.boot.context.properties.ConfigurationBeanFactoryMetadata,org.springframework.boot.autoconfigure.data.mongo.MongoDataAutoConfiguration,mongoDbFactory,mongoTemplate,mappingMongoConverter,mongoMappingContext,gridFsTemplate,mongoCustomConversions,org.springframework.boot.autoconfigure.data.mongo.MongoRepositoriesAutoConfiguration,userRepository,authorityRepository,javaQuestionRepository]; root of factory hierarchy
10:38:45,440 TRACE org.springframework.beans.factory.support.DefaultListableBeanFactory:684 - No bean named 'conversionService' found in org.springframework.beans.factory.support.DefaultListableBeanFactory@156324b: defining beans [org.springframework.context.annotation.internalConfigurationAnnotationProcessor,org.springframework.context.annotation.internalAutowiredAnnotationProcessor,org.springframework.context.annotation.internalRequiredAnnotationProcessor,org.springframework.context.annotation.internalCommonAnnotationProcessor,org.springframework.context.event.internalEventListenerProcessor,org.springframework.context.event.internalEventListenerFactory,org.springframework.boot.test.context.ImportsContextCustomizer$ImportsCleanupPostProcessor,org.springframework.boot.test.mock.mockito.MockitoPostProcessor$SpyPostProcessor,org.springframework.boot.test.mock.mockito.MockitoPostProcessor,javaTutorApplication,org.springframework.boot.autoconfigure.internalCachingMetadataReaderFactory,org.springframework.boot.autoconfigure.AutoConfigurationPackages,org.springframework.boot.autoconfigure.condition.BeanTypeRegistry,org.springframework.boot.autoconfigure.mongo.MongoAutoConfiguration,mongo,spring.data.mongodb-org.springframework.boot.autoconfigure.mongo.MongoProperties,org.springframework.boot.context.properties.ConfigurationPropertiesBindingPostProcessor,org.springframework.boot.context.properties.ConfigurationBeanFactoryMetadata,org.springframework.boot.autoconfigure.data.mongo.MongoDataAutoConfiguration,mongoDbFactory,mongoTemplate,mappingMongoConverter,mongoMappingContext,gridFsTemplate,mongoCustomConversions,org.springframework.boot.autoconfigure.data.mongo.MongoRepositoriesAutoConfiguration,userRepository,authorityRepository,javaQuestionRepository]; root of factory hierarchy
10:38:45,441 DEBUG org.springframework.beans.factory.support.DefaultListableBeanFactory:466 - Creating instance of bean 'org.springframework.boot.context.properties.ConversionServiceDeducer$Factory'
10:38:45,441 DEBUG org.springframework.beans.factory.support.DefaultListableBeanFactory:466 - Creating instance of bean 'org.springframework.boot.context.properties.ConversionServiceDeducer$Factory'
10:38:45,444 TRACE org.springframework.beans.CachedIntrospectionResults:271 - Getting BeanInfo for class [org.springframework.boot.context.properties.ConversionServiceDeducer$Factory]
10:38:45,444 TRACE org.springframework.beans.CachedIntrospectionResults:271 - Getting BeanInfo for class [org.springframework.boot.context.properties.ConversionServiceDeducer$Factory]
10:38:45,449 TRACE org.springframework.beans.CachedIntrospectionResults:276 - Caching PropertyDescriptors for class [org.springframework.boot.context.properties.ConversionServiceDeducer$Factory]
10:38:45,449 TRACE org.springframework.beans.CachedIntrospectionResults:276 - Caching PropertyDescriptors for class [org.springframework.boot.context.properties.ConversionServiceDeducer$Factory]
10:38:45,450 TRACE org.springframework.beans.CachedIntrospectionResults:289 - Found bean property 'class' of type [java.lang.Class]
10:38:45,450 TRACE org.springframework.beans.CachedIntrospectionResults:289 - Found bean property 'class' of type [java.lang.Class]
10:38:45,451 TRACE org.springframework.beans.CachedIntrospectionResults:289 - Found bean property 'converters' of type [java.util.List]
10:38:45,451 TRACE org.springframework.beans.CachedIntrospectionResults:289 - Found bean property 'converters' of type [java.util.List]
10:38:45,453 TRACE org.springframework.beans.CachedIntrospectionResults:289 - Found bean property 'genericConverters' of type [java.util.List]
10:38:45,453 TRACE org.springframework.beans.CachedIntrospectionResults:289 - Found bean property 'genericConverters' of type [java.util.List]
10:38:45,460 DEBUG org.springframework.beans.factory.annotation.InjectionMetadata:74 - Registered injected element on class [org.springframework.boot.context.properties.ConversionServiceDeducer$Factory]: AutowiredMethodElement for public void org.springframework.boot.context.properties.ConversionServiceDeducer$Factory.setConverters(java.util.List)
10:38:45,460 DEBUG org.springframework.beans.factory.annotation.InjectionMetadata:74 - Registered injected element on class [org.springframework.boot.context.properties.ConversionServiceDeducer$Factory]: AutowiredMethodElement for public void org.springframework.boot.context.properties.ConversionServiceDeducer$Factory.setConverters(java.util.List)
10:38:45,462 DEBUG org.springframework.beans.factory.annotation.InjectionMetadata:74 - Registered injected element on class [org.springframework.boot.context.properties.ConversionServiceDeducer$Factory]: AutowiredMethodElement for public void org.springframework.boot.context.properties.ConversionServiceDeducer$Factory.setGenericConverters(java.util.List)
10:38:45,462 DEBUG org.springframework.beans.factory.annotation.InjectionMetadata:74 - Registered injected element on class [org.springframework.boot.context.properties.ConversionServiceDeducer$Factory]: AutowiredMethodElement for public void org.springframework.boot.context.properties.ConversionServiceDeducer$Factory.setGenericConverters(java.util.List)
10:38:45,464 DEBUG org.springframework.beans.factory.annotation.InjectionMetadata:89 - Processing injected element of bean 'org.springframework.boot.context.properties.ConversionServiceDeducer$Factory': AutowiredMethodElement for public void org.springframework.boot.context.properties.ConversionServiceDeducer$Factory.setConverters(java.util.List)
10:38:45,464 DEBUG org.springframework.beans.factory.annotation.InjectionMetadata:89 - Processing injected element of bean 'org.springframework.boot.context.properties.ConversionServiceDeducer$Factory': AutowiredMethodElement for public void org.springframework.boot.context.properties.ConversionServiceDeducer$Factory.setConverters(java.util.List)
10:38:45,469 DEBUG org.springframework.beans.factory.annotation.InjectionMetadata:89 - Processing injected element of bean 'org.springframework.boot.context.properties.ConversionServiceDeducer$Factory': AutowiredMethodElement for public void org.springframework.boot.context.properties.ConversionServiceDeducer$Factory.setGenericConverters(java.util.List)
10:38:45,469 DEBUG org.springframework.beans.factory.annotation.InjectionMetadata:89 - Processing injected element of bean 'org.springframework.boot.context.properties.ConversionServiceDeducer$Factory': AutowiredMethodElement for public void org.springframework.boot.context.properties.ConversionServiceDeducer$Factory.setGenericConverters(java.util.List)
10:38:45,472 DEBUG org.springframework.beans.factory.support.DefaultListableBeanFactory:503 - Finished creating instance of bean 'org.springframework.boot.context.properties.ConversionServiceDeducer$Factory'
10:38:45,472 DEBUG org.springframework.beans.factory.support.DefaultListableBeanFactory:503 - Finished creating instance of bean 'org.springframework.boot.context.properties.ConversionServiceDeducer$Factory'
10:38:45,484 TRACE org.springframework.beans.TypeConverterDelegate:436 - Converting String to [class java.lang.Integer] using property editor [org.springframework.beans.propertyeditors.CustomNumberEditor@6851b296]
10:38:45,484 TRACE org.springframework.beans.TypeConverterDelegate:436 - Converting String to [class java.lang.Integer] using property editor [org.springframework.beans.propertyeditors.CustomNumberEditor@6851b296]
10:38:45,491 DEBUG org.springframework.beans.factory.support.DefaultListableBeanFactory:503 - Finished creating instance of bean 'spring.data.mongodb-org.springframework.boot.autoconfigure.mongo.MongoProperties'
10:38:45,491 DEBUG org.springframework.beans.factory.support.DefaultListableBeanFactory:503 - Finished creating instance of bean 'spring.data.mongodb-org.springframework.boot.autoconfigure.mongo.MongoProperties'
10:38:45,496 DEBUG org.springframework.beans.factory.support.DefaultListableBeanFactory:254 - Returning cached instance of singleton bean 'environment'
10:38:45,496 DEBUG org.springframework.beans.factory.support.DefaultListableBeanFactory:254 - Returning cached instance of singleton bean 'environment'
10:38:45,497 DEBUG org.springframework.beans.factory.support.DefaultListableBeanFactory:737 - Autowiring by type from bean name 'org.springframework.boot.autoconfigure.mongo.MongoAutoConfiguration' via constructor to bean named 'spring.data.mongodb-org.springframework.boot.autoconfigure.mongo.MongoProperties'
10:38:45,497 DEBUG org.springframework.beans.factory.support.DefaultListableBeanFactory:737 - Autowiring by type from bean name 'org.springframework.boot.autoconfigure.mongo.MongoAutoConfiguration' via constructor to bean named 'spring.data.mongodb-org.springframework.boot.autoconfigure.mongo.MongoProperties'
10:38:45,498 DEBUG org.springframework.beans.factory.support.DefaultListableBeanFactory:737 - Autowiring by type from bean name 'org.springframework.boot.autoconfigure.mongo.MongoAutoConfiguration' via constructor to bean named 'environment'
10:38:45,498 DEBUG org.springframework.beans.factory.support.DefaultListableBeanFactory:737 - Autowiring by type from bean name 'org.springframework.boot.autoconfigure.mongo.MongoAutoConfiguration' via constructor to bean named 'environment'
10:38:45,499 DEBUG org.springframework.context.annotation.CommonAnnotationBeanPostProcessor:218 - Found destroy method on class [org.springframework.boot.autoconfigure.mongo.MongoAutoConfiguration$$EnhancerBySpringCGLIB$$f9fc28ea]: public void org.springframework.boot.autoconfigure.mongo.MongoAutoConfiguration.close()
10:38:45,499 DEBUG org.springframework.context.annotation.CommonAnnotationBeanPostProcessor:218 - Found destroy method on class [org.springframework.boot.autoconfigure.mongo.MongoAutoConfiguration$$EnhancerBySpringCGLIB$$f9fc28ea]: public void org.springframework.boot.autoconfigure.mongo.MongoAutoConfiguration.close()
10:38:45,500 DEBUG org.springframework.context.annotation.CommonAnnotationBeanPostProcessor:290 - Registered destroy method on class [org.springframework.boot.autoconfigure.mongo.MongoAutoConfiguration$$EnhancerBySpringCGLIB$$f9fc28ea]: org.springframework.beans.factory.annotation.InitDestroyAnnotationBeanPostProcessor$LifecycleElement@5a5ddf8
10:38:45,500 DEBUG org.springframework.context.annotation.CommonAnnotationBeanPostProcessor:290 - Registered destroy method on class [org.springframework.boot.autoconfigure.mongo.MongoAutoConfiguration$$EnhancerBySpringCGLIB$$f9fc28ea]: org.springframework.beans.factory.annotation.InitDestroyAnnotationBeanPostProcessor$LifecycleElement@5a5ddf8
10:38:45,501 DEBUG org.springframework.beans.factory.support.DefaultListableBeanFactory:569 - Eagerly caching bean 'org.springframework.boot.autoconfigure.mongo.MongoAutoConfiguration' to allow for resolving potential circular references
10:38:45,501 DEBUG org.springframework.beans.factory.support.DefaultListableBeanFactory:569 - Eagerly caching bean 'org.springframework.boot.autoconfigure.mongo.MongoAutoConfiguration' to allow for resolving potential circular references
10:38:45,502 TRACE org.springframework.beans.CachedIntrospectionResults:271 - Getting BeanInfo for class [org.springframework.boot.autoconfigure.mongo.MongoAutoConfiguration$$EnhancerBySpringCGLIB$$f9fc28ea]
10:38:45,502 TRACE org.springframework.beans.CachedIntrospectionResults:271 - Getting BeanInfo for class [org.springframework.boot.autoconfigure.mongo.MongoAutoConfiguration$$EnhancerBySpringCGLIB$$f9fc28ea]
10:38:45,508 TRACE org.springframework.beans.CachedIntrospectionResults:276 - Caching PropertyDescriptors for class [org.springframework.boot.autoconfigure.mongo.MongoAutoConfiguration$$EnhancerBySpringCGLIB$$f9fc28ea]
10:38:45,508 TRACE org.springframework.beans.CachedIntrospectionResults:276 - Caching PropertyDescriptors for class [org.springframework.boot.autoconfigure.mongo.MongoAutoConfiguration$$EnhancerBySpringCGLIB$$f9fc28ea]
10:38:45,509 TRACE org.springframework.beans.CachedIntrospectionResults:289 - Found bean property 'beanFactory' of type [org.springframework.beans.factory.BeanFactory]
10:38:45,509 TRACE org.springframework.beans.CachedIntrospectionResults:289 - Found bean property 'beanFactory' of type [org.springframework.beans.factory.BeanFactory]
10:38:45,510 TRACE org.springframework.beans.CachedIntrospectionResults:289 - Found bean property 'class' of type [java.lang.Class]
10:38:45,510 TRACE org.springframework.beans.CachedIntrospectionResults:289 - Found bean property 'class' of type [java.lang.Class]
10:38:45,513 DEBUG org.springframework.beans.factory.support.DefaultListableBeanFactory:503 - Finished creating instance of bean 'org.springframework.boot.autoconfigure.mongo.MongoAutoConfiguration'
10:38:45,513 DEBUG org.springframework.beans.factory.support.DefaultListableBeanFactory:503 - Finished creating instance of bean 'org.springframework.boot.autoconfigure.mongo.MongoAutoConfiguration'
10:38:45,514 DEBUG org.springframework.beans.factory.support.DefaultListableBeanFactory:219 - Creating shared instance of singleton bean 'mongo'
10:38:45,514 DEBUG org.springframework.beans.factory.support.DefaultListableBeanFactory:219 - Creating shared instance of singleton bean 'mongo'
10:38:45,515 DEBUG org.springframework.beans.factory.support.DefaultListableBeanFactory:466 - Creating instance of bean 'mongo'
10:38:45,515 DEBUG org.springframework.beans.factory.support.DefaultListableBeanFactory:466 - Creating instance of bean 'mongo'
10:38:45,516 DEBUG org.springframework.beans.factory.support.DefaultListableBeanFactory:254 - Returning cached instance of singleton bean 'org.springframework.boot.autoconfigure.mongo.MongoAutoConfiguration'
10:38:45,516 DEBUG org.springframework.beans.factory.support.DefaultListableBeanFactory:254 - Returning cached instance of singleton bean 'org.springframework.boot.autoconfigure.mongo.MongoAutoConfiguration'
10:38:45,519 TRACE org.springframework.core.env.PropertySourcesPropertyResolver:82 - Searching for key 'local.mongo.port' in PropertySource 'Annotations'
10:38:45,519 TRACE org.springframework.core.env.PropertySourcesPropertyResolver:82 - Searching for key 'local.mongo.port' in PropertySource 'Annotations'
10:38:45,520 TRACE org.springframework.core.env.PropertySourcesPropertyResolver:82 - Searching for key 'local.mongo.port' in PropertySource 'configurationProperties'
10:38:45,520 TRACE org.springframework.core.env.PropertySourcesPropertyResolver:82 - Searching for key 'local.mongo.port' in PropertySource 'configurationProperties'
10:38:45,522 TRACE org.springframework.core.env.PropertySourcesPropertyResolver:82 - Searching for key 'local.mongo.port' in PropertySource 'test'
10:38:45,522 TRACE org.springframework.core.env.PropertySourcesPropertyResolver:82 - Searching for key 'local.mongo.port' in PropertySource 'test'
10:38:45,523 TRACE org.springframework.core.env.PropertySourcesPropertyResolver:82 - Searching for key 'local.mongo.port' in PropertySource 'Inlined Test Properties'
10:38:45,523 TRACE org.springframework.core.env.PropertySourcesPropertyResolver:82 - Searching for key 'local.mongo.port' in PropertySource 'Inlined Test Properties'
10:38:45,525 TRACE org.springframework.core.env.PropertySourcesPropertyResolver:82 - Searching for key 'local.mongo.port' in PropertySource 'systemProperties'
10:38:45,525 TRACE org.springframework.core.env.PropertySourcesPropertyResolver:82 - Searching for key 'local.mongo.port' in PropertySource 'systemProperties'
10:38:45,526 TRACE org.springframework.core.env.PropertySourcesPropertyResolver:82 - Searching for key 'local.mongo.port' in PropertySource 'systemEnvironment'
10:38:45,526 TRACE org.springframework.core.env.PropertySourcesPropertyResolver:82 - Searching for key 'local.mongo.port' in PropertySource 'systemEnvironment'
10:38:45,527 TRACE org.springframework.core.env.PropertySourcesPropertyResolver:82 - Searching for key 'local.mongo.port' in PropertySource 'random'
10:38:45,527 TRACE org.springframework.core.env.PropertySourcesPropertyResolver:82 - Searching for key 'local.mongo.port' in PropertySource 'random'
10:38:45,528 TRACE org.springframework.core.env.PropertySourcesPropertyResolver:82 - Searching for key 'local.mongo.port' in PropertySource 'applicationConfig: [classpath:/application.properties]'
10:38:45,528 TRACE org.springframework.core.env.PropertySourcesPropertyResolver:82 - Searching for key 'local.mongo.port' in PropertySource 'applicationConfig: [classpath:/application.properties]'
10:38:45,530 DEBUG org.springframework.core.env.PropertySourcesPropertyResolver:96 - Could not find key 'local.mongo.port' in any property source
10:38:45,530 DEBUG org.springframework.core.env.PropertySourcesPropertyResolver:96 - Could not find key 'local.mongo.port' in any property source
10:38:45,544 DEBUG org.springframework.beans.factory.support.DefaultListableBeanFactory:569 - Eagerly caching bean 'mongo' to allow for resolving potential circular references
10:38:45,544 DEBUG org.springframework.beans.factory.support.DefaultListableBeanFactory:569 - Eagerly caching bean 'mongo' to allow for resolving potential circular references
10:38:45,545 TRACE org.springframework.beans.CachedIntrospectionResults:271 - Getting BeanInfo for class [com.mongodb.MongoClient]
10:38:45,545 TRACE org.springframework.beans.CachedIntrospectionResults:271 - Getting BeanInfo for class [com.mongodb.MongoClient]
10:38:45,552 TRACE org.springframework.beans.CachedIntrospectionResults:276 - Caching PropertyDescriptors for class [com.mongodb.MongoClient]
10:38:45,552 TRACE org.springframework.beans.CachedIntrospectionResults:276 - Caching PropertyDescriptors for class [com.mongodb.MongoClient]
10:38:45,553 TRACE org.springframework.beans.CachedIntrospectionResults:289 - Found bean property 'address' of type [com.mongodb.ServerAddress]
10:38:45,553 TRACE org.springframework.beans.CachedIntrospectionResults:289 - Found bean property 'address' of type [com.mongodb.ServerAddress]
10:38:45,554 TRACE org.springframework.beans.CachedIntrospectionResults:289 - Found bean property 'allAddress' of type [java.util.List]
10:38:45,554 TRACE org.springframework.beans.CachedIntrospectionResults:289 - Found bean property 'allAddress' of type [java.util.List]
10:38:45,555 TRACE org.springframework.beans.CachedIntrospectionResults:289 - Found bean property 'class' of type [java.lang.Class]
10:38:45,555 TRACE org.springframework.beans.CachedIntrospectionResults:289 - Found bean property 'class' of type [java.lang.Class]
10:38:45,557 TRACE org.springframework.beans.CachedIntrospectionResults:289 - Found bean property 'connectPoint' of type [java.lang.String]
10:38:45,557 TRACE org.springframework.beans.CachedIntrospectionResults:289 - Found bean property 'connectPoint' of type [java.lang.String]
10:38:45,558 TRACE org.springframework.beans.CachedIntrospectionResults:289 - Found bean property 'credentialsList' of type [java.util.List]
10:38:45,558 TRACE org.springframework.beans.CachedIntrospectionResults:289 - Found bean property 'credentialsList' of type [java.util.List]
10:38:45,559 TRACE org.springframework.beans.CachedIntrospectionResults:289 - Found bean property 'databaseNames' of type [java.util.List]
10:38:45,559 TRACE org.springframework.beans.CachedIntrospectionResults:289 - Found bean property 'databaseNames' of type [java.util.List]
10:38:45,560 TRACE org.springframework.beans.CachedIntrospectionResults:289 - Found bean property 'locked' of type [boolean]
10:38:45,560 TRACE org.springframework.beans.CachedIntrospectionResults:289 - Found bean property 'locked' of type [boolean]
10:38:45,561 TRACE org.springframework.beans.CachedIntrospectionResults:289 - Found bean property 'maxBsonObjectSize' of type [int]
10:38:45,561 TRACE org.springframework.beans.CachedIntrospectionResults:289 - Found bean property 'maxBsonObjectSize' of type [int]
10:38:45,562 TRACE org.springframework.beans.CachedIntrospectionResults:289 - Found bean property 'mongoClientOptions' of type [com.mongodb.MongoClientOptions]
10:38:45,562 TRACE org.springframework.beans.CachedIntrospectionResults:289 - Found bean property 'mongoClientOptions' of type [com.mongodb.MongoClientOptions]
10:38:45,563 TRACE org.springframework.beans.CachedIntrospectionResults:289 - Found bean property 'mongoOptions' of type [com.mongodb.MongoOptions]
10:38:45,563 TRACE org.springframework.beans.CachedIntrospectionResults:289 - Found bean property 'mongoOptions' of type [com.mongodb.MongoOptions]
10:38:45,565 TRACE org.springframework.beans.CachedIntrospectionResults:289 - Found bean property 'options' of type [int]
10:38:45,565 TRACE org.springframework.beans.CachedIntrospectionResults:289 - Found bean property 'options' of type [int]
10:38:45,567 TRACE org.springframework.beans.CachedIntrospectionResults:289 - Found bean property 'readConcern' of type [com.mongodb.ReadConcern]
10:38:45,567 TRACE org.springframework.beans.CachedIntrospectionResults:289 - Found bean property 'readConcern' of type [com.mongodb.ReadConcern]
10:38:45,568 TRACE org.springframework.beans.CachedIntrospectionResults:289 - Found bean property 'readPreference' of type [com.mongodb.ReadPreference]
10:38:45,568 TRACE org.springframework.beans.CachedIntrospectionResults:289 - Found bean property 'readPreference' of type [com.mongodb.ReadPreference]
10:38:45,569 TRACE org.springframework.beans.CachedIntrospectionResults:289 - Found bean property 'replicaSetStatus' of type [com.mongodb.ReplicaSetStatus]
10:38:45,569 TRACE org.springframework.beans.CachedIntrospectionResults:289 - Found bean property 'replicaSetStatus' of type [com.mongodb.ReplicaSetStatus]
10:38:45,570 TRACE org.springframework.beans.CachedIntrospectionResults:289 - Found bean property 'serverAddressList' of type [java.util.List]
10:38:45,570 TRACE org.springframework.beans.CachedIntrospectionResults:289 - Found bean property 'serverAddressList' of type [java.util.List]
10:38:45,571 TRACE org.springframework.beans.CachedIntrospectionResults:289 - Found bean property 'usedDatabases' of type [java.util.Collection]
10:38:45,571 TRACE org.springframework.beans.CachedIntrospectionResults:289 - Found bean property 'usedDatabases' of type [java.util.Collection]
10:38:45,571 TRACE org.springframework.beans.CachedIntrospectionResults:289 - Found bean property 'writeConcern' of type [com.mongodb.WriteConcern]
10:38:45,571 TRACE org.springframework.beans.CachedIntrospectionResults:289 - Found bean property 'writeConcern' of type [com.mongodb.WriteConcern]
10:38:45,573 DEBUG org.springframework.beans.factory.support.DefaultListableBeanFactory:503 - Finished creating instance of bean 'mongo'
10:38:45,573 DEBUG org.springframework.beans.factory.support.DefaultListableBeanFactory:503 - Finished creating instance of bean 'mongo'
10:38:45,574 DEBUG org.springframework.beans.factory.support.DefaultListableBeanFactory:254 - Returning cached instance of singleton bean 'spring.data.mongodb-org.springframework.boot.autoconfigure.mongo.MongoProperties'
10:38:45,574 DEBUG org.springframework.beans.factory.support.DefaultListableBeanFactory:254 - Returning cached instance of singleton bean 'spring.data.mongodb-org.springframework.boot.autoconfigure.mongo.MongoProperties'
10:38:45,574 DEBUG org.springframework.beans.factory.support.DefaultListableBeanFactory:254 - Returning cached instance of singleton bean 'org.springframework.boot.context.properties.ConfigurationPropertiesBindingPostProcessor'
10:38:45,574 DEBUG org.springframework.beans.factory.support.DefaultListableBeanFactory:254 - Returning cached instance of singleton bean 'org.springframework.boot.context.properties.ConfigurationPropertiesBindingPostProcessor'
10:38:45,575 DEBUG org.springframework.beans.factory.support.DefaultListableBeanFactory:254 - Returning cached instance of singleton bean 'org.springframework.boot.context.properties.ConfigurationBeanFactoryMetadata'
10:38:45,575 DEBUG org.springframework.beans.factory.support.DefaultListableBeanFactory:254 - Returning cached instance of singleton bean 'org.springframework.boot.context.properties.ConfigurationBeanFactoryMetadata'
10:38:45,575 DEBUG org.springframework.beans.factory.support.DefaultListableBeanFactory:219 - Creating shared instance of singleton bean 'org.springframework.boot.autoconfigure.data.mongo.MongoDataAutoConfiguration'
10:38:45,575 DEBUG org.springframework.beans.factory.support.DefaultListableBeanFactory:219 - Creating shared instance of singleton bean 'org.springframework.boot.autoconfigure.data.mongo.MongoDataAutoConfiguration'
10:38:45,576 DEBUG org.springframework.beans.factory.support.DefaultListableBeanFactory:466 - Creating instance of bean 'org.springframework.boot.autoconfigure.data.mongo.MongoDataAutoConfiguration'
10:38:45,576 DEBUG org.springframework.beans.factory.support.DefaultListableBeanFactory:466 - Creating instance of bean 'org.springframework.boot.autoconfigure.data.mongo.MongoDataAutoConfiguration'
10:38:45,578 DEBUG org.springframework.core.LocalVariableTableParameterNameDiscoverer:108 - Cannot find '.class' file for class [class org.springframework.boot.autoconfigure.data.mongo.MongoDataAutoConfiguration$$EnhancerBySpringCGLIB$$28baabcc] - unable to determine constructor/method parameter names
10:38:45,578 DEBUG org.springframework.core.LocalVariableTableParameterNameDiscoverer:108 - Cannot find '.class' file for class [class org.springframework.boot.autoconfigure.data.mongo.MongoDataAutoConfiguration$$EnhancerBySpringCGLIB$$28baabcc] - unable to determine constructor/method parameter names
10:38:45,579 DEBUG org.springframework.beans.factory.support.DefaultListableBeanFactory:254 - Returning cached instance of singleton bean 'spring.data.mongodb-org.springframework.boot.autoconfigure.mongo.MongoProperties'
10:38:45,579 DEBUG org.springframework.beans.factory.support.DefaultListableBeanFactory:254 - Returning cached instance of singleton bean 'spring.data.mongodb-org.springframework.boot.autoconfigure.mongo.MongoProperties'
10:38:45,580 DEBUG org.springframework.beans.factory.support.DefaultListableBeanFactory:737 - Autowiring by type from bean name 'org.springframework.boot.autoconfigure.data.mongo.MongoDataAutoConfiguration' via constructor to bean named 'org.springframework.context.annotation.AnnotationConfigApplicationContext@531ec2ca'
10:38:45,580 DEBUG org.springframework.beans.factory.support.DefaultListableBeanFactory:737 - Autowiring by type from bean name 'org.springframework.boot.autoconfigure.data.mongo.MongoDataAutoConfiguration' via constructor to bean named 'org.springframework.context.annotation.AnnotationConfigApplicationContext@531ec2ca'
10:38:45,581 DEBUG org.springframework.beans.factory.support.DefaultListableBeanFactory:737 - Autowiring by type from bean name 'org.springframework.boot.autoconfigure.data.mongo.MongoDataAutoConfiguration' via constructor to bean named 'spring.data.mongodb-org.springframework.boot.autoconfigure.mongo.MongoProperties'
10:38:45,581 DEBUG org.springframework.beans.factory.support.DefaultListableBeanFactory:737 - Autowiring by type from bean name 'org.springframework.boot.autoconfigure.data.mongo.MongoDataAutoConfiguration' via constructor to bean named 'spring.data.mongodb-org.springframework.boot.autoconfigure.mongo.MongoProperties'
10:38:45,582 DEBUG org.springframework.beans.factory.support.DefaultListableBeanFactory:569 - Eagerly caching bean 'org.springframework.boot.autoconfigure.data.mongo.MongoDataAutoConfiguration' to allow for resolving potential circular references
10:38:45,582 DEBUG org.springframework.beans.factory.support.DefaultListableBeanFactory:569 - Eagerly caching bean 'org.springframework.boot.autoconfigure.data.mongo.MongoDataAutoConfiguration' to allow for resolving potential circular references
10:38:45,582 TRACE org.springframework.beans.CachedIntrospectionResults:271 - Getting BeanInfo for class [org.springframework.boot.autoconfigure.data.mongo.MongoDataAutoConfiguration$$EnhancerBySpringCGLIB$$28baabcc]
10:38:45,582 TRACE org.springframework.beans.CachedIntrospectionResults:271 - Getting BeanInfo for class [org.springframework.boot.autoconfigure.data.mongo.MongoDataAutoConfiguration$$EnhancerBySpringCGLIB$$28baabcc]
10:38:45,591 TRACE org.springframework.beans.CachedIntrospectionResults:276 - Caching PropertyDescriptors for class [org.springframework.boot.autoconfigure.data.mongo.MongoDataAutoConfiguration$$EnhancerBySpringCGLIB$$28baabcc]
10:38:45,591 TRACE org.springframework.beans.CachedIntrospectionResults:276 - Caching PropertyDescriptors for class [org.springframework.boot.autoconfigure.data.mongo.MongoDataAutoConfiguration$$EnhancerBySpringCGLIB$$28baabcc]
10:38:45,592 TRACE org.springframework.beans.CachedIntrospectionResults:289 - Found bean property 'beanFactory' of type [org.springframework.beans.factory.BeanFactory]
10:38:45,592 TRACE org.springframework.beans.CachedIntrospectionResults:289 - Found bean property 'beanFactory' of type [org.springframework.beans.factory.BeanFactory]
10:38:45,593 TRACE org.springframework.beans.CachedIntrospectionResults:289 - Found bean property 'class' of type [java.lang.Class]
10:38:45,593 TRACE org.springframework.beans.CachedIntrospectionResults:289 - Found bean property 'class' of type [java.lang.Class]
10:38:45,598 DEBUG org.springframework.beans.factory.support.DefaultListableBeanFactory:503 - Finished creating instance of bean 'org.springframework.boot.autoconfigure.data.mongo.MongoDataAutoConfiguration'
10:38:45,598 DEBUG org.springframework.beans.factory.support.DefaultListableBeanFactory:503 - Finished creating instance of bean 'org.springframework.boot.autoconfigure.data.mongo.MongoDataAutoConfiguration'
10:38:45,599 DEBUG org.springframework.beans.factory.support.DefaultListableBeanFactory:219 - Creating shared instance of singleton bean 'mongoDbFactory'
10:38:45,599 DEBUG org.springframework.beans.factory.support.DefaultListableBeanFactory:219 - Creating shared instance of singleton bean 'mongoDbFactory'
10:38:45,599 DEBUG org.springframework.beans.factory.support.DefaultListableBeanFactory:466 - Creating instance of bean 'mongoDbFactory'
10:38:45,599 DEBUG org.springframework.beans.factory.support.DefaultListableBeanFactory:466 - Creating instance of bean 'mongoDbFactory'
10:38:45,600 DEBUG org.springframework.beans.factory.support.DefaultListableBeanFactory:254 - Returning cached instance of singleton bean 'org.springframework.boot.autoconfigure.data.mongo.MongoDataAutoConfiguration'
10:38:45,600 DEBUG org.springframework.beans.factory.support.DefaultListableBeanFactory:254 - Returning cached instance of singleton bean 'org.springframework.boot.autoconfigure.data.mongo.MongoDataAutoConfiguration'
10:38:45,602 DEBUG org.springframework.beans.factory.support.DefaultListableBeanFactory:254 - Returning cached instance of singleton bean 'mongo'
10:38:45,602 DEBUG org.springframework.beans.factory.support.DefaultListableBeanFactory:254 - Returning cached instance of singleton bean 'mongo'
10:38:45,603 DEBUG org.springframework.beans.factory.support.DefaultListableBeanFactory:737 - Autowiring by type from bean name 'mongoDbFactory' via factory method to bean named 'mongo'
10:38:45,603 DEBUG org.springframework.beans.factory.support.DefaultListableBeanFactory:737 - Autowiring by type from bean name 'mongoDbFactory' via factory method to bean named 'mongo'
10:38:45,611 DEBUG org.springframework.beans.factory.support.DefaultListableBeanFactory:569 - Eagerly caching bean 'mongoDbFactory' to allow for resolving potential circular references
10:38:45,611 DEBUG org.springframework.beans.factory.support.DefaultListableBeanFactory:569 - Eagerly caching bean 'mongoDbFactory' to allow for resolving potential circular references
10:38:45,612 TRACE org.springframework.beans.CachedIntrospectionResults:271 - Getting BeanInfo for class [org.springframework.data.mongodb.core.SimpleMongoDbFactory]
10:38:45,612 TRACE org.springframework.beans.CachedIntrospectionResults:271 - Getting BeanInfo for class [org.springframework.data.mongodb.core.SimpleMongoDbFactory]
10:38:45,617 TRACE org.springframework.beans.CachedIntrospectionResults:276 - Caching PropertyDescriptors for class [org.springframework.data.mongodb.core.SimpleMongoDbFactory]
10:38:45,617 TRACE org.springframework.beans.CachedIntrospectionResults:276 - Caching PropertyDescriptors for class [org.springframework.data.mongodb.core.SimpleMongoDbFactory]
10:38:45,618 TRACE org.springframework.beans.CachedIntrospectionResults:289 - Found bean property 'class' of type [java.lang.Class]
10:38:45,618 TRACE org.springframework.beans.CachedIntrospectionResults:289 - Found bean property 'class' of type [java.lang.Class]
10:38:45,619 TRACE org.springframework.beans.CachedIntrospectionResults:289 - Found bean property 'db' of type [com.mongodb.client.MongoDatabase]
10:38:45,619 TRACE org.springframework.beans.CachedIntrospectionResults:289 - Found bean property 'db' of type [com.mongodb.client.MongoDatabase]
10:38:45,619 TRACE org.springframework.beans.CachedIntrospectionResults:289 - Found bean property 'exceptionTranslator' of type [org.springframework.dao.support.PersistenceExceptionTranslator]
10:38:45,619 TRACE org.springframework.beans.CachedIntrospectionResults:289 - Found bean property 'exceptionTranslator' of type [org.springframework.dao.support.PersistenceExceptionTranslator]
10:38:45,621 TRACE org.springframework.beans.CachedIntrospectionResults:289 - Found bean property 'legacyDb' of type [com.mongodb.DB]
10:38:45,621 TRACE org.springframework.beans.CachedIntrospectionResults:289 - Found bean property 'legacyDb' of type [com.mongodb.DB]
10:38:45,621 TRACE org.springframework.beans.CachedIntrospectionResults:289 - Found bean property 'writeConcern' of type [com.mongodb.WriteConcern]
10:38:45,621 TRACE org.springframework.beans.CachedIntrospectionResults:289 - Found bean property 'writeConcern' of type [com.mongodb.WriteConcern]
10:38:45,636 DEBUG org.springframework.beans.factory.support.DefaultListableBeanFactory:503 - Finished creating instance of bean 'mongoDbFactory'
10:38:45,636 DEBUG org.springframework.beans.factory.support.DefaultListableBeanFactory:503 - Finished creating instance of bean 'mongoDbFactory'
10:38:45,638 DEBUG org.springframework.beans.factory.support.DefaultListableBeanFactory:219 - Creating shared instance of singleton bean 'mongoTemplate'
10:38:45,638 DEBUG org.springframework.beans.factory.support.DefaultListableBeanFactory:219 - Creating shared instance of singleton bean 'mongoTemplate'
10:38:45,642 DEBUG org.springframework.beans.factory.support.DefaultListableBeanFactory:466 - Creating instance of bean 'mongoTemplate'
10:38:45,642 DEBUG org.springframework.beans.factory.support.DefaultListableBeanFactory:466 - Creating instance of bean 'mongoTemplate'
10:38:45,643 DEBUG org.springframework.beans.factory.support.DefaultListableBeanFactory:254 - Returning cached instance of singleton bean 'org.springframework.boot.autoconfigure.data.mongo.MongoDataAutoConfiguration'
10:38:45,643 DEBUG org.springframework.beans.factory.support.DefaultListableBeanFactory:254 - Returning cached instance of singleton bean 'org.springframework.boot.autoconfigure.data.mongo.MongoDataAutoConfiguration'
10:38:45,646 DEBUG org.springframework.beans.factory.support.DefaultListableBeanFactory:254 - Returning cached instance of singleton bean 'mongoDbFactory'
10:38:45,646 DEBUG org.springframework.beans.factory.support.DefaultListableBeanFactory:254 - Returning cached instance of singleton bean 'mongoDbFactory'
10:38:45,648 DEBUG org.springframework.beans.factory.support.DefaultListableBeanFactory:219 - Creating shared instance of singleton bean 'mappingMongoConverter'
10:38:45,648 DEBUG org.springframework.beans.factory.support.DefaultListableBeanFactory:219 - Creating shared instance of singleton bean 'mappingMongoConverter'
10:38:45,649 DEBUG org.springframework.beans.factory.support.DefaultListableBeanFactory:466 - Creating instance of bean 'mappingMongoConverter'
10:38:45,649 DEBUG org.springframework.beans.factory.support.DefaultListableBeanFactory:466 - Creating instance of bean 'mappingMongoConverter'
10:38:45,650 DEBUG org.springframework.beans.factory.support.DefaultListableBeanFactory:254 - Returning cached instance of singleton bean 'org.springframework.boot.autoconfigure.data.mongo.MongoDataAutoConfiguration'
10:38:45,650 DEBUG org.springframework.beans.factory.support.DefaultListableBeanFactory:254 - Returning cached instance of singleton bean 'org.springframework.boot.autoconfigure.data.mongo.MongoDataAutoConfiguration'
10:38:45,653 DEBUG org.springframework.beans.factory.support.DefaultListableBeanFactory:254 - Returning cached instance of singleton bean 'mongoDbFactory'
10:38:45,653 DEBUG org.springframework.beans.factory.support.DefaultListableBeanFactory:254 - Returning cached instance of singleton bean 'mongoDbFactory'
10:38:45,661 DEBUG org.springframework.beans.factory.support.DefaultListableBeanFactory:219 - Creating shared instance of singleton bean 'mongoMappingContext'
10:38:45,661 DEBUG org.springframework.beans.factory.support.DefaultListableBeanFactory:219 - Creating shared instance of singleton bean 'mongoMappingContext'
10:38:45,663 DEBUG org.springframework.beans.factory.support.DefaultListableBeanFactory:466 - Creating instance of bean 'mongoMappingContext'
10:38:45,663 DEBUG org.springframework.beans.factory.support.DefaultListableBeanFactory:466 - Creating instance of bean 'mongoMappingContext'
10:38:45,664 DEBUG org.springframework.beans.factory.support.DefaultListableBeanFactory:254 - Returning cached instance of singleton bean 'org.springframework.boot.autoconfigure.data.mongo.MongoDataAutoConfiguration'
10:38:45,664 DEBUG org.springframework.beans.factory.support.DefaultListableBeanFactory:254 - Returning cached instance of singleton bean 'org.springframework.boot.autoconfigure.data.mongo.MongoDataAutoConfiguration'
10:38:45,666 DEBUG org.springframework.beans.factory.support.DefaultListableBeanFactory:219 - Creating shared instance of singleton bean 'mongoCustomConversions'
10:38:45,666 DEBUG org.springframework.beans.factory.support.DefaultListableBeanFactory:219 - Creating shared instance of singleton bean 'mongoCustomConversions'
10:38:45,667 DEBUG org.springframework.beans.factory.support.DefaultListableBeanFactory:466 - Creating instance of bean 'mongoCustomConversions'
10:38:45,667 DEBUG org.springframework.beans.factory.support.DefaultListableBeanFactory:466 - Creating instance of bean 'mongoCustomConversions'
10:38:45,668 DEBUG org.springframework.beans.factory.support.DefaultListableBeanFactory:254 - Returning cached instance of singleton bean 'org.springframework.boot.autoconfigure.data.mongo.MongoDataAutoConfiguration'
10:38:45,668 DEBUG org.springframework.beans.factory.support.DefaultListableBeanFactory:254 - Returning cached instance of singleton bean 'org.springframework.boot.autoconfigure.data.mongo.MongoDataAutoConfiguration'
10:38:45,686 DEBUG org.springframework.beans.factory.support.DefaultListableBeanFactory:569 - Eagerly caching bean 'mongoCustomConversions' to allow for resolving potential circular references
10:38:45,686 DEBUG org.springframework.beans.factory.support.DefaultListableBeanFactory:569 - Eagerly caching bean 'mongoCustomConversions' to allow for resolving potential circular references
10:38:45,687 TRACE org.springframework.beans.CachedIntrospectionResults:271 - Getting BeanInfo for class [org.springframework.data.mongodb.core.convert.MongoCustomConversions]
10:38:45,687 TRACE org.springframework.beans.CachedIntrospectionResults:271 - Getting BeanInfo for class [org.springframework.data.mongodb.core.convert.MongoCustomConversions]
10:38:45,697 TRACE org.springframework.beans.CachedIntrospectionResults:276 - Caching PropertyDescriptors for class [org.springframework.data.mongodb.core.convert.MongoCustomConversions]
10:38:45,697 TRACE org.springframework.beans.CachedIntrospectionResults:276 - Caching PropertyDescriptors for class [org.springframework.data.mongodb.core.convert.MongoCustomConversions]
10:38:45,698 TRACE org.springframework.beans.CachedIntrospectionResults:289 - Found bean property 'class' of type [java.lang.Class]
10:38:45,698 TRACE org.springframework.beans.CachedIntrospectionResults:289 - Found bean property 'class' of type [java.lang.Class]
10:38:45,699 TRACE org.springframework.beans.CachedIntrospectionResults:289 - Found bean property 'simpleTypeHolder' of type [org.springframework.data.mapping.model.SimpleTypeHolder]
10:38:45,699 TRACE org.springframework.beans.CachedIntrospectionResults:289 - Found bean property 'simpleTypeHolder' of type [org.springframework.data.mapping.model.SimpleTypeHolder]
10:38:45,702 DEBUG org.springframework.beans.factory.support.DefaultListableBeanFactory:503 - Finished creating instance of bean 'mongoCustomConversions'
10:38:45,702 DEBUG org.springframework.beans.factory.support.DefaultListableBeanFactory:503 - Finished creating instance of bean 'mongoCustomConversions'
10:38:45,703 DEBUG org.springframework.beans.factory.support.DefaultListableBeanFactory:737 - Autowiring by type from bean name 'mongoMappingContext' via factory method to bean named 'mongoCustomConversions'
10:38:45,703 DEBUG org.springframework.beans.factory.support.DefaultListableBeanFactory:737 - Autowiring by type from bean name 'mongoMappingContext' via factory method to bean named 'mongoCustomConversions'
10:38:45,725 TRACE org.springframework.beans.factory.support.DefaultListableBeanFactory:684 - No bean named 'org.springframework.boot.autoconfigure.domain.EntityScanPackages' found in org.springframework.beans.factory.support.DefaultListableBeanFactory@156324b: defining beans [org.springframework.context.annotation.internalConfigurationAnnotationProcessor,org.springframework.context.annotation.internalAutowiredAnnotationProcessor,org.springframework.context.annotation.internalRequiredAnnotationProcessor,org.springframework.context.annotation.internalCommonAnnotationProcessor,org.springframework.context.event.internalEventListenerProcessor,org.springframework.context.event.internalEventListenerFactory,org.springframework.boot.test.context.ImportsContextCustomizer$ImportsCleanupPostProcessor,org.springframework.boot.test.mock.mockito.MockitoPostProcessor$SpyPostProcessor,org.springframework.boot.test.mock.mockito.MockitoPostProcessor,javaTutorApplication,org.springframework.boot.autoconfigure.internalCachingMetadataReaderFactory,org.springframework.boot.autoconfigure.AutoConfigurationPackages,org.springframework.boot.autoconfigure.condition.BeanTypeRegistry,org.springframework.boot.autoconfigure.mongo.MongoAutoConfiguration,mongo,spring.data.mongodb-org.springframework.boot.autoconfigure.mongo.MongoProperties,org.springframework.boot.context.properties.ConfigurationPropertiesBindingPostProcessor,org.springframework.boot.context.properties.ConfigurationBeanFactoryMetadata,org.springframework.boot.autoconfigure.data.mongo.MongoDataAutoConfiguration,mongoDbFactory,mongoTemplate,mappingMongoConverter,mongoMappingContext,gridFsTemplate,mongoCustomConversions,org.springframework.boot.autoconfigure.data.mongo.MongoRepositoriesAutoConfiguration,userRepository,authorityRepository,javaQuestionRepository]; root of factory hierarchy
10:38:45,725 TRACE org.springframework.beans.factory.support.DefaultListableBeanFactory:684 - No bean named 'org.springframework.boot.autoconfigure.domain.EntityScanPackages' found in org.springframework.beans.factory.support.DefaultListableBeanFactory@156324b: defining beans [org.springframework.context.annotation.internalConfigurationAnnotationProcessor,org.springframework.context.annotation.internalAutowiredAnnotationProcessor,org.springframework.context.annotation.internalRequiredAnnotationProcessor,org.springframework.context.annotation.internalCommonAnnotationProcessor,org.springframework.context.event.internalEventListenerProcessor,org.springframework.context.event.internalEventListenerFactory,org.springframework.boot.test.context.ImportsContextCustomizer$ImportsCleanupPostProcessor,org.springframework.boot.test.mock.mockito.MockitoPostProcessor$SpyPostProcessor,org.springframework.boot.test.mock.mockito.MockitoPostProcessor,javaTutorApplication,org.springframework.boot.autoconfigure.internalCachingMetadataReaderFactory,org.springframework.boot.autoconfigure.AutoConfigurationPackages,org.springframework.boot.autoconfigure.condition.BeanTypeRegistry,org.springframework.boot.autoconfigure.mongo.MongoAutoConfiguration,mongo,spring.data.mongodb-org.springframework.boot.autoconfigure.mongo.MongoProperties,org.springframework.boot.context.properties.ConfigurationPropertiesBindingPostProcessor,org.springframework.boot.context.properties.ConfigurationBeanFactoryMetadata,org.springframework.boot.autoconfigure.data.mongo.MongoDataAutoConfiguration,mongoDbFactory,mongoTemplate,mappingMongoConverter,mongoMappingContext,gridFsTemplate,mongoCustomConversions,org.springframework.boot.autoconfigure.data.mongo.MongoRepositoriesAutoConfiguration,userRepository,authorityRepository,javaQuestionRepository]; root of factory hierarchy
10:38:45,727 DEBUG org.springframework.beans.factory.support.DefaultListableBeanFactory:254 - Returning cached instance of singleton bean 'org.springframework.boot.autoconfigure.AutoConfigurationPackages'
10:38:45,727 DEBUG org.springframework.beans.factory.support.DefaultListableBeanFactory:254 - Returning cached instance of singleton bean 'org.springframework.boot.autoconfigure.AutoConfigurationPackages'
10:38:45,728 DEBUG org.springframework.beans.factory.support.DefaultListableBeanFactory:254 - Returning cached instance of singleton bean 'org.springframework.boot.autoconfigure.AutoConfigurationPackages'
10:38:45,728 DEBUG org.springframework.beans.factory.support.DefaultListableBeanFactory:254 - Returning cached instance of singleton bean 'org.springframework.boot.autoconfigure.AutoConfigurationPackages'
10:38:45,729 DEBUG org.springframework.core.env.StandardEnvironment:109 - Adding PropertySource 'systemProperties' with lowest search precedence
10:38:45,729 DEBUG org.springframework.core.env.StandardEnvironment:109 - Adding PropertySource 'systemProperties' with lowest search precedence
10:38:45,731 DEBUG org.springframework.core.env.StandardEnvironment:109 - Adding PropertySource 'systemEnvironment' with lowest search precedence
10:38:45,731 DEBUG org.springframework.core.env.StandardEnvironment:109 - Adding PropertySource 'systemEnvironment' with lowest search precedence
10:38:45,732 DEBUG org.springframework.core.env.StandardEnvironment:125 - Initialized StandardEnvironment with PropertySources [MapPropertySource@1145646086 {name='systemProperties', properties={java.runtime.name=Java(TM) SE Runtime Environment, sun.boot.library.path=C:\Program Files\Java\jdk1.8.0_131\jre\bin, java.vm.version=25.131-b11, user.country.format=UA, java.vm.vendor=Oracle Corporation, java.vendor.url=http://java.oracle.com/, path.separator=;, java.vm.name=Java HotSpot(TM) 64-Bit Server VM, file.encoding.pkg=sun.io, user.country=US, user.script=, sun.java.launcher=SUN_STANDARD, sun.os.patch.level=, PID=5372, java.vm.specification.name=Java Virtual Machine Specification, user.dir=E:\java\repos\JavaTutorAPI\javatutor, java.runtime.version=1.8.0_131-b11, basedir=E:\java\repos\JavaTutorAPI\javatutor, java.awt.graphicsenv=sun.awt.Win32GraphicsEnvironment, java.endorsed.dirs=C:\Program Files\Java\jdk1.8.0_131\jre\lib\endorsed, os.arch=amd64, surefire.real.class.path=C:\Users\MARYNA~1\AppData\Local\Temp\surefire1244754544745437156\surefirebooter7935569149334272143.jar, java.io.tmpdir=C:\Users\MARYNA~1\AppData\Local\Temp\, line.separator=
, java.vm.specification.vendor=Oracle Corporation, user.variant=, os.name=Windows 10, sun.jnu.encoding=Cp1252, spring.beaninfo.ignore=true, java.library.path=C:\Program Files\Java\jdk1.8.0_131\jre\bin;C:\WINDOWS\Sun\Java\bin;C:\WINDOWS\system32;C:\WINDOWS;C:\Users\Maryna Savchenko\bin;C:\Program Files\Git\mingw64\bin;C:\Program Files\Git\usr\local\bin;C:\Program Files\Git\usr\bin;C:\Program Files\Git\usr\bin;C:\Program Files\Git\mingw64\bin;C:\Program Files\Git\usr\bin;C:\Users\Maryna Savchenko\bin;C:\Program Files\Docker\Docker\Resources\bin;C:\ProgramData\Oracle\Java\javapath;C:\Program Files (x86)\Intel\TXE Components\TCS;C:\Program Files\Intel\TXE Components\TCS;C:\WINDOWS\system32;C:\WINDOWS;C:\WINDOWS\System32\Wbem;C:\WINDOWS\System32\WindowsPowerShell\v1.0;C:\Program Files\Intel\TXE Components\DAL;C:\Program Files (x86)\Intel\TXE Components\DAL;C:\Program Files\Intel\TXE Components\IPT;C:\Program Files (x86)\Intel\TXE Components\IPT;E:\java\apache-maven-3.5.0-bin\apache-maven-3.5.0\bin;C:\Program Files\Git\cmd;C:\Program Files\Java\jdk1.8.0_131\bin;C:\Program Files\MySQL\MySQL Utilities 1.6;C:\Program Files (x86)\bin;C:\Program Files (x86)\sbt\bin;C:\Program Files (x86)\Yarn\bin;C:\ProgramData\chocolatey\bin;C:\Program Files\nodejs;C:\Users\Maryna Savchenko\AppData\Local\Microsoft\WindowsApps;E:\java\spark-2.2.0-bin-hadoop2.7\bin;C:\Program Files\Java\jdk1.8.0_131\bin;C:\Program Files (x86)\sbt\bin;C:\winutils\bin;C:\Program Files\Docker Toolbox;C:\Users\Maryna Savchenko\AppData\Local\Yarn\bin;C:\Users\Maryna Savchenko\AppData\Roaming\npm;C:\Program Files\Git\usr\bin\vendor_perl;C:\Program Files\Git\usr\bin\core_perl;., surefire.test.class.path=E:\java\repos\JavaTutorAPI\javatutor\target\test-classes;E:\java\repos\JavaTutorAPI\javatutor\target\classes;C:\Users\Maryna Savchenko\.m2\repository\org\springframework\boot\spring-boot-starter-web\2.0.2.RELEASE\spring-boot-starter-web-2.0.2.RELEASE.jar;C:\Users\Maryna Savchenko\.m2\repository\org\springframework\boot\spring-boot-starter\2.0.2.RELEASE\spring-boot-starter-2.0.2.RELEASE.jar;C:\Users\Maryna Savchenko\.m2\repository\javax\annotation\javax.annotation-api\1.3.2\javax.annotation-api-1.3.2.jar;C:\Users\Maryna Savchenko\.m2\repository\org\yaml\snakeyaml\1.19\snakeyaml-1.19.jar;C:\Users\Maryna Savchenko\.m2\repository\org\springframework\boot\spring-boot-starter-json\2.0.2.RELEASE\spring-boot-starter-json-2.0.2.RELEASE.jar;C:\Users\Maryna Savchenko\.m2\repository\com\fasterxml\jackson\core\jackson-databind\2.9.5\jackson-databind-2.9.5.jar;C:\Users\Maryna Savchenko\.m2\repository\com\fasterxml\jackson\core\jackson-annotations\2.9.0\jackson-annotations-2.9.0.jar;C:\Users\Maryna Savchenko\.m2\repository\com\fasterxml\jackson\core\jackson-core\2.9.5\jackson-core-2.9.5.jar;C:\Users\Maryna Savchenko\.m2\repository\com\fasterxml\jackson\datatype\jackson-datatype-jdk8\2.9.5\jackson-datatype-jdk8-2.9.5.jar;C:\Users\Maryna Savchenko\.m2\repository\com\fasterxml\jackson\datatype\jackson-datatype-jsr310\2.9.5\jackson-datatype-jsr310-2.9.5.jar;C:\Users\Maryna Savchenko\.m2\repository\com\fasterxml\jackson\module\jackson-module-parameter-names\2.9.5\jackson-module-parameter-names-2.9.5.jar;C:\Users\Maryna Savchenko\.m2\repository\org\springframework\boot\spring-boot-starter-tomcat\2.0.2.RELEASE\spring-boot-starter-tomcat-2.0.2.RELEASE.jar;C:\Users\Maryna Savchenko\.m2\repository\org\apache\tomcat\embed\tomcat-embed-websocket\8.5.31\tomcat-embed-websocket-8.5.31.jar;C:\Users\Maryna Savchenko\.m2\repository\org\hibernate\validator\hibernate-validator\6.0.9.Final\hibernate-validator-6.0.9.Final.jar;C:\Users\Maryna Savchenko\.m2\repository\javax\validation\validation-api\2.0.1.Final\validation-api-2.0.1.Final.jar;C:\Users\Maryna Savchenko\.m2\repository\org\jboss\logging\jboss-logging\3.3.2.Final\jboss-logging-3.3.2.Final.jar;C:\Users\Maryna Savchenko\.m2\repository\com\fasterxml\classmate\1.3.4\classmate-1.3.4.jar;C:\Users\Maryna Savchenko\.m2\repository\org\springframework\spring-web\5.0.6.RELEASE\spring-web-5.0.6.RELEASE.jar;C:\Users\Maryna Savchenko\.m2\repository\org\springframework\spring-beans\5.0.6.RELEASE\spring-beans-5.0.6.RELEASE.jar;C:\Users\Maryna Savchenko\.m2\repository\org\springframework\spring-webmvc\5.0.6.RELEASE\spring-webmvc-5.0.6.RELEASE.jar;C:\Users\Maryna Savchenko\.m2\repository\org\springframework\spring-context\5.0.6.RELEASE\spring-context-5.0.6.RELEASE.jar;C:\Users\Maryna Savchenko\.m2\repository\org\springframework\spring-expression\5.0.6.RELEASE\spring-expression-5.0.6.RELEASE.jar;C:\Users\Maryna Savchenko\.m2\repository\org\slf4j\jcl-over-slf4j\1.7.25\jcl-over-slf4j-1.7.25.jar;C:\Users\Maryna Savchenko\.m2\repository\org\slf4j\slf4j-api\1.7.25\slf4j-api-1.7.25.jar;C:\Users\Maryna Savchenko\.m2\repository\org\slf4j\jul-to-slf4j\1.7.25\jul-to-slf4j-1.7.25.jar;C:\Users\Maryna Savchenko\.m2\repository\org\slf4j\slf4j-log4j12\1.7.25\slf4j-log4j12-1.7.25.jar;C:\Users\Maryna Savchenko\.m2\repository\log4j\log4j\1.2.17\log4j-1.2.17.jar;C:\Users\Maryna Savchenko\.m2\repository\org\springframework\boot\spring-boot-starter-data-mongodb\2.0.2.RELEASE\spring-boot-starter-data-mongodb-2.0.2.RELEASE.jar;C:\Users\Maryna Savchenko\.m2\repository\org\mongodb\mongodb-driver\3.6.0\mongodb-driver-3.6.0.jar;C:\Users\Maryna Savchenko\.m2\repository\org\mongodb\bson\3.6.0\bson-3.6.0.jar;C:\Users\Maryna Savchenko\.m2\repository\org\mongodb\mongodb-driver-core\3.6.0\mongodb-driver-core-3.6.0.jar;C:\Users\Maryna Savchenko\.m2\repository\org\springframework\data\spring-data-mongodb\2.0.7.RELEASE\spring-data-mongodb-2.0.7.RELEASE.jar;C:\Users\Maryna Savchenko\.m2\repository\org\springframework\spring-tx\5.0.6.RELEASE\spring-tx-5.0.6.RELEASE.jar;C:\Users\Maryna Savchenko\.m2\repository\org\springframework\data\spring-data-commons\2.0.7.RELEASE\spring-data-commons-2.0.7.RELEASE.jar;C:\Users\Maryna Savchenko\.m2\repository\org\springframework\boot\spring-boot-starter-actuator\2.0.2.RELEASE\spring-boot-starter-actuator-2.0.2.RELEASE.jar;C:\Users\Maryna Savchenko\.m2\repository\org\springframework\boot\spring-boot-actuator-autoconfigure\2.0.2.RELEASE\spring-boot-actuator-autoconfigure-2.0.2.RELEASE.jar;C:\Users\Maryna Savchenko\.m2\repository\org\springframework\boot\spring-boot-actuator\2.0.2.RELEASE\spring-boot-actuator-2.0.2.RELEASE.jar;C:\Users\Maryna Savchenko\.m2\repository\io\micrometer\micrometer-core\1.0.4\micrometer-core-1.0.4.jar;C:\Users\Maryna Savchenko\.m2\repository\org\hdrhistogram\HdrHistogram\2.1.10\HdrHistogram-2.1.10.jar;C:\Users\Maryna Savchenko\.m2\repository\org\latencyutils\LatencyUtils\2.0.3\LatencyUtils-2.0.3.jar;C:\Users\Maryna Savchenko\.m2\repository\org\springframework\boot\spring-boot-starter-security\2.0.2.RELEASE\spring-boot-starter-security-2.0.2.RELEASE.jar;C:\Users\Maryna Savchenko\.m2\repository\org\springframework\spring-aop\5.0.6.RELEASE\spring-aop-5.0.6.RELEASE.jar;C:\Users\Maryna Savchenko\.m2\repository\org\springframework\security\spring-security-config\5.0.5.RELEASE\spring-security-config-5.0.5.RELEASE.jar;C:\Users\Maryna Savchenko\.m2\repository\org\springframework\security\spring-security-web\5.0.5.RELEASE\spring-security-web-5.0.5.RELEASE.jar;C:\Users\Maryna Savchenko\.m2\repository\org\springframework\security\spring-security-test\5.0.5.RELEASE\spring-security-test-5.0.5.RELEASE.jar;C:\Users\Maryna Savchenko\.m2\repository\org\springframework\security\spring-security-core\5.0.5.RELEASE\spring-security-core-5.0.5.RELEASE.jar;C:\Users\Maryna Savchenko\.m2\repository\org\springframework\spring-core\5.0.6.RELEASE\spring-core-5.0.6.RELEASE.jar;C:\Users\Maryna Savchenko\.m2\repository\org\springframework\spring-jcl\5.0.6.RELEASE\spring-jcl-5.0.6.RELEASE.jar;C:\Users\Maryna Savchenko\.m2\repository\org\springframework\spring-test\5.0.6.RELEASE\spring-test-5.0.6.RELEASE.jar;C:\Users\Maryna Savchenko\.m2\repository\org\springframework\boot\spring-boot-devtools\2.0.2.RELEASE\spring-boot-devtools-2.0.2.RELEASE.jar;C:\Users\Maryna Savchenko\.m2\repository\org\springframework\boot\spring-boot\2.0.2.RELEASE\spring-boot-2.0.2.RELEASE.jar;C:\Users\Maryna Savchenko\.m2\repository\org\springframework\boot\spring-boot-autoconfigure\2.0.2.RELEASE\spring-boot-autoconfigure-2.0.2.RELEASE.jar;C:\Users\Maryna Savchenko\.m2\repository\org\springframework\boot\spring-boot-starter-test\2.0.2.RELEASE\spring-boot-starter-test-2.0.2.RELEASE.jar;C:\Users\Maryna Savchenko\.m2\repository\org\springframework\boot\spring-boot-test\2.0.2.RELEASE\spring-boot-test-2.0.2.RELEASE.jar;C:\Users\Maryna Savchenko\.m2\repository\org\springframework\boot\spring-boot-test-autoconfigure\2.0.2.RELEASE\spring-boot-test-autoconfigure-2.0.2.RELEASE.jar;C:\Users\Maryna Savchenko\.m2\repository\com\jayway\jsonpath\json-path\2.4.0\json-path-2.4.0.jar;C:\Users\Maryna Savchenko\.m2\repository\net\minidev\json-smart\2.3\json-smart-2.3.jar;C:\Users\Maryna Savchenko\.m2\repository\net\minidev\accessors-smart\1.2\accessors-smart-1.2.jar;C:\Users\Maryna Savchenko\.m2\repository\org\ow2\asm\asm\5.0.4\asm-5.0.4.jar;C:\Users\Maryna Savchenko\.m2\repository\org\assertj\assertj-core\3.9.1\assertj-core-3.9.1.jar;C:\Users\Maryna Savchenko\.m2\repository\org\mockito\mockito-core\2.15.0\mockito-core-2.15.0.jar;C:\Users\Maryna Savchenko\.m2\repository\net\bytebuddy\byte-buddy\1.7.11\byte-buddy-1.7.11.jar;C:\Users\Maryna Savchenko\.m2\repository\net\bytebuddy\byte-buddy-agent\1.7.11\byte-buddy-agent-1.7.11.jar;C:\Users\Maryna Savchenko\.m2\repository\org\objenesis\objenesis\2.6\objenesis-2.6.jar;C:\Users\Maryna Savchenko\.m2\repository\org\hamcrest\hamcrest-core\1.3\hamcrest-core-1.3.jar;C:\Users\Maryna Savchenko\.m2\repository\org\hamcrest\hamcrest-library\1.3\hamcrest-library-1.3.jar;C:\Users\Maryna Savchenko\.m2\repository\org\skyscreamer\jsonassert\1.5.0\jsonassert-1.5.0.jar;C:\Users\Maryna Savchenko\.m2\repository\com\vaadin\external\google\android-json\0.0.20131108.vaadin1\android-json-0.0.20131108.vaadin1.jar;C:\Users\Maryna Savchenko\.m2\repository\org\xmlunit\xmlunit-core\2.5.1\xmlunit-core-2.5.1.jar;C:\Users\Maryna Savchenko\.m2\repository\pl\pragmatists\JUnitParams\1.1.1\JUnitParams-1.1.1.jar;C:\Users\Maryna Savchenko\.m2\repository\org\apache\tomcat\embed\tomcat-embed-jasper\8.5.31\tomcat-embed-jasper-8.5.31.jar;C:\Users\Maryna Savchenko\.m2\repository\org\apache\tomcat\embed\tomcat-embed-core\8.5.31\tomcat-embed-core-8.5.31.jar;C:\Users\Maryna Savchenko\.m2\repository\org\apache\tomcat\tomcat-annotations-api\8.5.31\tomcat-annotations-api-8.5.31.jar;C:\Users\Maryna Savchenko\.m2\repository\org\apache\tomcat\embed\tomcat-embed-el\8.5.31\tomcat-embed-el-8.5.31.jar;C:\Users\Maryna Savchenko\.m2\repository\org\eclipse\jdt\ecj\3.12.3\ecj-3.12.3.jar;C:\Users\Maryna Savchenko\.m2\repository\junit\junit\4.12\junit-4.12.jar;C:\Users\Maryna Savchenko\.m2\repository\org\projectlombok\lombok\1.16.20\lombok-1.16.20.jar;C:\Users\Maryna Savchenko\.m2\repository\org\projectlombok\lombok-maven-plugin\1.16.20.0\lombok-maven-plugin-1.16.20.0.jar;C:\Users\Maryna Savchenko\.m2\repository\org\apache\commons\commons-lang3\3.7\commons-lang3-3.7.jar;C:\Users\Maryna Savchenko\.m2\repository\org\sonatype\plexus\plexus-build-api\0.0.7\plexus-build-api-0.0.7.jar;C:\Users\Maryna Savchenko\.m2\repository\org\codehaus\plexus\plexus-utils\1.5.8\plexus-utils-1.5.8.jar;, java.specification.name=Java Platform API Specification, java.class.version=52.0, sun.management.compiler=HotSpot 64-Bit Tiered Compilers, os.version=10.0, user.home=C:\Users\Maryna Savchenko, user.timezone=Europe/Belgrade, java.awt.printerjob=sun.awt.windows.WPrinterJob, file.encoding=Cp1252, java.specification.version=1.8, java.class.path=E:\java\repos\JavaTutorAPI\javatutor\target\test-classes;E:\java\repos\JavaTutorAPI\javatutor\target\classes;C:\Users\Maryna Savchenko\.m2\repository\org\springframework\boot\spring-boot-starter-web\2.0.2.RELEASE\spring-boot-starter-web-2.0.2.RELEASE.jar;C:\Users\Maryna Savchenko\.m2\repository\org\springframework\boot\spring-boot-starter\2.0.2.RELEASE\spring-boot-starter-2.0.2.RELEASE.jar;C:\Users\Maryna Savchenko\.m2\repository\javax\annotation\javax.annotation-api\1.3.2\javax.annotation-api-1.3.2.jar;C:\Users\Maryna Savchenko\.m2\repository\org\yaml\snakeyaml\1.19\snakeyaml-1.19.jar;C:\Users\Maryna Savchenko\.m2\repository\org\springframework\boot\spring-boot-starter-json\2.0.2.RELEASE\spring-boot-starter-json-2.0.2.RELEASE.jar;C:\Users\Maryna Savchenko\.m2\repository\com\fasterxml\jackson\core\jackson-databind\2.9.5\jackson-databind-2.9.5.jar;C:\Users\Maryna Savchenko\.m2\repository\com\fasterxml\jackson\core\jackson-annotations\2.9.0\jackson-annotations-2.9.0.jar;C:\Users\Maryna Savchenko\.m2\repository\com\fasterxml\jackson\core\jackson-core\2.9.5\jackson-core-2.9.5.jar;C:\Users\Maryna Savchenko\.m2\repository\com\fasterxml\jackson\datatype\jackson-datatype-jdk8\2.9.5\jackson-datatype-jdk8-2.9.5.jar;C:\Users\Maryna Savchenko\.m2\repository\com\fasterxml\jackson\datatype\jackson-datatype-jsr310\2.9.5\jackson-datatype-jsr310-2.9.5.jar;C:\Users\Maryna Savchenko\.m2\repository\com\fasterxml\jackson\module\jackson-module-parameter-names\2.9.5\jackson-module-parameter-names-2.9.5.jar;C:\Users\Maryna Savchenko\.m2\repository\org\springframework\boot\spring-boot-starter-tomcat\2.0.2.RELEASE\spring-boot-starter-tomcat-2.0.2.RELEASE.jar;C:\Users\Maryna Savchenko\.m2\repository\org\apache\tomcat\embed\tomcat-embed-websocket\8.5.31\tomcat-embed-websocket-8.5.31.jar;C:\Users\Maryna Savchenko\.m2\repository\org\hibernate\validator\hibernate-validator\6.0.9.Final\hibernate-validator-6.0.9.Final.jar;C:\Users\Maryna Savchenko\.m2\repository\javax\validation\validation-api\2.0.1.Final\validation-api-2.0.1.Final.jar;C:\Users\Maryna Savchenko\.m2\repository\org\jboss\logging\jboss-logging\3.3.2.Final\jboss-logging-3.3.2.Final.jar;C:\Users\Maryna Savchenko\.m2\repository\com\fasterxml\classmate\1.3.4\classmate-1.3.4.jar;C:\Users\Maryna Savchenko\.m2\repository\org\springframework\spring-web\5.0.6.RELEASE\spring-web-5.0.6.RELEASE.jar;C:\Users\Maryna Savchenko\.m2\repository\org\springframework\spring-beans\5.0.6.RELEASE\spring-beans-5.0.6.RELEASE.jar;C:\Users\Maryna Savchenko\.m2\repository\org\springframework\spring-webmvc\5.0.6.RELEASE\spring-webmvc-5.0.6.RELEASE.jar;C:\Users\Maryna Savchenko\.m2\repository\org\springframework\spring-context\5.0.6.RELEASE\spring-context-5.0.6.RELEASE.jar;C:\Users\Maryna Savchenko\.m2\repository\org\springframework\spring-expression\5.0.6.RELEASE\spring-expression-5.0.6.RELEASE.jar;C:\Users\Maryna Savchenko\.m2\repository\org\slf4j\jcl-over-slf4j\1.7.25\jcl-over-slf4j-1.7.25.jar;C:\Users\Maryna Savchenko\.m2\repository\org\slf4j\slf4j-api\1.7.25\slf4j-api-1.7.25.jar;C:\Users\Maryna Savchenko\.m2\repository\org\slf4j\jul-to-slf4j\1.7.25\jul-to-slf4j-1.7.25.jar;C:\Users\Maryna Savchenko\.m2\repository\org\slf4j\slf4j-log4j12\1.7.25\slf4j-log4j12-1.7.25.jar;C:\Users\Maryna Savchenko\.m2\repository\log4j\log4j\1.2.17\log4j-1.2.17.jar;C:\Users\Maryna Savchenko\.m2\repository\org\springframework\boot\spring-boot-starter-data-mongodb\2.0.2.RELEASE\spring-boot-starter-data-mongodb-2.0.2.RELEASE.jar;C:\Users\Maryna Savchenko\.m2\repository\org\mongodb\mongodb-driver\3.6.0\mongodb-driver-3.6.0.jar;C:\Users\Maryna Savchenko\.m2\repository\org\mongodb\bson\3.6.0\bson-3.6.0.jar;C:\Users\Maryna Savchenko\.m2\repository\org\mongodb\mongodb-driver-core\3.6.0\mongodb-driver-core-3.6.0.jar;C:\Users\Maryna Savchenko\.m2\repository\org\springframework\data\spring-data-mongodb\2.0.7.RELEASE\spring-data-mongodb-2.0.7.RELEASE.jar;C:\Users\Maryna Savchenko\.m2\repository\org\springframework\spring-tx\5.0.6.RELEASE\spring-tx-5.0.6.RELEASE.jar;C:\Users\Maryna Savchenko\.m2\repository\org\springframework\data\spring-data-commons\2.0.7.RELEASE\spring-data-commons-2.0.7.RELEASE.jar;C:\Users\Maryna Savchenko\.m2\repository\org\springframework\boot\spring-boot-starter-actuator\2.0.2.RELEASE\spring-boot-starter-actuator-2.0.2.RELEASE.jar;C:\Users\Maryna Savchenko\.m2\repository\org\springframework\boot\spring-boot-actuator-autoconfigure\2.0.2.RELEASE\spring-boot-actuator-autoconfigure-2.0.2.RELEASE.jar;C:\Users\Maryna Savchenko\.m2\repository\org\springframework\boot\spring-boot-actuator\2.0.2.RELEASE\spring-boot-actuator-2.0.2.RELEASE.jar;C:\Users\Maryna Savchenko\.m2\repository\io\micrometer\micrometer-core\1.0.4\micrometer-core-1.0.4.jar;C:\Users\Maryna Savchenko\.m2\repository\org\hdrhistogram\HdrHistogram\2.1.10\HdrHistogram-2.1.10.jar;C:\Users\Maryna Savchenko\.m2\repository\org\latencyutils\LatencyUtils\2.0.3\LatencyUtils-2.0.3.jar;C:\Users\Maryna Savchenko\.m2\repository\org\springframework\boot\spring-boot-starter-security\2.0.2.RELEASE\spring-boot-starter-security-2.0.2.RELEASE.jar;C:\Users\Maryna Savchenko\.m2\repository\org\springframework\spring-aop\5.0.6.RELEASE\spring-aop-5.0.6.RELEASE.jar;C:\Users\Maryna Savchenko\.m2\repository\org\springframework\security\spring-security-config\5.0.5.RELEASE\spring-security-config-5.0.5.RELEASE.jar;C:\Users\Maryna Savchenko\.m2\repository\org\springframework\security\spring-security-web\5.0.5.RELEASE\spring-security-web-5.0.5.RELEASE.jar;C:\Users\Maryna Savchenko\.m2\repository\org\springframework\security\spring-security-test\5.0.5.RELEASE\spring-security-test-5.0.5.RELEASE.jar;C:\Users\Maryna Savchenko\.m2\repository\org\springframework\security\spring-security-core\5.0.5.RELEASE\spring-security-core-5.0.5.RELEASE.jar;C:\Users\Maryna Savchenko\.m2\repository\org\springframework\spring-core\5.0.6.RELEASE\spring-core-5.0.6.RELEASE.jar;C:\Users\Maryna Savchenko\.m2\repository\org\springframework\spring-jcl\5.0.6.RELEASE\spring-jcl-5.0.6.RELEASE.jar;C:\Users\Maryna Savchenko\.m2\repository\org\springframework\spring-test\5.0.6.RELEASE\spring-test-5.0.6.RELEASE.jar;C:\Users\Maryna Savchenko\.m2\repository\org\springframework\boot\spring-boot-devtools\2.0.2.RELEASE\spring-boot-devtools-2.0.2.RELEASE.jar;C:\Users\Maryna Savchenko\.m2\repository\org\springframework\boot\spring-boot\2.0.2.RELEASE\spring-boot-2.0.2.RELEASE.jar;C:\Users\Maryna Savchenko\.m2\repository\org\springframework\boot\spring-boot-autoconfigure\2.0.2.RELEASE\spring-boot-autoconfigure-2.0.2.RELEASE.jar;C:\Users\Maryna Savchenko\.m2\repository\org\springframework\boot\spring-boot-starter-test\2.0.2.RELEASE\spring-boot-starter-test-2.0.2.RELEASE.jar;C:\Users\Maryna Savchenko\.m2\repository\org\springframework\boot\spring-boot-test\2.0.2.RELEASE\spring-boot-test-2.0.2.RELEASE.jar;C:\Users\Maryna Savchenko\.m2\repository\org\springframework\boot\spring-boot-test-autoconfigure\2.0.2.RELEASE\spring-boot-test-autoconfigure-2.0.2.RELEASE.jar;C:\Users\Maryna Savchenko\.m2\repository\com\jayway\jsonpath\json-path\2.4.0\json-path-2.4.0.jar;C:\Users\Maryna Savchenko\.m2\repository\net\minidev\json-smart\2.3\json-smart-2.3.jar;C:\Users\Maryna Savchenko\.m2\repository\net\minidev\accessors-smart\1.2\accessors-smart-1.2.jar;C:\Users\Maryna Savchenko\.m2\repository\org\ow2\asm\asm\5.0.4\asm-5.0.4.jar;C:\Users\Maryna Savchenko\.m2\repository\org\assertj\assertj-core\3.9.1\assertj-core-3.9.1.jar;C:\Users\Maryna Savchenko\.m2\repository\org\mockito\mockito-core\2.15.0\mockito-core-2.15.0.jar;C:\Users\Maryna Savchenko\.m2\repository\net\bytebuddy\byte-buddy\1.7.11\byte-buddy-1.7.11.jar;C:\Users\Maryna Savchenko\.m2\repository\net\bytebuddy\byte-buddy-agent\1.7.11\byte-buddy-agent-1.7.11.jar;C:\Users\Maryna Savchenko\.m2\repository\org\objenesis\objenesis\2.6\objenesis-2.6.jar;C:\Users\Maryna Savchenko\.m2\repository\org\hamcrest\hamcrest-core\1.3\hamcrest-core-1.3.jar;C:\Users\Maryna Savchenko\.m2\repository\org\hamcrest\hamcrest-library\1.3\hamcrest-library-1.3.jar;C:\Users\Maryna Savchenko\.m2\repository\org\skyscreamer\jsonassert\1.5.0\jsonassert-1.5.0.jar;C:\Users\Maryna Savchenko\.m2\repository\com\vaadin\external\google\android-json\0.0.20131108.vaadin1\android-json-0.0.20131108.vaadin1.jar;C:\Users\Maryna Savchenko\.m2\repository\org\xmlunit\xmlunit-core\2.5.1\xmlunit-core-2.5.1.jar;C:\Users\Maryna Savchenko\.m2\repository\pl\pragmatists\JUnitParams\1.1.1\JUnitParams-1.1.1.jar;C:\Users\Maryna Savchenko\.m2\repository\org\apache\tomcat\embed\tomcat-embed-jasper\8.5.31\tomcat-embed-jasper-8.5.31.jar;C:\Users\Maryna Savchenko\.m2\repository\org\apache\tomcat\embed\tomcat-embed-core\8.5.31\tomcat-embed-core-8.5.31.jar;C:\Users\Maryna Savchenko\.m2\repository\org\apache\tomcat\tomcat-annotations-api\8.5.31\tomcat-annotations-api-8.5.31.jar;C:\Users\Maryna Savchenko\.m2\repository\org\apache\tomcat\embed\tomcat-embed-el\8.5.31\tomcat-embed-el-8.5.31.jar;C:\Users\Maryna Savchenko\.m2\repository\org\eclipse\jdt\ecj\3.12.3\ecj-3.12.3.jar;C:\Users\Maryna Savchenko\.m2\repository\junit\junit\4.12\junit-4.12.jar;C:\Users\Maryna Savchenko\.m2\repository\org\projectlombok\lombok\1.16.20\lombok-1.16.20.jar;C:\Users\Maryna Savchenko\.m2\repository\org\projectlombok\lombok-maven-plugin\1.16.20.0\lombok-maven-plugin-1.16.20.0.jar;C:\Users\Maryna Savchenko\.m2\repository\org\apache\commons\commons-lang3\3.7\commons-lang3-3.7.jar;C:\Users\Maryna Savchenko\.m2\repository\org\sonatype\plexus\plexus-build-api\0.0.7\plexus-build-api-0.0.7.jar;C:\Users\Maryna Savchenko\.m2\repository\org\codehaus\plexus\plexus-utils\1.5.8\plexus-utils-1.5.8.jar;, user.name=Maryna Savchenko, java.vm.specification.version=1.8, sun.java.command=C:\Users\MARYNA~1\AppData\Local\Temp\surefire1244754544745437156\surefirebooter7935569149334272143.jar C:\Users\Maryna Savchenko\AppData\Local\Temp\surefire1244754544745437156 2018-10-11T10-37-06_854-jvmRun1 surefire6084229711424990350tmp surefire_01445494788152468973tmp, java.home=C:\Program Files\Java\jdk1.8.0_131\jre, sun.arch.data.model=64, user.language=en, java.specification.vendor=Oracle Corporation, user.language.format=uk, awt.toolkit=sun.awt.windows.WToolkit, java.vm.info=mixed mode, java.version=1.8.0_131, java.ext.dirs=C:\Program Files\Java\jdk1.8.0_131\jre\lib\ext;C:\WINDOWS\Sun\Java\lib\ext, sun.boot.class.path=C:\Program Files\Java\jdk1.8.0_131\jre\lib\resources.jar;C:\Program Files\Java\jdk1.8.0_131\jre\lib\rt.jar;C:\Program Files\Java\jdk1.8.0_131\jre\lib\sunrsasign.jar;C:\Program Files\Java\jdk1.8.0_131\jre\lib\jsse.jar;C:\Program Files\Java\jdk1.8.0_131\jre\lib\jce.jar;C:\Program Files\Java\jdk1.8.0_131\jre\lib\charsets.jar;C:\Program Files\Java\jdk1.8.0_131\jre\lib\jfr.jar;C:\Program Files\Java\jdk1.8.0_131\jre\classes, java.awt.headless=true, java.vendor=Oracle Corporation, localRepository=C:\Users\Maryna Savchenko\.m2\repository, file.separator=\, java.vendor.url.bug=http://bugreport.sun.com/bugreport/, sun.io.unicode.encoding=UnicodeLittle, sun.cpu.endian=little, sun.desktop=windows, sun.cpu.isalist=amd64}}, SystemEnvironmentPropertySource@1548162287 {name='systemEnvironment', properties={PATH=C:\Users\Maryna Savchenko\bin;C:\Program Files\Git\mingw64\bin;C:\Program Files\Git\usr\local\bin;C:\Program Files\Git\usr\bin;C:\Program Files\Git\usr\bin;C:\Program Files\Git\mingw64\bin;C:\Program Files\Git\usr\bin;C:\Users\Maryna Savchenko\bin;C:\Program Files\Docker\Docker\Resources\bin;C:\ProgramData\Oracle\Java\javapath;C:\Program Files (x86)\Intel\TXE Components\TCS;C:\Program Files\Intel\TXE Components\TCS;C:\WINDOWS\system32;C:\WINDOWS;C:\WINDOWS\System32\Wbem;C:\WINDOWS\System32\WindowsPowerShell\v1.0;C:\Program Files\Intel\TXE Components\DAL;C:\Program Files (x86)\Intel\TXE Components\DAL;C:\Program Files\Intel\TXE Components\IPT;C:\Program Files (x86)\Intel\TXE Components\IPT;E:\java\apache-maven-3.5.0-bin\apache-maven-3.5.0\bin;C:\Program Files\Git\cmd;C:\Program Files\Java\jdk1.8.0_131\bin;C:\Program Files\MySQL\MySQL Utilities 1.6;C:\Program Files (x86)\bin;C:\Program Files (x86)\sbt\bin;C:\Program Files (x86)\Yarn\bin;C:\ProgramData\chocolatey\bin;C:\Program Files\nodejs;C:\Users\Maryna Savchenko\AppData\Local\Microsoft\WindowsApps;E:\java\spark-2.2.0-bin-hadoop2.7\bin;C:\Program Files\Java\jdk1.8.0_131\bin;C:\Program Files (x86)\sbt\bin;C:\winutils\bin;C:\Program Files\Docker Toolbox;C:\Users\Maryna Savchenko\AppData\Local\Yarn\bin;C:\Users\Maryna Savchenko\AppData\Roaming\npm;C:\Program Files\Git\usr\bin\vendor_perl;C:\Program Files\Git\usr\bin\core_perl, USERDOMAIN_ROAMINGPROFILE=BigBrother, PKG_CONFIG_PATH=C:\Program Files\Git\mingw64\lib\pkgconfig;C:\Program Files\Git\mingw64\share\pkgconfig, MSYSTEM_PREFIX=C:/Program Files/Git/mingw64, PROCESSOR_LEVEL=6, SYSTEMDRIVE=C:, CONFIG_SITE=C:/Program Files/Git/mingw64/etc/config.site, FP_NO_HOST_CHECK=NO, POSTGIS_GDAL_ENABLED_DRIVERS=GTiff PNG JPEG GIF XYZ DTED USGSDEM AAIGrid, SESSIONNAME=Console, ALLUSERSPROFILE=C:\ProgramData, GDAL_DATA=C:\Program Files\PostgreSQL\9.6\gdal-data, PROCESSOR_ARCHITECTURE=AMD64, MSYSTEM_CHOST=x86_64-w64-mingw32, =E:=E:\java\repos\JavaTutorAPI\javatutor, ORIGINAL_TEMP=C:/Users/MARYNA~1/AppData/Local/Temp, PROGRAMFILES=C:\Program Files, POSTGIS_ENABLE_OUTDB_RASTERS=1, PSMODULEPATH=C:\WINDOWS\system32\WindowsPowerShell\v1.0\Modules\, PROGRAMDATA=C:\ProgramData, CHOCOLATEYLASTPATHUPDATE=?? ??? 24 11:36:27 2018, USERNAME=Maryna Savchenko, PWD=E:/java/repos/JavaTutorAPI/javatutor, INFOPATH=C:\Program Files\Git\usr\local\info;C:\Program Files\Git\usr\share\info;C:\Program Files\Git\usr\info;C:\Program Files\Git\share\info, FPS_BROWSER_USER_PROFILE_STRING=Default, ONEDRIVE=C:\Users\Maryna Savchenko\OneDrive, PATHEXT=.COM;.EXE;.BAT;.CMD;.VBS;.VBE;.JS;.JSE;.WSF;.WSH;.MSC, SHELL=C:\Program Files\Git\usr\bin\bash.exe, ORIGINAL_TMP=C:/Users/MARYNA~1/AppData/Local/Temp, OLDPWD=E:/java/repos/JavaTutorAPI/javatutor, TMPDIR=C:\Users\MARYNA~1\AppData\Local\Temp, WINDIR=C:\WINDOWS, SSH_ASKPASS=C:/Program Files/Git/mingw64/libexec/git-core/git-gui--askpass, HOMEPATH=\Users\Maryna Savchenko, PROCESSOR_IDENTIFIER=Intel64 Family 6 Model 76 Stepping 3, GenuineIntel, HADOOP_HOME=C:\winutils, M2_HOME=E:\java\apache-maven-3.5.0-bin\apache-maven-3.5.0, PUBLIC=C:\Users\Public, MINGW_CHOST=x86_64-w64-mingw32, =::=::\, EXEPATH=C:\Program Files\Git, SHLVL=1, LOCALAPPDATA=C:\Users\Maryna Savchenko\AppData\Local, ORIGINAL_PATH=C:\Program Files\Git\mingw64\bin;C:\Program Files\Git\usr\bin;C:\Users\Maryna Savchenko\bin;C:\Program Files\Docker\Docker\Resources\bin;C:\ProgramData\Oracle\Java\javapath;C:\Program Files (x86)\Intel\TXE Components\TCS;C:\Program Files\Intel\TXE Components\TCS;C:\WINDOWS\system32;C:\WINDOWS;C:\WINDOWS\System32\Wbem;C:\WINDOWS\System32\WindowsPowerShell\v1.0;C:\Program Files\Intel\TXE Components\DAL;C:\Program Files (x86)\Intel\TXE Components\DAL;C:\Program Files\Intel\TXE Components\IPT;C:\Program Files (x86)\Intel\TXE Components\IPT;E:\java\apache-maven-3.5.0-bin\apache-maven-3.5.0\bin;C:\Program Files\Git\cmd;C:\Program Files\Java\jdk1.8.0_131\bin;C:\Program Files\MySQL\MySQL Utilities 1.6;C:\Program Files (x86)\bin;C:\Program Files (x86)\sbt\bin;C:\Program Files (x86)\Yarn\bin;C:\ProgramData\chocolatey\bin;C:\Program Files\nodejs;C:\Users\Maryna Savchenko\AppData\Local\Microsoft\WindowsApps;E:\java\spark-2.2.0-bin-hadoop2.7\bin;C:\Program Files\Java\jdk1.8.0_131\bin;C:\Program Files (x86)\sbt\bin;C:\winutils\bin;C:\Program Files\Docker Toolbox;C:\Users\Maryna Savchenko\AppData\Local\Yarn\bin;C:\Users\Maryna Savchenko\AppData\Roaming\npm, MANPATH=C:\Program Files\Git\mingw64\share\man;C:\Program Files\Git\usr\local\man;C:\Program Files\Git\usr\share\man;C:\Program Files\Git\usr\man;C:\Program Files\Git\share\man, COMMONPROGRAMFILES(X86)=C:\Program Files (x86)\Common Files, MINGW_PACKAGE_PREFIX=mingw-w64-x86_64, USERDOMAIN=BigBrother, FPS_BROWSER_APP_PROFILE_STRING=Internet Explorer, LOGONSERVER=\\BIGBROTHER, JAVA_HOME=C:/Program Files/Java/jdk1.8.0_131, PLINK_PROTOCOL=ssh, PROMPT=$P$G, PROGRAMFILES(X86)=C:\Program Files (x86), TERM=xterm, LANG=en_US.UTF-8, MINGW_PREFIX=C:/Program Files/Git/mingw64, DISPLAY=needs-to-be-defined, MSYSTEM=MINGW64, APPDATA=C:\Users\Maryna Savchenko\AppData\Roaming, SPARK_HOME=E:\java\spark-2.2.0-bin-hadoop2.7, PROGRAMW6432=C:\Program Files, SYSTEMROOT=C:\WINDOWS, CHOCOLATEYINSTALL=C:\ProgramData\chocolatey, MAVEN_CMD_LINE_ARGS= test, SCALA_HOME=C:\Program Files (x86)\sbt, VBOX_MSI_INSTALL_PATH=C:\Program Files\Oracle\VirtualBox\, OS=Windows_NT, COMMONPROGRAMW6432=C:\Program Files\Common Files, COMPUTERNAME=BIGBROTHER, COMMONPROGRAMFILES=C:\Program Files\Common Files, COMSPEC=C:\WINDOWS\system32\cmd.exe, SBT_HOME=C:\Program Files (x86)\sbt\, MAVEN_PROJECTBASEDIR=E:/java/repos/JavaTutorAPI/javatutor, PROCESSOR_REVISION=4c03, ACLOCAL_PATH=C:\Program Files\Git\mingw64\share\aclocal;C:\Program Files\Git\usr\share\aclocal, MSYSTEM_CARCH=x86_64, PRINTER=Foxit Reader PDF Printer, TEMP=C:\Users\MARYNA~1\AppData\Local\Temp, HOSTNAME=BigBrother, HOMEDRIVE=C:, USERPROFILE=C:\Users\Maryna Savchenko, TMP=C:\Users\MARYNA~1\AppData\Local\Temp, NUMBER_OF_PROCESSORS=4, DOCKER_TOOLBOX_INSTALL_PATH=C:\Program Files\Docker Toolbox, HOME=C:\Users\Maryna Savchenko}}]
10:38:45,732 DEBUG org.springframework.core.env.StandardEnvironment:125 - Initialized StandardEnvironment with PropertySources [MapPropertySource@1145646086 {name='systemProperties', properties={java.runtime.name=Java(TM) SE Runtime Environment, sun.boot.library.path=C:\Program Files\Java\jdk1.8.0_131\jre\bin, java.vm.version=25.131-b11, user.country.format=UA, java.vm.vendor=Oracle Corporation, java.vendor.url=http://java.oracle.com/, path.separator=;, java.vm.name=Java HotSpot(TM) 64-Bit Server VM, file.encoding.pkg=sun.io, user.country=US, user.script=, sun.java.launcher=SUN_STANDARD, sun.os.patch.level=, PID=5372, java.vm.specification.name=Java Virtual Machine Specification, user.dir=E:\java\repos\JavaTutorAPI\javatutor, java.runtime.version=1.8.0_131-b11, basedir=E:\java\repos\JavaTutorAPI\javatutor, java.awt.graphicsenv=sun.awt.Win32GraphicsEnvironment, java.endorsed.dirs=C:\Program Files\Java\jdk1.8.0_131\jre\lib\endorsed, os.arch=amd64, surefire.real.class.path=C:\Users\MARYNA~1\AppData\Local\Temp\surefire1244754544745437156\surefirebooter7935569149334272143.jar, java.io.tmpdir=C:\Users\MARYNA~1\AppData\Local\Temp\, line.separator=
, java.vm.specification.vendor=Oracle Corporation, user.variant=, os.name=Windows 10, sun.jnu.encoding=Cp1252, spring.beaninfo.ignore=true, java.library.path=C:\Program Files\Java\jdk1.8.0_131\jre\bin;C:\WINDOWS\Sun\Java\bin;C:\WINDOWS\system32;C:\WINDOWS;C:\Users\Maryna Savchenko\bin;C:\Program Files\Git\mingw64\bin;C:\Program Files\Git\usr\local\bin;C:\Program Files\Git\usr\bin;C:\Program Files\Git\usr\bin;C:\Program Files\Git\mingw64\bin;C:\Program Files\Git\usr\bin;C:\Users\Maryna Savchenko\bin;C:\Program Files\Docker\Docker\Resources\bin;C:\ProgramData\Oracle\Java\javapath;C:\Program Files (x86)\Intel\TXE Components\TCS;C:\Program Files\Intel\TXE Components\TCS;C:\WINDOWS\system32;C:\WINDOWS;C:\WINDOWS\System32\Wbem;C:\WINDOWS\System32\WindowsPowerShell\v1.0;C:\Program Files\Intel\TXE Components\DAL;C:\Program Files (x86)\Intel\TXE Components\DAL;C:\Program Files\Intel\TXE Components\IPT;C:\Program Files (x86)\Intel\TXE Components\IPT;E:\java\apache-maven-3.5.0-bin\apache-maven-3.5.0\bin;C:\Program Files\Git\cmd;C:\Program Files\Java\jdk1.8.0_131\bin;C:\Program Files\MySQL\MySQL Utilities 1.6;C:\Program Files (x86)\bin;C:\Program Files (x86)\sbt\bin;C:\Program Files (x86)\Yarn\bin;C:\ProgramData\chocolatey\bin;C:\Program Files\nodejs;C:\Users\Maryna Savchenko\AppData\Local\Microsoft\WindowsApps;E:\java\spark-2.2.0-bin-hadoop2.7\bin;C:\Program Files\Java\jdk1.8.0_131\bin;C:\Program Files (x86)\sbt\bin;C:\winutils\bin;C:\Program Files\Docker Toolbox;C:\Users\Maryna Savchenko\AppData\Local\Yarn\bin;C:\Users\Maryna Savchenko\AppData\Roaming\npm;C:\Program Files\Git\usr\bin\vendor_perl;C:\Program Files\Git\usr\bin\core_perl;., surefire.test.class.path=E:\java\repos\JavaTutorAPI\javatutor\target\test-classes;E:\java\repos\JavaTutorAPI\javatutor\target\classes;C:\Users\Maryna Savchenko\.m2\repository\org\springframework\boot\spring-boot-starter-web\2.0.2.RELEASE\spring-boot-starter-web-2.0.2.RELEASE.jar;C:\Users\Maryna Savchenko\.m2\repository\org\springframework\boot\spring-boot-starter\2.0.2.RELEASE\spring-boot-starter-2.0.2.RELEASE.jar;C:\Users\Maryna Savchenko\.m2\repository\javax\annotation\javax.annotation-api\1.3.2\javax.annotation-api-1.3.2.jar;C:\Users\Maryna Savchenko\.m2\repository\org\yaml\snakeyaml\1.19\snakeyaml-1.19.jar;C:\Users\Maryna Savchenko\.m2\repository\org\springframework\boot\spring-boot-starter-json\2.0.2.RELEASE\spring-boot-starter-json-2.0.2.RELEASE.jar;C:\Users\Maryna Savchenko\.m2\repository\com\fasterxml\jackson\core\jackson-databind\2.9.5\jackson-databind-2.9.5.jar;C:\Users\Maryna Savchenko\.m2\repository\com\fasterxml\jackson\core\jackson-annotations\2.9.0\jackson-annotations-2.9.0.jar;C:\Users\Maryna Savchenko\.m2\repository\com\fasterxml\jackson\core\jackson-core\2.9.5\jackson-core-2.9.5.jar;C:\Users\Maryna Savchenko\.m2\repository\com\fasterxml\jackson\datatype\jackson-datatype-jdk8\2.9.5\jackson-datatype-jdk8-2.9.5.jar;C:\Users\Maryna Savchenko\.m2\repository\com\fasterxml\jackson\datatype\jackson-datatype-jsr310\2.9.5\jackson-datatype-jsr310-2.9.5.jar;C:\Users\Maryna Savchenko\.m2\repository\com\fasterxml\jackson\module\jackson-module-parameter-names\2.9.5\jackson-module-parameter-names-2.9.5.jar;C:\Users\Maryna Savchenko\.m2\repository\org\springframework\boot\spring-boot-starter-tomcat\2.0.2.RELEASE\spring-boot-starter-tomcat-2.0.2.RELEASE.jar;C:\Users\Maryna Savchenko\.m2\repository\org\apache\tomcat\embed\tomcat-embed-websocket\8.5.31\tomcat-embed-websocket-8.5.31.jar;C:\Users\Maryna Savchenko\.m2\repository\org\hibernate\validator\hibernate-validator\6.0.9.Final\hibernate-validator-6.0.9.Final.jar;C:\Users\Maryna Savchenko\.m2\repository\javax\validation\validation-api\2.0.1.Final\validation-api-2.0.1.Final.jar;C:\Users\Maryna Savchenko\.m2\repository\org\jboss\logging\jboss-logging\3.3.2.Final\jboss-logging-3.3.2.Final.jar;C:\Users\Maryna Savchenko\.m2\repository\com\fasterxml\classmate\1.3.4\classmate-1.3.4.jar;C:\Users\Maryna Savchenko\.m2\repository\org\springframework\spring-web\5.0.6.RELEASE\spring-web-5.0.6.RELEASE.jar;C:\Users\Maryna Savchenko\.m2\repository\org\springframework\spring-beans\5.0.6.RELEASE\spring-beans-5.0.6.RELEASE.jar;C:\Users\Maryna Savchenko\.m2\repository\org\springframework\spring-webmvc\5.0.6.RELEASE\spring-webmvc-5.0.6.RELEASE.jar;C:\Users\Maryna Savchenko\.m2\repository\org\springframework\spring-context\5.0.6.RELEASE\spring-context-5.0.6.RELEASE.jar;C:\Users\Maryna Savchenko\.m2\repository\org\springframework\spring-expression\5.0.6.RELEASE\spring-expression-5.0.6.RELEASE.jar;C:\Users\Maryna Savchenko\.m2\repository\org\slf4j\jcl-over-slf4j\1.7.25\jcl-over-slf4j-1.7.25.jar;C:\Users\Maryna Savchenko\.m2\repository\org\slf4j\slf4j-api\1.7.25\slf4j-api-1.7.25.jar;C:\Users\Maryna Savchenko\.m2\repository\org\slf4j\jul-to-slf4j\1.7.25\jul-to-slf4j-1.7.25.jar;C:\Users\Maryna Savchenko\.m2\repository\org\slf4j\slf4j-log4j12\1.7.25\slf4j-log4j12-1.7.25.jar;C:\Users\Maryna Savchenko\.m2\repository\log4j\log4j\1.2.17\log4j-1.2.17.jar;C:\Users\Maryna Savchenko\.m2\repository\org\springframework\boot\spring-boot-starter-data-mongodb\2.0.2.RELEASE\spring-boot-starter-data-mongodb-2.0.2.RELEASE.jar;C:\Users\Maryna Savchenko\.m2\repository\org\mongodb\mongodb-driver\3.6.0\mongodb-driver-3.6.0.jar;C:\Users\Maryna Savchenko\.m2\repository\org\mongodb\bson\3.6.0\bson-3.6.0.jar;C:\Users\Maryna Savchenko\.m2\repository\org\mongodb\mongodb-driver-core\3.6.0\mongodb-driver-core-3.6.0.jar;C:\Users\Maryna Savchenko\.m2\repository\org\springframework\data\spring-data-mongodb\2.0.7.RELEASE\spring-data-mongodb-2.0.7.RELEASE.jar;C:\Users\Maryna Savchenko\.m2\repository\org\springframework\spring-tx\5.0.6.RELEASE\spring-tx-5.0.6.RELEASE.jar;C:\Users\Maryna Savchenko\.m2\repository\org\springframework\data\spring-data-commons\2.0.7.RELEASE\spring-data-commons-2.0.7.RELEASE.jar;C:\Users\Maryna Savchenko\.m2\repository\org\springframework\boot\spring-boot-starter-actuator\2.0.2.RELEASE\spring-boot-starter-actuator-2.0.2.RELEASE.jar;C:\Users\Maryna Savchenko\.m2\repository\org\springframework\boot\spring-boot-actuator-autoconfigure\2.0.2.RELEASE\spring-boot-actuator-autoconfigure-2.0.2.RELEASE.jar;C:\Users\Maryna Savchenko\.m2\repository\org\springframework\boot\spring-boot-actuator\2.0.2.RELEASE\spring-boot-actuator-2.0.2.RELEASE.jar;C:\Users\Maryna Savchenko\.m2\repository\io\micrometer\micrometer-core\1.0.4\micrometer-core-1.0.4.jar;C:\Users\Maryna Savchenko\.m2\repository\org\hdrhistogram\HdrHistogram\2.1.10\HdrHistogram-2.1.10.jar;C:\Users\Maryna Savchenko\.m2\repository\org\latencyutils\LatencyUtils\2.0.3\LatencyUtils-2.0.3.jar;C:\Users\Maryna Savchenko\.m2\repository\org\springframework\boot\spring-boot-starter-security\2.0.2.RELEASE\spring-boot-starter-security-2.0.2.RELEASE.jar;C:\Users\Maryna Savchenko\.m2\repository\org\springframework\spring-aop\5.0.6.RELEASE\spring-aop-5.0.6.RELEASE.jar;C:\Users\Maryna Savchenko\.m2\repository\org\springframework\security\spring-security-config\5.0.5.RELEASE\spring-security-config-5.0.5.RELEASE.jar;C:\Users\Maryna Savchenko\.m2\repository\org\springframework\security\spring-security-web\5.0.5.RELEASE\spring-security-web-5.0.5.RELEASE.jar;C:\Users\Maryna Savchenko\.m2\repository\org\springframework\security\spring-security-test\5.0.5.RELEASE\spring-security-test-5.0.5.RELEASE.jar;C:\Users\Maryna Savchenko\.m2\repository\org\springframework\security\spring-security-core\5.0.5.RELEASE\spring-security-core-5.0.5.RELEASE.jar;C:\Users\Maryna Savchenko\.m2\repository\org\springframework\spring-core\5.0.6.RELEASE\spring-core-5.0.6.RELEASE.jar;C:\Users\Maryna Savchenko\.m2\repository\org\springframework\spring-jcl\5.0.6.RELEASE\spring-jcl-5.0.6.RELEASE.jar;C:\Users\Maryna Savchenko\.m2\repository\org\springframework\spring-test\5.0.6.RELEASE\spring-test-5.0.6.RELEASE.jar;C:\Users\Maryna Savchenko\.m2\repository\org\springframework\boot\spring-boot-devtools\2.0.2.RELEASE\spring-boot-devtools-2.0.2.RELEASE.jar;C:\Users\Maryna Savchenko\.m2\repository\org\springframework\boot\spring-boot\2.0.2.RELEASE\spring-boot-2.0.2.RELEASE.jar;C:\Users\Maryna Savchenko\.m2\repository\org\springframework\boot\spring-boot-autoconfigure\2.0.2.RELEASE\spring-boot-autoconfigure-2.0.2.RELEASE.jar;C:\Users\Maryna Savchenko\.m2\repository\org\springframework\boot\spring-boot-starter-test\2.0.2.RELEASE\spring-boot-starter-test-2.0.2.RELEASE.jar;C:\Users\Maryna Savchenko\.m2\repository\org\springframework\boot\spring-boot-test\2.0.2.RELEASE\spring-boot-test-2.0.2.RELEASE.jar;C:\Users\Maryna Savchenko\.m2\repository\org\springframework\boot\spring-boot-test-autoconfigure\2.0.2.RELEASE\spring-boot-test-autoconfigure-2.0.2.RELEASE.jar;C:\Users\Maryna Savchenko\.m2\repository\com\jayway\jsonpath\json-path\2.4.0\json-path-2.4.0.jar;C:\Users\Maryna Savchenko\.m2\repository\net\minidev\json-smart\2.3\json-smart-2.3.jar;C:\Users\Maryna Savchenko\.m2\repository\net\minidev\accessors-smart\1.2\accessors-smart-1.2.jar;C:\Users\Maryna Savchenko\.m2\repository\org\ow2\asm\asm\5.0.4\asm-5.0.4.jar;C:\Users\Maryna Savchenko\.m2\repository\org\assertj\assertj-core\3.9.1\assertj-core-3.9.1.jar;C:\Users\Maryna Savchenko\.m2\repository\org\mockito\mockito-core\2.15.0\mockito-core-2.15.0.jar;C:\Users\Maryna Savchenko\.m2\repository\net\bytebuddy\byte-buddy\1.7.11\byte-buddy-1.7.11.jar;C:\Users\Maryna Savchenko\.m2\repository\net\bytebuddy\byte-buddy-agent\1.7.11\byte-buddy-agent-1.7.11.jar;C:\Users\Maryna Savchenko\.m2\repository\org\objenesis\objenesis\2.6\objenesis-2.6.jar;C:\Users\Maryna Savchenko\.m2\repository\org\hamcrest\hamcrest-core\1.3\hamcrest-core-1.3.jar;C:\Users\Maryna Savchenko\.m2\repository\org\hamcrest\hamcrest-library\1.3\hamcrest-library-1.3.jar;C:\Users\Maryna Savchenko\.m2\repository\org\skyscreamer\jsonassert\1.5.0\jsonassert-1.5.0.jar;C:\Users\Maryna Savchenko\.m2\repository\com\vaadin\external\google\android-json\0.0.20131108.vaadin1\android-json-0.0.20131108.vaadin1.jar;C:\Users\Maryna Savchenko\.m2\repository\org\xmlunit\xmlunit-core\2.5.1\xmlunit-core-2.5.1.jar;C:\Users\Maryna Savchenko\.m2\repository\pl\pragmatists\JUnitParams\1.1.1\JUnitParams-1.1.1.jar;C:\Users\Maryna Savchenko\.m2\repository\org\apache\tomcat\embed\tomcat-embed-jasper\8.5.31\tomcat-embed-jasper-8.5.31.jar;C:\Users\Maryna Savchenko\.m2\repository\org\apache\tomcat\embed\tomcat-embed-core\8.5.31\tomcat-embed-core-8.5.31.jar;C:\Users\Maryna Savchenko\.m2\repository\org\apache\tomcat\tomcat-annotations-api\8.5.31\tomcat-annotations-api-8.5.31.jar;C:\Users\Maryna Savchenko\.m2\repository\org\apache\tomcat\embed\tomcat-embed-el\8.5.31\tomcat-embed-el-8.5.31.jar;C:\Users\Maryna Savchenko\.m2\repository\org\eclipse\jdt\ecj\3.12.3\ecj-3.12.3.jar;C:\Users\Maryna Savchenko\.m2\repository\junit\junit\4.12\junit-4.12.jar;C:\Users\Maryna Savchenko\.m2\repository\org\projectlombok\lombok\1.16.20\lombok-1.16.20.jar;C:\Users\Maryna Savchenko\.m2\repository\org\projectlombok\lombok-maven-plugin\1.16.20.0\lombok-maven-plugin-1.16.20.0.jar;C:\Users\Maryna Savchenko\.m2\repository\org\apache\commons\commons-lang3\3.7\commons-lang3-3.7.jar;C:\Users\Maryna Savchenko\.m2\repository\org\sonatype\plexus\plexus-build-api\0.0.7\plexus-build-api-0.0.7.jar;C:\Users\Maryna Savchenko\.m2\repository\org\codehaus\plexus\plexus-utils\1.5.8\plexus-utils-1.5.8.jar;, java.specification.name=Java Platform API Specification, java.class.version=52.0, sun.management.compiler=HotSpot 64-Bit Tiered Compilers, os.version=10.0, user.home=C:\Users\Maryna Savchenko, user.timezone=Europe/Belgrade, java.awt.printerjob=sun.awt.windows.WPrinterJob, file.encoding=Cp1252, java.specification.version=1.8, java.class.path=E:\java\repos\JavaTutorAPI\javatutor\target\test-classes;E:\java\repos\JavaTutorAPI\javatutor\target\classes;C:\Users\Maryna Savchenko\.m2\repository\org\springframework\boot\spring-boot-starter-web\2.0.2.RELEASE\spring-boot-starter-web-2.0.2.RELEASE.jar;C:\Users\Maryna Savchenko\.m2\repository\org\springframework\boot\spring-boot-starter\2.0.2.RELEASE\spring-boot-starter-2.0.2.RELEASE.jar;C:\Users\Maryna Savchenko\.m2\repository\javax\annotation\javax.annotation-api\1.3.2\javax.annotation-api-1.3.2.jar;C:\Users\Maryna Savchenko\.m2\repository\org\yaml\snakeyaml\1.19\snakeyaml-1.19.jar;C:\Users\Maryna Savchenko\.m2\repository\org\springframework\boot\spring-boot-starter-json\2.0.2.RELEASE\spring-boot-starter-json-2.0.2.RELEASE.jar;C:\Users\Maryna Savchenko\.m2\repository\com\fasterxml\jackson\core\jackson-databind\2.9.5\jackson-databind-2.9.5.jar;C:\Users\Maryna Savchenko\.m2\repository\com\fasterxml\jackson\core\jackson-annotations\2.9.0\jackson-annotations-2.9.0.jar;C:\Users\Maryna Savchenko\.m2\repository\com\fasterxml\jackson\core\jackson-core\2.9.5\jackson-core-2.9.5.jar;C:\Users\Maryna Savchenko\.m2\repository\com\fasterxml\jackson\datatype\jackson-datatype-jdk8\2.9.5\jackson-datatype-jdk8-2.9.5.jar;C:\Users\Maryna Savchenko\.m2\repository\com\fasterxml\jackson\datatype\jackson-datatype-jsr310\2.9.5\jackson-datatype-jsr310-2.9.5.jar;C:\Users\Maryna Savchenko\.m2\repository\com\fasterxml\jackson\module\jackson-module-parameter-names\2.9.5\jackson-module-parameter-names-2.9.5.jar;C:\Users\Maryna Savchenko\.m2\repository\org\springframework\boot\spring-boot-starter-tomcat\2.0.2.RELEASE\spring-boot-starter-tomcat-2.0.2.RELEASE.jar;C:\Users\Maryna Savchenko\.m2\repository\org\apache\tomcat\embed\tomcat-embed-websocket\8.5.31\tomcat-embed-websocket-8.5.31.jar;C:\Users\Maryna Savchenko\.m2\repository\org\hibernate\validator\hibernate-validator\6.0.9.Final\hibernate-validator-6.0.9.Final.jar;C:\Users\Maryna Savchenko\.m2\repository\javax\validation\validation-api\2.0.1.Final\validation-api-2.0.1.Final.jar;C:\Users\Maryna Savchenko\.m2\repository\org\jboss\logging\jboss-logging\3.3.2.Final\jboss-logging-3.3.2.Final.jar;C:\Users\Maryna Savchenko\.m2\repository\com\fasterxml\classmate\1.3.4\classmate-1.3.4.jar;C:\Users\Maryna Savchenko\.m2\repository\org\springframework\spring-web\5.0.6.RELEASE\spring-web-5.0.6.RELEASE.jar;C:\Users\Maryna Savchenko\.m2\repository\org\springframework\spring-beans\5.0.6.RELEASE\spring-beans-5.0.6.RELEASE.jar;C:\Users\Maryna Savchenko\.m2\repository\org\springframework\spring-webmvc\5.0.6.RELEASE\spring-webmvc-5.0.6.RELEASE.jar;C:\Users\Maryna Savchenko\.m2\repository\org\springframework\spring-context\5.0.6.RELEASE\spring-context-5.0.6.RELEASE.jar;C:\Users\Maryna Savchenko\.m2\repository\org\springframework\spring-expression\5.0.6.RELEASE\spring-expression-5.0.6.RELEASE.jar;C:\Users\Maryna Savchenko\.m2\repository\org\slf4j\jcl-over-slf4j\1.7.25\jcl-over-slf4j-1.7.25.jar;C:\Users\Maryna Savchenko\.m2\repository\org\slf4j\slf4j-api\1.7.25\slf4j-api-1.7.25.jar;C:\Users\Maryna Savchenko\.m2\repository\org\slf4j\jul-to-slf4j\1.7.25\jul-to-slf4j-1.7.25.jar;C:\Users\Maryna Savchenko\.m2\repository\org\slf4j\slf4j-log4j12\1.7.25\slf4j-log4j12-1.7.25.jar;C:\Users\Maryna Savchenko\.m2\repository\log4j\log4j\1.2.17\log4j-1.2.17.jar;C:\Users\Maryna Savchenko\.m2\repository\org\springframework\boot\spring-boot-starter-data-mongodb\2.0.2.RELEASE\spring-boot-starter-data-mongodb-2.0.2.RELEASE.jar;C:\Users\Maryna Savchenko\.m2\repository\org\mongodb\mongodb-driver\3.6.0\mongodb-driver-3.6.0.jar;C:\Users\Maryna Savchenko\.m2\repository\org\mongodb\bson\3.6.0\bson-3.6.0.jar;C:\Users\Maryna Savchenko\.m2\repository\org\mongodb\mongodb-driver-core\3.6.0\mongodb-driver-core-3.6.0.jar;C:\Users\Maryna Savchenko\.m2\repository\org\springframework\data\spring-data-mongodb\2.0.7.RELEASE\spring-data-mongodb-2.0.7.RELEASE.jar;C:\Users\Maryna Savchenko\.m2\repository\org\springframework\spring-tx\5.0.6.RELEASE\spring-tx-5.0.6.RELEASE.jar;C:\Users\Maryna Savchenko\.m2\repository\org\springframework\data\spring-data-commons\2.0.7.RELEASE\spring-data-commons-2.0.7.RELEASE.jar;C:\Users\Maryna Savchenko\.m2\repository\org\springframework\boot\spring-boot-starter-actuator\2.0.2.RELEASE\spring-boot-starter-actuator-2.0.2.RELEASE.jar;C:\Users\Maryna Savchenko\.m2\repository\org\springframework\boot\spring-boot-actuator-autoconfigure\2.0.2.RELEASE\spring-boot-actuator-autoconfigure-2.0.2.RELEASE.jar;C:\Users\Maryna Savchenko\.m2\repository\org\springframework\boot\spring-boot-actuator\2.0.2.RELEASE\spring-boot-actuator-2.0.2.RELEASE.jar;C:\Users\Maryna Savchenko\.m2\repository\io\micrometer\micrometer-core\1.0.4\micrometer-core-1.0.4.jar;C:\Users\Maryna Savchenko\.m2\repository\org\hdrhistogram\HdrHistogram\2.1.10\HdrHistogram-2.1.10.jar;C:\Users\Maryna Savchenko\.m2\repository\org\latencyutils\LatencyUtils\2.0.3\LatencyUtils-2.0.3.jar;C:\Users\Maryna Savchenko\.m2\repository\org\springframework\boot\spring-boot-starter-security\2.0.2.RELEASE\spring-boot-starter-security-2.0.2.RELEASE.jar;C:\Users\Maryna Savchenko\.m2\repository\org\springframework\spring-aop\5.0.6.RELEASE\spring-aop-5.0.6.RELEASE.jar;C:\Users\Maryna Savchenko\.m2\repository\org\springframework\security\spring-security-config\5.0.5.RELEASE\spring-security-config-5.0.5.RELEASE.jar;C:\Users\Maryna Savchenko\.m2\repository\org\springframework\security\spring-security-web\5.0.5.RELEASE\spring-security-web-5.0.5.RELEASE.jar;C:\Users\Maryna Savchenko\.m2\repository\org\springframework\security\spring-security-test\5.0.5.RELEASE\spring-security-test-5.0.5.RELEASE.jar;C:\Users\Maryna Savchenko\.m2\repository\org\springframework\security\spring-security-core\5.0.5.RELEASE\spring-security-core-5.0.5.RELEASE.jar;C:\Users\Maryna Savchenko\.m2\repository\org\springframework\spring-core\5.0.6.RELEASE\spring-core-5.0.6.RELEASE.jar;C:\Users\Maryna Savchenko\.m2\repository\org\springframework\spring-jcl\5.0.6.RELEASE\spring-jcl-5.0.6.RELEASE.jar;C:\Users\Maryna Savchenko\.m2\repository\org\springframework\spring-test\5.0.6.RELEASE\spring-test-5.0.6.RELEASE.jar;C:\Users\Maryna Savchenko\.m2\repository\org\springframework\boot\spring-boot-devtools\2.0.2.RELEASE\spring-boot-devtools-2.0.2.RELEASE.jar;C:\Users\Maryna Savchenko\.m2\repository\org\springframework\boot\spring-boot\2.0.2.RELEASE\spring-boot-2.0.2.RELEASE.jar;C:\Users\Maryna Savchenko\.m2\repository\org\springframework\boot\spring-boot-autoconfigure\2.0.2.RELEASE\spring-boot-autoconfigure-2.0.2.RELEASE.jar;C:\Users\Maryna Savchenko\.m2\repository\org\springframework\boot\spring-boot-starter-test\2.0.2.RELEASE\spring-boot-starter-test-2.0.2.RELEASE.jar;C:\Users\Maryna Savchenko\.m2\repository\org\springframework\boot\spring-boot-test\2.0.2.RELEASE\spring-boot-test-2.0.2.RELEASE.jar;C:\Users\Maryna Savchenko\.m2\repository\org\springframework\boot\spring-boot-test-autoconfigure\2.0.2.RELEASE\spring-boot-test-autoconfigure-2.0.2.RELEASE.jar;C:\Users\Maryna Savchenko\.m2\repository\com\jayway\jsonpath\json-path\2.4.0\json-path-2.4.0.jar;C:\Users\Maryna Savchenko\.m2\repository\net\minidev\json-smart\2.3\json-smart-2.3.jar;C:\Users\Maryna Savchenko\.m2\repository\net\minidev\accessors-smart\1.2\accessors-smart-1.2.jar;C:\Users\Maryna Savchenko\.m2\repository\org\ow2\asm\asm\5.0.4\asm-5.0.4.jar;C:\Users\Maryna Savchenko\.m2\repository\org\assertj\assertj-core\3.9.1\assertj-core-3.9.1.jar;C:\Users\Maryna Savchenko\.m2\repository\org\mockito\mockito-core\2.15.0\mockito-core-2.15.0.jar;C:\Users\Maryna Savchenko\.m2\repository\net\bytebuddy\byte-buddy\1.7.11\byte-buddy-1.7.11.jar;C:\Users\Maryna Savchenko\.m2\repository\net\bytebuddy\byte-buddy-agent\1.7.11\byte-buddy-agent-1.7.11.jar;C:\Users\Maryna Savchenko\.m2\repository\org\objenesis\objenesis\2.6\objenesis-2.6.jar;C:\Users\Maryna Savchenko\.m2\repository\org\hamcrest\hamcrest-core\1.3\hamcrest-core-1.3.jar;C:\Users\Maryna Savchenko\.m2\repository\org\hamcrest\hamcrest-library\1.3\hamcrest-library-1.3.jar;C:\Users\Maryna Savchenko\.m2\repository\org\skyscreamer\jsonassert\1.5.0\jsonassert-1.5.0.jar;C:\Users\Maryna Savchenko\.m2\repository\com\vaadin\external\google\android-json\0.0.20131108.vaadin1\android-json-0.0.20131108.vaadin1.jar;C:\Users\Maryna Savchenko\.m2\repository\org\xmlunit\xmlunit-core\2.5.1\xmlunit-core-2.5.1.jar;C:\Users\Maryna Savchenko\.m2\repository\pl\pragmatists\JUnitParams\1.1.1\JUnitParams-1.1.1.jar;C:\Users\Maryna Savchenko\.m2\repository\org\apache\tomcat\embed\tomcat-embed-jasper\8.5.31\tomcat-embed-jasper-8.5.31.jar;C:\Users\Maryna Savchenko\.m2\repository\org\apache\tomcat\embed\tomcat-embed-core\8.5.31\tomcat-embed-core-8.5.31.jar;C:\Users\Maryna Savchenko\.m2\repository\org\apache\tomcat\tomcat-annotations-api\8.5.31\tomcat-annotations-api-8.5.31.jar;C:\Users\Maryna Savchenko\.m2\repository\org\apache\tomcat\embed\tomcat-embed-el\8.5.31\tomcat-embed-el-8.5.31.jar;C:\Users\Maryna Savchenko\.m2\repository\org\eclipse\jdt\ecj\3.12.3\ecj-3.12.3.jar;C:\Users\Maryna Savchenko\.m2\repository\junit\junit\4.12\junit-4.12.jar;C:\Users\Maryna Savchenko\.m2\repository\org\projectlombok\lombok\1.16.20\lombok-1.16.20.jar;C:\Users\Maryna Savchenko\.m2\repository\org\projectlombok\lombok-maven-plugin\1.16.20.0\lombok-maven-plugin-1.16.20.0.jar;C:\Users\Maryna Savchenko\.m2\repository\org\apache\commons\commons-lang3\3.7\commons-lang3-3.7.jar;C:\Users\Maryna Savchenko\.m2\repository\org\sonatype\plexus\plexus-build-api\0.0.7\plexus-build-api-0.0.7.jar;C:\Users\Maryna Savchenko\.m2\repository\org\codehaus\plexus\plexus-utils\1.5.8\plexus-utils-1.5.8.jar;, user.name=Maryna Savchenko, java.vm.specification.version=1.8, sun.java.command=C:\Users\MARYNA~1\AppData\Local\Temp\surefire1244754544745437156\surefirebooter7935569149334272143.jar C:\Users\Maryna Savchenko\AppData\Local\Temp\surefire1244754544745437156 2018-10-11T10-37-06_854-jvmRun1 surefire6084229711424990350tmp surefire_01445494788152468973tmp, java.home=C:\Program Files\Java\jdk1.8.0_131\jre, sun.arch.data.model=64, user.language=en, java.specification.vendor=Oracle Corporation, user.language.format=uk, awt.toolkit=sun.awt.windows.WToolkit, java.vm.info=mixed mode, java.version=1.8.0_131, java.ext.dirs=C:\Program Files\Java\jdk1.8.0_131\jre\lib\ext;C:\WINDOWS\Sun\Java\lib\ext, sun.boot.class.path=C:\Program Files\Java\jdk1.8.0_131\jre\lib\resources.jar;C:\Program Files\Java\jdk1.8.0_131\jre\lib\rt.jar;C:\Program Files\Java\jdk1.8.0_131\jre\lib\sunrsasign.jar;C:\Program Files\Java\jdk1.8.0_131\jre\lib\jsse.jar;C:\Program Files\Java\jdk1.8.0_131\jre\lib\jce.jar;C:\Program Files\Java\jdk1.8.0_131\jre\lib\charsets.jar;C:\Program Files\Java\jdk1.8.0_131\jre\lib\jfr.jar;C:\Program Files\Java\jdk1.8.0_131\jre\classes, java.awt.headless=true, java.vendor=Oracle Corporation, localRepository=C:\Users\Maryna Savchenko\.m2\repository, file.separator=\, java.vendor.url.bug=http://bugreport.sun.com/bugreport/, sun.io.unicode.encoding=UnicodeLittle, sun.cpu.endian=little, sun.desktop=windows, sun.cpu.isalist=amd64}}, SystemEnvironmentPropertySource@1548162287 {name='systemEnvironment', properties={PATH=C:\Users\Maryna Savchenko\bin;C:\Program Files\Git\mingw64\bin;C:\Program Files\Git\usr\local\bin;C:\Program Files\Git\usr\bin;C:\Program Files\Git\usr\bin;C:\Program Files\Git\mingw64\bin;C:\Program Files\Git\usr\bin;C:\Users\Maryna Savchenko\bin;C:\Program Files\Docker\Docker\Resources\bin;C:\ProgramData\Oracle\Java\javapath;C:\Program Files (x86)\Intel\TXE Components\TCS;C:\Program Files\Intel\TXE Components\TCS;C:\WINDOWS\system32;C:\WINDOWS;C:\WINDOWS\System32\Wbem;C:\WINDOWS\System32\WindowsPowerShell\v1.0;C:\Program Files\Intel\TXE Components\DAL;C:\Program Files (x86)\Intel\TXE Components\DAL;C:\Program Files\Intel\TXE Components\IPT;C:\Program Files (x86)\Intel\TXE Components\IPT;E:\java\apache-maven-3.5.0-bin\apache-maven-3.5.0\bin;C:\Program Files\Git\cmd;C:\Program Files\Java\jdk1.8.0_131\bin;C:\Program Files\MySQL\MySQL Utilities 1.6;C:\Program Files (x86)\bin;C:\Program Files (x86)\sbt\bin;C:\Program Files (x86)\Yarn\bin;C:\ProgramData\chocolatey\bin;C:\Program Files\nodejs;C:\Users\Maryna Savchenko\AppData\Local\Microsoft\WindowsApps;E:\java\spark-2.2.0-bin-hadoop2.7\bin;C:\Program Files\Java\jdk1.8.0_131\bin;C:\Program Files (x86)\sbt\bin;C:\winutils\bin;C:\Program Files\Docker Toolbox;C:\Users\Maryna Savchenko\AppData\Local\Yarn\bin;C:\Users\Maryna Savchenko\AppData\Roaming\npm;C:\Program Files\Git\usr\bin\vendor_perl;C:\Program Files\Git\usr\bin\core_perl, USERDOMAIN_ROAMINGPROFILE=BigBrother, PKG_CONFIG_PATH=C:\Program Files\Git\mingw64\lib\pkgconfig;C:\Program Files\Git\mingw64\share\pkgconfig, MSYSTEM_PREFIX=C:/Program Files/Git/mingw64, PROCESSOR_LEVEL=6, SYSTEMDRIVE=C:, CONFIG_SITE=C:/Program Files/Git/mingw64/etc/config.site, FP_NO_HOST_CHECK=NO, POSTGIS_GDAL_ENABLED_DRIVERS=GTiff PNG JPEG GIF XYZ DTED USGSDEM AAIGrid, SESSIONNAME=Console, ALLUSERSPROFILE=C:\ProgramData, GDAL_DATA=C:\Program Files\PostgreSQL\9.6\gdal-data, PROCESSOR_ARCHITECTURE=AMD64, MSYSTEM_CHOST=x86_64-w64-mingw32, =E:=E:\java\repos\JavaTutorAPI\javatutor, ORIGINAL_TEMP=C:/Users/MARYNA~1/AppData/Local/Temp, PROGRAMFILES=C:\Program Files, POSTGIS_ENABLE_OUTDB_RASTERS=1, PSMODULEPATH=C:\WINDOWS\system32\WindowsPowerShell\v1.0\Modules\, PROGRAMDATA=C:\ProgramData, CHOCOLATEYLASTPATHUPDATE=?? ??? 24 11:36:27 2018, USERNAME=Maryna Savchenko, PWD=E:/java/repos/JavaTutorAPI/javatutor, INFOPATH=C:\Program Files\Git\usr\local\info;C:\Program Files\Git\usr\share\info;C:\Program Files\Git\usr\info;C:\Program Files\Git\share\info, FPS_BROWSER_USER_PROFILE_STRING=Default, ONEDRIVE=C:\Users\Maryna Savchenko\OneDrive, PATHEXT=.COM;.EXE;.BAT;.CMD;.VBS;.VBE;.JS;.JSE;.WSF;.WSH;.MSC, SHELL=C:\Program Files\Git\usr\bin\bash.exe, ORIGINAL_TMP=C:/Users/MARYNA~1/AppData/Local/Temp, OLDPWD=E:/java/repos/JavaTutorAPI/javatutor, TMPDIR=C:\Users\MARYNA~1\AppData\Local\Temp, WINDIR=C:\WINDOWS, SSH_ASKPASS=C:/Program Files/Git/mingw64/libexec/git-core/git-gui--askpass, HOMEPATH=\Users\Maryna Savchenko, PROCESSOR_IDENTIFIER=Intel64 Family 6 Model 76 Stepping 3, GenuineIntel, HADOOP_HOME=C:\winutils, M2_HOME=E:\java\apache-maven-3.5.0-bin\apache-maven-3.5.0, PUBLIC=C:\Users\Public, MINGW_CHOST=x86_64-w64-mingw32, =::=::\, EXEPATH=C:\Program Files\Git, SHLVL=1, LOCALAPPDATA=C:\Users\Maryna Savchenko\AppData\Local, ORIGINAL_PATH=C:\Program Files\Git\mingw64\bin;C:\Program Files\Git\usr\bin;C:\Users\Maryna Savchenko\bin;C:\Program Files\Docker\Docker\Resources\bin;C:\ProgramData\Oracle\Java\javapath;C:\Program Files (x86)\Intel\TXE Components\TCS;C:\Program Files\Intel\TXE Components\TCS;C:\WINDOWS\system32;C:\WINDOWS;C:\WINDOWS\System32\Wbem;C:\WINDOWS\System32\WindowsPowerShell\v1.0;C:\Program Files\Intel\TXE Components\DAL;C:\Program Files (x86)\Intel\TXE Components\DAL;C:\Program Files\Intel\TXE Components\IPT;C:\Program Files (x86)\Intel\TXE Components\IPT;E:\java\apache-maven-3.5.0-bin\apache-maven-3.5.0\bin;C:\Program Files\Git\cmd;C:\Program Files\Java\jdk1.8.0_131\bin;C:\Program Files\MySQL\MySQL Utilities 1.6;C:\Program Files (x86)\bin;C:\Program Files (x86)\sbt\bin;C:\Program Files (x86)\Yarn\bin;C:\ProgramData\chocolatey\bin;C:\Program Files\nodejs;C:\Users\Maryna Savchenko\AppData\Local\Microsoft\WindowsApps;E:\java\spark-2.2.0-bin-hadoop2.7\bin;C:\Program Files\Java\jdk1.8.0_131\bin;C:\Program Files (x86)\sbt\bin;C:\winutils\bin;C:\Program Files\Docker Toolbox;C:\Users\Maryna Savchenko\AppData\Local\Yarn\bin;C:\Users\Maryna Savchenko\AppData\Roaming\npm, MANPATH=C:\Program Files\Git\mingw64\share\man;C:\Program Files\Git\usr\local\man;C:\Program Files\Git\usr\share\man;C:\Program Files\Git\usr\man;C:\Program Files\Git\share\man, COMMONPROGRAMFILES(X86)=C:\Program Files (x86)\Common Files, MINGW_PACKAGE_PREFIX=mingw-w64-x86_64, USERDOMAIN=BigBrother, FPS_BROWSER_APP_PROFILE_STRING=Internet Explorer, LOGONSERVER=\\BIGBROTHER, JAVA_HOME=C:/Program Files/Java/jdk1.8.0_131, PLINK_PROTOCOL=ssh, PROMPT=$P$G, PROGRAMFILES(X86)=C:\Program Files (x86), TERM=xterm, LANG=en_US.UTF-8, MINGW_PREFIX=C:/Program Files/Git/mingw64, DISPLAY=needs-to-be-defined, MSYSTEM=MINGW64, APPDATA=C:\Users\Maryna Savchenko\AppData\Roaming, SPARK_HOME=E:\java\spark-2.2.0-bin-hadoop2.7, PROGRAMW6432=C:\Program Files, SYSTEMROOT=C:\WINDOWS, CHOCOLATEYINSTALL=C:\ProgramData\chocolatey, MAVEN_CMD_LINE_ARGS= test, SCALA_HOME=C:\Program Files (x86)\sbt, VBOX_MSI_INSTALL_PATH=C:\Program Files\Oracle\VirtualBox\, OS=Windows_NT, COMMONPROGRAMW6432=C:\Program Files\Common Files, COMPUTERNAME=BIGBROTHER, COMMONPROGRAMFILES=C:\Program Files\Common Files, COMSPEC=C:\WINDOWS\system32\cmd.exe, SBT_HOME=C:\Program Files (x86)\sbt\, MAVEN_PROJECTBASEDIR=E:/java/repos/JavaTutorAPI/javatutor, PROCESSOR_REVISION=4c03, ACLOCAL_PATH=C:\Program Files\Git\mingw64\share\aclocal;C:\Program Files\Git\usr\share\aclocal, MSYSTEM_CARCH=x86_64, PRINTER=Foxit Reader PDF Printer, TEMP=C:\Users\MARYNA~1\AppData\Local\Temp, HOSTNAME=BigBrother, HOMEDRIVE=C:, USERPROFILE=C:\Users\Maryna Savchenko, TMP=C:\Users\MARYNA~1\AppData\Local\Temp, NUMBER_OF_PROCESSORS=4, DOCKER_TOOLBOX_INSTALL_PATH=C:\Program Files\Docker Toolbox, HOME=C:\Users\Maryna Savchenko}}]
10:38:45,752 DEBUG org.springframework.core.io.support.PathMatchingResourcePatternResolver:321 - Resolved classpath location [pro/abacus/javatutor/] to resources [URL [file:/E:/java/repos/JavaTutorAPI/javatutor/target/test-classes/pro/abacus/javatutor/], URL [file:/E:/java/repos/JavaTutorAPI/javatutor/target/classes/pro/abacus/javatutor/]]
10:38:45,752 DEBUG org.springframework.core.io.support.PathMatchingResourcePatternResolver:321 - Resolved classpath location [pro/abacus/javatutor/] to resources [URL [file:/E:/java/repos/JavaTutorAPI/javatutor/target/test-classes/pro/abacus/javatutor/], URL [file:/E:/java/repos/JavaTutorAPI/javatutor/target/classes/pro/abacus/javatutor/]]
10:38:45,753 DEBUG org.springframework.core.io.support.PathMatchingResourcePatternResolver:721 - Looking for matching resources in directory tree [E:\java\repos\JavaTutorAPI\javatutor\target\test-classes\pro\abacus\javatutor]
10:38:45,753 DEBUG org.springframework.core.io.support.PathMatchingResourcePatternResolver:721 - Looking for matching resources in directory tree [E:\java\repos\JavaTutorAPI\javatutor\target\test-classes\pro\abacus\javatutor]
10:38:45,755 DEBUG org.springframework.core.io.support.PathMatchingResourcePatternResolver:783 - Searching directory [E:\java\repos\JavaTutorAPI\javatutor\target\test-classes\pro\abacus\javatutor] for files matching pattern [E:/java/repos/JavaTutorAPI/javatutor/target/test-classes/pro/abacus/javatutor/**/*.class]
10:38:45,755 DEBUG org.springframework.core.io.support.PathMatchingResourcePatternResolver:783 - Searching directory [E:\java\repos\JavaTutorAPI\javatutor\target\test-classes\pro\abacus\javatutor] for files matching pattern [E:/java/repos/JavaTutorAPI/javatutor/target/test-classes/pro/abacus/javatutor/**/*.class]
10:38:45,763 DEBUG org.springframework.core.io.support.PathMatchingResourcePatternResolver:783 - Searching directory [E:\java\repos\JavaTutorAPI\javatutor\target\test-classes\pro\abacus\javatutor\controller] for files matching pattern [E:/java/repos/JavaTutorAPI/javatutor/target/test-classes/pro/abacus/javatutor/**/*.class]
10:38:45,763 DEBUG org.springframework.core.io.support.PathMatchingResourcePatternResolver:783 - Searching directory [E:\java\repos\JavaTutorAPI\javatutor\target\test-classes\pro\abacus\javatutor\controller] for files matching pattern [E:/java/repos/JavaTutorAPI/javatutor/target/test-classes/pro/abacus/javatutor/**/*.class]
10:38:45,766 DEBUG org.springframework.core.io.support.PathMatchingResourcePatternResolver:783 - Searching directory [E:\java\repos\JavaTutorAPI\javatutor\target\test-classes\pro\abacus\javatutor\repository] for files matching pattern [E:/java/repos/JavaTutorAPI/javatutor/target/test-classes/pro/abacus/javatutor/**/*.class]
10:38:45,766 DEBUG org.springframework.core.io.support.PathMatchingResourcePatternResolver:783 - Searching directory [E:\java\repos\JavaTutorAPI\javatutor\target\test-classes\pro\abacus\javatutor\repository] for files matching pattern [E:/java/repos/JavaTutorAPI/javatutor/target/test-classes/pro/abacus/javatutor/**/*.class]
10:38:45,774 DEBUG org.springframework.core.io.support.PathMatchingResourcePatternResolver:783 - Searching directory [E:\java\repos\JavaTutorAPI\javatutor\target\test-classes\pro\abacus\javatutor\security] for files matching pattern [E:/java/repos/JavaTutorAPI/javatutor/target/test-classes/pro/abacus/javatutor/**/*.class]
10:38:45,774 DEBUG org.springframework.core.io.support.PathMatchingResourcePatternResolver:783 - Searching directory [E:\java\repos\JavaTutorAPI\javatutor\target\test-classes\pro\abacus\javatutor\security] for files matching pattern [E:/java/repos/JavaTutorAPI/javatutor/target/test-classes/pro/abacus/javatutor/**/*.class]
10:38:45,778 DEBUG org.springframework.core.io.support.PathMatchingResourcePatternResolver:783 - Searching directory [E:\java\repos\JavaTutorAPI\javatutor\target\test-classes\pro\abacus\javatutor\service] for files matching pattern [E:/java/repos/JavaTutorAPI/javatutor/target/test-classes/pro/abacus/javatutor/**/*.class]
10:38:45,778 DEBUG org.springframework.core.io.support.PathMatchingResourcePatternResolver:783 - Searching directory [E:\java\repos\JavaTutorAPI\javatutor\target\test-classes\pro\abacus\javatutor\service] for files matching pattern [E:/java/repos/JavaTutorAPI/javatutor/target/test-classes/pro/abacus/javatutor/**/*.class]
10:38:45,781 DEBUG org.springframework.core.io.support.PathMatchingResourcePatternResolver:721 - Looking for matching resources in directory tree [E:\java\repos\JavaTutorAPI\javatutor\target\classes\pro\abacus\javatutor]
10:38:45,781 DEBUG org.springframework.core.io.support.PathMatchingResourcePatternResolver:721 - Looking for matching resources in directory tree [E:\java\repos\JavaTutorAPI\javatutor\target\classes\pro\abacus\javatutor]
10:38:45,782 DEBUG org.springframework.core.io.support.PathMatchingResourcePatternResolver:783 - Searching directory [E:\java\repos\JavaTutorAPI\javatutor\target\classes\pro\abacus\javatutor] for files matching pattern [E:/java/repos/JavaTutorAPI/javatutor/target/classes/pro/abacus/javatutor/**/*.class]
10:38:45,782 DEBUG org.springframework.core.io.support.PathMatchingResourcePatternResolver:783 - Searching directory [E:\java\repos\JavaTutorAPI\javatutor\target\classes\pro\abacus\javatutor] for files matching pattern [E:/java/repos/JavaTutorAPI/javatutor/target/classes/pro/abacus/javatutor/**/*.class]
10:38:45,786 DEBUG org.springframework.core.io.support.PathMatchingResourcePatternResolver:783 - Searching directory [E:\java\repos\JavaTutorAPI\javatutor\target\classes\pro\abacus\javatutor\controller] for files matching pattern [E:/java/repos/JavaTutorAPI/javatutor/target/classes/pro/abacus/javatutor/**/*.class]
10:38:45,786 DEBUG org.springframework.core.io.support.PathMatchingResourcePatternResolver:783 - Searching directory [E:\java\repos\JavaTutorAPI\javatutor\target\classes\pro\abacus\javatutor\controller] for files matching pattern [E:/java/repos/JavaTutorAPI/javatutor/target/classes/pro/abacus/javatutor/**/*.class]
10:38:45,795 DEBUG org.springframework.core.io.support.PathMatchingResourcePatternResolver:783 - Searching directory [E:\java\repos\JavaTutorAPI\javatutor\target\classes\pro\abacus\javatutor\domain] for files matching pattern [E:/java/repos/JavaTutorAPI/javatutor/target/classes/pro/abacus/javatutor/**/*.class]
10:38:45,795 DEBUG org.springframework.core.io.support.PathMatchingResourcePatternResolver:783 - Searching directory [E:\java\repos\JavaTutorAPI\javatutor\target\classes\pro\abacus\javatutor\domain] for files matching pattern [E:/java/repos/JavaTutorAPI/javatutor/target/classes/pro/abacus/javatutor/**/*.class]
10:38:45,797 DEBUG org.springframework.core.io.support.PathMatchingResourcePatternResolver:783 - Searching directory [E:\java\repos\JavaTutorAPI\javatutor\target\classes\pro\abacus\javatutor\repository] for files matching pattern [E:/java/repos/JavaTutorAPI/javatutor/target/classes/pro/abacus/javatutor/**/*.class]
10:38:45,797 DEBUG org.springframework.core.io.support.PathMatchingResourcePatternResolver:783 - Searching directory [E:\java\repos\JavaTutorAPI\javatutor\target\classes\pro\abacus\javatutor\repository] for files matching pattern [E:/java/repos/JavaTutorAPI/javatutor/target/classes/pro/abacus/javatutor/**/*.class]
10:38:45,803 DEBUG org.springframework.core.io.support.PathMatchingResourcePatternResolver:783 - Searching directory [E:\java\repos\JavaTutorAPI\javatutor\target\classes\pro\abacus\javatutor\security] for files matching pattern [E:/java/repos/JavaTutorAPI/javatutor/target/classes/pro/abacus/javatutor/**/*.class]
10:38:45,803 DEBUG org.springframework.core.io.support.PathMatchingResourcePatternResolver:783 - Searching directory [E:\java\repos\JavaTutorAPI\javatutor\target\classes\pro\abacus\javatutor\security] for files matching pattern [E:/java/repos/JavaTutorAPI/javatutor/target/classes/pro/abacus/javatutor/**/*.class]
10:38:45,829 DEBUG org.springframework.core.io.support.PathMatchingResourcePatternResolver:783 - Searching directory [E:\java\repos\JavaTutorAPI\javatutor\target\classes\pro\abacus\javatutor\service] for files matching pattern [E:/java/repos/JavaTutorAPI/javatutor/target/classes/pro/abacus/javatutor/**/*.class]
10:38:45,829 DEBUG org.springframework.core.io.support.PathMatchingResourcePatternResolver:783 - Searching directory [E:\java\repos\JavaTutorAPI\javatutor\target\classes\pro\abacus\javatutor\service] for files matching pattern [E:/java/repos/JavaTutorAPI/javatutor/target/classes/pro/abacus/javatutor/**/*.class]
10:38:45,831 DEBUG org.springframework.core.io.support.PathMatchingResourcePatternResolver:514 - Resolved location pattern [classpath*:pro/abacus/javatutor/**/*.class] to resources [file [E:\java\repos\JavaTutorAPI\javatutor\target\test-classes\pro\abacus\javatutor\controller\QuestionRestControllerTest.class], file [E:\java\repos\JavaTutorAPI\javatutor\target\test-classes\pro\abacus\javatutor\controller\RegistrationControllerTest.class], file [E:\java\repos\JavaTutorAPI\javatutor\target\test-classes\pro\abacus\javatutor\JavaTutorApplicationTest.class], file [E:\java\repos\JavaTutorAPI\javatutor\target\test-classes\pro\abacus\javatutor\repository\AuthorityRepositoryTest.class], file [E:\java\repos\JavaTutorAPI\javatutor\target\test-classes\pro\abacus\javatutor\repository\JavaQuestionRepositoryTest.class], file [E:\java\repos\JavaTutorAPI\javatutor\target\test-classes\pro\abacus\javatutor\repository\UserRepositoryTest.class], file [E:\java\repos\JavaTutorAPI\javatutor\target\test-classes\pro\abacus\javatutor\security\UserDetailsServiceImplTest.class], file [E:\java\repos\JavaTutorAPI\javatutor\target\test-classes\pro\abacus\javatutor\SecurityIntegrationTest.class], file [E:\java\repos\JavaTutorAPI\javatutor\target\test-classes\pro\abacus\javatutor\service\JavaQuestionsServiceImplTest.class], file [E:\java\repos\JavaTutorAPI\javatutor\target\test-classes\pro\abacus\javatutor\service\UserServiceImplTest.class], file [E:\java\repos\JavaTutorAPI\javatutor\target\classes\pro\abacus\javatutor\controller\QuestionRestController.class], file [E:\java\repos\JavaTutorAPI\javatutor\target\classes\pro\abacus\javatutor\controller\RegistrationController.class], file [E:\java\repos\JavaTutorAPI\javatutor\target\classes\pro\abacus\javatutor\DatabaseConfiguration.class], file [E:\java\repos\JavaTutorAPI\javatutor\target\classes\pro\abacus\javatutor\domain\Authority.class], file [E:\java\repos\JavaTutorAPI\javatutor\target\classes\pro\abacus\javatutor\domain\JavaQuestion.class], file [E:\java\repos\JavaTutorAPI\javatutor\target\classes\pro\abacus\javatutor\domain\User.class], file [E:\java\repos\JavaTutorAPI\javatutor\target\classes\pro\abacus\javatutor\JavaTutorApplication.class], file [E:\java\repos\JavaTutorAPI\javatutor\target\classes\pro\abacus\javatutor\repository\AuthorityRepository.class], file [E:\java\repos\JavaTutorAPI\javatutor\target\classes\pro\abacus\javatutor\repository\JavaQuestionRepository.class], file [E:\java\repos\JavaTutorAPI\javatutor\target\classes\pro\abacus\javatutor\repository\UserRepository.class], file [E:\java\repos\JavaTutorAPI\javatutor\target\classes\pro\abacus\javatutor\security\AuthFailureHandler.class], file [E:\java\repos\JavaTutorAPI\javatutor\target\classes\pro\abacus\javatutor\security\AuthSuccessHandler.class], file [E:\java\repos\JavaTutorAPI\javatutor\target\classes\pro\abacus\javatutor\security\LogoutSuccessHandlerImpl.class], file [E:\java\repos\JavaTutorAPI\javatutor\target\classes\pro\abacus\javatutor\security\UserDetailsImpl.class], file [E:\java\repos\JavaTutorAPI\javatutor\target\classes\pro\abacus\javatutor\security\UserDetailsServiceImpl.class], file [E:\java\repos\JavaTutorAPI\javatutor\target\classes\pro\abacus\javatutor\SecurityConfiguration.class], file [E:\java\repos\JavaTutorAPI\javatutor\target\classes\pro\abacus\javatutor\service\JavaQuestionsService.class], file [E:\java\repos\JavaTutorAPI\javatutor\target\classes\pro\abacus\javatutor\service\JavaQuestionsServiceImpl.class], file [E:\java\repos\JavaTutorAPI\javatutor\target\classes\pro\abacus\javatutor\service\UserService.class], file [E:\java\repos\JavaTutorAPI\javatutor\target\classes\pro\abacus\javatutor\service\UserServiceImpl.class]]
10:38:45,831 DEBUG org.springframework.core.io.support.PathMatchingResourcePatternResolver:514 - Resolved location pattern [classpath*:pro/abacus/javatutor/**/*.class] to resources [file [E:\java\repos\JavaTutorAPI\javatutor\target\test-classes\pro\abacus\javatutor\controller\QuestionRestControllerTest.class], file [E:\java\repos\JavaTutorAPI\javatutor\target\test-classes\pro\abacus\javatutor\controller\RegistrationControllerTest.class], file [E:\java\repos\JavaTutorAPI\javatutor\target\test-classes\pro\abacus\javatutor\JavaTutorApplicationTest.class], file [E:\java\repos\JavaTutorAPI\javatutor\target\test-classes\pro\abacus\javatutor\repository\AuthorityRepositoryTest.class], file [E:\java\repos\JavaTutorAPI\javatutor\target\test-classes\pro\abacus\javatutor\repository\JavaQuestionRepositoryTest.class], file [E:\java\repos\JavaTutorAPI\javatutor\target\test-classes\pro\abacus\javatutor\repository\UserRepositoryTest.class], file [E:\java\repos\JavaTutorAPI\javatutor\target\test-classes\pro\abacus\javatutor\security\UserDetailsServiceImplTest.class], file [E:\java\repos\JavaTutorAPI\javatutor\target\test-classes\pro\abacus\javatutor\SecurityIntegrationTest.class], file [E:\java\repos\JavaTutorAPI\javatutor\target\test-classes\pro\abacus\javatutor\service\JavaQuestionsServiceImplTest.class], file [E:\java\repos\JavaTutorAPI\javatutor\target\test-classes\pro\abacus\javatutor\service\UserServiceImplTest.class], file [E:\java\repos\JavaTutorAPI\javatutor\target\classes\pro\abacus\javatutor\controller\QuestionRestController.class], file [E:\java\repos\JavaTutorAPI\javatutor\target\classes\pro\abacus\javatutor\controller\RegistrationController.class], file [E:\java\repos\JavaTutorAPI\javatutor\target\classes\pro\abacus\javatutor\DatabaseConfiguration.class], file [E:\java\repos\JavaTutorAPI\javatutor\target\classes\pro\abacus\javatutor\domain\Authority.class], file [E:\java\repos\JavaTutorAPI\javatutor\target\classes\pro\abacus\javatutor\domain\JavaQuestion.class], file [E:\java\repos\JavaTutorAPI\javatutor\target\classes\pro\abacus\javatutor\domain\User.class], file [E:\java\repos\JavaTutorAPI\javatutor\target\classes\pro\abacus\javatutor\JavaTutorApplication.class], file [E:\java\repos\JavaTutorAPI\javatutor\target\classes\pro\abacus\javatutor\repository\AuthorityRepository.class], file [E:\java\repos\JavaTutorAPI\javatutor\target\classes\pro\abacus\javatutor\repository\JavaQuestionRepository.class], file [E:\java\repos\JavaTutorAPI\javatutor\target\classes\pro\abacus\javatutor\repository\UserRepository.class], file [E:\java\repos\JavaTutorAPI\javatutor\target\classes\pro\abacus\javatutor\security\AuthFailureHandler.class], file [E:\java\repos\JavaTutorAPI\javatutor\target\classes\pro\abacus\javatutor\security\AuthSuccessHandler.class], file [E:\java\repos\JavaTutorAPI\javatutor\target\classes\pro\abacus\javatutor\security\LogoutSuccessHandlerImpl.class], file [E:\java\repos\JavaTutorAPI\javatutor\target\classes\pro\abacus\javatutor\security\UserDetailsImpl.class], file [E:\java\repos\JavaTutorAPI\javatutor\target\classes\pro\abacus\javatutor\security\UserDetailsServiceImpl.class], file [E:\java\repos\JavaTutorAPI\javatutor\target\classes\pro\abacus\javatutor\SecurityConfiguration.class], file [E:\java\repos\JavaTutorAPI\javatutor\target\classes\pro\abacus\javatutor\service\JavaQuestionsService.class], file [E:\java\repos\JavaTutorAPI\javatutor\target\classes\pro\abacus\javatutor\service\JavaQuestionsServiceImpl.class], file [E:\java\repos\JavaTutorAPI\javatutor\target\classes\pro\abacus\javatutor\service\UserService.class], file [E:\java\repos\JavaTutorAPI\javatutor\target\classes\pro\abacus\javatutor\service\UserServiceImpl.class]]
10:38:45,832 TRACE org.springframework.context.annotation.ClassPathScanningCandidateComponentProvider:426 - Scanning file [E:\java\repos\JavaTutorAPI\javatutor\target\test-classes\pro\abacus\javatutor\controller\QuestionRestControllerTest.class]
10:38:45,832 TRACE org.springframework.context.annotation.ClassPathScanningCandidateComponentProvider:426 - Scanning file [E:\java\repos\JavaTutorAPI\javatutor\target\test-classes\pro\abacus\javatutor\controller\QuestionRestControllerTest.class]
10:38:45,834 TRACE org.springframework.context.annotation.ClassPathScanningCandidateComponentProvider:449 - Ignored because not matching any filter: file [E:\java\repos\JavaTutorAPI\javatutor\target\test-classes\pro\abacus\javatutor\controller\QuestionRestControllerTest.class]
10:38:45,834 TRACE org.springframework.context.annotation.ClassPathScanningCandidateComponentProvider:449 - Ignored because not matching any filter: file [E:\java\repos\JavaTutorAPI\javatutor\target\test-classes\pro\abacus\javatutor\controller\QuestionRestControllerTest.class]
10:38:45,834 TRACE org.springframework.context.annotation.ClassPathScanningCandidateComponentProvider:426 - Scanning file [E:\java\repos\JavaTutorAPI\javatutor\target\test-classes\pro\abacus\javatutor\controller\RegistrationControllerTest.class]
10:38:45,834 TRACE org.springframework.context.annotation.ClassPathScanningCandidateComponentProvider:426 - Scanning file [E:\java\repos\JavaTutorAPI\javatutor\target\test-classes\pro\abacus\javatutor\controller\RegistrationControllerTest.class]
10:38:45,836 TRACE org.springframework.context.annotation.ClassPathScanningCandidateComponentProvider:449 - Ignored because not matching any filter: file [E:\java\repos\JavaTutorAPI\javatutor\target\test-classes\pro\abacus\javatutor\controller\RegistrationControllerTest.class]
10:38:45,836 TRACE org.springframework.context.annotation.ClassPathScanningCandidateComponentProvider:449 - Ignored because not matching any filter: file [E:\java\repos\JavaTutorAPI\javatutor\target\test-classes\pro\abacus\javatutor\controller\RegistrationControllerTest.class]
10:38:45,836 TRACE org.springframework.context.annotation.ClassPathScanningCandidateComponentProvider:426 - Scanning file [E:\java\repos\JavaTutorAPI\javatutor\target\test-classes\pro\abacus\javatutor\JavaTutorApplicationTest.class]
10:38:45,836 TRACE org.springframework.context.annotation.ClassPathScanningCandidateComponentProvider:426 - Scanning file [E:\java\repos\JavaTutorAPI\javatutor\target\test-classes\pro\abacus\javatutor\JavaTutorApplicationTest.class]
10:38:45,837 TRACE org.springframework.context.annotation.ClassPathScanningCandidateComponentProvider:449 - Ignored because not matching any filter: file [E:\java\repos\JavaTutorAPI\javatutor\target\test-classes\pro\abacus\javatutor\JavaTutorApplicationTest.class]
10:38:45,837 TRACE org.springframework.context.annotation.ClassPathScanningCandidateComponentProvider:449 - Ignored because not matching any filter: file [E:\java\repos\JavaTutorAPI\javatutor\target\test-classes\pro\abacus\javatutor\JavaTutorApplicationTest.class]
10:38:45,841 TRACE org.springframework.context.annotation.ClassPathScanningCandidateComponentProvider:426 - Scanning file [E:\java\repos\JavaTutorAPI\javatutor\target\test-classes\pro\abacus\javatutor\repository\AuthorityRepositoryTest.class]
10:38:45,841 TRACE org.springframework.context.annotation.ClassPathScanningCandidateComponentProvider:426 - Scanning file [E:\java\repos\JavaTutorAPI\javatutor\target\test-classes\pro\abacus\javatutor\repository\AuthorityRepositoryTest.class]
10:38:45,842 TRACE org.springframework.context.annotation.ClassPathScanningCandidateComponentProvider:449 - Ignored because not matching any filter: file [E:\java\repos\JavaTutorAPI\javatutor\target\test-classes\pro\abacus\javatutor\repository\AuthorityRepositoryTest.class]
10:38:45,842 TRACE org.springframework.context.annotation.ClassPathScanningCandidateComponentProvider:449 - Ignored because not matching any filter: file [E:\java\repos\JavaTutorAPI\javatutor\target\test-classes\pro\abacus\javatutor\repository\AuthorityRepositoryTest.class]
10:38:45,843 TRACE org.springframework.context.annotation.ClassPathScanningCandidateComponentProvider:426 - Scanning file [E:\java\repos\JavaTutorAPI\javatutor\target\test-classes\pro\abacus\javatutor\repository\JavaQuestionRepositoryTest.class]
10:38:45,843 TRACE org.springframework.context.annotation.ClassPathScanningCandidateComponentProvider:426 - Scanning file [E:\java\repos\JavaTutorAPI\javatutor\target\test-classes\pro\abacus\javatutor\repository\JavaQuestionRepositoryTest.class]
10:38:45,844 TRACE org.springframework.context.annotation.ClassPathScanningCandidateComponentProvider:449 - Ignored because not matching any filter: file [E:\java\repos\JavaTutorAPI\javatutor\target\test-classes\pro\abacus\javatutor\repository\JavaQuestionRepositoryTest.class]
10:38:45,844 TRACE org.springframework.context.annotation.ClassPathScanningCandidateComponentProvider:449 - Ignored because not matching any filter: file [E:\java\repos\JavaTutorAPI\javatutor\target\test-classes\pro\abacus\javatutor\repository\JavaQuestionRepositoryTest.class]
10:38:45,845 TRACE org.springframework.context.annotation.ClassPathScanningCandidateComponentProvider:426 - Scanning file [E:\java\repos\JavaTutorAPI\javatutor\target\test-classes\pro\abacus\javatutor\repository\UserRepositoryTest.class]
10:38:45,845 TRACE org.springframework.context.annotation.ClassPathScanningCandidateComponentProvider:426 - Scanning file [E:\java\repos\JavaTutorAPI\javatutor\target\test-classes\pro\abacus\javatutor\repository\UserRepositoryTest.class]
10:38:45,846 TRACE org.springframework.context.annotation.ClassPathScanningCandidateComponentProvider:449 - Ignored because not matching any filter: file [E:\java\repos\JavaTutorAPI\javatutor\target\test-classes\pro\abacus\javatutor\repository\UserRepositoryTest.class]
10:38:45,846 TRACE org.springframework.context.annotation.ClassPathScanningCandidateComponentProvider:449 - Ignored because not matching any filter: file [E:\java\repos\JavaTutorAPI\javatutor\target\test-classes\pro\abacus\javatutor\repository\UserRepositoryTest.class]
10:38:45,847 TRACE org.springframework.context.annotation.ClassPathScanningCandidateComponentProvider:426 - Scanning file [E:\java\repos\JavaTutorAPI\javatutor\target\test-classes\pro\abacus\javatutor\security\UserDetailsServiceImplTest.class]
10:38:45,847 TRACE org.springframework.context.annotation.ClassPathScanningCandidateComponentProvider:426 - Scanning file [E:\java\repos\JavaTutorAPI\javatutor\target\test-classes\pro\abacus\javatutor\security\UserDetailsServiceImplTest.class]
10:38:45,848 TRACE org.springframework.context.annotation.ClassPathScanningCandidateComponentProvider:449 - Ignored because not matching any filter: file [E:\java\repos\JavaTutorAPI\javatutor\target\test-classes\pro\abacus\javatutor\security\UserDetailsServiceImplTest.class]
10:38:45,848 TRACE org.springframework.context.annotation.ClassPathScanningCandidateComponentProvider:449 - Ignored because not matching any filter: file [E:\java\repos\JavaTutorAPI\javatutor\target\test-classes\pro\abacus\javatutor\security\UserDetailsServiceImplTest.class]
10:38:45,849 TRACE org.springframework.context.annotation.ClassPathScanningCandidateComponentProvider:426 - Scanning file [E:\java\repos\JavaTutorAPI\javatutor\target\test-classes\pro\abacus\javatutor\SecurityIntegrationTest.class]
10:38:45,849 TRACE org.springframework.context.annotation.ClassPathScanningCandidateComponentProvider:426 - Scanning file [E:\java\repos\JavaTutorAPI\javatutor\target\test-classes\pro\abacus\javatutor\SecurityIntegrationTest.class]
10:38:45,851 TRACE org.springframework.context.annotation.ClassPathScanningCandidateComponentProvider:449 - Ignored because not matching any filter: file [E:\java\repos\JavaTutorAPI\javatutor\target\test-classes\pro\abacus\javatutor\SecurityIntegrationTest.class]
10:38:45,851 TRACE org.springframework.context.annotation.ClassPathScanningCandidateComponentProvider:449 - Ignored because not matching any filter: file [E:\java\repos\JavaTutorAPI\javatutor\target\test-classes\pro\abacus\javatutor\SecurityIntegrationTest.class]
10:38:45,852 TRACE org.springframework.context.annotation.ClassPathScanningCandidateComponentProvider:426 - Scanning file [E:\java\repos\JavaTutorAPI\javatutor\target\test-classes\pro\abacus\javatutor\service\JavaQuestionsServiceImplTest.class]
10:38:45,852 TRACE org.springframework.context.annotation.ClassPathScanningCandidateComponentProvider:426 - Scanning file [E:\java\repos\JavaTutorAPI\javatutor\target\test-classes\pro\abacus\javatutor\service\JavaQuestionsServiceImplTest.class]
10:38:45,853 TRACE org.springframework.context.annotation.ClassPathScanningCandidateComponentProvider:449 - Ignored because not matching any filter: file [E:\java\repos\JavaTutorAPI\javatutor\target\test-classes\pro\abacus\javatutor\service\JavaQuestionsServiceImplTest.class]
10:38:45,853 TRACE org.springframework.context.annotation.ClassPathScanningCandidateComponentProvider:449 - Ignored because not matching any filter: file [E:\java\repos\JavaTutorAPI\javatutor\target\test-classes\pro\abacus\javatutor\service\JavaQuestionsServiceImplTest.class]
10:38:45,854 TRACE org.springframework.context.annotation.ClassPathScanningCandidateComponentProvider:426 - Scanning file [E:\java\repos\JavaTutorAPI\javatutor\target\test-classes\pro\abacus\javatutor\service\UserServiceImplTest.class]
10:38:45,854 TRACE org.springframework.context.annotation.ClassPathScanningCandidateComponentProvider:426 - Scanning file [E:\java\repos\JavaTutorAPI\javatutor\target\test-classes\pro\abacus\javatutor\service\UserServiceImplTest.class]
10:38:45,856 TRACE org.springframework.context.annotation.ClassPathScanningCandidateComponentProvider:449 - Ignored because not matching any filter: file [E:\java\repos\JavaTutorAPI\javatutor\target\test-classes\pro\abacus\javatutor\service\UserServiceImplTest.class]
10:38:45,856 TRACE org.springframework.context.annotation.ClassPathScanningCandidateComponentProvider:449 - Ignored because not matching any filter: file [E:\java\repos\JavaTutorAPI\javatutor\target\test-classes\pro\abacus\javatutor\service\UserServiceImplTest.class]
10:38:45,857 TRACE org.springframework.context.annotation.ClassPathScanningCandidateComponentProvider:426 - Scanning file [E:\java\repos\JavaTutorAPI\javatutor\target\classes\pro\abacus\javatutor\controller\QuestionRestController.class]
10:38:45,857 TRACE org.springframework.context.annotation.ClassPathScanningCandidateComponentProvider:426 - Scanning file [E:\java\repos\JavaTutorAPI\javatutor\target\classes\pro\abacus\javatutor\controller\QuestionRestController.class]
10:38:45,858 TRACE org.springframework.context.annotation.ClassPathScanningCandidateComponentProvider:449 - Ignored because not matching any filter: file [E:\java\repos\JavaTutorAPI\javatutor\target\classes\pro\abacus\javatutor\controller\QuestionRestController.class]
10:38:45,858 TRACE org.springframework.context.annotation.ClassPathScanningCandidateComponentProvider:449 - Ignored because not matching any filter: file [E:\java\repos\JavaTutorAPI\javatutor\target\classes\pro\abacus\javatutor\controller\QuestionRestController.class]
10:38:45,858 TRACE org.springframework.context.annotation.ClassPathScanningCandidateComponentProvider:426 - Scanning file [E:\java\repos\JavaTutorAPI\javatutor\target\classes\pro\abacus\javatutor\controller\RegistrationController.class]
10:38:45,858 TRACE org.springframework.context.annotation.ClassPathScanningCandidateComponentProvider:426 - Scanning file [E:\java\repos\JavaTutorAPI\javatutor\target\classes\pro\abacus\javatutor\controller\RegistrationController.class]
10:38:45,859 TRACE org.springframework.context.annotation.ClassPathScanningCandidateComponentProvider:449 - Ignored because not matching any filter: file [E:\java\repos\JavaTutorAPI\javatutor\target\classes\pro\abacus\javatutor\controller\RegistrationController.class]
10:38:45,859 TRACE org.springframework.context.annotation.ClassPathScanningCandidateComponentProvider:449 - Ignored because not matching any filter: file [E:\java\repos\JavaTutorAPI\javatutor\target\classes\pro\abacus\javatutor\controller\RegistrationController.class]
10:38:45,860 TRACE org.springframework.context.annotation.ClassPathScanningCandidateComponentProvider:426 - Scanning file [E:\java\repos\JavaTutorAPI\javatutor\target\classes\pro\abacus\javatutor\DatabaseConfiguration.class]
10:38:45,860 TRACE org.springframework.context.annotation.ClassPathScanningCandidateComponentProvider:426 - Scanning file [E:\java\repos\JavaTutorAPI\javatutor\target\classes\pro\abacus\javatutor\DatabaseConfiguration.class]
10:38:45,862 TRACE org.springframework.context.annotation.ClassPathScanningCandidateComponentProvider:449 - Ignored because not matching any filter: file [E:\java\repos\JavaTutorAPI\javatutor\target\classes\pro\abacus\javatutor\DatabaseConfiguration.class]
10:38:45,862 TRACE org.springframework.context.annotation.ClassPathScanningCandidateComponentProvider:449 - Ignored because not matching any filter: file [E:\java\repos\JavaTutorAPI\javatutor\target\classes\pro\abacus\javatutor\DatabaseConfiguration.class]
10:38:45,862 TRACE org.springframework.context.annotation.ClassPathScanningCandidateComponentProvider:426 - Scanning file [E:\java\repos\JavaTutorAPI\javatutor\target\classes\pro\abacus\javatutor\domain\Authority.class]
10:38:45,862 TRACE org.springframework.context.annotation.ClassPathScanningCandidateComponentProvider:426 - Scanning file [E:\java\repos\JavaTutorAPI\javatutor\target\classes\pro\abacus\javatutor\domain\Authority.class]
10:38:45,863 DEBUG org.springframework.context.annotation.ClassPathScanningCandidateComponentProvider:437 - Identified candidate component class: file [E:\java\repos\JavaTutorAPI\javatutor\target\classes\pro\abacus\javatutor\domain\Authority.class]
10:38:45,863 DEBUG org.springframework.context.annotation.ClassPathScanningCandidateComponentProvider:437 - Identified candidate component class: file [E:\java\repos\JavaTutorAPI\javatutor\target\classes\pro\abacus\javatutor\domain\Authority.class]
10:38:45,864 TRACE org.springframework.context.annotation.ClassPathScanningCandidateComponentProvider:426 - Scanning file [E:\java\repos\JavaTutorAPI\javatutor\target\classes\pro\abacus\javatutor\domain\JavaQuestion.class]
10:38:45,864 TRACE org.springframework.context.annotation.ClassPathScanningCandidateComponentProvider:426 - Scanning file [E:\java\repos\JavaTutorAPI\javatutor\target\classes\pro\abacus\javatutor\domain\JavaQuestion.class]
10:38:45,865 DEBUG org.springframework.context.annotation.ClassPathScanningCandidateComponentProvider:437 - Identified candidate component class: file [E:\java\repos\JavaTutorAPI\javatutor\target\classes\pro\abacus\javatutor\domain\JavaQuestion.class]
10:38:45,865 DEBUG org.springframework.context.annotation.ClassPathScanningCandidateComponentProvider:437 - Identified candidate component class: file [E:\java\repos\JavaTutorAPI\javatutor\target\classes\pro\abacus\javatutor\domain\JavaQuestion.class]
10:38:45,866 TRACE org.springframework.context.annotation.ClassPathScanningCandidateComponentProvider:426 - Scanning file [E:\java\repos\JavaTutorAPI\javatutor\target\classes\pro\abacus\javatutor\domain\User.class]
10:38:45,866 TRACE org.springframework.context.annotation.ClassPathScanningCandidateComponentProvider:426 - Scanning file [E:\java\repos\JavaTutorAPI\javatutor\target\classes\pro\abacus\javatutor\domain\User.class]
10:38:45,867 DEBUG org.springframework.context.annotation.ClassPathScanningCandidateComponentProvider:437 - Identified candidate component class: file [E:\java\repos\JavaTutorAPI\javatutor\target\classes\pro\abacus\javatutor\domain\User.class]
10:38:45,867 DEBUG org.springframework.context.annotation.ClassPathScanningCandidateComponentProvider:437 - Identified candidate component class: file [E:\java\repos\JavaTutorAPI\javatutor\target\classes\pro\abacus\javatutor\domain\User.class]
10:38:45,868 TRACE org.springframework.context.annotation.ClassPathScanningCandidateComponentProvider:426 - Scanning file [E:\java\repos\JavaTutorAPI\javatutor\target\classes\pro\abacus\javatutor\JavaTutorApplication.class]
10:38:45,868 TRACE org.springframework.context.annotation.ClassPathScanningCandidateComponentProvider:426 - Scanning file [E:\java\repos\JavaTutorAPI\javatutor\target\classes\pro\abacus\javatutor\JavaTutorApplication.class]
10:38:45,869 TRACE org.springframework.context.annotation.ClassPathScanningCandidateComponentProvider:449 - Ignored because not matching any filter: file [E:\java\repos\JavaTutorAPI\javatutor\target\classes\pro\abacus\javatutor\JavaTutorApplication.class]
10:38:45,869 TRACE org.springframework.context.annotation.ClassPathScanningCandidateComponentProvider:449 - Ignored because not matching any filter: file [E:\java\repos\JavaTutorAPI\javatutor\target\classes\pro\abacus\javatutor\JavaTutorApplication.class]
10:38:45,870 TRACE org.springframework.context.annotation.ClassPathScanningCandidateComponentProvider:426 - Scanning file [E:\java\repos\JavaTutorAPI\javatutor\target\classes\pro\abacus\javatutor\repository\AuthorityRepository.class]
10:38:45,870 TRACE org.springframework.context.annotation.ClassPathScanningCandidateComponentProvider:426 - Scanning file [E:\java\repos\JavaTutorAPI\javatutor\target\classes\pro\abacus\javatutor\repository\AuthorityRepository.class]
10:38:45,874 TRACE org.springframework.context.annotation.ClassPathScanningCandidateComponentProvider:449 - Ignored because not matching any filter: file [E:\java\repos\JavaTutorAPI\javatutor\target\classes\pro\abacus\javatutor\repository\AuthorityRepository.class]
10:38:45,874 TRACE org.springframework.context.annotation.ClassPathScanningCandidateComponentProvider:449 - Ignored because not matching any filter: file [E:\java\repos\JavaTutorAPI\javatutor\target\classes\pro\abacus\javatutor\repository\AuthorityRepository.class]
10:38:45,875 TRACE org.springframework.context.annotation.ClassPathScanningCandidateComponentProvider:426 - Scanning file [E:\java\repos\JavaTutorAPI\javatutor\target\classes\pro\abacus\javatutor\repository\JavaQuestionRepository.class]
10:38:45,875 TRACE org.springframework.context.annotation.ClassPathScanningCandidateComponentProvider:426 - Scanning file [E:\java\repos\JavaTutorAPI\javatutor\target\classes\pro\abacus\javatutor\repository\JavaQuestionRepository.class]
10:38:45,877 TRACE org.springframework.context.annotation.ClassPathScanningCandidateComponentProvider:449 - Ignored because not matching any filter: file [E:\java\repos\JavaTutorAPI\javatutor\target\classes\pro\abacus\javatutor\repository\JavaQuestionRepository.class]
10:38:45,877 TRACE org.springframework.context.annotation.ClassPathScanningCandidateComponentProvider:449 - Ignored because not matching any filter: file [E:\java\repos\JavaTutorAPI\javatutor\target\classes\pro\abacus\javatutor\repository\JavaQuestionRepository.class]
10:38:45,878 TRACE org.springframework.context.annotation.ClassPathScanningCandidateComponentProvider:426 - Scanning file [E:\java\repos\JavaTutorAPI\javatutor\target\classes\pro\abacus\javatutor\repository\UserRepository.class]
10:38:45,878 TRACE org.springframework.context.annotation.ClassPathScanningCandidateComponentProvider:426 - Scanning file [E:\java\repos\JavaTutorAPI\javatutor\target\classes\pro\abacus\javatutor\repository\UserRepository.class]
10:38:45,880 TRACE org.springframework.context.annotation.ClassPathScanningCandidateComponentProvider:449 - Ignored because not matching any filter: file [E:\java\repos\JavaTutorAPI\javatutor\target\classes\pro\abacus\javatutor\repository\UserRepository.class]
10:38:45,880 TRACE org.springframework.context.annotation.ClassPathScanningCandidateComponentProvider:449 - Ignored because not matching any filter: file [E:\java\repos\JavaTutorAPI\javatutor\target\classes\pro\abacus\javatutor\repository\UserRepository.class]
10:38:45,881 TRACE org.springframework.context.annotation.ClassPathScanningCandidateComponentProvider:426 - Scanning file [E:\java\repos\JavaTutorAPI\javatutor\target\classes\pro\abacus\javatutor\security\AuthFailureHandler.class]
10:38:45,881 TRACE org.springframework.context.annotation.ClassPathScanningCandidateComponentProvider:426 - Scanning file [E:\java\repos\JavaTutorAPI\javatutor\target\classes\pro\abacus\javatutor\security\AuthFailureHandler.class]
10:38:45,882 TRACE org.springframework.context.annotation.ClassPathScanningCandidateComponentProvider:449 - Ignored because not matching any filter: file [E:\java\repos\JavaTutorAPI\javatutor\target\classes\pro\abacus\javatutor\security\AuthFailureHandler.class]
10:38:45,882 TRACE org.springframework.context.annotation.ClassPathScanningCandidateComponentProvider:449 - Ignored because not matching any filter: file [E:\java\repos\JavaTutorAPI\javatutor\target\classes\pro\abacus\javatutor\security\AuthFailureHandler.class]
10:38:45,883 TRACE org.springframework.context.annotation.ClassPathScanningCandidateComponentProvider:426 - Scanning file [E:\java\repos\JavaTutorAPI\javatutor\target\classes\pro\abacus\javatutor\security\AuthSuccessHandler.class]
10:38:45,883 TRACE org.springframework.context.annotation.ClassPathScanningCandidateComponentProvider:426 - Scanning file [E:\java\repos\JavaTutorAPI\javatutor\target\classes\pro\abacus\javatutor\security\AuthSuccessHandler.class]
10:38:45,884 TRACE org.springframework.context.annotation.ClassPathScanningCandidateComponentProvider:449 - Ignored because not matching any filter: file [E:\java\repos\JavaTutorAPI\javatutor\target\classes\pro\abacus\javatutor\security\AuthSuccessHandler.class]
10:38:45,884 TRACE org.springframework.context.annotation.ClassPathScanningCandidateComponentProvider:449 - Ignored because not matching any filter: file [E:\java\repos\JavaTutorAPI\javatutor\target\classes\pro\abacus\javatutor\security\AuthSuccessHandler.class]
10:38:45,886 TRACE org.springframework.context.annotation.ClassPathScanningCandidateComponentProvider:426 - Scanning file [E:\java\repos\JavaTutorAPI\javatutor\target\classes\pro\abacus\javatutor\security\LogoutSuccessHandlerImpl.class]
10:38:45,886 TRACE org.springframework.context.annotation.ClassPathScanningCandidateComponentProvider:426 - Scanning file [E:\java\repos\JavaTutorAPI\javatutor\target\classes\pro\abacus\javatutor\security\LogoutSuccessHandlerImpl.class]
10:38:45,887 TRACE org.springframework.context.annotation.ClassPathScanningCandidateComponentProvider:449 - Ignored because not matching any filter: file [E:\java\repos\JavaTutorAPI\javatutor\target\classes\pro\abacus\javatutor\security\LogoutSuccessHandlerImpl.class]
10:38:45,887 TRACE org.springframework.context.annotation.ClassPathScanningCandidateComponentProvider:449 - Ignored because not matching any filter: file [E:\java\repos\JavaTutorAPI\javatutor\target\classes\pro\abacus\javatutor\security\LogoutSuccessHandlerImpl.class]
10:38:45,888 TRACE org.springframework.context.annotation.ClassPathScanningCandidateComponentProvider:426 - Scanning file [E:\java\repos\JavaTutorAPI\javatutor\target\classes\pro\abacus\javatutor\security\UserDetailsImpl.class]
10:38:45,888 TRACE org.springframework.context.annotation.ClassPathScanningCandidateComponentProvider:426 - Scanning file [E:\java\repos\JavaTutorAPI\javatutor\target\classes\pro\abacus\javatutor\security\UserDetailsImpl.class]
10:38:45,892 DEBUG org.springframework.context.annotation.ClassPathScanningCandidateComponentProvider:437 - Identified candidate component class: file [E:\java\repos\JavaTutorAPI\javatutor\target\classes\pro\abacus\javatutor\security\UserDetailsImpl.class]
10:38:45,892 DEBUG org.springframework.context.annotation.ClassPathScanningCandidateComponentProvider:437 - Identified candidate component class: file [E:\java\repos\JavaTutorAPI\javatutor\target\classes\pro\abacus\javatutor\security\UserDetailsImpl.class]
10:38:45,893 TRACE org.springframework.context.annotation.ClassPathScanningCandidateComponentProvider:426 - Scanning file [E:\java\repos\JavaTutorAPI\javatutor\target\classes\pro\abacus\javatutor\security\UserDetailsServiceImpl.class]
10:38:45,893 TRACE org.springframework.context.annotation.ClassPathScanningCandidateComponentProvider:426 - Scanning file [E:\java\repos\JavaTutorAPI\javatutor\target\classes\pro\abacus\javatutor\security\UserDetailsServiceImpl.class]
10:38:45,894 TRACE org.springframework.context.annotation.ClassPathScanningCandidateComponentProvider:449 - Ignored because not matching any filter: file [E:\java\repos\JavaTutorAPI\javatutor\target\classes\pro\abacus\javatutor\security\UserDetailsServiceImpl.class]
10:38:45,894 TRACE org.springframework.context.annotation.ClassPathScanningCandidateComponentProvider:449 - Ignored because not matching any filter: file [E:\java\repos\JavaTutorAPI\javatutor\target\classes\pro\abacus\javatutor\security\UserDetailsServiceImpl.class]
10:38:45,895 TRACE org.springframework.context.annotation.ClassPathScanningCandidateComponentProvider:426 - Scanning file [E:\java\repos\JavaTutorAPI\javatutor\target\classes\pro\abacus\javatutor\SecurityConfiguration.class]
10:38:45,895 TRACE org.springframework.context.annotation.ClassPathScanningCandidateComponentProvider:426 - Scanning file [E:\java\repos\JavaTutorAPI\javatutor\target\classes\pro\abacus\javatutor\SecurityConfiguration.class]
10:38:45,896 TRACE org.springframework.context.annotation.ClassPathScanningCandidateComponentProvider:449 - Ignored because not matching any filter: file [E:\java\repos\JavaTutorAPI\javatutor\target\classes\pro\abacus\javatutor\SecurityConfiguration.class]
10:38:45,896 TRACE org.springframework.context.annotation.ClassPathScanningCandidateComponentProvider:449 - Ignored because not matching any filter: file [E:\java\repos\JavaTutorAPI\javatutor\target\classes\pro\abacus\javatutor\SecurityConfiguration.class]
10:38:45,897 TRACE org.springframework.context.annotation.ClassPathScanningCandidateComponentProvider:426 - Scanning file [E:\java\repos\JavaTutorAPI\javatutor\target\classes\pro\abacus\javatutor\service\JavaQuestionsService.class]
10:38:45,897 TRACE org.springframework.context.annotation.ClassPathScanningCandidateComponentProvider:426 - Scanning file [E:\java\repos\JavaTutorAPI\javatutor\target\classes\pro\abacus\javatutor\service\JavaQuestionsService.class]
10:38:45,898 TRACE org.springframework.context.annotation.ClassPathScanningCandidateComponentProvider:449 - Ignored because not matching any filter: file [E:\java\repos\JavaTutorAPI\javatutor\target\classes\pro\abacus\javatutor\service\JavaQuestionsService.class]
10:38:45,898 TRACE org.springframework.context.annotation.ClassPathScanningCandidateComponentProvider:449 - Ignored because not matching any filter: file [E:\java\repos\JavaTutorAPI\javatutor\target\classes\pro\abacus\javatutor\service\JavaQuestionsService.class]
10:38:45,899 TRACE org.springframework.context.annotation.ClassPathScanningCandidateComponentProvider:426 - Scanning file [E:\java\repos\JavaTutorAPI\javatutor\target\classes\pro\abacus\javatutor\service\JavaQuestionsServiceImpl.class]
10:38:45,899 TRACE org.springframework.context.annotation.ClassPathScanningCandidateComponentProvider:426 - Scanning file [E:\java\repos\JavaTutorAPI\javatutor\target\classes\pro\abacus\javatutor\service\JavaQuestionsServiceImpl.class]
10:38:45,900 TRACE org.springframework.context.annotation.ClassPathScanningCandidateComponentProvider:449 - Ignored because not matching any filter: file [E:\java\repos\JavaTutorAPI\javatutor\target\classes\pro\abacus\javatutor\service\JavaQuestionsServiceImpl.class]
10:38:45,900 TRACE org.springframework.context.annotation.ClassPathScanningCandidateComponentProvider:449 - Ignored because not matching any filter: file [E:\java\repos\JavaTutorAPI\javatutor\target\classes\pro\abacus\javatutor\service\JavaQuestionsServiceImpl.class]
10:38:45,901 TRACE org.springframework.context.annotation.ClassPathScanningCandidateComponentProvider:426 - Scanning file [E:\java\repos\JavaTutorAPI\javatutor\target\classes\pro\abacus\javatutor\service\UserService.class]
10:38:45,901 TRACE org.springframework.context.annotation.ClassPathScanningCandidateComponentProvider:426 - Scanning file [E:\java\repos\JavaTutorAPI\javatutor\target\classes\pro\abacus\javatutor\service\UserService.class]
10:38:45,902 TRACE org.springframework.context.annotation.ClassPathScanningCandidateComponentProvider:449 - Ignored because not matching any filter: file [E:\java\repos\JavaTutorAPI\javatutor\target\classes\pro\abacus\javatutor\service\UserService.class]
10:38:45,902 TRACE org.springframework.context.annotation.ClassPathScanningCandidateComponentProvider:449 - Ignored because not matching any filter: file [E:\java\repos\JavaTutorAPI\javatutor\target\classes\pro\abacus\javatutor\service\UserService.class]
10:38:45,903 TRACE org.springframework.context.annotation.ClassPathScanningCandidateComponentProvider:426 - Scanning file [E:\java\repos\JavaTutorAPI\javatutor\target\classes\pro\abacus\javatutor\service\UserServiceImpl.class]
10:38:45,903 TRACE org.springframework.context.annotation.ClassPathScanningCandidateComponentProvider:426 - Scanning file [E:\java\repos\JavaTutorAPI\javatutor\target\classes\pro\abacus\javatutor\service\UserServiceImpl.class]
10:38:45,904 TRACE org.springframework.context.annotation.ClassPathScanningCandidateComponentProvider:449 - Ignored because not matching any filter: file [E:\java\repos\JavaTutorAPI\javatutor\target\classes\pro\abacus\javatutor\service\UserServiceImpl.class]
10:38:45,904 TRACE org.springframework.context.annotation.ClassPathScanningCandidateComponentProvider:449 - Ignored because not matching any filter: file [E:\java\repos\JavaTutorAPI\javatutor\target\classes\pro\abacus\javatutor\service\UserServiceImpl.class]
10:38:45,913 DEBUG org.springframework.beans.factory.support.DefaultListableBeanFactory:569 - Eagerly caching bean 'mongoMappingContext' to allow for resolving potential circular references
10:38:45,913 DEBUG org.springframework.beans.factory.support.DefaultListableBeanFactory:569 - Eagerly caching bean 'mongoMappingContext' to allow for resolving potential circular references
10:38:45,914 TRACE org.springframework.beans.CachedIntrospectionResults:271 - Getting BeanInfo for class [org.springframework.data.mongodb.core.mapping.MongoMappingContext]
10:38:45,914 TRACE org.springframework.beans.CachedIntrospectionResults:271 - Getting BeanInfo for class [org.springframework.data.mongodb.core.mapping.MongoMappingContext]
10:38:45,925 TRACE org.springframework.beans.CachedIntrospectionResults:276 - Caching PropertyDescriptors for class [org.springframework.data.mongodb.core.mapping.MongoMappingContext]
10:38:45,925 TRACE org.springframework.beans.CachedIntrospectionResults:276 - Caching PropertyDescriptors for class [org.springframework.data.mongodb.core.mapping.MongoMappingContext]
10:38:45,927 TRACE org.springframework.beans.CachedIntrospectionResults:289 - Found bean property 'applicationContext' of type [org.springframework.context.ApplicationContext]
10:38:45,927 TRACE org.springframework.beans.CachedIntrospectionResults:289 - Found bean property 'applicationContext' of type [org.springframework.context.ApplicationContext]
10:38:45,929 TRACE org.springframework.beans.CachedIntrospectionResults:289 - Found bean property 'applicationEventPublisher' of type [org.springframework.context.ApplicationEventPublisher]
10:38:45,929 TRACE org.springframework.beans.CachedIntrospectionResults:289 - Found bean property 'applicationEventPublisher' of type [org.springframework.context.ApplicationEventPublisher]
10:38:45,930 TRACE org.springframework.beans.CachedIntrospectionResults:289 - Found bean property 'class' of type [java.lang.Class]
10:38:45,930 TRACE org.springframework.beans.CachedIntrospectionResults:289 - Found bean property 'class' of type [java.lang.Class]
10:38:45,932 TRACE org.springframework.beans.CachedIntrospectionResults:289 - Found bean property 'fieldNamingStrategy' of type [org.springframework.data.mapping.model.FieldNamingStrategy]
10:38:45,932 TRACE org.springframework.beans.CachedIntrospectionResults:289 - Found bean property 'fieldNamingStrategy' of type [org.springframework.data.mapping.model.FieldNamingStrategy]
10:38:45,933 TRACE org.springframework.beans.CachedIntrospectionResults:289 - Found bean property 'initialEntitySet' of type [java.util.Set]
10:38:45,933 TRACE org.springframework.beans.CachedIntrospectionResults:289 - Found bean property 'initialEntitySet' of type [java.util.Set]
10:38:45,934 TRACE org.springframework.beans.CachedIntrospectionResults:289 - Found bean property 'managedTypes' of type [java.util.Collection]
10:38:45,934 TRACE org.springframework.beans.CachedIntrospectionResults:289 - Found bean property 'managedTypes' of type [java.util.Collection]
10:38:45,935 TRACE org.springframework.beans.CachedIntrospectionResults:289 - Found bean property 'persistentEntities' of type [java.util.Collection]
10:38:45,935 TRACE org.springframework.beans.CachedIntrospectionResults:289 - Found bean property 'persistentEntities' of type [java.util.Collection]
10:38:45,936 TRACE org.springframework.beans.CachedIntrospectionResults:289 - Found bean property 'simpleTypeHolder' of type [org.springframework.data.mapping.model.SimpleTypeHolder]
10:38:45,936 TRACE org.springframework.beans.CachedIntrospectionResults:289 - Found bean property 'simpleTypeHolder' of type [org.springframework.data.mapping.model.SimpleTypeHolder]
10:38:45,938 TRACE org.springframework.beans.CachedIntrospectionResults:289 - Found bean property 'strict' of type [boolean]
10:38:45,938 TRACE org.springframework.beans.CachedIntrospectionResults:289 - Found bean property 'strict' of type [boolean]
10:38:45,967 DEBUG org.springframework.beans.factory.support.DefaultListableBeanFactory:1751 - Invoking afterPropertiesSet() on bean with name 'mongoMappingContext'
10:38:45,967 DEBUG org.springframework.beans.factory.support.DefaultListableBeanFactory:1751 - Invoking afterPropertiesSet() on bean with name 'mongoMappingContext'
10:38:45,977 TRACE org.springframework.beans.CachedIntrospectionResults:271 - Getting BeanInfo for class [pro.abacus.javatutor.domain.JavaQuestion]
10:38:45,977 TRACE org.springframework.beans.CachedIntrospectionResults:271 - Getting BeanInfo for class [pro.abacus.javatutor.domain.JavaQuestion]
10:38:45,996 TRACE org.springframework.beans.CachedIntrospectionResults:276 - Caching PropertyDescriptors for class [pro.abacus.javatutor.domain.JavaQuestion]
10:38:45,996 TRACE org.springframework.beans.CachedIntrospectionResults:276 - Caching PropertyDescriptors for class [pro.abacus.javatutor.domain.JavaQuestion]
10:38:45,997 TRACE org.springframework.beans.CachedIntrospectionResults:289 - Found bean property 'account' of type [pro.abacus.javatutor.domain.User]
10:38:45,997 TRACE org.springframework.beans.CachedIntrospectionResults:289 - Found bean property 'account' of type [pro.abacus.javatutor.domain.User]
10:38:45,998 TRACE org.springframework.beans.CachedIntrospectionResults:289 - Found bean property 'answer' of type [java.lang.String]
10:38:45,998 TRACE org.springframework.beans.CachedIntrospectionResults:289 - Found bean property 'answer' of type [java.lang.String]
10:38:46,000 TRACE org.springframework.beans.CachedIntrospectionResults:289 - Found bean property 'class' of type [java.lang.Class]
10:38:46,000 TRACE org.springframework.beans.CachedIntrospectionResults:289 - Found bean property 'class' of type [java.lang.Class]
10:38:46,002 TRACE org.springframework.beans.CachedIntrospectionResults:289 - Found bean property 'id' of type [java.lang.String]
10:38:46,002 TRACE org.springframework.beans.CachedIntrospectionResults:289 - Found bean property 'id' of type [java.lang.String]
10:38:46,003 TRACE org.springframework.beans.CachedIntrospectionResults:289 - Found bean property 'question' of type [java.lang.String]
10:38:46,003 TRACE org.springframework.beans.CachedIntrospectionResults:289 - Found bean property 'question' of type [java.lang.String]
10:38:46,013 TRACE org.springframework.beans.CachedIntrospectionResults:271 - Getting BeanInfo for class [pro.abacus.javatutor.domain.User]
10:38:46,013 TRACE org.springframework.beans.CachedIntrospectionResults:271 - Getting BeanInfo for class [pro.abacus.javatutor.domain.User]
10:38:46,018 TRACE org.springframework.beans.CachedIntrospectionResults:276 - Caching PropertyDescriptors for class [pro.abacus.javatutor.domain.User]
10:38:46,018 TRACE org.springframework.beans.CachedIntrospectionResults:276 - Caching PropertyDescriptors for class [pro.abacus.javatutor.domain.User]
10:38:46,019 TRACE org.springframework.beans.CachedIntrospectionResults:289 - Found bean property 'class' of type [java.lang.Class]
10:38:46,019 TRACE org.springframework.beans.CachedIntrospectionResults:289 - Found bean property 'class' of type [java.lang.Class]
10:38:46,020 TRACE org.springframework.beans.CachedIntrospectionResults:289 - Found bean property 'id' of type [java.lang.String]
10:38:46,020 TRACE org.springframework.beans.CachedIntrospectionResults:289 - Found bean property 'id' of type [java.lang.String]
10:38:46,021 TRACE org.springframework.beans.CachedIntrospectionResults:289 - Found bean property 'javaquestions' of type [java.util.List]
10:38:46,021 TRACE org.springframework.beans.CachedIntrospectionResults:289 - Found bean property 'javaquestions' of type [java.util.List]
10:38:46,025 TRACE org.springframework.beans.CachedIntrospectionResults:289 - Found bean property 'password' of type [java.lang.String]
10:38:46,025 TRACE org.springframework.beans.CachedIntrospectionResults:289 - Found bean property 'password' of type [java.lang.String]
10:38:46,029 TRACE org.springframework.beans.CachedIntrospectionResults:289 - Found bean property 'userAuthorities' of type [java.util.Set]
10:38:46,029 TRACE org.springframework.beans.CachedIntrospectionResults:289 - Found bean property 'userAuthorities' of type [java.util.Set]
10:38:46,030 TRACE org.springframework.beans.CachedIntrospectionResults:289 - Found bean property 'username' of type [java.lang.String]
10:38:46,030 TRACE org.springframework.beans.CachedIntrospectionResults:289 - Found bean property 'username' of type [java.lang.String]
10:38:46,036 TRACE org.springframework.beans.CachedIntrospectionResults:271 - Getting BeanInfo for class [pro.abacus.javatutor.domain.Authority]
10:38:46,036 TRACE org.springframework.beans.CachedIntrospectionResults:271 - Getting BeanInfo for class [pro.abacus.javatutor.domain.Authority]
10:38:46,043 TRACE org.springframework.beans.CachedIntrospectionResults:276 - Caching PropertyDescriptors for class [pro.abacus.javatutor.domain.Authority]
10:38:46,043 TRACE org.springframework.beans.CachedIntrospectionResults:276 - Caching PropertyDescriptors for class [pro.abacus.javatutor.domain.Authority]
10:38:46,044 TRACE org.springframework.beans.CachedIntrospectionResults:289 - Found bean property 'authorityName' of type [java.lang.String]
10:38:46,044 TRACE org.springframework.beans.CachedIntrospectionResults:289 - Found bean property 'authorityName' of type [java.lang.String]
10:38:46,045 TRACE org.springframework.beans.CachedIntrospectionResults:289 - Found bean property 'class' of type [java.lang.Class]
10:38:46,045 TRACE org.springframework.beans.CachedIntrospectionResults:289 - Found bean property 'class' of type [java.lang.Class]
10:38:46,048 TRACE org.springframework.context.annotation.AnnotationConfigApplicationContext:380 - Publishing event in org.springframework.context.annotation.AnnotationConfigApplicationContext@531ec2ca: org.springframework.data.mapping.context.MappingContextEvent[source=org.springframework.data.mongodb.core.mapping.MongoMappingContext@71fb8301]
10:38:46,048 TRACE org.springframework.context.annotation.AnnotationConfigApplicationContext:380 - Publishing event in org.springframework.context.annotation.AnnotationConfigApplicationContext@531ec2ca: org.springframework.data.mapping.context.MappingContextEvent[source=org.springframework.data.mongodb.core.mapping.MongoMappingContext@71fb8301]
10:38:46,062 TRACE org.springframework.context.annotation.AnnotationConfigApplicationContext:380 - Publishing event in org.springframework.context.annotation.AnnotationConfigApplicationContext@531ec2ca: org.springframework.data.mapping.context.MappingContextEvent[source=org.springframework.data.mongodb.core.mapping.MongoMappingContext@71fb8301]
10:38:46,062 TRACE org.springframework.context.annotation.AnnotationConfigApplicationContext:380 - Publishing event in org.springframework.context.annotation.AnnotationConfigApplicationContext@531ec2ca: org.springframework.data.mapping.context.MappingContextEvent[source=org.springframework.data.mongodb.core.mapping.MongoMappingContext@71fb8301]
10:38:46,066 TRACE org.springframework.context.annotation.AnnotationConfigApplicationContext:380 - Publishing event in org.springframework.context.annotation.AnnotationConfigApplicationContext@531ec2ca: org.springframework.data.mapping.context.MappingContextEvent[source=org.springframework.data.mongodb.core.mapping.MongoMappingContext@71fb8301]
10:38:46,066 TRACE org.springframework.context.annotation.AnnotationConfigApplicationContext:380 - Publishing event in org.springframework.context.annotation.AnnotationConfigApplicationContext@531ec2ca: org.springframework.data.mapping.context.MappingContextEvent[source=org.springframework.data.mongodb.core.mapping.MongoMappingContext@71fb8301]
10:38:46,069 TRACE org.springframework.beans.CachedIntrospectionResults:271 - Getting BeanInfo for class [pro.abacus.javatutor.security.UserDetailsImpl]
10:38:46,069 TRACE org.springframework.beans.CachedIntrospectionResults:271 - Getting BeanInfo for class [pro.abacus.javatutor.security.UserDetailsImpl]
10:38:46,080 TRACE org.springframework.beans.CachedIntrospectionResults:276 - Caching PropertyDescriptors for class [pro.abacus.javatutor.security.UserDetailsImpl]
10:38:46,080 TRACE org.springframework.beans.CachedIntrospectionResults:276 - Caching PropertyDescriptors for class [pro.abacus.javatutor.security.UserDetailsImpl]
10:38:46,081 TRACE org.springframework.beans.CachedIntrospectionResults:289 - Found bean property 'accountNonExpired' of type [boolean]
10:38:46,081 TRACE org.springframework.beans.CachedIntrospectionResults:289 - Found bean property 'accountNonExpired' of type [boolean]
10:38:46,082 TRACE org.springframework.beans.CachedIntrospectionResults:289 - Found bean property 'accountNonLocked' of type [boolean]
10:38:46,082 TRACE org.springframework.beans.CachedIntrospectionResults:289 - Found bean property 'accountNonLocked' of type [boolean]
10:38:46,083 TRACE org.springframework.beans.CachedIntrospectionResults:289 - Found bean property 'authorities' of type [java.util.Collection]
10:38:46,083 TRACE org.springframework.beans.CachedIntrospectionResults:289 - Found bean property 'authorities' of type [java.util.Collection]
10:38:46,084 TRACE org.springframework.beans.CachedIntrospectionResults:289 - Found bean property 'class' of type [java.lang.Class]
10:38:46,084 TRACE org.springframework.beans.CachedIntrospectionResults:289 - Found bean property 'class' of type [java.lang.Class]
10:38:46,085 TRACE org.springframework.beans.CachedIntrospectionResults:289 - Found bean property 'credentialsNonExpired' of type [boolean]
10:38:46,085 TRACE org.springframework.beans.CachedIntrospectionResults:289 - Found bean property 'credentialsNonExpired' of type [boolean]
10:38:46,086 TRACE org.springframework.beans.CachedIntrospectionResults:289 - Found bean property 'enabled' of type [boolean]
10:38:46,086 TRACE org.springframework.beans.CachedIntrospectionResults:289 - Found bean property 'enabled' of type [boolean]
10:38:46,086 TRACE org.springframework.beans.CachedIntrospectionResults:289 - Found bean property 'id' of type [java.lang.String]
10:38:46,086 TRACE org.springframework.beans.CachedIntrospectionResults:289 - Found bean property 'id' of type [java.lang.String]
10:38:46,088 TRACE org.springframework.beans.CachedIntrospectionResults:289 - Found bean property 'javaquestions' of type [java.util.List]
10:38:46,088 TRACE org.springframework.beans.CachedIntrospectionResults:289 - Found bean property 'javaquestions' of type [java.util.List]
10:38:46,091 TRACE org.springframework.beans.CachedIntrospectionResults:289 - Found bean property 'password' of type [java.lang.String]
10:38:46,091 TRACE org.springframework.beans.CachedIntrospectionResults:289 - Found bean property 'password' of type [java.lang.String]
10:38:46,092 TRACE org.springframework.beans.CachedIntrospectionResults:289 - Found bean property 'userAuthorities' of type [java.util.Set]
10:38:46,092 TRACE org.springframework.beans.CachedIntrospectionResults:289 - Found bean property 'userAuthorities' of type [java.util.Set]
10:38:46,093 TRACE org.springframework.beans.CachedIntrospectionResults:289 - Found bean property 'username' of type [java.lang.String]
10:38:46,093 TRACE org.springframework.beans.CachedIntrospectionResults:289 - Found bean property 'username' of type [java.lang.String]
10:38:46,117 TRACE org.springframework.context.annotation.AnnotationConfigApplicationContext:380 - Publishing event in org.springframework.context.annotation.AnnotationConfigApplicationContext@531ec2ca: org.springframework.data.mapping.context.MappingContextEvent[source=org.springframework.data.mongodb.core.mapping.MongoMappingContext@71fb8301]
10:38:46,117 TRACE org.springframework.context.annotation.AnnotationConfigApplicationContext:380 - Publishing event in org.springframework.context.annotation.AnnotationConfigApplicationContext@531ec2ca: org.springframework.data.mapping.context.MappingContextEvent[source=org.springframework.data.mongodb.core.mapping.MongoMappingContext@71fb8301]
10:38:46,119 DEBUG org.springframework.beans.factory.support.DefaultListableBeanFactory:503 - Finished creating instance of bean 'mongoMappingContext'
10:38:46,119 DEBUG org.springframework.beans.factory.support.DefaultListableBeanFactory:503 - Finished creating instance of bean 'mongoMappingContext'
10:38:46,120 DEBUG org.springframework.beans.factory.support.DefaultListableBeanFactory:254 - Returning cached instance of singleton bean 'mongoCustomConversions'
10:38:46,120 DEBUG org.springframework.beans.factory.support.DefaultListableBeanFactory:254 - Returning cached instance of singleton bean 'mongoCustomConversions'
10:38:46,121 DEBUG org.springframework.beans.factory.support.DefaultListableBeanFactory:737 - Autowiring by type from bean name 'mappingMongoConverter' via factory method to bean named 'mongoDbFactory'
10:38:46,121 DEBUG org.springframework.beans.factory.support.DefaultListableBeanFactory:737 - Autowiring by type from bean name 'mappingMongoConverter' via factory method to bean named 'mongoDbFactory'
10:38:46,124 DEBUG org.springframework.beans.factory.support.DefaultListableBeanFactory:737 - Autowiring by type from bean name 'mappingMongoConverter' via factory method to bean named 'mongoMappingContext'
10:38:46,124 DEBUG org.springframework.beans.factory.support.DefaultListableBeanFactory:737 - Autowiring by type from bean name 'mappingMongoConverter' via factory method to bean named 'mongoMappingContext'
10:38:46,125 DEBUG org.springframework.beans.factory.support.DefaultListableBeanFactory:737 - Autowiring by type from bean name 'mappingMongoConverter' via factory method to bean named 'mongoCustomConversions'
10:38:46,125 DEBUG org.springframework.beans.factory.support.DefaultListableBeanFactory:737 - Autowiring by type from bean name 'mappingMongoConverter' via factory method to bean named 'mongoCustomConversions'
10:38:46,146 DEBUG org.springframework.beans.factory.support.DefaultListableBeanFactory:569 - Eagerly caching bean 'mappingMongoConverter' to allow for resolving potential circular references
10:38:46,146 DEBUG org.springframework.beans.factory.support.DefaultListableBeanFactory:569 - Eagerly caching bean 'mappingMongoConverter' to allow for resolving potential circular references
10:38:46,146 TRACE org.springframework.beans.CachedIntrospectionResults:271 - Getting BeanInfo for class [org.springframework.data.mongodb.core.convert.MappingMongoConverter]
10:38:46,146 TRACE org.springframework.beans.CachedIntrospectionResults:271 - Getting BeanInfo for class [org.springframework.data.mongodb.core.convert.MappingMongoConverter]
10:38:46,154 TRACE org.springframework.beans.CachedIntrospectionResults:276 - Caching PropertyDescriptors for class [org.springframework.data.mongodb.core.convert.MappingMongoConverter]
10:38:46,154 TRACE org.springframework.beans.CachedIntrospectionResults:276 - Caching PropertyDescriptors for class [org.springframework.data.mongodb.core.convert.MappingMongoConverter]
10:38:46,156 TRACE org.springframework.beans.CachedIntrospectionResults:289 - Found bean property 'applicationContext' of type [org.springframework.context.ApplicationContext]
10:38:46,156 TRACE org.springframework.beans.CachedIntrospectionResults:289 - Found bean property 'applicationContext' of type [org.springframework.context.ApplicationContext]
10:38:46,162 TRACE org.springframework.beans.CachedIntrospectionResults:289 - Found bean property 'class' of type [java.lang.Class]
10:38:46,162 TRACE org.springframework.beans.CachedIntrospectionResults:289 - Found bean property 'class' of type [java.lang.Class]
10:38:46,164 TRACE org.springframework.beans.CachedIntrospectionResults:289 - Found bean property 'conversionService' of type [org.springframework.core.convert.ConversionService]
10:38:46,164 TRACE org.springframework.beans.CachedIntrospectionResults:289 - Found bean property 'conversionService' of type [org.springframework.core.convert.ConversionService]
10:38:46,166 TRACE org.springframework.beans.CachedIntrospectionResults:289 - Found bean property 'customConversions' of type [org.springframework.data.convert.CustomConversions]
10:38:46,166 TRACE org.springframework.beans.CachedIntrospectionResults:289 - Found bean property 'customConversions' of type [org.springframework.data.convert.CustomConversions]
10:38:46,167 TRACE org.springframework.beans.CachedIntrospectionResults:289 - Found bean property 'instantiators' of type [org.springframework.data.convert.EntityInstantiators]
10:38:46,167 TRACE org.springframework.beans.CachedIntrospectionResults:289 - Found bean property 'instantiators' of type [org.springframework.data.convert.EntityInstantiators]
10:38:46,169 TRACE org.springframework.beans.CachedIntrospectionResults:289 - Found bean property 'mapKeyDotReplacement' of type [java.lang.String]
10:38:46,169 TRACE org.springframework.beans.CachedIntrospectionResults:289 - Found bean property 'mapKeyDotReplacement' of type [java.lang.String]
10:38:46,171 TRACE org.springframework.beans.CachedIntrospectionResults:289 - Found bean property 'mappingContext' of type [org.springframework.data.mapping.context.MappingContext]
10:38:46,171 TRACE org.springframework.beans.CachedIntrospectionResults:289 - Found bean property 'mappingContext' of type [org.springframework.data.mapping.context.MappingContext]
10:38:46,179 TRACE org.springframework.beans.CachedIntrospectionResults:289 - Found bean property 'typeMapper' of type [org.springframework.data.mongodb.core.convert.MongoTypeMapper]
10:38:46,179 TRACE org.springframework.beans.CachedIntrospectionResults:289 - Found bean property 'typeMapper' of type [org.springframework.data.mongodb.core.convert.MongoTypeMapper]
10:38:46,192 DEBUG org.springframework.beans.factory.support.DefaultListableBeanFactory:1751 - Invoking afterPropertiesSet() on bean with name 'mappingMongoConverter'
10:38:46,192 DEBUG org.springframework.beans.factory.support.DefaultListableBeanFactory:1751 - Invoking afterPropertiesSet() on bean with name 'mappingMongoConverter'
10:38:46,197 DEBUG org.springframework.beans.factory.support.DefaultListableBeanFactory:503 - Finished creating instance of bean 'mappingMongoConverter'
10:38:46,197 DEBUG org.springframework.beans.factory.support.DefaultListableBeanFactory:503 - Finished creating instance of bean 'mappingMongoConverter'
10:38:46,198 DEBUG org.springframework.beans.factory.support.DefaultListableBeanFactory:737 - Autowiring by type from bean name 'mongoTemplate' via factory method to bean named 'mongoDbFactory'
10:38:46,198 DEBUG org.springframework.beans.factory.support.DefaultListableBeanFactory:737 - Autowiring by type from bean name 'mongoTemplate' via factory method to bean named 'mongoDbFactory'
10:38:46,199 DEBUG org.springframework.beans.factory.support.DefaultListableBeanFactory:737 - Autowiring by type from bean name 'mongoTemplate' via factory method to bean named 'mappingMongoConverter'
10:38:46,199 DEBUG org.springframework.beans.factory.support.DefaultListableBeanFactory:737 - Autowiring by type from bean name 'mongoTemplate' via factory method to bean named 'mappingMongoConverter'
10:38:46,202 DEBUG org.springframework.data.mongodb.core.index.MongoPersistentEntityIndexCreator:124 - Analyzing class class pro.abacus.javatutor.security.UserDetailsImpl for index information.
10:38:46,202 DEBUG org.springframework.data.mongodb.core.index.MongoPersistentEntityIndexCreator:124 - Analyzing class class pro.abacus.javatutor.security.UserDetailsImpl for index information.
10:38:46,211  INFO org.springframework.data.mongodb.core.index.MongoPersistentEntityIndexResolver:296 - Found cycle for field '_id' in type 'JavaQuestion' for path 'javaquestions -> account -> javaquestions'
10:38:46,211  INFO org.springframework.data.mongodb.core.index.MongoPersistentEntityIndexResolver:296 - Found cycle for field '_id' in type 'JavaQuestion' for path 'javaquestions -> account -> javaquestions'
10:38:46,217  INFO org.springframework.data.mongodb.core.index.MongoPersistentEntityIndexResolver:179 - Found cycle for field 'account' in type 'JavaQuestion' for path 'javaquestions -> account -> javaquestions'
10:38:46,217  INFO org.springframework.data.mongodb.core.index.MongoPersistentEntityIndexResolver:179 - Found cycle for field 'account' in type 'JavaQuestion' for path 'javaquestions -> account -> javaquestions'
10:38:46,218 DEBUG org.springframework.data.mongodb.core.index.MongoPersistentEntityIndexCreator:124 - Analyzing class class pro.abacus.javatutor.domain.JavaQuestion for index information.
10:38:46,218 DEBUG org.springframework.data.mongodb.core.index.MongoPersistentEntityIndexCreator:124 - Analyzing class class pro.abacus.javatutor.domain.JavaQuestion for index information.
10:38:46,220  INFO org.springframework.data.mongodb.core.index.MongoPersistentEntityIndexResolver:296 - Found cycle for field '_id' in type 'User' for path 'account -> javaquestions -> account'
10:38:46,220  INFO org.springframework.data.mongodb.core.index.MongoPersistentEntityIndexResolver:296 - Found cycle for field '_id' in type 'User' for path 'account -> javaquestions -> account'
10:38:46,224  INFO org.springframework.data.mongodb.core.index.MongoPersistentEntityIndexResolver:179 - Found cycle for field 'javaquestions' in type 'User' for path 'account -> javaquestions -> account'
10:38:46,224  INFO org.springframework.data.mongodb.core.index.MongoPersistentEntityIndexResolver:179 - Found cycle for field 'javaquestions' in type 'User' for path 'account -> javaquestions -> account'
10:38:46,227 DEBUG org.springframework.data.mongodb.core.index.MongoPersistentEntityIndexCreator:124 - Analyzing class class pro.abacus.javatutor.domain.User for index information.
10:38:46,227 DEBUG org.springframework.data.mongodb.core.index.MongoPersistentEntityIndexCreator:124 - Analyzing class class pro.abacus.javatutor.domain.User for index information.
10:38:46,230  INFO org.springframework.data.mongodb.core.index.MongoPersistentEntityIndexResolver:296 - Found cycle for field '_id' in type 'JavaQuestion' for path 'javaquestions -> account -> javaquestions'
10:38:46,230  INFO org.springframework.data.mongodb.core.index.MongoPersistentEntityIndexResolver:296 - Found cycle for field '_id' in type 'JavaQuestion' for path 'javaquestions -> account -> javaquestions'
10:38:46,233  INFO org.springframework.data.mongodb.core.index.MongoPersistentEntityIndexResolver:179 - Found cycle for field 'account' in type 'JavaQuestion' for path 'javaquestions -> account -> javaquestions'
10:38:46,233  INFO org.springframework.data.mongodb.core.index.MongoPersistentEntityIndexResolver:179 - Found cycle for field 'account' in type 'JavaQuestion' for path 'javaquestions -> account -> javaquestions'
10:38:46,235 DEBUG org.springframework.data.mongodb.core.index.MongoPersistentEntityIndexCreator:124 - Analyzing class class pro.abacus.javatutor.domain.Authority for index information.
10:38:46,235 DEBUG org.springframework.data.mongodb.core.index.MongoPersistentEntityIndexCreator:124 - Analyzing class class pro.abacus.javatutor.domain.Authority for index information.
10:38:46,237 DEBUG org.springframework.beans.factory.support.DefaultListableBeanFactory:569 - Eagerly caching bean 'mongoTemplate' to allow for resolving potential circular references
10:38:46,237 DEBUG org.springframework.beans.factory.support.DefaultListableBeanFactory:569 - Eagerly caching bean 'mongoTemplate' to allow for resolving potential circular references
10:38:46,238 TRACE org.springframework.beans.CachedIntrospectionResults:271 - Getting BeanInfo for class [org.springframework.data.mongodb.core.MongoTemplate]
10:38:46,238 TRACE org.springframework.beans.CachedIntrospectionResults:271 - Getting BeanInfo for class [org.springframework.data.mongodb.core.MongoTemplate]
10:38:46,254 TRACE org.springframework.beans.CachedIntrospectionResults:276 - Caching PropertyDescriptors for class [org.springframework.data.mongodb.core.MongoTemplate]
10:38:46,254 TRACE org.springframework.beans.CachedIntrospectionResults:276 - Caching PropertyDescriptors for class [org.springframework.data.mongodb.core.MongoTemplate]
10:38:46,258 TRACE org.springframework.beans.CachedIntrospectionResults:289 - Found bean property 'applicationContext' of type [org.springframework.context.ApplicationContext]
10:38:46,258 TRACE org.springframework.beans.CachedIntrospectionResults:289 - Found bean property 'applicationContext' of type [org.springframework.context.ApplicationContext]
10:38:46,260 TRACE org.springframework.beans.CachedIntrospectionResults:289 - Found bean property 'class' of type [java.lang.Class]
10:38:46,260 TRACE org.springframework.beans.CachedIntrospectionResults:289 - Found bean property 'class' of type [java.lang.Class]
10:38:46,262 TRACE org.springframework.beans.CachedIntrospectionResults:289 - Found bean property 'collectionNames' of type [java.util.Set]
10:38:46,262 TRACE org.springframework.beans.CachedIntrospectionResults:289 - Found bean property 'collectionNames' of type [java.util.Set]
10:38:46,263 TRACE org.springframework.beans.CachedIntrospectionResults:289 - Found bean property 'converter' of type [org.springframework.data.mongodb.core.convert.MongoConverter]
10:38:46,263 TRACE org.springframework.beans.CachedIntrospectionResults:289 - Found bean property 'converter' of type [org.springframework.data.mongodb.core.convert.MongoConverter]
10:38:46,264 TRACE org.springframework.beans.CachedIntrospectionResults:289 - Found bean property 'db' of type [com.mongodb.client.MongoDatabase]
10:38:46,264 TRACE org.springframework.beans.CachedIntrospectionResults:289 - Found bean property 'db' of type [com.mongodb.client.MongoDatabase]
10:38:46,265 TRACE org.springframework.beans.CachedIntrospectionResults:289 - Found bean property 'exceptionTranslator' of type [org.springframework.dao.support.PersistenceExceptionTranslator]
10:38:46,265 TRACE org.springframework.beans.CachedIntrospectionResults:289 - Found bean property 'exceptionTranslator' of type [org.springframework.dao.support.PersistenceExceptionTranslator]
10:38:46,266 TRACE org.springframework.beans.CachedIntrospectionResults:289 - Found bean property 'mongoDbFactory' of type [org.springframework.data.mongodb.MongoDbFactory]
10:38:46,266 TRACE org.springframework.beans.CachedIntrospectionResults:289 - Found bean property 'mongoDbFactory' of type [org.springframework.data.mongodb.MongoDbFactory]
10:38:46,267 TRACE org.springframework.beans.CachedIntrospectionResults:289 - Found bean property 'readPreference' of type [com.mongodb.ReadPreference]
10:38:46,267 TRACE org.springframework.beans.CachedIntrospectionResults:289 - Found bean property 'readPreference' of type [com.mongodb.ReadPreference]
10:38:46,268 TRACE org.springframework.beans.CachedIntrospectionResults:289 - Found bean property 'writeConcern' of type [com.mongodb.WriteConcern]
10:38:46,268 TRACE org.springframework.beans.CachedIntrospectionResults:289 - Found bean property 'writeConcern' of type [com.mongodb.WriteConcern]
10:38:46,269 TRACE org.springframework.beans.CachedIntrospectionResults:289 - Found bean property 'writeConcernResolver' of type [org.springframework.data.mongodb.core.WriteConcernResolver]
10:38:46,269 TRACE org.springframework.beans.CachedIntrospectionResults:289 - Found bean property 'writeConcernResolver' of type [org.springframework.data.mongodb.core.WriteConcernResolver]
10:38:46,271 TRACE org.springframework.beans.CachedIntrospectionResults:289 - Found bean property 'writeResultChecking' of type [org.springframework.data.mongodb.core.WriteResultChecking]
10:38:46,271 TRACE org.springframework.beans.CachedIntrospectionResults:289 - Found bean property 'writeResultChecking' of type [org.springframework.data.mongodb.core.WriteResultChecking]
10:38:46,287 DEBUG org.springframework.beans.factory.support.DefaultListableBeanFactory:503 - Finished creating instance of bean 'mongoTemplate'
10:38:46,287 DEBUG org.springframework.beans.factory.support.DefaultListableBeanFactory:503 - Finished creating instance of bean 'mongoTemplate'
10:38:46,293 DEBUG org.springframework.beans.factory.support.DefaultListableBeanFactory:254 - Returning cached instance of singleton bean 'mappingMongoConverter'
10:38:46,293 DEBUG org.springframework.beans.factory.support.DefaultListableBeanFactory:254 - Returning cached instance of singleton bean 'mappingMongoConverter'
10:38:46,294 DEBUG org.springframework.beans.factory.support.DefaultListableBeanFactory:254 - Returning cached instance of singleton bean 'mongoMappingContext'
10:38:46,294 DEBUG org.springframework.beans.factory.support.DefaultListableBeanFactory:254 - Returning cached instance of singleton bean 'mongoMappingContext'
10:38:46,294 DEBUG org.springframework.beans.factory.support.DefaultListableBeanFactory:219 - Creating shared instance of singleton bean 'gridFsTemplate'
10:38:46,294 DEBUG org.springframework.beans.factory.support.DefaultListableBeanFactory:219 - Creating shared instance of singleton bean 'gridFsTemplate'
10:38:46,296 DEBUG org.springframework.beans.factory.support.DefaultListableBeanFactory:466 - Creating instance of bean 'gridFsTemplate'
10:38:46,296 DEBUG org.springframework.beans.factory.support.DefaultListableBeanFactory:466 - Creating instance of bean 'gridFsTemplate'
10:38:46,297 DEBUG org.springframework.beans.factory.support.DefaultListableBeanFactory:254 - Returning cached instance of singleton bean 'org.springframework.boot.autoconfigure.data.mongo.MongoDataAutoConfiguration'
10:38:46,297 DEBUG org.springframework.beans.factory.support.DefaultListableBeanFactory:254 - Returning cached instance of singleton bean 'org.springframework.boot.autoconfigure.data.mongo.MongoDataAutoConfiguration'
10:38:46,298 DEBUG org.springframework.beans.factory.support.DefaultListableBeanFactory:254 - Returning cached instance of singleton bean 'mongoDbFactory'
10:38:46,298 DEBUG org.springframework.beans.factory.support.DefaultListableBeanFactory:254 - Returning cached instance of singleton bean 'mongoDbFactory'
10:38:46,301 DEBUG org.springframework.beans.factory.support.DefaultListableBeanFactory:254 - Returning cached instance of singleton bean 'mongoTemplate'
10:38:46,301 DEBUG org.springframework.beans.factory.support.DefaultListableBeanFactory:254 - Returning cached instance of singleton bean 'mongoTemplate'
10:38:46,302 DEBUG org.springframework.beans.factory.support.DefaultListableBeanFactory:737 - Autowiring by type from bean name 'gridFsTemplate' via factory method to bean named 'mongoDbFactory'
10:38:46,302 DEBUG org.springframework.beans.factory.support.DefaultListableBeanFactory:737 - Autowiring by type from bean name 'gridFsTemplate' via factory method to bean named 'mongoDbFactory'
10:38:46,303 DEBUG org.springframework.beans.factory.support.DefaultListableBeanFactory:737 - Autowiring by type from bean name 'gridFsTemplate' via factory method to bean named 'mongoTemplate'
10:38:46,303 DEBUG org.springframework.beans.factory.support.DefaultListableBeanFactory:737 - Autowiring by type from bean name 'gridFsTemplate' via factory method to bean named 'mongoTemplate'
10:38:46,305 DEBUG org.springframework.beans.factory.support.DefaultListableBeanFactory:569 - Eagerly caching bean 'gridFsTemplate' to allow for resolving potential circular references
10:38:46,305 DEBUG org.springframework.beans.factory.support.DefaultListableBeanFactory:569 - Eagerly caching bean 'gridFsTemplate' to allow for resolving potential circular references
10:38:46,307 TRACE org.springframework.beans.CachedIntrospectionResults:271 - Getting BeanInfo for class [org.springframework.data.mongodb.gridfs.GridFsTemplate]
10:38:46,307 TRACE org.springframework.beans.CachedIntrospectionResults:271 - Getting BeanInfo for class [org.springframework.data.mongodb.gridfs.GridFsTemplate]
10:38:46,313 TRACE org.springframework.beans.CachedIntrospectionResults:276 - Caching PropertyDescriptors for class [org.springframework.data.mongodb.gridfs.GridFsTemplate]
10:38:46,313 TRACE org.springframework.beans.CachedIntrospectionResults:276 - Caching PropertyDescriptors for class [org.springframework.data.mongodb.gridfs.GridFsTemplate]
10:38:46,314 TRACE org.springframework.beans.CachedIntrospectionResults:289 - Found bean property 'class' of type [java.lang.Class]
10:38:46,314 TRACE org.springframework.beans.CachedIntrospectionResults:289 - Found bean property 'class' of type [java.lang.Class]
10:38:46,316 TRACE org.springframework.beans.CachedIntrospectionResults:289 - Found bean property 'classLoader' of type [java.lang.ClassLoader]
10:38:46,316 TRACE org.springframework.beans.CachedIntrospectionResults:289 - Found bean property 'classLoader' of type [java.lang.ClassLoader]
10:38:46,321 DEBUG org.springframework.beans.factory.support.DefaultListableBeanFactory:503 - Finished creating instance of bean 'gridFsTemplate'
10:38:46,321 DEBUG org.springframework.beans.factory.support.DefaultListableBeanFactory:503 - Finished creating instance of bean 'gridFsTemplate'
10:38:46,321 DEBUG org.springframework.beans.factory.support.DefaultListableBeanFactory:254 - Returning cached instance of singleton bean 'mongoCustomConversions'
10:38:46,321 DEBUG org.springframework.beans.factory.support.DefaultListableBeanFactory:254 - Returning cached instance of singleton bean 'mongoCustomConversions'
10:38:46,323 DEBUG org.springframework.beans.factory.support.DefaultListableBeanFactory:219 - Creating shared instance of singleton bean 'org.springframework.boot.autoconfigure.data.mongo.MongoRepositoriesAutoConfiguration'
10:38:46,323 DEBUG org.springframework.beans.factory.support.DefaultListableBeanFactory:219 - Creating shared instance of singleton bean 'org.springframework.boot.autoconfigure.data.mongo.MongoRepositoriesAutoConfiguration'
10:38:46,324 DEBUG org.springframework.beans.factory.support.DefaultListableBeanFactory:466 - Creating instance of bean 'org.springframework.boot.autoconfigure.data.mongo.MongoRepositoriesAutoConfiguration'
10:38:46,324 DEBUG org.springframework.beans.factory.support.DefaultListableBeanFactory:466 - Creating instance of bean 'org.springframework.boot.autoconfigure.data.mongo.MongoRepositoriesAutoConfiguration'
10:38:46,327 DEBUG org.springframework.beans.factory.support.DefaultListableBeanFactory:569 - Eagerly caching bean 'org.springframework.boot.autoconfigure.data.mongo.MongoRepositoriesAutoConfiguration' to allow for resolving potential circular references
10:38:46,327 DEBUG org.springframework.beans.factory.support.DefaultListableBeanFactory:569 - Eagerly caching bean 'org.springframework.boot.autoconfigure.data.mongo.MongoRepositoriesAutoConfiguration' to allow for resolving potential circular references
10:38:46,328 TRACE org.springframework.beans.CachedIntrospectionResults:271 - Getting BeanInfo for class [org.springframework.boot.autoconfigure.data.mongo.MongoRepositoriesAutoConfiguration$$EnhancerBySpringCGLIB$$5cd7f60e]
10:38:46,328 TRACE org.springframework.beans.CachedIntrospectionResults:271 - Getting BeanInfo for class [org.springframework.boot.autoconfigure.data.mongo.MongoRepositoriesAutoConfiguration$$EnhancerBySpringCGLIB$$5cd7f60e]
10:38:46,336 TRACE org.springframework.beans.CachedIntrospectionResults:276 - Caching PropertyDescriptors for class [org.springframework.boot.autoconfigure.data.mongo.MongoRepositoriesAutoConfiguration$$EnhancerBySpringCGLIB$$5cd7f60e]
10:38:46,336 TRACE org.springframework.beans.CachedIntrospectionResults:276 - Caching PropertyDescriptors for class [org.springframework.boot.autoconfigure.data.mongo.MongoRepositoriesAutoConfiguration$$EnhancerBySpringCGLIB$$5cd7f60e]
10:38:46,341 TRACE org.springframework.beans.CachedIntrospectionResults:289 - Found bean property 'beanFactory' of type [org.springframework.beans.factory.BeanFactory]
10:38:46,341 TRACE org.springframework.beans.CachedIntrospectionResults:289 - Found bean property 'beanFactory' of type [org.springframework.beans.factory.BeanFactory]
10:38:46,343 TRACE org.springframework.beans.CachedIntrospectionResults:289 - Found bean property 'class' of type [java.lang.Class]
10:38:46,343 TRACE org.springframework.beans.CachedIntrospectionResults:289 - Found bean property 'class' of type [java.lang.Class]
10:38:46,347 DEBUG org.springframework.beans.factory.support.DefaultListableBeanFactory:503 - Finished creating instance of bean 'org.springframework.boot.autoconfigure.data.mongo.MongoRepositoriesAutoConfiguration'
10:38:46,347 DEBUG org.springframework.beans.factory.support.DefaultListableBeanFactory:503 - Finished creating instance of bean 'org.springframework.boot.autoconfigure.data.mongo.MongoRepositoriesAutoConfiguration'
10:38:46,347 DEBUG org.springframework.beans.factory.support.DefaultListableBeanFactory:219 - Creating shared instance of singleton bean 'userRepository'
10:38:46,347 DEBUG org.springframework.beans.factory.support.DefaultListableBeanFactory:219 - Creating shared instance of singleton bean 'userRepository'
10:38:46,348 DEBUG org.springframework.beans.factory.support.DefaultListableBeanFactory:466 - Creating instance of bean 'userRepository'
10:38:46,348 DEBUG org.springframework.beans.factory.support.DefaultListableBeanFactory:466 - Creating instance of bean 'userRepository'
10:38:46,350 DEBUG org.springframework.beans.factory.support.DefaultListableBeanFactory:569 - Eagerly caching bean 'userRepository' to allow for resolving potential circular references
10:38:46,350 DEBUG org.springframework.beans.factory.support.DefaultListableBeanFactory:569 - Eagerly caching bean 'userRepository' to allow for resolving potential circular references
10:38:46,350 TRACE org.springframework.beans.CachedIntrospectionResults:271 - Getting BeanInfo for class [org.springframework.data.mongodb.repository.support.MongoRepositoryFactoryBean]
10:38:46,350 TRACE org.springframework.beans.CachedIntrospectionResults:271 - Getting BeanInfo for class [org.springframework.data.mongodb.repository.support.MongoRepositoryFactoryBean]
10:38:46,370 TRACE org.springframework.beans.CachedIntrospectionResults:276 - Caching PropertyDescriptors for class [org.springframework.data.mongodb.repository.support.MongoRepositoryFactoryBean]
10:38:46,370 TRACE org.springframework.beans.CachedIntrospectionResults:276 - Caching PropertyDescriptors for class [org.springframework.data.mongodb.repository.support.MongoRepositoryFactoryBean]
10:38:46,377 TRACE org.springframework.beans.CachedIntrospectionResults:289 - Found bean property 'applicationEventPublisher' of type [org.springframework.context.ApplicationEventPublisher]
10:38:46,377 TRACE org.springframework.beans.CachedIntrospectionResults:289 - Found bean property 'applicationEventPublisher' of type [org.springframework.context.ApplicationEventPublisher]
10:38:46,379 TRACE org.springframework.beans.CachedIntrospectionResults:289 - Found bean property 'beanClassLoader' of type [java.lang.ClassLoader]
10:38:46,379 TRACE org.springframework.beans.CachedIntrospectionResults:289 - Found bean property 'beanClassLoader' of type [java.lang.ClassLoader]
10:38:46,380 TRACE org.springframework.beans.CachedIntrospectionResults:289 - Found bean property 'beanFactory' of type [org.springframework.beans.factory.BeanFactory]
10:38:46,380 TRACE org.springframework.beans.CachedIntrospectionResults:289 - Found bean property 'beanFactory' of type [org.springframework.beans.factory.BeanFactory]
10:38:46,382 TRACE org.springframework.beans.CachedIntrospectionResults:289 - Found bean property 'class' of type [java.lang.Class]
10:38:46,382 TRACE org.springframework.beans.CachedIntrospectionResults:289 - Found bean property 'class' of type [java.lang.Class]
10:38:46,383 TRACE org.springframework.beans.CachedIntrospectionResults:289 - Found bean property 'createIndexesForQueryMethods' of type [boolean]
10:38:46,383 TRACE org.springframework.beans.CachedIntrospectionResults:289 - Found bean property 'createIndexesForQueryMethods' of type [boolean]
10:38:46,384 TRACE org.springframework.beans.CachedIntrospectionResults:289 - Found bean property 'customImplementation' of type [java.lang.Object]
10:38:46,384 TRACE org.springframework.beans.CachedIntrospectionResults:289 - Found bean property 'customImplementation' of type [java.lang.Object]
10:38:46,385 TRACE org.springframework.beans.CachedIntrospectionResults:289 - Found bean property 'entityInformation' of type [org.springframework.data.repository.core.EntityInformation]
10:38:46,385 TRACE org.springframework.beans.CachedIntrospectionResults:289 - Found bean property 'entityInformation' of type [org.springframework.data.repository.core.EntityInformation]
10:38:46,386 TRACE org.springframework.beans.CachedIntrospectionResults:289 - Found bean property 'evaluationContextProvider' of type [org.springframework.data.repository.query.EvaluationContextProvider]
10:38:46,386 TRACE org.springframework.beans.CachedIntrospectionResults:289 - Found bean property 'evaluationContextProvider' of type [org.springframework.data.repository.query.EvaluationContextProvider]
10:38:46,388 TRACE org.springframework.beans.CachedIntrospectionResults:289 - Found bean property 'lazyInit' of type [boolean]
10:38:46,388 TRACE org.springframework.beans.CachedIntrospectionResults:289 - Found bean property 'lazyInit' of type [boolean]
10:38:46,390 TRACE org.springframework.beans.CachedIntrospectionResults:289 - Found bean property 'mongoOperations' of type [org.springframework.data.mongodb.core.MongoOperations]
10:38:46,390 TRACE org.springframework.beans.CachedIntrospectionResults:289 - Found bean property 'mongoOperations' of type [org.springframework.data.mongodb.core.MongoOperations]
10:38:46,391 TRACE org.springframework.beans.CachedIntrospectionResults:289 - Found bean property 'namedQueries' of type [org.springframework.data.repository.core.NamedQueries]
10:38:46,391 TRACE org.springframework.beans.CachedIntrospectionResults:289 - Found bean property 'namedQueries' of type [org.springframework.data.repository.core.NamedQueries]
10:38:46,393 TRACE org.springframework.beans.CachedIntrospectionResults:289 - Found bean property 'object' of type [org.springframework.data.repository.Repository]
10:38:46,393 TRACE org.springframework.beans.CachedIntrospectionResults:289 - Found bean property 'object' of type [org.springframework.data.repository.Repository]
10:38:46,395 TRACE org.springframework.beans.CachedIntrospectionResults:289 - Found bean property 'objectType' of type [java.lang.Class]
10:38:46,395 TRACE org.springframework.beans.CachedIntrospectionResults:289 - Found bean property 'objectType' of type [java.lang.Class]
10:38:46,396 TRACE org.springframework.beans.CachedIntrospectionResults:289 - Found bean property 'persistentEntity' of type [org.springframework.data.mapping.PersistentEntity]
10:38:46,396 TRACE org.springframework.beans.CachedIntrospectionResults:289 - Found bean property 'persistentEntity' of type [org.springframework.data.mapping.PersistentEntity]
10:38:46,397 TRACE org.springframework.beans.CachedIntrospectionResults:289 - Found bean property 'queryLookupStrategyKey' of type [org.springframework.data.repository.query.QueryLookupStrategy$Key]
10:38:46,397 TRACE org.springframework.beans.CachedIntrospectionResults:289 - Found bean property 'queryLookupStrategyKey' of type [org.springframework.data.repository.query.QueryLookupStrategy$Key]
10:38:46,399 TRACE org.springframework.beans.CachedIntrospectionResults:289 - Found bean property 'queryMethods' of type [java.util.List]
10:38:46,399 TRACE org.springframework.beans.CachedIntrospectionResults:289 - Found bean property 'queryMethods' of type [java.util.List]
10:38:46,400 TRACE org.springframework.beans.CachedIntrospectionResults:289 - Found bean property 'repositoryBaseClass' of type [java.lang.Class]
10:38:46,400 TRACE org.springframework.beans.CachedIntrospectionResults:289 - Found bean property 'repositoryBaseClass' of type [java.lang.Class]
10:38:46,401 TRACE org.springframework.beans.CachedIntrospectionResults:289 - Found bean property 'repositoryFragments' of type [org.springframework.data.repository.core.support.RepositoryComposition$RepositoryFragments]
10:38:46,401 TRACE org.springframework.beans.CachedIntrospectionResults:289 - Found bean property 'repositoryFragments' of type [org.springframework.data.repository.core.support.RepositoryComposition$RepositoryFragments]
10:38:46,402 TRACE org.springframework.beans.CachedIntrospectionResults:289 - Found bean property 'repositoryInformation' of type [org.springframework.data.repository.core.RepositoryInformation]
10:38:46,402 TRACE org.springframework.beans.CachedIntrospectionResults:289 - Found bean property 'repositoryInformation' of type [org.springframework.data.repository.core.RepositoryInformation]
10:38:46,403 TRACE org.springframework.beans.CachedIntrospectionResults:289 - Found bean property 'singleton' of type [boolean]
10:38:46,403 TRACE org.springframework.beans.CachedIntrospectionResults:289 - Found bean property 'singleton' of type [boolean]
10:38:46,434 DEBUG org.springframework.beans.factory.support.DefaultListableBeanFactory:466 - Creating instance of bean '(inner bean)#7440265c'
10:38:46,434 DEBUG org.springframework.beans.factory.support.DefaultListableBeanFactory:466 - Creating instance of bean '(inner bean)#7440265c'
10:38:46,435 DEBUG org.springframework.beans.factory.support.DefaultListableBeanFactory:466 - Creating instance of bean '(inner bean)#1d8be7b9'
10:38:46,435 DEBUG org.springframework.beans.factory.support.DefaultListableBeanFactory:466 - Creating instance of bean '(inner bean)#1d8be7b9'
10:38:46,437 TRACE org.springframework.beans.CachedIntrospectionResults:271 - Getting BeanInfo for class [org.springframework.beans.factory.config.PropertiesFactoryBean]
10:38:46,437 TRACE org.springframework.beans.CachedIntrospectionResults:271 - Getting BeanInfo for class [org.springframework.beans.factory.config.PropertiesFactoryBean]
10:38:46,447 TRACE org.springframework.beans.CachedIntrospectionResults:276 - Caching PropertyDescriptors for class [org.springframework.beans.factory.config.PropertiesFactoryBean]
10:38:46,447 TRACE org.springframework.beans.CachedIntrospectionResults:276 - Caching PropertyDescriptors for class [org.springframework.beans.factory.config.PropertiesFactoryBean]
10:38:46,448 TRACE org.springframework.beans.CachedIntrospectionResults:289 - Found bean property 'class' of type [java.lang.Class]
10:38:46,448 TRACE org.springframework.beans.CachedIntrospectionResults:289 - Found bean property 'class' of type [java.lang.Class]
10:38:46,450 TRACE org.springframework.beans.CachedIntrospectionResults:289 - Found bean property 'fileEncoding' of type [java.lang.String]
10:38:46,450 TRACE org.springframework.beans.CachedIntrospectionResults:289 - Found bean property 'fileEncoding' of type [java.lang.String]
10:38:46,452 TRACE org.springframework.beans.CachedIntrospectionResults:289 - Found bean property 'ignoreResourceNotFound' of type [boolean]
10:38:46,452 TRACE org.springframework.beans.CachedIntrospectionResults:289 - Found bean property 'ignoreResourceNotFound' of type [boolean]
10:38:46,453 TRACE org.springframework.beans.CachedIntrospectionResults:289 - Found bean property 'localOverride' of type [boolean]
10:38:46,453 TRACE org.springframework.beans.CachedIntrospectionResults:289 - Found bean property 'localOverride' of type [boolean]
10:38:46,461 TRACE org.springframework.beans.CachedIntrospectionResults:289 - Found bean property 'location' of type [org.springframework.core.io.Resource]
10:38:46,461 TRACE org.springframework.beans.CachedIntrospectionResults:289 - Found bean property 'location' of type [org.springframework.core.io.Resource]
10:38:46,462 TRACE org.springframework.beans.CachedIntrospectionResults:289 - Found bean property 'locations' of type [[Lorg.springframework.core.io.Resource;]
10:38:46,462 TRACE org.springframework.beans.CachedIntrospectionResults:289 - Found bean property 'locations' of type [[Lorg.springframework.core.io.Resource;]
10:38:46,463 TRACE org.springframework.beans.CachedIntrospectionResults:289 - Found bean property 'object' of type [java.util.Properties]
10:38:46,463 TRACE org.springframework.beans.CachedIntrospectionResults:289 - Found bean property 'object' of type [java.util.Properties]
10:38:46,464 TRACE org.springframework.beans.CachedIntrospectionResults:289 - Found bean property 'objectType' of type [java.lang.Class]
10:38:46,464 TRACE org.springframework.beans.CachedIntrospectionResults:289 - Found bean property 'objectType' of type [java.lang.Class]
10:38:46,465 TRACE org.springframework.beans.CachedIntrospectionResults:289 - Found bean property 'properties' of type [java.util.Properties]
10:38:46,465 TRACE org.springframework.beans.CachedIntrospectionResults:289 - Found bean property 'properties' of type [java.util.Properties]
10:38:46,467 TRACE org.springframework.beans.CachedIntrospectionResults:289 - Found bean property 'propertiesArray' of type [[Ljava.util.Properties;]
10:38:46,467 TRACE org.springframework.beans.CachedIntrospectionResults:289 - Found bean property 'propertiesArray' of type [[Ljava.util.Properties;]
10:38:46,468 TRACE org.springframework.beans.CachedIntrospectionResults:289 - Found bean property 'propertiesPersister' of type [org.springframework.util.PropertiesPersister]
10:38:46,468 TRACE org.springframework.beans.CachedIntrospectionResults:289 - Found bean property 'propertiesPersister' of type [org.springframework.util.PropertiesPersister]
10:38:46,469 TRACE org.springframework.beans.CachedIntrospectionResults:289 - Found bean property 'singleton' of type [boolean]
10:38:46,469 TRACE org.springframework.beans.CachedIntrospectionResults:289 - Found bean property 'singleton' of type [boolean]
10:38:46,477 TRACE org.springframework.beans.TypeConverterDelegate:436 - Converting String to [class [Lorg.springframework.core.io.Resource;] using property editor [org.springframework.core.io.support.ResourceArrayPropertyEditor@48277712]
10:38:46,477 TRACE org.springframework.beans.TypeConverterDelegate:436 - Converting String to [class [Lorg.springframework.core.io.Resource;] using property editor [org.springframework.core.io.support.ResourceArrayPropertyEditor@48277712]
10:38:46,479 DEBUG org.springframework.core.io.support.PathMatchingResourcePatternResolver:321 - Resolved classpath location [META-INF/mongo-named-queries.properties] to resources []
10:38:46,479 DEBUG org.springframework.core.io.support.PathMatchingResourcePatternResolver:321 - Resolved classpath location [META-INF/mongo-named-queries.properties] to resources []
10:38:46,481 DEBUG org.springframework.beans.factory.support.DefaultListableBeanFactory:1751 - Invoking afterPropertiesSet() on bean with name '(inner bean)#1d8be7b9'
10:38:46,481 DEBUG org.springframework.beans.factory.support.DefaultListableBeanFactory:1751 - Invoking afterPropertiesSet() on bean with name '(inner bean)#1d8be7b9'
10:38:46,483 DEBUG org.springframework.beans.factory.support.DefaultListableBeanFactory:503 - Finished creating instance of bean '(inner bean)#1d8be7b9'
10:38:46,483 DEBUG org.springframework.beans.factory.support.DefaultListableBeanFactory:503 - Finished creating instance of bean '(inner bean)#1d8be7b9'
10:38:46,497 TRACE org.springframework.beans.CachedIntrospectionResults:271 - Getting BeanInfo for class [org.springframework.data.repository.core.support.PropertiesBasedNamedQueries]
10:38:46,497 TRACE org.springframework.beans.CachedIntrospectionResults:271 - Getting BeanInfo for class [org.springframework.data.repository.core.support.PropertiesBasedNamedQueries]
10:38:46,502 TRACE org.springframework.beans.CachedIntrospectionResults:276 - Caching PropertyDescriptors for class [org.springframework.data.repository.core.support.PropertiesBasedNamedQueries]
10:38:46,502 TRACE org.springframework.beans.CachedIntrospectionResults:276 - Caching PropertyDescriptors for class [org.springframework.data.repository.core.support.PropertiesBasedNamedQueries]
10:38:46,503 TRACE org.springframework.beans.CachedIntrospectionResults:289 - Found bean property 'class' of type [java.lang.Class]
10:38:46,503 TRACE org.springframework.beans.CachedIntrospectionResults:289 - Found bean property 'class' of type [java.lang.Class]
10:38:46,509 DEBUG org.springframework.beans.factory.support.DefaultListableBeanFactory:503 - Finished creating instance of bean '(inner bean)#7440265c'
10:38:46,509 DEBUG org.springframework.beans.factory.support.DefaultListableBeanFactory:503 - Finished creating instance of bean '(inner bean)#7440265c'
10:38:46,511 DEBUG org.springframework.beans.factory.support.DefaultListableBeanFactory:466 - Creating instance of bean '(inner bean)#794cb26b'
10:38:46,511 DEBUG org.springframework.beans.factory.support.DefaultListableBeanFactory:466 - Creating instance of bean '(inner bean)#794cb26b'
10:38:46,521 TRACE org.springframework.beans.CachedIntrospectionResults:271 - Getting BeanInfo for class [org.springframework.data.repository.core.support.RepositoryFragmentsFactoryBean]
10:38:46,521 TRACE org.springframework.beans.CachedIntrospectionResults:271 - Getting BeanInfo for class [org.springframework.data.repository.core.support.RepositoryFragmentsFactoryBean]
10:38:46,530 TRACE org.springframework.beans.CachedIntrospectionResults:276 - Caching PropertyDescriptors for class [org.springframework.data.repository.core.support.RepositoryFragmentsFactoryBean]
10:38:46,530 TRACE org.springframework.beans.CachedIntrospectionResults:276 - Caching PropertyDescriptors for class [org.springframework.data.repository.core.support.RepositoryFragmentsFactoryBean]
10:38:46,532 TRACE org.springframework.beans.CachedIntrospectionResults:289 - Found bean property 'beanFactory' of type [org.springframework.beans.factory.BeanFactory]
10:38:46,532 TRACE org.springframework.beans.CachedIntrospectionResults:289 - Found bean property 'beanFactory' of type [org.springframework.beans.factory.BeanFactory]
10:38:46,533 TRACE org.springframework.beans.CachedIntrospectionResults:289 - Found bean property 'class' of type [java.lang.Class]
10:38:46,533 TRACE org.springframework.beans.CachedIntrospectionResults:289 - Found bean property 'class' of type [java.lang.Class]
10:38:46,534 TRACE org.springframework.beans.CachedIntrospectionResults:289 - Found bean property 'object' of type [org.springframework.data.repository.core.support.RepositoryComposition$RepositoryFragments]
10:38:46,534 TRACE org.springframework.beans.CachedIntrospectionResults:289 - Found bean property 'object' of type [org.springframework.data.repository.core.support.RepositoryComposition$RepositoryFragments]
10:38:46,536 TRACE org.springframework.beans.CachedIntrospectionResults:289 - Found bean property 'objectType' of type [java.lang.Class]
10:38:46,536 TRACE org.springframework.beans.CachedIntrospectionResults:289 - Found bean property 'objectType' of type [java.lang.Class]
10:38:46,549 DEBUG org.springframework.beans.factory.support.DefaultListableBeanFactory:1751 - Invoking afterPropertiesSet() on bean with name '(inner bean)#794cb26b'
10:38:46,549 DEBUG org.springframework.beans.factory.support.DefaultListableBeanFactory:1751 - Invoking afterPropertiesSet() on bean with name '(inner bean)#794cb26b'
10:38:46,551 DEBUG org.springframework.beans.factory.support.DefaultListableBeanFactory:503 - Finished creating instance of bean '(inner bean)#794cb26b'
10:38:46,551 DEBUG org.springframework.beans.factory.support.DefaultListableBeanFactory:503 - Finished creating instance of bean '(inner bean)#794cb26b'
10:38:46,552 DEBUG org.springframework.beans.factory.support.DefaultListableBeanFactory:466 - Creating instance of bean '(inner bean)#21abda60'
10:38:46,552 DEBUG org.springframework.beans.factory.support.DefaultListableBeanFactory:466 - Creating instance of bean '(inner bean)#21abda60'
10:38:46,554 TRACE org.springframework.beans.CachedIntrospectionResults:271 - Getting BeanInfo for class [org.springframework.data.repository.query.ExtensionAwareEvaluationContextProvider]
10:38:46,554 TRACE org.springframework.beans.CachedIntrospectionResults:271 - Getting BeanInfo for class [org.springframework.data.repository.query.ExtensionAwareEvaluationContextProvider]
10:38:46,564 TRACE org.springframework.beans.CachedIntrospectionResults:276 - Caching PropertyDescriptors for class [org.springframework.data.repository.query.ExtensionAwareEvaluationContextProvider]
10:38:46,564 TRACE org.springframework.beans.CachedIntrospectionResults:276 - Caching PropertyDescriptors for class [org.springframework.data.repository.query.ExtensionAwareEvaluationContextProvider]
10:38:46,564 TRACE org.springframework.beans.CachedIntrospectionResults:289 - Found bean property 'applicationContext' of type [org.springframework.context.ApplicationContext]
10:38:46,564 TRACE org.springframework.beans.CachedIntrospectionResults:289 - Found bean property 'applicationContext' of type [org.springframework.context.ApplicationContext]
10:38:46,568 TRACE org.springframework.beans.CachedIntrospectionResults:289 - Found bean property 'class' of type [java.lang.Class]
10:38:46,568 TRACE org.springframework.beans.CachedIntrospectionResults:289 - Found bean property 'class' of type [java.lang.Class]
10:38:46,574 DEBUG org.springframework.beans.factory.support.DefaultListableBeanFactory:503 - Finished creating instance of bean '(inner bean)#21abda60'
10:38:46,574 DEBUG org.springframework.beans.factory.support.DefaultListableBeanFactory:503 - Finished creating instance of bean '(inner bean)#21abda60'
10:38:46,578 DEBUG org.springframework.beans.factory.support.DefaultListableBeanFactory:254 - Returning cached instance of singleton bean 'mongoTemplate'
10:38:46,578 DEBUG org.springframework.beans.factory.support.DefaultListableBeanFactory:254 - Returning cached instance of singleton bean 'mongoTemplate'
10:38:46,580 DEBUG org.springframework.beans.factory.support.DefaultListableBeanFactory:1751 - Invoking afterPropertiesSet() on bean with name 'userRepository'
10:38:46,580 DEBUG org.springframework.beans.factory.support.DefaultListableBeanFactory:1751 - Invoking afterPropertiesSet() on bean with name 'userRepository'
10:38:46,602 DEBUG org.springframework.aop.framework.JdkDynamicAopProxy:119 - Creating JDK dynamic proxy: target source is SingletonTargetSource for target object [org.springframework.data.mongodb.repository.support.SimpleMongoRepository@6c70b7c3]
10:38:46,602 DEBUG org.springframework.aop.framework.JdkDynamicAopProxy:119 - Creating JDK dynamic proxy: target source is SingletonTargetSource for target object [org.springframework.data.mongodb.repository.support.SimpleMongoRepository@6c70b7c3]
10:38:46,603 DEBUG org.springframework.beans.factory.support.DefaultListableBeanFactory:503 - Finished creating instance of bean 'userRepository'
10:38:46,603 DEBUG org.springframework.beans.factory.support.DefaultListableBeanFactory:503 - Finished creating instance of bean 'userRepository'
10:38:46,605 DEBUG org.springframework.beans.factory.support.DefaultListableBeanFactory:219 - Creating shared instance of singleton bean 'authorityRepository'
10:38:46,605 DEBUG org.springframework.beans.factory.support.DefaultListableBeanFactory:219 - Creating shared instance of singleton bean 'authorityRepository'
10:38:46,612 DEBUG org.springframework.beans.factory.support.DefaultListableBeanFactory:466 - Creating instance of bean 'authorityRepository'
10:38:46,612 DEBUG org.springframework.beans.factory.support.DefaultListableBeanFactory:466 - Creating instance of bean 'authorityRepository'
10:38:46,613 DEBUG org.springframework.beans.factory.support.DefaultListableBeanFactory:569 - Eagerly caching bean 'authorityRepository' to allow for resolving potential circular references
10:38:46,613 DEBUG org.springframework.beans.factory.support.DefaultListableBeanFactory:569 - Eagerly caching bean 'authorityRepository' to allow for resolving potential circular references
10:38:46,614 DEBUG org.springframework.beans.factory.support.DefaultListableBeanFactory:466 - Creating instance of bean '(inner bean)#16a09809'
10:38:46,614 DEBUG org.springframework.beans.factory.support.DefaultListableBeanFactory:466 - Creating instance of bean '(inner bean)#16a09809'
10:38:46,615 DEBUG org.springframework.beans.factory.support.DefaultListableBeanFactory:466 - Creating instance of bean '(inner bean)#69a73867'
10:38:46,615 DEBUG org.springframework.beans.factory.support.DefaultListableBeanFactory:466 - Creating instance of bean '(inner bean)#69a73867'
10:38:46,617 TRACE org.springframework.beans.TypeConverterDelegate:436 - Converting String to [class [Lorg.springframework.core.io.Resource;] using property editor [org.springframework.core.io.support.ResourceArrayPropertyEditor@749d7c01]
10:38:46,617 TRACE org.springframework.beans.TypeConverterDelegate:436 - Converting String to [class [Lorg.springframework.core.io.Resource;] using property editor [org.springframework.core.io.support.ResourceArrayPropertyEditor@749d7c01]
10:38:46,629 DEBUG org.springframework.core.io.support.PathMatchingResourcePatternResolver:321 - Resolved classpath location [META-INF/mongo-named-queries.properties] to resources []
10:38:46,629 DEBUG org.springframework.core.io.support.PathMatchingResourcePatternResolver:321 - Resolved classpath location [META-INF/mongo-named-queries.properties] to resources []
10:38:46,630 DEBUG org.springframework.beans.factory.support.DefaultListableBeanFactory:1751 - Invoking afterPropertiesSet() on bean with name '(inner bean)#69a73867'
10:38:46,630 DEBUG org.springframework.beans.factory.support.DefaultListableBeanFactory:1751 - Invoking afterPropertiesSet() on bean with name '(inner bean)#69a73867'
10:38:46,631 DEBUG org.springframework.beans.factory.support.DefaultListableBeanFactory:503 - Finished creating instance of bean '(inner bean)#69a73867'
10:38:46,631 DEBUG org.springframework.beans.factory.support.DefaultListableBeanFactory:503 - Finished creating instance of bean '(inner bean)#69a73867'
10:38:46,633 DEBUG org.springframework.beans.factory.support.DefaultListableBeanFactory:503 - Finished creating instance of bean '(inner bean)#16a09809'
10:38:46,633 DEBUG org.springframework.beans.factory.support.DefaultListableBeanFactory:503 - Finished creating instance of bean '(inner bean)#16a09809'
10:38:46,634 DEBUG org.springframework.beans.factory.support.DefaultListableBeanFactory:466 - Creating instance of bean '(inner bean)#f48a080'
10:38:46,634 DEBUG org.springframework.beans.factory.support.DefaultListableBeanFactory:466 - Creating instance of bean '(inner bean)#f48a080'
10:38:46,635 DEBUG org.springframework.beans.factory.support.DefaultListableBeanFactory:1751 - Invoking afterPropertiesSet() on bean with name '(inner bean)#f48a080'
10:38:46,635 DEBUG org.springframework.beans.factory.support.DefaultListableBeanFactory:1751 - Invoking afterPropertiesSet() on bean with name '(inner bean)#f48a080'
10:38:46,637 DEBUG org.springframework.beans.factory.support.DefaultListableBeanFactory:503 - Finished creating instance of bean '(inner bean)#f48a080'
10:38:46,637 DEBUG org.springframework.beans.factory.support.DefaultListableBeanFactory:503 - Finished creating instance of bean '(inner bean)#f48a080'
10:38:46,641 DEBUG org.springframework.beans.factory.support.DefaultListableBeanFactory:466 - Creating instance of bean '(inner bean)#401ec794'
10:38:46,641 DEBUG org.springframework.beans.factory.support.DefaultListableBeanFactory:466 - Creating instance of bean '(inner bean)#401ec794'
10:38:46,643 DEBUG org.springframework.beans.factory.support.DefaultListableBeanFactory:503 - Finished creating instance of bean '(inner bean)#401ec794'
10:38:46,643 DEBUG org.springframework.beans.factory.support.DefaultListableBeanFactory:503 - Finished creating instance of bean '(inner bean)#401ec794'
10:38:46,645 DEBUG org.springframework.beans.factory.support.DefaultListableBeanFactory:254 - Returning cached instance of singleton bean 'mongoTemplate'
10:38:46,645 DEBUG org.springframework.beans.factory.support.DefaultListableBeanFactory:254 - Returning cached instance of singleton bean 'mongoTemplate'
10:38:46,648 DEBUG org.springframework.beans.factory.support.DefaultListableBeanFactory:1751 - Invoking afterPropertiesSet() on bean with name 'authorityRepository'
10:38:46,648 DEBUG org.springframework.beans.factory.support.DefaultListableBeanFactory:1751 - Invoking afterPropertiesSet() on bean with name 'authorityRepository'
10:38:46,666 DEBUG org.springframework.aop.framework.JdkDynamicAopProxy:119 - Creating JDK dynamic proxy: target source is SingletonTargetSource for target object [org.springframework.data.mongodb.repository.support.SimpleMongoRepository@d76099a]
10:38:46,666 DEBUG org.springframework.aop.framework.JdkDynamicAopProxy:119 - Creating JDK dynamic proxy: target source is SingletonTargetSource for target object [org.springframework.data.mongodb.repository.support.SimpleMongoRepository@d76099a]
10:38:46,667 DEBUG org.springframework.beans.factory.support.DefaultListableBeanFactory:503 - Finished creating instance of bean 'authorityRepository'
10:38:46,667 DEBUG org.springframework.beans.factory.support.DefaultListableBeanFactory:503 - Finished creating instance of bean 'authorityRepository'
10:38:46,669 DEBUG org.springframework.beans.factory.support.DefaultListableBeanFactory:219 - Creating shared instance of singleton bean 'javaQuestionRepository'
10:38:46,669 DEBUG org.springframework.beans.factory.support.DefaultListableBeanFactory:219 - Creating shared instance of singleton bean 'javaQuestionRepository'
10:38:46,670 DEBUG org.springframework.beans.factory.support.DefaultListableBeanFactory:466 - Creating instance of bean 'javaQuestionRepository'
10:38:46,670 DEBUG org.springframework.beans.factory.support.DefaultListableBeanFactory:466 - Creating instance of bean 'javaQuestionRepository'
10:38:46,677 DEBUG org.springframework.beans.factory.support.DefaultListableBeanFactory:569 - Eagerly caching bean 'javaQuestionRepository' to allow for resolving potential circular references
10:38:46,677 DEBUG org.springframework.beans.factory.support.DefaultListableBeanFactory:569 - Eagerly caching bean 'javaQuestionRepository' to allow for resolving potential circular references
10:38:46,679 DEBUG org.springframework.beans.factory.support.DefaultListableBeanFactory:466 - Creating instance of bean '(inner bean)#47f0f414'
10:38:46,679 DEBUG org.springframework.beans.factory.support.DefaultListableBeanFactory:466 - Creating instance of bean '(inner bean)#47f0f414'
10:38:46,681 DEBUG org.springframework.beans.factory.support.DefaultListableBeanFactory:466 - Creating instance of bean '(inner bean)#7e1d8d41'
10:38:46,681 DEBUG org.springframework.beans.factory.support.DefaultListableBeanFactory:466 - Creating instance of bean '(inner bean)#7e1d8d41'
10:38:46,684 TRACE org.springframework.beans.TypeConverterDelegate:436 - Converting String to [class [Lorg.springframework.core.io.Resource;] using property editor [org.springframework.core.io.support.ResourceArrayPropertyEditor@4809c771]
10:38:46,684 TRACE org.springframework.beans.TypeConverterDelegate:436 - Converting String to [class [Lorg.springframework.core.io.Resource;] using property editor [org.springframework.core.io.support.ResourceArrayPropertyEditor@4809c771]
10:38:46,686 DEBUG org.springframework.core.io.support.PathMatchingResourcePatternResolver:321 - Resolved classpath location [META-INF/mongo-named-queries.properties] to resources []
10:38:46,686 DEBUG org.springframework.core.io.support.PathMatchingResourcePatternResolver:321 - Resolved classpath location [META-INF/mongo-named-queries.properties] to resources []
10:38:46,687 DEBUG org.springframework.beans.factory.support.DefaultListableBeanFactory:1751 - Invoking afterPropertiesSet() on bean with name '(inner bean)#7e1d8d41'
10:38:46,687 DEBUG org.springframework.beans.factory.support.DefaultListableBeanFactory:1751 - Invoking afterPropertiesSet() on bean with name '(inner bean)#7e1d8d41'
10:38:46,691 DEBUG org.springframework.beans.factory.support.DefaultListableBeanFactory:503 - Finished creating instance of bean '(inner bean)#7e1d8d41'
10:38:46,691 DEBUG org.springframework.beans.factory.support.DefaultListableBeanFactory:503 - Finished creating instance of bean '(inner bean)#7e1d8d41'
10:38:46,694 DEBUG org.springframework.beans.factory.support.DefaultListableBeanFactory:503 - Finished creating instance of bean '(inner bean)#47f0f414'
10:38:46,694 DEBUG org.springframework.beans.factory.support.DefaultListableBeanFactory:503 - Finished creating instance of bean '(inner bean)#47f0f414'
10:38:46,696 DEBUG org.springframework.beans.factory.support.DefaultListableBeanFactory:466 - Creating instance of bean '(inner bean)#359e27d2'
10:38:46,696 DEBUG org.springframework.beans.factory.support.DefaultListableBeanFactory:466 - Creating instance of bean '(inner bean)#359e27d2'
10:38:46,697 DEBUG org.springframework.beans.factory.support.DefaultListableBeanFactory:1751 - Invoking afterPropertiesSet() on bean with name '(inner bean)#359e27d2'
10:38:46,697 DEBUG org.springframework.beans.factory.support.DefaultListableBeanFactory:1751 - Invoking afterPropertiesSet() on bean with name '(inner bean)#359e27d2'
10:38:46,699 DEBUG org.springframework.beans.factory.support.DefaultListableBeanFactory:503 - Finished creating instance of bean '(inner bean)#359e27d2'
10:38:46,699 DEBUG org.springframework.beans.factory.support.DefaultListableBeanFactory:503 - Finished creating instance of bean '(inner bean)#359e27d2'
10:38:46,700 DEBUG org.springframework.beans.factory.support.DefaultListableBeanFactory:466 - Creating instance of bean '(inner bean)#214fba74'
10:38:46,700 DEBUG org.springframework.beans.factory.support.DefaultListableBeanFactory:466 - Creating instance of bean '(inner bean)#214fba74'
10:38:46,703 DEBUG org.springframework.beans.factory.support.DefaultListableBeanFactory:503 - Finished creating instance of bean '(inner bean)#214fba74'
10:38:46,703 DEBUG org.springframework.beans.factory.support.DefaultListableBeanFactory:503 - Finished creating instance of bean '(inner bean)#214fba74'
10:38:46,704 DEBUG org.springframework.beans.factory.support.DefaultListableBeanFactory:254 - Returning cached instance of singleton bean 'mongoTemplate'
10:38:46,704 DEBUG org.springframework.beans.factory.support.DefaultListableBeanFactory:254 - Returning cached instance of singleton bean 'mongoTemplate'
10:38:46,715 DEBUG org.springframework.beans.factory.support.DefaultListableBeanFactory:1751 - Invoking afterPropertiesSet() on bean with name 'javaQuestionRepository'
10:38:46,715 DEBUG org.springframework.beans.factory.support.DefaultListableBeanFactory:1751 - Invoking afterPropertiesSet() on bean with name 'javaQuestionRepository'
10:38:46,748 DEBUG org.springframework.aop.framework.JdkDynamicAopProxy:119 - Creating JDK dynamic proxy: target source is SingletonTargetSource for target object [org.springframework.data.mongodb.repository.support.SimpleMongoRepository@61c87f1b]
10:38:46,748 DEBUG org.springframework.aop.framework.JdkDynamicAopProxy:119 - Creating JDK dynamic proxy: target source is SingletonTargetSource for target object [org.springframework.data.mongodb.repository.support.SimpleMongoRepository@61c87f1b]
10:38:46,750 DEBUG org.springframework.beans.factory.support.DefaultListableBeanFactory:503 - Finished creating instance of bean 'javaQuestionRepository'
10:38:46,750 DEBUG org.springframework.beans.factory.support.DefaultListableBeanFactory:503 - Finished creating instance of bean 'javaQuestionRepository'
10:38:46,752 DEBUG org.springframework.beans.factory.support.DefaultListableBeanFactory:254 - Returning cached instance of singleton bean 'org.springframework.context.event.internalEventListenerFactory'
10:38:46,752 DEBUG org.springframework.beans.factory.support.DefaultListableBeanFactory:254 - Returning cached instance of singleton bean 'org.springframework.context.event.internalEventListenerFactory'
10:38:46,753 TRACE org.springframework.context.event.EventListenerMethodProcessor:156 - No @EventListener annotations found on bean class: org.springframework.context.annotation.ConfigurationClassPostProcessor
10:38:46,753 TRACE org.springframework.context.event.EventListenerMethodProcessor:156 - No @EventListener annotations found on bean class: org.springframework.context.annotation.ConfigurationClassPostProcessor
10:38:46,754 TRACE org.springframework.context.event.EventListenerMethodProcessor:156 - No @EventListener annotations found on bean class: org.springframework.beans.factory.annotation.AutowiredAnnotationBeanPostProcessor
10:38:46,754 TRACE org.springframework.context.event.EventListenerMethodProcessor:156 - No @EventListener annotations found on bean class: org.springframework.beans.factory.annotation.AutowiredAnnotationBeanPostProcessor
10:38:46,758 TRACE org.springframework.context.event.EventListenerMethodProcessor:156 - No @EventListener annotations found on bean class: org.springframework.beans.factory.annotation.RequiredAnnotationBeanPostProcessor
10:38:46,758 TRACE org.springframework.context.event.EventListenerMethodProcessor:156 - No @EventListener annotations found on bean class: org.springframework.beans.factory.annotation.RequiredAnnotationBeanPostProcessor
10:38:46,759 TRACE org.springframework.context.event.EventListenerMethodProcessor:156 - No @EventListener annotations found on bean class: org.springframework.context.annotation.CommonAnnotationBeanPostProcessor
10:38:46,759 TRACE org.springframework.context.event.EventListenerMethodProcessor:156 - No @EventListener annotations found on bean class: org.springframework.context.annotation.CommonAnnotationBeanPostProcessor
10:38:46,761 TRACE org.springframework.context.event.EventListenerMethodProcessor:156 - No @EventListener annotations found on bean class: org.springframework.context.event.EventListenerMethodProcessor
10:38:46,761 TRACE org.springframework.context.event.EventListenerMethodProcessor:156 - No @EventListener annotations found on bean class: org.springframework.context.event.EventListenerMethodProcessor
10:38:46,763 TRACE org.springframework.context.event.EventListenerMethodProcessor:156 - No @EventListener annotations found on bean class: org.springframework.context.event.DefaultEventListenerFactory
10:38:46,763 TRACE org.springframework.context.event.EventListenerMethodProcessor:156 - No @EventListener annotations found on bean class: org.springframework.context.event.DefaultEventListenerFactory
10:38:46,764 TRACE org.springframework.context.event.EventListenerMethodProcessor:156 - No @EventListener annotations found on bean class: org.springframework.boot.test.context.ImportsContextCustomizer$ImportsCleanupPostProcessor
10:38:46,764 TRACE org.springframework.context.event.EventListenerMethodProcessor:156 - No @EventListener annotations found on bean class: org.springframework.boot.test.context.ImportsContextCustomizer$ImportsCleanupPostProcessor
10:38:46,765 TRACE org.springframework.context.event.EventListenerMethodProcessor:156 - No @EventListener annotations found on bean class: org.springframework.boot.test.mock.mockito.MockitoPostProcessor$SpyPostProcessor
10:38:46,765 TRACE org.springframework.context.event.EventListenerMethodProcessor:156 - No @EventListener annotations found on bean class: org.springframework.boot.test.mock.mockito.MockitoPostProcessor$SpyPostProcessor
10:38:46,766 TRACE org.springframework.context.event.EventListenerMethodProcessor:156 - No @EventListener annotations found on bean class: org.springframework.boot.test.mock.mockito.MockitoPostProcessor
10:38:46,766 TRACE org.springframework.context.event.EventListenerMethodProcessor:156 - No @EventListener annotations found on bean class: org.springframework.boot.test.mock.mockito.MockitoPostProcessor
10:38:46,767 TRACE org.springframework.context.event.EventListenerMethodProcessor:156 - No @EventListener annotations found on bean class: pro.abacus.javatutor.JavaTutorApplication$$EnhancerBySpringCGLIB$$18d37e53
10:38:46,767 TRACE org.springframework.context.event.EventListenerMethodProcessor:156 - No @EventListener annotations found on bean class: pro.abacus.javatutor.JavaTutorApplication$$EnhancerBySpringCGLIB$$18d37e53
10:38:46,768 TRACE org.springframework.context.event.EventListenerMethodProcessor:156 - No @EventListener annotations found on bean class: org.springframework.core.type.classreading.CachingMetadataReaderFactory
10:38:46,768 TRACE org.springframework.context.event.EventListenerMethodProcessor:156 - No @EventListener annotations found on bean class: org.springframework.core.type.classreading.CachingMetadataReaderFactory
10:38:46,769 TRACE org.springframework.context.event.EventListenerMethodProcessor:156 - No @EventListener annotations found on bean class: org.springframework.boot.autoconfigure.AutoConfigurationPackages$BasePackages
10:38:46,769 TRACE org.springframework.context.event.EventListenerMethodProcessor:156 - No @EventListener annotations found on bean class: org.springframework.boot.autoconfigure.AutoConfigurationPackages$BasePackages
10:38:46,770 TRACE org.springframework.context.event.EventListenerMethodProcessor:156 - No @EventListener annotations found on bean class: org.springframework.boot.autoconfigure.condition.BeanTypeRegistry
10:38:46,770 TRACE org.springframework.context.event.EventListenerMethodProcessor:156 - No @EventListener annotations found on bean class: org.springframework.boot.autoconfigure.condition.BeanTypeRegistry
10:38:46,771 TRACE org.springframework.context.event.EventListenerMethodProcessor:156 - No @EventListener annotations found on bean class: org.springframework.boot.autoconfigure.mongo.MongoAutoConfiguration$$EnhancerBySpringCGLIB$$f9fc28ea
10:38:46,771 TRACE org.springframework.context.event.EventListenerMethodProcessor:156 - No @EventListener annotations found on bean class: org.springframework.boot.autoconfigure.mongo.MongoAutoConfiguration$$EnhancerBySpringCGLIB$$f9fc28ea
10:38:46,773 TRACE org.springframework.context.event.EventListenerMethodProcessor:156 - No @EventListener annotations found on bean class: com.mongodb.MongoClient
10:38:46,773 TRACE org.springframework.context.event.EventListenerMethodProcessor:156 - No @EventListener annotations found on bean class: com.mongodb.MongoClient
10:38:46,774 TRACE org.springframework.context.event.EventListenerMethodProcessor:156 - No @EventListener annotations found on bean class: org.springframework.boot.autoconfigure.mongo.MongoProperties
10:38:46,774 TRACE org.springframework.context.event.EventListenerMethodProcessor:156 - No @EventListener annotations found on bean class: org.springframework.boot.autoconfigure.mongo.MongoProperties
10:38:46,775 TRACE org.springframework.context.event.EventListenerMethodProcessor:156 - No @EventListener annotations found on bean class: org.springframework.boot.context.properties.ConfigurationPropertiesBindingPostProcessor
10:38:46,775 TRACE org.springframework.context.event.EventListenerMethodProcessor:156 - No @EventListener annotations found on bean class: org.springframework.boot.context.properties.ConfigurationPropertiesBindingPostProcessor
10:38:46,776 TRACE org.springframework.context.event.EventListenerMethodProcessor:156 - No @EventListener annotations found on bean class: org.springframework.boot.context.properties.ConfigurationBeanFactoryMetadata
10:38:46,776 TRACE org.springframework.context.event.EventListenerMethodProcessor:156 - No @EventListener annotations found on bean class: org.springframework.boot.context.properties.ConfigurationBeanFactoryMetadata
10:38:46,778 TRACE org.springframework.context.event.EventListenerMethodProcessor:156 - No @EventListener annotations found on bean class: org.springframework.boot.autoconfigure.data.mongo.MongoDataAutoConfiguration$$EnhancerBySpringCGLIB$$28baabcc
10:38:46,778 TRACE org.springframework.context.event.EventListenerMethodProcessor:156 - No @EventListener annotations found on bean class: org.springframework.boot.autoconfigure.data.mongo.MongoDataAutoConfiguration$$EnhancerBySpringCGLIB$$28baabcc
10:38:46,780 TRACE org.springframework.context.event.EventListenerMethodProcessor:156 - No @EventListener annotations found on bean class: org.springframework.data.mongodb.core.SimpleMongoDbFactory
10:38:46,780 TRACE org.springframework.context.event.EventListenerMethodProcessor:156 - No @EventListener annotations found on bean class: org.springframework.data.mongodb.core.SimpleMongoDbFactory
10:38:46,781 TRACE org.springframework.context.event.EventListenerMethodProcessor:156 - No @EventListener annotations found on bean class: org.springframework.data.mongodb.core.MongoTemplate
10:38:46,781 TRACE org.springframework.context.event.EventListenerMethodProcessor:156 - No @EventListener annotations found on bean class: org.springframework.data.mongodb.core.MongoTemplate
10:38:46,785 TRACE org.springframework.context.event.EventListenerMethodProcessor:156 - No @EventListener annotations found on bean class: org.springframework.data.mongodb.core.convert.MappingMongoConverter
10:38:46,785 TRACE org.springframework.context.event.EventListenerMethodProcessor:156 - No @EventListener annotations found on bean class: org.springframework.data.mongodb.core.convert.MappingMongoConverter
10:38:46,791 TRACE org.springframework.context.event.EventListenerMethodProcessor:156 - No @EventListener annotations found on bean class: org.springframework.data.mongodb.core.mapping.MongoMappingContext
10:38:46,791 TRACE org.springframework.context.event.EventListenerMethodProcessor:156 - No @EventListener annotations found on bean class: org.springframework.data.mongodb.core.mapping.MongoMappingContext
10:38:46,792 TRACE org.springframework.context.event.EventListenerMethodProcessor:156 - No @EventListener annotations found on bean class: org.springframework.data.mongodb.gridfs.GridFsTemplate
10:38:46,792 TRACE org.springframework.context.event.EventListenerMethodProcessor:156 - No @EventListener annotations found on bean class: org.springframework.data.mongodb.gridfs.GridFsTemplate
10:38:46,794 TRACE org.springframework.context.event.EventListenerMethodProcessor:156 - No @EventListener annotations found on bean class: org.springframework.data.mongodb.core.convert.MongoCustomConversions
10:38:46,794 TRACE org.springframework.context.event.EventListenerMethodProcessor:156 - No @EventListener annotations found on bean class: org.springframework.data.mongodb.core.convert.MongoCustomConversions
10:38:46,795 TRACE org.springframework.context.event.EventListenerMethodProcessor:156 - No @EventListener annotations found on bean class: org.springframework.boot.autoconfigure.data.mongo.MongoRepositoriesAutoConfiguration$$EnhancerBySpringCGLIB$$5cd7f60e
10:38:46,795 TRACE org.springframework.context.event.EventListenerMethodProcessor:156 - No @EventListener annotations found on bean class: org.springframework.boot.autoconfigure.data.mongo.MongoRepositoriesAutoConfiguration$$EnhancerBySpringCGLIB$$5cd7f60e
10:38:46,797 TRACE org.springframework.context.event.EventListenerMethodProcessor:156 - No @EventListener annotations found on bean class: pro.abacus.javatutor.repository.UserRepository
10:38:46,797 TRACE org.springframework.context.event.EventListenerMethodProcessor:156 - No @EventListener annotations found on bean class: pro.abacus.javatutor.repository.UserRepository
10:38:46,799 TRACE org.springframework.context.event.EventListenerMethodProcessor:156 - No @EventListener annotations found on bean class: pro.abacus.javatutor.repository.AuthorityRepository
10:38:46,799 TRACE org.springframework.context.event.EventListenerMethodProcessor:156 - No @EventListener annotations found on bean class: pro.abacus.javatutor.repository.AuthorityRepository
10:38:46,800 TRACE org.springframework.context.event.EventListenerMethodProcessor:156 - No @EventListener annotations found on bean class: pro.abacus.javatutor.repository.JavaQuestionRepository
10:38:46,800 TRACE org.springframework.context.event.EventListenerMethodProcessor:156 - No @EventListener annotations found on bean class: pro.abacus.javatutor.repository.JavaQuestionRepository
10:38:46,800 TRACE org.springframework.context.event.EventListenerMethodProcessor:156 - No @EventListener annotations found on bean class: org.springframework.boot.autoconfigure.condition.ConditionEvaluationReport
10:38:46,800 TRACE org.springframework.context.event.EventListenerMethodProcessor:156 - No @EventListener annotations found on bean class: org.springframework.boot.autoconfigure.condition.ConditionEvaluationReport
10:38:46,801 TRACE org.springframework.context.event.EventListenerMethodProcessor:156 - No @EventListener annotations found on bean class: org.springframework.boot.context.ContextIdApplicationContextInitializer$ContextId
10:38:46,801 TRACE org.springframework.context.event.EventListenerMethodProcessor:156 - No @EventListener annotations found on bean class: org.springframework.boot.context.ContextIdApplicationContextInitializer$ContextId
10:38:46,802 TRACE org.springframework.context.event.EventListenerMethodProcessor:156 - No @EventListener annotations found on bean class: org.springframework.boot.test.context.filter.TestTypeExcludeFilter
10:38:46,802 TRACE org.springframework.context.event.EventListenerMethodProcessor:156 - No @EventListener annotations found on bean class: org.springframework.boot.test.context.filter.TestTypeExcludeFilter
10:38:46,803 TRACE org.springframework.context.event.EventListenerMethodProcessor:156 - No @EventListener annotations found on bean class: org.springframework.boot.test.autoconfigure.filter.TypeExcludeFiltersContextCustomizer$1
10:38:46,803 TRACE org.springframework.context.event.EventListenerMethodProcessor:156 - No @EventListener annotations found on bean class: org.springframework.boot.test.autoconfigure.filter.TypeExcludeFiltersContextCustomizer$1
10:38:46,804 TRACE org.springframework.context.event.EventListenerMethodProcessor:156 - No @EventListener annotations found on bean class: org.springframework.boot.test.autoconfigure.properties.PropertyMappingContextCustomizer$PropertyMappingCheckBeanPostProcessor
10:38:46,804 TRACE org.springframework.context.event.EventListenerMethodProcessor:156 - No @EventListener annotations found on bean class: org.springframework.boot.test.autoconfigure.properties.PropertyMappingContextCustomizer$PropertyMappingCheckBeanPostProcessor
10:38:46,805 TRACE org.springframework.context.event.EventListenerMethodProcessor:156 - No @EventListener annotations found on bean class: org.springframework.boot.DefaultApplicationArguments
10:38:46,805 TRACE org.springframework.context.event.EventListenerMethodProcessor:156 - No @EventListener annotations found on bean class: org.springframework.boot.DefaultApplicationArguments
10:38:46,806 TRACE org.springframework.context.event.EventListenerMethodProcessor:156 - No @EventListener annotations found on bean class: org.springframework.boot.SpringApplicationBannerPrinter$PrintedBanner
10:38:46,806 TRACE org.springframework.context.event.EventListenerMethodProcessor:156 - No @EventListener annotations found on bean class: org.springframework.boot.SpringApplicationBannerPrinter$PrintedBanner
10:38:46,809 TRACE org.springframework.context.event.EventListenerMethodProcessor:156 - No @EventListener annotations found on bean class: org.springframework.boot.logging.java.JavaLoggingSystem
10:38:46,809 TRACE org.springframework.context.event.EventListenerMethodProcessor:156 - No @EventListener annotations found on bean class: org.springframework.boot.logging.java.JavaLoggingSystem
10:38:46,810 TRACE org.springframework.context.event.EventListenerMethodProcessor:156 - No @EventListener annotations found on bean class: org.springframework.core.env.StandardEnvironment
10:38:46,810 TRACE org.springframework.context.event.EventListenerMethodProcessor:156 - No @EventListener annotations found on bean class: org.springframework.core.env.StandardEnvironment
10:38:46,811 TRACE org.springframework.context.event.EventListenerMethodProcessor:156 - No @EventListener annotations found on bean class: java.util.Properties
10:38:46,811 TRACE org.springframework.context.event.EventListenerMethodProcessor:156 - No @EventListener annotations found on bean class: java.util.Properties
10:38:46,812 TRACE org.springframework.context.event.EventListenerMethodProcessor:156 - No @EventListener annotations found on bean class: java.util.Collections$UnmodifiableMap
10:38:46,812 TRACE org.springframework.context.event.EventListenerMethodProcessor:156 - No @EventListener annotations found on bean class: java.util.Collections$UnmodifiableMap
10:38:46,813 TRACE org.springframework.context.event.EventListenerMethodProcessor:156 - No @EventListener annotations found on bean class: org.springframework.context.annotation.ConfigurationClassParser$ImportStack
10:38:46,813 TRACE org.springframework.context.event.EventListenerMethodProcessor:156 - No @EventListener annotations found on bean class: org.springframework.context.annotation.ConfigurationClassParser$ImportStack
10:38:46,814 TRACE org.springframework.context.event.EventListenerMethodProcessor:156 - No @EventListener annotations found on bean class: org.springframework.boot.test.mock.mockito.MockitoBeans
10:38:46,814 TRACE org.springframework.context.event.EventListenerMethodProcessor:156 - No @EventListener annotations found on bean class: org.springframework.boot.test.mock.mockito.MockitoBeans
10:38:46,815 TRACE org.springframework.context.event.EventListenerMethodProcessor:156 - No @EventListener annotations found on bean class: org.springframework.context.support.DelegatingMessageSource
10:38:46,815 TRACE org.springframework.context.event.EventListenerMethodProcessor:156 - No @EventListener annotations found on bean class: org.springframework.context.support.DelegatingMessageSource
10:38:46,816 TRACE org.springframework.context.event.EventListenerMethodProcessor:156 - No @EventListener annotations found on bean class: org.springframework.context.event.SimpleApplicationEventMulticaster
10:38:46,816 TRACE org.springframework.context.event.EventListenerMethodProcessor:156 - No @EventListener annotations found on bean class: org.springframework.context.event.SimpleApplicationEventMulticaster
10:38:46,817 DEBUG org.springframework.context.annotation.AnnotationConfigApplicationContext:792 - Unable to locate LifecycleProcessor with name 'lifecycleProcessor': using default [org.springframework.context.support.DefaultLifecycleProcessor@1857fe6c]
10:38:46,817 DEBUG org.springframework.context.annotation.AnnotationConfigApplicationContext:792 - Unable to locate LifecycleProcessor with name 'lifecycleProcessor': using default [org.springframework.context.support.DefaultLifecycleProcessor@1857fe6c]
10:38:46,818 DEBUG org.springframework.beans.factory.support.DefaultListableBeanFactory:254 - Returning cached instance of singleton bean 'lifecycleProcessor'
10:38:46,818 DEBUG org.springframework.beans.factory.support.DefaultListableBeanFactory:254 - Returning cached instance of singleton bean 'lifecycleProcessor'
10:38:46,820 TRACE org.springframework.context.annotation.AnnotationConfigApplicationContext:380 - Publishing event in org.springframework.context.annotation.AnnotationConfigApplicationContext@531ec2ca: org.springframework.context.event.ContextRefreshedEvent[source=org.springframework.context.annotation.AnnotationConfigApplicationContext@531ec2ca: startup date [Thu Oct 11 10:38:43 CEST 2018]; root of context hierarchy]
10:38:46,820 TRACE org.springframework.context.annotation.AnnotationConfigApplicationContext:380 - Publishing event in org.springframework.context.annotation.AnnotationConfigApplicationContext@531ec2ca: org.springframework.context.event.ContextRefreshedEvent[source=org.springframework.context.annotation.AnnotationConfigApplicationContext@531ec2ca: startup date [Thu Oct 11 10:38:43 CEST 2018]; root of context hierarchy]
10:38:46,821 DEBUG org.springframework.beans.factory.support.DefaultListableBeanFactory:254 - Returning cached instance of singleton bean 'org.springframework.boot.autoconfigure.internalCachingMetadataReaderFactory'
10:38:46,821 DEBUG org.springframework.beans.factory.support.DefaultListableBeanFactory:254 - Returning cached instance of singleton bean 'org.springframework.boot.autoconfigure.internalCachingMetadataReaderFactory'
10:38:46,834 DEBUG org.springframework.boot.autoconfigure.logging.ConditionEvaluationReportLoggingListener:107 - 


============================
CONDITIONS EVALUATION REPORT
============================


Positive matches:
-----------------

   MongoAutoConfiguration matched:
      - @ConditionalOnClass found required class 'com.mongodb.MongoClient'; @ConditionalOnMissingClass did not find unwanted class (OnClassCondition)
      - @ConditionalOnMissingBean (types: org.springframework.data.mongodb.MongoDbFactory; SearchStrategy: all) did not find any beans (OnBeanCondition)

   MongoAutoConfiguration#mongo matched:
      - @ConditionalOnMissingBean (types: com.mongodb.MongoClient; SearchStrategy: all) did not find any beans (OnBeanCondition)

   MongoDataAutoConfiguration matched:
      - @ConditionalOnClass found required classes 'com.mongodb.MongoClient', 'org.springframework.data.mongodb.core.MongoTemplate'; @ConditionalOnMissingClass did not find unwanted class (OnClassCondition)

   MongoDataAutoConfiguration#gridFsTemplate matched:
      - @ConditionalOnMissingBean (types: org.springframework.data.mongodb.gridfs.GridFsTemplate; SearchStrategy: all) did not find any beans (OnBeanCondition)

   MongoDataAutoConfiguration#mappingMongoConverter matched:
      - @ConditionalOnMissingBean (types: org.springframework.data.mongodb.core.convert.MongoConverter; SearchStrategy: all) did not find any beans (OnBeanCondition)

   MongoDataAutoConfiguration#mongoCustomConversions matched:
      - @ConditionalOnMissingBean (types: org.springframework.data.mongodb.core.convert.MongoCustomConversions; SearchStrategy: all) did not find any beans (OnBeanCondition)

   MongoDataAutoConfiguration#mongoDbFactory matched:
      - @ConditionalOnMissingBean (types: org.springframework.data.mongodb.MongoDbFactory; SearchStrategy: all) did not find any beans (OnBeanCondition)

   MongoDataAutoConfiguration#mongoMappingContext matched:
      - @ConditionalOnMissingBean (types: org.springframework.data.mongodb.core.mapping.MongoMappingContext; SearchStrategy: all) did not find any beans (OnBeanCondition)

   MongoDataAutoConfiguration#mongoTemplate matched:
      - @ConditionalOnMissingBean (types: org.springframework.data.mongodb.core.MongoTemplate; SearchStrategy: all) did not find any beans (OnBeanCondition)

   MongoRepositoriesAutoConfiguration matched:
      - @ConditionalOnClass found required classes 'com.mongodb.MongoClient', 'org.springframework.data.mongodb.repository.MongoRepository'; @ConditionalOnMissingClass did not find unwanted class (OnClassCondition)
      - @ConditionalOnRepositoryType configured type of 'AUTO' matched required type (OnRepositoryTypeCondition)
      - @ConditionalOnMissingBean (types: org.springframework.data.mongodb.repository.support.MongoRepositoryFactoryBean,org.springframework.data.mongodb.repository.config.MongoRepositoryConfigurationExtension; SearchStrategy: all) did not find any beans (OnBeanCondition)

   NoOpCacheConfiguration matched:
      - Cache org.springframework.boot.autoconfigure.cache.NoOpCacheConfiguration NONE cache type (CacheCondition)


Negative matches:
-----------------

   CacheAutoConfiguration:
      Did not match:
         - @ConditionalOnBean (types: org.springframework.cache.interceptor.CacheAspectSupport; SearchStrategy: all) did not find any beans of type org.springframework.cache.interceptor.CacheAspectSupport (OnBeanCondition)
      Matched:
         - @ConditionalOnClass found required class 'org.springframework.cache.CacheManager'; @ConditionalOnMissingClass did not find unwanted class (OnClassCondition)

   CacheAutoConfiguration.CacheManagerJpaDependencyConfiguration:
      Did not match:
         - @ConditionalOnClass did not find required class 'org.springframework.orm.jpa.LocalContainerEntityManagerFactoryBean' (OnClassCondition)
         - Ancestor org.springframework.boot.autoconfigure.cache.CacheAutoConfiguration did not match (ConditionEvaluationReport.AncestorsMatchedCondition)

   CaffeineCacheConfiguration:
      Did not match:
         - @ConditionalOnClass did not find required classes 'com.github.benmanes.caffeine.cache.Caffeine', 'org.springframework.cache.caffeine.CaffeineCacheManager' (OnClassCondition)

   CouchbaseCacheConfiguration:
      Did not match:
         - @ConditionalOnClass did not find required classes 'com.couchbase.client.java.Bucket', 'com.couchbase.client.spring.cache.CouchbaseCacheManager' (OnClassCondition)

   EhCacheCacheConfiguration:
      Did not match:
         - @ConditionalOnClass did not find required classes 'net.sf.ehcache.Cache', 'org.springframework.cache.ehcache.EhCacheCacheManager' (OnClassCondition)

   EmbeddedMongoAutoConfiguration:
      Did not match:
         - @ConditionalOnClass did not find required class 'de.flapdoodle.embed.mongo.MongodStarter' (OnClassCondition)

   GenericCacheConfiguration:
      Did not match:
         - Cache org.springframework.boot.autoconfigure.cache.GenericCacheConfiguration unknown cache type (CacheCondition)

   HazelcastCacheConfiguration:
      Did not match:
         - @ConditionalOnClass did not find required classes 'com.hazelcast.core.HazelcastInstance', 'com.hazelcast.spring.cache.HazelcastCacheManager' (OnClassCondition)

   InfinispanCacheConfiguration:
      Did not match:
         - @ConditionalOnClass did not find required class 'org.infinispan.spring.provider.SpringEmbeddedCacheManager' (OnClassCondition)

   JCacheCacheConfiguration:
      Did not match:
         - @ConditionalOnClass did not find required classes 'javax.cache.Caching', 'org.springframework.cache.jcache.JCacheCacheManager' (OnClassCondition)

   MongoReactiveAutoConfiguration:
      Did not match:
         - @ConditionalOnClass did not find required class 'com.mongodb.reactivestreams.client.MongoClient' (OnClassCondition)

   MongoReactiveDataAutoConfiguration:
      Did not match:
         - @ConditionalOnClass did not find required class 'com.mongodb.reactivestreams.client.MongoClient' (OnClassCondition)

   MongoReactiveRepositoriesAutoConfiguration:
      Did not match:
         - @ConditionalOnClass did not find required class 'com.mongodb.reactivestreams.client.MongoClient' (OnClassCondition)

   RedisCacheConfiguration:
      Did not match:
         - Cache org.springframework.boot.autoconfigure.cache.RedisCacheConfiguration unknown cache type (CacheCondition)

   SimpleCacheConfiguration:
      Did not match:
         - Cache org.springframework.boot.autoconfigure.cache.SimpleCacheConfiguration unknown cache type (CacheCondition)


Exclusions:
-----------

    None


Unconditional classes:
----------------------

    None



10:38:46,834 DEBUG org.springframework.boot.autoconfigure.logging.ConditionEvaluationReportLoggingListener:107 - 


============================
CONDITIONS EVALUATION REPORT
============================


Positive matches:
-----------------

   MongoAutoConfiguration matched:
      - @ConditionalOnClass found required class 'com.mongodb.MongoClient'; @ConditionalOnMissingClass did not find unwanted class (OnClassCondition)
      - @ConditionalOnMissingBean (types: org.springframework.data.mongodb.MongoDbFactory; SearchStrategy: all) did not find any beans (OnBeanCondition)

   MongoAutoConfiguration#mongo matched:
      - @ConditionalOnMissingBean (types: com.mongodb.MongoClient; SearchStrategy: all) did not find any beans (OnBeanCondition)

   MongoDataAutoConfiguration matched:
      - @ConditionalOnClass found required classes 'com.mongodb.MongoClient', 'org.springframework.data.mongodb.core.MongoTemplate'; @ConditionalOnMissingClass did not find unwanted class (OnClassCondition)

   MongoDataAutoConfiguration#gridFsTemplate matched:
      - @ConditionalOnMissingBean (types: org.springframework.data.mongodb.gridfs.GridFsTemplate; SearchStrategy: all) did not find any beans (OnBeanCondition)

   MongoDataAutoConfiguration#mappingMongoConverter matched:
      - @ConditionalOnMissingBean (types: org.springframework.data.mongodb.core.convert.MongoConverter; SearchStrategy: all) did not find any beans (OnBeanCondition)

   MongoDataAutoConfiguration#mongoCustomConversions matched:
      - @ConditionalOnMissingBean (types: org.springframework.data.mongodb.core.convert.MongoCustomConversions; SearchStrategy: all) did not find any beans (OnBeanCondition)

   MongoDataAutoConfiguration#mongoDbFactory matched:
      - @ConditionalOnMissingBean (types: org.springframework.data.mongodb.MongoDbFactory; SearchStrategy: all) did not find any beans (OnBeanCondition)

   MongoDataAutoConfiguration#mongoMappingContext matched:
      - @ConditionalOnMissingBean (types: org.springframework.data.mongodb.core.mapping.MongoMappingContext; SearchStrategy: all) did not find any beans (OnBeanCondition)

   MongoDataAutoConfiguration#mongoTemplate matched:
      - @ConditionalOnMissingBean (types: org.springframework.data.mongodb.core.MongoTemplate; SearchStrategy: all) did not find any beans (OnBeanCondition)

   MongoRepositoriesAutoConfiguration matched:
      - @ConditionalOnClass found required classes 'com.mongodb.MongoClient', 'org.springframework.data.mongodb.repository.MongoRepository'; @ConditionalOnMissingClass did not find unwanted class (OnClassCondition)
      - @ConditionalOnRepositoryType configured type of 'AUTO' matched required type (OnRepositoryTypeCondition)
      - @ConditionalOnMissingBean (types: org.springframework.data.mongodb.repository.support.MongoRepositoryFactoryBean,org.springframework.data.mongodb.repository.config.MongoRepositoryConfigurationExtension; SearchStrategy: all) did not find any beans (OnBeanCondition)

   NoOpCacheConfiguration matched:
      - Cache org.springframework.boot.autoconfigure.cache.NoOpCacheConfiguration NONE cache type (CacheCondition)


Negative matches:
-----------------

   CacheAutoConfiguration:
      Did not match:
         - @ConditionalOnBean (types: org.springframework.cache.interceptor.CacheAspectSupport; SearchStrategy: all) did not find any beans of type org.springframework.cache.interceptor.CacheAspectSupport (OnBeanCondition)
      Matched:
         - @ConditionalOnClass found required class 'org.springframework.cache.CacheManager'; @ConditionalOnMissingClass did not find unwanted class (OnClassCondition)

   CacheAutoConfiguration.CacheManagerJpaDependencyConfiguration:
      Did not match:
         - @ConditionalOnClass did not find required class 'org.springframework.orm.jpa.LocalContainerEntityManagerFactoryBean' (OnClassCondition)
         - Ancestor org.springframework.boot.autoconfigure.cache.CacheAutoConfiguration did not match (ConditionEvaluationReport.AncestorsMatchedCondition)

   CaffeineCacheConfiguration:
      Did not match:
         - @ConditionalOnClass did not find required classes 'com.github.benmanes.caffeine.cache.Caffeine', 'org.springframework.cache.caffeine.CaffeineCacheManager' (OnClassCondition)

   CouchbaseCacheConfiguration:
      Did not match:
         - @ConditionalOnClass did not find required classes 'com.couchbase.client.java.Bucket', 'com.couchbase.client.spring.cache.CouchbaseCacheManager' (OnClassCondition)

   EhCacheCacheConfiguration:
      Did not match:
         - @ConditionalOnClass did not find required classes 'net.sf.ehcache.Cache', 'org.springframework.cache.ehcache.EhCacheCacheManager' (OnClassCondition)

   EmbeddedMongoAutoConfiguration:
      Did not match:
         - @ConditionalOnClass did not find required class 'de.flapdoodle.embed.mongo.MongodStarter' (OnClassCondition)

   GenericCacheConfiguration:
      Did not match:
         - Cache org.springframework.boot.autoconfigure.cache.GenericCacheConfiguration unknown cache type (CacheCondition)

   HazelcastCacheConfiguration:
      Did not match:
         - @ConditionalOnClass did not find required classes 'com.hazelcast.core.HazelcastInstance', 'com.hazelcast.spring.cache.HazelcastCacheManager' (OnClassCondition)

   InfinispanCacheConfiguration:
      Did not match:
         - @ConditionalOnClass did not find required class 'org.infinispan.spring.provider.SpringEmbeddedCacheManager' (OnClassCondition)

   JCacheCacheConfiguration:
      Did not match:
         - @ConditionalOnClass did not find required classes 'javax.cache.Caching', 'org.springframework.cache.jcache.JCacheCacheManager' (OnClassCondition)

   MongoReactiveAutoConfiguration:
      Did not match:
         - @ConditionalOnClass did not find required class 'com.mongodb.reactivestreams.client.MongoClient' (OnClassCondition)

   MongoReactiveDataAutoConfiguration:
      Did not match:
         - @ConditionalOnClass did not find required class 'com.mongodb.reactivestreams.client.MongoClient' (OnClassCondition)

   MongoReactiveRepositoriesAutoConfiguration:
      Did not match:
         - @ConditionalOnClass did not find required class 'com.mongodb.reactivestreams.client.MongoClient' (OnClassCondition)

   RedisCacheConfiguration:
      Did not match:
         - Cache org.springframework.boot.autoconfigure.cache.RedisCacheConfiguration unknown cache type (CacheCondition)

   SimpleCacheConfiguration:
      Did not match:
         - Cache org.springframework.boot.autoconfigure.cache.SimpleCacheConfiguration unknown cache type (CacheCondition)


Exclusions:
-----------

    None


Unconditional classes:
----------------------

    None



10:38:46,835 TRACE org.springframework.core.env.PropertySourcesPropertyResolver:82 - Searching for key 'spring.liveBeansView.mbeanDomain' in PropertySource 'Annotations'
10:38:46,835 TRACE org.springframework.core.env.PropertySourcesPropertyResolver:82 - Searching for key 'spring.liveBeansView.mbeanDomain' in PropertySource 'Annotations'
10:38:46,836 TRACE org.springframework.core.env.PropertySourcesPropertyResolver:82 - Searching for key 'spring.liveBeansView.mbeanDomain' in PropertySource 'configurationProperties'
10:38:46,836 TRACE org.springframework.core.env.PropertySourcesPropertyResolver:82 - Searching for key 'spring.liveBeansView.mbeanDomain' in PropertySource 'configurationProperties'
10:38:46,836 TRACE org.springframework.core.env.PropertySourcesPropertyResolver:82 - Searching for key 'spring.liveBeansView.mbeanDomain' in PropertySource 'test'
10:38:46,836 TRACE org.springframework.core.env.PropertySourcesPropertyResolver:82 - Searching for key 'spring.liveBeansView.mbeanDomain' in PropertySource 'test'
10:38:46,837 TRACE org.springframework.core.env.PropertySourcesPropertyResolver:82 - Searching for key 'spring.liveBeansView.mbeanDomain' in PropertySource 'Inlined Test Properties'
10:38:46,837 TRACE org.springframework.core.env.PropertySourcesPropertyResolver:82 - Searching for key 'spring.liveBeansView.mbeanDomain' in PropertySource 'Inlined Test Properties'
10:38:46,837 TRACE org.springframework.core.env.PropertySourcesPropertyResolver:82 - Searching for key 'spring.liveBeansView.mbeanDomain' in PropertySource 'systemProperties'
10:38:46,837 TRACE org.springframework.core.env.PropertySourcesPropertyResolver:82 - Searching for key 'spring.liveBeansView.mbeanDomain' in PropertySource 'systemProperties'
10:38:46,838 TRACE org.springframework.core.env.PropertySourcesPropertyResolver:82 - Searching for key 'spring.liveBeansView.mbeanDomain' in PropertySource 'systemEnvironment'
10:38:46,838 TRACE org.springframework.core.env.PropertySourcesPropertyResolver:82 - Searching for key 'spring.liveBeansView.mbeanDomain' in PropertySource 'systemEnvironment'
10:38:46,838 TRACE org.springframework.core.env.PropertySourcesPropertyResolver:82 - Searching for key 'spring.liveBeansView.mbeanDomain' in PropertySource 'random'
10:38:46,838 TRACE org.springframework.core.env.PropertySourcesPropertyResolver:82 - Searching for key 'spring.liveBeansView.mbeanDomain' in PropertySource 'random'
10:38:46,838 TRACE org.springframework.core.env.PropertySourcesPropertyResolver:82 - Searching for key 'spring.liveBeansView.mbeanDomain' in PropertySource 'applicationConfig: [classpath:/application.properties]'
10:38:46,838 TRACE org.springframework.core.env.PropertySourcesPropertyResolver:82 - Searching for key 'spring.liveBeansView.mbeanDomain' in PropertySource 'applicationConfig: [classpath:/application.properties]'
10:38:46,839 DEBUG org.springframework.core.env.PropertySourcesPropertyResolver:96 - Could not find key 'spring.liveBeansView.mbeanDomain' in any property source
10:38:46,839 DEBUG org.springframework.core.env.PropertySourcesPropertyResolver:96 - Could not find key 'spring.liveBeansView.mbeanDomain' in any property source
10:38:46,841  INFO pro.abacus.javatutor.repository.AuthorityRepositoryTest:59 - Started AuthorityRepositoryTest in 4.659 seconds (JVM running for 97.654)
10:38:46,842 TRACE org.springframework.context.annotation.AnnotationConfigApplicationContext:380 - Publishing event in org.springframework.context.annotation.AnnotationConfigApplicationContext@531ec2ca: org.springframework.boot.context.event.ApplicationStartedEvent[source=org.springframework.boot.SpringApplication@29b8df5]
10:38:46,842 TRACE org.springframework.context.annotation.AnnotationConfigApplicationContext:380 - Publishing event in org.springframework.context.annotation.AnnotationConfigApplicationContext@531ec2ca: org.springframework.boot.context.event.ApplicationStartedEvent[source=org.springframework.boot.SpringApplication@29b8df5]
10:38:46,844 TRACE org.springframework.context.annotation.AnnotationConfigApplicationContext:380 - Publishing event in org.springframework.context.annotation.AnnotationConfigApplicationContext@531ec2ca: org.springframework.boot.context.event.ApplicationReadyEvent[source=org.springframework.boot.SpringApplication@29b8df5]
10:38:46,844 TRACE org.springframework.context.annotation.AnnotationConfigApplicationContext:380 - Publishing event in org.springframework.context.annotation.AnnotationConfigApplicationContext@531ec2ca: org.springframework.boot.context.event.ApplicationReadyEvent[source=org.springframework.boot.SpringApplication@29b8df5]
10:38:46,846 DEBUG org.springframework.test.context.cache.DefaultCacheAwareContextLoaderDelegate:119 - Storing ApplicationContext in cache under key [[MergedContextConfiguration@70f85235 testClass = AuthorityRepositoryTest, locations = '{}', classes = '{class pro.abacus.javatutor.JavaTutorApplication}', contextInitializerClasses = '[]', activeProfiles = '{}', propertySourceLocations = '{}', propertySourceProperties = '{org.springframework.boot.test.context.SpringBootTestContextBootstrapper=true}', contextCustomizers = set[[ImportsContextCustomizer@3d6778d5 key = [org.springframework.boot.autoconfigure.cache.CacheAutoConfiguration, org.springframework.boot.autoconfigure.data.mongo.MongoDataAutoConfiguration, org.springframework.boot.autoconfigure.data.mongo.MongoReactiveDataAutoConfiguration, org.springframework.boot.autoconfigure.data.mongo.MongoReactiveRepositoriesAutoConfiguration, org.springframework.boot.autoconfigure.data.mongo.MongoRepositoriesAutoConfiguration, org.springframework.boot.autoconfigure.mongo.MongoAutoConfiguration, org.springframework.boot.autoconfigure.mongo.MongoReactiveAutoConfiguration, org.springframework.boot.autoconfigure.mongo.embedded.EmbeddedMongoAutoConfiguration]], org.springframework.boot.test.context.filter.ExcludeFilterContextCustomizer@290dbf45, org.springframework.boot.test.json.DuplicateJsonObjectContextCustomizerFactory$DuplicateJsonObjectContextCustomizer@69a10787, org.springframework.boot.test.mock.mockito.MockitoContextCustomizer@0, org.springframework.boot.test.autoconfigure.OverrideAutoConfigurationContextCustomizerFactory$DisableAutoConfigurationContextCustomizer@1c72da34, org.springframework.boot.test.autoconfigure.filter.TypeExcludeFiltersContextCustomizer@351584c0, org.springframework.boot.test.autoconfigure.properties.PropertyMappingContextCustomizer@9c19a3b8, org.springframework.boot.test.autoconfigure.web.servlet.WebDriverContextCustomizerFactory$Customizer@7f9fcf7f], contextLoader = 'org.springframework.boot.test.context.SpringBootContextLoader', parent = [null]]]
10:38:46,846 DEBUG org.springframework.test.context.cache.DefaultCacheAwareContextLoaderDelegate:119 - Storing ApplicationContext in cache under key [[MergedContextConfiguration@70f85235 testClass = AuthorityRepositoryTest, locations = '{}', classes = '{class pro.abacus.javatutor.JavaTutorApplication}', contextInitializerClasses = '[]', activeProfiles = '{}', propertySourceLocations = '{}', propertySourceProperties = '{org.springframework.boot.test.context.SpringBootTestContextBootstrapper=true}', contextCustomizers = set[[ImportsContextCustomizer@3d6778d5 key = [org.springframework.boot.autoconfigure.cache.CacheAutoConfiguration, org.springframework.boot.autoconfigure.data.mongo.MongoDataAutoConfiguration, org.springframework.boot.autoconfigure.data.mongo.MongoReactiveDataAutoConfiguration, org.springframework.boot.autoconfigure.data.mongo.MongoReactiveRepositoriesAutoConfiguration, org.springframework.boot.autoconfigure.data.mongo.MongoRepositoriesAutoConfiguration, org.springframework.boot.autoconfigure.mongo.MongoAutoConfiguration, org.springframework.boot.autoconfigure.mongo.MongoReactiveAutoConfiguration, org.springframework.boot.autoconfigure.mongo.embedded.EmbeddedMongoAutoConfiguration]], org.springframework.boot.test.context.filter.ExcludeFilterContextCustomizer@290dbf45, org.springframework.boot.test.json.DuplicateJsonObjectContextCustomizerFactory$DuplicateJsonObjectContextCustomizer@69a10787, org.springframework.boot.test.mock.mockito.MockitoContextCustomizer@0, org.springframework.boot.test.autoconfigure.OverrideAutoConfigurationContextCustomizerFactory$DisableAutoConfigurationContextCustomizer@1c72da34, org.springframework.boot.test.autoconfigure.filter.TypeExcludeFiltersContextCustomizer@351584c0, org.springframework.boot.test.autoconfigure.properties.PropertyMappingContextCustomizer@9c19a3b8, org.springframework.boot.test.autoconfigure.web.servlet.WebDriverContextCustomizerFactory$Customizer@7f9fcf7f], contextLoader = 'org.springframework.boot.test.context.SpringBootContextLoader', parent = [null]]]
10:38:46,847 DEBUG org.springframework.test.context.cache:290 - Spring test ApplicationContext cache statistics: [DefaultContextCache@1431267b size = 4, maxSize = 32, parentContextCount = 0, hitCount = 33, missCount = 4]
10:38:46,847 DEBUG org.springframework.test.context.cache:290 - Spring test ApplicationContext cache statistics: [DefaultContextCache@1431267b size = 4, maxSize = 32, parentContextCount = 0, hitCount = 33, missCount = 4]
10:38:46,847 TRACE org.springframework.beans.CachedIntrospectionResults:271 - Getting BeanInfo for class [pro.abacus.javatutor.repository.AuthorityRepositoryTest]
10:38:46,847 TRACE org.springframework.beans.CachedIntrospectionResults:271 - Getting BeanInfo for class [pro.abacus.javatutor.repository.AuthorityRepositoryTest]
10:38:46,850 TRACE org.springframework.beans.CachedIntrospectionResults:276 - Caching PropertyDescriptors for class [pro.abacus.javatutor.repository.AuthorityRepositoryTest]
10:38:46,850 TRACE org.springframework.beans.CachedIntrospectionResults:276 - Caching PropertyDescriptors for class [pro.abacus.javatutor.repository.AuthorityRepositoryTest]
10:38:46,851 TRACE org.springframework.beans.CachedIntrospectionResults:289 - Found bean property 'class' of type [java.lang.Class]
10:38:46,851 TRACE org.springframework.beans.CachedIntrospectionResults:289 - Found bean property 'class' of type [java.lang.Class]
10:38:46,852 DEBUG org.springframework.beans.factory.annotation.InjectionMetadata:89 - Processing injected element of bean 'pro.abacus.javatutor.repository.AuthorityRepositoryTest': AutowiredFieldElement for private pro.abacus.javatutor.repository.AuthorityRepository pro.abacus.javatutor.repository.AuthorityRepositoryTest.authorityRepository
10:38:46,852 DEBUG org.springframework.beans.factory.annotation.InjectionMetadata:89 - Processing injected element of bean 'pro.abacus.javatutor.repository.AuthorityRepositoryTest': AutowiredFieldElement for private pro.abacus.javatutor.repository.AuthorityRepository pro.abacus.javatutor.repository.AuthorityRepositoryTest.authorityRepository
10:38:46,853 DEBUG org.springframework.beans.factory.support.DefaultListableBeanFactory:254 - Returning cached instance of singleton bean 'authorityRepository'
10:38:46,853 DEBUG org.springframework.beans.factory.support.DefaultListableBeanFactory:254 - Returning cached instance of singleton bean 'authorityRepository'
10:38:46,854 DEBUG org.springframework.beans.factory.annotation.AutowiredAnnotationBeanPostProcessor:530 - Autowiring by type from bean name 'pro.abacus.javatutor.repository.AuthorityRepositoryTest' to bean named 'authorityRepository'
10:38:46,854 DEBUG org.springframework.beans.factory.annotation.AutowiredAnnotationBeanPostProcessor:530 - Autowiring by type from bean name 'pro.abacus.javatutor.repository.AuthorityRepositoryTest' to bean named 'authorityRepository'
10:38:46,855 DEBUG org.springframework.beans.factory.annotation.InjectionMetadata:89 - Processing injected element of bean 'pro.abacus.javatutor.repository.AuthorityRepositoryTest': AutowiredFieldElement for private org.springframework.data.mongodb.core.MongoTemplate pro.abacus.javatutor.repository.AuthorityRepositoryTest.mongoTemplate
10:38:46,855 DEBUG org.springframework.beans.factory.annotation.InjectionMetadata:89 - Processing injected element of bean 'pro.abacus.javatutor.repository.AuthorityRepositoryTest': AutowiredFieldElement for private org.springframework.data.mongodb.core.MongoTemplate pro.abacus.javatutor.repository.AuthorityRepositoryTest.mongoTemplate
10:38:46,856 DEBUG org.springframework.beans.factory.support.DefaultListableBeanFactory:254 - Returning cached instance of singleton bean 'mongoTemplate'
10:38:46,856 DEBUG org.springframework.beans.factory.support.DefaultListableBeanFactory:254 - Returning cached instance of singleton bean 'mongoTemplate'
10:38:46,857 DEBUG org.springframework.beans.factory.annotation.AutowiredAnnotationBeanPostProcessor:530 - Autowiring by type from bean name 'pro.abacus.javatutor.repository.AuthorityRepositoryTest' to bean named 'mongoTemplate'
10:38:46,857 DEBUG org.springframework.beans.factory.annotation.AutowiredAnnotationBeanPostProcessor:530 - Autowiring by type from bean name 'pro.abacus.javatutor.repository.AuthorityRepositoryTest' to bean named 'mongoTemplate'
10:38:46,859 TRACE org.springframework.test.context.TestContextManager:512 - beforeTestMethod(): instance [pro.abacus.javatutor.repository.AuthorityRepositoryTest@a84338a], method [public void pro.abacus.javatutor.repository.AuthorityRepositoryTest.shouldLookUpAuthorities()]
10:38:46,859 TRACE org.springframework.test.context.TestContextManager:512 - beforeTestMethod(): instance [pro.abacus.javatutor.repository.AuthorityRepositoryTest@a84338a], method [public void pro.abacus.javatutor.repository.AuthorityRepositoryTest.shouldLookUpAuthorities()]
10:38:46,860 DEBUG org.springframework.test.context.support.AbstractDirtiesContextTestExecutionListener:107 - Before test method: context [DefaultTestContext@1bfa3893 testClass = AuthorityRepositoryTest, testInstance = pro.abacus.javatutor.repository.AuthorityRepositoryTest@a84338a, testMethod = shouldLookUpAuthorities@AuthorityRepositoryTest, testException = [null], mergedContextConfiguration = [MergedContextConfiguration@70f85235 testClass = AuthorityRepositoryTest, locations = '{}', classes = '{class pro.abacus.javatutor.JavaTutorApplication}', contextInitializerClasses = '[]', activeProfiles = '{}', propertySourceLocations = '{}', propertySourceProperties = '{org.springframework.boot.test.context.SpringBootTestContextBootstrapper=true}', contextCustomizers = set[[ImportsContextCustomizer@3d6778d5 key = [org.springframework.boot.autoconfigure.cache.CacheAutoConfiguration, org.springframework.boot.autoconfigure.data.mongo.MongoDataAutoConfiguration, org.springframework.boot.autoconfigure.data.mongo.MongoReactiveDataAutoConfiguration, org.springframework.boot.autoconfigure.data.mongo.MongoReactiveRepositoriesAutoConfiguration, org.springframework.boot.autoconfigure.data.mongo.MongoRepositoriesAutoConfiguration, org.springframework.boot.autoconfigure.mongo.MongoAutoConfiguration, org.springframework.boot.autoconfigure.mongo.MongoReactiveAutoConfiguration, org.springframework.boot.autoconfigure.mongo.embedded.EmbeddedMongoAutoConfiguration]], org.springframework.boot.test.context.filter.ExcludeFilterContextCustomizer@290dbf45, org.springframework.boot.test.json.DuplicateJsonObjectContextCustomizerFactory$DuplicateJsonObjectContextCustomizer@69a10787, org.springframework.boot.test.mock.mockito.MockitoContextCustomizer@0, org.springframework.boot.test.autoconfigure.OverrideAutoConfigurationContextCustomizerFactory$DisableAutoConfigurationContextCustomizer@1c72da34, org.springframework.boot.test.autoconfigure.filter.TypeExcludeFiltersContextCustomizer@351584c0, org.springframework.boot.test.autoconfigure.properties.PropertyMappingContextCustomizer@9c19a3b8, org.springframework.boot.test.autoconfigure.web.servlet.WebDriverContextCustomizerFactory$Customizer@7f9fcf7f], contextLoader = 'org.springframework.boot.test.context.SpringBootContextLoader', parent = [null]], attributes = map[[empty]]], class annotated with @DirtiesContext [false] with mode [null], method annotated with @DirtiesContext [false] with mode [null].
10:38:46,860 DEBUG org.springframework.test.context.support.AbstractDirtiesContextTestExecutionListener:107 - Before test method: context [DefaultTestContext@1bfa3893 testClass = AuthorityRepositoryTest, testInstance = pro.abacus.javatutor.repository.AuthorityRepositoryTest@a84338a, testMethod = shouldLookUpAuthorities@AuthorityRepositoryTest, testException = [null], mergedContextConfiguration = [MergedContextConfiguration@70f85235 testClass = AuthorityRepositoryTest, locations = '{}', classes = '{class pro.abacus.javatutor.JavaTutorApplication}', contextInitializerClasses = '[]', activeProfiles = '{}', propertySourceLocations = '{}', propertySourceProperties = '{org.springframework.boot.test.context.SpringBootTestContextBootstrapper=true}', contextCustomizers = set[[ImportsContextCustomizer@3d6778d5 key = [org.springframework.boot.autoconfigure.cache.CacheAutoConfiguration, org.springframework.boot.autoconfigure.data.mongo.MongoDataAutoConfiguration, org.springframework.boot.autoconfigure.data.mongo.MongoReactiveDataAutoConfiguration, org.springframework.boot.autoconfigure.data.mongo.MongoReactiveRepositoriesAutoConfiguration, org.springframework.boot.autoconfigure.data.mongo.MongoRepositoriesAutoConfiguration, org.springframework.boot.autoconfigure.mongo.MongoAutoConfiguration, org.springframework.boot.autoconfigure.mongo.MongoReactiveAutoConfiguration, org.springframework.boot.autoconfigure.mongo.embedded.EmbeddedMongoAutoConfiguration]], org.springframework.boot.test.context.filter.ExcludeFilterContextCustomizer@290dbf45, org.springframework.boot.test.json.DuplicateJsonObjectContextCustomizerFactory$DuplicateJsonObjectContextCustomizer@69a10787, org.springframework.boot.test.mock.mockito.MockitoContextCustomizer@0, org.springframework.boot.test.autoconfigure.OverrideAutoConfigurationContextCustomizerFactory$DisableAutoConfigurationContextCustomizer@1c72da34, org.springframework.boot.test.autoconfigure.filter.TypeExcludeFiltersContextCustomizer@351584c0, org.springframework.boot.test.autoconfigure.properties.PropertyMappingContextCustomizer@9c19a3b8, org.springframework.boot.test.autoconfigure.web.servlet.WebDriverContextCustomizerFactory$Customizer@7f9fcf7f], contextLoader = 'org.springframework.boot.test.context.SpringBootContextLoader', parent = [null]], attributes = map[[empty]]], class annotated with @DirtiesContext [false] with mode [null], method annotated with @DirtiesContext [false] with mode [null].
10:38:46,863 DEBUG org.springframework.test.context.cache.DefaultCacheAwareContextLoaderDelegate:130 - Retrieved ApplicationContext from cache with key [[MergedContextConfiguration@70f85235 testClass = AuthorityRepositoryTest, locations = '{}', classes = '{class pro.abacus.javatutor.JavaTutorApplication}', contextInitializerClasses = '[]', activeProfiles = '{}', propertySourceLocations = '{}', propertySourceProperties = '{org.springframework.boot.test.context.SpringBootTestContextBootstrapper=true}', contextCustomizers = set[[ImportsContextCustomizer@3d6778d5 key = [org.springframework.boot.autoconfigure.cache.CacheAutoConfiguration, org.springframework.boot.autoconfigure.data.mongo.MongoDataAutoConfiguration, org.springframework.boot.autoconfigure.data.mongo.MongoReactiveDataAutoConfiguration, org.springframework.boot.autoconfigure.data.mongo.MongoReactiveRepositoriesAutoConfiguration, org.springframework.boot.autoconfigure.data.mongo.MongoRepositoriesAutoConfiguration, org.springframework.boot.autoconfigure.mongo.MongoAutoConfiguration, org.springframework.boot.autoconfigure.mongo.MongoReactiveAutoConfiguration, org.springframework.boot.autoconfigure.mongo.embedded.EmbeddedMongoAutoConfiguration]], org.springframework.boot.test.context.filter.ExcludeFilterContextCustomizer@290dbf45, org.springframework.boot.test.json.DuplicateJsonObjectContextCustomizerFactory$DuplicateJsonObjectContextCustomizer@69a10787, org.springframework.boot.test.mock.mockito.MockitoContextCustomizer@0, org.springframework.boot.test.autoconfigure.OverrideAutoConfigurationContextCustomizerFactory$DisableAutoConfigurationContextCustomizer@1c72da34, org.springframework.boot.test.autoconfigure.filter.TypeExcludeFiltersContextCustomizer@351584c0, org.springframework.boot.test.autoconfigure.properties.PropertyMappingContextCustomizer@9c19a3b8, org.springframework.boot.test.autoconfigure.web.servlet.WebDriverContextCustomizerFactory$Customizer@7f9fcf7f], contextLoader = 'org.springframework.boot.test.context.SpringBootContextLoader', parent = [null]]]
10:38:46,863 DEBUG org.springframework.test.context.cache.DefaultCacheAwareContextLoaderDelegate:130 - Retrieved ApplicationContext from cache with key [[MergedContextConfiguration@70f85235 testClass = AuthorityRepositoryTest, locations = '{}', classes = '{class pro.abacus.javatutor.JavaTutorApplication}', contextInitializerClasses = '[]', activeProfiles = '{}', propertySourceLocations = '{}', propertySourceProperties = '{org.springframework.boot.test.context.SpringBootTestContextBootstrapper=true}', contextCustomizers = set[[ImportsContextCustomizer@3d6778d5 key = [org.springframework.boot.autoconfigure.cache.CacheAutoConfiguration, org.springframework.boot.autoconfigure.data.mongo.MongoDataAutoConfiguration, org.springframework.boot.autoconfigure.data.mongo.MongoReactiveDataAutoConfiguration, org.springframework.boot.autoconfigure.data.mongo.MongoReactiveRepositoriesAutoConfiguration, org.springframework.boot.autoconfigure.data.mongo.MongoRepositoriesAutoConfiguration, org.springframework.boot.autoconfigure.mongo.MongoAutoConfiguration, org.springframework.boot.autoconfigure.mongo.MongoReactiveAutoConfiguration, org.springframework.boot.autoconfigure.mongo.embedded.EmbeddedMongoAutoConfiguration]], org.springframework.boot.test.context.filter.ExcludeFilterContextCustomizer@290dbf45, org.springframework.boot.test.json.DuplicateJsonObjectContextCustomizerFactory$DuplicateJsonObjectContextCustomizer@69a10787, org.springframework.boot.test.mock.mockito.MockitoContextCustomizer@0, org.springframework.boot.test.autoconfigure.OverrideAutoConfigurationContextCustomizerFactory$DisableAutoConfigurationContextCustomizer@1c72da34, org.springframework.boot.test.autoconfigure.filter.TypeExcludeFiltersContextCustomizer@351584c0, org.springframework.boot.test.autoconfigure.properties.PropertyMappingContextCustomizer@9c19a3b8, org.springframework.boot.test.autoconfigure.web.servlet.WebDriverContextCustomizerFactory$Customizer@7f9fcf7f], contextLoader = 'org.springframework.boot.test.context.SpringBootContextLoader', parent = [null]]]
10:38:46,864 DEBUG org.springframework.test.context.cache:290 - Spring test ApplicationContext cache statistics: [DefaultContextCache@1431267b size = 4, maxSize = 32, parentContextCount = 0, hitCount = 34, missCount = 4]
10:38:46,864 DEBUG org.springframework.test.context.cache:290 - Spring test ApplicationContext cache statistics: [DefaultContextCache@1431267b size = 4, maxSize = 32, parentContextCount = 0, hitCount = 34, missCount = 4]
10:38:46,866 DEBUG org.springframework.beans.factory.support.DefaultListableBeanFactory:254 - Returning cached instance of singleton bean 'org.springframework.boot.test.mock.mockito.MockitoBeans'
10:38:46,866 DEBUG org.springframework.beans.factory.support.DefaultListableBeanFactory:254 - Returning cached instance of singleton bean 'org.springframework.boot.test.mock.mockito.MockitoBeans'
10:38:46,868 TRACE org.springframework.test.context.TestContextManager:512 - beforeTestExecution(): instance [pro.abacus.javatutor.repository.AuthorityRepositoryTest@a84338a], method [public void pro.abacus.javatutor.repository.AuthorityRepositoryTest.shouldLookUpAuthorities()]
10:38:46,868 TRACE org.springframework.test.context.TestContextManager:512 - beforeTestExecution(): instance [pro.abacus.javatutor.repository.AuthorityRepositoryTest@a84338a], method [public void pro.abacus.javatutor.repository.AuthorityRepositoryTest.shouldLookUpAuthorities()]
10:38:46,870 TRACE org.springframework.context.annotation.AnnotationConfigApplicationContext:380 - Publishing event in org.springframework.context.annotation.AnnotationConfigApplicationContext@531ec2ca: org.springframework.data.mongodb.core.mapping.event.BeforeConvertEvent[source=Authority [authorityName=USER]]
10:38:46,870 TRACE org.springframework.context.annotation.AnnotationConfigApplicationContext:380 - Publishing event in org.springframework.context.annotation.AnnotationConfigApplicationContext@531ec2ca: org.springframework.data.mongodb.core.mapping.event.BeforeConvertEvent[source=Authority [authorityName=USER]]
10:38:46,962 TRACE org.springframework.context.annotation.AnnotationConfigApplicationContext:380 - Publishing event in org.springframework.context.annotation.AnnotationConfigApplicationContext@531ec2ca: org.springframework.data.mongodb.core.mapping.event.BeforeSaveEvent[source=Authority [authorityName=USER]]
10:38:46,962 TRACE org.springframework.context.annotation.AnnotationConfigApplicationContext:380 - Publishing event in org.springframework.context.annotation.AnnotationConfigApplicationContext@531ec2ca: org.springframework.data.mongodb.core.mapping.event.BeforeSaveEvent[source=Authority [authorityName=USER]]
10:38:46,963 DEBUG org.springframework.data.mongodb.core.MongoTemplate:1318 - Saving Document containing fields: [_id, _class]
10:38:46,963 DEBUG org.springframework.data.mongodb.core.MongoTemplate:1318 - Saving Document containing fields: [_id, _class]
10:39:17,060 TRACE org.springframework.test.context.TestContextManager:521 - afterTestExecution(): instance [pro.abacus.javatutor.repository.AuthorityRepositoryTest@a84338a], method [public void pro.abacus.javatutor.repository.AuthorityRepositoryTest.shouldLookUpAuthorities()], exception [org.springframework.dao.DataAccessResourceFailureException: Timed out after 30000 ms while waiting to connect. Client view of cluster state is {type=UNKNOWN, servers=[{address=localhost:27017, type=UNKNOWN, state=CONNECTING, exception={com.mongodb.MongoSocketOpenException: Exception opening socket}, caused by {java.net.ConnectException: Connection refused: connect}}]; nested exception is com.mongodb.MongoTimeoutException: Timed out after 30000 ms while waiting to connect. Client view of cluster state is {type=UNKNOWN, servers=[{address=localhost:27017, type=UNKNOWN, state=CONNECTING, exception={com.mongodb.MongoSocketOpenException: Exception opening socket}, caused by {java.net.ConnectException: Connection refused: connect}}]]
10:39:17,060 TRACE org.springframework.test.context.TestContextManager:521 - afterTestExecution(): instance [pro.abacus.javatutor.repository.AuthorityRepositoryTest@a84338a], method [public void pro.abacus.javatutor.repository.AuthorityRepositoryTest.shouldLookUpAuthorities()], exception [org.springframework.dao.DataAccessResourceFailureException: Timed out after 30000 ms while waiting to connect. Client view of cluster state is {type=UNKNOWN, servers=[{address=localhost:27017, type=UNKNOWN, state=CONNECTING, exception={com.mongodb.MongoSocketOpenException: Exception opening socket}, caused by {java.net.ConnectException: Connection refused: connect}}]; nested exception is com.mongodb.MongoTimeoutException: Timed out after 30000 ms while waiting to connect. Client view of cluster state is {type=UNKNOWN, servers=[{address=localhost:27017, type=UNKNOWN, state=CONNECTING, exception={com.mongodb.MongoSocketOpenException: Exception opening socket}, caused by {java.net.ConnectException: Connection refused: connect}}]]
10:39:17,061 TRACE org.springframework.test.context.TestContextManager:521 - afterTestMethod(): instance [pro.abacus.javatutor.repository.AuthorityRepositoryTest@a84338a], method [public void pro.abacus.javatutor.repository.AuthorityRepositoryTest.shouldLookUpAuthorities()], exception [org.springframework.dao.DataAccessResourceFailureException: Timed out after 30000 ms while waiting to connect. Client view of cluster state is {type=UNKNOWN, servers=[{address=localhost:27017, type=UNKNOWN, state=CONNECTING, exception={com.mongodb.MongoSocketOpenException: Exception opening socket}, caused by {java.net.ConnectException: Connection refused: connect}}]; nested exception is com.mongodb.MongoTimeoutException: Timed out after 30000 ms while waiting to connect. Client view of cluster state is {type=UNKNOWN, servers=[{address=localhost:27017, type=UNKNOWN, state=CONNECTING, exception={com.mongodb.MongoSocketOpenException: Exception opening socket}, caused by {java.net.ConnectException: Connection refused: connect}}]]
10:39:17,061 TRACE org.springframework.test.context.TestContextManager:521 - afterTestMethod(): instance [pro.abacus.javatutor.repository.AuthorityRepositoryTest@a84338a], method [public void pro.abacus.javatutor.repository.AuthorityRepositoryTest.shouldLookUpAuthorities()], exception [org.springframework.dao.DataAccessResourceFailureException: Timed out after 30000 ms while waiting to connect. Client view of cluster state is {type=UNKNOWN, servers=[{address=localhost:27017, type=UNKNOWN, state=CONNECTING, exception={com.mongodb.MongoSocketOpenException: Exception opening socket}, caused by {java.net.ConnectException: Connection refused: connect}}]; nested exception is com.mongodb.MongoTimeoutException: Timed out after 30000 ms while waiting to connect. Client view of cluster state is {type=UNKNOWN, servers=[{address=localhost:27017, type=UNKNOWN, state=CONNECTING, exception={com.mongodb.MongoSocketOpenException: Exception opening socket}, caused by {java.net.ConnectException: Connection refused: connect}}]]
10:39:17,063 DEBUG org.springframework.test.context.cache.DefaultCacheAwareContextLoaderDelegate:130 - Retrieved ApplicationContext from cache with key [[MergedContextConfiguration@70f85235 testClass = AuthorityRepositoryTest, locations = '{}', classes = '{class pro.abacus.javatutor.JavaTutorApplication}', contextInitializerClasses = '[]', activeProfiles = '{}', propertySourceLocations = '{}', propertySourceProperties = '{org.springframework.boot.test.context.SpringBootTestContextBootstrapper=true}', contextCustomizers = set[[ImportsContextCustomizer@3d6778d5 key = [org.springframework.boot.autoconfigure.cache.CacheAutoConfiguration, org.springframework.boot.autoconfigure.data.mongo.MongoDataAutoConfiguration, org.springframework.boot.autoconfigure.data.mongo.MongoReactiveDataAutoConfiguration, org.springframework.boot.autoconfigure.data.mongo.MongoReactiveRepositoriesAutoConfiguration, org.springframework.boot.autoconfigure.data.mongo.MongoRepositoriesAutoConfiguration, org.springframework.boot.autoconfigure.mongo.MongoAutoConfiguration, org.springframework.boot.autoconfigure.mongo.MongoReactiveAutoConfiguration, org.springframework.boot.autoconfigure.mongo.embedded.EmbeddedMongoAutoConfiguration]], org.springframework.boot.test.context.filter.ExcludeFilterContextCustomizer@290dbf45, org.springframework.boot.test.json.DuplicateJsonObjectContextCustomizerFactory$DuplicateJsonObjectContextCustomizer@69a10787, org.springframework.boot.test.mock.mockito.MockitoContextCustomizer@0, org.springframework.boot.test.autoconfigure.OverrideAutoConfigurationContextCustomizerFactory$DisableAutoConfigurationContextCustomizer@1c72da34, org.springframework.boot.test.autoconfigure.filter.TypeExcludeFiltersContextCustomizer@351584c0, org.springframework.boot.test.autoconfigure.properties.PropertyMappingContextCustomizer@9c19a3b8, org.springframework.boot.test.autoconfigure.web.servlet.WebDriverContextCustomizerFactory$Customizer@7f9fcf7f], contextLoader = 'org.springframework.boot.test.context.SpringBootContextLoader', parent = [null]]]
10:39:17,063 DEBUG org.springframework.test.context.cache.DefaultCacheAwareContextLoaderDelegate:130 - Retrieved ApplicationContext from cache with key [[MergedContextConfiguration@70f85235 testClass = AuthorityRepositoryTest, locations = '{}', classes = '{class pro.abacus.javatutor.JavaTutorApplication}', contextInitializerClasses = '[]', activeProfiles = '{}', propertySourceLocations = '{}', propertySourceProperties = '{org.springframework.boot.test.context.SpringBootTestContextBootstrapper=true}', contextCustomizers = set[[ImportsContextCustomizer@3d6778d5 key = [org.springframework.boot.autoconfigure.cache.CacheAutoConfiguration, org.springframework.boot.autoconfigure.data.mongo.MongoDataAutoConfiguration, org.springframework.boot.autoconfigure.data.mongo.MongoReactiveDataAutoConfiguration, org.springframework.boot.autoconfigure.data.mongo.MongoReactiveRepositoriesAutoConfiguration, org.springframework.boot.autoconfigure.data.mongo.MongoRepositoriesAutoConfiguration, org.springframework.boot.autoconfigure.mongo.MongoAutoConfiguration, org.springframework.boot.autoconfigure.mongo.MongoReactiveAutoConfiguration, org.springframework.boot.autoconfigure.mongo.embedded.EmbeddedMongoAutoConfiguration]], org.springframework.boot.test.context.filter.ExcludeFilterContextCustomizer@290dbf45, org.springframework.boot.test.json.DuplicateJsonObjectContextCustomizerFactory$DuplicateJsonObjectContextCustomizer@69a10787, org.springframework.boot.test.mock.mockito.MockitoContextCustomizer@0, org.springframework.boot.test.autoconfigure.OverrideAutoConfigurationContextCustomizerFactory$DisableAutoConfigurationContextCustomizer@1c72da34, org.springframework.boot.test.autoconfigure.filter.TypeExcludeFiltersContextCustomizer@351584c0, org.springframework.boot.test.autoconfigure.properties.PropertyMappingContextCustomizer@9c19a3b8, org.springframework.boot.test.autoconfigure.web.servlet.WebDriverContextCustomizerFactory$Customizer@7f9fcf7f], contextLoader = 'org.springframework.boot.test.context.SpringBootContextLoader', parent = [null]]]
10:39:17,064 DEBUG org.springframework.test.context.cache:290 - Spring test ApplicationContext cache statistics: [DefaultContextCache@1431267b size = 4, maxSize = 32, parentContextCount = 0, hitCount = 35, missCount = 4]
10:39:17,064 DEBUG org.springframework.test.context.cache:290 - Spring test ApplicationContext cache statistics: [DefaultContextCache@1431267b size = 4, maxSize = 32, parentContextCount = 0, hitCount = 35, missCount = 4]
10:39:17,066 DEBUG org.springframework.test.context.cache.DefaultCacheAwareContextLoaderDelegate:130 - Retrieved ApplicationContext from cache with key [[MergedContextConfiguration@70f85235 testClass = AuthorityRepositoryTest, locations = '{}', classes = '{class pro.abacus.javatutor.JavaTutorApplication}', contextInitializerClasses = '[]', activeProfiles = '{}', propertySourceLocations = '{}', propertySourceProperties = '{org.springframework.boot.test.context.SpringBootTestContextBootstrapper=true}', contextCustomizers = set[[ImportsContextCustomizer@3d6778d5 key = [org.springframework.boot.autoconfigure.cache.CacheAutoConfiguration, org.springframework.boot.autoconfigure.data.mongo.MongoDataAutoConfiguration, org.springframework.boot.autoconfigure.data.mongo.MongoReactiveDataAutoConfiguration, org.springframework.boot.autoconfigure.data.mongo.MongoReactiveRepositoriesAutoConfiguration, org.springframework.boot.autoconfigure.data.mongo.MongoRepositoriesAutoConfiguration, org.springframework.boot.autoconfigure.mongo.MongoAutoConfiguration, org.springframework.boot.autoconfigure.mongo.MongoReactiveAutoConfiguration, org.springframework.boot.autoconfigure.mongo.embedded.EmbeddedMongoAutoConfiguration]], org.springframework.boot.test.context.filter.ExcludeFilterContextCustomizer@290dbf45, org.springframework.boot.test.json.DuplicateJsonObjectContextCustomizerFactory$DuplicateJsonObjectContextCustomizer@69a10787, org.springframework.boot.test.mock.mockito.MockitoContextCustomizer@0, org.springframework.boot.test.autoconfigure.OverrideAutoConfigurationContextCustomizerFactory$DisableAutoConfigurationContextCustomizer@1c72da34, org.springframework.boot.test.autoconfigure.filter.TypeExcludeFiltersContextCustomizer@351584c0, org.springframework.boot.test.autoconfigure.properties.PropertyMappingContextCustomizer@9c19a3b8, org.springframework.boot.test.autoconfigure.web.servlet.WebDriverContextCustomizerFactory$Customizer@7f9fcf7f], contextLoader = 'org.springframework.boot.test.context.SpringBootContextLoader', parent = [null]]]
10:39:17,066 DEBUG org.springframework.test.context.cache.DefaultCacheAwareContextLoaderDelegate:130 - Retrieved ApplicationContext from cache with key [[MergedContextConfiguration@70f85235 testClass = AuthorityRepositoryTest, locations = '{}', classes = '{class pro.abacus.javatutor.JavaTutorApplication}', contextInitializerClasses = '[]', activeProfiles = '{}', propertySourceLocations = '{}', propertySourceProperties = '{org.springframework.boot.test.context.SpringBootTestContextBootstrapper=true}', contextCustomizers = set[[ImportsContextCustomizer@3d6778d5 key = [org.springframework.boot.autoconfigure.cache.CacheAutoConfiguration, org.springframework.boot.autoconfigure.data.mongo.MongoDataAutoConfiguration, org.springframework.boot.autoconfigure.data.mongo.MongoReactiveDataAutoConfiguration, org.springframework.boot.autoconfigure.data.mongo.MongoReactiveRepositoriesAutoConfiguration, org.springframework.boot.autoconfigure.data.mongo.MongoRepositoriesAutoConfiguration, org.springframework.boot.autoconfigure.mongo.MongoAutoConfiguration, org.springframework.boot.autoconfigure.mongo.MongoReactiveAutoConfiguration, org.springframework.boot.autoconfigure.mongo.embedded.EmbeddedMongoAutoConfiguration]], org.springframework.boot.test.context.filter.ExcludeFilterContextCustomizer@290dbf45, org.springframework.boot.test.json.DuplicateJsonObjectContextCustomizerFactory$DuplicateJsonObjectContextCustomizer@69a10787, org.springframework.boot.test.mock.mockito.MockitoContextCustomizer@0, org.springframework.boot.test.autoconfigure.OverrideAutoConfigurationContextCustomizerFactory$DisableAutoConfigurationContextCustomizer@1c72da34, org.springframework.boot.test.autoconfigure.filter.TypeExcludeFiltersContextCustomizer@351584c0, org.springframework.boot.test.autoconfigure.properties.PropertyMappingContextCustomizer@9c19a3b8, org.springframework.boot.test.autoconfigure.web.servlet.WebDriverContextCustomizerFactory$Customizer@7f9fcf7f], contextLoader = 'org.springframework.boot.test.context.SpringBootContextLoader', parent = [null]]]
10:39:17,067 DEBUG org.springframework.test.context.cache:290 - Spring test ApplicationContext cache statistics: [DefaultContextCache@1431267b size = 4, maxSize = 32, parentContextCount = 0, hitCount = 36, missCount = 4]
10:39:17,067 DEBUG org.springframework.test.context.cache:290 - Spring test ApplicationContext cache statistics: [DefaultContextCache@1431267b size = 4, maxSize = 32, parentContextCount = 0, hitCount = 36, missCount = 4]
10:39:17,068 TRACE org.springframework.beans.factory.support.DefaultListableBeanFactory:684 - No bean named 'org.springframework.boot.test.autoconfigure.web.servlet.SpringBootMockMvcBuilderCustomizer$DeferredLinesWriter' found in org.springframework.beans.factory.support.DefaultListableBeanFactory@156324b: defining beans [org.springframework.context.annotation.internalConfigurationAnnotationProcessor,org.springframework.context.annotation.internalAutowiredAnnotationProcessor,org.springframework.context.annotation.internalRequiredAnnotationProcessor,org.springframework.context.annotation.internalCommonAnnotationProcessor,org.springframework.context.event.internalEventListenerProcessor,org.springframework.context.event.internalEventListenerFactory,org.springframework.boot.test.context.ImportsContextCustomizer$ImportsCleanupPostProcessor,org.springframework.boot.test.mock.mockito.MockitoPostProcessor$SpyPostProcessor,org.springframework.boot.test.mock.mockito.MockitoPostProcessor,javaTutorApplication,org.springframework.boot.autoconfigure.internalCachingMetadataReaderFactory,org.springframework.boot.autoconfigure.AutoConfigurationPackages,org.springframework.boot.autoconfigure.condition.BeanTypeRegistry,org.springframework.boot.autoconfigure.mongo.MongoAutoConfiguration,mongo,spring.data.mongodb-org.springframework.boot.autoconfigure.mongo.MongoProperties,org.springframework.boot.context.properties.ConfigurationPropertiesBindingPostProcessor,org.springframework.boot.context.properties.ConfigurationBeanFactoryMetadata,org.springframework.boot.autoconfigure.data.mongo.MongoDataAutoConfiguration,mongoDbFactory,mongoTemplate,mappingMongoConverter,mongoMappingContext,gridFsTemplate,mongoCustomConversions,org.springframework.boot.autoconfigure.data.mongo.MongoRepositoriesAutoConfiguration,userRepository,authorityRepository,javaQuestionRepository]; root of factory hierarchy
10:39:17,068 TRACE org.springframework.beans.factory.support.DefaultListableBeanFactory:684 - No bean named 'org.springframework.boot.test.autoconfigure.web.servlet.SpringBootMockMvcBuilderCustomizer$DeferredLinesWriter' found in org.springframework.beans.factory.support.DefaultListableBeanFactory@156324b: defining beans [org.springframework.context.annotation.internalConfigurationAnnotationProcessor,org.springframework.context.annotation.internalAutowiredAnnotationProcessor,org.springframework.context.annotation.internalRequiredAnnotationProcessor,org.springframework.context.annotation.internalCommonAnnotationProcessor,org.springframework.context.event.internalEventListenerProcessor,org.springframework.context.event.internalEventListenerFactory,org.springframework.boot.test.context.ImportsContextCustomizer$ImportsCleanupPostProcessor,org.springframework.boot.test.mock.mockito.MockitoPostProcessor$SpyPostProcessor,org.springframework.boot.test.mock.mockito.MockitoPostProcessor,javaTutorApplication,org.springframework.boot.autoconfigure.internalCachingMetadataReaderFactory,org.springframework.boot.autoconfigure.AutoConfigurationPackages,org.springframework.boot.autoconfigure.condition.BeanTypeRegistry,org.springframework.boot.autoconfigure.mongo.MongoAutoConfiguration,mongo,spring.data.mongodb-org.springframework.boot.autoconfigure.mongo.MongoProperties,org.springframework.boot.context.properties.ConfigurationPropertiesBindingPostProcessor,org.springframework.boot.context.properties.ConfigurationBeanFactoryMetadata,org.springframework.boot.autoconfigure.data.mongo.MongoDataAutoConfiguration,mongoDbFactory,mongoTemplate,mappingMongoConverter,mongoMappingContext,gridFsTemplate,mongoCustomConversions,org.springframework.boot.autoconfigure.data.mongo.MongoRepositoriesAutoConfiguration,userRepository,authorityRepository,javaQuestionRepository]; root of factory hierarchy
10:39:17,071 DEBUG org.springframework.test.context.cache.DefaultCacheAwareContextLoaderDelegate:130 - Retrieved ApplicationContext from cache with key [[MergedContextConfiguration@70f85235 testClass = AuthorityRepositoryTest, locations = '{}', classes = '{class pro.abacus.javatutor.JavaTutorApplication}', contextInitializerClasses = '[]', activeProfiles = '{}', propertySourceLocations = '{}', propertySourceProperties = '{org.springframework.boot.test.context.SpringBootTestContextBootstrapper=true}', contextCustomizers = set[[ImportsContextCustomizer@3d6778d5 key = [org.springframework.boot.autoconfigure.cache.CacheAutoConfiguration, org.springframework.boot.autoconfigure.data.mongo.MongoDataAutoConfiguration, org.springframework.boot.autoconfigure.data.mongo.MongoReactiveDataAutoConfiguration, org.springframework.boot.autoconfigure.data.mongo.MongoReactiveRepositoriesAutoConfiguration, org.springframework.boot.autoconfigure.data.mongo.MongoRepositoriesAutoConfiguration, org.springframework.boot.autoconfigure.mongo.MongoAutoConfiguration, org.springframework.boot.autoconfigure.mongo.MongoReactiveAutoConfiguration, org.springframework.boot.autoconfigure.mongo.embedded.EmbeddedMongoAutoConfiguration]], org.springframework.boot.test.context.filter.ExcludeFilterContextCustomizer@290dbf45, org.springframework.boot.test.json.DuplicateJsonObjectContextCustomizerFactory$DuplicateJsonObjectContextCustomizer@69a10787, org.springframework.boot.test.mock.mockito.MockitoContextCustomizer@0, org.springframework.boot.test.autoconfigure.OverrideAutoConfigurationContextCustomizerFactory$DisableAutoConfigurationContextCustomizer@1c72da34, org.springframework.boot.test.autoconfigure.filter.TypeExcludeFiltersContextCustomizer@351584c0, org.springframework.boot.test.autoconfigure.properties.PropertyMappingContextCustomizer@9c19a3b8, org.springframework.boot.test.autoconfigure.web.servlet.WebDriverContextCustomizerFactory$Customizer@7f9fcf7f], contextLoader = 'org.springframework.boot.test.context.SpringBootContextLoader', parent = [null]]]
10:39:17,071 DEBUG org.springframework.test.context.cache.DefaultCacheAwareContextLoaderDelegate:130 - Retrieved ApplicationContext from cache with key [[MergedContextConfiguration@70f85235 testClass = AuthorityRepositoryTest, locations = '{}', classes = '{class pro.abacus.javatutor.JavaTutorApplication}', contextInitializerClasses = '[]', activeProfiles = '{}', propertySourceLocations = '{}', propertySourceProperties = '{org.springframework.boot.test.context.SpringBootTestContextBootstrapper=true}', contextCustomizers = set[[ImportsContextCustomizer@3d6778d5 key = [org.springframework.boot.autoconfigure.cache.CacheAutoConfiguration, org.springframework.boot.autoconfigure.data.mongo.MongoDataAutoConfiguration, org.springframework.boot.autoconfigure.data.mongo.MongoReactiveDataAutoConfiguration, org.springframework.boot.autoconfigure.data.mongo.MongoReactiveRepositoriesAutoConfiguration, org.springframework.boot.autoconfigure.data.mongo.MongoRepositoriesAutoConfiguration, org.springframework.boot.autoconfigure.mongo.MongoAutoConfiguration, org.springframework.boot.autoconfigure.mongo.MongoReactiveAutoConfiguration, org.springframework.boot.autoconfigure.mongo.embedded.EmbeddedMongoAutoConfiguration]], org.springframework.boot.test.context.filter.ExcludeFilterContextCustomizer@290dbf45, org.springframework.boot.test.json.DuplicateJsonObjectContextCustomizerFactory$DuplicateJsonObjectContextCustomizer@69a10787, org.springframework.boot.test.mock.mockito.MockitoContextCustomizer@0, org.springframework.boot.test.autoconfigure.OverrideAutoConfigurationContextCustomizerFactory$DisableAutoConfigurationContextCustomizer@1c72da34, org.springframework.boot.test.autoconfigure.filter.TypeExcludeFiltersContextCustomizer@351584c0, org.springframework.boot.test.autoconfigure.properties.PropertyMappingContextCustomizer@9c19a3b8, org.springframework.boot.test.autoconfigure.web.servlet.WebDriverContextCustomizerFactory$Customizer@7f9fcf7f], contextLoader = 'org.springframework.boot.test.context.SpringBootContextLoader', parent = [null]]]
10:39:17,072 DEBUG org.springframework.test.context.cache:290 - Spring test ApplicationContext cache statistics: [DefaultContextCache@1431267b size = 4, maxSize = 32, parentContextCount = 0, hitCount = 37, missCount = 4]
10:39:17,072 DEBUG org.springframework.test.context.cache:290 - Spring test ApplicationContext cache statistics: [DefaultContextCache@1431267b size = 4, maxSize = 32, parentContextCount = 0, hitCount = 37, missCount = 4]
10:39:17,077 DEBUG org.springframework.test.context.cache.DefaultCacheAwareContextLoaderDelegate:130 - Retrieved ApplicationContext from cache with key [[MergedContextConfiguration@70f85235 testClass = AuthorityRepositoryTest, locations = '{}', classes = '{class pro.abacus.javatutor.JavaTutorApplication}', contextInitializerClasses = '[]', activeProfiles = '{}', propertySourceLocations = '{}', propertySourceProperties = '{org.springframework.boot.test.context.SpringBootTestContextBootstrapper=true}', contextCustomizers = set[[ImportsContextCustomizer@3d6778d5 key = [org.springframework.boot.autoconfigure.cache.CacheAutoConfiguration, org.springframework.boot.autoconfigure.data.mongo.MongoDataAutoConfiguration, org.springframework.boot.autoconfigure.data.mongo.MongoReactiveDataAutoConfiguration, org.springframework.boot.autoconfigure.data.mongo.MongoReactiveRepositoriesAutoConfiguration, org.springframework.boot.autoconfigure.data.mongo.MongoRepositoriesAutoConfiguration, org.springframework.boot.autoconfigure.mongo.MongoAutoConfiguration, org.springframework.boot.autoconfigure.mongo.MongoReactiveAutoConfiguration, org.springframework.boot.autoconfigure.mongo.embedded.EmbeddedMongoAutoConfiguration]], org.springframework.boot.test.context.filter.ExcludeFilterContextCustomizer@290dbf45, org.springframework.boot.test.json.DuplicateJsonObjectContextCustomizerFactory$DuplicateJsonObjectContextCustomizer@69a10787, org.springframework.boot.test.mock.mockito.MockitoContextCustomizer@0, org.springframework.boot.test.autoconfigure.OverrideAutoConfigurationContextCustomizerFactory$DisableAutoConfigurationContextCustomizer@1c72da34, org.springframework.boot.test.autoconfigure.filter.TypeExcludeFiltersContextCustomizer@351584c0, org.springframework.boot.test.autoconfigure.properties.PropertyMappingContextCustomizer@9c19a3b8, org.springframework.boot.test.autoconfigure.web.servlet.WebDriverContextCustomizerFactory$Customizer@7f9fcf7f], contextLoader = 'org.springframework.boot.test.context.SpringBootContextLoader', parent = [null]]]
10:39:17,077 DEBUG org.springframework.test.context.cache.DefaultCacheAwareContextLoaderDelegate:130 - Retrieved ApplicationContext from cache with key [[MergedContextConfiguration@70f85235 testClass = AuthorityRepositoryTest, locations = '{}', classes = '{class pro.abacus.javatutor.JavaTutorApplication}', contextInitializerClasses = '[]', activeProfiles = '{}', propertySourceLocations = '{}', propertySourceProperties = '{org.springframework.boot.test.context.SpringBootTestContextBootstrapper=true}', contextCustomizers = set[[ImportsContextCustomizer@3d6778d5 key = [org.springframework.boot.autoconfigure.cache.CacheAutoConfiguration, org.springframework.boot.autoconfigure.data.mongo.MongoDataAutoConfiguration, org.springframework.boot.autoconfigure.data.mongo.MongoReactiveDataAutoConfiguration, org.springframework.boot.autoconfigure.data.mongo.MongoReactiveRepositoriesAutoConfiguration, org.springframework.boot.autoconfigure.data.mongo.MongoRepositoriesAutoConfiguration, org.springframework.boot.autoconfigure.mongo.MongoAutoConfiguration, org.springframework.boot.autoconfigure.mongo.MongoReactiveAutoConfiguration, org.springframework.boot.autoconfigure.mongo.embedded.EmbeddedMongoAutoConfiguration]], org.springframework.boot.test.context.filter.ExcludeFilterContextCustomizer@290dbf45, org.springframework.boot.test.json.DuplicateJsonObjectContextCustomizerFactory$DuplicateJsonObjectContextCustomizer@69a10787, org.springframework.boot.test.mock.mockito.MockitoContextCustomizer@0, org.springframework.boot.test.autoconfigure.OverrideAutoConfigurationContextCustomizerFactory$DisableAutoConfigurationContextCustomizer@1c72da34, org.springframework.boot.test.autoconfigure.filter.TypeExcludeFiltersContextCustomizer@351584c0, org.springframework.boot.test.autoconfigure.properties.PropertyMappingContextCustomizer@9c19a3b8, org.springframework.boot.test.autoconfigure.web.servlet.WebDriverContextCustomizerFactory$Customizer@7f9fcf7f], contextLoader = 'org.springframework.boot.test.context.SpringBootContextLoader', parent = [null]]]
10:39:17,078 DEBUG org.springframework.test.context.cache:290 - Spring test ApplicationContext cache statistics: [DefaultContextCache@1431267b size = 4, maxSize = 32, parentContextCount = 0, hitCount = 38, missCount = 4]
10:39:17,078 DEBUG org.springframework.test.context.cache:290 - Spring test ApplicationContext cache statistics: [DefaultContextCache@1431267b size = 4, maxSize = 32, parentContextCount = 0, hitCount = 38, missCount = 4]
10:39:17,079 DEBUG org.springframework.beans.factory.support.DefaultListableBeanFactory:254 - Returning cached instance of singleton bean 'org.springframework.boot.test.mock.mockito.MockitoBeans'
10:39:17,079 DEBUG org.springframework.beans.factory.support.DefaultListableBeanFactory:254 - Returning cached instance of singleton bean 'org.springframework.boot.test.mock.mockito.MockitoBeans'
10:39:17,081 DEBUG org.springframework.test.context.support.AbstractDirtiesContextTestExecutionListener:107 - After test method: context [DefaultTestContext@1bfa3893 testClass = AuthorityRepositoryTest, testInstance = pro.abacus.javatutor.repository.AuthorityRepositoryTest@a84338a, testMethod = shouldLookUpAuthorities@AuthorityRepositoryTest, testException = org.springframework.dao.DataAccessResourceFailureException: Timed out after 30000 ms while waiting to connect. Client view of cluster state is {type=UNKNOWN, servers=[{address=localhost:27017, type=UNKNOWN, state=CONNECTING, exception={com.mongodb.MongoSocketOpenException: Exception opening socket}, caused by {java.net.ConnectException: Connection refused: connect}}]; nested exception is com.mongodb.MongoTimeoutException: Timed out after 30000 ms while waiting to connect. Client view of cluster state is {type=UNKNOWN, servers=[{address=localhost:27017, type=UNKNOWN, state=CONNECTING, exception={com.mongodb.MongoSocketOpenException: Exception opening socket}, caused by {java.net.ConnectException: Connection refused: connect}}], mergedContextConfiguration = [MergedContextConfiguration@70f85235 testClass = AuthorityRepositoryTest, locations = '{}', classes = '{class pro.abacus.javatutor.JavaTutorApplication}', contextInitializerClasses = '[]', activeProfiles = '{}', propertySourceLocations = '{}', propertySourceProperties = '{org.springframework.boot.test.context.SpringBootTestContextBootstrapper=true}', contextCustomizers = set[[ImportsContextCustomizer@3d6778d5 key = [org.springframework.boot.autoconfigure.cache.CacheAutoConfiguration, org.springframework.boot.autoconfigure.data.mongo.MongoDataAutoConfiguration, org.springframework.boot.autoconfigure.data.mongo.MongoReactiveDataAutoConfiguration, org.springframework.boot.autoconfigure.data.mongo.MongoReactiveRepositoriesAutoConfiguration, org.springframework.boot.autoconfigure.data.mongo.MongoRepositoriesAutoConfiguration, org.springframework.boot.autoconfigure.mongo.MongoAutoConfiguration, org.springframework.boot.autoconfigure.mongo.MongoReactiveAutoConfiguration, org.springframework.boot.autoconfigure.mongo.embedded.EmbeddedMongoAutoConfiguration]], org.springframework.boot.test.context.filter.ExcludeFilterContextCustomizer@290dbf45, org.springframework.boot.test.json.DuplicateJsonObjectContextCustomizerFactory$DuplicateJsonObjectContextCustomizer@69a10787, org.springframework.boot.test.mock.mockito.MockitoContextCustomizer@0, org.springframework.boot.test.autoconfigure.OverrideAutoConfigurationContextCustomizerFactory$DisableAutoConfigurationContextCustomizer@1c72da34, org.springframework.boot.test.autoconfigure.filter.TypeExcludeFiltersContextCustomizer@351584c0, org.springframework.boot.test.autoconfigure.properties.PropertyMappingContextCustomizer@9c19a3b8, org.springframework.boot.test.autoconfigure.web.servlet.WebDriverContextCustomizerFactory$Customizer@7f9fcf7f], contextLoader = 'org.springframework.boot.test.context.SpringBootContextLoader', parent = [null]], attributes = map[[empty]]], class annotated with @DirtiesContext [false] with mode [null], method annotated with @DirtiesContext [false] with mode [null].
10:39:17,081 DEBUG org.springframework.test.context.support.AbstractDirtiesContextTestExecutionListener:107 - After test method: context [DefaultTestContext@1bfa3893 testClass = AuthorityRepositoryTest, testInstance = pro.abacus.javatutor.repository.AuthorityRepositoryTest@a84338a, testMethod = shouldLookUpAuthorities@AuthorityRepositoryTest, testException = org.springframework.dao.DataAccessResourceFailureException: Timed out after 30000 ms while waiting to connect. Client view of cluster state is {type=UNKNOWN, servers=[{address=localhost:27017, type=UNKNOWN, state=CONNECTING, exception={com.mongodb.MongoSocketOpenException: Exception opening socket}, caused by {java.net.ConnectException: Connection refused: connect}}]; nested exception is com.mongodb.MongoTimeoutException: Timed out after 30000 ms while waiting to connect. Client view of cluster state is {type=UNKNOWN, servers=[{address=localhost:27017, type=UNKNOWN, state=CONNECTING, exception={com.mongodb.MongoSocketOpenException: Exception opening socket}, caused by {java.net.ConnectException: Connection refused: connect}}], mergedContextConfiguration = [MergedContextConfiguration@70f85235 testClass = AuthorityRepositoryTest, locations = '{}', classes = '{class pro.abacus.javatutor.JavaTutorApplication}', contextInitializerClasses = '[]', activeProfiles = '{}', propertySourceLocations = '{}', propertySourceProperties = '{org.springframework.boot.test.context.SpringBootTestContextBootstrapper=true}', contextCustomizers = set[[ImportsContextCustomizer@3d6778d5 key = [org.springframework.boot.autoconfigure.cache.CacheAutoConfiguration, org.springframework.boot.autoconfigure.data.mongo.MongoDataAutoConfiguration, org.springframework.boot.autoconfigure.data.mongo.MongoReactiveDataAutoConfiguration, org.springframework.boot.autoconfigure.data.mongo.MongoReactiveRepositoriesAutoConfiguration, org.springframework.boot.autoconfigure.data.mongo.MongoRepositoriesAutoConfiguration, org.springframework.boot.autoconfigure.mongo.MongoAutoConfiguration, org.springframework.boot.autoconfigure.mongo.MongoReactiveAutoConfiguration, org.springframework.boot.autoconfigure.mongo.embedded.EmbeddedMongoAutoConfiguration]], org.springframework.boot.test.context.filter.ExcludeFilterContextCustomizer@290dbf45, org.springframework.boot.test.json.DuplicateJsonObjectContextCustomizerFactory$DuplicateJsonObjectContextCustomizer@69a10787, org.springframework.boot.test.mock.mockito.MockitoContextCustomizer@0, org.springframework.boot.test.autoconfigure.OverrideAutoConfigurationContextCustomizerFactory$DisableAutoConfigurationContextCustomizer@1c72da34, org.springframework.boot.test.autoconfigure.filter.TypeExcludeFiltersContextCustomizer@351584c0, org.springframework.boot.test.autoconfigure.properties.PropertyMappingContextCustomizer@9c19a3b8, org.springframework.boot.test.autoconfigure.web.servlet.WebDriverContextCustomizerFactory$Customizer@7f9fcf7f], contextLoader = 'org.springframework.boot.test.context.SpringBootContextLoader', parent = [null]], attributes = map[[empty]]], class annotated with @DirtiesContext [false] with mode [null], method annotated with @DirtiesContext [false] with mode [null].
]]></system-out>
  </testcase>
</testsuite>